------------------------------------------
Setting up environment variables
---
LD_LIBRARY_PATH is .:/software/Development/Languages/Matlab_Compiler_Runtime/96/runtime/glnxa64:/software/Development/Languages/Matlab_Compiler_Runtime/96/bin/glnxa64:/software/Development/Languages/Matlab_Compiler_Runtime/96/sys/os/glnxa64:/software/Development/Languages/Matlab_Compiler_Runtime/96/sys/opengl/lib/glnxa64
Running vessel measurements...
processing: 1466336_21015_0_0.png
  SKIPPING IMAGE: tot amount of vasculature (8596.002) < quality threshold 
processing: 1466313_21016_0_0.png
processing: 1466313_21015_0_0.png
processing: 1466296_21016_0_0.png
processing: 1466296_21015_0_0.png
processing: 1466122_21016_1_0.png
processing: 1466122_21015_1_0.png
processing: 1466086_21016_0_0.png
  SKIPPING IMAGE: tot amount of vasculature (10840.9519) < quality threshold 
processing: 1466086_21015_0_0.png
  SKIPPING IMAGE: tot amount of vasculature (4668.4654) < quality threshold 
processing: 1466030_21016_0_0.png
processing: 1466030_21015_0_0.png
processing: 1465991_21016_1_0.png
  SKIPPING IMAGE: tot amount of vasculature (7522.1889) < quality threshold 
processing: 1465991_21015_1_0.png
processing: 1465903_21016_0_0.png
processing: 1465903_21015_0_0.png
processing: 1465879_21016_0_0.png
processing: 1465879_21015_0_0.png
processing: 1465840_21016_0_0.png
processing: 1465840_21015_0_0.png
processing: 1465786_21016_0_0.png
  SKIPPING IMAGE: tot amount of vasculature (6628.1242) < quality threshold 
processing: 1465786_21015_0_0.png
  SKIPPING IMAGE: tot amount of vasculature (9387.2464) < quality threshold 
processing: 1465694_21016_1_0.png
  SKIPPING IMAGE: tot amount of vasculature (512.4199) < quality threshold 
processing: 1465694_21015_1_0.png
  SKIPPING IMAGE: tot amount of vasculature (10422.7302) < quality threshold 
processing: 1465666_21016_0_0.png
processing: 1465666_21015_0_0.png
  SKIPPING IMAGE: tot amount of vasculature (7898.1414) < quality threshold 
processing: 1465641_21016_0_0.png
  SKIPPING IMAGE: tot amount of vasculature (6873.1436) < quality threshold 
processing: 1465641_21015_0_0.png
  SKIPPING IMAGE: tot amount of vasculature (5231.2674) < quality threshold 
processing: 1465637_21016_1_0.png
processing: 1465637_21015_1_0.png
  SKIPPING IMAGE: tot amount of vasculature (9545.2636) < quality threshold 
processing: 1465615_21016_1_0.png
processing: 1465615_21015_1_0.png
processing: 1465361_21016_0_0.png
processing: 1465361_21015_0_0.png
processing: 1465295_21016_1_0.png
processing: 1465295_21015_1_0.png
processing: 1465128_21016_0_0.png
processing: 1465128_21015_0_0.png
processing: 1465062_21016_0_0.png
processing: 1465062_21015_0_0.png
processing: 1465050_21016_0_0.png
processing: 1465050_21015_0_0.png
processing: 1465043_21016_0_0.png
  SKIPPING IMAGE: tot amount of vasculature (4967.6849) < quality threshold 
processing: 1465043_21015_0_0.png
  SKIPPING IMAGE: tot amount of vasculature (10114.5751) < quality threshold 
processing: 1465021_21016_1_0.png
  SKIPPING IMAGE: tot amount of vasculature (7695.2321) < quality threshold 
processing: 1465021_21015_1_0.png
  SKIPPING IMAGE: tot amount of vasculature (8132.174) < quality threshold 
processing: 1464830_21016_1_0.png
processing: 1464830_21015_1_0.png
  SKIPPING IMAGE: tot amount of vasculature (9782.8045) < quality threshold 
processing: 1464614_21016_0_0.png
processing: 1464614_21015_0_0.png
processing: 1464561_21016_0_0.png
processing: 1464561_21015_0_0.png
processing: 1464554_21016_0_0.png
processing: 1464554_21015_0_0.png
processing: 1464522_21015_0_0.png
  SKIPPING IMAGE: tot amount of vasculature (8815.7555) < quality threshold 
processing: 1464500_21016_0_0.png
  SKIPPING IMAGE: tot amount of vasculature (1460.0446) < quality threshold 
processing: 1464500_21015_0_0.png
  SKIPPING IMAGE: tot amount of vasculature (6370.8312) < quality threshold 
processing: 1464401_21016_0_0.png
processing: 1464401_21015_0_0.png
processing: 1464266_21016_1_0.png
  SKIPPING IMAGE: tot amount of vasculature (10077.8555) < quality threshold 
processing: 1464266_21015_1_0.png
processing: 1464253_21016_0_0.png
processing: 1464253_21015_0_0.png
processing: 1464095_21016_0_0.png
processing: 1464095_21015_0_0.png
processing: 1463979_21016_0_0.png
  SKIPPING IMAGE: tot amount of vasculature (2200.2529) < quality threshold 
processing: 1463979_21015_0_0.png
  SKIPPING IMAGE: tot amount of vasculature (3868.037) < quality threshold 
processing: 1463957_21016_0_0.png
processing: 1463957_21015_0_0.png
  SKIPPING IMAGE: tot amount of vasculature (6934.8628) < quality threshold 
processing: 1463869_21016_0_0.png
processing: 1463869_21015_0_0.png
processing: 1463832_21016_0_0.png
  SKIPPING IMAGE: tot amount of vasculature (1174.4736) < quality threshold 
processing: 1463832_21015_0_0.png
  SKIPPING IMAGE: tot amount of vasculature (10585.4917) < quality threshold 
processing: 1463810_21016_0_0.png
processing: 1463810_21015_0_0.png
processing: 1463674_21016_0_0.png
processing: 1463674_21015_0_0.png
processing: 1463642_21016_0_0.png
  SKIPPING IMAGE: tot amount of vasculature (3211.9562) < quality threshold 
processing: 1463642_21015_0_0.png
processing: 1463607_21016_0_0.png
processing: 1463607_21015_0_0.png
processing: 1463568_21016_0_0.png
processing: 1463568_21015_0_0.png
processing: 1463559_21016_1_0.png
  SKIPPING IMAGE: tot amount of vasculature (6871.0272) < quality threshold 
processing: 1463559_21015_1_0.png
  SKIPPING IMAGE: tot amount of vasculature (9032.61) < quality threshold 
processing: 1463520_21016_1_0.png
  SKIPPING IMAGE: tot amount of vasculature (10667.188) < quality threshold 
processing: 1463520_21015_1_0.png
processing: 1463362_21016_0_0.png
  SKIPPING IMAGE: tot amount of vasculature (9338.1832) < quality threshold 
processing: 1463362_21015_0_0.png
processing: 1463343_21016_1_0.png
  SKIPPING IMAGE: tot amount of vasculature (9222.8123) < quality threshold 
processing: 1463343_21015_1_0.png
  SKIPPING IMAGE: tot amount of vasculature (3891.7113) < quality threshold 
processing: 1463299_21016_1_0.png
  SKIPPING IMAGE: tot amount of vasculature (10009.1371) < quality threshold 
processing: 1463299_21015_1_0.png
  SKIPPING IMAGE: tot amount of vasculature (3715.5476) < quality threshold 
processing: 1463186_21016_1_1.png
  SKIPPING IMAGE: tot amount of vasculature (1970.7469) < quality threshold 
processing: 1463186_21016_1_0.png
  SKIPPING IMAGE: tot amount of vasculature (2106.2661) < quality threshold 
processing: 1463186_21015_1_0.png
  SKIPPING IMAGE: tot amount of vasculature (6985.2593) < quality threshold 
processing: 1463149_21016_1_0.png
processing: 1463149_21015_1_0.png
processing: 1463112_21016_0_0.png
  SKIPPING IMAGE: tot amount of vasculature (1332.3732) < quality threshold 
processing: 1463112_21015_0_0.png
  SKIPPING IMAGE: tot amount of vasculature (98.0884) < quality threshold 
processing: 1463105_21016_1_0.png
  SKIPPING IMAGE: tot amount of vasculature (10425.9041) < quality threshold 
processing: 1463105_21015_1_0.png
processing: 1463093_21016_1_0.png
processing: 1463093_21015_1_0.png
processing: 1463022_21016_0_0.png
  SKIPPING IMAGE: tot amount of vasculature (6981.6569) < quality threshold 
processing: 1463022_21015_0_0.png
  SKIPPING IMAGE: tot amount of vasculature (5385.3669) < quality threshold 
processing: 1462999_21016_0_0.png
processing: 1462999_21015_0_0.png
processing: 1462948_21016_1_0.png
processing: 1462948_21015_1_0.png
processing: 1462924_21016_0_0.png
  SKIPPING IMAGE: tot amount of vasculature (5170.965) < quality threshold 
processing: 1462924_21015_0_0.png
  SKIPPING IMAGE: tot amount of vasculature (9369.7203) < quality threshold 
processing: 1462795_21016_0_0.png
processing: 1462795_21015_0_0.png
processing: 1462784_21016_0_0.png
processing: 1462784_21015_0_0.png
processing: 1462768_21016_0_0.png
processing: 1462768_21015_0_0.png
processing: 1462702_21016_0_0.png
processing: 1462702_21015_0_0.png
processing: 1462627_21016_0_0.png
processing: 1462627_21015_0_0.png
processing: 1462612_21016_0_0.png
processing: 1462612_21015_0_0.png
  SKIPPING IMAGE: tot amount of vasculature (7144.9409) < quality threshold 
processing: 1462528_21016_0_0.png
  SKIPPING IMAGE: tot amount of vasculature (8785.7533) < quality threshold 
processing: 1462528_21015_0_0.png
  SKIPPING IMAGE: tot amount of vasculature (9464.5286) < quality threshold 
processing: 1462511_21016_1_0.png
  SKIPPING IMAGE: tot amount of vasculature (6256.5129) < quality threshold 
processing: 1462511_21015_1_0.png
  SKIPPING IMAGE: tot amount of vasculature (842.5219) < quality threshold 
processing: 1462461_21016_0_0.png
processing: 1462461_21015_0_0.png
processing: 1462387_21016_0_0.png
  SKIPPING IMAGE: tot amount of vasculature (8387.081) < quality threshold 
processing: 1462387_21015_0_0.png
processing: 1462375_21016_0_0.png
  SKIPPING IMAGE: tot amount of vasculature (7070.3272) < quality threshold 
processing: 1462375_21015_0_0.png
  SKIPPING IMAGE: tot amount of vasculature (1595.4579) < quality threshold 
processing: 1462344_21016_0_0.png
  SKIPPING IMAGE: tot amount of vasculature (10016.5981) < quality threshold 
processing: 1462344_21015_0_0.png
  SKIPPING IMAGE: tot amount of vasculature (6275.8095) < quality threshold 
processing: 1462279_21016_0_0.png
processing: 1462279_21015_0_0.png
processing: 1462206_21016_1_0.png
processing: 1462206_21015_1_0.png
  SKIPPING IMAGE: tot amount of vasculature (10464.2235) < quality threshold 
processing: 1462142_21015_1_0.png
  SKIPPING IMAGE: tot amount of vasculature (8494.5914) < quality threshold 
processing: 1462107_21016_1_0.png
  SKIPPING IMAGE: tot amount of vasculature (1806.4238) < quality threshold 
processing: 1462107_21015_1_0.png
  SKIPPING IMAGE: tot amount of vasculature (10676.9292) < quality threshold 
processing: 1462082_21016_0_0.png
  SKIPPING IMAGE: tot amount of vasculature (2602.5769) < quality threshold 
processing: 1462082_21015_0_0.png
  SKIPPING IMAGE: tot amount of vasculature (2564.8232) < quality threshold 
processing: 1462066_21016_0_0.png
processing: 1462066_21015_0_0.png
processing: 1461995_21016_1_0.png
processing: 1461995_21015_1_0.png
processing: 1461959_21016_0_0.png
processing: 1461959_21015_0_0.png
processing: 1461916_21016_0_0.png
processing: 1461916_21015_0_0.png
  SKIPPING IMAGE: tot amount of vasculature (3279.5564) < quality threshold 
processing: 1461748_21016_0_0.png
processing: 1461748_21015_0_0.png
  SKIPPING IMAGE: tot amount of vasculature (2198.179) < quality threshold 
processing: 1461713_21016_1_0.png
processing: 1461713_21015_1_0.png
processing: 1461527_21016_1_0.png
  SKIPPING IMAGE: No vessels found
processing: 1461527_21015_1_0.png
  SKIPPING IMAGE: tot amount of vasculature (6364.5804) < quality threshold 
processing: 1461505_21016_0_0.png
processing: 1461505_21015_0_0.png
processing: 1461496_21016_0_0.png
processing: 1461496_21015_0_0.png
processing: 1461477_21016_0_0.png
processing: 1461477_21015_0_0.png
processing: 1461439_21016_0_0.png
processing: 1461439_21015_0_0.png
processing: 1461388_21016_0_0.png
  SKIPPING IMAGE: tot amount of vasculature (8129.3949) < quality threshold 
processing: 1461388_21015_0_0.png
  SKIPPING IMAGE: tot amount of vasculature (3677.7375) < quality threshold 
processing: 1461314_21016_0_0.png
  SKIPPING IMAGE: tot amount of vasculature (9363.1852) < quality threshold 
processing: 1461314_21015_0_0.png
processing: 1461182_21016_1_0.png
processing: 1461182_21015_1_0.png
processing: 1461141_21016_1_0.png
  SKIPPING IMAGE: tot amount of vasculature (5.623) < quality threshold 
processing: 1461141_21015_1_0.png
  SKIPPING IMAGE: tot amount of vasculature (5209.3476) < quality threshold 
processing: 1461019_21016_0_0.png
processing: 1461019_21015_0_0.png
  SKIPPING IMAGE: tot amount of vasculature (10843.5897) < quality threshold 
processing: 1460985_21016_0_0.png
processing: 1460985_21015_0_0.png
processing: 1460921_21016_0_0.png
  SKIPPING IMAGE: tot amount of vasculature (10900.4342) < quality threshold 
processing: 1460921_21015_0_0.png
processing: 1460904_21016_0_0.png
processing: 1460904_21015_0_0.png
processing: 1460899_21016_0_0.png
processing: 1460899_21015_0_0.png
processing: 1460781_21016_0_0.png
  SKIPPING IMAGE: tot amount of vasculature (8088.6666) < quality threshold 
processing: 1460781_21015_0_0.png
  SKIPPING IMAGE: tot amount of vasculature (4912.9792) < quality threshold 
processing: 1460763_21016_0_0.png
processing: 1460763_21015_0_0.png
  SKIPPING IMAGE: tot amount of vasculature (6685.0637) < quality threshold 
processing: 1460738_21016_0_0.png
  SKIPPING IMAGE: tot amount of vasculature (5633.8917) < quality threshold 
processing: 1460738_21015_0_0.png
processing: 1460646_21016_0_0.png
processing: 1460646_21015_0_0.png
processing: 1460565_21016_0_0.png
processing: 1460565_21015_0_0.png
processing: 1460498_21016_1_0.png
processing: 1460498_21015_1_0.png
  SKIPPING IMAGE: tot amount of vasculature (6362.296) < quality threshold 
processing: 1460451_21016_0_0.png
processing: 1460451_21015_0_0.png
processing: 1460430_21016_0_0.png
processing: 1460430_21015_0_0.png
processing: 1460353_21016_0_0.png
processing: 1460353_21015_0_0.png
processing: 1460276_21016_0_0.png
processing: 1460276_21015_0_0.png
processing: 1460260_21016_0_0.png
  SKIPPING IMAGE: No vessels found
processing: 1460260_21015_0_0.png
  SKIPPING IMAGE: tot amount of vasculature (1852.5006) < quality threshold 
processing: 1460228_21016_1_0.png
  SKIPPING IMAGE: tot amount of vasculature (8149.1983) < quality threshold 
processing: 1460228_21015_1_0.png
  SKIPPING IMAGE: tot amount of vasculature (8540.1677) < quality threshold 
processing: 1460184_21016_0_0.png
processing: 1460184_21015_0_0.png
processing: 1460168_21016_1_0.png
  SKIPPING IMAGE: tot amount of vasculature (9177.0259) < quality threshold 
processing: 1460168_21015_1_0.png
  SKIPPING IMAGE: tot amount of vasculature (10827.0678) < quality threshold 
processing: 1460133_21016_0_0.png
processing: 1460133_21015_0_0.png
processing: 1460120_21016_0_0.png
processing: 1460120_21015_0_0.png
processing: 1460102_21016_0_0.png
processing: 1460102_21015_0_0.png
processing: 1460087_21016_0_0.png
processing: 1460087_21015_0_0.png
processing: 1460026_21016_0_0.png
processing: 1460026_21015_0_0.png
processing: 1459995_21016_0_0.png
  SKIPPING IMAGE: tot amount of vasculature (9202.6211) < quality threshold 
processing: 1459995_21015_0_0.png
  SKIPPING IMAGE: tot amount of vasculature (9049.4238) < quality threshold 
processing: 1459933_21016_0_0.png
processing: 1459933_21015_0_0.png
processing: 1459893_21016_1_0.png
processing: 1459893_21015_1_0.png
processing: 1459861_21016_0_0.png
  SKIPPING IMAGE: tot amount of vasculature (10210.1876) < quality threshold 
processing: 1459861_21015_0_0.png
  SKIPPING IMAGE: tot amount of vasculature (9612.354) < quality threshold 
processing: 1459799_21016_0_0.png
processing: 1459799_21015_0_0.png
processing: 1459780_21016_1_0.png
processing: 1459780_21015_1_0.png
processing: 1459767_21016_0_0.png
  SKIPPING IMAGE: tot amount of vasculature (4976.4958) < quality threshold 
processing: 1459767_21015_0_0.png
  SKIPPING IMAGE: tot amount of vasculature (7206.2604) < quality threshold 
processing: 1459701_21016_0_0.png
processing: 1459701_21015_0_0.png
processing: 1459660_21016_0_0.png
processing: 1459660_21015_0_0.png
processing: 1459598_21016_0_0.png
processing: 1459598_21015_0_0.png
processing: 1459586_21016_1_0.png
processing: 1459586_21015_1_0.png
processing: 1459530_21016_0_0.png
  SKIPPING IMAGE: tot amount of vasculature (2386.7501) < quality threshold 
processing: 1459530_21015_0_0.png
  SKIPPING IMAGE: tot amount of vasculature (7223.204) < quality threshold 
processing: 1459439_21016_1_0.png
processing: 1459439_21015_1_0.png
  SKIPPING IMAGE: tot amount of vasculature (8217.73) < quality threshold 
processing: 1459287_21016_1_0.png
processing: 1459287_21015_1_0.png
processing: 1459063_21016_0_0.png
processing: 1459063_21015_0_0.png
  SKIPPING IMAGE: tot amount of vasculature (9021.6819) < quality threshold 
processing: 1458932_21016_1_1.png
  SKIPPING IMAGE: tot amount of vasculature (4497.9831) < quality threshold 
processing: 1458932_21016_1_0.png
  SKIPPING IMAGE: tot amount of vasculature (4179.7321) < quality threshold 
processing: 1458932_21015_1_1.png
  SKIPPING IMAGE: tot amount of vasculature (987.285) < quality threshold 
processing: 1458932_21015_1_0.png
  SKIPPING IMAGE: tot amount of vasculature (719.0464) < quality threshold 
processing: 1458857_21016_0_0.png
processing: 1458857_21015_0_0.png
processing: 1458831_21016_0_0.png
processing: 1458831_21015_0_0.png
processing: 1458712_21016_0_0.png
processing: 1458712_21015_0_0.png
processing: 1458599_21016_0_0.png
  SKIPPING IMAGE: tot amount of vasculature (7155.8325) < quality threshold 
processing: 1458599_21015_0_0.png
  SKIPPING IMAGE: tot amount of vasculature (2921.497) < quality threshold 
processing: 1458536_21016_1_0.png
  SKIPPING IMAGE: tot amount of vasculature (2562.5988) < quality threshold 
processing: 1458536_21015_1_0.png
  SKIPPING IMAGE: tot amount of vasculature (2397.8469) < quality threshold 
processing: 1458524_21016_1_0.png
  SKIPPING IMAGE: tot amount of vasculature (8193.2535) < quality threshold 
processing: 1458524_21015_1_0.png
  SKIPPING IMAGE: tot amount of vasculature (8209.756) < quality threshold 
processing: 1458438_21016_0_0.png
  SKIPPING IMAGE: tot amount of vasculature (1523.8689) < quality threshold 
processing: 1458438_21015_0_0.png
  SKIPPING IMAGE: tot amount of vasculature (6495.9061) < quality threshold 
processing: 1458322_21016_1_0.png
  SKIPPING IMAGE: tot amount of vasculature (5304.6672) < quality threshold 
processing: 1458322_21015_1_0.png
  SKIPPING IMAGE: tot amount of vasculature (3767.907) < quality threshold 
processing: 1458295_21016_0_0.png
processing: 1458295_21015_0_0.png
processing: 1458259_21016_1_0.png
  SKIPPING IMAGE: tot amount of vasculature (4368.7109) < quality threshold 
processing: 1458259_21015_1_0.png
processing: 1458216_21016_0_0.png
processing: 1458216_21015_0_0.png
processing: 1458085_21016_0_0.png
processing: 1458085_21015_0_0.png
  SKIPPING IMAGE: tot amount of vasculature (10169.716) < quality threshold 
processing: 1458004_21016_0_0.png
  SKIPPING IMAGE: tot amount of vasculature (8572.0725) < quality threshold 
processing: 1458004_21015_0_0.png
processing: 1457986_21016_0_0.png
  SKIPPING IMAGE: tot amount of vasculature (10643.4625) < quality threshold 
processing: 1457986_21015_0_0.png
  SKIPPING IMAGE: tot amount of vasculature (10795.7331) < quality threshold 
processing: 1457964_21016_0_0.png
processing: 1457964_21015_0_0.png
processing: 1457775_21016_0_0.png
processing: 1457775_21015_0_0.png
processing: 1457769_21016_0_0.png
processing: 1457769_21015_0_0.png
processing: 1457680_21016_0_0.png
processing: 1457680_21015_0_0.png
  SKIPPING IMAGE: tot amount of vasculature (8646.2851) < quality threshold 
processing: 1457515_21016_0_0.png
processing: 1457515_21015_0_0.png
processing: 1457347_21016_0_0.png
  SKIPPING IMAGE: tot amount of vasculature (9633.6243) < quality threshold 
processing: 1457347_21015_0_0.png
  SKIPPING IMAGE: tot amount of vasculature (43.7231) < quality threshold 
processing: 1457333_21016_0_1.png
processing: 1457333_21016_0_0.png
  SKIPPING IMAGE: tot amount of vasculature (10215.7773) < quality threshold 
processing: 1457333_21015_0_0.png
processing: 1457235_21016_0_0.png
  SKIPPING IMAGE: tot amount of vasculature (9048.9062) < quality threshold 
FINISHED: .mat files have been written to: /data/FAC/FBM/DBC/sbergman/retina/UKBiob/fundus/REVIEW//CLRIS/
execution time: 2497 sec
