------------------------------------------
Setting up environment variables
---
LD_LIBRARY_PATH is .:/software/Development/Languages/Matlab_Compiler_Runtime/96/runtime/glnxa64:/software/Development/Languages/Matlab_Compiler_Runtime/96/bin/glnxa64:/software/Development/Languages/Matlab_Compiler_Runtime/96/sys/os/glnxa64:/software/Development/Languages/Matlab_Compiler_Runtime/96/sys/opengl/lib/glnxa64
Running vessel measurements...
processing: 2064721_21015_0_0.png
processing: 2064718_21016_0_0.png
  SKIPPING IMAGE: tot amount of vasculature (6398.2534) < quality threshold 
processing: 2064718_21015_0_0.png
  SKIPPING IMAGE: tot amount of vasculature (9671.4535) < quality threshold 
processing: 2064704_21016_0_0.png
  SKIPPING IMAGE: tot amount of vasculature (8015.9813) < quality threshold 
processing: 2064704_21015_0_0.png
  SKIPPING IMAGE: tot amount of vasculature (1544.8938) < quality threshold 
processing: 2064679_21016_1_0.png
processing: 2064679_21015_1_0.png
processing: 2064593_21016_0_0.png
processing: 2064593_21015_0_0.png
processing: 2064546_21016_1_0.png
processing: 2064546_21016_0_0.png
processing: 2064546_21015_1_0.png
processing: 2064546_21015_0_0.png
processing: 2064328_21016_0_0.png
processing: 2064328_21015_0_0.png
processing: 2064208_21016_0_0.png
processing: 2064208_21015_0_0.png
  SKIPPING IMAGE: tot amount of vasculature (8225.2797) < quality threshold 
processing: 2064187_21016_1_0.png
processing: 2064187_21015_1_0.png
processing: 2064144_21016_0_0.png
  SKIPPING IMAGE: tot amount of vasculature (10460.2294) < quality threshold 
processing: 2064144_21015_0_0.png
  SKIPPING IMAGE: tot amount of vasculature (8821.9334) < quality threshold 
processing: 2064059_21016_1_0.png
processing: 2064059_21015_1_0.png
processing: 2064047_21016_0_0.png
processing: 2064047_21015_0_0.png
processing: 2063965_21016_0_0.png
processing: 2063965_21015_0_0.png
processing: 2063906_21016_1_0.png
  SKIPPING IMAGE: tot amount of vasculature (3148.5786) < quality threshold 
processing: 2063906_21015_1_0.png
  SKIPPING IMAGE: tot amount of vasculature (2766.6405) < quality threshold 
processing: 2063844_21016_0_0.png
processing: 2063844_21015_0_0.png
processing: 2063826_21016_0_0.png
processing: 2063826_21015_0_0.png
processing: 2063711_21016_0_0.png
processing: 2063711_21015_0_0.png
processing: 2063638_21016_0_0.png
  SKIPPING IMAGE: tot amount of vasculature (10271.6541) < quality threshold 
processing: 2063638_21015_0_0.png
processing: 2063607_21016_0_1.png
  SKIPPING IMAGE: tot amount of vasculature (1516.1417) < quality threshold 
processing: 2063607_21016_0_0.png
  SKIPPING IMAGE: tot amount of vasculature (3799.7465) < quality threshold 
processing: 2063607_21015_0_0.png
  SKIPPING IMAGE: tot amount of vasculature (1702.5059) < quality threshold 
processing: 2063595_21016_1_0.png
processing: 2063595_21015_1_0.png
processing: 2063502_21016_0_0.png
  SKIPPING IMAGE: tot amount of vasculature (10224.5537) < quality threshold 
processing: 2063502_21015_0_0.png
  SKIPPING IMAGE: tot amount of vasculature (9467.5892) < quality threshold 
processing: 2063482_21016_0_0.png
processing: 2063482_21015_0_0.png
processing: 2063453_21016_0_0.png
processing: 2063453_21015_0_0.png
processing: 2063441_21016_0_0.png
processing: 2063441_21015_0_0.png
processing: 2063385_21016_1_0.png
processing: 2063385_21015_1_0.png
  SKIPPING IMAGE: tot amount of vasculature (3636.2722) < quality threshold 
processing: 2063362_21016_0_1.png
  SKIPPING IMAGE: tot amount of vasculature (5334.1926) < quality threshold 
processing: 2063362_21016_0_0.png
processing: 2063362_21015_0_0.png
processing: 2063339_21016_0_0.png
processing: 2063339_21015_0_0.png
processing: 2063198_21016_1_0.png
  SKIPPING IMAGE: tot amount of vasculature (10086.4094) < quality threshold 
processing: 2063198_21015_1_0.png
processing: 2063089_21016_0_0.png
  SKIPPING IMAGE: tot amount of vasculature (8327.1533) < quality threshold 
processing: 2063089_21015_0_0.png
  SKIPPING IMAGE: tot amount of vasculature (10708.9482) < quality threshold 
processing: 2062980_21016_0_0.png
processing: 2062980_21015_0_0.png
processing: 2062862_21016_0_0.png
processing: 2062862_21015_0_0.png
processing: 2062821_21016_1_0.png
  SKIPPING IMAGE: tot amount of vasculature (1725.86) < quality threshold 
processing: 2062821_21015_1_0.png
  SKIPPING IMAGE: tot amount of vasculature (1275.4933) < quality threshold 
processing: 2062804_21016_0_0.png
  SKIPPING IMAGE: tot amount of vasculature (2397.7677) < quality threshold 
processing: 2062804_21015_0_0.png
  SKIPPING IMAGE: tot amount of vasculature (6604.6202) < quality threshold 
processing: 2062784_21016_0_0.png
processing: 2062784_21015_0_0.png
processing: 2062597_21016_0_0.png
processing: 2062597_21015_0_0.png
processing: 2062454_21016_1_0.png
processing: 2062454_21015_1_0.png
processing: 2062387_21016_0_0.png
processing: 2062387_21015_0_0.png
  SKIPPING IMAGE: tot amount of vasculature (10388.3269) < quality threshold 
processing: 2062369_21016_0_0.png
  SKIPPING IMAGE: tot amount of vasculature (8277.6859) < quality threshold 
processing: 2062369_21015_0_0.png
  SKIPPING IMAGE: tot amount of vasculature (10421.1019) < quality threshold 
processing: 2062156_21016_0_0.png
processing: 2062156_21015_0_0.png
processing: 2062008_21016_0_0.png
processing: 2062008_21015_0_0.png
  SKIPPING IMAGE: tot amount of vasculature (9952.0887) < quality threshold 
processing: 2061959_21016_0_0.png
  SKIPPING IMAGE: tot amount of vasculature (10790.4713) < quality threshold 
processing: 2061959_21015_0_0.png
  SKIPPING IMAGE: tot amount of vasculature (8777.2195) < quality threshold 
processing: 2061947_21016_0_0.png
processing: 2061947_21015_0_0.png
processing: 2061916_21016_0_0.png
processing: 2061916_21015_0_0.png
processing: 2061854_21016_0_0.png
processing: 2061854_21015_0_0.png
processing: 2061846_21016_0_0.png
processing: 2061846_21015_0_0.png
processing: 2061817_21016_1_0.png
processing: 2061817_21015_1_0.png
processing: 2061628_21016_1_0.png
processing: 2061628_21015_1_0.png
processing: 2061564_21016_1_0.png
processing: 2061564_21015_1_0.png
processing: 2061379_21016_1_0.png
processing: 2061379_21015_1_0.png
processing: 2061314_21016_0_0.png
processing: 2061314_21015_0_0.png
processing: 2061291_21016_0_0.png
processing: 2061291_21015_0_0.png
processing: 2061153_21016_0_0.png
processing: 2061153_21015_0_0.png
processing: 2061019_21016_0_0.png
processing: 2061019_21015_0_0.png
processing: 2060921_21016_0_0.png
processing: 2060921_21015_0_0.png
processing: 2060872_21016_0_0.png
  SKIPPING IMAGE: tot amount of vasculature (10711.3509) < quality threshold 
processing: 2060872_21015_0_0.png
  SKIPPING IMAGE: tot amount of vasculature (10528.4876) < quality threshold 
processing: 2060836_21016_0_0.png
processing: 2060836_21015_0_0.png
  SKIPPING IMAGE: tot amount of vasculature (5940.7581) < quality threshold 
processing: 2060801_21016_0_0.png
  SKIPPING IMAGE: tot amount of vasculature (5984.4063) < quality threshold 
processing: 2060801_21015_0_0.png
processing: 2060790_21016_0_0.png
  SKIPPING IMAGE: tot amount of vasculature (8165.2191) < quality threshold 
processing: 2060790_21015_0_0.png
  SKIPPING IMAGE: tot amount of vasculature (2816.3484) < quality threshold 
processing: 2060738_21016_0_0.png
processing: 2060738_21015_0_0.png
  SKIPPING IMAGE: tot amount of vasculature (9798.177) < quality threshold 
processing: 2060654_21016_0_0.png
