------------------------------------------
Setting up environment variables
---
LD_LIBRARY_PATH is .:/software/Development/Languages/Matlab_Compiler_Runtime/96/runtime/glnxa64:/software/Development/Languages/Matlab_Compiler_Runtime/96/bin/glnxa64:/software/Development/Languages/Matlab_Compiler_Runtime/96/sys/os/glnxa64:/software/Development/Languages/Matlab_Compiler_Runtime/96/sys/opengl/lib/glnxa64
Running vessel measurements...
processing: 4666474_21016_0_0.png
processing: 4666474_21015_0_0.png
processing: 4666425_21016_0_0.png
processing: 4666425_21015_0_0.png
processing: 4666419_21016_1_0.png
processing: 4666419_21015_1_0.png
processing: 4666354_21016_0_0.png
  SKIPPING IMAGE: tot amount of vasculature (2218.3154) < quality threshold 
processing: 4666354_21015_0_0.png
  SKIPPING IMAGE: tot amount of vasculature (8355.0709) < quality threshold 
processing: 4666317_21016_0_0.png
processing: 4666317_21015_0_0.png
processing: 4666295_21016_0_0.png
processing: 4666295_21015_0_0.png
processing: 4666202_21016_0_0.png
processing: 4666202_21015_0_0.png
processing: 4666145_21016_1_0.png
  SKIPPING IMAGE: tot amount of vasculature (6334.4271) < quality threshold 
processing: 4666145_21015_1_0.png
  SKIPPING IMAGE: tot amount of vasculature (6489.086) < quality threshold 
processing: 4666109_21016_0_0.png
processing: 4666109_21015_0_0.png
processing: 4666096_21016_0_1.png
  SKIPPING IMAGE: tot amount of vasculature (6890.5744) < quality threshold 
processing: 4666096_21016_0_0.png
  SKIPPING IMAGE: tot amount of vasculature (8992.1396) < quality threshold 
processing: 4666096_21015_0_0.png
  SKIPPING IMAGE: tot amount of vasculature (7562.6903) < quality threshold 
processing: 4666050_21016_0_0.png
processing: 4666050_21015_0_0.png
processing: 4666043_21016_0_0.png
  SKIPPING IMAGE: tot amount of vasculature (4022.7261) < quality threshold 
processing: 4666043_21015_0_0.png
  SKIPPING IMAGE: tot amount of vasculature (3888.9472) < quality threshold 
processing: 4665963_21016_0_0.png
  SKIPPING IMAGE: tot amount of vasculature (9685.999) < quality threshold 
processing: 4665963_21015_0_0.png
  SKIPPING IMAGE: tot amount of vasculature (6979.1698) < quality threshold 
processing: 4665919_21016_0_0.png
processing: 4665919_21015_0_1.png
processing: 4665919_21015_0_0.png
processing: 4665886_21016_0_0.png
processing: 4665886_21015_0_0.png
processing: 4665849_21016_0_0.png
processing: 4665849_21015_0_0.png
processing: 4665796_21016_0_0.png
  SKIPPING IMAGE: tot amount of vasculature (9525.2036) < quality threshold 
processing: 4665796_21015_0_0.png
  SKIPPING IMAGE: tot amount of vasculature (9179.3109) < quality threshold 
processing: 4665593_21016_0_0.png
processing: 4665593_21015_0_0.png
processing: 4665589_21016_0_0.png
processing: 4665589_21015_0_0.png
  SKIPPING IMAGE: tot amount of vasculature (4100.7089) < quality threshold 
processing: 4665345_21016_0_0.png
processing: 4665345_21015_0_0.png
processing: 4665294_21016_0_0.png
processing: 4665294_21015_0_0.png
  SKIPPING IMAGE: tot amount of vasculature (9702.5632) < quality threshold 
processing: 4665208_21016_0_0.png
processing: 4665208_21015_0_0.png
  SKIPPING IMAGE: tot amount of vasculature (9388.9352) < quality threshold 
processing: 4665175_21016_0_0.png
processing: 4665175_21015_0_0.png
processing: 4665126_21016_0_0.png
processing: 4665126_21015_0_0.png
processing: 4665071_21016_0_0.png
processing: 4665071_21015_0_0.png
processing: 4664877_21016_0_0.png
  SKIPPING IMAGE: tot amount of vasculature (5378.3404) < quality threshold 
processing: 4664877_21015_0_0.png
  SKIPPING IMAGE: tot amount of vasculature (7141.0816) < quality threshold 
processing: 4664843_21016_1_0.png
processing: 4664843_21015_1_0.png
processing: 4664821_21016_0_0.png
  SKIPPING IMAGE: tot amount of vasculature (10347.9438) < quality threshold 
processing: 4664821_21015_0_0.png
  SKIPPING IMAGE: tot amount of vasculature (9759.1566) < quality threshold 
processing: 4664716_21016_0_0.png
  SKIPPING IMAGE: tot amount of vasculature (7373.5544) < quality threshold 
processing: 4664716_21015_0_0.png
  SKIPPING IMAGE: tot amount of vasculature (2925.7382) < quality threshold 
processing: 4664673_21016_1_0.png
  SKIPPING IMAGE: tot amount of vasculature (8369.5147) < quality threshold 
processing: 4664673_21015_1_0.png
  SKIPPING IMAGE: tot amount of vasculature (9930.7233) < quality threshold 
processing: 4664630_21016_1_0.png
  SKIPPING IMAGE: tot amount of vasculature (53.156) < quality threshold 
processing: 4664630_21015_1_0.png
  SKIPPING IMAGE: tot amount of vasculature (1748.2225) < quality threshold 
processing: 4664627_21016_0_0.png
processing: 4664627_21015_0_0.png
  SKIPPING IMAGE: tot amount of vasculature (7453.094) < quality threshold 
processing: 4664493_21016_0_0.png
processing: 4664493_21015_0_0.png
processing: 4664478_21016_1_0.png
processing: 4664478_21015_1_0.png
processing: 4664417_21016_0_0.png
processing: 4664417_21015_0_0.png
processing: 4664400_21016_0_0.png
processing: 4664400_21015_0_0.png
processing: 4664387_21016_0_0.png
processing: 4664387_21015_0_0.png
  SKIPPING IMAGE: tot amount of vasculature (10847.0992) < quality threshold 
processing: 4664310_21016_0_0.png
  SKIPPING IMAGE: tot amount of vasculature (2464.779) < quality threshold 
processing: 4664310_21015_0_0.png
  SKIPPING IMAGE: tot amount of vasculature (8559.3726) < quality threshold 
processing: 4664125_21016_0_0.png
processing: 4664125_21015_0_0.png
  SKIPPING IMAGE: tot amount of vasculature (8714.0216) < quality threshold 
processing: 4664082_21016_0_0.png
processing: 4664082_21015_0_0.png
processing: 4664066_21016_0_0.png
processing: 4664066_21015_0_0.png
processing: 4664037_21016_0_0.png
  SKIPPING IMAGE: tot amount of vasculature (836.1665) < quality threshold 
processing: 4664037_21015_0_0.png
  SKIPPING IMAGE: tot amount of vasculature (5178.776) < quality threshold 
processing: 4663667_21016_0_0.png
processing: 4663667_21015_0_0.png
processing: 4663601_21016_0_0.png
processing: 4663601_21015_0_0.png
processing: 4663537_21016_1_0.png
processing: 4663537_21015_1_0.png
processing: 4663414_21016_0_0.png
  SKIPPING IMAGE: tot amount of vasculature (10772.9288) < quality threshold 
processing: 4663414_21015_0_0.png
  SKIPPING IMAGE: tot amount of vasculature (8839.6642) < quality threshold 
processing: 4663368_21016_0_0.png
processing: 4663368_21015_0_0.png
processing: 4663143_21016_0_0.png
processing: 4663143_21015_0_0.png
processing: 4663028_21016_0_0.png
processing: 4663028_21015_0_0.png
processing: 4662993_21016_0_0.png
processing: 4662993_21015_0_0.png
processing: 4662946_21016_0_0.png
processing: 4662946_21015_0_0.png
processing: 4662935_21016_0_0.png
processing: 4662935_21015_0_0.png
processing: 4662884_21016_0_0.png
processing: 4662884_21015_0_0.png
processing: 4662737_21016_0_0.png
processing: 4662737_21015_0_0.png
processing: 4662708_21016_0_0.png
processing: 4662708_21015_0_0.png
processing: 4662685_21016_0_0.png
processing: 4662685_21015_0_0.png
processing: 4662643_21016_0_0.png
processing: 4662643_21015_0_0.png
processing: 4662618_21016_0_0.png
processing: 4662618_21015_0_0.png
processing: 4662591_21016_0_0.png
processing: 4662591_21015_0_0.png
processing: 4662544_21016_0_0.png
processing: 4662544_21015_0_0.png
  SKIPPING IMAGE: tot amount of vasculature (9079.9793) < quality threshold 
processing: 4662532_21016_0_0.png
processing: 4662532_21015_0_0.png
  SKIPPING IMAGE: tot amount of vasculature (593.3337) < quality threshold 
processing: 4662526_21016_0_0.png
processing: 4662526_21015_0_0.png
  SKIPPING IMAGE: tot amount of vasculature (4465.8579) < quality threshold 
processing: 4662497_21016_1_0.png
  SKIPPING IMAGE: tot amount of vasculature (8573.7634) < quality threshold 
processing: 4662497_21015_1_0.png
  SKIPPING IMAGE: tot amount of vasculature (3862.7523) < quality threshold 
processing: 4662452_21016_0_0.png
processing: 4662452_21015_0_0.png
processing: 4662428_21016_0_0.png
processing: 4662428_21015_0_0.png
processing: 4662409_21016_1_0.png
processing: 4662409_21015_1_0.png
processing: 4662319_21016_0_0.png
processing: 4662319_21015_0_0.png
processing: 4662212_21016_1_0.png
  SKIPPING IMAGE: tot amount of vasculature (7344.1678) < quality threshold 
processing: 4662212_21015_1_0.png
  SKIPPING IMAGE: tot amount of vasculature (8631.6873) < quality threshold 
processing: 4662113_21016_1_0.png
  SKIPPING IMAGE: tot amount of vasculature (6661.3795) < quality threshold 
processing: 4662113_21015_1_0.png
  SKIPPING IMAGE: tot amount of vasculature (2992.9368) < quality threshold 
processing: 4662088_21016_0_0.png
processing: 4662088_21015_0_0.png
processing: 4662014_21016_0_0.png
  SKIPPING IMAGE: tot amount of vasculature (3236.3628) < quality threshold 
processing: 4662014_21015_0_0.png
  SKIPPING IMAGE: tot amount of vasculature (4961.3585) < quality threshold 
processing: 4661994_21016_0_0.png
  SKIPPING IMAGE: tot amount of vasculature (4530.8199) < quality threshold 
processing: 4661994_21015_0_0.png
  SKIPPING IMAGE: tot amount of vasculature (2520.0804) < quality threshold 
processing: 4661876_21016_0_0.png
  SKIPPING IMAGE: tot amount of vasculature (1068.3067) < quality threshold 
processing: 4661876_21015_0_0.png
  SKIPPING IMAGE: tot amount of vasculature (6937.5678) < quality threshold 
processing: 4661845_21016_0_0.png
processing: 4661845_21015_0_0.png
processing: 4661562_21016_1_0.png
  SKIPPING IMAGE: tot amount of vasculature (5601.1347) < quality threshold 
processing: 4661562_21015_1_0.png
  SKIPPING IMAGE: tot amount of vasculature (7056.0457) < quality threshold 
processing: 4661416_21016_1_0.png
processing: 4661416_21015_1_0.png
  SKIPPING IMAGE: tot amount of vasculature (4406.6482) < quality threshold 
processing: 4661330_21016_0_0.png
  SKIPPING IMAGE: tot amount of vasculature (2730.6325) < quality threshold 
processing: 4661330_21015_0_0.png
  SKIPPING IMAGE: tot amount of vasculature (7728.1472) < quality threshold 
processing: 4661157_21016_0_0.png
processing: 4661157_21015_0_0.png
processing: 4661123_21016_0_0.png
  SKIPPING IMAGE: tot amount of vasculature (7950.219) < quality threshold 
processing: 4661123_21015_0_0.png
processing: 4661080_21016_0_0.png
processing: 4661080_21015_0_0.png
processing: 4661024_21016_0_0.png
processing: 4661024_21015_0_0.png
  SKIPPING IMAGE: tot amount of vasculature (10062.0281) < quality threshold 
processing: 4660971_21016_0_0.png
processing: 4660971_21015_0_0.png
processing: 4660916_21016_1_0.png
processing: 4660916_21015_1_0.png
processing: 4660893_21016_0_0.png
  SKIPPING IMAGE: tot amount of vasculature (7517.0962) < quality threshold 
processing: 4660893_21015_0_0.png
  SKIPPING IMAGE: tot amount of vasculature (4527.8288) < quality threshold 
processing: 4660889_21016_1_0.png
processing: 4660889_21015_1_0.png
processing: 4660861_21016_0_0.png
  SKIPPING IMAGE: tot amount of vasculature (529.7557) < quality threshold 
processing: 4660861_21015_0_0.png
processing: 4660846_21016_0_0.png
processing: 4660846_21015_0_0.png
processing: 4660822_21016_0_0.png
processing: 4660822_21015_0_0.png
processing: 4660799_21016_0_0.png
  SKIPPING IMAGE: tot amount of vasculature (8225.6713) < quality threshold 
processing: 4660799_21015_0_0.png
processing: 4660772_21016_1_0.png
processing: 4660772_21015_1_0.png
processing: 4660748_21016_0_0.png
processing: 4660748_21015_0_0.png
processing: 4660527_21016_0_0.png
processing: 4660527_21015_0_0.png
  SKIPPING IMAGE: tot amount of vasculature (7498.9974) < quality threshold 
processing: 4660450_21016_0_0.png
processing: 4660450_21015_0_0.png
processing: 4660443_21016_0_0.png
processing: 4660443_21015_0_0.png
processing: 4660418_21016_0_0.png
processing: 4660418_21015_0_0.png
processing: 4660340_21016_0_0.png
  SKIPPING IMAGE: tot amount of vasculature (4134.7164) < quality threshold 
processing: 4660340_21015_0_0.png
processing: 4660269_21016_0_0.png
processing: 4660269_21015_0_0.png
  SKIPPING IMAGE: tot amount of vasculature (9756.1277) < quality threshold 
processing: 4660182_21016_0_0.png
processing: 4660182_21015_0_0.png
processing: 4660166_21016_0_0.png
processing: 4660166_21015_0_0.png
processing: 4659897_21016_1_0.png
processing: 4659897_21015_1_0.png
processing: 4659860_21016_1_0.png
  SKIPPING IMAGE: tot amount of vasculature (9803.886) < quality threshold 
processing: 4659860_21015_1_0.png
processing: 4659834_21016_0_0.png
processing: 4659834_21015_0_0.png
processing: 4659761_21016_0_0.png
processing: 4659761_21015_0_0.png
processing: 4659746_21016_0_0.png
processing: 4659746_21015_0_0.png
processing: 4659735_21016_1_0.png
  SKIPPING IMAGE: tot amount of vasculature (2086.2082) < quality threshold 
processing: 4659735_21016_0_0.png
  SKIPPING IMAGE: tot amount of vasculature (4900.6361) < quality threshold 
processing: 4659735_21015_1_0.png
  SKIPPING IMAGE: tot amount of vasculature (9573.0805) < quality threshold 
processing: 4659735_21015_0_0.png
  SKIPPING IMAGE: tot amount of vasculature (3668.6659) < quality threshold 
processing: 4659632_21016_0_0.png
  SKIPPING IMAGE: tot amount of vasculature (5615.4143) < quality threshold 
processing: 4659632_21015_0_0.png
  SKIPPING IMAGE: tot amount of vasculature (8089.1271) < quality threshold 
processing: 4659626_21016_0_0.png
  SKIPPING IMAGE: tot amount of vasculature (8464.7855) < quality threshold 
processing: 4659626_21015_0_0.png
processing: 4659518_21016_0_0.png
processing: 4659518_21015_0_0.png
processing: 4659447_21016_1_0.png
processing: 4659447_21015_1_0.png
processing: 4659420_21016_0_0.png
processing: 4659420_21015_0_0.png
processing: 4659305_21016_0_0.png
processing: 4659305_21015_0_0.png
processing: 4659242_21016_1_0.png
processing: 4659242_21016_0_0.png
processing: 4659242_21015_1_0.png
processing: 4659242_21015_0_0.png
processing: 4659179_21016_0_0.png
processing: 4659179_21015_0_0.png
processing: 4659114_21016_0_0.png
processing: 4659114_21015_0_0.png
processing: 4659106_21016_0_0.png
  SKIPPING IMAGE: tot amount of vasculature (530.3719) < quality threshold 
processing: 4659106_21015_0_0.png
  SKIPPING IMAGE: tot amount of vasculature (1168.2482) < quality threshold 
processing: 4659067_21016_0_0.png
processing: 4659067_21015_0_0.png
processing: 4658956_21016_0_0.png
  SKIPPING IMAGE: tot amount of vasculature (3912.2044) < quality threshold 
processing: 4658956_21015_0_0.png
processing: 4658796_21016_0_0.png
  SKIPPING IMAGE: tot amount of vasculature (9289.5126) < quality threshold 
processing: 4658796_21015_0_0.png
  SKIPPING IMAGE: tot amount of vasculature (8613.6185) < quality threshold 
processing: 4658750_21016_0_0.png
processing: 4658750_21015_0_0.png
processing: 4658657_21016_0_0.png
processing: 4658657_21015_0_0.png
processing: 4658606_21016_0_0.png
  SKIPPING IMAGE: tot amount of vasculature (24.1522) < quality threshold 
processing: 4658606_21015_0_0.png
  SKIPPING IMAGE: tot amount of vasculature (5654.9255) < quality threshold 
processing: 4658517_21016_1_0.png
  SKIPPING IMAGE: tot amount of vasculature (1117.3524) < quality threshold 
processing: 4658517_21015_1_0.png
  SKIPPING IMAGE: tot amount of vasculature (1403.8458) < quality threshold 
processing: 4658500_21016_0_0.png
  SKIPPING IMAGE: tot amount of vasculature (10322.07) < quality threshold 
processing: 4658500_21015_0_0.png
  SKIPPING IMAGE: tot amount of vasculature (9131.8742) < quality threshold 
processing: 4658499_21016_0_0.png
processing: 4658499_21015_0_0.png
processing: 4658424_21016_0_0.png
  SKIPPING IMAGE: tot amount of vasculature (3775.0957) < quality threshold 
processing: 4658424_21015_0_0.png
  SKIPPING IMAGE: tot amount of vasculature (30.5769) < quality threshold 
processing: 4658383_21016_0_0.png
processing: 4658383_21015_0_0.png
  SKIPPING IMAGE: tot amount of vasculature (9977.5227) < quality threshold 
processing: 4658360_21016_0_0.png
processing: 4658360_21015_0_0.png
processing: 4658311_21016_0_0.png
  SKIPPING IMAGE: No vessels found
processing: 4658311_21015_0_0.png
Warning: No vessels found in 4658311_21015_0_0
> In Vessel_Data_IO.load_from_file (line 183)
  In REVIEW_evaluate_diameter_measurements (line 125)
  In ARIA_run_tests (line 209)
  SKIPPING IMAGE: No vessels found
processing: 4658266_21016_0_0.png
  SKIPPING IMAGE: tot amount of vasculature (10883.8628) < quality threshold 
processing: 4658266_21015_0_0.png
processing: 4658191_21016_0_0.png
processing: 4658191_21015_0_0.png
  SKIPPING IMAGE: tot amount of vasculature (8126.2177) < quality threshold 
processing: 4658175_21016_1_0.png
processing: 4658175_21015_1_0.png
processing: 4657996_21016_0_0.png
processing: 4657996_21015_0_0.png
processing: 4657985_21016_0_0.png
  SKIPPING IMAGE: tot amount of vasculature (10419.698) < quality threshold 
processing: 4657985_21015_0_0.png
processing: 4657939_21016_0_0.png
processing: 4657939_21015_0_0.png
processing: 4657899_21016_0_0.png
processing: 4657899_21015_0_0.png
processing: 4657790_21016_0_0.png
processing: 4657790_21015_0_0.png
processing: 4657781_21016_0_0.png
processing: 4657781_21015_0_0.png
processing: 4657738_21016_0_0.png
processing: 4657738_21015_0_0.png
processing: 4657719_21016_0_0.png
processing: 4657719_21015_0_0.png
processing: 4657693_21016_0_0.png
processing: 4657693_21015_0_0.png
  SKIPPING IMAGE: tot amount of vasculature (8351.277) < quality threshold 
processing: 4657617_21016_0_0.png
processing: 4657557_21016_0_0.png
processing: 4657557_21015_0_0.png
processing: 4657540_21016_0_0.png
processing: 4657540_21015_0_0.png
processing: 4657506_21016_1_0.png
  SKIPPING IMAGE: tot amount of vasculature (6987.9218) < quality threshold 
processing: 4657506_21015_1_0.png
  SKIPPING IMAGE: tot amount of vasculature (6957.9406) < quality threshold 
processing: 4657486_21016_0_0.png
  SKIPPING IMAGE: tot amount of vasculature (6901.4351) < quality threshold 
processing: 4657486_21015_0_0.png
  SKIPPING IMAGE: tot amount of vasculature (1915.902) < quality threshold 
processing: 4657473_21016_1_0.png
  SKIPPING IMAGE: tot amount of vasculature (5370.915) < quality threshold 
processing: 4657473_21015_1_0.png
  SKIPPING IMAGE: tot amount of vasculature (6163.7376) < quality threshold 
processing: 4657451_21016_0_0.png
  SKIPPING IMAGE: tot amount of vasculature (4992.7244) < quality threshold 
processing: 4657451_21015_0_0.png
  SKIPPING IMAGE: tot amount of vasculature (7531.9951) < quality threshold 
processing: 4657412_21016_0_0.png
FINISHED: .mat files have been written to: /data/FAC/FBM/DBC/sbergman/retina/UKBiob/fundus/REVIEW//CLRIS/
execution time: 2062 sec
