------------------------------------------
Setting up environment variables
---
LD_LIBRARY_PATH is .:/software/Development/Languages/Matlab_Compiler_Runtime/96/runtime/glnxa64:/software/Development/Languages/Matlab_Compiler_Runtime/96/bin/glnxa64:/software/Development/Languages/Matlab_Compiler_Runtime/96/sys/os/glnxa64:/software/Development/Languages/Matlab_Compiler_Runtime/96/sys/opengl/lib/glnxa64
Running vessel measurements...
processing: 2669518_21015_0_0.png
processing: 2669484_21016_1_0.png
processing: 2669484_21015_1_0.png
processing: 2669327_21016_0_0.png
processing: 2669327_21015_0_0.png
processing: 2669312_21016_1_0.png
processing: 2669312_21015_1_0.png
processing: 2669263_21016_0_0.png
processing: 2669263_21015_0_0.png
processing: 2669242_21016_0_0.png
processing: 2669242_21015_0_0.png
processing: 2669238_21016_1_0.png
  SKIPPING IMAGE: tot amount of vasculature (2473.2669) < quality threshold 
processing: 2669238_21015_1_0.png
  SKIPPING IMAGE: tot amount of vasculature (3995.9942) < quality threshold 
processing: 2669165_21016_0_0.png
processing: 2669165_21015_0_0.png
processing: 2669114_21016_0_0.png
  SKIPPING IMAGE: tot amount of vasculature (8194.5675) < quality threshold 
processing: 2669114_21015_0_0.png
  SKIPPING IMAGE: tot amount of vasculature (2704.6647) < quality threshold 
processing: 2669106_21016_1_0.png
  SKIPPING IMAGE: tot amount of vasculature (3495.9251) < quality threshold 
processing: 2669106_21016_0_0.png
processing: 2669106_21015_1_0.png
  SKIPPING IMAGE: tot amount of vasculature (7211.1527) < quality threshold 
processing: 2669106_21015_0_0.png
processing: 2669001_21016_1_0.png
processing: 2669001_21015_1_0.png
  SKIPPING IMAGE: tot amount of vasculature (3742.7606) < quality threshold 
processing: 2668981_21016_0_0.png
processing: 2668981_21015_0_0.png
  SKIPPING IMAGE: tot amount of vasculature (8150.6681) < quality threshold 
processing: 2668864_21016_0_0.png
processing: 2668864_21015_0_0.png
processing: 2668796_21016_0_0.png
processing: 2668796_21015_0_0.png
processing: 2668762_21016_0_0.png
  SKIPPING IMAGE: tot amount of vasculature (9616.7347) < quality threshold 
processing: 2668762_21015_0_0.png
processing: 2668657_21016_1_0.png
  SKIPPING IMAGE: tot amount of vasculature (751.7147) < quality threshold 
processing: 2668657_21015_1_0.png
  SKIPPING IMAGE: tot amount of vasculature (8084.1983) < quality threshold 
processing: 2668614_21016_1_0.png
processing: 2668614_21015_1_0.png
processing: 2668500_21016_0_0.png
processing: 2668500_21015_0_0.png
  SKIPPING IMAGE: tot amount of vasculature (10850.6602) < quality threshold 
processing: 2668480_21016_0_0.png
processing: 2668480_21015_0_0.png
processing: 2668467_21016_0_0.png
processing: 2668467_21015_0_0.png
processing: 2668436_21016_0_0.png
processing: 2668436_21015_0_0.png
processing: 2668360_21016_0_0.png
processing: 2668360_21015_0_0.png
processing: 2668282_21016_0_0.png
processing: 2668282_21015_0_0.png
processing: 2668266_21016_0_0.png
processing: 2668266_21015_0_0.png
processing: 2668253_21016_0_0.png
processing: 2668253_21015_0_0.png
processing: 2668033_21016_0_0.png
processing: 2668033_21015_0_0.png
processing: 2668002_21016_0_0.png
processing: 2668002_21015_0_0.png
processing: 2667977_21016_0_0.png
processing: 2667977_21015_0_0.png
  SKIPPING IMAGE: tot amount of vasculature (9596.4066) < quality threshold 
processing: 2667742_21016_0_0.png
processing: 2667742_21015_0_0.png
  SKIPPING IMAGE: tot amount of vasculature (9828.7603) < quality threshold 
processing: 2667719_21016_0_0.png
processing: 2667719_21015_0_0.png
  SKIPPING IMAGE: tot amount of vasculature (7498.875) < quality threshold 
processing: 2667678_21016_0_0.png
processing: 2667678_21015_0_0.png
processing: 2667498_21016_0_0.png
processing: 2667498_21015_0_0.png
processing: 2667451_21016_1_0.png
  SKIPPING IMAGE: tot amount of vasculature (7902.8068) < quality threshold 
processing: 2667451_21015_1_0.png
  SKIPPING IMAGE: tot amount of vasculature (10037.8771) < quality threshold 
processing: 2667449_21016_0_0.png
processing: 2667449_21015_0_0.png
processing: 2667412_21016_0_0.png
  SKIPPING IMAGE: tot amount of vasculature (8370.0923) < quality threshold 
processing: 2667412_21015_0_0.png
processing: 2667405_21016_0_0.png
processing: 2667405_21015_0_0.png
processing: 2667382_21016_0_0.png
  SKIPPING IMAGE: tot amount of vasculature (8379.0263) < quality threshold 
processing: 2667382_21015_0_0.png
  SKIPPING IMAGE: tot amount of vasculature (7739.1006) < quality threshold 
processing: 2667366_21016_0_0.png
  SKIPPING IMAGE: tot amount of vasculature (9137.5868) < quality threshold 
processing: 2667366_21015_0_0.png
processing: 2667353_21016_0_0.png
processing: 2667353_21015_0_0.png
processing: 2667283_21016_1_0.png
  SKIPPING IMAGE: tot amount of vasculature (7745.8678) < quality threshold 
processing: 2667283_21015_1_0.png
  SKIPPING IMAGE: tot amount of vasculature (7655.9339) < quality threshold 
processing: 2667252_21016_0_0.png
processing: 2667252_21015_0_0.png
  SKIPPING IMAGE: tot amount of vasculature (1014.3129) < quality threshold 
processing: 2667228_21016_1_0.png
  SKIPPING IMAGE: tot amount of vasculature (7906.6573) < quality threshold 
processing: 2667228_21015_1_0.png
  SKIPPING IMAGE: tot amount of vasculature (10451.1926) < quality threshold 
processing: 2667211_21016_0_0.png
processing: 2667211_21015_0_0.png
  SKIPPING IMAGE: tot amount of vasculature (8077.7516) < quality threshold 
processing: 2667195_21016_1_0.png
processing: 2667195_21016_0_0.png
processing: 2667195_21015_1_0.png
processing: 2667195_21015_0_0.png
processing: 2667184_21016_0_0.png
processing: 2667184_21015_0_0.png
processing: 2667102_21016_0_0.png
processing: 2667102_21015_0_0.png
processing: 2667058_21016_0_0.png
  SKIPPING IMAGE: tot amount of vasculature (10164.1376) < quality threshold 
processing: 2667058_21015_0_0.png
  SKIPPING IMAGE: tot amount of vasculature (10105.4413) < quality threshold 
processing: 2666972_21016_0_0.png
processing: 2666972_21015_0_0.png
processing: 2666948_21016_0_0.png
processing: 2666948_21015_0_0.png
  SKIPPING IMAGE: tot amount of vasculature (8451.8711) < quality threshold 
processing: 2666924_21016_0_0.png
processing: 2666924_21015_0_0.png
processing: 2666839_21016_0_0.png
processing: 2666839_21015_0_0.png
processing: 2666720_21016_0_0.png
processing: 2666720_21015_0_0.png
  SKIPPING IMAGE: tot amount of vasculature (4317.0936) < quality threshold 
processing: 2666716_21016_0_0.png
  SKIPPING IMAGE: tot amount of vasculature (2263.4897) < quality threshold 
processing: 2666716_21015_0_0.png
  SKIPPING IMAGE: tot amount of vasculature (44.8771) < quality threshold 
processing: 2666627_21016_0_0.png
  SKIPPING IMAGE: tot amount of vasculature (8327.2321) < quality threshold 
processing: 2666627_21015_0_0.png
  SKIPPING IMAGE: tot amount of vasculature (9096.0246) < quality threshold 
processing: 2666552_21016_0_0.png
processing: 2666552_21015_0_0.png
processing: 2666545_21016_0_0.png
processing: 2666545_21015_0_0.png
processing: 2666489_21016_0_0.png
processing: 2666489_21015_0_0.png
processing: 2666461_21016_0_0.png
