------------------------------------------
Setting up environment variables
---
LD_LIBRARY_PATH is .:/software/Development/Languages/Matlab_Compiler_Runtime/96/runtime/glnxa64:/software/Development/Languages/Matlab_Compiler_Runtime/96/bin/glnxa64:/software/Development/Languages/Matlab_Compiler_Runtime/96/sys/os/glnxa64:/software/Development/Languages/Matlab_Compiler_Runtime/96/sys/opengl/lib/glnxa64
Running vessel measurements...
processing: 4039536_21015_0_0.png
processing: 4039490_21016_0_0.png
processing: 4039490_21015_0_0.png
processing: 4039442_21016_0_0.png
processing: 4039442_21015_0_0.png
  SKIPPING IMAGE: tot amount of vasculature (10632.4773) < quality threshold 
processing: 4039438_21016_0_0.png
  SKIPPING IMAGE: tot amount of vasculature (5690.4585) < quality threshold 
processing: 4039438_21015_0_0.png
processing: 4039407_21015_0_0.png
processing: 4039346_21016_0_0.png
processing: 4039346_21015_0_0.png
processing: 4039295_21016_1_0.png
processing: 4039295_21015_1_0.png
  SKIPPING IMAGE: tot amount of vasculature (5623.3616) < quality threshold 
processing: 4039268_21016_0_0.png
processing: 4039268_21015_0_0.png
processing: 4039062_21016_1_0.png
processing: 4039062_21015_1_0.png
processing: 4038968_21016_0_0.png
processing: 4038968_21015_0_0.png
  SKIPPING IMAGE: tot amount of vasculature (9825.343) < quality threshold 
processing: 4038933_21016_0_0.png
processing: 4038933_21015_0_0.png
  SKIPPING IMAGE: tot amount of vasculature (10356.2563) < quality threshold 
processing: 4038920_21016_1_0.png
processing: 4038920_21016_0_0.png
processing: 4038920_21015_1_0.png
processing: 4038920_21015_0_0.png
processing: 4038916_21016_0_0.png
processing: 4038916_21015_0_0.png
processing: 4038767_21016_0_0.png
processing: 4038767_21015_0_0.png
processing: 4038748_21016_1_0.png
  SKIPPING IMAGE: tot amount of vasculature (1525.4825) < quality threshold 
processing: 4038748_21015_1_0.png
processing: 4038683_21016_0_0.png
processing: 4038683_21015_0_0.png
processing: 4038645_21016_0_0.png
  SKIPPING IMAGE: tot amount of vasculature (3563.8775) < quality threshold 
processing: 4038645_21015_0_0.png
  SKIPPING IMAGE: tot amount of vasculature (3374.1655) < quality threshold 
processing: 4038611_21016_0_0.png
processing: 4038611_21015_0_0.png
  SKIPPING IMAGE: tot amount of vasculature (9588.4973) < quality threshold 
processing: 4038598_21016_1_0.png
processing: 4038598_21015_1_0.png
processing: 4038485_21016_0_0.png
  SKIPPING IMAGE: tot amount of vasculature (4042.4051) < quality threshold 
processing: 4038485_21015_0_0.png
  SKIPPING IMAGE: tot amount of vasculature (7415.5342) < quality threshold 
processing: 4038388_21016_0_0.png
  SKIPPING IMAGE: tot amount of vasculature (8594.9513) < quality threshold 
processing: 4038388_21015_0_0.png
  SKIPPING IMAGE: tot amount of vasculature (9663.5571) < quality threshold 
processing: 4038306_21016_1_0.png
  SKIPPING IMAGE: tot amount of vasculature (9393.9127) < quality threshold 
processing: 4038306_21015_1_0.png
processing: 4038258_21016_0_0.png
processing: 4038258_21015_0_0.png
processing: 4038194_21016_0_0.png
processing: 4038194_21015_0_0.png
processing: 4038182_21016_0_0.png
processing: 4038182_21015_0_0.png
  SKIPPING IMAGE: tot amount of vasculature (10401.7872) < quality threshold 
processing: 4038170_21016_0_0.png
processing: 4038170_21015_0_0.png
processing: 4038137_21016_0_0.png
processing: 4038137_21015_0_0.png
processing: 4038081_21016_0_0.png
processing: 4038081_21015_0_0.png
processing: 4038056_21016_0_0.png
processing: 4038056_21015_0_0.png
processing: 4037980_21016_1_0.png
processing: 4037980_21016_0_0.png
  SKIPPING IMAGE: tot amount of vasculature (9720.1043) < quality threshold 
processing: 4037980_21015_1_0.png
  SKIPPING IMAGE: tot amount of vasculature (9650.0097) < quality threshold 
processing: 4037980_21015_0_0.png
processing: 4037967_21016_0_0.png
processing: 4037967_21015_0_0.png
processing: 4037924_21016_0_0.png
processing: 4037924_21015_0_0.png
processing: 4037850_21016_0_0.png
processing: 4037850_21015_0_0.png
processing: 4037843_21016_1_0.png
  SKIPPING IMAGE: tot amount of vasculature (10718.1083) < quality threshold 
processing: 4037843_21015_1_0.png
  SKIPPING IMAGE: tot amount of vasculature (10767.6695) < quality threshold 
processing: 4037795_21016_1_0.png
processing: 4037795_21016_0_0.png
processing: 4037795_21015_1_0.png
processing: 4037795_21015_0_0.png
processing: 4037651_21016_0_0.png
processing: 4037651_21015_0_0.png
processing: 4037649_21016_0_0.png
processing: 4037649_21015_0_0.png
  SKIPPING IMAGE: tot amount of vasculature (9547.7223) < quality threshold 
processing: 4037583_21016_0_0.png
processing: 4037583_21015_0_0.png
  SKIPPING IMAGE: tot amount of vasculature (8329.3276) < quality threshold 
processing: 4037534_21016_1_0.png
processing: 4037534_21015_1_0.png
processing: 4037493_21016_1_0.png
  SKIPPING IMAGE: tot amount of vasculature (9909.1431) < quality threshold 
processing: 4037493_21016_0_0.png
processing: 4037493_21015_1_0.png
processing: 4037493_21015_0_0.png
processing: 4037400_21016_0_0.png
processing: 4037400_21015_0_0.png
processing: 4037344_21016_0_0.png
processing: 4037288_21016_0_0.png
processing: 4037288_21015_0_0.png
processing: 4037257_21016_1_0.png
  SKIPPING IMAGE: tot amount of vasculature (9595.8834) < quality threshold 
processing: 4037257_21015_1_0.png
  SKIPPING IMAGE: tot amount of vasculature (7025.7258) < quality threshold 
processing: 4037223_21016_0_0.png
processing: 4037223_21015_0_0.png
processing: 4037156_21016_0_0.png
  SKIPPING IMAGE: tot amount of vasculature (10062.2269) < quality threshold 
processing: 4037156_21015_0_0.png
processing: 4037138_21016_0_0.png
  SKIPPING IMAGE: tot amount of vasculature (3170.8739) < quality threshold 
processing: 4037138_21015_0_0.png
  SKIPPING IMAGE: tot amount of vasculature (4945.7304) < quality threshold 
processing: 4037119_21016_0_0.png
processing: 4037119_21015_0_0.png
processing: 4037037_21016_1_0.png
  SKIPPING IMAGE: tot amount of vasculature (6095.4574) < quality threshold 
processing: 4037037_21015_1_0.png
processing: 4037015_21016_0_0.png
processing: 4037015_21015_0_0.png
processing: 4037008_21016_1_0.png
  SKIPPING IMAGE: tot amount of vasculature (2140.6228) < quality threshold 
processing: 4037008_21016_0_0.png
processing: 4037008_21015_1_0.png
  SKIPPING IMAGE: tot amount of vasculature (3353.4275) < quality threshold 
processing: 4037008_21015_0_0.png
  SKIPPING IMAGE: tot amount of vasculature (9425.9548) < quality threshold 
processing: 4036996_21016_1_0.png
  SKIPPING IMAGE: tot amount of vasculature (6400.1984) < quality threshold 
processing: 4036996_21016_0_0.png
  SKIPPING IMAGE: tot amount of vasculature (10844.4899) < quality threshold 
processing: 4036996_21015_1_0.png
  SKIPPING IMAGE: tot amount of vasculature (4598.9904) < quality threshold 
processing: 4036950_21016_0_0.png
  SKIPPING IMAGE: tot amount of vasculature (9607.5745) < quality threshold 
processing: 4036950_21015_0_0.png
  SKIPPING IMAGE: tot amount of vasculature (10482.9154) < quality threshold 
processing: 4036918_21016_1_0.png
  SKIPPING IMAGE: tot amount of vasculature (3427.1902) < quality threshold 
processing: 4036918_21015_1_0.png
  SKIPPING IMAGE: tot amount of vasculature (5456.7102) < quality threshold 
processing: 4036855_21016_0_0.png
processing: 4036855_21015_0_0.png
