------------------------------------------
Setting up environment variables
---
LD_LIBRARY_PATH is .:/software/Development/Languages/Matlab_Compiler_Runtime/96/runtime/glnxa64:/software/Development/Languages/Matlab_Compiler_Runtime/96/bin/glnxa64:/software/Development/Languages/Matlab_Compiler_Runtime/96/sys/os/glnxa64:/software/Development/Languages/Matlab_Compiler_Runtime/96/sys/opengl/lib/glnxa64
Running vessel measurements...
processing: 5073553_21016_0_0.png
processing: 5073541_21016_0_0.png
processing: 5073541_21015_0_0.png
processing: 5073529_21016_0_0.png
  SKIPPING IMAGE: tot amount of vasculature (8533.5516) < quality threshold 
processing: 5073529_21015_0_0.png
  SKIPPING IMAGE: tot amount of vasculature (6671.4123) < quality threshold 
processing: 5073465_21016_0_0.png
processing: 5073465_21015_0_0.png
processing: 5073371_21016_0_0.png
processing: 5073371_21015_0_0.png
processing: 5073185_21016_0_0.png
processing: 5073185_21015_0_0.png
processing: 5073162_21016_0_0.png
processing: 5073162_21015_0_0.png
processing: 5073060_21016_0_0.png
processing: 5073060_21015_0_0.png
processing: 5072954_21016_0_0.png
processing: 5072954_21015_0_0.png
  SKIPPING IMAGE: tot amount of vasculature (8312.2935) < quality threshold 
processing: 5072782_21016_0_0.png
processing: 5072782_21015_0_0.png
processing: 5072737_21016_0_0.png
processing: 5072737_21015_0_0.png
processing: 5072708_21016_0_0.png
  SKIPPING IMAGE: tot amount of vasculature (2292.9068) < quality threshold 
processing: 5072708_21015_0_0.png
  SKIPPING IMAGE: tot amount of vasculature (5000.9271) < quality threshold 
processing: 5072662_21016_0_0.png
processing: 5072662_21015_0_0.png
processing: 5072650_21016_0_0.png
processing: 5072650_21015_0_0.png
  SKIPPING IMAGE: tot amount of vasculature (7931.5948) < quality threshold 
processing: 5072643_21016_1_0.png
processing: 5072643_21015_1_0.png
processing: 5072591_21016_0_0.png
  SKIPPING IMAGE: tot amount of vasculature (10430.7078) < quality threshold 
processing: 5072591_21015_0_0.png
  SKIPPING IMAGE: tot amount of vasculature (6807.3652) < quality threshold 
processing: 5072532_21016_0_0.png
processing: 5072532_21015_0_0.png
processing: 5072526_21016_0_0.png
processing: 5072526_21015_0_0.png
processing: 5072497_21016_0_0.png
processing: 5072497_21015_0_0.png
  SKIPPING IMAGE: tot amount of vasculature (10691.1662) < quality threshold 
processing: 5072445_21016_0_0.png
  SKIPPING IMAGE: tot amount of vasculature (6488.1914) < quality threshold 
processing: 5072445_21015_0_0.png
  SKIPPING IMAGE: tot amount of vasculature (7434.6702) < quality threshold 
processing: 5072409_21016_0_0.png
processing: 5072409_21015_0_0.png
processing: 5072319_21016_0_0.png
processing: 5072319_21015_0_0.png
processing: 5072155_21016_0_0.png
processing: 5072155_21015_0_0.png
processing: 5072148_21016_1_0.png
  SKIPPING IMAGE: tot amount of vasculature (976.3506) < quality threshold 
processing: 5072148_21015_1_0.png
  SKIPPING IMAGE: tot amount of vasculature (1223.6172) < quality threshold 
processing: 5072113_21016_1_0.png
  SKIPPING IMAGE: tot amount of vasculature (9075.4487) < quality threshold 
processing: 5072113_21015_1_0.png
processing: 5071883_21016_0_0.png
processing: 5071883_21015_0_0.png
processing: 5071876_21016_0_0.png
processing: 5071876_21015_0_0.png
processing: 5071789_21016_0_0.png
processing: 5071789_21015_0_0.png
processing: 5071687_21016_0_0.png
processing: 5071687_21015_0_0.png
processing: 5071658_21016_0_0.png
processing: 5071658_21015_0_0.png
processing: 5071644_21016_0_0.png
processing: 5071644_21015_0_0.png
processing: 5071518_21016_0_0.png
processing: 5071518_21015_0_0.png
  SKIPPING IMAGE: tot amount of vasculature (7443.8521) < quality threshold 
processing: 5071484_21016_0_0.png
  SKIPPING IMAGE: tot amount of vasculature (5077.4031) < quality threshold 
processing: 5071484_21015_0_0.png
  SKIPPING IMAGE: tot amount of vasculature (8994.2177) < quality threshold 
processing: 5071471_21016_0_0.png
processing: 5071471_21015_0_0.png
processing: 5071459_21016_0_0.png
processing: 5071459_21015_0_0.png
processing: 5071398_21016_0_0.png
  SKIPPING IMAGE: tot amount of vasculature (883.8326) < quality threshold 
processing: 5071398_21015_0_0.png
  SKIPPING IMAGE: tot amount of vasculature (8965.4667) < quality threshold 
processing: 5071349_21016_0_0.png
processing: 5071349_21015_0_0.png
  SKIPPING IMAGE: tot amount of vasculature (6399.3443) < quality threshold 
processing: 5071290_21016_0_0.png
  SKIPPING IMAGE: tot amount of vasculature (8717.8566) < quality threshold 
processing: 5071290_21015_0_0.png
  SKIPPING IMAGE: tot amount of vasculature (6284.8571) < quality threshold 
processing: 5071281_21016_0_0.png
processing: 5071281_21015_0_0.png
  SKIPPING IMAGE: tot amount of vasculature (8632.7637) < quality threshold 
processing: 5071123_21016_1_0.png
processing: 5071123_21015_1_0.png
processing: 5071067_21016_1_0.png
  SKIPPING IMAGE: tot amount of vasculature (3042.4448) < quality threshold 
processing: 5071067_21015_1_0.png
  SKIPPING IMAGE: tot amount of vasculature (5523.2192) < quality threshold 
processing: 5071024_21016_0_0.png
processing: 5071024_21015_0_0.png
processing: 5070984_21016_0_0.png
processing: 5070984_21015_0_0.png
processing: 5070767_21016_1_0.png
  SKIPPING IMAGE: tot amount of vasculature (6241.6595) < quality threshold 
processing: 5070767_21015_1_0.png
  SKIPPING IMAGE: tot amount of vasculature (417.6521) < quality threshold 
processing: 5070697_21016_0_0.png
processing: 5070697_21015_0_0.png
processing: 5070676_21016_0_0.png
  SKIPPING IMAGE: tot amount of vasculature (5088.7132) < quality threshold 
processing: 5070676_21015_0_0.png
processing: 5070530_21016_0_0.png
processing: 5070530_21015_0_0.png
processing: 5070477_21016_0_0.png
processing: 5070477_21015_0_0.png
processing: 5070462_21016_1_0.png
processing: 5070462_21015_1_0.png
processing: 5070450_21015_0_0.png
processing: 5070379_21016_0_0.png
processing: 5070379_21015_0_0.png
processing: 5070340_21016_0_0.png
  SKIPPING IMAGE: tot amount of vasculature (4473.6742) < quality threshold 
processing: 5070340_21015_0_0.png
  SKIPPING IMAGE: tot amount of vasculature (9.0233) < quality threshold 
processing: 5070314_21016_0_0.png
  SKIPPING IMAGE: tot amount of vasculature (7298.0049) < quality threshold 
processing: 5070314_21015_0_0.png
processing: 5070306_21016_0_0.png
processing: 5070306_21015_0_0.png
processing: 5070210_21016_0_0.png
processing: 5070210_21015_0_0.png
processing: 5070081_21016_1_0.png
processing: 5070081_21015_1_0.png
  SKIPPING IMAGE: tot amount of vasculature (7142.7252) < quality threshold 
processing: 5070074_21016_0_0.png
  SKIPPING IMAGE: tot amount of vasculature (7194.9287) < quality threshold 
processing: 5070074_21015_0_1.png
  SKIPPING IMAGE: tot amount of vasculature (5181.3326) < quality threshold 
processing: 5070074_21015_0_0.png
  SKIPPING IMAGE: tot amount of vasculature (4348.891) < quality threshold 
processing: 5069751_21016_0_0.png
  SKIPPING IMAGE: tot amount of vasculature (7280.575) < quality threshold 
processing: 5069751_21015_0_0.png
  SKIPPING IMAGE: tot amount of vasculature (3687.2437) < quality threshold 
processing: 5069749_21016_0_0.png
processing: 5069749_21015_0_0.png
processing: 5069694_21016_0_0.png
processing: 5069694_21015_0_0.png
processing: 5069580_21016_0_0.png
processing: 5069580_21015_0_0.png
  SKIPPING IMAGE: tot amount of vasculature (5492.6482) < quality threshold 
processing: 5069572_21016_1_0.png
  SKIPPING IMAGE: tot amount of vasculature (4459.3949) < quality threshold 
processing: 5069572_21015_1_0.png
  SKIPPING IMAGE: tot amount of vasculature (5276.336) < quality threshold 
processing: 5069513_21016_0_0.png
  SKIPPING IMAGE: tot amount of vasculature (4745.0178) < quality threshold 
processing: 5069513_21015_0_0.png
processing: 5069463_21016_0_0.png
processing: 5069463_21015_0_0.png
processing: 5069322_21016_0_0.png
  SKIPPING IMAGE: tot amount of vasculature (7194.0916) < quality threshold 
processing: 5069322_21015_0_0.png
  SKIPPING IMAGE: tot amount of vasculature (5482.2102) < quality threshold 
processing: 5069111_21016_0_0.png
  SKIPPING IMAGE: tot amount of vasculature (10594.3892) < quality threshold 
processing: 5069111_21015_0_0.png
processing: 5069085_21016_0_0.png
processing: 5069085_21015_0_0.png
processing: 5068995_21016_1_0.png
  SKIPPING IMAGE: tot amount of vasculature (5274.4462) < quality threshold 
processing: 5068995_21015_1_0.png
  SKIPPING IMAGE: tot amount of vasculature (2395.1802) < quality threshold 
processing: 5068971_21016_0_0.png
processing: 5068971_21015_0_0.png
processing: 5068959_21016_1_0.png
  SKIPPING IMAGE: tot amount of vasculature (2879.4793) < quality threshold 
processing: 5068959_21015_1_0.png
  SKIPPING IMAGE: tot amount of vasculature (4388.1656) < quality threshold 
processing: 5068878_21016_0_0.png
processing: 5068878_21015_0_0.png
processing: 5068817_21016_0_0.png
processing: 5068817_21015_0_0.png
processing: 5068780_21016_0_0.png
  SKIPPING IMAGE: tot amount of vasculature (10221.8782) < quality threshold 
processing: 5068780_21015_0_0.png
  SKIPPING IMAGE: tot amount of vasculature (1997.0382) < quality threshold 
processing: 5068767_21016_0_0.png
processing: 5068767_21015_0_0.png
processing: 5068697_21016_0_0.png
  SKIPPING IMAGE: tot amount of vasculature (2163.9542) < quality threshold 
processing: 5068697_21015_0_0.png
  SKIPPING IMAGE: tot amount of vasculature (1260.8063) < quality threshold 
processing: 5068683_21016_0_0.png
processing: 5068683_21015_0_0.png
processing: 5068628_21016_0_0.png
processing: 5068628_21015_0_0.png
processing: 5068611_21016_0_0.png
  SKIPPING IMAGE: tot amount of vasculature (1731.6672) < quality threshold 
processing: 5068611_21015_0_0.png
  SKIPPING IMAGE: tot amount of vasculature (3804.7031) < quality threshold 
processing: 5068609_21016_0_0.png
  SKIPPING IMAGE: tot amount of vasculature (5.8729) < quality threshold 
processing: 5068609_21015_0_0.png
  SKIPPING IMAGE: tot amount of vasculature (6802.2087) < quality threshold 
processing: 5068598_21016_0_0.png
processing: 5068598_21015_0_0.png
  SKIPPING IMAGE: tot amount of vasculature (10349.9494) < quality threshold 
processing: 5068551_21016_0_0.png
processing: 5068551_21015_0_0.png
processing: 5068512_21016_0_0.png
processing: 5068512_21015_0_0.png
processing: 5068485_21016_0_0.png
processing: 5068485_21015_0_0.png
processing: 5068421_21016_0_0.png
processing: 5068421_21015_0_0.png
processing: 5068357_21016_1_0.png
processing: 5068357_21015_1_0.png
processing: 5068306_21016_0_0.png
processing: 5068306_21015_0_0.png
processing: 5068244_21016_0_0.png
processing: 5068244_21015_0_0.png
processing: 5068090_21016_1_0.png
processing: 5068090_21015_1_0.png
  SKIPPING IMAGE: tot amount of vasculature (10256.5043) < quality threshold 
processing: 5067999_21016_1_0.png
processing: 5067999_21015_1_0.png
processing: 5067967_21016_0_0.png
processing: 5067967_21015_0_0.png
  SKIPPING IMAGE: tot amount of vasculature (10603.1928) < quality threshold 
processing: 5067955_21016_0_0.png
processing: 5067955_21015_0_0.png
processing: 5067936_21016_1_0.png
processing: 5067936_21015_1_0.png
processing: 5067885_21016_0_0.png
processing: 5067885_21015_0_0.png
processing: 5067877_21016_0_0.png
processing: 5067877_21015_0_0.png
processing: 5067839_21016_0_0.png
processing: 5067839_21015_0_0.png
processing: 5067818_21016_1_0.png
processing: 5067818_21016_0_0.png
processing: 5067818_21015_1_0.png
  SKIPPING IMAGE: tot amount of vasculature (9129.5584) < quality threshold 
processing: 5067818_21015_0_0.png
processing: 5067784_21016_0_0.png
processing: 5067784_21015_0_0.png
processing: 5067702_21016_0_0.png
  SKIPPING IMAGE: tot amount of vasculature (3468.1375) < quality threshold 
processing: 5067702_21015_0_0.png
  SKIPPING IMAGE: tot amount of vasculature (180.7878) < quality threshold 
processing: 5067664_21016_1_0.png
processing: 5067664_21015_1_0.png
processing: 5067651_21016_0_0.png
  SKIPPING IMAGE: tot amount of vasculature (16.545) < quality threshold 
processing: 5067651_21015_0_1.png
  SKIPPING IMAGE: tot amount of vasculature (2496.8112) < quality threshold 
processing: 5067651_21015_0_0.png
  SKIPPING IMAGE: tot amount of vasculature (8903.1538) < quality threshold 
processing: 5067576_21016_1_0.png
processing: 5067576_21015_1_0.png
processing: 5067560_21016_0_0.png
processing: 5067560_21015_0_0.png
processing: 5067545_21016_1_0.png
processing: 5067545_21015_1_0.png
processing: 5067511_21016_0_0.png
processing: 5067511_21015_0_0.png
processing: 5067478_21016_0_0.png
  SKIPPING IMAGE: tot amount of vasculature (1530.945) < quality threshold 
processing: 5067478_21015_0_0.png
  SKIPPING IMAGE: tot amount of vasculature (2506.9634) < quality threshold 
processing: 5067422_21016_0_0.png
processing: 5067422_21015_0_0.png
processing: 5067310_21016_0_0.png
processing: 5067310_21015_0_0.png
processing: 5067240_21016_0_0.png
processing: 5067240_21015_0_0.png
processing: 5067214_21016_0_0.png
  SKIPPING IMAGE: tot amount of vasculature (4621.1909) < quality threshold 
processing: 5067214_21015_0_0.png
  SKIPPING IMAGE: tot amount of vasculature (4098.0274) < quality threshold 
processing: 5067181_21016_0_0.png
  SKIPPING IMAGE: tot amount of vasculature (10796.0896) < quality threshold 
processing: 5067181_21015_0_0.png
  SKIPPING IMAGE: tot amount of vasculature (9248.4592) < quality threshold 
processing: 5067174_21016_1_0.png
  SKIPPING IMAGE: tot amount of vasculature (9176.7023) < quality threshold 
processing: 5067174_21015_1_0.png
  SKIPPING IMAGE: tot amount of vasculature (4265.1849) < quality threshold 
processing: 5067125_21016_0_0.png
  SKIPPING IMAGE: tot amount of vasculature (10674.9908) < quality threshold 
processing: 5067125_21015_0_0.png
  SKIPPING IMAGE: tot amount of vasculature (4900.981) < quality threshold 
processing: 5067070_21016_1_0.png
  SKIPPING IMAGE: tot amount of vasculature (4322.5776) < quality threshold 
processing: 5067070_21015_1_0.png
  SKIPPING IMAGE: tot amount of vasculature (3501.1011) < quality threshold 
processing: 5067029_21016_0_0.png
  SKIPPING IMAGE: tot amount of vasculature (4134.1969) < quality threshold 
processing: 5067029_21015_0_0.png
  SKIPPING IMAGE: tot amount of vasculature (1.7481) < quality threshold 
processing: 5066985_21016_0_0.png
processing: 5066985_21015_0_0.png
processing: 5066921_21016_0_0.png
processing: 5066921_21015_0_0.png
  SKIPPING IMAGE: tot amount of vasculature (8355.2905) < quality threshold 
processing: 5066836_21016_0_0.png
  SKIPPING IMAGE: tot amount of vasculature (7840.6219) < quality threshold 
processing: 5066836_21015_0_0.png
processing: 5066790_21016_0_0.png
  SKIPPING IMAGE: tot amount of vasculature (3410.8559) < quality threshold 
processing: 5066790_21015_0_0.png
processing: 5066742_21016_0_0.png
processing: 5066742_21015_0_0.png
processing: 5066592_21016_0_0.png
processing: 5066592_21015_0_0.png
processing: 5066579_21016_0_0.png
processing: 5066579_21015_0_0.png
processing: 5066557_21016_0_0.png
processing: 5066557_21015_0_0.png
processing: 5066514_21016_0_0.png
  SKIPPING IMAGE: tot amount of vasculature (8555.609) < quality threshold 
processing: 5066514_21015_0_0.png
processing: 5066473_21016_1_0.png
processing: 5066473_21015_1_0.png
processing: 5066337_21016_0_0.png
  SKIPPING IMAGE: tot amount of vasculature (10974.1177) < quality threshold 
processing: 5066337_21015_0_0.png
processing: 5066260_21016_0_0.png
  SKIPPING IMAGE: tot amount of vasculature (8516.4163) < quality threshold 
processing: 5066260_21015_0_0.png
processing: 5066209_21016_0_0.png
  SKIPPING IMAGE: tot amount of vasculature (9189.7909) < quality threshold 
processing: 5066209_21015_0_0.png
processing: 5066159_21016_0_0.png
processing: 5066159_21015_0_0.png
processing: 5066120_21016_0_1.png
processing: 5066120_21016_0_0.png
processing: 5066120_21015_0_0.png
processing: 5065998_21016_0_0.png
  SKIPPING IMAGE: tot amount of vasculature (6155.0344) < quality threshold 
processing: 5065998_21015_0_0.png
processing: 5065964_21016_0_0.png
processing: 5065964_21015_0_0.png
processing: 5065930_21016_0_0.png
processing: 5065930_21015_0_0.png
processing: 5065912_21016_0_0.png
processing: 5065912_21015_0_0.png
  SKIPPING IMAGE: tot amount of vasculature (9889.9042) < quality threshold 
processing: 5065905_21015_0_0.png
processing: 5065890_21016_1_0.png
processing: 5065890_21015_1_0.png
  SKIPPING IMAGE: tot amount of vasculature (10355.1704) < quality threshold 
processing: 5065863_21016_0_0.png
processing: 5065863_21015_0_0.png
  SKIPPING IMAGE: tot amount of vasculature (5641.8766) < quality threshold 
processing: 5065856_21015_1_0.png
processing: 5065842_21016_0_0.png
  SKIPPING IMAGE: tot amount of vasculature (9530.6605) < quality threshold 
processing: 5065842_21015_0_0.png
  SKIPPING IMAGE: tot amount of vasculature (10803.6177) < quality threshold 
processing: 5065787_21016_1_0.png
  SKIPPING IMAGE: tot amount of vasculature (4230.2688) < quality threshold 
processing: 5065787_21015_1_0.png
processing: 5065732_21016_0_0.png
processing: 5065732_21015_0_0.png
processing: 5065726_21016_1_0.png
processing: 5065726_21016_0_0.png
processing: 5065726_21015_1_0.png
processing: 5065726_21015_0_0.png
processing: 5065703_21016_0_0.png
  SKIPPING IMAGE: tot amount of vasculature (3809.9852) < quality threshold 
processing: 5065703_21015_0_0.png
  SKIPPING IMAGE: tot amount of vasculature (5212.903) < quality threshold 
processing: 5065624_21016_0_0.png
processing: 5065624_21015_0_0.png
  SKIPPING IMAGE: tot amount of vasculature (4510.2837) < quality threshold 
processing: 5065570_21016_0_0.png
  SKIPPING IMAGE: tot amount of vasculature (3222.4292) < quality threshold 
processing: 5065570_21015_0_0.png
  SKIPPING IMAGE: tot amount of vasculature (10410.005) < quality threshold 
processing: 5065479_21016_0_0.png
  SKIPPING IMAGE: tot amount of vasculature (8007.089) < quality threshold 
processing: 5065479_21015_0_0.png
  SKIPPING IMAGE: tot amount of vasculature (7846.7532) < quality threshold 
processing: 5065395_21016_0_1.png
  SKIPPING IMAGE: tot amount of vasculature (3120.2065) < quality threshold 
processing: 5065395_21016_0_0.png
  SKIPPING IMAGE: tot amount of vasculature (5648.8591) < quality threshold 
processing: 5065395_21015_0_0.png
  SKIPPING IMAGE: tot amount of vasculature (3242.3377) < quality threshold 
processing: 5065222_21016_0_0.png
processing: 5065222_21015_0_0.png
processing: 5065217_21016_1_0.png
processing: 5065217_21015_1_0.png
FINISHED: .mat files have been written to: /data/FAC/FBM/DBC/sbergman/retina/UKBiob/fundus/REVIEW//CLRIS/
execution time: 1921 sec
