------------------------------------------
Setting up environment variables
---
LD_LIBRARY_PATH is .:/software/Development/Languages/Matlab_Compiler_Runtime/96/runtime/glnxa64:/software/Development/Languages/Matlab_Compiler_Runtime/96/bin/glnxa64:/software/Development/Languages/Matlab_Compiler_Runtime/96/sys/os/glnxa64:/software/Development/Languages/Matlab_Compiler_Runtime/96/sys/opengl/lib/glnxa64
Running vessel measurements...
processing: 1866648_21016_0_0.png
processing: 1866648_21015_0_0.png
processing: 1866537_21016_0_0.png
processing: 1866537_21015_0_0.png
processing: 1866479_21016_0_0.png
processing: 1866479_21015_0_0.png
processing: 1866457_21016_0_0.png
processing: 1866457_21015_0_0.png
processing: 1866431_21016_0_0.png
processing: 1866431_21015_0_0.png
processing: 1866414_21016_0_0.png
processing: 1866414_21015_0_0.png
processing: 1866395_21016_0_0.png
processing: 1866395_21015_0_1.png
processing: 1866395_21015_0_0.png
processing: 1866384_21016_0_0.png
processing: 1866384_21015_0_0.png
processing: 1866368_21016_1_0.png
processing: 1866368_21015_1_0.png
processing: 1866316_21016_0_0.png
processing: 1866316_21015_0_0.png
processing: 1866246_21016_1_0.png
processing: 1866060_21016_0_0.png
processing: 1866060_21015_0_0.png
processing: 1865776_21016_0_0.png
processing: 1865776_21015_0_0.png
processing: 1865760_21016_0_0.png
  SKIPPING IMAGE: tot amount of vasculature (2516.8892) < quality threshold 
processing: 1865760_21015_0_0.png
  SKIPPING IMAGE: tot amount of vasculature (1872.4121) < quality threshold 
processing: 1865745_21016_0_0.png
  SKIPPING IMAGE: tot amount of vasculature (10582.8937) < quality threshold 
processing: 1865745_21015_0_0.png
  SKIPPING IMAGE: tot amount of vasculature (3256.1255) < quality threshold 
processing: 1865728_21016_0_0.png
processing: 1865728_21015_0_0.png
processing: 1865663_21016_0_0.png
processing: 1865663_21015_0_0.png
processing: 1865625_21016_0_0.png
processing: 1865625_21015_0_0.png
processing: 1865520_21016_0_0.png
processing: 1865520_21015_0_0.png
processing: 1865429_21016_0_0.png
processing: 1865429_21015_0_0.png
processing: 1865415_21016_1_0.png
  SKIPPING IMAGE: tot amount of vasculature (628.0271) < quality threshold 
processing: 1865415_21015_1_0.png
  SKIPPING IMAGE: tot amount of vasculature (6148.8083) < quality threshold 
processing: 1865343_21016_0_0.png
processing: 1865343_21015_0_0.png
processing: 1865318_21016_0_0.png
processing: 1865318_21015_0_0.png
processing: 1865248_21016_0_0.png
processing: 1865248_21015_0_0.png
processing: 1865213_21016_0_0.png
processing: 1865213_21015_0_0.png
processing: 1865186_21016_0_0.png
processing: 1865186_21015_0_0.png
processing: 1865149_21016_0_0.png
processing: 1865149_21015_0_0.png
processing: 1865127_21016_0_0.png
processing: 1865127_21015_0_0.png
processing: 1865112_21016_0_0.png
  SKIPPING IMAGE: tot amount of vasculature (8483.3582) < quality threshold 
processing: 1865112_21015_0_0.png
processing: 1864953_21016_0_0.png
processing: 1864953_21015_0_0.png
processing: 1864834_21016_0_0.png
processing: 1864834_21015_0_0.png
processing: 1864761_21016_1_0.png
processing: 1864761_21015_1_0.png
processing: 1864735_21016_1_0.png
processing: 1864735_21015_1_0.png
processing: 1864722_21016_1_0.png
  SKIPPING IMAGE: tot amount of vasculature (8861.5214) < quality threshold 
processing: 1864722_21015_1_0.png
  SKIPPING IMAGE: tot amount of vasculature (10225.2829) < quality threshold 
processing: 1864658_21016_0_0.png
processing: 1864658_21015_0_0.png
processing: 1864610_21016_1_0.png
processing: 1864610_21015_1_0.png
processing: 1864577_21016_0_0.png
processing: 1864577_21015_0_0.png
  SKIPPING IMAGE: tot amount of vasculature (1916.5686) < quality threshold 
processing: 1864539_21016_1_0.png
  SKIPPING IMAGE: tot amount of vasculature (8800.1964) < quality threshold 
processing: 1864539_21015_1_0.png
  SKIPPING IMAGE: tot amount of vasculature (9074.2811) < quality threshold 
processing: 1864484_21016_0_0.png
  SKIPPING IMAGE: tot amount of vasculature (10615.0524) < quality threshold 
processing: 1864484_21015_0_0.png
  SKIPPING IMAGE: tot amount of vasculature (6231.7528) < quality threshold 
processing: 1864242_21016_1_0.png
processing: 1864242_21015_1_0.png
processing: 1864238_21016_0_0.png
processing: 1864238_21015_0_0.png
  SKIPPING IMAGE: tot amount of vasculature (9994.1968) < quality threshold 
processing: 1864225_21016_0_0.png
processing: 1864225_21015_0_0.png
processing: 1864157_21016_1_0.png
  SKIPPING IMAGE: tot amount of vasculature (9873.0409) < quality threshold 
processing: 1864157_21015_1_0.png
processing: 1864131_21016_0_0.png
processing: 1864131_21015_0_0.png
processing: 1863910_21016_0_0.png
  SKIPPING IMAGE: tot amount of vasculature (10896) < quality threshold 
processing: 1863910_21015_0_0.png
processing: 1863865_21016_1_0.png
  SKIPPING IMAGE: tot amount of vasculature (5752.4323) < quality threshold 
processing: 1863865_21015_1_0.png
processing: 1863831_21016_0_0.png
processing: 1863831_21015_0_0.png
  SKIPPING IMAGE: tot amount of vasculature (9187.6537) < quality threshold 
processing: 1863806_21016_0_0.png
processing: 1863806_21015_0_0.png
processing: 1863773_21016_0_0.png
processing: 1863773_21015_0_0.png
processing: 1863730_21016_0_0.png
processing: 1863730_21015_0_0.png
  SKIPPING IMAGE: tot amount of vasculature (8695.653) < quality threshold 
processing: 1863599_21016_0_0.png
  SKIPPING IMAGE: tot amount of vasculature (7.8109) < quality threshold 
processing: 1863599_21015_0_0.png
  SKIPPING IMAGE: tot amount of vasculature (3279.8426) < quality threshold 
processing: 1863567_21016_1_0.png
processing: 1863567_21015_1_0.png
processing: 1863536_21016_0_0.png
processing: 1863536_21015_0_0.png
  SKIPPING IMAGE: tot amount of vasculature (10754.0093) < quality threshold 
processing: 1863463_21016_0_0.png
processing: 1863463_21015_0_0.png
  SKIPPING IMAGE: tot amount of vasculature (8975.8978) < quality threshold 
processing: 1863442_21016_0_0.png
  SKIPPING IMAGE: tot amount of vasculature (7982.9299) < quality threshold 
processing: 1863442_21015_0_0.png
processing: 1863393_21016_0_0.png
processing: 1863393_21015_0_0.png
processing: 1863378_21016_0_0.png
processing: 1863378_21015_0_0.png
processing: 1863354_21016_1_0.png
processing: 1863354_21015_1_0.png
processing: 1863335_21016_0_0.png
processing: 1863335_21015_0_0.png
processing: 1863322_21016_0_0.png
processing: 1863322_21015_0_0.png
processing: 1863284_21016_0_0.png
processing: 1863284_21015_0_0.png
processing: 1863271_21016_0_0.png
processing: 1863271_21015_0_0.png
processing: 1863220_21016_0_0.png
processing: 1863220_21015_0_0.png
processing: 1863183_21016_1_0.png
  SKIPPING IMAGE: tot amount of vasculature (2861.2879) < quality threshold 
processing: 1863183_21015_1_0.png
  SKIPPING IMAGE: tot amount of vasculature (10742.2847) < quality threshold 
processing: 1863176_21016_0_0.png
processing: 1863176_21015_0_0.png
processing: 1863152_21016_1_0.png
  SKIPPING IMAGE: tot amount of vasculature (1058.917) < quality threshold 
processing: 1863152_21015_1_0.png
  SKIPPING IMAGE: tot amount of vasculature (6280.0501) < quality threshold 
processing: 1863128_21016_0_0.png
processing: 1863128_21015_0_0.png
processing: 1863096_21016_0_0.png
processing: 1863096_21015_0_0.png
processing: 1863062_21016_1_0.png
processing: 1863062_21015_1_0.png
