------------------------------------------
Setting up environment variables
---
LD_LIBRARY_PATH is .:/software/Development/Languages/Matlab_Compiler_Runtime/96/runtime/glnxa64:/software/Development/Languages/Matlab_Compiler_Runtime/96/bin/glnxa64:/software/Development/Languages/Matlab_Compiler_Runtime/96/sys/os/glnxa64:/software/Development/Languages/Matlab_Compiler_Runtime/96/sys/opengl/lib/glnxa64
Running vessel measurements...
processing: 1059013_21016_0_0.png
processing: 1059013_21015_0_0.png
processing: 1058942_21016_0_0.png
processing: 1058942_21015_0_0.png
processing: 1058812_21016_1_0.png
  SKIPPING IMAGE: tot amount of vasculature (4250.8218) < quality threshold 
processing: 1058812_21015_1_0.png
  SKIPPING IMAGE: tot amount of vasculature (2800.5022) < quality threshold 
processing: 1058805_21016_0_0.png
  SKIPPING IMAGE: tot amount of vasculature (4745.4253) < quality threshold 
processing: 1058805_21015_0_0.png
  SKIPPING IMAGE: tot amount of vasculature (6254.655) < quality threshold 
processing: 1058688_21016_0_0.png
processing: 1058688_21015_0_0.png
processing: 1058657_21016_0_0.png
  SKIPPING IMAGE: tot amount of vasculature (1950.2675) < quality threshold 
processing: 1058657_21015_0_0.png
  SKIPPING IMAGE: tot amount of vasculature (3689.6276) < quality threshold 
processing: 1058606_21016_0_0.png
  SKIPPING IMAGE: tot amount of vasculature (10406.8584) < quality threshold 
processing: 1058606_21015_0_0.png
  SKIPPING IMAGE: tot amount of vasculature (9223.6562) < quality threshold 
processing: 1058554_21016_0_0.png
processing: 1058554_21015_0_0.png
processing: 1058500_21016_0_0.png
processing: 1058500_21015_0_0.png
processing: 1058480_21016_0_0.png
  SKIPPING IMAGE: tot amount of vasculature (9709.2008) < quality threshold 
processing: 1058480_21015_0_0.png
processing: 1058413_21016_1_0.png
processing: 1058413_21015_1_0.png
  SKIPPING IMAGE: tot amount of vasculature (7433.0305) < quality threshold 
processing: 1058383_21016_0_0.png
  SKIPPING IMAGE: tot amount of vasculature (8059.1865) < quality threshold 
processing: 1058383_21015_0_0.png
  SKIPPING IMAGE: tot amount of vasculature (7965.9664) < quality threshold 
processing: 1058376_21016_1_0.png
processing: 1058376_21015_1_0.png
processing: 1058158_21016_0_0.png
processing: 1058158_21015_0_0.png
processing: 1058071_21016_0_1.png
  SKIPPING IMAGE: tot amount of vasculature (615.9939) < quality threshold 
processing: 1058071_21016_0_0.png
  SKIPPING IMAGE: No vessels found
processing: 1058071_21015_0_0.png
  SKIPPING IMAGE: No vessels found
processing: 1058059_21016_0_0.png
processing: 1058059_21015_0_0.png
processing: 1057939_21016_0_0.png
processing: 1057939_21015_0_0.png
processing: 1057824_21016_0_0.png
  SKIPPING IMAGE: tot amount of vasculature (10731.8668) < quality threshold 
processing: 1057824_21015_0_0.png
  SKIPPING IMAGE: tot amount of vasculature (7077.7602) < quality threshold 
processing: 1057707_21016_0_0.png
processing: 1057707_21015_0_0.png
processing: 1057514_21016_0_0.png
processing: 1057514_21015_0_0.png
processing: 1057449_21016_1_0.png
processing: 1057449_21015_1_0.png
processing: 1057405_21016_0_0.png
processing: 1057405_21015_0_0.png
processing: 1057366_21016_0_1.png
  SKIPPING IMAGE: tot amount of vasculature (9241.2276) < quality threshold 
processing: 1057366_21016_0_0.png
  SKIPPING IMAGE: tot amount of vasculature (1305.4739) < quality threshold 
processing: 1057366_21015_0_0.png
  SKIPPING IMAGE: tot amount of vasculature (10908.8155) < quality threshold 
processing: 1057329_21016_0_0.png
processing: 1057329_21015_0_0.png
processing: 1057315_21016_0_0.png
  SKIPPING IMAGE: tot amount of vasculature (6423.7483) < quality threshold 
processing: 1057315_21015_0_0.png
  SKIPPING IMAGE: tot amount of vasculature (5968.1778) < quality threshold 
processing: 1057252_21016_0_0.png
processing: 1057252_21015_0_0.png
processing: 1057228_21016_0_0.png
processing: 1057228_21015_0_0.png
processing: 1057120_21016_0_0.png
  SKIPPING IMAGE: tot amount of vasculature (3100.9669) < quality threshold 
processing: 1057120_21015_0_0.png
  SKIPPING IMAGE: tot amount of vasculature (4205.9187) < quality threshold 
processing: 1057075_21016_1_0.png
  SKIPPING IMAGE: tot amount of vasculature (7614.482) < quality threshold 
processing: 1057075_21015_1_0.png
  SKIPPING IMAGE: tot amount of vasculature (6961.9384) < quality threshold 
processing: 1057069_21016_1_0.png
processing: 1057069_21015_1_0.png
processing: 1057044_21016_0_0.png
processing: 1057044_21015_0_0.png
processing: 1057026_21016_0_0.png
processing: 1057026_21015_0_0.png
processing: 1057010_21016_1_0.png
processing: 1057010_21015_1_0.png
processing: 1056999_21016_0_0.png
processing: 1056999_21015_0_0.png
processing: 1056885_21016_1_0.png
  SKIPPING IMAGE: tot amount of vasculature (3169.9089) < quality threshold 
processing: 1056885_21015_1_0.png
  SKIPPING IMAGE: tot amount of vasculature (4074.9091) < quality threshold 
processing: 1056850_21016_0_0.png
processing: 1056850_21015_0_0.png
processing: 1056795_21016_1_0.png
  SKIPPING IMAGE: tot amount of vasculature (5264.1235) < quality threshold 
processing: 1056795_21015_1_0.png
  SKIPPING IMAGE: tot amount of vasculature (3747.2146) < quality threshold 
processing: 1056716_21016_0_0.png
  SKIPPING IMAGE: tot amount of vasculature (10829.7144) < quality threshold 
processing: 1056716_21015_0_0.png
  SKIPPING IMAGE: tot amount of vasculature (2728.3252) < quality threshold 
processing: 1056673_21016_0_0.png
  SKIPPING IMAGE: tot amount of vasculature (7802.7826) < quality threshold 
processing: 1056673_21015_0_0.png
  SKIPPING IMAGE: tot amount of vasculature (7481.1865) < quality threshold 
processing: 1056534_21016_0_0.png
  SKIPPING IMAGE: tot amount of vasculature (2.1134) < quality threshold 
processing: 1056534_21015_0_0.png
  SKIPPING IMAGE: tot amount of vasculature (1608.0533) < quality threshold 
processing: 1056478_21016_0_0.png
  SKIPPING IMAGE: tot amount of vasculature (7353.7053) < quality threshold 
processing: 1056478_21015_0_0.png
processing: 1056163_21016_0_0.png
processing: 1056163_21015_0_0.png
processing: 1055961_21016_0_0.png
  SKIPPING IMAGE: tot amount of vasculature (8464.3801) < quality threshold 
processing: 1055961_21015_0_0.png
  SKIPPING IMAGE: tot amount of vasculature (1569.6855) < quality threshold 
processing: 1055954_21016_0_0.png
  SKIPPING IMAGE: tot amount of vasculature (8450.3395) < quality threshold 
processing: 1055954_21015_0_0.png
processing: 1055917_21016_0_0.png
processing: 1055917_21015_0_0.png
processing: 1055859_21016_0_0.png
processing: 1055859_21015_0_0.png
processing: 1055820_21016_0_0.png
  SKIPPING IMAGE: tot amount of vasculature (8630.053) < quality threshold 
processing: 1055820_21015_0_0.png
  SKIPPING IMAGE: tot amount of vasculature (10901.4354) < quality threshold 
processing: 1055802_21016_0_0.png
  SKIPPING IMAGE: tot amount of vasculature (10311.5645) < quality threshold 
processing: 1055802_21015_0_0.png
  SKIPPING IMAGE: tot amount of vasculature (2959.2987) < quality threshold 
processing: 1055782_21016_0_0.png
processing: 1055782_21015_0_0.png
  SKIPPING IMAGE: tot amount of vasculature (8647.8774) < quality threshold 
processing: 1055708_21016_0_0.png
  SKIPPING IMAGE: tot amount of vasculature (3081.3892) < quality threshold 
processing: 1055708_21015_0_0.png
  SKIPPING IMAGE: tot amount of vasculature (6653.687) < quality threshold 
processing: 1055677_21016_1_0.png
  SKIPPING IMAGE: tot amount of vasculature (1626.5025) < quality threshold 
processing: 1055677_21016_0_0.png
  SKIPPING IMAGE: tot amount of vasculature (9551.0977) < quality threshold 
processing: 1055677_21015_1_0.png
  SKIPPING IMAGE: tot amount of vasculature (10731.6947) < quality threshold 
processing: 1055677_21015_0_0.png
processing: 1055604_21016_0_0.png
processing: 1055604_21015_0_0.png
processing: 1055569_21016_0_0.png
processing: 1055569_21015_0_0.png
processing: 1055532_21016_0_0.png
processing: 1055532_21015_0_0.png
processing: 1055483_21016_1_0.png
processing: 1055483_21015_1_0.png
processing: 1055390_21016_0_0.png
processing: 1055390_21015_0_0.png
processing: 1055381_21016_0_0.png
  SKIPPING IMAGE: tot amount of vasculature (10831.369) < quality threshold 
processing: 1055381_21015_0_0.png
  SKIPPING IMAGE: tot amount of vasculature (1265.5174) < quality threshold 
processing: 1055374_21016_1_0.png
processing: 1055374_21015_1_0.png
  SKIPPING IMAGE: tot amount of vasculature (7494.7338) < quality threshold 
processing: 1055338_21016_0_0.png
processing: 1055338_21015_0_0.png
processing: 1055319_21016_0_0.png
processing: 1055319_21015_0_0.png
processing: 1055199_21016_1_0.png
  SKIPPING IMAGE: tot amount of vasculature (7088.563) < quality threshold 
processing: 1055199_21015_1_0.png
  SKIPPING IMAGE: tot amount of vasculature (4815.9246) < quality threshold 
processing: 1055180_21016_1_0.png
  SKIPPING IMAGE: tot amount of vasculature (8465.9183) < quality threshold 
processing: 1055180_21015_1_0.png
  SKIPPING IMAGE: tot amount of vasculature (5658.7613) < quality threshold 
processing: 1054997_21016_0_0.png
  SKIPPING IMAGE: tot amount of vasculature (5962.7174) < quality threshold 
processing: 1054997_21015_0_0.png
  SKIPPING IMAGE: tot amount of vasculature (9122.068) < quality threshold 
processing: 1054934_21016_0_0.png
processing: 1054934_21015_0_0.png
processing: 1054911_21016_0_0.png
  SKIPPING IMAGE: tot amount of vasculature (294.3796) < quality threshold 
processing: 1054911_21015_0_0.png
  SKIPPING IMAGE: tot amount of vasculature (896.7836) < quality threshold 
processing: 1054866_21016_0_0.png
processing: 1054866_21015_0_0.png
processing: 1054853_21016_0_0.png
processing: 1054853_21015_0_0.png
processing: 1054792_21016_1_0.png
  SKIPPING IMAGE: tot amount of vasculature (8875.3684) < quality threshold 
processing: 1054792_21015_1_0.png
  SKIPPING IMAGE: tot amount of vasculature (9039.9755) < quality threshold 
processing: 1054788_21016_0_0.png
processing: 1054788_21015_0_0.png
processing: 1054779_21016_0_0.png
processing: 1054779_21015_0_0.png
processing: 1054659_21016_0_0.png
processing: 1054659_21015_0_0.png
processing: 1054633_21016_0_0.png
  SKIPPING IMAGE: tot amount of vasculature (309.0658) < quality threshold 
processing: 1054633_21015_0_0.png
  SKIPPING IMAGE: tot amount of vasculature (1046.6976) < quality threshold 
processing: 1054563_21016_0_0.png
  SKIPPING IMAGE: tot amount of vasculature (1358.6165) < quality threshold 
processing: 1054563_21015_0_0.png
  SKIPPING IMAGE: tot amount of vasculature (5018.2917) < quality threshold 
processing: 1054507_21016_0_0.png
processing: 1054507_21015_0_0.png
processing: 1054487_21016_1_0.png
  SKIPPING IMAGE: tot amount of vasculature (4759.3332) < quality threshold 
processing: 1054487_21015_1_0.png
  SKIPPING IMAGE: tot amount of vasculature (7631.6629) < quality threshold 
processing: 1054285_21016_0_0.png
processing: 1054285_21015_0_0.png
processing: 1054243_21016_0_1.png
  SKIPPING IMAGE: tot amount of vasculature (3945.6044) < quality threshold 
processing: 1054243_21016_0_0.png
  SKIPPING IMAGE: tot amount of vasculature (5988.8491) < quality threshold 
processing: 1054243_21015_0_0.png
  SKIPPING IMAGE: tot amount of vasculature (2234.812) < quality threshold 
processing: 1054178_21016_1_0.png
  SKIPPING IMAGE: tot amount of vasculature (8963.4422) < quality threshold 
processing: 1054178_21015_1_0.png
processing: 1054135_21016_0_0.png
processing: 1054135_21015_0_0.png
processing: 1054122_21016_0_0.png
processing: 1054122_21015_0_0.png
processing: 1054117_21016_0_0.png
processing: 1054117_21015_0_0.png
processing: 1054073_21016_0_0.png
  SKIPPING IMAGE: tot amount of vasculature (10325.5491) < quality threshold 
processing: 1054073_21015_0_0.png
processing: 1054030_21016_0_0.png
  SKIPPING IMAGE: tot amount of vasculature (8490.7772) < quality threshold 
processing: 1054030_21015_0_0.png
  SKIPPING IMAGE: tot amount of vasculature (588.4342) < quality threshold 
processing: 1053995_21016_0_0.png
  SKIPPING IMAGE: tot amount of vasculature (1563.0558) < quality threshold 
processing: 1053995_21015_0_0.png
  SKIPPING IMAGE: tot amount of vasculature (2961.2749) < quality threshold 
processing: 1053920_21016_0_0.png
processing: 1053920_21015_0_0.png
processing: 1053799_21016_0_0.png
processing: 1053799_21015_0_0.png
processing: 1053724_21016_0_0.png
processing: 1053724_21015_0_0.png
processing: 1053634_21016_0_0.png
  SKIPPING IMAGE: tot amount of vasculature (10307.7282) < quality threshold 
processing: 1053634_21015_0_0.png
  SKIPPING IMAGE: tot amount of vasculature (4433.6342) < quality threshold 
processing: 1053586_21016_1_0.png
processing: 1053586_21015_1_0.png
processing: 1053226_21016_0_0.png
  SKIPPING IMAGE: tot amount of vasculature (9885.4276) < quality threshold 
processing: 1053226_21015_0_0.png
  SKIPPING IMAGE: tot amount of vasculature (7688.012) < quality threshold 
processing: 1053203_21016_0_0.png
processing: 1053203_21015_0_0.png
processing: 1053137_21016_0_0.png
processing: 1053137_21015_0_0.png
processing: 1053115_21016_0_0.png
processing: 1053115_21015_0_0.png
processing: 1052944_21016_0_0.png
processing: 1052944_21015_0_0.png
processing: 1052910_21016_1_0.png
  SKIPPING IMAGE: tot amount of vasculature (6248.9517) < quality threshold 
processing: 1052910_21015_1_0.png
  SKIPPING IMAGE: tot amount of vasculature (8193.5729) < quality threshold 
processing: 1052892_21016_1_0.png
processing: 1052892_21015_1_0.png
processing: 1052831_21016_0_0.png
processing: 1052831_21015_0_0.png
processing: 1052751_21016_0_0.png
processing: 1052751_21015_0_0.png
processing: 1052749_21016_0_0.png
  SKIPPING IMAGE: tot amount of vasculature (8444.6586) < quality threshold 
processing: 1052749_21015_0_0.png
  SKIPPING IMAGE: tot amount of vasculature (10621.3235) < quality threshold 
processing: 1052666_21016_1_0.png
processing: 1052666_21015_1_0.png
processing: 1052637_21016_0_0.png
processing: 1052637_21015_0_0.png
  SKIPPING IMAGE: tot amount of vasculature (10959.3243) < quality threshold 
processing: 1052629_21016_0_0.png
processing: 1052629_21015_0_0.png
processing: 1052580_21016_1_0.png
processing: 1052580_21015_1_0.png
  SKIPPING IMAGE: tot amount of vasculature (5311.064) < quality threshold 
processing: 1052548_21016_1_0.png
  SKIPPING IMAGE: tot amount of vasculature (3890.568) < quality threshold 
processing: 1052548_21015_1_0.png
  SKIPPING IMAGE: tot amount of vasculature (4867.6634) < quality threshold 
processing: 1052536_21016_0_0.png
processing: 1052536_21015_0_0.png
processing: 1052481_21016_0_0.png
processing: 1052481_21015_0_0.png
processing: 1052425_21016_0_0.png
processing: 1052425_21015_0_0.png
processing: 1052335_21016_1_0.png
processing: 1052335_21015_1_0.png
processing: 1052322_21016_0_0.png
processing: 1052322_21015_0_0.png
processing: 1052268_21016_1_0.png
  SKIPPING IMAGE: tot amount of vasculature (3269.9102) < quality threshold 
processing: 1052268_21015_1_0.png
  SKIPPING IMAGE: tot amount of vasculature (7422.4536) < quality threshold 
processing: 1052247_21016_0_0.png
processing: 1052247_21015_0_0.png
processing: 1052145_21016_0_0.png
processing: 1052145_21015_0_0.png
  SKIPPING IMAGE: tot amount of vasculature (8548.1639) < quality threshold 
processing: 1052109_21016_0_0.png
processing: 1052109_21015_0_0.png
processing: 1052096_21016_0_0.png
processing: 1052096_21015_0_0.png
processing: 1051986_21016_0_0.png
processing: 1051986_21015_0_0.png
processing: 1051890_21016_0_0.png
processing: 1051890_21015_0_0.png
processing: 1051874_21016_0_1.png
processing: 1051874_21016_0_0.png
processing: 1051874_21015_0_0.png
processing: 1051825_21016_0_0.png
processing: 1051825_21015_0_0.png
processing: 1051807_21016_0_0.png
processing: 1051807_21015_0_0.png
processing: 1051791_21016_0_0.png
processing: 1051791_21015_0_0.png
  SKIPPING IMAGE: tot amount of vasculature (10654.2853) < quality threshold 
processing: 1051680_21016_1_0.png
processing: 1051680_21015_1_0.png
processing: 1051655_21016_1_0.png
processing: 1051655_21015_1_0.png
processing: 1051636_21016_0_0.png
  SKIPPING IMAGE: tot amount of vasculature (2366.9244) < quality threshold 
processing: 1051636_21015_0_0.png
  SKIPPING IMAGE: tot amount of vasculature (7752.3021) < quality threshold 
processing: 1051613_21016_0_0.png
  SKIPPING IMAGE: tot amount of vasculature (7297.5974) < quality threshold 
processing: 1051613_21015_0_0.png
  SKIPPING IMAGE: tot amount of vasculature (8335.3592) < quality threshold 
processing: 1051566_21016_0_0.png
  SKIPPING IMAGE: tot amount of vasculature (5285.8497) < quality threshold 
processing: 1051566_21015_0_0.png
  SKIPPING IMAGE: tot amount of vasculature (9585.1743) < quality threshold 
processing: 1051553_21016_0_0.png
processing: 1051553_21015_0_0.png
processing: 1051541_21016_0_0.png
  SKIPPING IMAGE: tot amount of vasculature (6524.7464) < quality threshold 
processing: 1051541_21015_0_0.png
  SKIPPING IMAGE: tot amount of vasculature (3752.3512) < quality threshold 
processing: 1051537_21016_0_0.png
processing: 1051537_21015_0_0.png
processing: 1051529_21016_0_0.png
processing: 1051529_21015_0_1.png
processing: 1051529_21015_0_0.png
  SKIPPING IMAGE: tot amount of vasculature (9561.9849) < quality threshold 
processing: 1051515_21016_0_0.png
processing: 1051515_21015_0_0.png
processing: 1051406_21016_1_0.png
Warning: No vessels found in 1051406_21016_1_0
> In Vessel_Data_IO.load_from_file (line 183)
  In REVIEW_evaluate_diameter_measurements (line 125)
  In ARIA_run_tests (line 209)
  SKIPPING IMAGE: No vessels found
processing: 1051406_21015_1_0.png
  SKIPPING IMAGE: tot amount of vasculature (3686.5966) < quality threshold 
processing: 1051217_21016_1_0.png
processing: 1051217_21015_1_0.png
processing: 1051185_21016_0_0.png
processing: 1051185_21015_0_0.png
processing: 1051121_21016_0_0.png
processing: 1051121_21015_0_0.png
processing: 1051060_21016_0_0.png
processing: 1051060_21015_0_1.png
processing: 1051060_21015_0_0.png
  SKIPPING IMAGE: tot amount of vasculature (10722.5175) < quality threshold 
processing: 1051011_21016_0_0.png
processing: 1051011_21015_0_0.png
processing: 1051009_21016_1_0.png
  SKIPPING IMAGE: tot amount of vasculature (10143.7768) < quality threshold 
processing: 1051009_21015_1_0.png
  SKIPPING IMAGE: tot amount of vasculature (8133.7361) < quality threshold 
processing: 1050979_21016_0_0.png
processing: 1050979_21015_0_0.png
processing: 1050906_21016_0_0.png
processing: 1050906_21015_0_0.png
processing: 1050869_21016_0_0.png
processing: 1050869_21015_0_0.png
processing: 1050832_21016_0_0.png
processing: 1050832_21015_0_0.png
  SKIPPING IMAGE: tot amount of vasculature (10810.2424) < quality threshold 
processing: 1050690_21016_0_0.png
processing: 1050690_21015_0_0.png
processing: 1050625_21016_0_0.png
processing: 1050625_21015_0_0.png
processing: 1050619_21016_0_0.png
  SKIPPING IMAGE: tot amount of vasculature (6.8853) < quality threshold 
processing: 1050619_21015_0_0.png
  SKIPPING IMAGE: tot amount of vasculature (2872.7392) < quality threshold 
processing: 1050559_21016_1_0.png
processing: 1050559_21015_1_0.png
processing: 1050533_21016_1_0.png
processing: 1050533_21015_1_0.png
  SKIPPING IMAGE: tot amount of vasculature (9644.8515) < quality threshold 
FINISHED: .mat files have been written to: /data/FAC/FBM/DBC/sbergman/retina/UKBiob/fundus/REVIEW//CLRIS/
execution time: 2283 sec
