------------------------------------------
Setting up environment variables
---
LD_LIBRARY_PATH is .:/software/Development/Languages/Matlab_Compiler_Runtime/96/runtime/glnxa64:/software/Development/Languages/Matlab_Compiler_Runtime/96/bin/glnxa64:/software/Development/Languages/Matlab_Compiler_Runtime/96/sys/os/glnxa64:/software/Development/Languages/Matlab_Compiler_Runtime/96/sys/opengl/lib/glnxa64
Running vessel measurements...
processing: 3636368_21016_0_0.png
processing: 3636368_21015_0_0.png
processing: 3636359_21016_0_0.png
processing: 3636359_21015_0_0.png
processing: 3636196_21016_0_0.png
  SKIPPING IMAGE: tot amount of vasculature (5863.3661) < quality threshold 
processing: 3636196_21015_0_0.png
  SKIPPING IMAGE: tot amount of vasculature (3688.3505) < quality threshold 
processing: 3635887_21016_0_0.png
  SKIPPING IMAGE: tot amount of vasculature (3109.5101) < quality threshold 
processing: 3635887_21015_0_0.png
processing: 3635745_21016_0_0.png
processing: 3635745_21015_0_0.png
processing: 3635681_21016_0_0.png
  SKIPPING IMAGE: tot amount of vasculature (5710.2889) < quality threshold 
processing: 3635681_21015_0_0.png
  SKIPPING IMAGE: tot amount of vasculature (9096.2109) < quality threshold 
processing: 3635656_21016_0_0.png
processing: 3635656_21015_0_0.png
processing: 3635595_21016_1_0.png
processing: 3635595_21015_1_0.png
processing: 3635559_21016_0_0.png
processing: 3635559_21015_0_0.png
processing: 3635520_21016_1_0.png
  SKIPPING IMAGE: tot amount of vasculature (2455.3615) < quality threshold 
processing: 3635520_21015_1_0.png
  SKIPPING IMAGE: tot amount of vasculature (5545.0919) < quality threshold 
processing: 3635502_21016_0_0.png
  SKIPPING IMAGE: tot amount of vasculature (7634.866) < quality threshold 
processing: 3635502_21015_0_0.png
  SKIPPING IMAGE: tot amount of vasculature (8403.325) < quality threshold 
processing: 3635415_21016_1_0.png
  SKIPPING IMAGE: tot amount of vasculature (7390.9163) < quality threshold 
processing: 3635415_21015_1_0.png
  SKIPPING IMAGE: tot amount of vasculature (10160.4102) < quality threshold 
processing: 3635408_21016_0_0.png
processing: 3635408_21015_0_0.png
processing: 3635350_21016_0_0.png
processing: 3635350_21015_0_0.png
processing: 3635339_21016_1_0.png
processing: 3635339_21015_1_0.png
processing: 3635304_21016_0_0.png
processing: 3635304_21015_0_0.png
processing: 3635248_21016_0_0.png
processing: 3635248_21015_0_0.png
processing: 3635236_21016_0_0.png
processing: 3635236_21015_0_0.png
processing: 3635151_21016_0_0.png
processing: 3635151_21015_0_0.png
processing: 3635035_21016_1_0.png
  SKIPPING IMAGE: tot amount of vasculature (1762.6982) < quality threshold 
processing: 3635035_21015_1_0.png
  SKIPPING IMAGE: tot amount of vasculature (269.2128) < quality threshold 
processing: 3634691_21016_0_0.png
processing: 3634691_21015_0_0.png
processing: 3634632_21016_0_0.png
processing: 3634632_21015_0_0.png
processing: 3634610_21016_0_1.png
processing: 3634610_21016_0_0.png
  SKIPPING IMAGE: tot amount of vasculature (10741.0433) < quality threshold 
processing: 3634610_21015_0_0.png
  SKIPPING IMAGE: tot amount of vasculature (10969.765) < quality threshold 
processing: 3634596_21016_1_0.png
  SKIPPING IMAGE: tot amount of vasculature (5039.8196) < quality threshold 
processing: 3634596_21015_1_0.png
  SKIPPING IMAGE: tot amount of vasculature (8733.4147) < quality threshold 
processing: 3634577_21016_0_0.png
processing: 3634577_21015_0_0.png
processing: 3634468_21016_0_0.png
  SKIPPING IMAGE: tot amount of vasculature (9680.1149) < quality threshold 
processing: 3634468_21015_0_0.png
  SKIPPING IMAGE: tot amount of vasculature (7569.9253) < quality threshold 
processing: 3634281_21016_0_0.png
processing: 3634281_21015_0_0.png
  SKIPPING IMAGE: tot amount of vasculature (10054.2297) < quality threshold 
processing: 3634256_21016_1_0.png
processing: 3634256_21015_1_0.png
processing: 3634242_21016_0_0.png
processing: 3634242_21015_0_0.png
processing: 3634179_21016_0_0.png
  SKIPPING IMAGE: tot amount of vasculature (10678.37) < quality threshold 
processing: 3634179_21015_0_0.png
  SKIPPING IMAGE: tot amount of vasculature (8267.9957) < quality threshold 
processing: 3634048_21016_0_0.png
processing: 3634048_21015_0_0.png
  SKIPPING IMAGE: tot amount of vasculature (7386.4254) < quality threshold 
processing: 3634036_21016_0_0.png
processing: 3634036_21015_0_0.png
processing: 3633910_21016_0_0.png
  SKIPPING IMAGE: tot amount of vasculature (3018.1966) < quality threshold 
processing: 3633910_21015_0_0.png
  SKIPPING IMAGE: tot amount of vasculature (3759.3186) < quality threshold 
processing: 3633865_21016_0_0.png
  SKIPPING IMAGE: tot amount of vasculature (10228.7178) < quality threshold 
processing: 3633865_21015_0_0.png
processing: 3633840_21016_0_0.png
processing: 3633840_21015_0_0.png
processing: 3633814_21016_0_0.png
processing: 3633814_21015_0_0.png
processing: 3633751_21016_0_0.png
  SKIPPING IMAGE: tot amount of vasculature (449.8136) < quality threshold 
processing: 3633751_21015_0_0.png
processing: 3633712_21016_0_0.png
processing: 3633712_21015_0_0.png
processing: 3633705_21016_0_0.png
processing: 3633705_21015_0_0.png
processing: 3633694_21016_0_0.png
processing: 3633694_21015_0_0.png
processing: 3633572_21016_1_0.png
processing: 3633572_21016_0_0.png
processing: 3633572_21015_1_0.png
processing: 3633572_21015_0_0.png
processing: 3633536_21016_0_0.png
processing: 3633536_21015_0_0.png
processing: 3633490_21016_1_0.png
processing: 3633490_21015_1_0.png
  SKIPPING IMAGE: tot amount of vasculature (1710.5605) < quality threshold 
processing: 3633474_21016_0_0.png
processing: 3633474_21015_0_0.png
processing: 3633456_21016_0_0.png
processing: 3633456_21015_0_0.png
processing: 3633438_21016_0_0.png
processing: 3633438_21015_0_0.png
  SKIPPING IMAGE: tot amount of vasculature (9861.1696) < quality threshold 
processing: 3633407_21016_1_0.png
processing: 3633407_21015_1_0.png
processing: 3633354_21016_0_0.png
processing: 3633354_21015_0_0.png
processing: 3633300_21016_1_0.png
processing: 3633300_21015_1_0.png
processing: 3633295_21016_0_0.png
  SKIPPING IMAGE: tot amount of vasculature (10156.7826) < quality threshold 
processing: 3633295_21015_0_0.png
processing: 3633233_21016_0_0.png
processing: 3633233_21015_0_0.png
processing: 3633183_21016_0_0.png
processing: 3633183_21015_0_0.png
processing: 3633111_21016_0_0.png
processing: 3633111_21015_0_0.png
processing: 3633077_21016_0_0.png
processing: 3633077_21015_0_0.png
