------------------------------------------
Setting up environment variables
---
LD_LIBRARY_PATH is .:/software/Development/Languages/Matlab_Compiler_Runtime/96/runtime/glnxa64:/software/Development/Languages/Matlab_Compiler_Runtime/96/bin/glnxa64:/software/Development/Languages/Matlab_Compiler_Runtime/96/sys/os/glnxa64:/software/Development/Languages/Matlab_Compiler_Runtime/96/sys/opengl/lib/glnxa64
Running vessel measurements...
processing: 5088896_21015_0_0.png
processing: 5088818_21016_0_0.png
processing: 5088818_21015_0_0.png
processing: 5088784_21016_0_0.png
processing: 5088784_21015_0_0.png
processing: 5088720_21016_1_0.png
  SKIPPING IMAGE: tot amount of vasculature (7038.4048) < quality threshold 
processing: 5088720_21015_1_0.png
  SKIPPING IMAGE: tot amount of vasculature (8187.1627) < quality threshold 
processing: 5088702_21016_1_0.png
processing: 5088702_21015_1_0.png
processing: 5088698_21016_1_0.png
processing: 5088698_21015_1_0.png
  SKIPPING IMAGE: tot amount of vasculature (8518.6481) < quality threshold 
processing: 5088686_21016_1_0.png
  SKIPPING IMAGE: tot amount of vasculature (1041.5124) < quality threshold 
processing: 5088686_21015_1_0.png
  SKIPPING IMAGE: tot amount of vasculature (7165.8176) < quality threshold 
processing: 5088649_21016_0_0.png
processing: 5088649_21015_0_0.png
processing: 5088630_21016_0_0.png
processing: 5088630_21015_0_0.png
processing: 5088454_21016_0_0.png
processing: 5088454_21015_0_0.png
processing: 5088369_21016_1_0.png
processing: 5088369_21015_1_0.png
processing: 5088358_21016_0_0.png
processing: 5088358_21015_0_0.png
processing: 5088344_21016_0_0.png
processing: 5088344_21015_0_0.png
processing: 5088332_21016_1_0.png
  SKIPPING IMAGE: tot amount of vasculature (810.0257) < quality threshold 
processing: 5088332_21016_0_0.png
  SKIPPING IMAGE: tot amount of vasculature (7674.3984) < quality threshold 
processing: 5088332_21015_1_0.png
processing: 5088332_21015_0_0.png
processing: 5088181_21016_1_0.png
  SKIPPING IMAGE: tot amount of vasculature (5073.0259) < quality threshold 
processing: 5088181_21016_0_0.png
processing: 5088181_21015_1_0.png
  SKIPPING IMAGE: tot amount of vasculature (10138.5813) < quality threshold 
processing: 5088181_21015_0_0.png
processing: 5088037_21016_0_0.png
processing: 5088037_21015_0_0.png
processing: 5087947_21016_0_0.png
processing: 5087947_21015_0_0.png
processing: 5087916_21016_0_0.png
processing: 5087916_21015_0_0.png
processing: 5087889_21016_0_0.png
processing: 5087889_21015_0_0.png
processing: 5087861_21016_0_0.png
  SKIPPING IMAGE: tot amount of vasculature (4188.6304) < quality threshold 
processing: 5087861_21015_0_0.png
  SKIPPING IMAGE: tot amount of vasculature (1177.7428) < quality threshold 
processing: 5087628_21016_0_0.png
processing: 5087628_21015_0_0.png
processing: 5087609_21016_1_0.png
  SKIPPING IMAGE: tot amount of vasculature (8126.5388) < quality threshold 
processing: 5087609_21015_1_0.png
  SKIPPING IMAGE: tot amount of vasculature (7505.287) < quality threshold 
processing: 5087564_21016_0_0.png
processing: 5087564_21015_0_0.png
processing: 5087527_21016_0_0.png
processing: 5087527_21015_0_0.png
  SKIPPING IMAGE: tot amount of vasculature (9409.92) < quality threshold 
processing: 5087439_21016_1_0.png
  SKIPPING IMAGE: tot amount of vasculature (11.806) < quality threshold 
processing: 5087439_21015_1_0.png
  SKIPPING IMAGE: tot amount of vasculature (4073.8164) < quality threshold 
processing: 5087379_21016_0_0.png
  SKIPPING IMAGE: tot amount of vasculature (10434.8442) < quality threshold 
processing: 5087379_21015_0_0.png
  SKIPPING IMAGE: tot amount of vasculature (3734.6926) < quality threshold 
processing: 5087275_21016_1_0.png
processing: 5087275_21015_1_0.png
processing: 5087210_21016_0_0.png
  SKIPPING IMAGE: tot amount of vasculature (6406.2245) < quality threshold 
processing: 5087210_21015_0_0.png
processing: 5087170_21016_0_0.png
processing: 5087170_21015_0_0.png
processing: 5087166_21016_1_0.png
processing: 5087166_21016_0_0.png
processing: 5087166_21015_1_0.png
processing: 5087166_21015_0_0.png
processing: 5087153_21016_0_0.png
processing: 5087153_21015_0_0.png
processing: 5087141_21016_0_0.png
  SKIPPING IMAGE: tot amount of vasculature (3671.7708) < quality threshold 
processing: 5087141_21015_0_0.png
  SKIPPING IMAGE: tot amount of vasculature (3371.689) < quality threshold 
processing: 5086946_21016_1_0.png
processing: 5086946_21015_1_0.png
processing: 5086935_21016_1_0.png
processing: 5086935_21015_1_0.png
processing: 5086884_21016_0_0.png
  SKIPPING IMAGE: tot amount of vasculature (8734.3969) < quality threshold 
processing: 5086884_21015_0_0.png
  SKIPPING IMAGE: tot amount of vasculature (7693.251) < quality threshold 
processing: 5086871_21016_0_0.png
processing: 5086871_21015_0_0.png
processing: 5086770_21016_0_0.png
  SKIPPING IMAGE: tot amount of vasculature (2647.6521) < quality threshold 
processing: 5086770_21015_0_0.png
  SKIPPING IMAGE: tot amount of vasculature (5134.1912) < quality threshold 
processing: 5086643_21016_1_0.png
  SKIPPING IMAGE: tot amount of vasculature (7301.0353) < quality threshold 
processing: 5086643_21015_1_0.png
  SKIPPING IMAGE: tot amount of vasculature (9092.0434) < quality threshold 
processing: 5086558_21016_1_0.png
processing: 5086558_21015_1_0.png
processing: 5086526_21016_0_0.png
processing: 5086526_21015_0_0.png
processing: 5086411_21016_1_0.png
processing: 5086411_21015_1_0.png
processing: 5086342_21016_0_0.png
  SKIPPING IMAGE: tot amount of vasculature (4056.0738) < quality threshold 
processing: 5086342_21015_0_0.png
  SKIPPING IMAGE: tot amount of vasculature (9477.041) < quality threshold 
processing: 5086249_21016_0_0.png
processing: 5086249_21015_0_0.png
processing: 5086227_21016_0_0.png
processing: 5086227_21015_0_0.png
processing: 5086180_21016_0_0.png
processing: 5086180_21015_0_0.png
processing: 5086172_21016_0_0.png
  SKIPPING IMAGE: tot amount of vasculature (3994.0726) < quality threshold 
processing: 5086172_21015_0_0.png
processing: 5086167_21016_0_0.png
  SKIPPING IMAGE: tot amount of vasculature (19.8443) < quality threshold 
processing: 5085934_21016_0_0.png
  SKIPPING IMAGE: tot amount of vasculature (8712.4862) < quality threshold 
processing: 5085934_21015_0_0.png
  SKIPPING IMAGE: tot amount of vasculature (8709.595) < quality threshold 
processing: 5085911_21016_0_0.png
processing: 5085911_21015_0_0.png
processing: 5085779_21016_0_0.png
processing: 5085779_21015_0_0.png
  SKIPPING IMAGE: tot amount of vasculature (2766.9095) < quality threshold 
processing: 5085765_21016_0_0.png
processing: 5085765_21015_0_0.png
processing: 5085706_21016_0_0.png
  SKIPPING IMAGE: tot amount of vasculature (7337.0362) < quality threshold 
processing: 5085706_21015_0_0.png
  SKIPPING IMAGE: tot amount of vasculature (7264.5785) < quality threshold 
processing: 5085659_21016_0_0.png
  SKIPPING IMAGE: tot amount of vasculature (317.4696) < quality threshold 
processing: 5085659_21015_0_0.png
  SKIPPING IMAGE: tot amount of vasculature (3222.0103) < quality threshold 
processing: 5085602_21016_0_0.png
  SKIPPING IMAGE: tot amount of vasculature (6480.4733) < quality threshold 
processing: 5085602_21015_0_0.png
  SKIPPING IMAGE: tot amount of vasculature (5235.1481) < quality threshold 
processing: 5085525_21016_0_0.png
processing: 5085525_21015_0_0.png
processing: 5085487_21016_1_0.png
  SKIPPING IMAGE: tot amount of vasculature (7818.6111) < quality threshold 
processing: 5085487_21015_1_0.png
  SKIPPING IMAGE: tot amount of vasculature (7365.6611) < quality threshold 
processing: 5085458_21016_0_0.png
  SKIPPING IMAGE: tot amount of vasculature (2217.3741) < quality threshold 
processing: 5085458_21015_0_0.png
  SKIPPING IMAGE: tot amount of vasculature (4488.4333) < quality threshold 
processing: 5085410_21016_0_0.png
  SKIPPING IMAGE: tot amount of vasculature (6433.117) < quality threshold 
processing: 5085410_21015_0_0.png
  SKIPPING IMAGE: tot amount of vasculature (6806.3387) < quality threshold 
processing: 5085296_21016_0_0.png
processing: 5085296_21015_0_0.png
processing: 5085239_21016_0_0.png
processing: 5085239_21015_0_0.png
processing: 5085218_21016_0_0.png
  SKIPPING IMAGE: tot amount of vasculature (10732.0655) < quality threshold 
processing: 5085218_21015_0_0.png
  SKIPPING IMAGE: tot amount of vasculature (8691.9864) < quality threshold 
processing: 5085189_21016_0_0.png
  SKIPPING IMAGE: tot amount of vasculature (3810.7563) < quality threshold 
processing: 5085189_21015_0_0.png
processing: 5085122_21016_0_1.png
processing: 5085122_21016_0_0.png
processing: 5085122_21015_0_0.png
processing: 5085100_21015_0_0.png
  SKIPPING IMAGE: tot amount of vasculature (7317.6938) < quality threshold 
processing: 5085086_21016_0_0.png
processing: 5085086_21015_0_0.png
processing: 5085051_21016_0_0.png
  SKIPPING IMAGE: tot amount of vasculature (8113.7453) < quality threshold 
processing: 5085051_21015_0_0.png
  SKIPPING IMAGE: tot amount of vasculature (9709.4831) < quality threshold 
processing: 5084991_21016_0_0.png
processing: 5084991_21015_0_0.png
processing: 5084975_21016_0_0.png
processing: 5084823_21016_0_0.png
  SKIPPING IMAGE: tot amount of vasculature (8839.3972) < quality threshold 
processing: 5084823_21015_0_0.png
processing: 5084786_21016_0_0.png
processing: 5084786_21015_0_0.png
processing: 5084749_21016_0_0.png
processing: 5084749_21015_0_0.png
  SKIPPING IMAGE: tot amount of vasculature (7001.3689) < quality threshold 
processing: 5084705_21016_0_0.png
processing: 5084705_21015_0_0.png
processing: 5084682_21016_0_0.png
processing: 5084682_21015_0_0.png
processing: 5084481_21016_1_0.png
processing: 5084481_21015_1_0.png
processing: 5084474_21016_0_0.png
  SKIPPING IMAGE: tot amount of vasculature (2578.3115) < quality threshold 
processing: 5084474_21015_0_0.png
  SKIPPING IMAGE: tot amount of vasculature (10145.0673) < quality threshold 
processing: 5084456_21016_0_0.png
  SKIPPING IMAGE: tot amount of vasculature (5698.5605) < quality threshold 
processing: 5084456_21015_0_0.png
  SKIPPING IMAGE: tot amount of vasculature (3041.7412) < quality threshold 
processing: 5084438_21016_0_0.png
processing: 5084438_21015_0_0.png
processing: 5084378_21016_1_0.png
processing: 5084378_21015_1_0.png
processing: 5084317_21016_1_0.png
processing: 5084317_21015_1_0.png
processing: 5084259_21016_0_0.png
processing: 5084259_21015_0_0.png
processing: 5084233_21016_0_0.png
  SKIPPING IMAGE: tot amount of vasculature (7575.5239) < quality threshold 
processing: 5084233_21015_0_0.png
  SKIPPING IMAGE: tot amount of vasculature (9132.747) < quality threshold 
processing: 5084128_21016_1_0.png
  SKIPPING IMAGE: tot amount of vasculature (8822.3075) < quality threshold 
processing: 5084128_21015_1_0.png
processing: 5084096_21016_0_0.png
processing: 5084096_21015_0_0.png
processing: 5084039_21016_0_0.png
processing: 5084039_21015_0_0.png
processing: 5084004_21016_0_0.png
processing: 5084004_21015_0_0.png
processing: 5083982_21016_0_0.png
processing: 5083982_21015_0_0.png
  SKIPPING IMAGE: tot amount of vasculature (345.3793) < quality threshold 
processing: 5083908_21016_0_0.png
  SKIPPING IMAGE: tot amount of vasculature (9090.3495) < quality threshold 
processing: 5083908_21015_0_0.png
  SKIPPING IMAGE: tot amount of vasculature (6369.0559) < quality threshold 
processing: 5083852_21016_0_0.png
  SKIPPING IMAGE: tot amount of vasculature (10568.0439) < quality threshold 
processing: 5083852_21015_0_0.png
  SKIPPING IMAGE: tot amount of vasculature (7423.6976) < quality threshold 
processing: 5083845_21016_0_0.png
processing: 5083845_21015_0_0.png
processing: 5083793_21016_0_0.png
processing: 5083793_21015_0_0.png
processing: 5083543_21016_0_0.png
processing: 5083543_21015_0_0.png
  SKIPPING IMAGE: tot amount of vasculature (10161.9507) < quality threshold 
processing: 5083539_21016_0_0.png
processing: 5083539_21015_0_0.png
processing: 5083504_21016_0_0.png
processing: 5083504_21015_0_0.png
  SKIPPING IMAGE: tot amount of vasculature (10135.8292) < quality threshold 
processing: 5083447_21016_1_0.png
processing: 5083447_21016_0_0.png
processing: 5083447_21015_1_0.png
processing: 5083447_21015_0_0.png
processing: 5083433_21016_0_0.png
processing: 5083433_21015_0_0.png
  SKIPPING IMAGE: tot amount of vasculature (8738.6415) < quality threshold 
processing: 5083256_21016_0_0.png
processing: 5083256_21015_0_0.png
  SKIPPING IMAGE: tot amount of vasculature (9357.8937) < quality threshold 
processing: 5083225_21016_1_0.png
processing: 5083225_21015_1_0.png
processing: 5083207_21016_0_0.png
  SKIPPING IMAGE: tot amount of vasculature (10528.956) < quality threshold 
processing: 5083207_21015_0_0.png
processing: 5083188_21016_0_0.png
processing: 5083188_21015_0_0.png
processing: 5083157_21016_0_0.png
processing: 5083157_21015_0_0.png
  SKIPPING IMAGE: tot amount of vasculature (10411.4652) < quality threshold 
processing: 5083099_21016_0_0.png
processing: 5083099_21015_0_0.png
processing: 5083055_21016_0_0.png
  SKIPPING IMAGE: tot amount of vasculature (9143.2827) < quality threshold 
processing: 5083055_21015_0_0.png
  SKIPPING IMAGE: tot amount of vasculature (4812.0062) < quality threshold 
processing: 5083036_21016_0_0.png
  SKIPPING IMAGE: tot amount of vasculature (8485.8191) < quality threshold 
processing: 5083036_21015_0_0.png
  SKIPPING IMAGE: tot amount of vasculature (8476.4804) < quality threshold 
processing: 5083013_21016_0_0.png
  SKIPPING IMAGE: tot amount of vasculature (4665.9982) < quality threshold 
processing: 5083013_21015_0_0.png
processing: 5082942_21016_0_0.png
processing: 5082942_21015_0_0.png
processing: 5082925_21016_0_0.png
processing: 5082925_21015_0_0.png
processing: 5082907_21016_1_0.png
processing: 5082907_21015_1_0.png
processing: 5082830_21016_0_0.png
processing: 5082830_21015_0_0.png
processing: 5082805_21016_0_0.png
processing: 5082805_21015_0_0.png
processing: 5082750_21016_0_0.png
processing: 5082750_21015_0_0.png
processing: 5082739_21016_0_0.png
processing: 5082739_21015_0_0.png
processing: 5082665_21016_0_0.png
processing: 5082665_21015_0_0.png
processing: 5082606_21016_0_0.png
  SKIPPING IMAGE: tot amount of vasculature (10670.9952) < quality threshold 
processing: 5082606_21015_0_0.png
  SKIPPING IMAGE: tot amount of vasculature (7213.7335) < quality threshold 
processing: 5082554_21016_0_0.png
  SKIPPING IMAGE: tot amount of vasculature (4586.641) < quality threshold 
processing: 5082554_21015_0_0.png
  SKIPPING IMAGE: tot amount of vasculature (2093.1034) < quality threshold 
processing: 5082517_21016_1_0.png
  SKIPPING IMAGE: tot amount of vasculature (2.3175) < quality threshold 
processing: 5082517_21015_1_0.png
  SKIPPING IMAGE: No vessels found
processing: 5082500_21016_0_0.png
processing: 5082500_21015_0_0.png
processing: 5082424_21016_0_0.png
processing: 5082424_21015_0_0.png
processing: 5082401_21016_0_0.png
processing: 5082401_21015_0_0.png
processing: 5082266_21016_0_0.png
processing: 5082266_21015_0_0.png
processing: 5082237_21016_0_0.png
processing: 5082237_21015_0_0.png
processing: 5082229_21016_0_0.png
processing: 5082187_21016_0_0.png
processing: 5082187_21015_0_0.png
processing: 5082169_21016_1_0.png
processing: 5082169_21015_1_0.png
  SKIPPING IMAGE: tot amount of vasculature (9539.5837) < quality threshold 
processing: 5082158_21016_0_0.png
processing: 5082158_21015_0_0.png
processing: 5082132_21016_0_0.png
processing: 5082132_21015_0_0.png
processing: 5082103_21016_1_0.png
processing: 5081996_21016_0_0.png
processing: 5081996_21015_0_0.png
processing: 5081985_21016_0_0.png
processing: 5081985_21015_0_0.png
  SKIPPING IMAGE: tot amount of vasculature (687.7518) < quality threshold 
processing: 5081867_21016_0_0.png
processing: 5081867_21015_0_0.png
processing: 5081824_21016_0_0.png
processing: 5081824_21015_0_0.png
processing: 5081790_21016_0_0.png
processing: 5081790_21015_0_0.png
processing: 5081719_21016_0_0.png
processing: 5081719_21015_0_0.png
processing: 5081693_21016_0_0.png
processing: 5081693_21015_0_0.png
processing: 5081579_21016_0_0.png
  SKIPPING IMAGE: tot amount of vasculature (6329.5483) < quality threshold 
processing: 5081579_21015_0_0.png
  SKIPPING IMAGE: tot amount of vasculature (10657.2324) < quality threshold 
processing: 5081557_21016_0_0.png
processing: 5081557_21015_0_0.png
processing: 5081486_21016_0_0.png
processing: 5081486_21015_0_0.png
processing: 5081228_21016_0_1.png
processing: 5081228_21016_0_0.png
processing: 5081228_21015_0_1.png
  SKIPPING IMAGE: tot amount of vasculature (8417.2775) < quality threshold 
processing: 5081228_21015_0_0.png
  SKIPPING IMAGE: tot amount of vasculature (3771.9899) < quality threshold 
processing: 5081211_21016_0_0.png
  SKIPPING IMAGE: No vessels found
processing: 5081211_21015_0_0.png
  SKIPPING IMAGE: tot amount of vasculature (2003.1385) < quality threshold 
processing: 5081147_21016_0_0.png
processing: 5081147_21015_0_0.png
processing: 5081120_21016_0_0.png
  SKIPPING IMAGE: tot amount of vasculature (8138.5607) < quality threshold 
processing: 5081120_21015_0_0.png
  SKIPPING IMAGE: tot amount of vasculature (7182.9694) < quality threshold 
processing: 5081102_21016_0_0.png
processing: 5081102_21015_0_0.png
processing: 5081087_21016_1_0.png
  SKIPPING IMAGE: tot amount of vasculature (5804.177) < quality threshold 
processing: 5081087_21015_1_0.png
processing: 5081075_21016_0_0.png
  SKIPPING IMAGE: tot amount of vasculature (8561.9483) < quality threshold 
processing: 5081075_21015_0_0.png
  SKIPPING IMAGE: tot amount of vasculature (7319.5224) < quality threshold 
processing: 5080986_21016_0_0.png
processing: 5080986_21015_0_0.png
processing: 5080964_21016_0_0.png
processing: 5080964_21015_0_0.png
processing: 5080930_21016_0_0.png
processing: 5080930_21015_0_0.png
processing: 5080881_21016_0_0.png
  SKIPPING IMAGE: tot amount of vasculature (7251.2752) < quality threshold 
processing: 5080881_21015_0_0.png
  SKIPPING IMAGE: tot amount of vasculature (9806.7549) < quality threshold 
processing: 5080680_21016_0_0.png
FINISHED: .mat files have been written to: /data/FAC/FBM/DBC/sbergman/retina/UKBiob/fundus/REVIEW//CLRIS/
execution time: 1944 sec
