------------------------------------------
Setting up environment variables
---
LD_LIBRARY_PATH is .:/software/Development/Languages/Matlab_Compiler_Runtime/96/runtime/glnxa64:/software/Development/Languages/Matlab_Compiler_Runtime/96/bin/glnxa64:/software/Development/Languages/Matlab_Compiler_Runtime/96/sys/os/glnxa64:/software/Development/Languages/Matlab_Compiler_Runtime/96/sys/opengl/lib/glnxa64
Running vessel measurements...
processing: 5403963_21016_1_0.png
  SKIPPING IMAGE: tot amount of vasculature (5216.5628) < quality threshold 
processing: 5403963_21015_1_0.png
  SKIPPING IMAGE: tot amount of vasculature (6429.4332) < quality threshold 
processing: 5403827_21016_0_0.png
  SKIPPING IMAGE: tot amount of vasculature (5643.3973) < quality threshold 
processing: 5403827_21015_0_0.png
  SKIPPING IMAGE: tot amount of vasculature (3987.9251) < quality threshold 
processing: 5403762_21016_0_0.png
processing: 5403762_21015_0_0.png
processing: 5403718_21016_1_0.png
processing: 5403718_21015_1_0.png
processing: 5403614_21016_0_0.png
processing: 5403614_21015_0_0.png
processing: 5403517_21016_0_0.png
  SKIPPING IMAGE: tot amount of vasculature (10801.5978) < quality threshold 
processing: 5403517_21015_0_0.png
processing: 5403500_21016_0_0.png
  SKIPPING IMAGE: tot amount of vasculature (1173.3161) < quality threshold 
processing: 5403500_21015_0_0.png
  SKIPPING IMAGE: tot amount of vasculature (3454.0821) < quality threshold 
processing: 5403499_21016_0_0.png
processing: 5403499_21015_0_0.png
processing: 5403282_21016_0_0.png
processing: 5403282_21015_0_0.png
processing: 5403191_21016_0_0.png
processing: 5403191_21015_0_0.png
processing: 5403158_21016_0_0.png
processing: 5403158_21015_0_0.png
processing: 5402937_21016_0_0.png
  SKIPPING IMAGE: tot amount of vasculature (2758.3052) < quality threshold 
processing: 5402937_21015_0_0.png
  SKIPPING IMAGE: tot amount of vasculature (8464.4085) < quality threshold 
processing: 5402746_21016_1_0.png
  SKIPPING IMAGE: tot amount of vasculature (10501.4171) < quality threshold 
processing: 5402746_21015_1_0.png
  SKIPPING IMAGE: tot amount of vasculature (8939.6953) < quality threshold 
processing: 5402722_21016_1_0.png
processing: 5402722_21015_1_0.png
processing: 5402632_21016_0_0.png
  SKIPPING IMAGE: tot amount of vasculature (8820.2962) < quality threshold 
processing: 5402632_21015_0_0.png
processing: 5402610_21016_0_0.png
processing: 5402610_21015_0_0.png
processing: 5402577_21016_1_0.png
  SKIPPING IMAGE: tot amount of vasculature (5953.5867) < quality threshold 
processing: 5402577_21015_1_0.png
  SKIPPING IMAGE: tot amount of vasculature (7050.4278) < quality threshold 
processing: 5402521_21016_0_0.png
processing: 5402521_21015_0_0.png
processing: 5402484_21016_0_0.png
  SKIPPING IMAGE: tot amount of vasculature (9745.0976) < quality threshold 
processing: 5402484_21015_0_0.png
  SKIPPING IMAGE: tot amount of vasculature (8661.8128) < quality threshold 
processing: 5402468_21016_0_0.png
processing: 5402468_21015_0_0.png
processing: 5402433_21016_0_0.png
  SKIPPING IMAGE: tot amount of vasculature (7616.2858) < quality threshold 
processing: 5402433_21015_0_0.png
  SKIPPING IMAGE: tot amount of vasculature (6568.9002) < quality threshold 
processing: 5402364_21016_1_0.png
processing: 5402364_21015_1_0.png
processing: 5402330_21016_0_0.png
  SKIPPING IMAGE: tot amount of vasculature (10072.4932) < quality threshold 
processing: 5402330_21015_0_0.png
processing: 5402312_21016_0_0.png
processing: 5402312_21015_0_0.png
processing: 5402225_21016_1_0.png
  SKIPPING IMAGE: tot amount of vasculature (4752.8406) < quality threshold 
processing: 5402225_21015_1_0.png
  SKIPPING IMAGE: tot amount of vasculature (7449.5566) < quality threshold 
processing: 5402165_21016_0_0.png
processing: 5402165_21015_0_0.png
processing: 5402123_21016_1_0.png
processing: 5402123_21015_1_0.png
processing: 5402080_21016_0_0.png
  SKIPPING IMAGE: tot amount of vasculature (10353.6272) < quality threshold 
processing: 5402080_21015_0_0.png
processing: 5402072_21016_0_0.png
processing: 5402072_21015_0_0.png
processing: 5401978_21016_0_0.png
processing: 5401978_21015_0_0.png
processing: 5401922_21016_1_0.png
processing: 5401922_21015_1_0.png
processing: 5401895_21016_0_0.png
  SKIPPING IMAGE: tot amount of vasculature (8420.924) < quality threshold 
processing: 5401895_21015_0_0.png
  SKIPPING IMAGE: tot amount of vasculature (5240.154) < quality threshold 
processing: 5401868_21016_0_0.png
processing: 5401868_21015_0_0.png
processing: 5401820_21016_0_0.png
  SKIPPING IMAGE: tot amount of vasculature (3383.6634) < quality threshold 
processing: 5401820_21015_0_0.png
  SKIPPING IMAGE: tot amount of vasculature (2290.0224) < quality threshold 
processing: 5401794_21016_0_0.png
  SKIPPING IMAGE: tot amount of vasculature (6356.881) < quality threshold 
processing: 5401794_21015_0_0.png
  SKIPPING IMAGE: tot amount of vasculature (7464.7577) < quality threshold 
processing: 5401696_21016_0_0.png
  SKIPPING IMAGE: tot amount of vasculature (7875.7022) < quality threshold 
processing: 5401696_21015_0_0.png
processing: 5401604_21015_1_0.png
processing: 5401532_21016_1_0.png
  SKIPPING IMAGE: tot amount of vasculature (5909.508) < quality threshold 
processing: 5401532_21015_1_0.png
  SKIPPING IMAGE: tot amount of vasculature (8464.2509) < quality threshold 
processing: 5401476_21016_1_0.png
processing: 5401476_21015_1_0.png
processing: 5401409_21016_1_0.png
  SKIPPING IMAGE: tot amount of vasculature (10322.1266) < quality threshold 
processing: 5401409_21015_1_0.png
  SKIPPING IMAGE: tot amount of vasculature (10620.9654) < quality threshold 
processing: 5401374_21016_1_0.png
processing: 5401374_21015_1_0.png
processing: 5401356_21016_0_0.png
processing: 5401356_21015_0_0.png
processing: 5401342_21016_0_0.png
processing: 5401342_21015_0_0.png
processing: 5401307_21016_0_0.png
processing: 5401307_21015_0_0.png
  SKIPPING IMAGE: tot amount of vasculature (9858.3511) < quality threshold 
processing: 5401230_21016_1_0.png
processing: 5401230_21015_1_0.png
processing: 5401227_21016_0_0.png
processing: 5401227_21015_0_0.png
processing: 5401040_21016_0_0.png
processing: 5401040_21015_0_0.png
processing: 5401006_21016_0_0.png
  SKIPPING IMAGE: tot amount of vasculature (379.5499) < quality threshold 
processing: 5401006_21015_0_0.png
  SKIPPING IMAGE: tot amount of vasculature (7674.5018) < quality threshold 
processing: 5400983_21016_0_0.png
processing: 5400983_21015_0_0.png
processing: 5400945_21016_1_0.png
processing: 5400945_21015_1_0.png
processing: 5400909_21016_0_0.png
processing: 5400909_21015_0_0.png
processing: 5400866_21016_0_0.png
  SKIPPING IMAGE: tot amount of vasculature (7933.8952) < quality threshold 
processing: 5400866_21015_0_0.png
  SKIPPING IMAGE: tot amount of vasculature (2861.1344) < quality threshold 
processing: 5400841_21016_0_0.png
processing: 5400841_21015_0_0.png
processing: 5400740_21016_0_1.png
processing: 5400740_21016_0_0.png
processing: 5400740_21015_0_0.png
processing: 5400659_21016_0_0.png
processing: 5400659_21015_0_1.png
processing: 5400659_21015_0_0.png
processing: 5400616_21016_0_0.png
processing: 5400616_21015_0_0.png
processing: 5400602_21016_0_1.png
  SKIPPING IMAGE: tot amount of vasculature (2639.2574) < quality threshold 
processing: 5400602_21016_0_0.png
  SKIPPING IMAGE: tot amount of vasculature (4323.129) < quality threshold 
processing: 5400602_21015_0_1.png
  SKIPPING IMAGE: tot amount of vasculature (772.1976) < quality threshold 
processing: 5400602_21015_0_0.png
  SKIPPING IMAGE: tot amount of vasculature (5186.129) < quality threshold 
processing: 5400563_21016_1_0.png
processing: 5400563_21015_1_0.png
processing: 5400399_21016_1_0.png
processing: 5400399_21015_1_0.png
processing: 5400367_21016_0_0.png
processing: 5400367_21015_0_0.png
processing: 5400324_21016_0_0.png
processing: 5400277_21016_0_0.png
processing: 5400277_21015_0_0.png
processing: 5400243_21016_0_0.png
processing: 5400243_21015_0_0.png
processing: 5400178_21016_1_0.png
processing: 5400178_21015_1_0.png
processing: 5400161_21016_0_0.png
processing: 5400161_21015_0_0.png
  SKIPPING IMAGE: tot amount of vasculature (8790.9727) < quality threshold 
processing: 5400146_21016_0_0.png
processing: 5400146_21015_0_0.png
processing: 5400135_21016_1_0.png
processing: 5400135_21015_1_0.png
processing: 5400100_21016_0_0.png
processing: 5400100_21015_0_0.png
processing: 5400051_21016_0_0.png
processing: 5400051_21015_0_0.png
  SKIPPING IMAGE: tot amount of vasculature (7749.7596) < quality threshold 
processing: 5400049_21016_1_0.png
processing: 5400049_21015_1_0.png
  SKIPPING IMAGE: tot amount of vasculature (7375.127) < quality threshold 
processing: 5399967_21016_0_0.png
processing: 5399967_21015_0_0.png
processing: 5399901_21016_0_0.png
processing: 5399901_21015_0_0.png
processing: 5399877_21016_0_0.png
processing: 5399877_21015_0_0.png
processing: 5399630_21016_0_0.png
processing: 5399630_21015_0_0.png
processing: 5399612_21016_1_0.png
processing: 5399612_21015_1_0.png
processing: 5399583_21016_0_0.png
processing: 5399583_21015_0_0.png
processing: 5399545_21016_1_0.png
processing: 5399545_21015_1_0.png
processing: 5399528_21016_0_0.png
processing: 5399528_21015_0_0.png
processing: 5399478_21016_0_0.png
processing: 5399478_21015_0_0.png
processing: 5399181_21016_1_0.png
processing: 5399181_21015_1_0.png
processing: 5399174_21016_1_0.png
  SKIPPING IMAGE: tot amount of vasculature (5503.2157) < quality threshold 
processing: 5399174_21015_1_0.png
processing: 5399163_21016_0_0.png
processing: 5399163_21015_0_0.png
processing: 5399119_21016_1_0.png
processing: 5399119_21015_1_0.png
processing: 5399070_21016_0_0.png
processing: 5399070_21015_0_0.png
processing: 5399029_21016_0_0.png
processing: 5399029_21015_0_0.png
processing: 5398965_21016_1_0.png
processing: 5398965_21015_1_0.png
processing: 5398914_21016_0_0.png
processing: 5398914_21015_0_0.png
processing: 5398887_21016_1_0.png
processing: 5398887_21015_1_0.png
processing: 5398844_21016_0_0.png
processing: 5398844_21015_0_0.png
processing: 5398826_21016_0_0.png
processing: 5398826_21015_0_0.png
processing: 5398776_21016_0_0.png
processing: 5398776_21015_0_0.png
  SKIPPING IMAGE: tot amount of vasculature (10184.8539) < quality threshold 
processing: 5398752_21016_0_0.png
processing: 5398752_21015_0_0.png
processing: 5398656_21016_0_0.png
processing: 5398656_21015_0_0.png
processing: 5398642_21016_1_0.png
processing: 5398642_21015_1_0.png
processing: 5398638_21016_0_0.png
processing: 5398638_21015_0_0.png
processing: 5398625_21016_0_0.png
processing: 5398625_21015_0_0.png
processing: 5398595_21016_0_0.png
processing: 5398595_21015_0_0.png
processing: 5398571_21016_0_0.png
processing: 5398571_21015_0_0.png
processing: 5398547_21016_0_0.png
  SKIPPING IMAGE: tot amount of vasculature (9366.2823) < quality threshold 
processing: 5398547_21015_0_0.png
processing: 5398516_21016_0_0.png
  SKIPPING IMAGE: tot amount of vasculature (8885.9282) < quality threshold 
processing: 5398516_21015_0_0.png
  SKIPPING IMAGE: tot amount of vasculature (6420.826) < quality threshold 
processing: 5398502_21016_1_0.png
  SKIPPING IMAGE: tot amount of vasculature (8971.6646) < quality threshold 
processing: 5398502_21015_1_0.png
  SKIPPING IMAGE: tot amount of vasculature (8048.6617) < quality threshold 
processing: 5398429_21016_0_0.png
processing: 5398429_21015_0_0.png
processing: 5398304_21016_0_0.png
  SKIPPING IMAGE: tot amount of vasculature (3455.2687) < quality threshold 
processing: 5398304_21015_0_0.png
  SKIPPING IMAGE: tot amount of vasculature (5352.3599) < quality threshold 
processing: 5398280_21016_0_0.png
processing: 5398280_21015_0_0.png
processing: 5398272_21016_0_0.png
processing: 5398272_21015_0_0.png
processing: 5398213_21016_1_0.png
  SKIPPING IMAGE: tot amount of vasculature (22.4703) < quality threshold 
processing: 5398213_21015_1_0.png
  SKIPPING IMAGE: tot amount of vasculature (8675.5663) < quality threshold 
processing: 5398186_21016_0_0.png
processing: 5398186_21015_0_0.png
processing: 5398017_21016_1_0.png
processing: 5398017_21016_0_0.png
processing: 5398017_21015_1_0.png
processing: 5398017_21015_0_0.png
processing: 5397934_21016_0_0.png
processing: 5397934_21015_0_0.png
processing: 5397928_21016_1_0.png
processing: 5397928_21015_1_0.png
processing: 5397829_21016_0_0.png
processing: 5397829_21015_0_0.png
  SKIPPING IMAGE: tot amount of vasculature (5068.5294) < quality threshold 
processing: 5397602_21016_1_0.png
  SKIPPING IMAGE: tot amount of vasculature (2511.2094) < quality threshold 
processing: 5397602_21015_1_0.png
  SKIPPING IMAGE: tot amount of vasculature (10.2257) < quality threshold 
processing: 5397590_21016_0_0.png
processing: 5397590_21015_0_0.png
processing: 5397581_21016_0_0.png
processing: 5397581_21015_0_0.png
processing: 5397487_21016_0_0.png
processing: 5397487_21015_0_0.png
  SKIPPING IMAGE: tot amount of vasculature (9541.6381) < quality threshold 
processing: 5397380_21016_0_0.png
processing: 5397380_21015_0_0.png
processing: 5397372_21016_0_0.png
  SKIPPING IMAGE: tot amount of vasculature (5563.1521) < quality threshold 
processing: 5397372_21015_0_0.png
processing: 5397146_21016_0_0.png
  SKIPPING IMAGE: tot amount of vasculature (9737.017) < quality threshold 
processing: 5397146_21015_0_0.png
  SKIPPING IMAGE: tot amount of vasculature (7467.527) < quality threshold 
processing: 5397122_21016_1_0.png
processing: 5397122_21015_1_0.png
processing: 5397098_21016_0_0.png
processing: 5397098_21015_0_0.png
processing: 5396915_21016_0_0.png
processing: 5396915_21015_0_0.png
processing: 5396908_21016_0_0.png
processing: 5396908_21015_0_0.png
processing: 5396897_21016_0_0.png
  SKIPPING IMAGE: tot amount of vasculature (2589.5474) < quality threshold 
processing: 5396897_21015_0_0.png
  SKIPPING IMAGE: tot amount of vasculature (8142.3414) < quality threshold 
processing: 5396852_21016_0_0.png
processing: 5396852_21015_0_0.png
processing: 5396789_21016_0_0.png
  SKIPPING IMAGE: tot amount of vasculature (7317.5395) < quality threshold 
processing: 5396789_21015_0_0.png
  SKIPPING IMAGE: tot amount of vasculature (2605.3649) < quality threshold 
processing: 5396691_21016_0_0.png
  SKIPPING IMAGE: tot amount of vasculature (3948.6838) < quality threshold 
processing: 5396603_21016_0_0.png
processing: 5396603_21015_0_0.png
processing: 5396550_21016_1_0.png
  SKIPPING IMAGE: tot amount of vasculature (9266.0619) < quality threshold 
processing: 5396550_21015_1_0.png
  SKIPPING IMAGE: tot amount of vasculature (7163.1875) < quality threshold 
processing: 5396518_21016_1_0.png
processing: 5396518_21015_1_0.png
processing: 5396447_21016_1_0.png
processing: 5396447_21015_1_0.png
processing: 5396420_21016_1_0.png
processing: 5396420_21015_1_0.png
processing: 5396256_21016_0_0.png
processing: 5396256_21015_0_0.png
processing: 5396225_21016_0_0.png
processing: 5396225_21015_0_0.png
processing: 5396207_21016_1_0.png
processing: 5396207_21016_0_0.png
processing: 5396207_21015_1_0.png
processing: 5396207_21015_0_0.png
processing: 5396188_21016_0_0.png
processing: 5396188_21015_0_0.png
processing: 5396072_21016_0_0.png
processing: 5396072_21015_0_0.png
processing: 5396055_21016_1_0.png
  SKIPPING IMAGE: tot amount of vasculature (8650.0975) < quality threshold 
processing: 5396055_21015_1_0.png
processing: 5396036_21016_0_0.png
processing: 5396036_21015_0_0.png
processing: 5395947_21016_0_0.png
processing: 5395947_21015_0_0.png
processing: 5395861_21016_0_0.png
  SKIPPING IMAGE: tot amount of vasculature (3043.6195) < quality threshold 
processing: 5395861_21015_0_0.png
  SKIPPING IMAGE: tot amount of vasculature (9807.3894) < quality threshold 
processing: 5395822_21016_0_0.png
processing: 5395822_21015_0_0.png
processing: 5395817_21016_0_0.png
processing: 5395817_21015_0_0.png
processing: 5395800_21016_0_0.png
processing: 5395800_21015_0_0.png
processing: 5395736_21016_0_0.png
processing: 5395736_21015_0_0.png
processing: 5395683_21016_0_0.png
processing: 5395683_21015_0_0.png
processing: 5395505_21016_1_0.png
  SKIPPING IMAGE: tot amount of vasculature (2145.6134) < quality threshold 
processing: 5395505_21015_1_0.png
  SKIPPING IMAGE: No vessels found
processing: 5395496_21016_0_0.png
processing: 5395496_21015_0_0.png
processing: 5395439_21016_0_0.png
FINISHED: .mat files have been written to: /data/FAC/FBM/DBC/sbergman/retina/UKBiob/fundus/REVIEW//CLRIS/
execution time: 1666 sec
