------------------------------------------
Setting up environment variables
---
LD_LIBRARY_PATH is .:/software/Development/Languages/Matlab_Compiler_Runtime/96/runtime/glnxa64:/software/Development/Languages/Matlab_Compiler_Runtime/96/bin/glnxa64:/software/Development/Languages/Matlab_Compiler_Runtime/96/sys/os/glnxa64:/software/Development/Languages/Matlab_Compiler_Runtime/96/sys/opengl/lib/glnxa64
Running vessel measurements...
processing: 5829972_21016_0_0.png
processing: 5829972_21015_0_0.png
processing: 5829913_21016_0_0.png
processing: 5829913_21015_0_0.png
processing: 5829896_21016_1_0.png
processing: 5829896_21015_1_0.png
processing: 5829877_21016_0_0.png
processing: 5829877_21015_0_0.png
processing: 5829862_21016_0_0.png
processing: 5829862_21015_0_0.png
processing: 5829821_21016_1_0.png
processing: 5829821_21016_0_0.png
processing: 5829821_21015_1_0.png
processing: 5829821_21015_0_0.png
processing: 5829818_21016_0_0.png
processing: 5829818_21015_0_0.png
processing: 5829771_21016_1_0.png
processing: 5829771_21015_1_0.png
processing: 5829759_21016_1_0.png
processing: 5829759_21015_1_0.png
processing: 5829649_21016_0_0.png
processing: 5829649_21015_0_0.png
  SKIPPING IMAGE: tot amount of vasculature (7975.3634) < quality threshold 
processing: 5829627_21016_0_0.png
processing: 5829627_21015_0_0.png
processing: 5829375_21016_0_0.png
  SKIPPING IMAGE: tot amount of vasculature (9520.708) < quality threshold 
processing: 5829375_21015_0_0.png
processing: 5829344_21016_0_0.png
processing: 5829344_21015_0_0.png
processing: 5829326_21016_0_0.png
processing: 5829326_21015_0_0.png
processing: 5829265_21016_0_0.png
processing: 5829265_21015_0_0.png
  SKIPPING IMAGE: tot amount of vasculature (3223.3002) < quality threshold 
processing: 5829240_21016_0_0.png
  SKIPPING IMAGE: tot amount of vasculature (9689.3625) < quality threshold 
processing: 5829240_21015_0_0.png
  SKIPPING IMAGE: tot amount of vasculature (9940.5007) < quality threshold 
processing: 5829037_21016_0_0.png
processing: 5829037_21015_0_0.png
processing: 5828992_21016_0_0.png
processing: 5828992_21015_0_0.png
processing: 5828988_21016_0_0.png
processing: 5828988_21015_0_0.png
processing: 5828797_21016_1_0.png
  SKIPPING IMAGE: tot amount of vasculature (4038.1434) < quality threshold 
processing: 5828797_21015_1_0.png
processing: 5828584_21016_0_0.png
processing: 5828584_21015_0_0.png
processing: 5828362_21016_0_0.png
  SKIPPING IMAGE: tot amount of vasculature (7991.497) < quality threshold 
processing: 5828362_21015_0_0.png
  SKIPPING IMAGE: tot amount of vasculature (9784.4863) < quality threshold 
processing: 5828304_21016_0_0.png
  SKIPPING IMAGE: No vessels found
processing: 5828304_21015_0_0.png
  SKIPPING IMAGE: tot amount of vasculature (3.1289) < quality threshold 
processing: 5828272_21016_0_0.png
processing: 5828272_21015_0_0.png
processing: 5828198_21016_0_0.png
processing: 5828198_21015_0_0.png
processing: 5828186_21016_0_0.png
processing: 5828186_21015_0_0.png
processing: 5828089_21016_1_0.png
processing: 5828089_21015_1_0.png
processing: 5828061_21016_0_0.png
processing: 5828061_21015_0_0.png
processing: 5827976_21016_0_0.png
processing: 5827976_21015_0_0.png
processing: 5827909_21016_0_0.png
processing: 5827909_21015_0_0.png
processing: 5827853_21016_0_0.png
processing: 5827853_21015_0_0.png
processing: 5827837_21016_0_0.png
  SKIPPING IMAGE: tot amount of vasculature (2445.8737) < quality threshold 
processing: 5827837_21015_0_0.png
processing: 5827829_21016_0_0.png
processing: 5827829_21015_0_0.png
processing: 5827788_21016_0_0.png
  SKIPPING IMAGE: tot amount of vasculature (8834.3112) < quality threshold 
processing: 5827788_21015_0_0.png
processing: 5827740_21016_0_0.png
processing: 5827740_21015_0_0.png
processing: 5827714_21016_1_0.png
  SKIPPING IMAGE: tot amount of vasculature (6112.7356) < quality threshold 
processing: 5827714_21015_1_0.png
processing: 5827695_21016_1_0.png
processing: 5827695_21015_1_0.png
processing: 5827684_21016_0_0.png
processing: 5827684_21015_0_0.png
  SKIPPING IMAGE: tot amount of vasculature (10023.5338) < quality threshold 
processing: 5827671_21016_0_0.png
processing: 5827671_21015_0_0.png
processing: 5827542_21016_0_0.png
processing: 5827542_21015_0_0.png
processing: 5827525_21016_0_0.png
processing: 5827525_21015_0_0.png
processing: 5827491_21016_0_0.png
processing: 5827491_21015_0_0.png
processing: 5827458_21016_0_0.png
processing: 5827458_21015_0_0.png
processing: 5827444_21016_1_0.png
processing: 5827444_21015_1_0.png
processing: 5827410_21016_0_0.png
processing: 5827410_21015_0_0.png
processing: 5827403_21016_0_0.png
processing: 5827403_21015_0_0.png
processing: 5827399_21016_0_0.png
processing: 5827399_21015_0_0.png
processing: 5827380_21016_0_0.png
  SKIPPING IMAGE: tot amount of vasculature (2652.5679) < quality threshold 
processing: 5827380_21015_0_0.png
  SKIPPING IMAGE: tot amount of vasculature (403.2719) < quality threshold 
processing: 5827367_21016_0_0.png
  SKIPPING IMAGE: tot amount of vasculature (10989.6276) < quality threshold 
processing: 5827367_21015_0_0.png
processing: 5827355_21016_0_0.png
  SKIPPING IMAGE: tot amount of vasculature (10359.577) < quality threshold 
processing: 5827355_21015_0_0.png
  SKIPPING IMAGE: tot amount of vasculature (10230.779) < quality threshold 
processing: 5827218_21015_0_0.png
processing: 5827146_21016_0_0.png
processing: 5827146_21015_0_0.png
processing: 5827098_21016_0_0.png
  SKIPPING IMAGE: tot amount of vasculature (3875.2601) < quality threshold 
processing: 5827098_21015_0_0.png
  SKIPPING IMAGE: tot amount of vasculature (10451.3747) < quality threshold 
processing: 5827027_21016_0_0.png
  SKIPPING IMAGE: tot amount of vasculature (49.3831) < quality threshold 
processing: 5827027_21015_0_0.png
Warning: No vessels found in 5827027_21015_0_0
> In Vessel_Data_IO.load_from_file (line 183)
  In REVIEW_evaluate_diameter_measurements (line 125)
  In ARIA_run_tests (line 209)
  SKIPPING IMAGE: No vessels found
processing: 5827005_21016_0_0.png
processing: 5827005_21015_0_0.png
processing: 5826937_21016_0_0.png
processing: 5826937_21015_0_0.png
processing: 5826929_21016_0_0.png
  SKIPPING IMAGE: tot amount of vasculature (8785.1611) < quality threshold 
processing: 5826929_21015_0_0.png
  SKIPPING IMAGE: tot amount of vasculature (6611.4377) < quality threshold 
processing: 5826860_21016_1_0.png
processing: 5826860_21015_1_0.png
  SKIPPING IMAGE: tot amount of vasculature (10995.3601) < quality threshold 
processing: 5826687_21016_0_0.png
processing: 5826687_21015_0_0.png
processing: 5826626_21016_0_0.png
  SKIPPING IMAGE: tot amount of vasculature (4223.377) < quality threshold 
processing: 5826626_21015_0_0.png
  SKIPPING IMAGE: tot amount of vasculature (3073.9925) < quality threshold 
processing: 5826539_21016_0_0.png
processing: 5826539_21015_0_0.png
processing: 5826518_21016_1_0.png
  SKIPPING IMAGE: tot amount of vasculature (8028.5613) < quality threshold 
processing: 5826518_21015_1_0.png
processing: 5826447_21016_0_0.png
processing: 5826447_21015_0_0.png
processing: 5826349_21016_1_0.png
processing: 5826349_21015_1_0.png
processing: 5826312_21016_1_0.png
  SKIPPING IMAGE: tot amount of vasculature (8288.4876) < quality threshold 
processing: 5826312_21015_1_0.png
processing: 5826290_21016_0_0.png
processing: 5826290_21015_0_0.png
processing: 5826281_21016_0_0.png
processing: 5826281_21015_0_0.png
processing: 5826207_21016_1_0.png
  SKIPPING IMAGE: tot amount of vasculature (6848.2219) < quality threshold 
processing: 5826207_21015_1_0.png
  SKIPPING IMAGE: tot amount of vasculature (3569.0197) < quality threshold 
processing: 5826188_21016_0_0.png
processing: 5826188_21015_0_0.png
processing: 5826123_21016_0_0.png
processing: 5826123_21015_0_0.png
processing: 5826114_21016_0_0.png
processing: 5826114_21015_0_0.png
processing: 5825933_21016_0_0.png
processing: 5825933_21015_0_0.png
processing: 5825902_21016_0_0.png
processing: 5825902_21015_0_0.png
processing: 5825878_21016_0_0.png
processing: 5825878_21015_0_0.png
processing: 5825854_21016_0_0.png
processing: 5825854_21015_0_0.png
processing: 5825780_21016_0_0.png
processing: 5825780_21015_0_0.png
processing: 5825697_21016_0_0.png
processing: 5825697_21015_0_0.png
  SKIPPING IMAGE: tot amount of vasculature (10085.7078) < quality threshold 
processing: 5825652_21016_0_0.png
processing: 5825652_21015_0_0.png
processing: 5825598_21016_0_0.png
processing: 5825598_21015_0_0.png
processing: 5825527_21016_0_0.png
processing: 5825527_21015_0_0.png
processing: 5825505_21016_0_0.png
processing: 5825505_21015_0_0.png
processing: 5825331_21016_0_0.png
processing: 5825331_21015_0_0.png
processing: 5825275_21016_0_0.png
  SKIPPING IMAGE: tot amount of vasculature (6425.5745) < quality threshold 
processing: 5825275_21015_0_0.png
  SKIPPING IMAGE: tot amount of vasculature (10120.413) < quality threshold 
processing: 5825258_21016_0_0.png
processing: 5825258_21015_0_0.png
processing: 5825203_21016_0_0.png
processing: 5825203_21015_0_0.png
processing: 5825153_21016_0_0.png
processing: 5825153_21015_0_0.png
processing: 5825115_21016_0_0.png
processing: 5825115_21015_0_0.png
processing: 5824996_21016_0_0.png
processing: 5824996_21015_0_0.png
processing: 5824943_21016_0_0.png
processing: 5824943_21015_0_0.png
processing: 5824939_21016_0_0.png
processing: 5824939_21015_0_0.png
processing: 5824921_21016_0_0.png
processing: 5824921_21015_0_0.png
processing: 5824899_21016_1_0.png
processing: 5824899_21015_1_0.png
processing: 5824872_21016_1_0.png
  SKIPPING IMAGE: tot amount of vasculature (8828.389) < quality threshold 
processing: 5824872_21015_1_0.png
  SKIPPING IMAGE: tot amount of vasculature (10296.288) < quality threshold 
processing: 5824855_21016_1_0.png
processing: 5824855_21015_1_0.png
processing: 5824756_21016_1_0.png
processing: 5824756_21016_0_0.png
processing: 5824756_21015_1_0.png
processing: 5824756_21015_0_0.png
processing: 5824661_21016_0_0.png
processing: 5824661_21015_0_0.png
processing: 5824565_21016_0_0.png
  SKIPPING IMAGE: tot amount of vasculature (10754.5829) < quality threshold 
processing: 5824565_21015_0_0.png
processing: 5824523_21016_0_0.png
processing: 5824523_21015_0_0.png
processing: 5824473_21016_0_0.png
processing: 5824473_21015_0_0.png
processing: 5824430_21016_0_0.png
  SKIPPING IMAGE: tot amount of vasculature (10570.6052) < quality threshold 
processing: 5824430_21015_0_0.png
processing: 5824427_21016_1_0.png
processing: 5824427_21015_1_0.png
processing: 5824394_21016_1_0.png
processing: 5824394_21015_1_0.png
processing: 5824315_21016_0_0.png
processing: 5824315_21015_0_0.png
processing: 5824283_21016_1_0.png
processing: 5824283_21015_1_0.png
processing: 5824245_21016_0_0.png
processing: 5824245_21015_0_0.png
  SKIPPING IMAGE: tot amount of vasculature (10291.4596) < quality threshold 
processing: 5824228_21016_0_0.png
  SKIPPING IMAGE: tot amount of vasculature (4461.1651) < quality threshold 
processing: 5824228_21015_0_0.png
  SKIPPING IMAGE: tot amount of vasculature (9842.3583) < quality threshold 
processing: 5824159_21016_0_0.png
processing: 5824159_21015_0_0.png
processing: 5824147_21016_0_0.png
processing: 5824147_21015_0_0.png
  SKIPPING IMAGE: tot amount of vasculature (10056.8687) < quality threshold 
processing: 5824133_21016_0_0.png
  SKIPPING IMAGE: tot amount of vasculature (5866.0279) < quality threshold 
processing: 5824133_21015_0_0.png
processing: 5824102_21016_0_0.png
processing: 5824102_21015_0_0.png
processing: 5824091_21016_0_0.png
processing: 5824091_21015_0_0.png
processing: 5824010_21016_1_0.png
  SKIPPING IMAGE: tot amount of vasculature (3698.5279) < quality threshold 
processing: 5824010_21015_1_0.png
  SKIPPING IMAGE: tot amount of vasculature (3498.4596) < quality threshold 
processing: 5823978_21016_0_0.png
  SKIPPING IMAGE: tot amount of vasculature (3189.7213) < quality threshold 
processing: 5823978_21015_0_0.png
  SKIPPING IMAGE: tot amount of vasculature (7103.9981) < quality threshold 
processing: 5823935_21016_1_0.png
  SKIPPING IMAGE: tot amount of vasculature (7309.601) < quality threshold 
processing: 5823935_21015_1_0.png
  SKIPPING IMAGE: tot amount of vasculature (10448.3193) < quality threshold 
processing: 5823766_21016_0_0.png
processing: 5823766_21015_0_0.png
processing: 5823753_21016_0_0.png
processing: 5823715_21016_1_0.png
  SKIPPING IMAGE: tot amount of vasculature (6752.4723) < quality threshold 
processing: 5823715_21015_1_0.png
  SKIPPING IMAGE: tot amount of vasculature (10225.8221) < quality threshold 
processing: 5823662_21016_1_0.png
  SKIPPING IMAGE: tot amount of vasculature (6689.2259) < quality threshold 
processing: 5823662_21016_0_0.png
processing: 5823662_21015_1_0.png
  SKIPPING IMAGE: tot amount of vasculature (10052.3225) < quality threshold 
processing: 5823662_21015_0_0.png
processing: 5823643_21016_1_0.png
processing: 5823643_21015_1_0.png
processing: 5823639_21016_1_0.png
processing: 5823639_21015_1_0.png
processing: 5823621_21016_1_0.png
processing: 5823621_21015_1_0.png
processing: 5823526_21016_0_0.png
processing: 5823526_21015_0_0.png
processing: 5823483_21016_1_0.png
  SKIPPING IMAGE: tot amount of vasculature (1404.3265) < quality threshold 
processing: 5823483_21015_1_0.png
processing: 5823452_21016_0_0.png
processing: 5823452_21015_0_0.png
processing: 5823428_21016_0_0.png
processing: 5823428_21015_0_0.png
processing: 5823390_21016_1_0.png
processing: 5823390_21015_1_0.png
processing: 5823363_21016_0_0.png
  SKIPPING IMAGE: No vessels found
processing: 5823363_21015_0_0.png
  SKIPPING IMAGE: tot amount of vasculature (1831.663) < quality threshold 
processing: 5823230_21016_0_0.png
processing: 5823230_21015_0_0.png
processing: 5823205_21016_0_0.png
  SKIPPING IMAGE: tot amount of vasculature (1815.2998) < quality threshold 
processing: 5823205_21015_0_0.png
  SKIPPING IMAGE: tot amount of vasculature (10605.9504) < quality threshold 
processing: 5823172_21016_0_1.png
  SKIPPING IMAGE: tot amount of vasculature (1.1238) < quality threshold 
processing: 5823172_21016_0_0.png
  SKIPPING IMAGE: No vessels found
processing: 5823172_21015_0_1.png
  SKIPPING IMAGE: tot amount of vasculature (10.3105) < quality threshold 
processing: 5823172_21015_0_0.png
  SKIPPING IMAGE: No vessels found
processing: 5823136_21016_1_0.png
  SKIPPING IMAGE: tot amount of vasculature (2.1423) < quality threshold 
processing: 5823136_21015_1_0.png
  SKIPPING IMAGE: tot amount of vasculature (59.0617) < quality threshold 
processing: 5823124_21016_1_0.png
processing: 5823124_21015_1_0.png
processing: 5823101_21016_0_0.png
processing: 5823101_21015_0_0.png
processing: 5823092_21016_0_0.png
  SKIPPING IMAGE: tot amount of vasculature (8877.3325) < quality threshold 
processing: 5823092_21015_0_0.png
  SKIPPING IMAGE: tot amount of vasculature (10962.442) < quality threshold 
processing: 5823040_21016_0_0.png
processing: 5823040_21015_0_0.png
processing: 5822912_21016_0_0.png
processing: 5822912_21015_0_0.png
processing: 5822881_21016_1_0.png
processing: 5822881_21015_1_0.png
processing: 5822838_21016_0_0.png
processing: 5822838_21015_0_0.png
processing: 5822791_21016_0_0.png
  SKIPPING IMAGE: tot amount of vasculature (9174.3887) < quality threshold 
processing: 5822791_21015_0_0.png
processing: 5822672_21016_1_0.png
  SKIPPING IMAGE: tot amount of vasculature (9371.6788) < quality threshold 
processing: 5822672_21015_1_0.png
processing: 5822515_21016_1_0.png
  SKIPPING IMAGE: tot amount of vasculature (4378.2371) < quality threshold 
processing: 5822515_21015_1_0.png
  SKIPPING IMAGE: tot amount of vasculature (6593.3771) < quality threshold 
processing: 5822440_21016_0_0.png
processing: 5822440_21015_0_0.png
processing: 5822414_21016_1_0.png
  SKIPPING IMAGE: tot amount of vasculature (6913.6098) < quality threshold 
processing: 5822414_21015_1_0.png
  SKIPPING IMAGE: tot amount of vasculature (113.0351) < quality threshold 
processing: 5822261_21016_0_0.png
  SKIPPING IMAGE: tot amount of vasculature (34.489) < quality threshold 
processing: 5822261_21015_0_0.png
  SKIPPING IMAGE: tot amount of vasculature (4054.0135) < quality threshold 
processing: 5822235_21016_0_0.png
processing: 5822235_21015_0_0.png
processing: 5822217_21016_0_0.png
  SKIPPING IMAGE: tot amount of vasculature (6999.7836) < quality threshold 
processing: 5822217_21015_0_0.png
  SKIPPING IMAGE: tot amount of vasculature (8993.9732) < quality threshold 
processing: 5822200_21016_1_0.png
processing: 5822200_21015_1_0.png
FINISHED: .mat files have been written to: /data/FAC/FBM/DBC/sbergman/retina/UKBiob/fundus/REVIEW//CLRIS/
execution time: 1734 sec
