------------------------------------------
Setting up environment variables
---
LD_LIBRARY_PATH is .:/software/Development/Languages/Matlab_Compiler_Runtime/96/runtime/glnxa64:/software/Development/Languages/Matlab_Compiler_Runtime/96/bin/glnxa64:/software/Development/Languages/Matlab_Compiler_Runtime/96/sys/os/glnxa64:/software/Development/Languages/Matlab_Compiler_Runtime/96/sys/opengl/lib/glnxa64
Running vessel measurements...
processing: 1318168_21016_0_0.png
  SKIPPING IMAGE: tot amount of vasculature (8001.9323) < quality threshold 
processing: 1318168_21015_0_0.png
  SKIPPING IMAGE: tot amount of vasculature (7241.6606) < quality threshold 
processing: 1318147_21016_0_0.png
processing: 1318147_21015_0_0.png
processing: 1317796_21016_0_0.png
processing: 1317796_21015_0_0.png
processing: 1317777_21016_0_0.png
  SKIPPING IMAGE: tot amount of vasculature (3025.8704) < quality threshold 
processing: 1317777_21015_0_0.png
processing: 1317665_21016_1_0.png
  SKIPPING IMAGE: tot amount of vasculature (30.2306) < quality threshold 
processing: 1317665_21015_1_0.png
  SKIPPING IMAGE: tot amount of vasculature (2181.8238) < quality threshold 
processing: 1317614_21016_0_0.png
processing: 1317614_21015_0_0.png
processing: 1317546_21016_0_0.png
processing: 1317546_21015_0_0.png
processing: 1317522_21016_0_0.png
processing: 1317522_21015_0_0.png
processing: 1317472_21016_1_0.png
processing: 1317472_21016_0_0.png
  SKIPPING IMAGE: tot amount of vasculature (4768.6188) < quality threshold 
processing: 1317472_21015_1_0.png
processing: 1317472_21015_0_0.png
  SKIPPING IMAGE: tot amount of vasculature (2940.0466) < quality threshold 
processing: 1317467_21015_0_0.png
processing: 1317448_21016_1_0.png
  SKIPPING IMAGE: tot amount of vasculature (8543.5123) < quality threshold 
processing: 1317448_21016_0_0.png
  SKIPPING IMAGE: tot amount of vasculature (10062.5676) < quality threshold 
processing: 1317448_21015_1_0.png
  SKIPPING IMAGE: tot amount of vasculature (9293.7163) < quality threshold 
processing: 1317448_21015_0_0.png
  SKIPPING IMAGE: tot amount of vasculature (10977.6925) < quality threshold 
processing: 1317383_21016_1_0.png
  SKIPPING IMAGE: tot amount of vasculature (472.485) < quality threshold 
processing: 1317334_21016_0_0.png
processing: 1317334_21015_0_0.png
processing: 1317328_21016_0_0.png
processing: 1317328_21015_0_0.png
processing: 1317309_21016_0_0.png
processing: 1317309_21015_0_0.png
processing: 1317208_21016_0_0.png
processing: 1317208_21015_0_0.png
  SKIPPING IMAGE: tot amount of vasculature (49.6655) < quality threshold 
processing: 1317191_21016_0_0.png
processing: 1317191_21015_0_0.png
processing: 1317071_21016_0_0.png
processing: 1317071_21015_0_0.png
processing: 1317033_21016_0_0.png
  SKIPPING IMAGE: tot amount of vasculature (10943.7085) < quality threshold 
processing: 1317033_21015_0_0.png
processing: 1316856_21016_0_0.png
  SKIPPING IMAGE: tot amount of vasculature (4676.7462) < quality threshold 
processing: 1316856_21015_0_0.png
  SKIPPING IMAGE: tot amount of vasculature (10201.5379) < quality threshold 
processing: 1316825_21016_0_0.png
processing: 1316819_21016_0_0.png
processing: 1316819_21015_0_0.png
processing: 1316775_21016_0_0.png
processing: 1316775_21015_0_0.png
processing: 1316553_21016_1_0.png
  SKIPPING IMAGE: tot amount of vasculature (3802.3099) < quality threshold 
processing: 1316553_21015_1_0.png
  SKIPPING IMAGE: tot amount of vasculature (9828.6962) < quality threshold 
processing: 1316508_21016_1_0.png
  SKIPPING IMAGE: tot amount of vasculature (7159.0632) < quality threshold 
processing: 1316508_21015_1_0.png
  SKIPPING IMAGE: tot amount of vasculature (5335.0611) < quality threshold 
processing: 1316431_21016_0_0.png
processing: 1316431_21015_0_0.png
processing: 1316406_21016_0_0.png
processing: 1316406_21015_0_0.png
processing: 1316162_21016_1_0.png
processing: 1316162_21015_1_0.png
  SKIPPING IMAGE: tot amount of vasculature (10620.3077) < quality threshold 
processing: 1316052_21016_0_0.png
processing: 1316052_21015_0_0.png
processing: 1315992_21016_1_0.png
  SKIPPING IMAGE: tot amount of vasculature (10375.8429) < quality threshold 
processing: 1315992_21016_0_0.png
  SKIPPING IMAGE: tot amount of vasculature (9838.1496) < quality threshold 
processing: 1315992_21015_1_0.png
processing: 1315992_21015_0_0.png
  SKIPPING IMAGE: tot amount of vasculature (10973.9387) < quality threshold 
processing: 1315988_21016_0_0.png
processing: 1315988_21015_0_0.png
  SKIPPING IMAGE: tot amount of vasculature (1253.8952) < quality threshold 
processing: 1315957_21016_0_0.png
processing: 1315957_21015_0_0.png
processing: 1315891_21016_0_0.png
processing: 1315891_21015_0_0.png
processing: 1315663_21016_1_0.png
processing: 1315663_21015_1_0.png
processing: 1315584_21016_0_0.png
processing: 1315584_21015_0_0.png
processing: 1315571_21016_0_0.png
processing: 1315571_21015_0_0.png
processing: 1315547_21016_0_0.png
processing: 1315547_21015_0_0.png
processing: 1315437_21016_0_0.png
  SKIPPING IMAGE: tot amount of vasculature (2061.7569) < quality threshold 
processing: 1315437_21015_0_0.png
  SKIPPING IMAGE: tot amount of vasculature (9478.2882) < quality threshold 
processing: 1315408_21016_0_0.png
processing: 1315408_21015_0_0.png
  SKIPPING IMAGE: tot amount of vasculature (9256.5353) < quality threshold 
processing: 1315089_21016_1_0.png
processing: 1315089_21016_0_0.png
processing: 1315089_21015_1_0.png
processing: 1315089_21015_0_0.png
processing: 1315017_21016_0_0.png
processing: 1315017_21015_0_0.png
processing: 1315000_21016_1_0.png
processing: 1315000_21015_1_0.png
processing: 1314982_21016_1_0.png
  SKIPPING IMAGE: tot amount of vasculature (2307.2021) < quality threshold 
processing: 1314982_21015_1_0.png
  SKIPPING IMAGE: tot amount of vasculature (5522.6993) < quality threshold 
processing: 1314953_21016_0_0.png
processing: 1314953_21015_0_0.png
processing: 1314941_21016_1_0.png
processing: 1314941_21015_1_0.png
processing: 1314937_21016_0_0.png
processing: 1314937_21015_0_0.png
processing: 1314908_21016_0_0.png
processing: 1314908_21015_0_0.png
processing: 1314828_21016_1_0.png
processing: 1314828_21015_1_0.png
processing: 1314809_21016_0_0.png
processing: 1314809_21015_0_0.png
processing: 1314722_21016_0_0.png
  SKIPPING IMAGE: tot amount of vasculature (6066.5139) < quality threshold 
processing: 1314722_21015_0_0.png
  SKIPPING IMAGE: tot amount of vasculature (3411.8036) < quality threshold 
processing: 1314691_21016_0_0.png
processing: 1314691_21015_0_0.png
  SKIPPING IMAGE: tot amount of vasculature (9860.448) < quality threshold 
processing: 1314484_21016_0_0.png
processing: 1314484_21015_0_0.png
processing: 1314420_21016_0_0.png
  SKIPPING IMAGE: tot amount of vasculature (9568.6654) < quality threshold 
processing: 1314420_21015_0_0.png
  SKIPPING IMAGE: tot amount of vasculature (2845.4892) < quality threshold 
processing: 1314327_21016_1_0.png
processing: 1314327_21015_1_0.png
processing: 1314274_21016_0_0.png
  SKIPPING IMAGE: tot amount of vasculature (6768.3549) < quality threshold 
processing: 1314274_21015_0_0.png
  SKIPPING IMAGE: tot amount of vasculature (4309.7666) < quality threshold 
processing: 1314165_21016_1_0.png
processing: 1314165_21015_1_0.png
processing: 1314123_21016_0_0.png
processing: 1314123_21015_0_0.png
processing: 1314036_21016_0_0.png
processing: 1314036_21015_0_0.png
processing: 1313879_21016_0_0.png
  SKIPPING IMAGE: tot amount of vasculature (3859.5622) < quality threshold 
processing: 1313879_21015_0_0.png
  SKIPPING IMAGE: tot amount of vasculature (2571.2944) < quality threshold 
processing: 1313857_21016_1_0.png
processing: 1313857_21015_1_0.png
processing: 1313670_21016_0_0.png
processing: 1313670_21015_0_0.png
processing: 1313567_21016_0_0.png
  SKIPPING IMAGE: tot amount of vasculature (10723.5045) < quality threshold 
processing: 1313567_21015_0_0.png
  SKIPPING IMAGE: tot amount of vasculature (7067.296) < quality threshold 
processing: 1313456_21016_0_0.png
processing: 1313456_21015_0_0.png
processing: 1313438_21016_0_0.png
processing: 1313438_21015_0_0.png
processing: 1313295_21016_0_0.png
processing: 1313295_21015_0_0.png
processing: 1313259_21016_0_0.png
processing: 1313259_21015_0_0.png
processing: 1313233_21016_1_0.png
  SKIPPING IMAGE: tot amount of vasculature (6988.4112) < quality threshold 
processing: 1313233_21015_1_0.png
  SKIPPING IMAGE: tot amount of vasculature (5970.0611) < quality threshold 
processing: 1313145_21016_0_0.png
processing: 1313145_21015_0_0.png
processing: 1312968_21016_0_0.png
processing: 1312968_21015_0_0.png
processing: 1312947_21016_0_0.png
processing: 1312947_21015_0_0.png
processing: 1312902_21016_0_0.png
processing: 1312902_21015_0_0.png
processing: 1312878_21016_1_0.png
  SKIPPING IMAGE: tot amount of vasculature (8990.408) < quality threshold 
processing: 1312878_21015_1_0.png
  SKIPPING IMAGE: tot amount of vasculature (2916.9889) < quality threshold 
processing: 1312854_21016_0_0.png
processing: 1312854_21015_0_0.png
  SKIPPING IMAGE: tot amount of vasculature (7597.1518) < quality threshold 
processing: 1312822_21016_0_0.png
processing: 1312822_21015_0_0.png
processing: 1312800_21016_0_0.png
processing: 1312800_21015_0_0.png
processing: 1312736_21016_0_0.png
  SKIPPING IMAGE: tot amount of vasculature (510.7686) < quality threshold 
processing: 1312736_21015_0_0.png
  SKIPPING IMAGE: tot amount of vasculature (2.8595) < quality threshold 
processing: 1312443_21016_0_0.png
processing: 1312443_21015_0_0.png
processing: 1312418_21016_0_0.png
processing: 1312418_21015_0_0.png
processing: 1312392_21016_0_0.png
processing: 1312392_21015_0_0.png
processing: 1312365_21016_0_0.png
processing: 1312365_21015_0_0.png
processing: 1312258_21016_0_0.png
  SKIPPING IMAGE: tot amount of vasculature (10927.2719) < quality threshold 
processing: 1312258_21015_0_0.png
processing: 1312025_21016_0_0.png
processing: 1312025_21015_0_0.png
processing: 1311924_21016_0_0.png
processing: 1311924_21015_0_0.png
  SKIPPING IMAGE: tot amount of vasculature (7444.1772) < quality threshold 
processing: 1311885_21016_1_0.png
processing: 1311885_21016_0_0.png
processing: 1311885_21015_1_0.png
processing: 1311885_21015_0_0.png
processing: 1311862_21016_1_0.png
  SKIPPING IMAGE: tot amount of vasculature (3748.2397) < quality threshold 
processing: 1311862_21016_0_0.png
  SKIPPING IMAGE: tot amount of vasculature (9049.0562) < quality threshold 
processing: 1311862_21015_1_0.png
  SKIPPING IMAGE: tot amount of vasculature (4516.0133) < quality threshold 
processing: 1311862_21015_0_0.png
  SKIPPING IMAGE: tot amount of vasculature (9394.6742) < quality threshold 
processing: 1311771_21016_0_0.png
  SKIPPING IMAGE: tot amount of vasculature (9237.0715) < quality threshold 
processing: 1311771_21015_0_0.png
processing: 1311686_21016_0_0.png
processing: 1311686_21015_0_0.png
processing: 1311651_21016_1_0.png
  SKIPPING IMAGE: tot amount of vasculature (5834.1557) < quality threshold 
processing: 1311651_21016_0_0.png
  SKIPPING IMAGE: tot amount of vasculature (10433.3736) < quality threshold 
processing: 1311651_21015_1_0.png
  SKIPPING IMAGE: tot amount of vasculature (7768.7905) < quality threshold 
processing: 1311651_21015_0_0.png
  SKIPPING IMAGE: tot amount of vasculature (10411.4561) < quality threshold 
processing: 1311627_21016_0_0.png
processing: 1311627_21015_0_0.png
processing: 1311552_21016_0_0.png
  SKIPPING IMAGE: tot amount of vasculature (6203.0857) < quality threshold 
processing: 1311552_21015_0_0.png
processing: 1311545_21016_0_0.png
  SKIPPING IMAGE: tot amount of vasculature (1890.626) < quality threshold 
processing: 1311545_21015_0_0.png
  SKIPPING IMAGE: tot amount of vasculature (2482.3145) < quality threshold 
processing: 1311454_21016_1_0.png
  SKIPPING IMAGE: tot amount of vasculature (3416.4583) < quality threshold 
processing: 1311454_21015_1_0.png
  SKIPPING IMAGE: tot amount of vasculature (6301.6922) < quality threshold 
processing: 1311391_21016_1_0.png
  SKIPPING IMAGE: tot amount of vasculature (4799.1303) < quality threshold 
processing: 1311391_21015_1_0.png
  SKIPPING IMAGE: tot amount of vasculature (3122.9024) < quality threshold 
processing: 1311375_21016_0_0.png
processing: 1311375_21015_0_0.png
processing: 1311369_21016_0_0.png
processing: 1311369_21015_0_0.png
processing: 1311303_21016_0_0.png
  SKIPPING IMAGE: tot amount of vasculature (10172.0925) < quality threshold 
processing: 1311303_21015_0_0.png
  SKIPPING IMAGE: tot amount of vasculature (8463.9487) < quality threshold 
processing: 1311288_21016_0_0.png
processing: 1311288_21015_0_0.png
processing: 1311265_21016_1_0.png
  SKIPPING IMAGE: tot amount of vasculature (2302.3643) < quality threshold 
processing: 1311265_21015_1_0.png
  SKIPPING IMAGE: tot amount of vasculature (45.3427) < quality threshold 
processing: 1311174_21016_0_0.png
processing: 1311174_21015_0_0.png
processing: 1311142_21016_0_0.png
processing: 1311142_21015_0_0.png
processing: 1311070_21016_0_0.png
processing: 1311070_21015_0_0.png
processing: 1310884_21016_0_0.png
processing: 1310884_21015_0_0.png
processing: 1310868_21016_1_0.png
  SKIPPING IMAGE: tot amount of vasculature (8070.6915) < quality threshold 
processing: 1310868_21015_1_0.png
  SKIPPING IMAGE: tot amount of vasculature (5716.2125) < quality threshold 
processing: 1310816_21016_1_0.png
processing: 1310816_21015_1_0.png
processing: 1310753_21016_0_0.png
processing: 1310753_21015_0_0.png
  SKIPPING IMAGE: tot amount of vasculature (10067.8843) < quality threshold 
processing: 1310741_21016_0_0.png
processing: 1310741_21015_0_0.png
processing: 1310708_21016_0_0.png
  SKIPPING IMAGE: tot amount of vasculature (406.9537) < quality threshold 
processing: 1310708_21015_0_0.png
  SKIPPING IMAGE: tot amount of vasculature (66.8221) < quality threshold 
processing: 1310696_21016_0_0.png
processing: 1310696_21015_0_0.png
processing: 1310643_21016_1_0.png
  SKIPPING IMAGE: tot amount of vasculature (3658.6053) < quality threshold 
processing: 1310643_21015_1_0.png
  SKIPPING IMAGE: tot amount of vasculature (5629.3035) < quality threshold 
processing: 1310587_21016_1_0.png
processing: 1310587_21015_1_0.png
processing: 1310575_21016_0_0.png
processing: 1310575_21015_0_0.png
processing: 1310569_21016_0_0.png
processing: 1310569_21015_0_0.png
processing: 1310452_21016_1_0.png
  SKIPPING IMAGE: tot amount of vasculature (1867.8855) < quality threshold 
processing: 1310452_21015_1_0.png
processing: 1310409_21016_0_0.png
  SKIPPING IMAGE: tot amount of vasculature (7955.3082) < quality threshold 
processing: 1310409_21015_0_0.png
  SKIPPING IMAGE: tot amount of vasculature (2364.5109) < quality threshold 
processing: 1310374_21016_1_0.png
  SKIPPING IMAGE: tot amount of vasculature (187.8968) < quality threshold 
processing: 1310374_21015_1_0.png
  SKIPPING IMAGE: tot amount of vasculature (185.1665) < quality threshold 
processing: 1310338_21016_1_0.png
  SKIPPING IMAGE: tot amount of vasculature (411.5892) < quality threshold 
processing: 1310338_21015_1_0.png
  SKIPPING IMAGE: tot amount of vasculature (367.8725) < quality threshold 
processing: 1310307_21016_1_0.png
processing: 1310307_21015_1_0.png
processing: 1310212_21016_1_0.png
processing: 1310212_21015_1_0.png
processing: 1310088_21016_0_0.png
processing: 1310088_21015_0_0.png
  SKIPPING IMAGE: tot amount of vasculature (10742.7352) < quality threshold 
processing: 1310065_21016_0_0.png
processing: 1310065_21015_0_0.png
processing: 1309919_21016_0_0.png
  SKIPPING IMAGE: tot amount of vasculature (5864.941) < quality threshold 
processing: 1309919_21015_0_0.png
  SKIPPING IMAGE: tot amount of vasculature (6835.3619) < quality threshold 
processing: 1309830_21016_0_0.png
processing: 1309830_21015_0_0.png
processing: 1309657_21016_0_0.png
  SKIPPING IMAGE: tot amount of vasculature (406.5413) < quality threshold 
processing: 1309657_21015_0_0.png
  SKIPPING IMAGE: tot amount of vasculature (4074.9833) < quality threshold 
processing: 1309623_21016_0_0.png
processing: 1309623_21015_0_0.png
processing: 1309578_21016_0_0.png
processing: 1309578_21015_0_0.png
processing: 1309546_21016_0_0.png
  SKIPPING IMAGE: tot amount of vasculature (3897.5169) < quality threshold 
processing: 1309546_21015_0_0.png
  SKIPPING IMAGE: tot amount of vasculature (190.3742) < quality threshold 
processing: 1309535_21016_0_0.png
processing: 1309535_21015_0_0.png
  SKIPPING IMAGE: tot amount of vasculature (5303.9172) < quality threshold 
processing: 1309455_21016_0_0.png
processing: 1309455_21015_0_0.png
processing: 1309401_21016_1_0.png
  SKIPPING IMAGE: tot amount of vasculature (10647.8763) < quality threshold 
processing: 1309401_21015_1_0.png
processing: 1309311_21016_0_0.png
processing: 1309311_21015_0_0.png
processing: 1309187_21016_0_0.png
  SKIPPING IMAGE: tot amount of vasculature (8752.0602) < quality threshold 
processing: 1309158_21016_0_0.png
processing: 1309158_21015_0_0.png
processing: 1309047_21016_1_0.png
processing: 1309047_21015_1_0.png
processing: 1308834_21016_0_0.png
processing: 1308834_21015_0_0.png
processing: 1308828_21016_0_0.png
processing: 1308828_21015_0_0.png
processing: 1308778_21016_0_0.png
  SKIPPING IMAGE: tot amount of vasculature (1507.8087) < quality threshold 
processing: 1308778_21015_0_0.png
  SKIPPING IMAGE: tot amount of vasculature (3122.7913) < quality threshold 
processing: 1308746_21016_1_0.png
processing: 1308746_21015_1_0.png
processing: 1308543_21016_0_0.png
processing: 1308543_21015_0_0.png
processing: 1308504_21016_0_0.png
processing: 1308504_21015_0_0.png
processing: 1308433_21016_1_0.png
  SKIPPING IMAGE: tot amount of vasculature (6590.6123) < quality threshold 
processing: 1308433_21015_1_0.png
  SKIPPING IMAGE: tot amount of vasculature (10554.3712) < quality threshold 
processing: 1308420_21016_0_0.png
processing: 1308420_21015_0_0.png
processing: 1308330_21016_0_0.png
processing: 1308330_21015_0_0.png
  SKIPPING IMAGE: tot amount of vasculature (10827.7924) < quality threshold 
processing: 1308312_21016_0_0.png
processing: 1308312_21015_0_0.png
processing: 1308165_21016_0_0.png
  SKIPPING IMAGE: tot amount of vasculature (7975.7583) < quality threshold 
processing: 1308165_21015_0_0.png
processing: 1307978_21016_0_0.png
processing: 1307978_21015_0_0.png
FINISHED: .mat files have been written to: /data/FAC/FBM/DBC/sbergman/retina/UKBiob/fundus/REVIEW//CLRIS/
execution time: 2607 sec
