------------------------------------------
Setting up environment variables
---
LD_LIBRARY_PATH is .:/software/Development/Languages/Matlab_Compiler_Runtime/96/runtime/glnxa64:/software/Development/Languages/Matlab_Compiler_Runtime/96/bin/glnxa64:/software/Development/Languages/Matlab_Compiler_Runtime/96/sys/os/glnxa64:/software/Development/Languages/Matlab_Compiler_Runtime/96/sys/opengl/lib/glnxa64
Running vessel measurements...
processing: 5666330_21016_0_0.png
processing: 5666330_21015_0_0.png
processing: 5666305_21016_0_0.png
processing: 5666305_21015_0_0.png
processing: 5666263_21016_0_0.png
  SKIPPING IMAGE: tot amount of vasculature (6549.8131) < quality threshold 
processing: 5666263_21015_0_0.png
  SKIPPING IMAGE: tot amount of vasculature (1217.8117) < quality threshold 
processing: 5666238_21016_0_0.png
processing: 5666238_21015_0_0.png
processing: 5666123_21016_0_0.png
processing: 5666123_21015_0_0.png
processing: 5666099_21016_0_0.png
processing: 5666099_21015_0_0.png
  SKIPPING IMAGE: tot amount of vasculature (6565.7702) < quality threshold 
processing: 5666055_21016_1_0.png
processing: 5666055_21015_1_0.png
processing: 5665984_21016_0_0.png
  SKIPPING IMAGE: tot amount of vasculature (9748.5278) < quality threshold 
processing: 5665984_21015_0_0.png
processing: 5665772_21016_0_0.png
  SKIPPING IMAGE: tot amount of vasculature (4278.141) < quality threshold 
processing: 5665772_21015_0_0.png
  SKIPPING IMAGE: tot amount of vasculature (5098.8063) < quality threshold 
processing: 5665748_21016_1_0.png
  SKIPPING IMAGE: tot amount of vasculature (5573.8636) < quality threshold 
processing: 5665748_21015_1_0.png
  SKIPPING IMAGE: tot amount of vasculature (7827.6884) < quality threshold 
processing: 5665701_21016_0_0.png
  SKIPPING IMAGE: tot amount of vasculature (2596.795) < quality threshold 
processing: 5665701_21015_0_0.png
  SKIPPING IMAGE: tot amount of vasculature (2448.7721) < quality threshold 
processing: 5665628_21016_0_0.png
processing: 5665628_21015_0_0.png
processing: 5665530_21016_0_0.png
processing: 5665530_21015_0_0.png
processing: 5665512_21016_0_0.png
processing: 5665512_21015_0_0.png
processing: 5665421_21016_0_0.png
processing: 5665421_21015_0_0.png
processing: 5665392_21016_0_0.png
processing: 5665392_21015_0_0.png
  SKIPPING IMAGE: tot amount of vasculature (5908.0493) < quality threshold 
processing: 5665182_21016_0_0.png
processing: 5665182_21015_0_0.png
processing: 5665153_21016_0_0.png
  SKIPPING IMAGE: tot amount of vasculature (4062.2615) < quality threshold 
processing: 5665153_21015_0_0.png
  SKIPPING IMAGE: tot amount of vasculature (8528.0316) < quality threshold 
processing: 5665081_21016_0_0.png
processing: 5665081_21015_0_0.png
processing: 5664977_21016_0_0.png
processing: 5664977_21015_0_0.png
processing: 5664918_21016_1_0.png
  SKIPPING IMAGE: tot amount of vasculature (2.9633) < quality threshold 
processing: 5664918_21015_1_0.png
  SKIPPING IMAGE: tot amount of vasculature (6235.1895) < quality threshold 
processing: 5664880_21016_1_0.png
processing: 5664880_21015_1_0.png
processing: 5664617_21016_1_0.png
  SKIPPING IMAGE: tot amount of vasculature (5230.2999) < quality threshold 
processing: 5664617_21015_1_0.png
  SKIPPING IMAGE: tot amount of vasculature (5809.6452) < quality threshold 
processing: 5664579_21016_0_0.png
  SKIPPING IMAGE: tot amount of vasculature (8943.3539) < quality threshold 
processing: 5664579_21015_0_0.png
  SKIPPING IMAGE: tot amount of vasculature (9213.051) < quality threshold 
processing: 5664523_21016_0_0.png
  SKIPPING IMAGE: tot amount of vasculature (7479.3087) < quality threshold 
processing: 5664523_21015_0_0.png
  SKIPPING IMAGE: tot amount of vasculature (225.0142) < quality threshold 
processing: 5664283_21016_0_0.png
processing: 5664283_21015_0_0.png
processing: 5664276_21016_0_0.png
  SKIPPING IMAGE: tot amount of vasculature (7663.5785) < quality threshold 
processing: 5664276_21015_0_0.png
processing: 5664195_21016_0_1.png
processing: 5664195_21016_0_0.png
processing: 5664195_21015_0_0.png
processing: 5664116_21016_0_0.png
processing: 5664116_21015_0_0.png
  SKIPPING IMAGE: tot amount of vasculature (10537.4821) < quality threshold 
processing: 5664075_21016_0_0.png
processing: 5664075_21015_0_0.png
processing: 5664069_21016_1_0.png
processing: 5664069_21015_1_0.png
processing: 5664026_21016_0_0.png
processing: 5664026_21015_0_0.png
processing: 5663782_21016_1_0.png
processing: 5663782_21015_1_0.png
  SKIPPING IMAGE: tot amount of vasculature (6937.1057) < quality threshold 
processing: 5663741_21016_1_0.png
  SKIPPING IMAGE: tot amount of vasculature (4329.6565) < quality threshold 
processing: 5663741_21016_0_0.png
  SKIPPING IMAGE: tot amount of vasculature (1190.3305) < quality threshold 
processing: 5663741_21015_1_0.png
  SKIPPING IMAGE: tot amount of vasculature (6477.7953) < quality threshold 
processing: 5663741_21015_0_0.png
  SKIPPING IMAGE: tot amount of vasculature (4975.9224) < quality threshold 
processing: 5663737_21016_0_0.png
processing: 5663737_21015_0_0.png
processing: 5663618_21016_0_0.png
  SKIPPING IMAGE: tot amount of vasculature (4865.4398) < quality threshold 
processing: 5663618_21015_0_0.png
  SKIPPING IMAGE: tot amount of vasculature (8532.5403) < quality threshold 
processing: 5663569_21016_0_0.png
processing: 5663569_21015_0_0.png
processing: 5663363_21016_0_0.png
processing: 5663363_21015_0_0.png
processing: 5663342_21016_0_0.png
processing: 5663342_21015_0_0.png
processing: 5663325_21016_0_0.png
processing: 5663325_21015_0_0.png
processing: 5663273_21016_1_0.png
  SKIPPING IMAGE: tot amount of vasculature (8285.9092) < quality threshold 
processing: 5663273_21015_1_0.png
  SKIPPING IMAGE: tot amount of vasculature (4798.7004) < quality threshold 
processing: 5663205_21016_0_0.png
processing: 5663205_21015_0_0.png
  SKIPPING IMAGE: tot amount of vasculature (9293.8842) < quality threshold 
processing: 5663199_21016_1_0.png
processing: 5663199_21016_0_0.png
processing: 5663199_21015_1_0.png
processing: 5663199_21015_0_0.png
processing: 5663113_21016_0_0.png
processing: 5663113_21015_0_0.png
processing: 5663092_21016_0_0.png
  SKIPPING IMAGE: tot amount of vasculature (4468.9562) < quality threshold 
processing: 5663092_21015_0_0.png
  SKIPPING IMAGE: tot amount of vasculature (7836.9739) < quality threshold 
processing: 5662951_21016_0_0.png
processing: 5662951_21015_0_0.png
  SKIPPING IMAGE: tot amount of vasculature (10101.1464) < quality threshold 
processing: 5662905_21016_0_0.png
processing: 5662905_21015_0_0.png
processing: 5662856_21016_1_0.png
processing: 5662856_21015_1_0.png
processing: 5662838_21016_0_0.png
processing: 5662838_21015_0_0.png
processing: 5662819_21016_0_0.png
processing: 5662819_21015_0_0.png
processing: 5662791_21016_0_0.png
processing: 5662791_21015_0_0.png
processing: 5662787_21016_1_0.png
processing: 5662787_21015_1_0.png
processing: 5662769_21016_0_0.png
  SKIPPING IMAGE: tot amount of vasculature (3618.2562) < quality threshold 
processing: 5662769_21015_0_0.png
  SKIPPING IMAGE: tot amount of vasculature (6263.6216) < quality threshold 
processing: 5662667_21016_0_0.png
processing: 5662667_21015_0_0.png
processing: 5662529_21016_0_0.png
  SKIPPING IMAGE: tot amount of vasculature (3682.1867) < quality threshold 
processing: 5662529_21015_0_0.png
  SKIPPING IMAGE: tot amount of vasculature (8351.2303) < quality threshold 
processing: 5662384_21016_0_0.png
processing: 5662384_21015_0_0.png
  SKIPPING IMAGE: tot amount of vasculature (10410.6573) < quality threshold 
processing: 5662222_21016_0_0.png
processing: 5662222_21015_0_0.png
processing: 5662104_21016_0_0.png
  SKIPPING IMAGE: tot amount of vasculature (10916.8169) < quality threshold 
processing: 5662104_21015_0_0.png
processing: 5662060_21016_0_0.png
  SKIPPING IMAGE: tot amount of vasculature (8270.4869) < quality threshold 
processing: 5662060_21015_0_0.png
  SKIPPING IMAGE: tot amount of vasculature (7548.8237) < quality threshold 
processing: 5662028_21016_0_0.png
processing: 5662028_21015_0_0.png
processing: 5661991_21016_0_0.png
processing: 5661991_21015_0_0.png
processing: 5661987_21016_0_0.png
processing: 5661987_21015_0_0.png
  SKIPPING IMAGE: tot amount of vasculature (8050.0705) < quality threshold 
processing: 5661857_21016_1_0.png
processing: 5661857_21015_1_0.png
processing: 5661730_21016_0_0.png
processing: 5661730_21015_0_0.png
processing: 5661682_21016_0_0.png
processing: 5661682_21015_0_0.png
  SKIPPING IMAGE: tot amount of vasculature (9748.7793) < quality threshold 
processing: 5661481_21016_1_0.png
  SKIPPING IMAGE: tot amount of vasculature (9298.4212) < quality threshold 
processing: 5661481_21015_1_0.png
  SKIPPING IMAGE: tot amount of vasculature (3642.9655) < quality threshold 
processing: 5661322_21016_1_0.png
  SKIPPING IMAGE: tot amount of vasculature (914.6493) < quality threshold 
processing: 5661322_21015_1_0.png
  SKIPPING IMAGE: tot amount of vasculature (2484.6934) < quality threshold 
processing: 5661295_21016_0_0.png
processing: 5661295_21015_0_0.png
processing: 5661233_21016_0_0.png
processing: 5661233_21015_0_0.png
processing: 5661220_21016_0_0.png
processing: 5661220_21015_0_0.png
processing: 5661062_21016_0_0.png
processing: 5661062_21015_0_0.png
processing: 5660981_21016_0_0.png
processing: 5660981_21015_0_0.png
processing: 5660907_21016_0_0.png
processing: 5660907_21015_0_0.png
processing: 5660796_21016_0_0.png
processing: 5660796_21015_0_0.png
processing: 5660750_21016_0_0.png
processing: 5660750_21015_0_0.png
processing: 5660383_21016_1_0.png
  SKIPPING IMAGE: tot amount of vasculature (9063.2305) < quality threshold 
processing: 5660383_21015_1_0.png
processing: 5660215_21016_0_0.png
processing: 5660215_21015_0_0.png
processing: 5660208_21016_1_0.png
processing: 5660208_21015_1_0.png
processing: 5660144_21016_0_0.png
processing: 5660144_21015_0_0.png
processing: 5659910_21016_1_0.png
processing: 5659910_21015_1_0.png
  SKIPPING IMAGE: tot amount of vasculature (2914.9244) < quality threshold 
processing: 5659888_21016_0_0.png
processing: 5659888_21015_0_0.png
processing: 5659879_21016_1_0.png
processing: 5659879_21016_0_0.png
processing: 5659879_21015_1_0.png
  SKIPPING IMAGE: tot amount of vasculature (5901.4665) < quality threshold 
processing: 5659879_21015_0_0.png
processing: 5659764_21016_0_1.png
  SKIPPING IMAGE: tot amount of vasculature (8848.3518) < quality threshold 
processing: 5659764_21016_0_0.png
  SKIPPING IMAGE: tot amount of vasculature (8807.4139) < quality threshold 
processing: 5659764_21015_0_0.png
  SKIPPING IMAGE: tot amount of vasculature (4329.6432) < quality threshold 
processing: 5659580_21016_0_0.png
processing: 5659580_21015_0_0.png
  SKIPPING IMAGE: tot amount of vasculature (3724.3526) < quality threshold 
processing: 5659501_21016_1_0.png
processing: 5659501_21015_1_0.png
processing: 5659354_21016_0_0.png
processing: 5659354_21015_0_1.png
processing: 5659354_21015_0_0.png
processing: 5659300_21016_0_0.png
processing: 5659300_21015_0_0.png
processing: 5659284_21016_0_0.png
processing: 5659284_21015_0_0.png
processing: 5659197_21016_0_0.png
processing: 5659197_21015_0_0.png
processing: 5659183_21016_0_0.png
  SKIPPING IMAGE: tot amount of vasculature (10796.414) < quality threshold 
processing: 5659183_21015_0_0.png
  SKIPPING IMAGE: tot amount of vasculature (4919.0869) < quality threshold 
processing: 5659160_21016_0_0.png
processing: 5659160_21015_0_0.png
processing: 5659039_21016_0_0.png
processing: 5659039_21015_0_0.png
processing: 5659018_21016_0_0.png
processing: 5659018_21015_0_0.png
processing: 5658968_21016_0_0.png
processing: 5658968_21015_0_0.png
  SKIPPING IMAGE: tot amount of vasculature (10626.359) < quality threshold 
processing: 5658933_21016_1_0.png
  SKIPPING IMAGE: tot amount of vasculature (3278.3179) < quality threshold 
processing: 5658933_21015_1_0.png
  SKIPPING IMAGE: tot amount of vasculature (3789.3653) < quality threshold 
processing: 5658920_21016_0_0.png
processing: 5658920_21015_0_0.png
processing: 5658893_21016_0_0.png
processing: 5658893_21015_0_0.png
processing: 5658846_21016_0_1.png
processing: 5658846_21016_0_0.png
  SKIPPING IMAGE: No vessels found
processing: 5658846_21015_0_0.png
processing: 5658767_21016_1_0.png
  SKIPPING IMAGE: tot amount of vasculature (47.3268) < quality threshold 
processing: 5658767_21015_1_0.png
  SKIPPING IMAGE: tot amount of vasculature (1.8508) < quality threshold 
processing: 5658755_21016_0_0.png
processing: 5658755_21015_0_0.png
processing: 5658736_21016_0_0.png
processing: 5658736_21015_0_0.png
  SKIPPING IMAGE: tot amount of vasculature (10380.5131) < quality threshold 
processing: 5658724_21016_1_0.png
processing: 5658724_21015_1_0.png
processing: 5658713_21016_0_0.png
processing: 5658713_21015_0_0.png
processing: 5658676_21016_0_0.png
processing: 5658676_21015_0_0.png
processing: 5658645_21016_0_0.png
processing: 5658645_21015_0_0.png
processing: 5658609_21016_0_0.png
  SKIPPING IMAGE: tot amount of vasculature (9818.1483) < quality threshold 
processing: 5658609_21015_0_0.png
processing: 5658586_21016_0_0.png
processing: 5658586_21015_0_0.png
processing: 5658549_21016_0_0.png
processing: 5658549_21015_0_0.png
processing: 5658462_21016_1_0.png
  SKIPPING IMAGE: tot amount of vasculature (2316.7817) < quality threshold 
processing: 5658462_21015_1_0.png
  SKIPPING IMAGE: tot amount of vasculature (8778.905) < quality threshold 
processing: 5658443_21016_1_0.png
  SKIPPING IMAGE: tot amount of vasculature (80.2484) < quality threshold 
processing: 5658443_21015_1_0.png
  SKIPPING IMAGE: tot amount of vasculature (8102.1231) < quality threshold 
processing: 5658388_21016_0_0.png
processing: 5658388_21015_0_0.png
processing: 5658287_21016_0_0.png
processing: 5658287_21015_0_0.png
processing: 5658275_21016_0_0.png
processing: 5658275_21015_0_0.png
processing: 5658269_21016_0_0.png
processing: 5658269_21015_0_0.png
processing: 5658210_21016_1_0.png
processing: 5658210_21015_1_0.png
processing: 5658153_21016_0_0.png
processing: 5658153_21015_0_0.png
processing: 5658108_21016_0_0.png
processing: 5658108_21015_0_0.png
processing: 5658063_21016_1_0.png
  SKIPPING IMAGE: tot amount of vasculature (2639.7804) < quality threshold 
processing: 5658063_21015_1_0.png
  SKIPPING IMAGE: tot amount of vasculature (4450.5441) < quality threshold 
processing: 5658042_21016_0_0.png
  SKIPPING IMAGE: tot amount of vasculature (3069.727) < quality threshold 
processing: 5658042_21015_0_0.png
processing: 5658038_21016_0_1.png
  SKIPPING IMAGE: tot amount of vasculature (5932.492) < quality threshold 
processing: 5658038_21016_0_0.png
  SKIPPING IMAGE: tot amount of vasculature (6727.1661) < quality threshold 
processing: 5658038_21015_0_0.png
processing: 5657948_21016_0_0.png
processing: 5657948_21015_0_0.png
processing: 5657885_21016_1_0.png
processing: 5657885_21015_1_0.png
processing: 5657768_21016_0_0.png
processing: 5657768_21015_0_0.png
processing: 5657733_21016_0_0.png
processing: 5657733_21015_0_0.png
  SKIPPING IMAGE: tot amount of vasculature (9987.4289) < quality threshold 
processing: 5657651_21016_0_0.png
  SKIPPING IMAGE: tot amount of vasculature (5625.3577) < quality threshold 
processing: 5657651_21015_0_0.png
processing: 5657583_21016_1_0.png
  SKIPPING IMAGE: tot amount of vasculature (8643.6527) < quality threshold 
processing: 5657583_21015_1_0.png
  SKIPPING IMAGE: tot amount of vasculature (10163.3356) < quality threshold 
processing: 5657387_21016_0_0.png
processing: 5657387_21015_0_0.png
processing: 5657344_21016_0_0.png
  SKIPPING IMAGE: tot amount of vasculature (10292.8439) < quality threshold 
processing: 5657344_21015_0_0.png
  SKIPPING IMAGE: tot amount of vasculature (2884.9833) < quality threshold 
processing: 5657206_21016_0_1.png
  SKIPPING IMAGE: tot amount of vasculature (10061.212) < quality threshold 
processing: 5657206_21016_0_0.png
processing: 5657206_21015_0_0.png
  SKIPPING IMAGE: tot amount of vasculature (9427.4128) < quality threshold 
processing: 5657181_21016_0_0.png
  SKIPPING IMAGE: tot amount of vasculature (7732.1244) < quality threshold 
processing: 5657181_21015_0_0.png
  SKIPPING IMAGE: tot amount of vasculature (2536.9003) < quality threshold 
processing: 5657174_21016_0_0.png
processing: 5657174_21015_0_0.png
  SKIPPING IMAGE: tot amount of vasculature (10321.0001) < quality threshold 
processing: 5657070_21016_1_0.png
  SKIPPING IMAGE: tot amount of vasculature (2163.5304) < quality threshold 
processing: 5657070_21015_1_0.png
  SKIPPING IMAGE: tot amount of vasculature (5137.8177) < quality threshold 
processing: 5657053_21016_0_0.png
processing: 5657053_21015_0_0.png
  SKIPPING IMAGE: tot amount of vasculature (4219.7187) < quality threshold 
processing: 5657037_21016_0_0.png
processing: 5657037_21015_0_0.png
  SKIPPING IMAGE: tot amount of vasculature (9571.1359) < quality threshold 
processing: 5657015_21016_0_0.png
processing: 5657015_21015_0_0.png
  SKIPPING IMAGE: tot amount of vasculature (9586.5253) < quality threshold 
processing: 5656950_21016_1_0.png
processing: 5656950_21015_1_0.png
processing: 5656855_21016_0_0.png
processing: 5656855_21015_0_0.png
  SKIPPING IMAGE: tot amount of vasculature (10071.799) < quality threshold 
processing: 5656836_21016_0_0.png
processing: 5656836_21015_0_0.png
processing: 5656774_21016_0_0.png
processing: 5656774_21015_0_0.png
processing: 5656742_21016_0_0.png
  SKIPPING IMAGE: tot amount of vasculature (9425.847) < quality threshold 
processing: 5656742_21015_0_0.png
processing: 5656635_21016_1_0.png
processing: 5656635_21015_1_0.png
processing: 5656600_21016_0_0.png
processing: 5656600_21015_0_0.png
processing: 5656557_21016_0_0.png
  SKIPPING IMAGE: tot amount of vasculature (313.4727) < quality threshold 
processing: 5656557_21015_0_0.png
processing: 5656382_21016_0_0.png
processing: 5656382_21015_0_0.png
  SKIPPING IMAGE: tot amount of vasculature (10931.8029) < quality threshold 
FINISHED: .mat files have been written to: /data/FAC/FBM/DBC/sbergman/retina/UKBiob/fundus/REVIEW//CLRIS/
execution time: 1712 sec
