------------------------------------------
Setting up environment variables
---
LD_LIBRARY_PATH is .:/software/Development/Languages/Matlab_Compiler_Runtime/96/runtime/glnxa64:/software/Development/Languages/Matlab_Compiler_Runtime/96/bin/glnxa64:/software/Development/Languages/Matlab_Compiler_Runtime/96/sys/os/glnxa64:/software/Development/Languages/Matlab_Compiler_Runtime/96/sys/opengl/lib/glnxa64
Running vessel measurements...
processing: 1582253_21016_0_0.png
processing: 1582253_21015_0_0.png
processing: 1582241_21016_0_0.png
processing: 1582241_21015_0_0.png
  SKIPPING IMAGE: tot amount of vasculature (786.1659) < quality threshold 
processing: 1582229_21016_0_0.png
processing: 1582229_21015_0_0.png
processing: 1582191_21016_1_0.png
  SKIPPING IMAGE: tot amount of vasculature (42.5146) < quality threshold 
processing: 1582191_21015_1_0.png
  SKIPPING IMAGE: tot amount of vasculature (4544.5825) < quality threshold 
processing: 1582084_21016_0_0.png
processing: 1582084_21015_0_0.png
processing: 1582059_21016_1_0.png
processing: 1582059_21015_1_0.png
processing: 1582047_21016_0_0.png
  SKIPPING IMAGE: tot amount of vasculature (4588.4576) < quality threshold 
processing: 1582047_21015_0_0.png
processing: 1581918_21016_0_0.png
  SKIPPING IMAGE: tot amount of vasculature (785.4914) < quality threshold 
processing: 1581918_21015_0_0.png
  SKIPPING IMAGE: tot amount of vasculature (5092.6032) < quality threshold 
processing: 1581855_21016_1_0.png
  SKIPPING IMAGE: tot amount of vasculature (7229.5241) < quality threshold 
processing: 1581855_21015_1_0.png
  SKIPPING IMAGE: tot amount of vasculature (9483.4193) < quality threshold 
processing: 1581801_21016_1_0.png
  SKIPPING IMAGE: tot amount of vasculature (354.1081) < quality threshold 
processing: 1581801_21015_1_0.png
  SKIPPING IMAGE: tot amount of vasculature (2939.8628) < quality threshold 
processing: 1581725_21016_0_0.png
processing: 1581725_21015_0_0.png
processing: 1581719_21016_1_0.png
processing: 1581719_21015_1_0.png
processing: 1581654_21016_1_0.png
  SKIPPING IMAGE: tot amount of vasculature (1636.3291) < quality threshold 
processing: 1581654_21015_1_0.png
  SKIPPING IMAGE: tot amount of vasculature (6131.9298) < quality threshold 
processing: 1581565_21016_0_0.png
  SKIPPING IMAGE: tot amount of vasculature (9752.5374) < quality threshold 
processing: 1581565_21015_0_0.png
  SKIPPING IMAGE: tot amount of vasculature (8081.7365) < quality threshold 
processing: 1581540_21016_0_0.png
processing: 1581540_21015_0_0.png
processing: 1581464_21016_0_0.png
  SKIPPING IMAGE: tot amount of vasculature (4421.2561) < quality threshold 
processing: 1581464_21015_0_0.png
processing: 1581427_21016_0_0.png
processing: 1581427_21015_0_0.png
processing: 1581412_21016_0_0.png
processing: 1581412_21015_0_0.png
processing: 1581341_21016_0_0.png
  SKIPPING IMAGE: tot amount of vasculature (10415.8952) < quality threshold 
processing: 1581341_21015_0_0.png
  SKIPPING IMAGE: tot amount of vasculature (1393.6628) < quality threshold 
processing: 1581276_21016_0_0.png
processing: 1581276_21015_0_0.png
processing: 1581245_21016_0_0.png
processing: 1581245_21015_0_0.png
processing: 1581159_21016_0_0.png
  SKIPPING IMAGE: tot amount of vasculature (6108.1782) < quality threshold 
processing: 1581159_21015_0_0.png
processing: 1581102_21016_0_0.png
processing: 1581102_21015_0_0.png
processing: 1581087_21016_0_0.png
processing: 1581087_21015_0_0.png
processing: 1581069_21016_0_0.png
processing: 1581069_21015_0_0.png
processing: 1581010_21016_0_0.png
processing: 1581010_21015_0_0.png
processing: 1580986_21016_0_0.png
processing: 1580986_21015_0_0.png
processing: 1580930_21016_1_0.png
processing: 1580930_21015_1_0.png
processing: 1580732_21016_1_0.png
processing: 1580732_21015_1_0.png
processing: 1580703_21016_1_1.png
  SKIPPING IMAGE: tot amount of vasculature (8169.1409) < quality threshold 
processing: 1580703_21016_1_0.png
  SKIPPING IMAGE: tot amount of vasculature (1172.1613) < quality threshold 
processing: 1580703_21015_1_0.png
  SKIPPING IMAGE: tot amount of vasculature (2225.0587) < quality threshold 
processing: 1580347_21016_1_0.png
processing: 1580347_21015_1_0.png
processing: 1580293_21016_0_0.png
processing: 1580293_21015_0_0.png
processing: 1580185_21015_0_0.png
processing: 1580150_21016_1_0.png
  SKIPPING IMAGE: tot amount of vasculature (4379.2327) < quality threshold 
processing: 1580150_21015_1_0.png
  SKIPPING IMAGE: tot amount of vasculature (10208.3138) < quality threshold 
processing: 1580104_21016_0_0.png
processing: 1580104_21015_0_0.png
processing: 1580009_21016_1_0.png
processing: 1580009_21015_1_0.png
processing: 1579921_21015_0_0.png
processing: 1579880_21016_0_0.png
processing: 1579880_21015_0_0.png
processing: 1579872_21016_0_0.png
  SKIPPING IMAGE: tot amount of vasculature (6230.7884) < quality threshold 
processing: 1579872_21015_0_0.png
  SKIPPING IMAGE: tot amount of vasculature (8323.2682) < quality threshold 
processing: 1579824_21016_0_0.png
  SKIPPING IMAGE: tot amount of vasculature (8720.8562) < quality threshold 
processing: 1579824_21015_0_0.png
  SKIPPING IMAGE: tot amount of vasculature (10642.9428) < quality threshold 
processing: 1579531_21016_0_0.png
processing: 1579531_21015_0_0.png
processing: 1579498_21016_0_0.png
  SKIPPING IMAGE: tot amount of vasculature (10980.3615) < quality threshold 
processing: 1579498_21015_0_0.png
processing: 1579382_21016_0_0.png
processing: 1579382_21015_0_0.png
processing: 1579353_21016_0_0.png
processing: 1579353_21015_0_0.png
processing: 1579341_21016_0_0.png
processing: 1579341_21015_0_0.png
processing: 1579209_21016_1_0.png
processing: 1579209_21015_1_0.png
  SKIPPING IMAGE: tot amount of vasculature (9860.766) < quality threshold 
processing: 1579184_21016_1_0.png
  SKIPPING IMAGE: tot amount of vasculature (7848.8936) < quality threshold 
processing: 1579184_21016_0_0.png
  SKIPPING IMAGE: tot amount of vasculature (2301.7996) < quality threshold 
processing: 1579184_21015_1_0.png
  SKIPPING IMAGE: tot amount of vasculature (9106.3164) < quality threshold 
processing: 1579184_21015_0_0.png
  SKIPPING IMAGE: tot amount of vasculature (679.513) < quality threshold 
processing: 1579032_21016_1_0.png
  SKIPPING IMAGE: tot amount of vasculature (4870.551) < quality threshold 
processing: 1579032_21015_1_0.png
  SKIPPING IMAGE: tot amount of vasculature (4002.6374) < quality threshold 
processing: 1579010_21016_0_0.png
  SKIPPING IMAGE: tot amount of vasculature (6258.4786) < quality threshold 
processing: 1579010_21015_0_0.png
  SKIPPING IMAGE: tot amount of vasculature (8144.9426) < quality threshold 
processing: 1578997_21016_0_0.png
processing: 1578997_21015_0_0.png
processing: 1578952_21016_0_1.png
  SKIPPING IMAGE: tot amount of vasculature (2213.626) < quality threshold 
processing: 1578952_21016_0_0.png
  SKIPPING IMAGE: tot amount of vasculature (2577.929) < quality threshold 
processing: 1578952_21015_0_0.png
  SKIPPING IMAGE: tot amount of vasculature (6234.8783) < quality threshold 
processing: 1578894_21016_0_0.png
processing: 1578894_21015_0_0.png
processing: 1578882_21016_1_0.png
processing: 1578882_21015_1_0.png
processing: 1578870_21016_0_0.png
  SKIPPING IMAGE: tot amount of vasculature (9953.8434) < quality threshold 
processing: 1578870_21015_0_0.png
processing: 1578837_21016_0_0.png
processing: 1578792_21016_1_0.png
  SKIPPING IMAGE: tot amount of vasculature (9332.625) < quality threshold 
processing: 1578792_21016_0_0.png
processing: 1578792_21015_1_0.png
  SKIPPING IMAGE: tot amount of vasculature (4941.9521) < quality threshold 
processing: 1578792_21015_0_0.png
  SKIPPING IMAGE: tot amount of vasculature (7516.2044) < quality threshold 
processing: 1578647_21016_0_0.png
  SKIPPING IMAGE: tot amount of vasculature (10630.8456) < quality threshold 
processing: 1578647_21015_0_0.png
processing: 1578590_21016_1_0.png
  SKIPPING IMAGE: tot amount of vasculature (6930.9581) < quality threshold 
processing: 1578590_21015_1_0.png
  SKIPPING IMAGE: tot amount of vasculature (8272.7799) < quality threshold 
processing: 1578556_21016_0_0.png
processing: 1578556_21015_0_0.png
processing: 1578538_21016_0_0.png
processing: 1578538_21015_0_0.png
processing: 1578507_21016_0_0.png
processing: 1578507_21015_0_0.png
processing: 1578348_21016_1_0.png
  SKIPPING IMAGE: tot amount of vasculature (8978.7865) < quality threshold 
processing: 1578348_21015_1_0.png
  SKIPPING IMAGE: tot amount of vasculature (10633.7829) < quality threshold 
processing: 1578262_21016_1_0.png
processing: 1578262_21015_1_0.png
processing: 1578239_21016_0_0.png
processing: 1578239_21015_0_0.png
processing: 1578221_21016_0_0.png
  SKIPPING IMAGE: tot amount of vasculature (679.5252) < quality threshold 
processing: 1578221_21015_0_0.png
  SKIPPING IMAGE: tot amount of vasculature (110.7704) < quality threshold 
processing: 1578098_21016_0_0.png
  SKIPPING IMAGE: tot amount of vasculature (10441.9749) < quality threshold 
processing: 1578098_21015_0_0.png
processing: 1578030_21016_0_0.png
processing: 1578030_21015_0_0.png
processing: 1578027_21016_1_0.png
  SKIPPING IMAGE: tot amount of vasculature (8907.5936) < quality threshold 
processing: 1578027_21015_1_0.png
processing: 1577923_21016_0_0.png
processing: 1577923_21015_0_0.png
processing: 1577906_21016_1_0.png
processing: 1577906_21015_1_0.png
processing: 1577832_21016_1_0.png
  SKIPPING IMAGE: tot amount of vasculature (8460.3348) < quality threshold 
processing: 1577832_21015_1_0.png
  SKIPPING IMAGE: tot amount of vasculature (6942.6139) < quality threshold 
processing: 1577776_21016_0_0.png
processing: 1577776_21015_0_1.png
processing: 1577776_21015_0_0.png
processing: 1577728_21016_1_0.png
processing: 1577728_21015_1_0.png
processing: 1577663_21016_0_0.png
  SKIPPING IMAGE: tot amount of vasculature (6232.3469) < quality threshold 
processing: 1577663_21015_0_0.png
  SKIPPING IMAGE: tot amount of vasculature (7516.4752) < quality threshold 
processing: 1577584_21016_0_0.png
processing: 1577584_21015_0_0.png
processing: 1577571_21016_1_0.png
  SKIPPING IMAGE: tot amount of vasculature (3676.4063) < quality threshold 
processing: 1577571_21015_1_0.png
  SKIPPING IMAGE: tot amount of vasculature (5365.6794) < quality threshold 
processing: 1577568_21016_0_0.png
  SKIPPING IMAGE: tot amount of vasculature (9480.7893) < quality threshold 
processing: 1577568_21015_0_0.png
  SKIPPING IMAGE: tot amount of vasculature (9969.7324) < quality threshold 
processing: 1577339_21016_0_0.png
processing: 1577339_21015_0_0.png
processing: 1577272_21016_0_0.png
  SKIPPING IMAGE: tot amount of vasculature (4440.3615) < quality threshold 
processing: 1577272_21015_0_0.png
  SKIPPING IMAGE: tot amount of vasculature (6881.4431) < quality threshold 
processing: 1577248_21016_0_0.png
  SKIPPING IMAGE: tot amount of vasculature (5133.6028) < quality threshold 
processing: 1577248_21015_0_0.png
  SKIPPING IMAGE: tot amount of vasculature (2196.0849) < quality threshold 
processing: 1577213_21016_0_0.png
processing: 1577213_21015_0_0.png
processing: 1577022_21016_0_0.png
  SKIPPING IMAGE: tot amount of vasculature (8170.9762) < quality threshold 
processing: 1577022_21015_0_0.png
processing: 1576975_21016_0_0.png
processing: 1576975_21015_0_0.png
processing: 1576751_21016_0_0.png
processing: 1576751_21015_0_0.png
  SKIPPING IMAGE: tot amount of vasculature (5201.8264) < quality threshold 
processing: 1576730_21016_0_0.png
  SKIPPING IMAGE: tot amount of vasculature (4261.3444) < quality threshold 
processing: 1576730_21015_0_0.png
  SKIPPING IMAGE: tot amount of vasculature (207.5379) < quality threshold 
processing: 1576705_21016_0_0.png
processing: 1576705_21015_0_0.png
  SKIPPING IMAGE: tot amount of vasculature (7730.5308) < quality threshold 
processing: 1576501_21016_1_0.png
processing: 1576501_21015_1_0.png
  SKIPPING IMAGE: tot amount of vasculature (10880.0433) < quality threshold 
processing: 1576474_21016_0_0.png
processing: 1576474_21015_0_0.png
processing: 1576463_21016_1_0.png
  SKIPPING IMAGE: tot amount of vasculature (7916.3808) < quality threshold 
processing: 1576463_21015_1_0.png
processing: 1576456_21016_0_0.png
processing: 1576456_21015_0_0.png
processing: 1576317_21016_0_0.png
processing: 1576317_21015_0_0.png
  SKIPPING IMAGE: tot amount of vasculature (2850.0517) < quality threshold 
processing: 1576300_21016_0_0.png
processing: 1576300_21015_0_0.png
processing: 1576295_21016_1_0.png
  SKIPPING IMAGE: tot amount of vasculature (10607.2685) < quality threshold 
processing: 1576295_21016_0_0.png
processing: 1576295_21015_1_0.png
processing: 1576295_21015_0_0.png
processing: 1576247_21016_0_0.png
processing: 1576247_21015_0_0.png
processing: 1576202_21016_0_0.png
processing: 1576202_21015_0_0.png
processing: 1576152_21016_1_0.png
processing: 1576152_21015_1_0.png
  SKIPPING IMAGE: tot amount of vasculature (10218.9607) < quality threshold 
processing: 1576096_21016_0_0.png
processing: 1576096_21015_0_0.png
  SKIPPING IMAGE: tot amount of vasculature (9113.8652) < quality threshold 
processing: 1576085_21016_0_0.png
processing: 1576085_21015_0_0.png
processing: 1575886_21016_0_0.png
processing: 1575886_21015_0_0.png
processing: 1575796_21016_1_0.png
  SKIPPING IMAGE: tot amount of vasculature (8643.8905) < quality threshold 
processing: 1575796_21015_1_0.png
  SKIPPING IMAGE: tot amount of vasculature (4894.6879) < quality threshold 
processing: 1575785_21016_1_0.png
processing: 1575785_21015_1_0.png
  SKIPPING IMAGE: tot amount of vasculature (9861.8366) < quality threshold 
processing: 1575718_21016_1_0.png
  SKIPPING IMAGE: tot amount of vasculature (7762.6933) < quality threshold 
processing: 1575718_21015_1_0.png
processing: 1575688_21016_0_0.png
  SKIPPING IMAGE: tot amount of vasculature (7856.1248) < quality threshold 
processing: 1575688_21015_0_0.png
processing: 1575631_21016_0_0.png
processing: 1575631_21015_0_0.png
processing: 1575606_21016_1_0.png
  SKIPPING IMAGE: tot amount of vasculature (17.2146) < quality threshold 
processing: 1575606_21016_0_0.png
  SKIPPING IMAGE: tot amount of vasculature (651.3039) < quality threshold 
processing: 1575606_21015_1_0.png
  SKIPPING IMAGE: tot amount of vasculature (2911.6016) < quality threshold 
processing: 1575606_21015_0_0.png
  SKIPPING IMAGE: tot amount of vasculature (1084.8069) < quality threshold 
processing: 1575472_21016_0_0.png
  SKIPPING IMAGE: tot amount of vasculature (7705.5166) < quality threshold 
processing: 1575472_21015_0_0.png
processing: 1575455_21016_1_0.png
processing: 1575455_21015_1_0.png
processing: 1575436_21016_0_0.png
processing: 1575436_21015_0_0.png
processing: 1575424_21016_0_0.png
  SKIPPING IMAGE: tot amount of vasculature (6543.3484) < quality threshold 
processing: 1575424_21015_0_0.png
  SKIPPING IMAGE: tot amount of vasculature (7020.2709) < quality threshold 
processing: 1575383_21016_0_0.png
processing: 1575383_21015_0_0.png
processing: 1575360_21016_0_0.png
processing: 1575360_21015_0_0.png
processing: 1575282_21016_1_0.png
processing: 1575282_21015_1_0.png
processing: 1575266_21016_0_0.png
processing: 1575266_21015_0_0.png
processing: 1575241_21016_0_0.png
processing: 1575241_21015_0_0.png
processing: 1575215_21016_0_0.png
processing: 1575215_21015_0_0.png
processing: 1575132_21016_0_0.png
processing: 1575132_21015_0_0.png
processing: 1575020_21016_0_0.png
processing: 1575020_21015_0_0.png
  SKIPPING IMAGE: tot amount of vasculature (9270.2187) < quality threshold 
processing: 1574999_21016_0_0.png
processing: 1574999_21015_0_0.png
processing: 1574955_21016_0_0.png
processing: 1574955_21015_0_0.png
processing: 1574948_21016_0_0.png
processing: 1574948_21015_0_0.png
processing: 1574885_21016_0_0.png
  SKIPPING IMAGE: tot amount of vasculature (10513.3674) < quality threshold 
processing: 1574885_21015_0_0.png
processing: 1574839_21016_1_0.png
  SKIPPING IMAGE: tot amount of vasculature (5436.0645) < quality threshold 
processing: 1574839_21015_1_0.png
  SKIPPING IMAGE: tot amount of vasculature (2130.554) < quality threshold 
processing: 1574804_21016_0_0.png
processing: 1574804_21015_0_0.png
processing: 1574716_21016_0_0.png
processing: 1574716_21015_0_0.png
  SKIPPING IMAGE: tot amount of vasculature (9788.4265) < quality threshold 
processing: 1574651_21016_0_0.png
  SKIPPING IMAGE: tot amount of vasculature (8736.9668) < quality threshold 
processing: 1574651_21015_0_0.png
  SKIPPING IMAGE: tot amount of vasculature (6500.7718) < quality threshold 
processing: 1574612_21016_0_0.png
processing: 1574612_21015_0_0.png
processing: 1574509_21016_0_0.png
processing: 1574509_21015_0_0.png
processing: 1574489_21016_0_0.png
processing: 1574489_21015_0_0.png
processing: 1574454_21016_0_0.png
  SKIPPING IMAGE: tot amount of vasculature (9771.9893) < quality threshold 
processing: 1574454_21015_0_0.png
  SKIPPING IMAGE: tot amount of vasculature (9103.6709) < quality threshold 
processing: 1574435_21016_0_0.png
processing: 1574435_21015_0_0.png
processing: 1574422_21016_0_0.png
processing: 1574422_21015_0_0.png
processing: 1574417_21016_0_0.png
processing: 1574417_21015_0_0.png
processing: 1574400_21016_0_0.png
  SKIPPING IMAGE: tot amount of vasculature (5496.7468) < quality threshold 
processing: 1574400_21015_0_0.png
  SKIPPING IMAGE: tot amount of vasculature (11.4539) < quality threshold 
processing: 1574303_21016_0_0.png
processing: 1574303_21015_0_0.png
processing: 1574257_21016_1_0.png
processing: 1574257_21016_0_0.png
  SKIPPING IMAGE: tot amount of vasculature (10695.3807) < quality threshold 
processing: 1574257_21015_1_0.png
  SKIPPING IMAGE: tot amount of vasculature (7681.6874) < quality threshold 
processing: 1574257_21015_0_0.png
  SKIPPING IMAGE: tot amount of vasculature (5353.2644) < quality threshold 
processing: 1574223_21016_0_0.png
processing: 1574223_21015_0_0.png
processing: 1574181_21016_1_0.png
processing: 1574181_21016_0_0.png
processing: 1574181_21015_1_0.png
processing: 1574181_21015_0_0.png
processing: 1573998_21016_0_0.png
processing: 1573998_21015_0_0.png
processing: 1573986_21016_0_0.png
processing: 1573986_21015_0_0.png
processing: 1573930_21016_0_0.png
processing: 1573930_21015_0_0.png
processing: 1573905_21016_0_0.png
processing: 1573905_21015_0_0.png
processing: 1573863_21016_1_0.png
processing: 1573863_21015_1_0.png
processing: 1573769_21016_0_0.png
processing: 1573769_21015_0_0.png
processing: 1573703_21016_1_0.png
  SKIPPING IMAGE: tot amount of vasculature (10380.5104) < quality threshold 
processing: 1573703_21015_1_0.png
  SKIPPING IMAGE: tot amount of vasculature (10161.5178) < quality threshold 
FINISHED: .mat files have been written to: /data/FAC/FBM/DBC/sbergman/retina/UKBiob/fundus/REVIEW//CLRIS/
execution time: 2637 sec
