------------------------------------------
Setting up environment variables
---
LD_LIBRARY_PATH is .:/software/Development/Languages/Matlab_Compiler_Runtime/96/runtime/glnxa64:/software/Development/Languages/Matlab_Compiler_Runtime/96/bin/glnxa64:/software/Development/Languages/Matlab_Compiler_Runtime/96/sys/os/glnxa64:/software/Development/Languages/Matlab_Compiler_Runtime/96/sys/opengl/lib/glnxa64
Running vessel measurements...
processing: 4923739_21015_0_0.png
processing: 4923718_21016_0_0.png
  SKIPPING IMAGE: tot amount of vasculature (7089.8876) < quality threshold 
processing: 4923718_21015_0_0.png
  SKIPPING IMAGE: tot amount of vasculature (9276.7905) < quality threshold 
processing: 4923704_21016_1_0.png
  SKIPPING IMAGE: tot amount of vasculature (8377.5116) < quality threshold 
processing: 4923704_21015_1_0.png
  SKIPPING IMAGE: tot amount of vasculature (9974.8628) < quality threshold 
processing: 4923631_21016_1_0.png
processing: 4923631_21015_1_0.png
processing: 4923561_21016_0_0.png
processing: 4923561_21015_0_0.png
processing: 4923554_21016_0_0.png
processing: 4923554_21015_0_0.png
processing: 4923546_21016_0_0.png
processing: 4923546_21015_0_0.png
processing: 4923535_21016_0_0.png
processing: 4923535_21015_0_0.png
processing: 4923517_21016_0_0.png
processing: 4923517_21015_0_0.png
processing: 4923472_21016_0_0.png
processing: 4923472_21015_0_0.png
processing: 4923360_21016_0_0.png
processing: 4923360_21015_0_0.png
processing: 4923237_21016_1_0.png
processing: 4923237_21015_1_0.png
processing: 4923191_21016_0_0.png
processing: 4923191_21015_0_0.png
processing: 4923169_21016_0_0.png
processing: 4923169_21015_0_0.png
processing: 4923103_21016_0_0.png
  SKIPPING IMAGE: tot amount of vasculature (487.4566) < quality threshold 
processing: 4923103_21015_0_0.png
  SKIPPING IMAGE: tot amount of vasculature (2925.2823) < quality threshold 
processing: 4923095_21016_0_0.png
processing: 4923095_21015_0_0.png
processing: 4922941_21016_1_0.png
  SKIPPING IMAGE: tot amount of vasculature (9530.256) < quality threshold 
processing: 4922941_21015_1_0.png
  SKIPPING IMAGE: tot amount of vasculature (5505.7123) < quality threshold 
processing: 4922897_21016_0_0.png
processing: 4922897_21015_0_0.png
processing: 4922845_21016_0_0.png
  SKIPPING IMAGE: tot amount of vasculature (9087.252) < quality threshold 
processing: 4922845_21015_0_0.png
processing: 4922811_21016_0_0.png
processing: 4922811_21015_0_0.png
processing: 4922778_21016_1_0.png
processing: 4922778_21015_1_0.png
processing: 4922644_21016_0_0.png
processing: 4922644_21015_0_0.png
processing: 4922610_21016_0_0.png
processing: 4922610_21015_0_0.png
processing: 4922596_21016_0_0.png
  SKIPPING IMAGE: tot amount of vasculature (7861.8302) < quality threshold 
processing: 4922596_21015_0_0.png
  SKIPPING IMAGE: tot amount of vasculature (8771.578) < quality threshold 
processing: 4922577_21016_0_0.png
processing: 4922577_21015_0_0.png
processing: 4922550_21016_0_0.png
processing: 4922550_21015_0_0.png
processing: 4922504_21016_0_0.png
processing: 4922504_21015_0_0.png
processing: 4922468_21016_1_0.png
  SKIPPING IMAGE: tot amount of vasculature (4923.6196) < quality threshold 
processing: 4922468_21015_1_0.png
  SKIPPING IMAGE: tot amount of vasculature (2859.4947) < quality threshold 
processing: 4922420_21016_0_0.png
  SKIPPING IMAGE: tot amount of vasculature (3711.4842) < quality threshold 
processing: 4922420_21015_0_0.png
  SKIPPING IMAGE: tot amount of vasculature (5064.2987) < quality threshold 
processing: 4922373_21016_0_0.png
processing: 4922373_21015_0_0.png
processing: 4922290_21016_0_0.png
processing: 4922290_21015_0_0.png
processing: 4922256_21016_0_0.png
processing: 4922256_21015_0_0.png
processing: 4922238_21016_0_0.png
processing: 4922238_21015_0_0.png
processing: 4922114_21016_0_0.png
processing: 4922114_21015_0_0.png
processing: 4922072_21016_0_0.png
processing: 4922072_21015_0_0.png
processing: 4922048_21016_0_0.png
processing: 4922048_21015_0_0.png
processing: 4921993_21016_1_0.png
  SKIPPING IMAGE: tot amount of vasculature (8715.6502) < quality threshold 
processing: 4921993_21015_1_0.png
  SKIPPING IMAGE: tot amount of vasculature (5267.4403) < quality threshold 
processing: 4921935_21016_0_0.png
processing: 4921935_21015_0_0.png
processing: 4921847_21016_1_0.png
processing: 4921847_21015_1_0.png
processing: 4921782_21016_0_0.png
processing: 4921782_21015_0_0.png
processing: 4921618_21016_0_0.png
processing: 4921618_21015_0_0.png
processing: 4921587_21016_0_0.png
processing: 4921587_21015_0_0.png
  SKIPPING IMAGE: tot amount of vasculature (8311.2023) < quality threshold 
processing: 4921575_21016_0_0.png
processing: 4921575_21015_0_0.png
processing: 4921526_21016_0_0.png
processing: 4921526_21015_0_0.png
processing: 4921476_21016_1_0.png
  SKIPPING IMAGE: tot amount of vasculature (9773.0565) < quality threshold 
processing: 4921476_21015_1_0.png
  SKIPPING IMAGE: tot amount of vasculature (10973.5439) < quality threshold 
processing: 4921363_21016_0_0.png
processing: 4921363_21015_0_0.png
processing: 4921342_21016_0_0.png
  SKIPPING IMAGE: tot amount of vasculature (9425.6054) < quality threshold 
processing: 4921342_21015_0_0.png
  SKIPPING IMAGE: tot amount of vasculature (10878.0466) < quality threshold 
processing: 4921230_21016_1_0.png
  SKIPPING IMAGE: tot amount of vasculature (9537.6407) < quality threshold 
processing: 4921230_21015_1_0.png
  SKIPPING IMAGE: tot amount of vasculature (5689.6616) < quality threshold 
processing: 4921205_21016_0_0.png
processing: 4921205_21015_0_0.png
processing: 4921199_21016_1_0.png
  SKIPPING IMAGE: tot amount of vasculature (7164.6558) < quality threshold 
processing: 4921199_21015_1_0.png
  SKIPPING IMAGE: tot amount of vasculature (9585.6094) < quality threshold 
processing: 4921101_21016_1_0.png
processing: 4921101_21015_1_0.png
processing: 4921079_21016_0_0.png
processing: 4921079_21015_0_0.png
processing: 4920983_21016_0_0.png
processing: 4920983_21015_0_0.png
processing: 4920952_21016_1_0.png
  SKIPPING IMAGE: tot amount of vasculature (2957.5299) < quality threshold 
processing: 4920952_21015_1_0.png
  SKIPPING IMAGE: tot amount of vasculature (8136.6625) < quality threshold 
processing: 4920815_21016_0_0.png
processing: 4920815_21015_0_0.png
processing: 4920792_21016_0_0.png
processing: 4920792_21015_0_0.png
processing: 4920788_21016_0_0.png
processing: 4920788_21015_0_0.png
processing: 4920765_21016_0_0.png
processing: 4920765_21015_0_0.png
processing: 4920590_21016_0_0.png
processing: 4920590_21015_0_0.png
processing: 4920581_21016_0_0.png
processing: 4920581_21015_0_0.png
processing: 4920525_21016_0_0.png
processing: 4920525_21015_0_0.png
processing: 4920469_21016_1_0.png
  SKIPPING IMAGE: tot amount of vasculature (1031.4762) < quality threshold 
processing: 4920469_21016_0_0.png
  SKIPPING IMAGE: tot amount of vasculature (3251.6442) < quality threshold 
processing: 4920469_21015_1_0.png
  SKIPPING IMAGE: tot amount of vasculature (2558.4867) < quality threshold 
processing: 4920469_21015_0_0.png
  SKIPPING IMAGE: tot amount of vasculature (3785.0292) < quality threshold 
processing: 4920458_21016_0_0.png
processing: 4920458_21015_0_0.png
processing: 4920372_21016_0_0.png
  SKIPPING IMAGE: tot amount of vasculature (9984.9989) < quality threshold 
processing: 4920372_21015_0_0.png
  SKIPPING IMAGE: tot amount of vasculature (9515.8624) < quality threshold 
processing: 4920336_21016_1_0.png
  SKIPPING IMAGE: tot amount of vasculature (1489.6852) < quality threshold 
processing: 4920336_21015_1_0.png
  SKIPPING IMAGE: tot amount of vasculature (2014.7357) < quality threshold 
processing: 4920161_21016_0_0.png
  SKIPPING IMAGE: tot amount of vasculature (5381.0871) < quality threshold 
processing: 4920161_21015_0_0.png
processing: 4920154_21016_0_0.png
  SKIPPING IMAGE: tot amount of vasculature (8480.32) < quality threshold 
processing: 4920154_21015_0_0.png
  SKIPPING IMAGE: tot amount of vasculature (5643.1738) < quality threshold 
processing: 4920146_21016_0_0.png
processing: 4920146_21015_0_0.png
processing: 4920086_21016_0_0.png
processing: 4920086_21015_0_0.png
  SKIPPING IMAGE: tot amount of vasculature (5783.4099) < quality threshold 
processing: 4920049_21016_1_0.png
  SKIPPING IMAGE: tot amount of vasculature (7256.6091) < quality threshold 
processing: 4920049_21015_1_0.png
processing: 4920012_21016_0_0.png
processing: 4920012_21015_0_0.png
processing: 4919953_21016_1_0.png
processing: 4919953_21015_1_0.png
processing: 4919746_21016_0_0.png
processing: 4919746_21015_0_0.png
processing: 4919669_21016_1_0.png
  SKIPPING IMAGE: tot amount of vasculature (5320.5289) < quality threshold 
processing: 4919669_21015_1_0.png
  SKIPPING IMAGE: tot amount of vasculature (10203.5517) < quality threshold 
processing: 4919632_21016_0_0.png
processing: 4919632_21015_0_0.png
processing: 4919518_21016_0_0.png
processing: 4919518_21015_0_0.png
  SKIPPING IMAGE: tot amount of vasculature (10240.6707) < quality threshold 
processing: 4919504_21016_0_0.png
  SKIPPING IMAGE: tot amount of vasculature (9519.2039) < quality threshold 
processing: 4919504_21015_0_0.png
  SKIPPING IMAGE: tot amount of vasculature (6164.2256) < quality threshold 
processing: 4919420_21016_0_0.png
  SKIPPING IMAGE: tot amount of vasculature (4643.2402) < quality threshold 
processing: 4919420_21015_0_0.png
  SKIPPING IMAGE: tot amount of vasculature (8889.6704) < quality threshold 
processing: 4919416_21016_0_0.png
processing: 4919416_21015_0_0.png
processing: 4919219_21016_1_0.png
  SKIPPING IMAGE: No vessels found
processing: 4919219_21015_1_0.png
  SKIPPING IMAGE: tot amount of vasculature (5393.9005) < quality threshold 
processing: 4919192_21016_0_0.png
processing: 4919192_21015_0_0.png
processing: 4919157_21016_1_0.png
processing: 4919157_21015_1_0.png
processing: 4919072_21016_0_0.png
  SKIPPING IMAGE: tot amount of vasculature (9038.3279) < quality threshold 
processing: 4919072_21015_0_0.png
  SKIPPING IMAGE: tot amount of vasculature (7294.0725) < quality threshold 
processing: 4919048_21016_1_0.png
processing: 4919048_21015_1_0.png
processing: 4918925_21016_0_0.png
processing: 4918925_21015_0_0.png
  SKIPPING IMAGE: tot amount of vasculature (10879.6841) < quality threshold 
processing: 4918886_21016_0_0.png
processing: 4918886_21015_0_0.png
processing: 4918830_21016_0_0.png
  SKIPPING IMAGE: tot amount of vasculature (10762.0519) < quality threshold 
processing: 4918830_21015_0_0.png
  SKIPPING IMAGE: tot amount of vasculature (10618.18) < quality threshold 
processing: 4918796_21016_0_0.png
processing: 4918785_21016_0_0.png
processing: 4918785_21015_0_0.png
processing: 4918739_21016_0_0.png
processing: 4918739_21015_0_0.png
processing: 4918623_21016_0_0.png
processing: 4918623_21015_0_0.png
processing: 4918614_21016_0_0.png
processing: 4918614_21015_0_0.png
processing: 4918593_21016_0_0.png
processing: 4918593_21015_0_0.png
  SKIPPING IMAGE: tot amount of vasculature (3258.6619) < quality threshold 
processing: 4918589_21016_0_1.png
  SKIPPING IMAGE: tot amount of vasculature (6498.7222) < quality threshold 
processing: 4918589_21016_0_0.png
  SKIPPING IMAGE: tot amount of vasculature (6807.0484) < quality threshold 
processing: 4918589_21015_0_0.png
processing: 4918554_21016_0_0.png
processing: 4918554_21015_0_0.png
processing: 4918522_21016_0_0.png
processing: 4918522_21015_0_0.png
processing: 4918517_21016_0_0.png
processing: 4918517_21015_0_0.png
  SKIPPING IMAGE: tot amount of vasculature (395.7536) < quality threshold 
processing: 4918424_21016_0_0.png
processing: 4918424_21015_0_0.png
processing: 4918401_21015_1_0.png
processing: 4918345_21016_0_0.png
processing: 4918345_21015_0_0.png
processing: 4918311_21016_0_0.png
processing: 4918311_21015_0_0.png
processing: 4918229_21016_0_0.png
processing: 4918229_21015_0_0.png
  SKIPPING IMAGE: tot amount of vasculature (6297.8833) < quality threshold 
processing: 4918215_21016_1_0.png
  SKIPPING IMAGE: tot amount of vasculature (9676.4109) < quality threshold 
processing: 4918215_21015_1_0.png
processing: 4918126_21016_0_0.png
  SKIPPING IMAGE: tot amount of vasculature (10630.0728) < quality threshold 
processing: 4918126_21015_0_0.png
  SKIPPING IMAGE: tot amount of vasculature (6058.7613) < quality threshold 
processing: 4918084_21016_0_0.png
processing: 4918084_21015_0_0.png
processing: 4918071_21016_0_0.png
processing: 4918071_21015_0_0.png
processing: 4918059_21016_0_0.png
  SKIPPING IMAGE: No vessels found
processing: 4918059_21015_0_0.png
  SKIPPING IMAGE: No vessels found
processing: 4917996_21016_0_0.png
processing: 4917996_21015_0_0.png
processing: 4917950_21016_1_0.png
processing: 4917950_21015_1_0.png
processing: 4917880_21016_0_0.png
  SKIPPING IMAGE: tot amount of vasculature (6057.4667) < quality threshold 
processing: 4917880_21015_0_0.png
  SKIPPING IMAGE: tot amount of vasculature (5657.2993) < quality threshold 
processing: 4917824_21016_0_0.png
processing: 4917824_21015_0_0.png
processing: 4917742_21016_0_0.png
processing: 4917742_21015_0_0.png
  SKIPPING IMAGE: tot amount of vasculature (10532.4508) < quality threshold 
processing: 4917622_21016_0_0.png
  SKIPPING IMAGE: tot amount of vasculature (6825.3524) < quality threshold 
processing: 4917622_21015_0_0.png
  SKIPPING IMAGE: tot amount of vasculature (8870.5861) < quality threshold 
processing: 4917579_21016_0_0.png
  SKIPPING IMAGE: tot amount of vasculature (9854.1563) < quality threshold 
processing: 4917579_21015_0_0.png
  SKIPPING IMAGE: tot amount of vasculature (7844.8673) < quality threshold 
processing: 4917540_21016_0_0.png
  SKIPPING IMAGE: tot amount of vasculature (4952.7817) < quality threshold 
processing: 4917540_21015_0_0.png
  SKIPPING IMAGE: tot amount of vasculature (4860.5795) < quality threshold 
processing: 4917283_21016_0_0.png
  SKIPPING IMAGE: tot amount of vasculature (10273.7621) < quality threshold 
processing: 4917283_21015_0_0.png
  SKIPPING IMAGE: tot amount of vasculature (7370.061) < quality threshold 
processing: 4917184_21016_1_0.png
processing: 4917184_21015_1_0.png
processing: 4917171_21016_1_0.png
  SKIPPING IMAGE: tot amount of vasculature (9962.3498) < quality threshold 
processing: 4917171_21015_1_0.png
processing: 4917102_21016_0_0.png
processing: 4917102_21015_0_0.png
processing: 4917091_21016_0_0.png
  SKIPPING IMAGE: tot amount of vasculature (8811.9852) < quality threshold 
processing: 4917091_21015_0_0.png
  SKIPPING IMAGE: tot amount of vasculature (10984.9863) < quality threshold 
processing: 4917069_21016_1_0.png
processing: 4917069_21015_1_0.png
processing: 4917032_21016_1_0.png
processing: 4917032_21015_1_0.png
processing: 4917010_21016_1_0.png
  SKIPPING IMAGE: tot amount of vasculature (7673.3826) < quality threshold 
processing: 4917010_21016_0_0.png
  SKIPPING IMAGE: tot amount of vasculature (7396.9818) < quality threshold 
processing: 4917010_21015_1_0.png
processing: 4917010_21015_0_0.png
processing: 4916972_21016_0_0.png
processing: 4916972_21015_0_0.png
processing: 4916901_21016_0_0.png
processing: 4916901_21015_0_0.png
processing: 4916896_21016_0_0.png
processing: 4916896_21015_0_0.png
processing: 4916649_21016_0_0.png
  SKIPPING IMAGE: tot amount of vasculature (7760.5218) < quality threshold 
processing: 4916649_21015_0_0.png
  SKIPPING IMAGE: tot amount of vasculature (8170.4609) < quality threshold 
processing: 4916545_21016_1_0.png
processing: 4916545_21015_1_0.png
processing: 4916332_21016_0_0.png
processing: 4916332_21015_0_0.png
processing: 4916279_21016_0_0.png
  SKIPPING IMAGE: tot amount of vasculature (2533.4101) < quality threshold 
processing: 4916279_21015_0_0.png
  SKIPPING IMAGE: tot amount of vasculature (4657.3365) < quality threshold 
processing: 4916265_21016_1_0.png
  SKIPPING IMAGE: tot amount of vasculature (88.673) < quality threshold 
processing: 4916265_21015_1_0.png
processing: 4916231_21016_0_0.png
processing: 4916231_21015_0_0.png
processing: 4916142_21016_0_0.png
processing: 4916142_21015_0_0.png
processing: 4916138_21016_0_0.png
processing: 4916138_21015_0_0.png
processing: 4916125_21016_0_0.png
processing: 4916125_21015_0_0.png
processing: 4916094_21016_0_0.png
processing: 4916094_21015_0_0.png
  SKIPPING IMAGE: tot amount of vasculature (10393.1619) < quality threshold 
processing: 4916082_21016_0_0.png
processing: 4916082_21015_0_0.png
processing: 4915954_21016_1_0.png
processing: 4915954_21016_0_0.png
processing: 4915954_21015_1_0.png
processing: 4915954_21015_0_0.png
processing: 4915782_21016_1_0.png
processing: 4915782_21015_1_0.png
processing: 4915770_21016_0_0.png
processing: 4915770_21015_0_0.png
processing: 4915715_21016_0_0.png
  SKIPPING IMAGE: tot amount of vasculature (10742.9507) < quality threshold 
processing: 4915715_21015_0_0.png
processing: 4915685_21016_0_0.png
processing: 4915685_21015_0_0.png
processing: 4915532_21016_1_0.png
processing: 4915532_21015_1_0.png
processing: 4915503_21016_0_0.png
processing: 4915503_21015_0_0.png
processing: 4915476_21016_0_0.png
processing: 4915476_21015_0_0.png
processing: 4915460_21016_0_0.png
processing: 4915460_21015_0_0.png
processing: 4915381_21016_0_0.png
processing: 4915381_21015_0_0.png
processing: 4915342_21016_0_0.png
processing: 4915342_21015_0_0.png
FINISHED: .mat files have been written to: /data/FAC/FBM/DBC/sbergman/retina/UKBiob/fundus/REVIEW//CLRIS/
execution time: 2050 sec
