------------------------------------------
Setting up environment variables
---
LD_LIBRARY_PATH is .:/software/Development/Languages/Matlab_Compiler_Runtime/96/runtime/glnxa64:/software/Development/Languages/Matlab_Compiler_Runtime/96/bin/glnxa64:/software/Development/Languages/Matlab_Compiler_Runtime/96/sys/os/glnxa64:/software/Development/Languages/Matlab_Compiler_Runtime/96/sys/opengl/lib/glnxa64
Running vessel measurements...
processing: 2004163_21015_0_0.png
processing: 2004156_21016_0_0.png
processing: 2004156_21015_0_0.png
processing: 2004107_21016_0_0.png
processing: 2004107_21015_0_0.png
processing: 2004015_21016_0_0.png
  SKIPPING IMAGE: tot amount of vasculature (161.6235) < quality threshold 
processing: 2004015_21015_0_0.png
  SKIPPING IMAGE: tot amount of vasculature (3055.6913) < quality threshold 
processing: 2003973_21016_0_0.png
  SKIPPING IMAGE: tot amount of vasculature (2782.4232) < quality threshold 
processing: 2003973_21015_0_0.png
  SKIPPING IMAGE: tot amount of vasculature (3574.3501) < quality threshold 
processing: 2003842_21016_0_0.png
processing: 2003842_21015_0_0.png
processing: 2003825_21016_1_0.png
  SKIPPING IMAGE: tot amount of vasculature (5722.6313) < quality threshold 
processing: 2003825_21015_1_0.png
processing: 2003787_21016_0_0.png
processing: 2003787_21015_0_0.png
  SKIPPING IMAGE: tot amount of vasculature (2873.9271) < quality threshold 
processing: 2003758_21016_0_0.png
  SKIPPING IMAGE: tot amount of vasculature (10049.5858) < quality threshold 
processing: 2003758_21015_0_0.png
  SKIPPING IMAGE: tot amount of vasculature (1209.1915) < quality threshold 
processing: 2003726_21016_0_0.png
  SKIPPING IMAGE: tot amount of vasculature (10432.631) < quality threshold 
processing: 2003726_21015_0_0.png
  SKIPPING IMAGE: tot amount of vasculature (10205.671) < quality threshold 
processing: 2003624_21016_0_0.png
  SKIPPING IMAGE: tot amount of vasculature (8244.9359) < quality threshold 
processing: 2003431_21016_0_0.png
processing: 2003431_21015_0_0.png
processing: 2003395_21016_1_0.png
processing: 2003395_21015_1_0.png
processing: 2003347_21016_0_0.png
processing: 2003347_21015_0_0.png
  SKIPPING IMAGE: tot amount of vasculature (2621.7859) < quality threshold 
processing: 2003316_21016_1_0.png
  SKIPPING IMAGE: tot amount of vasculature (5572.7731) < quality threshold 
processing: 2003316_21015_1_0.png
  SKIPPING IMAGE: tot amount of vasculature (7281.6726) < quality threshold 
processing: 2003293_21016_0_0.png
  SKIPPING IMAGE: tot amount of vasculature (1121.2644) < quality threshold 
processing: 2003293_21015_0_0.png
  SKIPPING IMAGE: tot amount of vasculature (6923.6707) < quality threshold 
processing: 2003246_21016_0_0.png
processing: 2003246_21015_0_0.png
processing: 2003235_21016_0_0.png
  SKIPPING IMAGE: tot amount of vasculature (65.721) < quality threshold 
processing: 2003235_21015_0_0.png
  SKIPPING IMAGE: tot amount of vasculature (60.7269) < quality threshold 
processing: 2003196_21016_0_0.png
processing: 2003196_21015_0_0.png
processing: 2003162_21016_0_0.png
  SKIPPING IMAGE: tot amount of vasculature (2116.4239) < quality threshold 
processing: 2003162_21015_0_0.png
  SKIPPING IMAGE: tot amount of vasculature (2338.4603) < quality threshold 
processing: 2003083_21016_0_0.png
  SKIPPING IMAGE: tot amount of vasculature (3736.8774) < quality threshold 
processing: 2003083_21015_0_0.png
processing: 2002917_21016_0_0.png
processing: 2002917_21015_0_0.png
processing: 2002884_21016_0_0.png
processing: 2002884_21015_0_0.png
processing: 2002587_21016_0_0.png
processing: 2002587_21015_0_0.png
processing: 2002452_21016_0_0.png
  SKIPPING IMAGE: tot amount of vasculature (10911.067) < quality threshold 
processing: 2002452_21015_0_0.png
  SKIPPING IMAGE: tot amount of vasculature (10861.1877) < quality threshold 
processing: 2002342_21016_0_0.png
processing: 2002342_21015_0_0.png
processing: 2002338_21016_0_0.png
processing: 2002338_21015_0_0.png
processing: 2002212_21016_0_0.png
processing: 2002212_21015_0_0.png
processing: 2002205_21016_0_0.png
processing: 2002205_21015_0_0.png
processing: 2002113_21016_0_0.png
processing: 2002113_21015_0_0.png
  SKIPPING IMAGE: tot amount of vasculature (7452.2459) < quality threshold 
processing: 2002031_21016_1_0.png
  SKIPPING IMAGE: tot amount of vasculature (2093.123) < quality threshold 
processing: 2002031_21015_1_0.png
  SKIPPING IMAGE: tot amount of vasculature (7078.4464) < quality threshold 
processing: 2001953_21016_0_0.png
  SKIPPING IMAGE: tot amount of vasculature (5789.5) < quality threshold 
processing: 2001953_21015_0_0.png
  SKIPPING IMAGE: tot amount of vasculature (1619.7272) < quality threshold 
processing: 2001941_21016_0_0.png
processing: 2001941_21015_0_0.png
processing: 2001937_21016_0_0.png
processing: 2001937_21015_0_0.png
processing: 2001915_21016_1_0.png
  SKIPPING IMAGE: tot amount of vasculature (2499.3586) < quality threshold 
processing: 2001915_21015_1_0.png
  SKIPPING IMAGE: tot amount of vasculature (10088.3747) < quality threshold 
processing: 2001876_21016_0_0.png
processing: 2001876_21015_0_0.png
processing: 2001834_21016_1_0.png
processing: 2001834_21016_0_0.png
processing: 2001834_21015_1_0.png
  SKIPPING IMAGE: tot amount of vasculature (9520.2223) < quality threshold 
processing: 2001834_21015_0_0.png
processing: 2001828_21016_1_0.png
  SKIPPING IMAGE: tot amount of vasculature (6430.0744) < quality threshold 
processing: 2001828_21015_1_0.png
  SKIPPING IMAGE: tot amount of vasculature (7998.8873) < quality threshold 
processing: 2001700_21016_0_0.png
processing: 2001700_21015_0_0.png
processing: 2001632_21016_1_0.png
  SKIPPING IMAGE: tot amount of vasculature (10119.9373) < quality threshold 
processing: 2001632_21015_1_0.png
  SKIPPING IMAGE: tot amount of vasculature (10780.654) < quality threshold 
processing: 2001596_21016_0_0.png
processing: 2001596_21015_0_0.png
  SKIPPING IMAGE: tot amount of vasculature (10866.7772) < quality threshold 
processing: 2001543_21016_0_0.png
processing: 2001543_21015_0_0.png
processing: 2001518_21016_0_0.png
processing: 2001518_21015_0_0.png
processing: 2001468_21016_0_0.png
  SKIPPING IMAGE: tot amount of vasculature (5132.128) < quality threshold 
processing: 2001468_21015_0_0.png
  SKIPPING IMAGE: tot amount of vasculature (4515.0358) < quality threshold 
processing: 2001398_21016_0_0.png
  SKIPPING IMAGE: tot amount of vasculature (8842.5697) < quality threshold 
processing: 2001398_21015_0_0.png
processing: 2001281_21016_0_0.png
  SKIPPING IMAGE: tot amount of vasculature (7.1827) < quality threshold 
processing: 2001281_21015_0_0.png
  SKIPPING IMAGE: tot amount of vasculature (6339.7701) < quality threshold 
processing: 2001238_21016_0_0.png
processing: 2001238_21015_0_0.png
processing: 2001192_21016_0_0.png
processing: 2001192_21015_0_0.png
  SKIPPING IMAGE: tot amount of vasculature (7742.1091) < quality threshold 
processing: 2001157_21016_0_0.png
processing: 2001157_21015_0_0.png
processing: 2001131_21016_1_0.png
  SKIPPING IMAGE: tot amount of vasculature (2882.3285) < quality threshold 
processing: 2001131_21016_0_0.png
  SKIPPING IMAGE: tot amount of vasculature (1924.585) < quality threshold 
processing: 2001131_21015_1_0.png
  SKIPPING IMAGE: tot amount of vasculature (1022.2397) < quality threshold 
processing: 2001131_21015_0_0.png
  SKIPPING IMAGE: tot amount of vasculature (3370.8706) < quality threshold 
processing: 2001099_21016_0_0.png
processing: 2001099_21015_0_0.png
processing: 2000995_21016_1_0.png
processing: 2000995_21015_1_0.png
processing: 2000947_21016_0_0.png
processing: 2000947_21015_0_0.png
processing: 2000916_21016_0_0.png
processing: 2000916_21015_0_0.png
processing: 2000861_21016_1_0.png
processing: 2000861_21015_1_0.png
processing: 2000800_21016_0_0.png
processing: 2000800_21015_0_0.png
processing: 2000755_21016_0_0.png
processing: 2000755_21015_0_0.png
processing: 2000683_21016_0_0.png
processing: 2000683_21015_0_0.png
processing: 2000628_21016_1_0.png
  SKIPPING IMAGE: tot amount of vasculature (10900.4608) < quality threshold 
processing: 2000628_21015_1_0.png
  SKIPPING IMAGE: tot amount of vasculature (10274.369) < quality threshold 
processing: 2000477_21016_1_0.png
  SKIPPING IMAGE: tot amount of vasculature (5305.9652) < quality threshold 
processing: 2000477_21015_1_0.png
  SKIPPING IMAGE: tot amount of vasculature (9507.2961) < quality threshold 
processing: 2000450_21016_1_0.png
  SKIPPING IMAGE: tot amount of vasculature (6996.0245) < quality threshold 
processing: 2000450_21015_1_0.png
  SKIPPING IMAGE: tot amount of vasculature (7429.0607) < quality threshold 
processing: 2000421_21016_0_0.png
processing: 2000421_21015_0_0.png
processing: 2000379_21016_0_0.png
processing: 2000379_21015_0_0.png
  SKIPPING IMAGE: tot amount of vasculature (6240.8688) < quality threshold 
processing: 2000291_21016_0_0.png
  SKIPPING IMAGE: tot amount of vasculature (172.7417) < quality threshold 
processing: 2000291_21015_0_0.png
