------------------------------------------
Setting up environment variables
---
LD_LIBRARY_PATH is .:/software/Development/Languages/Matlab_Compiler_Runtime/96/runtime/glnxa64:/software/Development/Languages/Matlab_Compiler_Runtime/96/bin/glnxa64:/software/Development/Languages/Matlab_Compiler_Runtime/96/sys/os/glnxa64:/software/Development/Languages/Matlab_Compiler_Runtime/96/sys/opengl/lib/glnxa64
Running vessel measurements...
processing: 4197912_21015_1_0.png
  SKIPPING IMAGE: tot amount of vasculature (9085.8099) < quality threshold 
processing: 4197819_21016_0_0.png
processing: 4197758_21016_0_0.png
processing: 4197758_21015_0_0.png
processing: 4197710_21016_0_0.png
processing: 4197710_21015_0_0.png
processing: 4197566_21016_0_0.png
processing: 4197566_21015_0_0.png
processing: 4197515_21016_0_0.png
  SKIPPING IMAGE: tot amount of vasculature (4194.3732) < quality threshold 
processing: 4197515_21015_0_0.png
  SKIPPING IMAGE: tot amount of vasculature (8225.8571) < quality threshold 
processing: 4197488_21016_0_0.png
processing: 4197488_21015_0_0.png
processing: 4197457_21016_0_0.png
  SKIPPING IMAGE: tot amount of vasculature (6916.1861) < quality threshold 
processing: 4197457_21015_0_0.png
  SKIPPING IMAGE: tot amount of vasculature (7338.0755) < quality threshold 
processing: 4197347_21016_1_0.png
  SKIPPING IMAGE: tot amount of vasculature (10741.0186) < quality threshold 
processing: 4197347_21015_1_0.png
  SKIPPING IMAGE: tot amount of vasculature (10133.0729) < quality threshold 
processing: 4197293_21016_1_0.png
processing: 4197293_21015_1_0.png
processing: 4197254_21016_1_0.png
processing: 4197254_21015_1_0.png
processing: 4197139_21016_0_0.png
  SKIPPING IMAGE: tot amount of vasculature (8145.7761) < quality threshold 
processing: 4197139_21015_0_0.png
  SKIPPING IMAGE: tot amount of vasculature (10111.7059) < quality threshold 
processing: 4197097_21016_0_0.png
processing: 4197097_21015_0_0.png
  SKIPPING IMAGE: tot amount of vasculature (7634.6783) < quality threshold 
processing: 4197083_21016_0_0.png
  SKIPPING IMAGE: tot amount of vasculature (5604.7818) < quality threshold 
processing: 4197083_21015_0_0.png
  SKIPPING IMAGE: tot amount of vasculature (10563.0785) < quality threshold 
processing: 4197076_21016_1_0.png
  SKIPPING IMAGE: tot amount of vasculature (3212.4583) < quality threshold 
processing: 4197076_21015_1_0.png
  SKIPPING IMAGE: tot amount of vasculature (4781.4011) < quality threshold 
processing: 4196956_21016_1_0.png
processing: 4196956_21015_1_0.png
processing: 4196898_21016_1_0.png
processing: 4196898_21015_1_0.png
processing: 4196873_21016_0_0.png
processing: 4196873_21015_0_0.png
processing: 4196849_21016_1_0.png
  SKIPPING IMAGE: tot amount of vasculature (10341.0459) < quality threshold 
processing: 4196849_21016_0_0.png
processing: 4196849_21015_1_0.png
  SKIPPING IMAGE: tot amount of vasculature (9342.4448) < quality threshold 
processing: 4196849_21015_0_0.png
processing: 4196796_21016_0_0.png
  SKIPPING IMAGE: tot amount of vasculature (4620.9005) < quality threshold 
processing: 4196796_21015_0_0.png
  SKIPPING IMAGE: tot amount of vasculature (7876.625) < quality threshold 
processing: 4196785_21016_0_0.png
processing: 4196785_21015_0_0.png
processing: 4196777_21016_0_0.png
processing: 4196777_21015_0_0.png
processing: 4196679_21016_0_0.png
  SKIPPING IMAGE: tot amount of vasculature (1241.6005) < quality threshold 
processing: 4196679_21015_0_0.png
  SKIPPING IMAGE: tot amount of vasculature (2586.025) < quality threshold 
processing: 4196499_21016_0_0.png
processing: 4196499_21015_0_0.png
processing: 4196480_21016_0_0.png
processing: 4196480_21015_0_0.png
processing: 4196472_21016_0_0.png
processing: 4196472_21015_0_0.png
processing: 4196424_21016_1_0.png
processing: 4196424_21015_1_0.png
processing: 4196376_21016_1_0.png
processing: 4196376_21015_1_0.png
processing: 4196352_21016_0_0.png
processing: 4196352_21015_0_0.png
processing: 4196309_21016_0_0.png
  SKIPPING IMAGE: tot amount of vasculature (6193.3954) < quality threshold 
processing: 4196309_21015_0_0.png
processing: 4196215_21016_0_0.png
processing: 4196215_21015_0_0.png
processing: 4196175_21016_0_0.png
processing: 4196175_21015_0_0.png
  SKIPPING IMAGE: tot amount of vasculature (9614.54) < quality threshold 
processing: 4196126_21016_0_0.png
processing: 4196126_21015_0_0.png
  SKIPPING IMAGE: tot amount of vasculature (9764.1742) < quality threshold 
processing: 4196084_21016_1_0.png
  SKIPPING IMAGE: tot amount of vasculature (863.137) < quality threshold 
processing: 4196084_21015_1_0.png
  SKIPPING IMAGE: tot amount of vasculature (3018.5364) < quality threshold 
processing: 4196033_21016_0_0.png
processing: 4196033_21015_0_0.png
processing: 4195877_21016_0_0.png
processing: 4195877_21015_0_0.png
processing: 4195850_21016_0_0.png
  SKIPPING IMAGE: tot amount of vasculature (10574.9167) < quality threshold 
processing: 4195850_21015_0_0.png
processing: 4195784_21016_1_0.png
  SKIPPING IMAGE: tot amount of vasculature (4878.5198) < quality threshold 
processing: 4195784_21015_1_0.png
  SKIPPING IMAGE: tot amount of vasculature (5631.7411) < quality threshold 
processing: 4195686_21016_0_0.png
processing: 4195686_21015_0_0.png
processing: 4195605_21016_0_0.png
processing: 4195605_21015_0_0.png
processing: 4195560_21016_0_0.png
processing: 4195560_21015_0_0.png
  SKIPPING IMAGE: tot amount of vasculature (7359.9269) < quality threshold 
processing: 4195493_21016_0_0.png
processing: 4195493_21015_0_0.png
processing: 4195489_21016_0_0.png
processing: 4195489_21015_0_0.png
  SKIPPING IMAGE: tot amount of vasculature (10049.5577) < quality threshold 
processing: 4195369_21016_0_0.png
processing: 4195369_21015_0_0.png
  SKIPPING IMAGE: tot amount of vasculature (8023.5961) < quality threshold 
processing: 4195310_21016_0_0.png
processing: 4195310_21015_0_0.png
processing: 4195163_21016_0_0.png
processing: 4195163_21015_0_0.png
processing: 4195066_21016_0_0.png
processing: 4195066_21015_0_0.png
  SKIPPING IMAGE: tot amount of vasculature (8378.3786) < quality threshold 
processing: 4195053_21016_0_0.png
processing: 4194993_21016_1_0.png
processing: 4194993_21015_1_0.png
processing: 4194961_21016_0_0.png
  SKIPPING IMAGE: tot amount of vasculature (7434.7444) < quality threshold 
processing: 4194961_21015_0_0.png
  SKIPPING IMAGE: tot amount of vasculature (5638.9175) < quality threshold 
processing: 4194946_21016_0_0.png
  SKIPPING IMAGE: tot amount of vasculature (8341.2346) < quality threshold 
processing: 4194946_21015_0_0.png
  SKIPPING IMAGE: tot amount of vasculature (8870.9956) < quality threshold 
processing: 4194737_21016_1_0.png
processing: 4194737_21015_1_0.png
processing: 4194715_21016_0_0.png
processing: 4194715_21015_0_0.png
processing: 4194662_21016_0_0.png
processing: 4194662_21015_0_0.png
processing: 4194639_21016_1_0.png
processing: 4194639_21015_1_0.png
processing: 4194575_21016_0_0.png
processing: 4194575_21015_0_0.png
processing: 4194544_21016_0_0.png
