------------------------------------------
Setting up environment variables
---
LD_LIBRARY_PATH is .:/software/Development/Languages/Matlab_Compiler_Runtime/96/runtime/glnxa64:/software/Development/Languages/Matlab_Compiler_Runtime/96/bin/glnxa64:/software/Development/Languages/Matlab_Compiler_Runtime/96/sys/os/glnxa64:/software/Development/Languages/Matlab_Compiler_Runtime/96/sys/opengl/lib/glnxa64
Running vessel measurements...
processing: 1995588_21015_0_0.png
processing: 1995540_21016_0_0.png
  SKIPPING IMAGE: tot amount of vasculature (8543.8276) < quality threshold 
processing: 1995540_21015_0_0.png
  SKIPPING IMAGE: tot amount of vasculature (3423.026) < quality threshold 
processing: 1995498_21016_0_0.png
processing: 1995498_21015_0_0.png
processing: 1995473_21016_0_0.png
processing: 1995473_21015_0_0.png
processing: 1995464_21015_0_0.png
processing: 1995370_21016_0_0.png
processing: 1995370_21015_0_0.png
processing: 1995260_21016_1_0.png
processing: 1995260_21016_0_0.png
processing: 1995260_21015_1_0.png
processing: 1995260_21015_0_0.png
processing: 1995228_21016_0_0.png
processing: 1995228_21015_0_0.png
processing: 1995209_21016_1_0.png
  SKIPPING IMAGE: tot amount of vasculature (8073.2094) < quality threshold 
processing: 1995209_21015_1_0.png
  SKIPPING IMAGE: tot amount of vasculature (8797.6246) < quality threshold 
processing: 1995147_21016_0_0.png
processing: 1995147_21015_0_0.png
processing: 1995091_21016_0_0.png
processing: 1995091_21015_0_0.png
processing: 1995058_21016_1_0.png
processing: 1995058_21015_1_0.png
processing: 1994838_21016_0_0.png
processing: 1994838_21015_0_0.png
processing: 1994787_21016_0_0.png
processing: 1994787_21015_0_0.png
processing: 1994726_21016_0_0.png
  SKIPPING IMAGE: tot amount of vasculature (10596.4849) < quality threshold 
processing: 1994726_21015_0_0.png
  SKIPPING IMAGE: tot amount of vasculature (9298.9829) < quality threshold 
processing: 1994680_21016_0_0.png
processing: 1994680_21015_0_0.png
processing: 1994655_21016_0_0.png
processing: 1994655_21015_0_0.png
processing: 1994457_21016_1_0.png
  SKIPPING IMAGE: tot amount of vasculature (10296.3568) < quality threshold 
processing: 1994457_21015_1_0.png
  SKIPPING IMAGE: tot amount of vasculature (7625.6143) < quality threshold 
processing: 1994395_21016_0_0.png
processing: 1994395_21015_0_0.png
processing: 1994347_21016_0_0.png
  SKIPPING IMAGE: tot amount of vasculature (4338.6616) < quality threshold 
processing: 1994347_21015_0_0.png
processing: 1994333_21016_0_0.png
processing: 1994333_21015_0_0.png
processing: 1994316_21016_0_0.png
processing: 1994316_21015_0_0.png
processing: 1994217_21016_0_0.png
  SKIPPING IMAGE: tot amount of vasculature (9077.602) < quality threshold 
processing: 1994217_21015_0_0.png
  SKIPPING IMAGE: tot amount of vasculature (1996.8591) < quality threshold 
processing: 1994150_21016_0_0.png
processing: 1994150_21015_0_0.png
processing: 1993980_21016_0_0.png
processing: 1993980_21015_0_0.png
processing: 1993967_21016_0_0.png
processing: 1993967_21015_0_0.png
processing: 1993924_21016_0_0.png
processing: 1993924_21015_0_0.png
processing: 1993843_21016_0_0.png
processing: 1993843_21015_0_0.png
processing: 1993795_21016_1_0.png
  SKIPPING IMAGE: tot amount of vasculature (10175.085) < quality threshold 
processing: 1993795_21016_0_0.png
processing: 1993795_21015_1_0.png
  SKIPPING IMAGE: tot amount of vasculature (9301.0492) < quality threshold 
processing: 1993795_21015_0_0.png
processing: 1993784_21016_0_0.png
processing: 1993784_21015_0_0.png
processing: 1993720_21016_0_0.png
  SKIPPING IMAGE: tot amount of vasculature (10612.7206) < quality threshold 
processing: 1993720_21015_0_0.png
processing: 1993716_21016_1_0.png
processing: 1993716_21015_1_0.png
processing: 1993612_21016_0_0.png
  SKIPPING IMAGE: tot amount of vasculature (3.9719) < quality threshold 
processing: 1993612_21015_0_0.png
  SKIPPING IMAGE: tot amount of vasculature (1741.226) < quality threshold 
processing: 1993576_21016_0_0.png
  SKIPPING IMAGE: tot amount of vasculature (10035.2053) < quality threshold 
processing: 1993576_21015_0_0.png
  SKIPPING IMAGE: tot amount of vasculature (5722.7965) < quality threshold 
processing: 1993552_21016_0_0.png
processing: 1993552_21015_0_0.png
  SKIPPING IMAGE: tot amount of vasculature (3895.3665) < quality threshold 
processing: 1993528_21016_0_0.png
processing: 1993528_21015_0_0.png
processing: 1993489_21016_0_0.png
processing: 1993489_21015_0_0.png
processing: 1993461_21016_0_0.png
processing: 1993461_21015_0_0.png
processing: 1993369_21016_0_0.png
processing: 1993369_21015_0_0.png
processing: 1993358_21016_1_0.png
  SKIPPING IMAGE: tot amount of vasculature (119.8079) < quality threshold 
processing: 1993358_21015_1_0.png
  SKIPPING IMAGE: tot amount of vasculature (361.7014) < quality threshold 
processing: 1993303_21016_0_0.png
processing: 1993303_21015_0_0.png
  SKIPPING IMAGE: tot amount of vasculature (10323.5248) < quality threshold 
processing: 1993288_21016_0_1.png
  SKIPPING IMAGE: tot amount of vasculature (8442.5933) < quality threshold 
processing: 1993288_21016_0_0.png
  SKIPPING IMAGE: tot amount of vasculature (9446.3758) < quality threshold 
processing: 1993288_21015_0_0.png
  SKIPPING IMAGE: tot amount of vasculature (8997.3749) < quality threshold 
processing: 1993142_21016_0_0.png
processing: 1993142_21015_0_0.png
  SKIPPING IMAGE: tot amount of vasculature (10762.4367) < quality threshold 
processing: 1992979_21016_0_0.png
processing: 1992979_21015_0_0.png
processing: 1992887_21016_0_0.png
processing: 1992887_21015_0_0.png
processing: 1992810_21016_1_0.png
  SKIPPING IMAGE: tot amount of vasculature (2357.8596) < quality threshold 
processing: 1992810_21015_1_0.png
  SKIPPING IMAGE: tot amount of vasculature (5667.9334) < quality threshold 
processing: 1992760_21016_0_0.png
processing: 1992760_21015_0_0.png
processing: 1992728_21016_1_0.png
  SKIPPING IMAGE: tot amount of vasculature (1596.4408) < quality threshold 
processing: 1992728_21016_0_0.png
  SKIPPING IMAGE: tot amount of vasculature (14.3556) < quality threshold 
processing: 1992728_21015_1_0.png
  SKIPPING IMAGE: tot amount of vasculature (3974.9391) < quality threshold 
processing: 1992728_21015_0_0.png
  SKIPPING IMAGE: tot amount of vasculature (2534.9496) < quality threshold 
processing: 1992709_21016_0_0.png
processing: 1992709_21015_0_0.png
processing: 1992595_21016_0_0.png
processing: 1992595_21015_0_0.png
processing: 1992470_21016_0_0.png
  SKIPPING IMAGE: tot amount of vasculature (10093.0595) < quality threshold 
processing: 1992470_21015_0_0.png
  SKIPPING IMAGE: tot amount of vasculature (9739.1192) < quality threshold 
processing: 1992339_21016_0_0.png
processing: 1992339_21015_0_0.png
processing: 1992127_21016_0_0.png
  SKIPPING IMAGE: tot amount of vasculature (6731.3089) < quality threshold 
processing: 1992127_21015_0_0.png
  SKIPPING IMAGE: tot amount of vasculature (2596.3761) < quality threshold 
processing: 1992078_21016_0_0.png
processing: 1992078_21015_0_0.png
  SKIPPING IMAGE: tot amount of vasculature (7905.2582) < quality threshold 
processing: 1991997_21016_0_0.png
processing: 1991997_21015_0_0.png
processing: 1991928_21016_0_0.png
processing: 1991928_21015_0_0.png
processing: 1991909_21016_0_0.png
  SKIPPING IMAGE: tot amount of vasculature (5777.3314) < quality threshold 
processing: 1991909_21015_0_0.png
  SKIPPING IMAGE: tot amount of vasculature (2801.4518) < quality threshold 
processing: 1991882_21016_0_0.png
processing: 1991882_21015_0_0.png
processing: 1991853_21016_0_0.png
processing: 1991853_21015_0_0.png
  SKIPPING IMAGE: tot amount of vasculature (10684.2361) < quality threshold 
processing: 1991829_21016_1_0.png
