------------------------------------------
Setting up environment variables
---
LD_LIBRARY_PATH is .:/software/Development/Languages/Matlab_Compiler_Runtime/96/runtime/glnxa64:/software/Development/Languages/Matlab_Compiler_Runtime/96/bin/glnxa64:/software/Development/Languages/Matlab_Compiler_Runtime/96/sys/os/glnxa64:/software/Development/Languages/Matlab_Compiler_Runtime/96/sys/opengl/lib/glnxa64
Running vessel measurements...
processing: 2905298_21015_0_0.png
processing: 2905249_21016_0_0.png
processing: 2905249_21015_0_0.png
processing: 2905230_21016_0_0.png
processing: 2905230_21015_0_0.png
processing: 2905155_21016_0_0.png
  SKIPPING IMAGE: tot amount of vasculature (5836.347) < quality threshold 
processing: 2905155_21015_0_0.png
  SKIPPING IMAGE: tot amount of vasculature (3034.1203) < quality threshold 
processing: 2905148_21016_0_0.png
processing: 2905148_21015_0_0.png
processing: 2905124_21016_0_0.png
processing: 2905124_21015_0_0.png
  SKIPPING IMAGE: tot amount of vasculature (9615.1542) < quality threshold 
processing: 2905040_21016_0_0.png
processing: 2905040_21015_0_0.png
processing: 2905023_21016_1_0.png
processing: 2905023_21015_1_0.png
processing: 2904945_21016_1_0.png
processing: 2904945_21015_1_0.png
  SKIPPING IMAGE: tot amount of vasculature (9898.0969) < quality threshold 
processing: 2904870_21016_1_0.png
  SKIPPING IMAGE: tot amount of vasculature (9674.1313) < quality threshold 
processing: 2904870_21015_1_0.png
  SKIPPING IMAGE: tot amount of vasculature (1789.9844) < quality threshold 
processing: 2904788_21016_0_0.png
  SKIPPING IMAGE: tot amount of vasculature (8921.5048) < quality threshold 
processing: 2904556_21016_0_0.png
processing: 2904556_21015_0_0.png
processing: 2904426_21016_0_0.png
processing: 2904426_21015_0_0.png
processing: 2904380_21016_1_0.png
  SKIPPING IMAGE: tot amount of vasculature (5688.3234) < quality threshold 
processing: 2904380_21015_1_0.png
  SKIPPING IMAGE: tot amount of vasculature (2056.2549) < quality threshold 
processing: 2904372_21016_0_0.png
processing: 2904372_21015_0_0.png
processing: 2904301_21016_0_0.png
processing: 2904301_21015_0_0.png
processing: 2904250_21016_0_0.png
processing: 2904250_21015_0_0.png
processing: 2904243_21016_0_0.png
processing: 2904243_21015_0_0.png
processing: 2904218_21016_0_0.png
  SKIPPING IMAGE: No vessels found
processing: 2904218_21015_0_0.png
  SKIPPING IMAGE: tot amount of vasculature (5526.6153) < quality threshold 
processing: 2904073_21016_0_0.png
processing: 2904073_21015_0_0.png
processing: 2904064_21016_0_0.png
  SKIPPING IMAGE: tot amount of vasculature (1432.6813) < quality threshold 
processing: 2904064_21015_0_0.png
  SKIPPING IMAGE: tot amount of vasculature (8528.7082) < quality threshold 
processing: 2903947_21016_0_0.png
processing: 2903947_21015_0_0.png
  SKIPPING IMAGE: tot amount of vasculature (3445.8907) < quality threshold 
processing: 2903861_21016_0_0.png
  SKIPPING IMAGE: tot amount of vasculature (10559.1171) < quality threshold 
processing: 2903861_21015_0_0.png
processing: 2903800_21016_0_0.png
processing: 2903800_21015_0_0.png
processing: 2903799_21016_0_0.png
processing: 2903799_21015_0_0.png
  SKIPPING IMAGE: tot amount of vasculature (4479.5866) < quality threshold 
processing: 2903780_21016_0_0.png
  SKIPPING IMAGE: tot amount of vasculature (8547.4533) < quality threshold 
processing: 2903780_21015_0_0.png
processing: 2903767_21016_0_0.png
processing: 2903767_21015_0_0.png
  SKIPPING IMAGE: tot amount of vasculature (9690.6831) < quality threshold 
processing: 2903697_21016_0_0.png
processing: 2903697_21015_0_0.png
processing: 2903611_21016_0_0.png
processing: 2903611_21015_0_0.png
processing: 2903609_21016_0_0.png
  SKIPPING IMAGE: tot amount of vasculature (5605.2943) < quality threshold 
processing: 2903609_21015_0_0.png
  SKIPPING IMAGE: tot amount of vasculature (1747.1556) < quality threshold 
processing: 2903573_21016_0_0.png
processing: 2903573_21015_0_0.png
  SKIPPING IMAGE: tot amount of vasculature (7777.8094) < quality threshold 
processing: 2903477_21016_0_0.png
processing: 2903477_21015_0_0.png
processing: 2903462_21016_0_0.png
  SKIPPING IMAGE: tot amount of vasculature (9700.63) < quality threshold 
processing: 2903462_21015_0_0.png
  SKIPPING IMAGE: tot amount of vasculature (8163.284) < quality threshold 
processing: 2903450_21016_0_0.png
processing: 2903450_21015_0_0.png
processing: 2903340_21016_1_0.png
processing: 2903340_21015_1_0.png
processing: 2903170_21016_0_0.png
processing: 2903170_21015_0_0.png
processing: 2902991_21016_0_0.png
processing: 2902991_21015_0_0.png
processing: 2902857_21016_0_0.png
processing: 2902857_21015_0_0.png
processing: 2902786_21016_1_0.png
  SKIPPING IMAGE: tot amount of vasculature (5613.7104) < quality threshold 
processing: 2902786_21015_1_0.png
  SKIPPING IMAGE: tot amount of vasculature (717.0969) < quality threshold 
processing: 2902727_21016_0_0.png
processing: 2902727_21015_0_0.png
  SKIPPING IMAGE: tot amount of vasculature (8043.2141) < quality threshold 
processing: 2902705_21016_0_0.png
  SKIPPING IMAGE: tot amount of vasculature (3033.5475) < quality threshold 
processing: 2902555_21016_0_0.png
processing: 2902555_21015_0_0.png
processing: 2902548_21016_0_0.png
processing: 2902548_21015_0_0.png
processing: 2902536_21016_0_0.png
processing: 2902536_21015_0_0.png
processing: 2902407_21016_0_0.png
processing: 2902407_21015_0_0.png
processing: 2902389_21016_1_0.png
processing: 2902389_21015_1_0.png
processing: 2902322_21016_0_0.png
processing: 2902322_21015_0_0.png
processing: 2902284_21016_0_0.png
processing: 2902284_21015_0_0.png
processing: 2902259_21016_1_0.png
processing: 2902259_21015_1_0.png
processing: 2902128_21016_0_0.png
processing: 2902128_21015_0_0.png
  SKIPPING IMAGE: tot amount of vasculature (8911.93) < quality threshold 
processing: 2902077_21016_0_0.png
processing: 2902004_21016_1_0.png
processing: 2902004_21015_1_0.png
processing: 2901905_21016_0_0.png
processing: 2901905_21015_0_0.png
processing: 2901807_21016_0_0.png
processing: 2901807_21015_0_0.png
processing: 2901744_21016_1_0.png
processing: 2901744_21015_1_0.png
processing: 2901726_21016_1_0.png
processing: 2901726_21015_1_0.png
processing: 2901648_21016_0_0.png
processing: 2901648_21015_0_0.png
processing: 2901541_21016_0_0.png
processing: 2901541_21015_0_0.png
processing: 2901492_21016_0_0.png
processing: 2901492_21015_0_0.png
