------------------------------------------
Setting up environment variables
---
LD_LIBRARY_PATH is .:/software/Development/Languages/Matlab_Compiler_Runtime/96/runtime/glnxa64:/software/Development/Languages/Matlab_Compiler_Runtime/96/bin/glnxa64:/software/Development/Languages/Matlab_Compiler_Runtime/96/sys/os/glnxa64:/software/Development/Languages/Matlab_Compiler_Runtime/96/sys/opengl/lib/glnxa64
Running vessel measurements...
processing: 4682594_21016_0_0.png
  SKIPPING IMAGE: tot amount of vasculature (7280.4767) < quality threshold 
processing: 4682594_21015_0_0.png
processing: 4682553_21016_0_0.png
processing: 4682492_21016_1_0.png
processing: 4682492_21015_1_0.png
processing: 4682457_21016_0_0.png
  SKIPPING IMAGE: tot amount of vasculature (7243.4974) < quality threshold 
processing: 4682457_21015_0_0.png
  SKIPPING IMAGE: tot amount of vasculature (7637.4606) < quality threshold 
processing: 4682423_21016_0_0.png
  SKIPPING IMAGE: tot amount of vasculature (10882.1349) < quality threshold 
processing: 4682423_21015_0_0.png
  SKIPPING IMAGE: tot amount of vasculature (3693.5619) < quality threshold 
processing: 4682414_21016_0_0.png
  SKIPPING IMAGE: tot amount of vasculature (10797.4398) < quality threshold 
processing: 4682414_21015_0_0.png
processing: 4682406_21016_0_0.png
processing: 4682406_21015_0_0.png
processing: 4682395_21016_0_0.png
processing: 4682395_21015_0_0.png
processing: 4682384_21016_1_0.png
  SKIPPING IMAGE: tot amount of vasculature (82.2798) < quality threshold 
processing: 4682384_21015_1_0.png
  SKIPPING IMAGE: tot amount of vasculature (2154.0472) < quality threshold 
processing: 4682302_21016_1_0.png
processing: 4682302_21015_1_0.png
  SKIPPING IMAGE: tot amount of vasculature (7238.1111) < quality threshold 
processing: 4682185_21016_0_0.png
processing: 4682185_21015_0_0.png
processing: 4682162_21016_0_0.png
  SKIPPING IMAGE: tot amount of vasculature (6505.5711) < quality threshold 
processing: 4682162_21015_0_0.png
  SKIPPING IMAGE: tot amount of vasculature (3720.9682) < quality threshold 
processing: 4682139_21016_0_0.png
  SKIPPING IMAGE: tot amount of vasculature (4259.0717) < quality threshold 
processing: 4682139_21015_0_0.png
  SKIPPING IMAGE: tot amount of vasculature (66.9093) < quality threshold 
processing: 4682118_21016_0_0.png
processing: 4682118_21015_0_0.png
processing: 4682052_21016_0_0.png
processing: 4682052_21015_0_0.png
processing: 4681969_21016_0_0.png
  SKIPPING IMAGE: tot amount of vasculature (8274.3783) < quality threshold 
processing: 4681969_21015_0_0.png
  SKIPPING IMAGE: tot amount of vasculature (10751.0352) < quality threshold 
processing: 4681879_21016_0_0.png
processing: 4681879_21015_0_0.png
processing: 4681840_21016_0_0.png
processing: 4681840_21015_0_0.png
  SKIPPING IMAGE: tot amount of vasculature (3572.2127) < quality threshold 
processing: 4681751_21016_0_0.png
processing: 4681751_21015_0_0.png
processing: 4681730_21016_0_0.png
processing: 4681730_21015_0_0.png
processing: 4681653_21016_0_0.png
processing: 4681653_21015_0_0.png
  SKIPPING IMAGE: tot amount of vasculature (4576.7246) < quality threshold 
processing: 4681629_21016_1_0.png
  SKIPPING IMAGE: tot amount of vasculature (0.9376) < quality threshold 
processing: 4681629_21015_1_0.png
  SKIPPING IMAGE: tot amount of vasculature (4747.9226) < quality threshold 
processing: 4681567_21016_1_0.png
processing: 4681567_21015_1_0.png
  SKIPPING IMAGE: tot amount of vasculature (10008.1537) < quality threshold 
processing: 4681501_21016_0_0.png
processing: 4681501_21015_0_0.png
processing: 4681322_21016_0_0.png
processing: 4681322_21015_0_0.png
processing: 4681077_21016_0_0.png
  SKIPPING IMAGE: tot amount of vasculature (9077.9623) < quality threshold 
processing: 4681018_21016_0_0.png
processing: 4681018_21015_0_0.png
  SKIPPING IMAGE: tot amount of vasculature (8765.7789) < quality threshold 
processing: 4680981_21016_0_0.png
  SKIPPING IMAGE: tot amount of vasculature (3692.668) < quality threshold 
processing: 4680981_21015_0_0.png
  SKIPPING IMAGE: tot amount of vasculature (7776.5563) < quality threshold 
processing: 4680938_21016_0_0.png
processing: 4680938_21015_0_0.png
processing: 4680919_21016_0_0.png
processing: 4680919_21015_0_0.png
processing: 4680864_21016_0_0.png
processing: 4680864_21015_0_0.png
  SKIPPING IMAGE: tot amount of vasculature (8476.4247) < quality threshold 
processing: 4680830_21016_0_0.png
processing: 4680830_21015_0_0.png
processing: 4680762_21016_0_0.png
processing: 4680762_21015_0_0.png
processing: 4680750_21016_0_0.png
processing: 4680750_21015_0_0.png
processing: 4680721_21016_0_0.png
  SKIPPING IMAGE: tot amount of vasculature (8530.1741) < quality threshold 
processing: 4680721_21015_0_0.png
processing: 4680718_21016_0_0.png
processing: 4680718_21015_0_0.png
processing: 4680657_21016_0_0.png
processing: 4680657_21015_0_0.png
processing: 4680640_21016_0_0.png
  SKIPPING IMAGE: tot amount of vasculature (3264.825) < quality threshold 
processing: 4680640_21015_0_0.png
  SKIPPING IMAGE: tot amount of vasculature (5764.4174) < quality threshold 
processing: 4680554_21016_0_0.png
  SKIPPING IMAGE: tot amount of vasculature (5896.3574) < quality threshold 
processing: 4680554_21015_0_0.png
  SKIPPING IMAGE: tot amount of vasculature (7037.6806) < quality threshold 
processing: 4680424_21016_0_0.png
processing: 4680424_21015_0_0.png
processing: 4680383_21016_0_0.png
  SKIPPING IMAGE: tot amount of vasculature (1333.2062) < quality threshold 
processing: 4680383_21015_0_0.png
processing: 4680345_21016_0_0.png
processing: 4680345_21015_0_0.png
processing: 4680311_21016_0_0.png
  SKIPPING IMAGE: tot amount of vasculature (2526.8423) < quality threshold 
processing: 4680311_21015_0_0.png
  SKIPPING IMAGE: tot amount of vasculature (701.9275) < quality threshold 
processing: 4680266_21016_0_0.png
processing: 4680266_21015_0_0.png
processing: 4680229_21016_0_0.png
  SKIPPING IMAGE: tot amount of vasculature (6441.1823) < quality threshold 
processing: 4680229_21015_0_0.png
  SKIPPING IMAGE: tot amount of vasculature (5450.0922) < quality threshold 
processing: 4680068_21016_1_0.png
processing: 4680068_21016_0_0.png
processing: 4680068_21015_1_0.png
processing: 4680068_21015_0_0.png
processing: 4680002_21016_0_0.png
processing: 4680002_21015_0_0.png
processing: 4679975_21016_0_0.png
  SKIPPING IMAGE: tot amount of vasculature (388.5434) < quality threshold 
processing: 4679975_21015_0_0.png
  SKIPPING IMAGE: tot amount of vasculature (1231.231) < quality threshold 
processing: 4679958_21016_0_0.png
processing: 4679958_21015_0_0.png
processing: 4679892_21016_0_0.png
processing: 4679892_21015_0_0.png
processing: 4679865_21016_1_0.png
processing: 4679865_21015_1_0.png
processing: 4679814_21016_0_0.png
processing: 4679814_21015_0_0.png
processing: 4679806_21016_0_0.png
processing: 4679806_21015_0_0.png
  SKIPPING IMAGE: tot amount of vasculature (7877.9495) < quality threshold 
processing: 4679786_21016_1_0.png
processing: 4679786_21015_1_0.png
  SKIPPING IMAGE: tot amount of vasculature (1910.017) < quality threshold 
processing: 4679730_21016_1_0.png
  SKIPPING IMAGE: tot amount of vasculature (7965.0264) < quality threshold 
processing: 4679730_21015_1_0.png
  SKIPPING IMAGE: tot amount of vasculature (2920.897) < quality threshold 
processing: 4679705_21016_1_0.png
processing: 4679705_21015_1_0.png
processing: 4679629_21016_0_0.png
processing: 4679629_21015_0_0.png
processing: 4679536_21016_0_0.png
processing: 4679536_21015_0_0.png
processing: 4679501_21016_0_0.png
processing: 4679501_21015_0_0.png
processing: 4679442_21016_0_0.png
processing: 4679442_21015_0_0.png
processing: 4679259_21016_1_0.png
processing: 4679259_21015_1_0.png
processing: 4679197_21016_0_0.png
processing: 4679197_21015_0_0.png
processing: 4679109_21016_0_0.png
processing: 4679109_21015_0_0.png
processing: 4678822_21016_0_0.png
processing: 4678822_21015_0_0.png
processing: 4678755_21016_1_0.png
  SKIPPING IMAGE: tot amount of vasculature (7821.2172) < quality threshold 
processing: 4678755_21015_1_0.png
  SKIPPING IMAGE: tot amount of vasculature (5567.0747) < quality threshold 
processing: 4678724_21016_1_0.png
  SKIPPING IMAGE: tot amount of vasculature (9630.7982) < quality threshold 
processing: 4678724_21015_1_0.png
processing: 4678697_21016_0_0.png
processing: 4678697_21015_0_0.png
processing: 4678660_21016_1_0.png
processing: 4678660_21015_1_0.png
processing: 4678586_21016_1_0.png
processing: 4678586_21015_1_0.png
processing: 4678564_21016_0_0.png
  SKIPPING IMAGE: tot amount of vasculature (8438.377) < quality threshold 
processing: 4678564_21015_0_0.png
processing: 4678530_21016_0_0.png
  SKIPPING IMAGE: tot amount of vasculature (9812.9125) < quality threshold 
processing: 4678530_21015_0_0.png
  SKIPPING IMAGE: tot amount of vasculature (7130.4308) < quality threshold 
processing: 4678527_21016_0_0.png
processing: 4678527_21015_0_0.png
processing: 4678477_21016_1_0.png
  SKIPPING IMAGE: tot amount of vasculature (5623.4135) < quality threshold 
processing: 4678477_21015_1_0.png
  SKIPPING IMAGE: tot amount of vasculature (4790.3325) < quality threshold 
processing: 4678404_21016_0_0.png
  SKIPPING IMAGE: tot amount of vasculature (5675.8013) < quality threshold 
processing: 4678404_21015_0_0.png
processing: 4678365_21016_0_0.png
  SKIPPING IMAGE: tot amount of vasculature (2474.3513) < quality threshold 
processing: 4678365_21015_0_0.png
  SKIPPING IMAGE: tot amount of vasculature (2091.3267) < quality threshold 
processing: 4678275_21016_0_0.png
processing: 4678275_21015_0_0.png
processing: 4678232_21016_0_0.png
processing: 4678232_21015_0_0.png
processing: 4678194_21016_0_0.png
processing: 4678194_21015_0_0.png
  SKIPPING IMAGE: tot amount of vasculature (10171.3669) < quality threshold 
processing: 4678081_21016_0_0.png
processing: 4678081_21015_0_0.png
processing: 4678042_21016_0_0.png
  SKIPPING IMAGE: tot amount of vasculature (7477.0835) < quality threshold 
processing: 4677967_21016_1_0.png
processing: 4677967_21015_1_0.png
processing: 4677936_21016_1_0.png
processing: 4677936_21015_1_0.png
processing: 4677784_21016_0_0.png
processing: 4677784_21015_0_0.png
processing: 4677768_21016_0_0.png
processing: 4677768_21015_0_0.png
processing: 4677583_21016_0_0.png
  SKIPPING IMAGE: tot amount of vasculature (178.6704) < quality threshold 
processing: 4677583_21015_0_0.png
  SKIPPING IMAGE: tot amount of vasculature (7296.02) < quality threshold 
processing: 4677560_21016_0_0.png
  SKIPPING IMAGE: tot amount of vasculature (3784.1751) < quality threshold 
processing: 4677560_21015_0_0.png
processing: 4677461_21016_1_0.png
processing: 4677461_21015_1_0.png
processing: 4677391_21016_1_0.png
processing: 4677391_21015_1_0.png
processing: 4677387_21016_0_0.png
  SKIPPING IMAGE: tot amount of vasculature (8797.0777) < quality threshold 
processing: 4677387_21015_0_0.png
  SKIPPING IMAGE: tot amount of vasculature (8651.6716) < quality threshold 
processing: 4677279_21016_0_0.png
  SKIPPING IMAGE: tot amount of vasculature (10626.9614) < quality threshold 
processing: 4677279_21015_0_0.png
  SKIPPING IMAGE: tot amount of vasculature (8660.1506) < quality threshold 
processing: 4677257_21016_0_0.png
processing: 4677257_21015_0_0.png
processing: 4677223_21016_0_0.png
  SKIPPING IMAGE: tot amount of vasculature (1418.7477) < quality threshold 
processing: 4677223_21015_0_0.png
  SKIPPING IMAGE: tot amount of vasculature (7254.3651) < quality threshold 
processing: 4677214_21016_0_0.png
  SKIPPING IMAGE: tot amount of vasculature (10336.0404) < quality threshold 
processing: 4677214_21015_0_0.png
  SKIPPING IMAGE: tot amount of vasculature (8427.1401) < quality threshold 
processing: 4677174_21016_1_0.png
processing: 4677174_21015_1_0.png
  SKIPPING IMAGE: tot amount of vasculature (8279.2525) < quality threshold 
processing: 4677125_21016_0_0.png
  SKIPPING IMAGE: tot amount of vasculature (6747.7184) < quality threshold 
processing: 4677125_21015_0_0.png
processing: 4677094_21016_0_0.png
processing: 4677094_21015_0_0.png
processing: 4677053_21016_0_0.png
processing: 4677053_21015_0_0.png
processing: 4676962_21016_0_0.png
processing: 4676962_21015_0_0.png
processing: 4676921_21016_0_0.png
processing: 4676921_21015_0_0.png
processing: 4676824_21016_0_0.png
  SKIPPING IMAGE: tot amount of vasculature (8.975) < quality threshold 
processing: 4676824_21015_0_0.png
  SKIPPING IMAGE: tot amount of vasculature (4355.9592) < quality threshold 
processing: 4676725_21016_1_0.png
  SKIPPING IMAGE: tot amount of vasculature (8270.4758) < quality threshold 
processing: 4676725_21015_1_0.png
  SKIPPING IMAGE: tot amount of vasculature (3098.2437) < quality threshold 
processing: 4676719_21016_1_0.png
processing: 4676719_21015_1_0.png
processing: 4676646_21016_1_0.png
processing: 4676646_21015_1_0.png
processing: 4676635_21016_0_0.png
processing: 4676635_21015_0_0.png
processing: 4676600_21016_1_0.png
  SKIPPING IMAGE: tot amount of vasculature (9381.4711) < quality threshold 
processing: 4676600_21015_1_0.png
  SKIPPING IMAGE: tot amount of vasculature (9811.732) < quality threshold 
processing: 4676540_21016_0_0.png
processing: 4676540_21015_0_0.png
processing: 4676531_21015_0_0.png
  SKIPPING IMAGE: tot amount of vasculature (5042.1329) < quality threshold 
processing: 4676473_21016_0_0.png
processing: 4676473_21015_0_0.png
processing: 4676464_21016_0_0.png
  SKIPPING IMAGE: tot amount of vasculature (1274.8649) < quality threshold 
processing: 4676464_21015_0_0.png
  SKIPPING IMAGE: tot amount of vasculature (4937.8514) < quality threshold 
processing: 4676370_21016_0_0.png
processing: 4676370_21015_0_0.png
  SKIPPING IMAGE: tot amount of vasculature (754.3945) < quality threshold 
processing: 4676366_21016_0_0.png
  SKIPPING IMAGE: tot amount of vasculature (10007.4452) < quality threshold 
processing: 4676366_21015_0_0.png
  SKIPPING IMAGE: tot amount of vasculature (9633.3468) < quality threshold 
processing: 4676337_21016_0_0.png
  SKIPPING IMAGE: tot amount of vasculature (6219.6319) < quality threshold 
processing: 4676337_21015_0_0.png
  SKIPPING IMAGE: tot amount of vasculature (6127.7208) < quality threshold 
processing: 4676329_21016_0_0.png
processing: 4676260_21016_0_0.png
processing: 4676260_21015_0_0.png
  SKIPPING IMAGE: tot amount of vasculature (5898.4888) < quality threshold 
processing: 4676195_21016_0_0.png
  SKIPPING IMAGE: tot amount of vasculature (10772.8552) < quality threshold 
processing: 4676195_21015_0_0.png
  SKIPPING IMAGE: tot amount of vasculature (4167.5681) < quality threshold 
processing: 4676147_21016_0_0.png
processing: 4676147_21015_0_0.png
processing: 4676120_21016_0_0.png
processing: 4676120_21015_0_0.png
processing: 4676116_21016_1_0.png
processing: 4676116_21015_1_0.png
processing: 4676003_21016_1_0.png
  SKIPPING IMAGE: tot amount of vasculature (10040.4887) < quality threshold 
processing: 4676003_21015_1_0.png
  SKIPPING IMAGE: tot amount of vasculature (4896.225) < quality threshold 
processing: 4675951_21016_0_0.png
processing: 4675951_21015_0_0.png
processing: 4675949_21016_0_0.png
processing: 4675949_21015_0_0.png
processing: 4675775_21016_0_0.png
processing: 4675775_21015_0_0.png
processing: 4675744_21016_0_0.png
processing: 4675744_21015_0_0.png
processing: 4675732_21016_1_0.png
processing: 4675732_21015_1_0.png
processing: 4675667_21016_0_0.png
processing: 4675667_21015_0_0.png
  SKIPPING IMAGE: tot amount of vasculature (6181.4395) < quality threshold 
processing: 4675655_21016_0_0.png
processing: 4675655_21015_0_0.png
processing: 4675566_21016_0_0.png
  SKIPPING IMAGE: tot amount of vasculature (4.0662) < quality threshold 
processing: 4675566_21015_0_0.png
  SKIPPING IMAGE: tot amount of vasculature (6079.3005) < quality threshold 
processing: 4675537_21016_0_0.png
processing: 4675537_21015_0_0.png
processing: 4675465_21016_0_0.png
  SKIPPING IMAGE: tot amount of vasculature (6063.9217) < quality threshold 
processing: 4675465_21015_0_0.png
  SKIPPING IMAGE: tot amount of vasculature (5032.7995) < quality threshold 
processing: 4675423_21016_0_0.png
processing: 4675423_21015_0_0.png
processing: 4675217_21016_0_0.png
processing: 4675217_21015_0_0.png
  SKIPPING IMAGE: tot amount of vasculature (8054.7799) < quality threshold 
processing: 4675177_21016_0_0.png
  SKIPPING IMAGE: tot amount of vasculature (222.1665) < quality threshold 
processing: 4675177_21015_0_0.png
  SKIPPING IMAGE: tot amount of vasculature (4044.0652) < quality threshold 
processing: 4675121_21016_0_0.png
processing: 4675121_21015_0_0.png
  SKIPPING IMAGE: tot amount of vasculature (8365.5158) < quality threshold 
processing: 4675034_21016_0_0.png
processing: 4675034_21015_0_0.png
processing: 4675028_21016_0_0.png
processing: 4675028_21015_0_0.png
processing: 4674875_21016_1_0.png
processing: 4674875_21015_1_0.png
processing: 4674858_21016_0_0.png
processing: 4674858_21015_0_0.png
processing: 4674832_21016_0_0.png
processing: 4674832_21015_0_0.png
processing: 4674810_21016_0_0.png
processing: 4674810_21015_0_0.png
processing: 4674745_21016_0_0.png
processing: 4674745_21015_0_0.png
processing: 4674709_21016_0_0.png
processing: 4674709_21015_0_0.png
processing: 4674638_21016_1_0.png
processing: 4674638_21015_1_0.png
processing: 4674619_21016_0_0.png
processing: 4674619_21015_0_0.png
processing: 4674482_21016_0_0.png
  SKIPPING IMAGE: tot amount of vasculature (9150.6849) < quality threshold 
processing: 4674482_21015_0_0.png
  SKIPPING IMAGE: tot amount of vasculature (10120.8822) < quality threshold 
processing: 4674470_21016_1_0.png
  SKIPPING IMAGE: tot amount of vasculature (5213.1976) < quality threshold 
processing: 4674470_21015_1_0.png
  SKIPPING IMAGE: tot amount of vasculature (8162.2976) < quality threshold 
processing: 4674466_21016_1_0.png
  SKIPPING IMAGE: tot amount of vasculature (8144.851) < quality threshold 
processing: 4674466_21015_1_0.png
  SKIPPING IMAGE: tot amount of vasculature (10469.1574) < quality threshold 
processing: 4674385_21016_0_0.png
processing: 4674385_21015_0_0.png
  SKIPPING IMAGE: tot amount of vasculature (7067.0221) < quality threshold 
processing: 4674339_21016_0_0.png
processing: 4674339_21015_0_0.png
  SKIPPING IMAGE: tot amount of vasculature (9068.9428) < quality threshold 
processing: 4674318_21016_0_0.png
processing: 4674318_21015_0_0.png
processing: 4674280_21016_0_0.png
processing: 4674280_21015_0_0.png
processing: 4674267_21016_0_0.png
processing: 4674267_21015_0_0.png
processing: 4674248_21016_1_0.png
FINISHED: .mat files have been written to: /data/FAC/FBM/DBC/sbergman/retina/UKBiob/fundus/REVIEW//CLRIS/
execution time: 2102 sec
