------------------------------------------
Setting up environment variables
---
LD_LIBRARY_PATH is .:/software/Development/Languages/Matlab_Compiler_Runtime/96/runtime/glnxa64:/software/Development/Languages/Matlab_Compiler_Runtime/96/bin/glnxa64:/software/Development/Languages/Matlab_Compiler_Runtime/96/sys/os/glnxa64:/software/Development/Languages/Matlab_Compiler_Runtime/96/sys/opengl/lib/glnxa64
Running vessel measurements...
processing: 3372079_21016_0_0.png
processing: 3372079_21015_0_0.png
processing: 3371761_21016_0_0.png
processing: 3371761_21015_0_0.png
processing: 3371746_21016_1_0.png
processing: 3371746_21015_1_0.png
processing: 3371644_21016_0_0.png
processing: 3371644_21015_0_0.png
processing: 3371626_21016_0_0.png
  SKIPPING IMAGE: tot amount of vasculature (9652.5997) < quality threshold 
processing: 3371626_21015_0_0.png
  SKIPPING IMAGE: tot amount of vasculature (10623.0791) < quality threshold 
processing: 3371603_21016_0_0.png
processing: 3371603_21015_0_0.png
processing: 3371596_21016_1_0.png
  SKIPPING IMAGE: tot amount of vasculature (7495.6805) < quality threshold 
processing: 3371596_21015_1_0.png
  SKIPPING IMAGE: tot amount of vasculature (10264.2853) < quality threshold 
processing: 3371562_21016_0_0.png
processing: 3371562_21015_0_0.png
processing: 3371398_21016_0_0.png
processing: 3371398_21015_0_0.png
processing: 3371305_21016_1_0.png
processing: 3371305_21015_1_0.png
  SKIPPING IMAGE: tot amount of vasculature (10728.161) < quality threshold 
processing: 3371290_21016_0_0.png
  SKIPPING IMAGE: tot amount of vasculature (9367.6669) < quality threshold 
processing: 3371290_21015_0_0.png
  SKIPPING IMAGE: tot amount of vasculature (10217.6421) < quality threshold 
processing: 3371188_21016_0_0.png
processing: 3371188_21015_0_0.png
processing: 3371123_21016_0_0.png
processing: 3371123_21015_0_0.png
processing: 3371080_21016_0_0.png
processing: 3371080_21015_0_0.png
  SKIPPING IMAGE: tot amount of vasculature (10926.4226) < quality threshold 
processing: 3371072_21016_1_0.png
processing: 3371072_21016_0_0.png
processing: 3371072_21015_1_0.png
processing: 3371072_21015_0_0.png
processing: 3371024_21016_0_0.png
processing: 3371024_21015_0_0.png
processing: 3370933_21016_0_0.png
  SKIPPING IMAGE: tot amount of vasculature (9495.0769) < quality threshold 
processing: 3370933_21015_0_0.png
processing: 3370748_21016_0_0.png
processing: 3370748_21015_0_0.png
processing: 3370660_21016_0_0.png
processing: 3370660_21015_0_0.png
  SKIPPING IMAGE: tot amount of vasculature (10910.0778) < quality threshold 
processing: 3370652_21016_0_0.png
  SKIPPING IMAGE: tot amount of vasculature (6286.1673) < quality threshold 
processing: 3370652_21015_0_0.png
  SKIPPING IMAGE: tot amount of vasculature (8365.1729) < quality threshold 
processing: 3370609_21016_0_0.png
processing: 3370609_21015_0_0.png
processing: 3370450_21016_0_0.png
processing: 3370450_21015_0_0.png
processing: 3370404_21016_0_0.png
processing: 3370404_21015_0_0.png
  SKIPPING IMAGE: tot amount of vasculature (3179.9958) < quality threshold 
processing: 3370340_21016_0_0.png
processing: 3370340_21015_0_0.png
processing: 3370306_21016_1_0.png
  SKIPPING IMAGE: tot amount of vasculature (9631.1502) < quality threshold 
processing: 3370306_21015_1_0.png
  SKIPPING IMAGE: tot amount of vasculature (6344.6934) < quality threshold 
processing: 3370232_21016_0_0.png
processing: 3370232_21015_0_0.png
  SKIPPING IMAGE: tot amount of vasculature (10175.4763) < quality threshold 
processing: 3370226_21016_0_0.png
  SKIPPING IMAGE: tot amount of vasculature (8563.9217) < quality threshold 
processing: 3370226_21015_0_0.png
  SKIPPING IMAGE: tot amount of vasculature (8178.9041) < quality threshold 
processing: 3370182_21016_0_0.png
processing: 3370108_21016_0_0.png
processing: 3370108_21015_0_0.png
processing: 3370090_21016_0_0.png
  SKIPPING IMAGE: tot amount of vasculature (292.3917) < quality threshold 
processing: 3370090_21015_0_0.png
processing: 3370019_21016_1_0.png
processing: 3370019_21015_1_0.png
  SKIPPING IMAGE: tot amount of vasculature (9324.0535) < quality threshold 
processing: 3369991_21016_0_1.png
  SKIPPING IMAGE: tot amount of vasculature (3852.3119) < quality threshold 
processing: 3369991_21016_0_0.png
processing: 3369991_21015_0_0.png
processing: 3369932_21016_0_0.png
processing: 3369932_21015_0_0.png
processing: 3369831_21016_0_0.png
processing: 3369831_21015_0_0.png
processing: 3369712_21016_0_0.png
  SKIPPING IMAGE: tot amount of vasculature (3700.8873) < quality threshold 
processing: 3369712_21015_0_0.png
  SKIPPING IMAGE: tot amount of vasculature (3889.4305) < quality threshold 
processing: 3369653_21016_1_0.png
  SKIPPING IMAGE: tot amount of vasculature (6245.9075) < quality threshold 
processing: 3369653_21015_1_0.png
  SKIPPING IMAGE: tot amount of vasculature (783.2058) < quality threshold 
processing: 3369599_21016_0_0.png
processing: 3369599_21015_0_0.png
processing: 3369513_21016_0_0.png
processing: 3369513_21015_0_0.png
processing: 3369419_21016_1_0.png
processing: 3369419_21015_1_0.png
processing: 3369322_21016_0_0.png
processing: 3369322_21015_0_0.png
processing: 3369247_21016_0_0.png
  SKIPPING IMAGE: tot amount of vasculature (6288.7922) < quality threshold 
processing: 3369247_21015_0_0.png
  SKIPPING IMAGE: tot amount of vasculature (482.4276) < quality threshold 
processing: 3369220_21016_1_0.png
  SKIPPING IMAGE: tot amount of vasculature (7004.3036) < quality threshold 
processing: 3369220_21015_1_0.png
  SKIPPING IMAGE: tot amount of vasculature (4664.1967) < quality threshold 
processing: 3369216_21016_0_0.png
processing: 3369216_21015_0_0.png
processing: 3369111_21016_0_0.png
processing: 3369111_21015_0_0.png
processing: 3369109_21016_0_0.png
  SKIPPING IMAGE: tot amount of vasculature (2512.6689) < quality threshold 
processing: 3369109_21015_0_0.png
  SKIPPING IMAGE: tot amount of vasculature (3200.1938) < quality threshold 
processing: 3369039_21015_0_0.png
processing: 3368984_21016_0_0.png
  SKIPPING IMAGE: tot amount of vasculature (4246.4119) < quality threshold 
processing: 3368984_21015_0_0.png
  SKIPPING IMAGE: tot amount of vasculature (6250.4559) < quality threshold 
processing: 3368971_21016_1_0.png
  SKIPPING IMAGE: tot amount of vasculature (1748.8049) < quality threshold 
processing: 3368971_21015_1_0.png
  SKIPPING IMAGE: tot amount of vasculature (8928.9244) < quality threshold 
processing: 3368933_21016_0_0.png
processing: 3368933_21015_0_0.png
processing: 3368916_21016_0_0.png
processing: 3368916_21015_0_0.png
processing: 3368902_21016_0_0.png
processing: 3368902_21015_0_0.png
processing: 3368889_21016_0_0.png
processing: 3368889_21015_0_0.png
processing: 3368736_21016_1_0.png
processing: 3368736_21015_1_0.png
processing: 3368713_21016_0_0.png
  SKIPPING IMAGE: tot amount of vasculature (9126.9957) < quality threshold 
processing: 3368713_21015_0_0.png
processing: 3368660_21016_1_0.png
  SKIPPING IMAGE: tot amount of vasculature (10497.2693) < quality threshold 
processing: 3368660_21016_0_0.png
  SKIPPING IMAGE: tot amount of vasculature (3327.5339) < quality threshold 
processing: 3368660_21015_1_0.png
  SKIPPING IMAGE: tot amount of vasculature (8993.0503) < quality threshold 
processing: 3368660_21015_0_0.png
  SKIPPING IMAGE: tot amount of vasculature (5272.1871) < quality threshold 
processing: 3368634_21016_0_0.png
  SKIPPING IMAGE: tot amount of vasculature (3425.5827) < quality threshold 
processing: 3368634_21015_0_0.png
processing: 3368598_21016_0_0.png
processing: 3368598_21015_0_0.png
processing: 3368564_21016_1_0.png
