------------------------------------------
Setting up environment variables
---
LD_LIBRARY_PATH is .:/software/Development/Languages/Matlab_Compiler_Runtime/96/runtime/glnxa64:/software/Development/Languages/Matlab_Compiler_Runtime/96/bin/glnxa64:/software/Development/Languages/Matlab_Compiler_Runtime/96/sys/os/glnxa64:/software/Development/Languages/Matlab_Compiler_Runtime/96/sys/opengl/lib/glnxa64
Running vessel measurements...
processing: 2204834_21015_0_0.png
processing: 2204828_21016_0_0.png
processing: 2204828_21015_0_0.png
processing: 2204809_21016_0_0.png
  SKIPPING IMAGE: tot amount of vasculature (10505.1931) < quality threshold 
processing: 2204809_21015_0_0.png
  SKIPPING IMAGE: tot amount of vasculature (9766.0334) < quality threshold 
processing: 2204793_21016_0_0.png
processing: 2204793_21015_0_0.png
processing: 2204761_21016_0_0.png
processing: 2204761_21015_0_0.png
processing: 2204658_21016_0_0.png
processing: 2204658_21015_0_0.png
processing: 2204644_21016_0_0.png
processing: 2204644_21015_0_0.png
processing: 2204459_21016_1_0.png
  SKIPPING IMAGE: tot amount of vasculature (9842.4429) < quality threshold 
processing: 2204459_21015_1_0.png
processing: 2204433_21016_0_0.png
  SKIPPING IMAGE: tot amount of vasculature (9325.408) < quality threshold 
processing: 2204433_21015_0_0.png
  SKIPPING IMAGE: tot amount of vasculature (10878.2209) < quality threshold 
processing: 2204225_21016_1_0.png
  SKIPPING IMAGE: tot amount of vasculature (10703.768) < quality threshold 
processing: 2204225_21015_1_0.png
  SKIPPING IMAGE: tot amount of vasculature (10703.3813) < quality threshold 
processing: 2204157_21016_0_0.png
processing: 2204157_21015_0_0.png
processing: 2204140_21016_1_0.png
processing: 2204140_21015_1_0.png
processing: 2204106_21016_0_0.png
processing: 2204106_21015_0_0.png
processing: 2203892_21016_0_0.png
processing: 2203892_21015_0_0.png
processing: 2203865_21016_0_0.png
  SKIPPING IMAGE: tot amount of vasculature (7012.7002) < quality threshold 
processing: 2203865_21015_0_0.png
processing: 2203730_21016_0_0.png
processing: 2203730_21015_0_0.png
processing: 2203670_21016_0_0.png
processing: 2203670_21015_0_0.png
processing: 2203599_21016_0_0.png
  SKIPPING IMAGE: tot amount of vasculature (1293.3675) < quality threshold 
processing: 2203599_21015_0_0.png
processing: 2203501_21016_0_0.png
  SKIPPING IMAGE: No vessels found
processing: 2203501_21015_0_0.png
  SKIPPING IMAGE: tot amount of vasculature (10783.0165) < quality threshold 
processing: 2203490_21016_1_0.png
  SKIPPING IMAGE: tot amount of vasculature (5275.5521) < quality threshold 
processing: 2203490_21015_1_0.png
  SKIPPING IMAGE: tot amount of vasculature (10049.7333) < quality threshold 
processing: 2203474_21016_0_0.png
  SKIPPING IMAGE: tot amount of vasculature (7399.3566) < quality threshold 
processing: 2203474_21015_0_0.png
  SKIPPING IMAGE: tot amount of vasculature (9984.6508) < quality threshold 
processing: 2203425_21016_0_0.png
processing: 2203425_21015_0_0.png
processing: 2203389_21016_0_0.png
processing: 2203389_21015_0_0.png
processing: 2203247_21016_0_0.png
processing: 2203247_21015_0_0.png
processing: 2203134_21016_0_0.png
processing: 2203134_21015_0_0.png
processing: 2203128_21016_0_0.png
processing: 2203128_21015_0_0.png
processing: 2203111_21016_0_0.png
processing: 2203111_21015_0_0.png
  SKIPPING IMAGE: tot amount of vasculature (8249.7154) < quality threshold 
processing: 2203096_21016_1_0.png
processing: 2203096_21015_1_0.png
processing: 2203021_21016_0_0.png
processing: 2203021_21015_0_0.png
processing: 2202984_21016_0_0.png
processing: 2202984_21015_0_0.png
  SKIPPING IMAGE: tot amount of vasculature (6073.5041) < quality threshold 
processing: 2202968_21016_0_0.png
processing: 2202968_21015_0_0.png
processing: 2202920_21016_0_0.png
  SKIPPING IMAGE: tot amount of vasculature (9468.0949) < quality threshold 
processing: 2202920_21015_0_0.png
  SKIPPING IMAGE: tot amount of vasculature (10989.1671) < quality threshold 
processing: 2202846_21016_0_0.png
processing: 2202846_21015_0_0.png
processing: 2202736_21016_0_0.png
processing: 2202736_21015_0_0.png
processing: 2202645_21016_1_0.png
processing: 2202645_21015_1_0.png
  SKIPPING IMAGE: tot amount of vasculature (8391.4885) < quality threshold 
processing: 2202634_21016_0_0.png
processing: 2202634_21015_0_0.png
  SKIPPING IMAGE: tot amount of vasculature (2148.4434) < quality threshold 
processing: 2202611_21016_0_0.png
processing: 2202611_21015_0_0.png
processing: 2202551_21016_0_0.png
processing: 2202551_21015_0_0.png
processing: 2202549_21016_0_0.png
  SKIPPING IMAGE: tot amount of vasculature (10451.1034) < quality threshold 
processing: 2202549_21015_0_0.png
processing: 2202443_21016_0_0.png
processing: 2202443_21015_0_0.png
  SKIPPING IMAGE: tot amount of vasculature (10400.9657) < quality threshold 
processing: 2202404_21016_0_0.png
processing: 2202404_21015_0_0.png
processing: 2202314_21016_0_0.png
processing: 2202314_21015_0_0.png
processing: 2202291_21016_0_0.png
processing: 2202291_21015_0_0.png
processing: 2202258_21016_1_0.png
  SKIPPING IMAGE: tot amount of vasculature (6076.3782) < quality threshold 
processing: 2202258_21015_1_0.png
  SKIPPING IMAGE: tot amount of vasculature (6846.6501) < quality threshold 
processing: 2202063_21016_0_0.png
  SKIPPING IMAGE: tot amount of vasculature (12.9556) < quality threshold 
processing: 2202063_21015_0_0.png
  SKIPPING IMAGE: tot amount of vasculature (4940.3534) < quality threshold 
processing: 2202042_21016_0_0.png
processing: 2202042_21015_0_0.png
processing: 2202019_21016_0_0.png
processing: 2202019_21015_0_0.png
processing: 2201999_21016_0_0.png
processing: 2201999_21015_0_0.png
processing: 2201980_21016_1_0.png
  SKIPPING IMAGE: tot amount of vasculature (4231.8797) < quality threshold 
processing: 2201980_21015_1_0.png
  SKIPPING IMAGE: tot amount of vasculature (10013.8766) < quality threshold 
processing: 2201818_21016_1_0.png
processing: 2201818_21015_1_0.png
processing: 2201795_21016_0_0.png
processing: 2201795_21015_0_0.png
processing: 2201747_21016_0_0.png
  SKIPPING IMAGE: tot amount of vasculature (7005.7303) < quality threshold 
processing: 2201747_21015_0_0.png
processing: 2201698_21016_0_0.png
  SKIPPING IMAGE: tot amount of vasculature (5791.6339) < quality threshold 
processing: 2201698_21015_0_0.png
  SKIPPING IMAGE: tot amount of vasculature (9340.7709) < quality threshold 
processing: 2201686_21016_0_0.png
processing: 2201686_21015_0_0.png
processing: 2201583_21016_1_0.png
processing: 2201583_21015_1_0.png
processing: 2201576_21016_0_0.png
processing: 2201576_21015_0_0.png
processing: 2201534_21016_0_0.png
processing: 2201534_21015_0_0.png
processing: 2201358_21016_0_0.png
processing: 2201358_21015_0_0.png
processing: 2201279_21016_0_0.png
processing: 2201279_21015_0_0.png
processing: 2201257_21016_0_0.png
processing: 2201257_21015_0_0.png
processing: 2201231_21016_1_0.png
processing: 2201231_21015_1_0.png
processing: 2201107_21016_0_0.png
processing: 2201107_21015_0_0.png
processing: 2201070_21016_0_0.png
processing: 2201070_21015_0_0.png
  SKIPPING IMAGE: tot amount of vasculature (2516.482) < quality threshold 
processing: 2201041_21016_1_0.png
  SKIPPING IMAGE: tot amount of vasculature (4009.0907) < quality threshold 
processing: 2201041_21015_1_0.png
  SKIPPING IMAGE: tot amount of vasculature (10640.3533) < quality threshold 
processing: 2201029_21016_0_0.png
  SKIPPING IMAGE: tot amount of vasculature (1057.1163) < quality threshold 
processing: 2201029_21015_0_0.png
  SKIPPING IMAGE: tot amount of vasculature (3090.5206) < quality threshold 
processing: 2200900_21016_0_0.png
processing: 2200900_21015_0_0.png
processing: 2200895_21016_0_0.png
processing: 2200895_21015_0_0.png
  SKIPPING IMAGE: tot amount of vasculature (8842.2344) < quality threshold 
processing: 2200868_21016_1_0.png
  SKIPPING IMAGE: tot amount of vasculature (2372.4056) < quality threshold 
processing: 2200868_21016_0_0.png
processing: 2200868_21015_1_0.png
