------------------------------------------
Setting up environment variables
---
LD_LIBRARY_PATH is .:/software/Development/Languages/Matlab_Compiler_Runtime/96/runtime/glnxa64:/software/Development/Languages/Matlab_Compiler_Runtime/96/bin/glnxa64:/software/Development/Languages/Matlab_Compiler_Runtime/96/sys/os/glnxa64:/software/Development/Languages/Matlab_Compiler_Runtime/96/sys/opengl/lib/glnxa64
Running vessel measurements...
processing: 3987837_21016_0_0.png
processing: 3987837_21015_0_0.png
processing: 3987788_21016_0_0.png
  SKIPPING IMAGE: tot amount of vasculature (8228.0606) < quality threshold 
processing: 3987788_21015_0_0.png
  SKIPPING IMAGE: tot amount of vasculature (3020.6166) < quality threshold 
processing: 3987633_21016_0_0.png
processing: 3987633_21015_0_0.png
processing: 3987542_21016_1_0.png
processing: 3987542_21015_1_0.png
processing: 3987487_21016_1_0.png
processing: 3987487_21015_1_0.png
processing: 3987380_21016_0_0.png
processing: 3987380_21015_0_0.png
processing: 3987218_21016_0_0.png
processing: 3987218_21015_0_0.png
  SKIPPING IMAGE: tot amount of vasculature (8363.0317) < quality threshold 
processing: 3987030_21016_0_0.png
processing: 3987030_21015_0_0.png
processing: 3986966_21016_0_0.png
processing: 3986966_21015_0_0.png
processing: 3986953_21016_1_0.png
processing: 3986953_21015_1_0.png
  SKIPPING IMAGE: tot amount of vasculature (4599.2986) < quality threshold 
processing: 3986953_21015_0_0.png
  SKIPPING IMAGE: tot amount of vasculature (10252.2145) < quality threshold 
processing: 3986915_21016_0_0.png
processing: 3986915_21015_0_0.png
processing: 3986852_21016_0_0.png
processing: 3986852_21015_0_0.png
processing: 3986845_21016_1_0.png
processing: 3986845_21015_1_0.png
processing: 3986828_21016_0_0.png
  SKIPPING IMAGE: tot amount of vasculature (59.8903) < quality threshold 
processing: 3986828_21015_0_0.png
  SKIPPING IMAGE: tot amount of vasculature (140.1381) < quality threshold 
processing: 3986809_21016_0_0.png
processing: 3986809_21015_0_0.png
processing: 3986789_21016_1_0.png
processing: 3986789_21015_1_0.png
processing: 3986778_21015_0_0.png
Warning: No vessels found in 3986778_21015_0_0
> In Vessel_Data_IO.load_from_file (line 183)
  In REVIEW_evaluate_diameter_measurements (line 125)
  In ARIA_run_tests (line 209)
  SKIPPING IMAGE: No vessels found
processing: 3986761_21016_0_0.png
  SKIPPING IMAGE: tot amount of vasculature (8476.9364) < quality threshold 
processing: 3986761_21015_0_0.png
  SKIPPING IMAGE: tot amount of vasculature (2861.7463) < quality threshold 
processing: 3986687_21016_0_0.png
processing: 3986687_21015_0_0.png
processing: 3986658_21016_1_0.png
processing: 3986658_21015_1_0.png
processing: 3986495_21016_0_0.png
  SKIPPING IMAGE: tot amount of vasculature (9239.2923) < quality threshold 
processing: 3986495_21015_0_0.png
  SKIPPING IMAGE: tot amount of vasculature (9626.4084) < quality threshold 
processing: 3986447_21016_0_0.png
processing: 3986447_21015_0_0.png
processing: 3986420_21016_0_0.png
processing: 3986420_21015_0_0.png
processing: 3986351_21016_0_0.png
processing: 3986351_21015_0_0.png
processing: 3986242_21016_0_0.png
processing: 3986242_21015_0_0.png
processing: 3986238_21016_1_0.png
  SKIPPING IMAGE: tot amount of vasculature (11.7996) < quality threshold 
processing: 3986238_21015_1_0.png
  SKIPPING IMAGE: tot amount of vasculature (9.4819) < quality threshold 
processing: 3986165_21016_0_0.png
processing: 3986165_21015_0_0.png
processing: 3986157_21016_0_0.png
processing: 3986157_21015_0_0.png
processing: 3986140_21016_0_0.png
processing: 3986140_21015_0_0.png
processing: 3986114_21016_0_0.png
processing: 3986114_21015_0_0.png
processing: 3986106_21016_0_0.png
processing: 3986106_21015_0_0.png
processing: 3986013_21016_0_0.png
  SKIPPING IMAGE: tot amount of vasculature (10707.7099) < quality threshold 
processing: 3986013_21015_0_0.png
processing: 3985916_21016_0_0.png
processing: 3985916_21015_0_0.png
processing: 3985893_21016_0_0.png
processing: 3985893_21015_0_0.png
processing: 3985861_21016_0_0.png
processing: 3985861_21015_0_0.png
processing: 3985701_21016_0_0.png
processing: 3985701_21015_0_0.png
  SKIPPING IMAGE: tot amount of vasculature (3891.7296) < quality threshold 
processing: 3985652_21016_0_0.png
processing: 3985652_21015_0_0.png
processing: 3985645_21016_0_0.png
  SKIPPING IMAGE: tot amount of vasculature (9460.1425) < quality threshold 
processing: 3985645_21015_0_0.png
processing: 3985634_21016_0_0.png
  SKIPPING IMAGE: tot amount of vasculature (10059.8956) < quality threshold 
processing: 3985634_21015_0_0.png
processing: 3985598_21016_0_0.png
  SKIPPING IMAGE: tot amount of vasculature (3.2705) < quality threshold 
processing: 3985598_21015_0_0.png
  SKIPPING IMAGE: tot amount of vasculature (3783.561) < quality threshold 
processing: 3985527_21016_0_0.png
processing: 3985527_21015_0_0.png
processing: 3985496_21016_0_0.png
processing: 3985496_21015_0_0.png
processing: 3985379_21016_0_0.png
processing: 3985379_21015_0_0.png
processing: 3985287_21016_0_0.png
processing: 3985287_21015_0_0.png
processing: 3985244_21016_0_0.png
processing: 3985244_21015_0_0.png
processing: 3985194_21016_0_0.png
processing: 3985194_21015_0_0.png
  SKIPPING IMAGE: tot amount of vasculature (9554.0179) < quality threshold 
processing: 3985170_21016_0_0.png
processing: 3985170_21015_0_0.png
processing: 3985056_21016_1_0.png
  SKIPPING IMAGE: tot amount of vasculature (9172.9781) < quality threshold 
processing: 3985056_21015_1_0.png
processing: 3985042_21016_1_0.png
processing: 3985042_21016_0_0.png
processing: 3985042_21015_1_0.png
processing: 3985042_21015_0_0.png
processing: 3984985_21016_1_0.png
  SKIPPING IMAGE: tot amount of vasculature (5324.9379) < quality threshold 
processing: 3984985_21015_1_0.png
  SKIPPING IMAGE: tot amount of vasculature (9883.7087) < quality threshold 
processing: 3984939_21016_0_0.png
processing: 3984939_21015_0_0.png
processing: 3984921_21016_1_0.png
processing: 3984921_21015_1_0.png
processing: 3984872_21016_0_0.png
processing: 3984872_21015_0_0.png
processing: 3984801_21016_0_0.png
processing: 3984801_21015_0_0.png
processing: 3984693_21016_1_0.png
  SKIPPING IMAGE: tot amount of vasculature (7893.0365) < quality threshold 
processing: 3984693_21016_0_0.png
processing: 3984693_21015_1_0.png
  SKIPPING IMAGE: tot amount of vasculature (850.5185) < quality threshold 
processing: 3984693_21015_0_0.png
processing: 3984654_21016_0_0.png
processing: 3984654_21015_0_0.png
processing: 3984473_21016_0_0.png
processing: 3984473_21015_0_0.png
processing: 3984427_21016_0_0.png
processing: 3984427_21015_0_0.png
processing: 3984394_21016_0_0.png
processing: 3984394_21015_0_0.png
processing: 3984329_21016_0_0.png
processing: 3984329_21015_0_0.png
processing: 3984315_21016_1_0.png
  SKIPPING IMAGE: tot amount of vasculature (6818.0611) < quality threshold 
processing: 3984315_21015_1_0.png
