------------------------------------------
Setting up environment variables
---
LD_LIBRARY_PATH is .:/software/Development/Languages/Matlab_Compiler_Runtime/96/runtime/glnxa64:/software/Development/Languages/Matlab_Compiler_Runtime/96/bin/glnxa64:/software/Development/Languages/Matlab_Compiler_Runtime/96/sys/os/glnxa64:/software/Development/Languages/Matlab_Compiler_Runtime/96/sys/opengl/lib/glnxa64
Running vessel measurements...
processing: 3267898_21016_0_0.png
  SKIPPING IMAGE: tot amount of vasculature (7568.454) < quality threshold 
processing: 3267898_21015_0_0.png
processing: 3267631_21016_1_0.png
processing: 3267631_21015_1_0.png
processing: 3267589_21016_0_0.png
  SKIPPING IMAGE: tot amount of vasculature (10878.3655) < quality threshold 
processing: 3267589_21015_0_0.png
  SKIPPING IMAGE: tot amount of vasculature (4710.4559) < quality threshold 
processing: 3267535_21016_0_0.png
processing: 3267535_21015_0_0.png
processing: 3267383_21016_0_0.png
processing: 3267383_21015_0_0.png
processing: 3267376_21016_1_0.png
processing: 3267376_21016_0_0.png
processing: 3267376_21015_1_0.png
processing: 3267376_21015_0_0.png
processing: 3267270_21016_0_0.png
processing: 3267270_21015_0_0.png
processing: 3267253_21016_0_0.png
  SKIPPING IMAGE: tot amount of vasculature (3691.221) < quality threshold 
processing: 3267253_21015_0_0.png
processing: 3267175_21016_0_0.png
processing: 3267175_21015_0_0.png
processing: 3267144_21016_0_0.png
processing: 3267144_21015_0_0.png
processing: 3267126_21016_1_0.png
processing: 3267126_21015_1_0.png
processing: 3267110_21016_0_0.png
  SKIPPING IMAGE: tot amount of vasculature (4721.7154) < quality threshold 
processing: 3267110_21015_0_0.png
  SKIPPING IMAGE: tot amount of vasculature (4266.9314) < quality threshold 
processing: 3267084_21016_1_0.png
  SKIPPING IMAGE: tot amount of vasculature (1166.383) < quality threshold 
processing: 3267084_21015_1_0.png
  SKIPPING IMAGE: tot amount of vasculature (36.6623) < quality threshold 
processing: 3266973_21016_0_0.png
processing: 3266973_21015_0_0.png
processing: 3266949_21016_1_0.png
processing: 3266949_21016_0_0.png
processing: 3266949_21015_1_0.png
processing: 3266949_21015_0_0.png
processing: 3266863_21016_1_0.png
processing: 3266863_21015_1_0.png
  SKIPPING IMAGE: tot amount of vasculature (3492.1703) < quality threshold 
processing: 3266758_21016_1_0.png
processing: 3266758_21016_0_0.png
processing: 3266758_21015_1_0.png
processing: 3266758_21015_0_0.png
processing: 3266710_21016_0_0.png
  SKIPPING IMAGE: tot amount of vasculature (4845.0122) < quality threshold 
processing: 3266582_21016_1_0.png
processing: 3266582_21015_1_0.png
  SKIPPING IMAGE: tot amount of vasculature (10832.5273) < quality threshold 
processing: 3266553_21016_0_0.png
  SKIPPING IMAGE: tot amount of vasculature (3527.2876) < quality threshold 
processing: 3266553_21015_0_0.png
  SKIPPING IMAGE: tot amount of vasculature (10349.9989) < quality threshold 
processing: 3266529_21016_0_0.png
processing: 3266529_21015_0_0.png
processing: 3266508_21016_0_0.png
  SKIPPING IMAGE: tot amount of vasculature (7357.7653) < quality threshold 
processing: 3266508_21015_0_0.png
  SKIPPING IMAGE: tot amount of vasculature (4200.3354) < quality threshold 
processing: 3266488_21016_0_0.png
processing: 3266488_21015_0_0.png
processing: 3266479_21016_0_0.png
processing: 3266479_21015_0_0.png
processing: 3266414_21016_0_0.png
processing: 3266414_21015_0_0.png
processing: 3266368_21016_0_0.png
processing: 3266368_21015_0_0.png
processing: 3266333_21016_1_0.png
processing: 3266333_21015_1_0.png
processing: 3266254_21016_0_0.png
  SKIPPING IMAGE: tot amount of vasculature (2576.1321) < quality threshold 
processing: 3266254_21015_0_0.png
  SKIPPING IMAGE: tot amount of vasculature (8713.0465) < quality threshold 
processing: 3266196_21016_0_0.png
  SKIPPING IMAGE: tot amount of vasculature (7252.685) < quality threshold 
processing: 3266196_21015_0_0.png
  SKIPPING IMAGE: tot amount of vasculature (10121.2909) < quality threshold 
processing: 3266185_21016_0_0.png
  SKIPPING IMAGE: tot amount of vasculature (10464.0005) < quality threshold 
processing: 3266185_21015_0_0.png
  SKIPPING IMAGE: tot amount of vasculature (8471.1901) < quality threshold 
processing: 3266177_21016_0_0.png
processing: 3266177_21015_0_0.png
processing: 3266150_21016_0_0.png
processing: 3266150_21015_0_0.png
processing: 3266143_21016_0_0.png
  SKIPPING IMAGE: tot amount of vasculature (1.9846) < quality threshold 
processing: 3266143_21015_0_0.png
processing: 3266060_21016_0_0.png
processing: 3266060_21015_0_0.png
processing: 3265940_21016_0_0.png
processing: 3265940_21015_0_0.png
processing: 3265887_21016_0_0.png
processing: 3265887_21015_0_0.png
processing: 3265826_21016_1_0.png
processing: 3265826_21015_1_0.png
processing: 3265803_21016_0_0.png
processing: 3265803_21015_0_0.png
processing: 3265745_21016_0_0.png
processing: 3265745_21015_0_0.png
processing: 3265711_21016_1_0.png
  SKIPPING IMAGE: tot amount of vasculature (2498.3898) < quality threshold 
processing: 3265711_21015_1_0.png
  SKIPPING IMAGE: tot amount of vasculature (3910.1667) < quality threshold 
processing: 3265709_21016_0_0.png
processing: 3265709_21015_0_0.png
processing: 3265663_21016_0_0.png
processing: 3265663_21015_0_0.png
processing: 3265547_21016_0_0.png
processing: 3265547_21015_0_0.png
processing: 3265533_21016_0_0.png
processing: 3265533_21015_0_0.png
processing: 3265453_21016_0_0.png
processing: 3265453_21015_0_0.png
processing: 3265408_21016_0_0.png
processing: 3265408_21015_0_0.png
processing: 3265318_21016_0_0.png
processing: 3265318_21015_0_0.png
processing: 3265248_21016_0_0.png
processing: 3265248_21015_0_0.png
processing: 3265213_21016_1_0.png
processing: 3265213_21015_1_0.png
processing: 3265201_21016_0_0.png
processing: 3265127_21016_1_0.png
  SKIPPING IMAGE: tot amount of vasculature (678.2747) < quality threshold 
processing: 3265127_21015_1_0.png
  SKIPPING IMAGE: tot amount of vasculature (3313.0352) < quality threshold 
processing: 3264994_21016_1_0.png
processing: 3264994_21015_1_0.png
processing: 3264953_21016_0_0.png
processing: 3264953_21015_0_0.png
processing: 3264860_21016_1_0.png
  SKIPPING IMAGE: tot amount of vasculature (137.4945) < quality threshold 
processing: 3264860_21016_0_0.png
  SKIPPING IMAGE: tot amount of vasculature (5823.281) < quality threshold 
processing: 3264860_21015_1_0.png
  SKIPPING IMAGE: tot amount of vasculature (9113.5408) < quality threshold 
processing: 3264860_21015_0_0.png
  SKIPPING IMAGE: tot amount of vasculature (7213.4433) < quality threshold 
processing: 3264828_21016_1_0.png
  SKIPPING IMAGE: tot amount of vasculature (6971.8268) < quality threshold 
processing: 3264828_21016_0_0.png
  SKIPPING IMAGE: tot amount of vasculature (6265.2962) < quality threshold 
processing: 3264828_21015_1_0.png
  SKIPPING IMAGE: tot amount of vasculature (8661.2213) < quality threshold 
processing: 3264828_21015_0_0.png
processing: 3264778_21016_1_0.png
  SKIPPING IMAGE: No vessels found
processing: 3264778_21015_1_0.png
  SKIPPING IMAGE: tot amount of vasculature (4059.5884) < quality threshold 
processing: 3264717_21016_0_0.png
processing: 3264717_21015_0_0.png
