------------------------------------------
Setting up environment variables
---
LD_LIBRARY_PATH is .:/software/Development/Languages/Matlab_Compiler_Runtime/96/runtime/glnxa64:/software/Development/Languages/Matlab_Compiler_Runtime/96/bin/glnxa64:/software/Development/Languages/Matlab_Compiler_Runtime/96/sys/os/glnxa64:/software/Development/Languages/Matlab_Compiler_Runtime/96/sys/opengl/lib/glnxa64
Running vessel measurements...
processing: 4345052_21016_0_0.png
processing: 4345052_21015_1_0.png
processing: 4345052_21015_0_0.png
processing: 4345009_21016_0_0.png
processing: 4345009_21015_0_0.png
processing: 4344931_21016_0_0.png
  SKIPPING IMAGE: tot amount of vasculature (9303.63) < quality threshold 
processing: 4344931_21015_0_0.png
processing: 4344844_21016_0_0.png
processing: 4344844_21015_0_0.png
processing: 4344810_21016_0_0.png
  SKIPPING IMAGE: tot amount of vasculature (10715.7913) < quality threshold 
processing: 4344810_21015_0_0.png
processing: 4344797_21016_0_0.png
  SKIPPING IMAGE: tot amount of vasculature (7729.1534) < quality threshold 
processing: 4344797_21015_0_0.png
  SKIPPING IMAGE: tot amount of vasculature (7733.3717) < quality threshold 
processing: 4344709_21016_0_0.png
processing: 4344709_21015_0_0.png
processing: 4344642_21016_0_0.png
processing: 4344642_21015_0_0.png
processing: 4344559_21016_0_0.png
  SKIPPING IMAGE: tot amount of vasculature (5100.4262) < quality threshold 
processing: 4344559_21015_0_0.png
  SKIPPING IMAGE: tot amount of vasculature (10535.0632) < quality threshold 
processing: 4344437_21016_0_0.png
processing: 4344437_21015_0_0.png
  SKIPPING IMAGE: tot amount of vasculature (6885.1737) < quality threshold 
processing: 4344385_21016_0_0.png
processing: 4344385_21015_0_0.png
processing: 4344304_21016_0_0.png
processing: 4344304_21015_0_0.png
processing: 4344248_21016_0_0.png
processing: 4344248_21015_0_0.png
processing: 4344236_21016_1_0.png
  SKIPPING IMAGE: tot amount of vasculature (6639.2578) < quality threshold 
processing: 4344236_21015_1_0.png
  SKIPPING IMAGE: tot amount of vasculature (9736.5213) < quality threshold 
processing: 4344151_21016_0_0.png
processing: 4344151_21015_0_0.png
processing: 4344078_21016_0_0.png
processing: 4344078_21015_0_0.png
processing: 4343990_21016_0_0.png
processing: 4343990_21015_0_0.png
processing: 4343963_21016_0_0.png
  SKIPPING IMAGE: tot amount of vasculature (19.4131) < quality threshold 
processing: 4343963_21015_0_0.png
  SKIPPING IMAGE: tot amount of vasculature (33.4864) < quality threshold 
processing: 4343942_21016_0_0.png
processing: 4343942_21015_0_0.png
processing: 4343886_21016_0_0.png
processing: 4343886_21015_0_0.png
processing: 4343692_21016_0_0.png
  SKIPPING IMAGE: tot amount of vasculature (4315.6741) < quality threshold 
processing: 4343692_21015_0_0.png
  SKIPPING IMAGE: tot amount of vasculature (10434.2017) < quality threshold 
processing: 4343499_21016_0_0.png
processing: 4343499_21015_0_0.png
processing: 4343455_21016_0_0.png
processing: 4343455_21015_0_0.png
processing: 4343360_21016_0_0.png
processing: 4343360_21015_0_0.png
processing: 4343352_21016_0_0.png
processing: 4343352_21015_0_0.png
processing: 4343311_21016_1_0.png
  SKIPPING IMAGE: tot amount of vasculature (3855.8343) < quality threshold 
processing: 4343311_21016_0_0.png
  SKIPPING IMAGE: tot amount of vasculature (3440.832) < quality threshold 
processing: 4343311_21015_1_0.png
processing: 4343311_21015_0_0.png
  SKIPPING IMAGE: tot amount of vasculature (8954.8136) < quality threshold 
processing: 4343309_21016_0_0.png
  SKIPPING IMAGE: tot amount of vasculature (10494.6794) < quality threshold 
processing: 4343309_21015_0_0.png
processing: 4343270_21016_0_0.png
processing: 4343270_21015_0_0.png
processing: 4343229_21016_0_0.png
processing: 4343229_21015_0_0.png
processing: 4343215_21016_1_0.png
  SKIPPING IMAGE: tot amount of vasculature (8928.8904) < quality threshold 
processing: 4343215_21015_1_0.png
processing: 4343158_21016_0_0.png
  SKIPPING IMAGE: tot amount of vasculature (9610.7765) < quality threshold 
processing: 4343158_21015_0_0.png
processing: 4343132_21016_0_0.png
processing: 4343132_21015_0_0.png
processing: 4343126_21016_0_0.png
  SKIPPING IMAGE: tot amount of vasculature (5321.2762) < quality threshold 
processing: 4343126_21015_0_0.png
  SKIPPING IMAGE: tot amount of vasculature (3231.4535) < quality threshold 
processing: 4343095_21016_0_0.png
processing: 4343095_21015_0_0.png
processing: 4343084_21016_0_0.png
processing: 4343084_21015_0_0.png
processing: 4342994_21016_0_0.png
processing: 4342994_21015_0_0.png
processing: 4342937_21016_0_0.png
  SKIPPING IMAGE: tot amount of vasculature (983.6288) < quality threshold 
processing: 4342937_21015_0_0.png
processing: 4342929_21016_0_0.png
processing: 4342929_21015_0_0.png
processing: 4342883_21016_1_0.png
  SKIPPING IMAGE: tot amount of vasculature (9918.6391) < quality threshold 
processing: 4342883_21015_1_0.png
  SKIPPING IMAGE: tot amount of vasculature (10412.4695) < quality threshold 
processing: 4342809_21016_0_0.png
  SKIPPING IMAGE: tot amount of vasculature (8923.3987) < quality threshold 
processing: 4342809_21015_0_0.png
processing: 4342735_21016_0_0.png
processing: 4342735_21015_0_0.png
processing: 4342700_21016_0_0.png
processing: 4342700_21015_0_0.png
processing: 4342691_21016_0_0.png
processing: 4342691_21015_0_0.png
processing: 4342687_21016_0_0.png
processing: 4342687_21015_0_0.png
processing: 4342669_21016_0_0.png
processing: 4342669_21015_0_0.png
processing: 4342610_21016_0_0.png
  SKIPPING IMAGE: tot amount of vasculature (10659.2203) < quality threshold 
processing: 4342610_21015_0_0.png
  SKIPPING IMAGE: tot amount of vasculature (6382.7638) < quality threshold 
processing: 4342562_21016_0_0.png
processing: 4342562_21015_0_0.png
processing: 4342521_21016_0_0.png
processing: 4342521_21015_0_0.png
processing: 4342495_21016_0_0.png
processing: 4342495_21015_0_0.png
processing: 4342484_21016_0_0.png
processing: 4342484_21015_0_0.png
processing: 4342471_21016_0_0.png
processing: 4342471_21015_0_0.png
processing: 4342373_21016_0_0.png
processing: 4342373_21015_0_0.png
processing: 4342312_21016_1_0.png
processing: 4342312_21015_1_0.png
  SKIPPING IMAGE: tot amount of vasculature (1890.1776) < quality threshold 
processing: 4342274_21016_0_0.png
processing: 4342274_21015_0_0.png
processing: 4342165_21015_0_0.png
processing: 4342131_21016_0_0.png
processing: 4342131_21015_0_0.png
