------------------------------------------
Setting up environment variables
---
LD_LIBRARY_PATH is .:/software/Development/Languages/Matlab_Compiler_Runtime/96/runtime/glnxa64:/software/Development/Languages/Matlab_Compiler_Runtime/96/bin/glnxa64:/software/Development/Languages/Matlab_Compiler_Runtime/96/sys/os/glnxa64:/software/Development/Languages/Matlab_Compiler_Runtime/96/sys/opengl/lib/glnxa64
Running vessel measurements...
processing: 4549411_21015_0_0.png
processing: 4549381_21016_0_0.png
processing: 4549381_21015_0_0.png
processing: 4549298_21016_0_0.png
  SKIPPING IMAGE: tot amount of vasculature (5911.8395) < quality threshold 
processing: 4549298_21015_0_0.png
  SKIPPING IMAGE: tot amount of vasculature (2435.3714) < quality threshold 
processing: 4549205_21016_0_0.png
  SKIPPING IMAGE: tot amount of vasculature (9859.5098) < quality threshold 
processing: 4549205_21015_0_0.png
processing: 4549148_21016_0_0.png
processing: 4549148_21015_0_0.png
processing: 4549031_21016_0_0.png
  SKIPPING IMAGE: tot amount of vasculature (10950.8604) < quality threshold 
processing: 4549031_21015_0_0.png
  SKIPPING IMAGE: tot amount of vasculature (5067.6451) < quality threshold 
processing: 4549014_21016_0_0.png
processing: 4549014_21015_0_0.png
processing: 4548949_21016_0_0.png
processing: 4548949_21015_0_0.png
processing: 4548890_21016_0_0.png
processing: 4548890_21015_0_0.png
processing: 4548842_21016_1_0.png
processing: 4548842_21015_1_0.png
  SKIPPING IMAGE: tot amount of vasculature (8442.465) < quality threshold 
processing: 4548838_21016_0_0.png
  SKIPPING IMAGE: tot amount of vasculature (3596.625) < quality threshold 
processing: 4548838_21015_0_0.png
  SKIPPING IMAGE: tot amount of vasculature (6265.0174) < quality threshold 
processing: 4548775_21016_0_0.png
  SKIPPING IMAGE: tot amount of vasculature (6714.3604) < quality threshold 
processing: 4548775_21015_0_0.png
  SKIPPING IMAGE: tot amount of vasculature (4973.2921) < quality threshold 
processing: 4548744_21016_1_0.png
processing: 4548744_21015_1_0.png
processing: 4548710_21016_0_0.png
processing: 4548710_21015_0_0.png
processing: 4548582_21016_1_0.png
processing: 4548582_21015_1_0.png
  SKIPPING IMAGE: tot amount of vasculature (7355.0387) < quality threshold 
processing: 4548440_21016_0_0.png
  SKIPPING IMAGE: tot amount of vasculature (326.0877) < quality threshold 
processing: 4548440_21015_0_0.png
processing: 4548320_21016_1_0.png
  SKIPPING IMAGE: tot amount of vasculature (91.351) < quality threshold 
processing: 4548320_21015_1_0.png
  SKIPPING IMAGE: tot amount of vasculature (3.8623) < quality threshold 
processing: 4548293_21016_0_0.png
processing: 4548293_21015_0_0.png
processing: 4548246_21016_0_0.png
processing: 4548246_21015_0_1.png
processing: 4548246_21015_0_0.png
processing: 4548185_21016_0_0.png
processing: 4548185_21015_0_0.png
processing: 4548139_21016_0_0.png
  SKIPPING IMAGE: tot amount of vasculature (8964.0392) < quality threshold 
processing: 4548139_21015_0_0.png
processing: 4548097_21016_0_0.png
processing: 4548097_21015_0_0.png
processing: 4548052_21016_0_0.png
processing: 4548052_21015_0_0.png
  SKIPPING IMAGE: tot amount of vasculature (5227.4567) < quality threshold 
processing: 4548045_21016_1_0.png
processing: 4548045_21015_1_0.png
processing: 4547987_21016_0_0.png
processing: 4547987_21015_0_0.png
processing: 4547910_21016_0_0.png
  SKIPPING IMAGE: tot amount of vasculature (8769.7327) < quality threshold 
processing: 4547910_21015_0_0.png
  SKIPPING IMAGE: tot amount of vasculature (6186.7369) < quality threshold 
processing: 4547888_21016_1_0.png
processing: 4547888_21015_1_0.png
processing: 4547806_21016_0_0.png
  SKIPPING IMAGE: tot amount of vasculature (25.7611) < quality threshold 
processing: 4547806_21015_0_0.png
  SKIPPING IMAGE: tot amount of vasculature (421.748) < quality threshold 
processing: 4547798_21016_1_0.png
processing: 4547798_21015_1_0.png
processing: 4547764_21016_0_0.png
processing: 4547764_21015_0_0.png
processing: 4547629_21016_0_0.png
processing: 4547629_21015_0_0.png
processing: 4547615_21016_1_0.png
  SKIPPING IMAGE: tot amount of vasculature (6165.9384) < quality threshold 
processing: 4547615_21015_1_0.png
  SKIPPING IMAGE: tot amount of vasculature (3606.2721) < quality threshold 
processing: 4547524_21016_0_0.png
  SKIPPING IMAGE: tot amount of vasculature (7511.5171) < quality threshold 
processing: 4547524_21015_0_0.png
  SKIPPING IMAGE: tot amount of vasculature (4927.3294) < quality threshold 
processing: 4547490_21016_1_0.png
  SKIPPING IMAGE: tot amount of vasculature (2737.5511) < quality threshold 
processing: 4547490_21015_1_0.png
  SKIPPING IMAGE: tot amount of vasculature (5785.5933) < quality threshold 
processing: 4547474_21016_0_0.png
  SKIPPING IMAGE: tot amount of vasculature (3351.2865) < quality threshold 
processing: 4547474_21015_0_1.png
  SKIPPING IMAGE: tot amount of vasculature (2199.3643) < quality threshold 
processing: 4547474_21015_0_0.png
  SKIPPING IMAGE: tot amount of vasculature (1116.6491) < quality threshold 
processing: 4547407_21016_0_0.png
processing: 4547407_21015_0_0.png
processing: 4547378_21016_0_0.png
  SKIPPING IMAGE: tot amount of vasculature (2863.4728) < quality threshold 
processing: 4547378_21015_0_0.png
  SKIPPING IMAGE: tot amount of vasculature (4946.9229) < quality threshold 
processing: 4547322_21016_0_0.png
processing: 4547322_21015_0_0.png
processing: 4547295_21016_0_1.png
processing: 4547295_21016_0_0.png
processing: 4547295_21015_0_0.png
processing: 4547284_21016_0_0.png
processing: 4547284_21015_0_0.png
  SKIPPING IMAGE: tot amount of vasculature (5650.6038) < quality threshold 
processing: 4547259_21016_0_0.png
processing: 4547259_21015_0_0.png
processing: 4547233_21016_0_0.png
  SKIPPING IMAGE: tot amount of vasculature (10289.1081) < quality threshold 
processing: 4547233_21015_0_0.png
processing: 4547220_21016_0_0.png
processing: 4547220_21015_0_0.png
processing: 4547176_21016_0_0.png
processing: 4547176_21015_0_0.png
processing: 4547160_21016_1_0.png
  SKIPPING IMAGE: tot amount of vasculature (1761.7218) < quality threshold 
processing: 4547160_21015_1_0.png
  SKIPPING IMAGE: tot amount of vasculature (1918.3587) < quality threshold 
processing: 4547134_21016_0_0.png
processing: 4547134_21015_0_0.png
processing: 4546957_21016_0_0.png
  SKIPPING IMAGE: tot amount of vasculature (136.2245) < quality threshold 
processing: 4546957_21015_0_0.png
processing: 4546940_21016_0_0.png
processing: 4546940_21015_0_0.png
processing: 4546906_21016_0_0.png
processing: 4546906_21015_0_0.png
processing: 4546858_21016_0_0.png
processing: 4546858_21015_0_0.png
processing: 4546826_21016_0_0.png
processing: 4546826_21015_0_0.png
processing: 4546752_21016_0_0.png
processing: 4546752_21015_0_0.png
processing: 4546663_21016_0_0.png
processing: 4546663_21015_0_0.png
processing: 4546656_21016_1_0.png
processing: 4546656_21015_1_0.png
processing: 4546638_21016_0_0.png
processing: 4546638_21015_0_0.png
processing: 4546625_21016_0_0.png
processing: 4546625_21015_0_0.png
processing: 4546584_21016_0_0.png
  SKIPPING IMAGE: tot amount of vasculature (6766.2693) < quality threshold 
processing: 4546584_21015_0_0.png
  SKIPPING IMAGE: tot amount of vasculature (8826.9145) < quality threshold 
processing: 4546571_21016_0_0.png
processing: 4546571_21015_0_0.png
  SKIPPING IMAGE: tot amount of vasculature (8589.1785) < quality threshold 
processing: 4546547_21016_0_0.png
processing: 4546547_21015_0_0.png
processing: 4546437_21016_0_0.png
processing: 4546437_21015_0_0.png
processing: 4546415_21016_0_0.png
processing: 4546415_21015_0_0.png
processing: 4546408_21016_0_0.png
processing: 4546408_21015_0_0.png
processing: 4546350_21015_1_0.png
  SKIPPING IMAGE: tot amount of vasculature (4428.4811) < quality threshold 
processing: 4546267_21016_0_0.png
processing: 4546267_21015_0_0.png
  SKIPPING IMAGE: tot amount of vasculature (10691.8065) < quality threshold 
processing: 4546255_21016_0_0.png
processing: 4546255_21015_0_0.png
processing: 4546248_21016_0_0.png
processing: 4546248_21015_0_0.png
processing: 4546224_21016_0_0.png
processing: 4546224_21015_0_0.png
processing: 4546198_21016_1_0.png
processing: 4546198_21015_1_0.png
processing: 4546093_21016_1_0.png
processing: 4546093_21016_0_0.png
processing: 4546093_21015_0_0.png
processing: 4546017_21016_0_0.png
processing: 4546017_21015_0_0.png
processing: 4545982_21016_0_0.png
processing: 4545982_21015_0_0.png
processing: 4545941_21016_1_0.png
processing: 4545941_21015_1_0.png
processing: 4545883_21016_0_0.png
processing: 4545883_21015_0_0.png
processing: 4545789_21016_1_0.png
  SKIPPING IMAGE: tot amount of vasculature (238.3568) < quality threshold 
processing: 4545789_21015_1_0.png
  SKIPPING IMAGE: tot amount of vasculature (3161.6271) < quality threshold 
processing: 4545610_21016_0_0.png
processing: 4545610_21015_0_0.png
processing: 4545518_21016_1_0.png
processing: 4545518_21015_1_0.png
processing: 4545468_21016_0_0.png
processing: 4545468_21015_0_0.png
processing: 4545447_21016_0_0.png
processing: 4545447_21015_0_0.png
processing: 4545433_21016_0_0.png
processing: 4545433_21015_0_0.png
processing: 4545402_21016_1_0.png
processing: 4545402_21015_1_0.png
processing: 4545281_21016_0_0.png
processing: 4545281_21015_0_0.png
processing: 4545274_21016_0_0.png
processing: 4545274_21015_0_0.png
processing: 4545225_21016_0_0.png
processing: 4545225_21015_0_0.png
processing: 4545179_21016_0_0.png
processing: 4545179_21015_0_0.png
processing: 4545157_21016_0_0.png
processing: 4545157_21015_0_0.png
processing: 4545114_21016_1_0.png
  SKIPPING IMAGE: tot amount of vasculature (5059.6255) < quality threshold 
processing: 4545114_21015_1_0.png
  SKIPPING IMAGE: tot amount of vasculature (7108.0076) < quality threshold 
processing: 4544984_21016_0_0.png
processing: 4544984_21015_0_0.png
processing: 4544947_21016_0_0.png
processing: 4544947_21015_0_0.png
processing: 4544861_21016_0_0.png
processing: 4544861_21015_0_0.png
processing: 4544854_21016_1_0.png
processing: 4544854_21015_1_0.png
processing: 4544748_21016_0_0.png
  SKIPPING IMAGE: tot amount of vasculature (945.4693) < quality threshold 
processing: 4544748_21015_0_0.png
processing: 4544713_21016_0_0.png
  SKIPPING IMAGE: tot amount of vasculature (4777.1796) < quality threshold 
processing: 4544713_21015_0_0.png
  SKIPPING IMAGE: tot amount of vasculature (4313.0631) < quality threshold 
processing: 4544701_21016_0_0.png
processing: 4544701_21015_0_0.png
processing: 4544634_21016_1_0.png
  SKIPPING IMAGE: tot amount of vasculature (2170.9103) < quality threshold 
processing: 4544634_21015_1_0.png
  SKIPPING IMAGE: tot amount of vasculature (8887.4888) < quality threshold 
processing: 4544598_21016_0_0.png
processing: 4544598_21015_0_0.png
processing: 4544549_21016_0_0.png
processing: 4544549_21015_0_0.png
processing: 4544291_21016_0_0.png
processing: 4544291_21015_0_0.png
processing: 4544232_21016_0_0.png
  SKIPPING IMAGE: tot amount of vasculature (9759.4729) < quality threshold 
processing: 4544232_21015_0_0.png
  SKIPPING IMAGE: tot amount of vasculature (527.68) < quality threshold 
processing: 4544226_21016_0_0.png
processing: 4544226_21015_0_0.png
processing: 4544203_21016_0_0.png
  SKIPPING IMAGE: tot amount of vasculature (6120.5747) < quality threshold 
processing: 4544203_21015_0_0.png
  SKIPPING IMAGE: tot amount of vasculature (1811.7448) < quality threshold 
processing: 4544115_21016_0_0.png
  SKIPPING IMAGE: tot amount of vasculature (8488.3246) < quality threshold 
processing: 4544115_21015_0_0.png
  SKIPPING IMAGE: tot amount of vasculature (993.5792) < quality threshold 
processing: 4544074_21016_0_0.png
processing: 4544074_21015_0_0.png
processing: 4544042_21016_0_0.png
  SKIPPING IMAGE: tot amount of vasculature (6855.4981) < quality threshold 
processing: 4544042_21015_0_0.png
  SKIPPING IMAGE: tot amount of vasculature (9769.5943) < quality threshold 
processing: 4544025_21016_0_0.png
  SKIPPING IMAGE: tot amount of vasculature (4464.0556) < quality threshold 
processing: 4544025_21015_0_0.png
  SKIPPING IMAGE: tot amount of vasculature (9635.0268) < quality threshold 
processing: 4543952_21016_0_0.png
processing: 4543952_21015_0_0.png
  SKIPPING IMAGE: tot amount of vasculature (9146.7379) < quality threshold 
processing: 4543945_21016_1_0.png
processing: 4543945_21015_1_0.png
processing: 4543909_21016_0_0.png
processing: 4543909_21015_0_0.png
  SKIPPING IMAGE: tot amount of vasculature (10137.3861) < quality threshold 
processing: 4543866_21016_0_0.png
processing: 4543866_21015_0_0.png
processing: 4543829_21016_0_0.png
processing: 4543829_21015_0_0.png
processing: 4543815_21016_0_0.png
processing: 4543815_21015_0_0.png
processing: 4543765_21016_1_0.png
processing: 4543765_21015_1_0.png
processing: 4543757_21016_0_0.png
processing: 4543757_21015_0_0.png
processing: 4543581_21016_1_0.png
  SKIPPING IMAGE: tot amount of vasculature (10904.8547) < quality threshold 
processing: 4543581_21015_1_0.png
processing: 4543507_21016_0_0.png
processing: 4543507_21015_0_0.png
processing: 4543469_21016_1_0.png
  SKIPPING IMAGE: tot amount of vasculature (3339.7) < quality threshold 
processing: 4543469_21015_1_0.png
  SKIPPING IMAGE: tot amount of vasculature (891.7881) < quality threshold 
processing: 4543432_21016_0_0.png
processing: 4543432_21015_0_0.png
processing: 4543367_21016_0_0.png
processing: 4543367_21015_0_0.png
processing: 4543355_21016_1_0.png
  SKIPPING IMAGE: tot amount of vasculature (8271.3465) < quality threshold 
processing: 4543355_21015_1_0.png
processing: 4543243_21016_1_0.png
processing: 4543243_21015_1_0.png
processing: 4543100_21016_0_0.png
processing: 4543100_21015_0_0.png
processing: 4542962_21016_0_0.png
processing: 4542962_21015_0_0.png
processing: 4542943_21016_1_0.png
processing: 4542943_21016_0_0.png
processing: 4542943_21015_1_0.png
processing: 4542943_21015_0_0.png
processing: 4542867_21016_1_0.png
  SKIPPING IMAGE: tot amount of vasculature (5533.0918) < quality threshold 
processing: 4542867_21015_1_0.png
  SKIPPING IMAGE: tot amount of vasculature (7482.0531) < quality threshold 
processing: 4542855_21016_0_0.png
processing: 4542855_21015_0_0.png
processing: 4542801_21016_0_0.png
processing: 4542801_21015_0_0.png
  SKIPPING IMAGE: tot amount of vasculature (9178.7304) < quality threshold 
processing: 4542774_21016_0_0.png
processing: 4542774_21015_0_0.png
processing: 4542693_21016_0_0.png
  SKIPPING IMAGE: tot amount of vasculature (2161.6573) < quality threshold 
processing: 4542693_21015_0_0.png
  SKIPPING IMAGE: tot amount of vasculature (5596.5419) < quality threshold 
processing: 4542635_21016_1_0.png
processing: 4542635_21015_1_0.png
  SKIPPING IMAGE: tot amount of vasculature (7184.2108) < quality threshold 
processing: 4542592_21016_1_0.png
processing: 4542592_21015_1_0.png
processing: 4542523_21016_0_0.png
processing: 4542523_21015_0_0.png
processing: 4542473_21016_0_0.png
processing: 4542473_21015_0_0.png
processing: 4542451_21016_0_0.png
processing: 4542451_21015_0_0.png
processing: 4542382_21016_0_0.png
  SKIPPING IMAGE: tot amount of vasculature (1210.7704) < quality threshold 
processing: 4542382_21015_0_0.png
  SKIPPING IMAGE: tot amount of vasculature (1967.5723) < quality threshold 
processing: 4542308_21016_0_0.png
  SKIPPING IMAGE: tot amount of vasculature (2493.5684) < quality threshold 
processing: 4542308_21015_0_0.png
  SKIPPING IMAGE: tot amount of vasculature (1371.2566) < quality threshold 
processing: 4542228_21016_1_0.png
processing: 4542228_21015_1_0.png
  SKIPPING IMAGE: tot amount of vasculature (10844.0339) < quality threshold 
processing: 4542211_21016_0_0.png
processing: 4542211_21015_0_0.png
processing: 4542171_21016_1_0.png
processing: 4542171_21015_1_0.png
processing: 4542102_21016_0_0.png
processing: 4542102_21015_0_0.png
processing: 4541898_21016_1_0.png
processing: 4541898_21015_1_0.png
processing: 4541812_21016_0_0.png
processing: 4541812_21015_0_0.png
processing: 4541718_21016_0_0.png
processing: 4541718_21015_0_0.png
  SKIPPING IMAGE: tot amount of vasculature (7447.0505) < quality threshold 
processing: 4541593_21016_0_0.png
  SKIPPING IMAGE: tot amount of vasculature (4019.0153) < quality threshold 
processing: 4541593_21015_0_0.png
  SKIPPING IMAGE: tot amount of vasculature (3367.865) < quality threshold 
processing: 4541472_21016_0_0.png
processing: 4541472_21015_0_0.png
processing: 4541455_21016_1_0.png
processing: 4541455_21016_0_0.png
processing: 4541455_21015_1_0.png
processing: 4541455_21015_0_0.png
processing: 4541436_21016_0_0.png
processing: 4541436_21015_0_0.png
  SKIPPING IMAGE: tot amount of vasculature (8.7302) < quality threshold 
processing: 4541376_21016_0_0.png
processing: 4541376_21015_0_0.png
processing: 4541360_21016_0_0.png
processing: 4541360_21015_0_0.png
FINISHED: .mat files have been written to: /data/FAC/FBM/DBC/sbergman/retina/UKBiob/fundus/REVIEW//CLRIS/
execution time: 2138 sec
