------------------------------------------
Setting up environment variables
---
LD_LIBRARY_PATH is .:/software/Development/Languages/Matlab_Compiler_Runtime/96/runtime/glnxa64:/software/Development/Languages/Matlab_Compiler_Runtime/96/bin/glnxa64:/software/Development/Languages/Matlab_Compiler_Runtime/96/sys/os/glnxa64:/software/Development/Languages/Matlab_Compiler_Runtime/96/sys/opengl/lib/glnxa64
Running vessel measurements...
processing: 1756307_21016_0_0.png
  SKIPPING IMAGE: tot amount of vasculature (8052.0424) < quality threshold 
processing: 1756307_21015_0_0.png
processing: 1756298_21016_0_0.png
processing: 1756298_21015_0_0.png
  SKIPPING IMAGE: tot amount of vasculature (10886.3695) < quality threshold 
processing: 1756227_21016_0_0.png
processing: 1756227_21015_0_0.png
processing: 1756057_21016_0_0.png
  SKIPPING IMAGE: tot amount of vasculature (1655.9302) < quality threshold 
processing: 1756057_21015_0_0.png
processing: 1756023_21016_1_0.png
  SKIPPING IMAGE: tot amount of vasculature (10478.1647) < quality threshold 
processing: 1756023_21015_1_0.png
  SKIPPING IMAGE: tot amount of vasculature (5519.6187) < quality threshold 
processing: 1755976_21016_0_0.png
processing: 1755976_21015_0_0.png
processing: 1755894_21016_0_0.png
processing: 1755894_21015_0_0.png
  SKIPPING IMAGE: tot amount of vasculature (9961.4551) < quality threshold 
processing: 1755841_21016_0_0.png
processing: 1755841_21015_0_0.png
processing: 1755829_21016_1_0.png
  SKIPPING IMAGE: tot amount of vasculature (5855.9012) < quality threshold 
processing: 1755829_21015_1_0.png
processing: 1755792_21016_0_0.png
  SKIPPING IMAGE: tot amount of vasculature (2007.95) < quality threshold 
processing: 1755792_21015_0_0.png
  SKIPPING IMAGE: tot amount of vasculature (8228.4405) < quality threshold 
processing: 1755779_21016_0_0.png
processing: 1755779_21015_0_0.png
  SKIPPING IMAGE: tot amount of vasculature (6770.103) < quality threshold 
processing: 1755757_21016_0_0.png
processing: 1755757_21015_0_0.png
processing: 1755740_21016_0_0.png
  SKIPPING IMAGE: tot amount of vasculature (4971.133) < quality threshold 
processing: 1755740_21015_0_0.png
  SKIPPING IMAGE: tot amount of vasculature (3524.9278) < quality threshold 
processing: 1755706_21015_0_0.png
processing: 1755620_21016_0_0.png
processing: 1755620_21015_0_1.png
  SKIPPING IMAGE: tot amount of vasculature (5979.0381) < quality threshold 
processing: 1755620_21015_0_0.png
  SKIPPING IMAGE: tot amount of vasculature (10222.1251) < quality threshold 
processing: 1755602_21016_0_0.png
processing: 1755602_21015_0_0.png
  SKIPPING IMAGE: tot amount of vasculature (4541.8415) < quality threshold 
processing: 1755581_21016_0_0.png
processing: 1755581_21015_0_0.png
processing: 1755507_21016_0_0.png
  SKIPPING IMAGE: tot amount of vasculature (677.8898) < quality threshold 
processing: 1755507_21015_0_0.png
  SKIPPING IMAGE: tot amount of vasculature (1548.2145) < quality threshold 
processing: 1755432_21016_0_0.png
  SKIPPING IMAGE: tot amount of vasculature (10186.778) < quality threshold 
processing: 1755432_21015_0_0.png
  SKIPPING IMAGE: tot amount of vasculature (7204.6907) < quality threshold 
processing: 1755324_21016_0_0.png
  SKIPPING IMAGE: tot amount of vasculature (8861.0444) < quality threshold 
processing: 1755324_21015_0_0.png
  SKIPPING IMAGE: tot amount of vasculature (2416.6551) < quality threshold 
processing: 1755243_21016_1_0.png
  SKIPPING IMAGE: tot amount of vasculature (5221.9778) < quality threshold 
processing: 1755243_21015_1_0.png
  SKIPPING IMAGE: tot amount of vasculature (10582.1153) < quality threshold 
processing: 1755221_21016_0_0.png
processing: 1755221_21015_0_0.png
processing: 1755204_21016_0_0.png
  SKIPPING IMAGE: tot amount of vasculature (3322.4598) < quality threshold 
processing: 1755204_21015_0_0.png
processing: 1755146_21016_0_0.png
  SKIPPING IMAGE: tot amount of vasculature (2242.8405) < quality threshold 
processing: 1755146_21015_0_0.png
  SKIPPING IMAGE: tot amount of vasculature (3955.1692) < quality threshold 
processing: 1755117_21015_0_0.png
processing: 1755051_21016_0_0.png
processing: 1755051_21015_0_0.png
processing: 1754991_21016_0_0.png
processing: 1754991_21015_0_0.png
processing: 1754932_21016_0_0.png
  SKIPPING IMAGE: tot amount of vasculature (10000.0529) < quality threshold 
processing: 1754806_21016_1_0.png
processing: 1754806_21015_1_0.png
processing: 1754764_21016_0_0.png
processing: 1754764_21015_0_0.png
processing: 1754637_21016_0_0.png
processing: 1754637_21015_0_0.png
processing: 1754580_21016_0_0.png
processing: 1754580_21015_0_0.png
  SKIPPING IMAGE: tot amount of vasculature (10345.9053) < quality threshold 
processing: 1754481_21016_1_0.png
  SKIPPING IMAGE: tot amount of vasculature (2530.7753) < quality threshold 
processing: 1754481_21016_0_0.png
processing: 1754481_21015_1_0.png
  SKIPPING IMAGE: tot amount of vasculature (9982.7203) < quality threshold 
processing: 1754481_21015_0_0.png
  SKIPPING IMAGE: tot amount of vasculature (10768.0501) < quality threshold 
processing: 1754474_21016_1_0.png
processing: 1754474_21015_1_0.png
processing: 1754463_21016_0_0.png
processing: 1754463_21015_0_0.png
processing: 1754389_21016_0_0.png
  SKIPPING IMAGE: tot amount of vasculature (10359.9017) < quality threshold 
processing: 1754389_21015_0_0.png
processing: 1754361_21016_0_0.png
processing: 1754361_21015_0_0.png
processing: 1754284_21016_0_0.png
processing: 1754284_21015_0_0.png
processing: 1754271_21016_1_0.png
processing: 1754271_21015_1_0.png
processing: 1754160_21016_0_0.png
processing: 1754160_21015_0_0.png
processing: 1754077_21016_1_0.png
  SKIPPING IMAGE: tot amount of vasculature (581.3844) < quality threshold 
processing: 1754077_21015_1_0.png
  SKIPPING IMAGE: tot amount of vasculature (7687.9263) < quality threshold 
processing: 1754043_21016_1_0.png
processing: 1754043_21015_1_0.png
processing: 1753929_21016_0_0.png
processing: 1753929_21015_0_0.png
processing: 1753915_21016_0_0.png
processing: 1753915_21015_0_0.png
processing: 1753845_21016_0_0.png
  SKIPPING IMAGE: No vessels found
processing: 1753845_21015_0_0.png
  SKIPPING IMAGE: No vessels found
processing: 1753828_21016_1_0.png
processing: 1753828_21015_1_0.png
processing: 1753778_21016_0_0.png
  SKIPPING IMAGE: tot amount of vasculature (9308.4779) < quality threshold 
processing: 1753778_21015_0_0.png
  SKIPPING IMAGE: tot amount of vasculature (2853.3953) < quality threshold 
processing: 1753761_21016_0_0.png
processing: 1753761_21015_0_0.png
  SKIPPING IMAGE: tot amount of vasculature (10249.3508) < quality threshold 
processing: 1753691_21016_1_0.png
processing: 1753691_21015_1_0.png
processing: 1753658_21016_1_0.png
  SKIPPING IMAGE: tot amount of vasculature (8634.6586) < quality threshold 
processing: 1753658_21015_1_0.png
  SKIPPING IMAGE: tot amount of vasculature (3580.0382) < quality threshold 
processing: 1753577_21016_0_0.png
  SKIPPING IMAGE: tot amount of vasculature (5607.4017) < quality threshold 
processing: 1753543_21016_0_0.png
processing: 1753543_21015_0_0.png
processing: 1753539_21016_0_0.png
processing: 1753539_21015_0_0.png
processing: 1753521_21016_0_1.png
processing: 1753521_21016_0_0.png
processing: 1753521_21015_0_0.png
processing: 1753373_21016_0_0.png
processing: 1753373_21015_0_0.png
processing: 1753351_21016_0_0.png
processing: 1753351_21015_0_0.png
processing: 1753349_21016_0_0.png
  SKIPPING IMAGE: tot amount of vasculature (124.6278) < quality threshold 
processing: 1753349_21015_0_0.png
  SKIPPING IMAGE: tot amount of vasculature (2885.7624) < quality threshold 
processing: 1753327_21016_0_0.png
processing: 1753327_21015_0_0.png
processing: 1753274_21016_1_0.png
processing: 1753274_21015_1_0.png
processing: 1753207_21016_0_0.png
processing: 1753207_21015_0_0.png
processing: 1753192_21016_0_0.png
  SKIPPING IMAGE: tot amount of vasculature (4674.0888) < quality threshold 
processing: 1753192_21015_0_0.png
processing: 1753140_21016_0_0.png
  SKIPPING IMAGE: tot amount of vasculature (1553.5367) < quality threshold 
processing: 1753140_21015_0_0.png
  SKIPPING IMAGE: tot amount of vasculature (1615.753) < quality threshold 
processing: 1753106_21016_0_0.png
  SKIPPING IMAGE: tot amount of vasculature (5978.8931) < quality threshold 
processing: 1753106_21015_0_0.png
  SKIPPING IMAGE: tot amount of vasculature (8027.7383) < quality threshold 
processing: 1753067_21016_0_0.png
processing: 1753067_21015_0_0.png
  SKIPPING IMAGE: tot amount of vasculature (7159.3719) < quality threshold 
processing: 1752981_21016_0_0.png
processing: 1752981_21015_0_0.png
  SKIPPING IMAGE: tot amount of vasculature (10452.0403) < quality threshold 
processing: 1752963_21016_0_0.png
processing: 1752963_21015_0_0.png
processing: 1752925_21016_0_0.png
processing: 1752925_21015_0_0.png
processing: 1752796_21016_0_0.png
  SKIPPING IMAGE: tot amount of vasculature (5644.384) < quality threshold 
processing: 1752796_21015_0_0.png
  SKIPPING IMAGE: tot amount of vasculature (2840.7779) < quality threshold 
processing: 1752657_21016_1_0.png
  SKIPPING IMAGE: tot amount of vasculature (8555.1231) < quality threshold 
processing: 1752657_21015_1_0.png
processing: 1752623_21016_0_0.png
  SKIPPING IMAGE: tot amount of vasculature (8750.7162) < quality threshold 
processing: 1752623_21015_0_0.png
  SKIPPING IMAGE: tot amount of vasculature (9165.1357) < quality threshold 
processing: 1752606_21016_0_0.png
processing: 1752606_21015_0_0.png
processing: 1752561_21016_1_0.png
processing: 1752561_21015_1_0.png
processing: 1752546_21016_1_0.png
processing: 1752546_21015_1_0.png
processing: 1752500_21016_1_0.png
processing: 1752500_21016_0_0.png
processing: 1752500_21015_1_0.png
  SKIPPING IMAGE: tot amount of vasculature (6136.3895) < quality threshold 
processing: 1752500_21015_0_0.png
processing: 1752499_21016_1_0.png
  SKIPPING IMAGE: tot amount of vasculature (3152.3087) < quality threshold 
processing: 1752499_21016_0_0.png
  SKIPPING IMAGE: tot amount of vasculature (2942.2244) < quality threshold 
processing: 1752499_21015_1_0.png
  SKIPPING IMAGE: tot amount of vasculature (2441.9672) < quality threshold 
processing: 1752499_21015_0_0.png
  SKIPPING IMAGE: tot amount of vasculature (8236.6364) < quality threshold 
processing: 1752397_21016_0_0.png
  SKIPPING IMAGE: tot amount of vasculature (4927.2053) < quality threshold 
processing: 1752397_21015_0_0.png
  SKIPPING IMAGE: tot amount of vasculature (2748.1299) < quality threshold 
processing: 1752376_21016_0_0.png
  SKIPPING IMAGE: tot amount of vasculature (9986.5636) < quality threshold 
processing: 1752376_21015_0_0.png
processing: 1752360_21016_0_0.png
processing: 1752360_21015_0_0.png
  SKIPPING IMAGE: tot amount of vasculature (10912.7367) < quality threshold 
processing: 1752253_21016_0_0.png
  SKIPPING IMAGE: tot amount of vasculature (2725.2425) < quality threshold 
processing: 1752253_21015_0_0.png
  SKIPPING IMAGE: tot amount of vasculature (4015.8805) < quality threshold 
processing: 1752229_21016_0_0.png
processing: 1752229_21015_0_0.png
processing: 1752208_21016_1_0.png
processing: 1752208_21015_1_0.png
processing: 1752169_21016_0_0.png
processing: 1752169_21015_0_0.png
processing: 1752059_21016_0_0.png
  SKIPPING IMAGE: tot amount of vasculature (1993.6205) < quality threshold 
processing: 1752059_21015_0_0.png
  SKIPPING IMAGE: tot amount of vasculature (2299.915) < quality threshold 
processing: 1752047_21016_0_0.png
processing: 1752047_21015_0_0.png
processing: 1751962_21016_0_0.png
processing: 1751962_21015_0_0.png
processing: 1751939_21016_1_0.png
processing: 1751939_21015_1_0.png
processing: 1751848_21016_0_0.png
processing: 1751848_21015_0_0.png
processing: 1751801_21016_0_0.png
processing: 1751801_21015_0_0.png
processing: 1751781_21016_0_0.png
processing: 1751781_21015_0_0.png
processing: 1751707_21016_1_0.png
processing: 1751707_21015_1_0.png
processing: 1751689_21016_0_0.png
processing: 1751689_21015_0_0.png
processing: 1751588_21016_0_0.png
processing: 1751588_21015_0_0.png
processing: 1751531_21016_1_0.png
processing: 1751531_21015_1_0.png
processing: 1751523_21016_0_1.png
  SKIPPING IMAGE: No vessels found
processing: 1751523_21016_0_0.png
  SKIPPING IMAGE: tot amount of vasculature (659.657) < quality threshold 
processing: 1751523_21015_0_1.png
  SKIPPING IMAGE: tot amount of vasculature (5301.7236) < quality threshold 
processing: 1751523_21015_0_0.png
  SKIPPING IMAGE: tot amount of vasculature (716.2771) < quality threshold 
processing: 1751506_21016_0_0.png
processing: 1751506_21015_0_0.png
processing: 1751464_21016_0_0.png
  SKIPPING IMAGE: tot amount of vasculature (6156.114) < quality threshold 
processing: 1751464_21015_0_0.png
  SKIPPING IMAGE: tot amount of vasculature (2982.3954) < quality threshold 
processing: 1751405_21016_0_0.png
processing: 1751405_21015_0_0.png
processing: 1751366_21016_0_0.png
processing: 1751366_21015_0_0.png
processing: 1751353_21016_0_0.png
  SKIPPING IMAGE: tot amount of vasculature (7225.7742) < quality threshold 
processing: 1751353_21015_0_0.png
Warning: No vessels found in 1751353_21015_0_0
> In Vessel_Data_IO.load_from_file (line 183)
  In REVIEW_evaluate_diameter_measurements (line 125)
  In ARIA_run_tests (line 209)
  SKIPPING IMAGE: No vessels found
processing: 1751184_21016_0_0.png
processing: 1751184_21015_0_0.png
processing: 1751032_21016_0_0.png
processing: 1751032_21015_0_0.png
processing: 1751026_21016_0_0.png
processing: 1751026_21015_0_0.png
processing: 1750973_21016_0_0.png
processing: 1750973_21015_0_0.png
  SKIPPING IMAGE: tot amount of vasculature (7712.6936) < quality threshold 
processing: 1750890_21016_1_0.png
processing: 1750890_21015_1_0.png
processing: 1750881_21016_0_0.png
processing: 1750881_21015_0_0.png
processing: 1750863_21016_0_0.png
processing: 1750863_21015_0_0.png
processing: 1750842_21016_0_0.png
processing: 1750842_21015_0_0.png
processing: 1750838_21016_0_0.png
  SKIPPING IMAGE: tot amount of vasculature (7427.3375) < quality threshold 
processing: 1750838_21015_0_0.png
processing: 1750732_21016_0_0.png
processing: 1750732_21015_0_0.png
processing: 1750680_21016_0_0.png
processing: 1750680_21015_0_0.png
  SKIPPING IMAGE: tot amount of vasculature (641.5267) < quality threshold 
processing: 1750624_21016_0_0.png
processing: 1750624_21015_0_0.png
processing: 1750613_21016_0_0.png
processing: 1750613_21015_0_0.png
  SKIPPING IMAGE: tot amount of vasculature (9820.1833) < quality threshold 
processing: 1750582_21016_0_0.png
processing: 1750582_21015_0_0.png
processing: 1750570_21016_1_0.png
  SKIPPING IMAGE: tot amount of vasculature (6339.3023) < quality threshold 
processing: 1750570_21015_1_0.png
  SKIPPING IMAGE: tot amount of vasculature (5455.4574) < quality threshold 
processing: 1750515_21016_1_0.png
  SKIPPING IMAGE: tot amount of vasculature (1328.1662) < quality threshold 
processing: 1750515_21015_1_0.png
  SKIPPING IMAGE: tot amount of vasculature (12.9667) < quality threshold 
processing: 1750431_21016_0_0.png
  SKIPPING IMAGE: tot amount of vasculature (9424.224) < quality threshold 
processing: 1750431_21015_0_0.png
Warning: No vessels found in 1750431_21015_0_0
> In Vessel_Data_IO.load_from_file (line 183)
  In REVIEW_evaluate_diameter_measurements (line 125)
  In ARIA_run_tests (line 209)
  SKIPPING IMAGE: No vessels found
processing: 1750384_21016_1_0.png
processing: 1750384_21015_1_0.png
processing: 1750368_21016_0_0.png
processing: 1750368_21015_0_0.png
processing: 1750347_21016_0_0.png
processing: 1750347_21015_0_0.png
processing: 1750254_21016_0_0.png
processing: 1750254_21015_0_0.png
processing: 1750177_21016_1_0.png
  SKIPPING IMAGE: tot amount of vasculature (6546.6579) < quality threshold 
processing: 1750177_21015_1_0.png
  SKIPPING IMAGE: tot amount of vasculature (8062.3755) < quality threshold 
processing: 1750139_21016_0_0.png
processing: 1750139_21015_0_0.png
processing: 1750011_21016_0_0.png
  SKIPPING IMAGE: tot amount of vasculature (7412.1067) < quality threshold 
processing: 1750011_21015_0_1.png
processing: 1750011_21015_0_0.png
  SKIPPING IMAGE: tot amount of vasculature (9519.5019) < quality threshold 
processing: 1749962_21016_1_0.png
  SKIPPING IMAGE: tot amount of vasculature (4334.4477) < quality threshold 
processing: 1749962_21016_0_0.png
  SKIPPING IMAGE: tot amount of vasculature (10827.0928) < quality threshold 
processing: 1749962_21015_1_0.png
processing: 1749962_21015_0_0.png
processing: 1749939_21016_1_0.png
processing: 1749939_21015_1_0.png
processing: 1749872_21016_0_0.png
processing: 1749872_21015_0_0.png
processing: 1749774_21016_0_0.png
processing: 1749774_21015_0_0.png
  SKIPPING IMAGE: tot amount of vasculature (9505.8724) < quality threshold 
processing: 1749719_21016_1_0.png
processing: 1749719_21015_1_0.png
processing: 1749707_21016_1_0.png
  SKIPPING IMAGE: tot amount of vasculature (9427.8154) < quality threshold 
processing: 1749707_21016_0_0.png
  SKIPPING IMAGE: tot amount of vasculature (7861.2554) < quality threshold 
processing: 1749707_21015_1_0.png
  SKIPPING IMAGE: tot amount of vasculature (7675.5893) < quality threshold 
processing: 1749707_21015_0_0.png
  SKIPPING IMAGE: tot amount of vasculature (9171.9218) < quality threshold 
processing: 1749588_21016_1_0.png
processing: 1749588_21015_1_0.png
processing: 1749523_21016_1_0.png
processing: 1749523_21015_1_0.png
processing: 1749514_21016_0_0.png
processing: 1749514_21015_0_0.png
  SKIPPING IMAGE: tot amount of vasculature (1913.0283) < quality threshold 
processing: 1749464_21016_1_0.png
processing: 1749464_21015_1_0.png
processing: 1749427_21016_1_0.png
  SKIPPING IMAGE: tot amount of vasculature (9476.9548) < quality threshold 
processing: 1749427_21015_1_0.png
processing: 1749412_21016_1_0.png
processing: 1749412_21015_1_0.png
processing: 1749405_21016_0_0.png
processing: 1749405_21015_0_0.png
processing: 1749394_21016_0_0.png
processing: 1749394_21015_0_0.png
processing: 1749329_21016_0_0.png
processing: 1749329_21015_0_0.png
processing: 1749308_21016_0_0.png
processing: 1749308_21015_0_0.png
processing: 1749171_21016_1_0.png
  SKIPPING IMAGE: tot amount of vasculature (10387.0012) < quality threshold 
processing: 1749171_21015_1_0.png
  SKIPPING IMAGE: tot amount of vasculature (5784.1685) < quality threshold 
processing: 1749069_21016_1_0.png
processing: 1749069_21015_1_0.png
processing: 1749058_21016_1_0.png
  SKIPPING IMAGE: tot amount of vasculature (8564.6266) < quality threshold 
processing: 1749058_21015_1_0.png
  SKIPPING IMAGE: tot amount of vasculature (4086.8085) < quality threshold 
processing: 1748997_21016_0_0.png
processing: 1748997_21015_0_0.png
processing: 1748945_21016_1_0.png
processing: 1748945_21015_1_0.png
processing: 1748934_21016_0_0.png
FINISHED: .mat files have been written to: /data/FAC/FBM/DBC/sbergman/retina/UKBiob/fundus/REVIEW//CLRIS/
execution time: 2088 sec
