------------------------------------------
Setting up environment variables
---
LD_LIBRARY_PATH is .:/software/Development/Languages/Matlab_Compiler_Runtime/96/runtime/glnxa64:/software/Development/Languages/Matlab_Compiler_Runtime/96/bin/glnxa64:/software/Development/Languages/Matlab_Compiler_Runtime/96/sys/os/glnxa64:/software/Development/Languages/Matlab_Compiler_Runtime/96/sys/opengl/lib/glnxa64
Running vessel measurements...
processing: 3380121_21016_0_0.png
processing: 3380121_21015_0_0.png
processing: 3380097_21016_0_0.png
processing: 3380097_21015_0_0.png
processing: 3379996_21016_0_0.png
processing: 3379996_21015_0_0.png
processing: 3379977_21016_0_0.png
processing: 3379977_21015_0_0.png
processing: 3379939_21016_0_0.png
processing: 3379939_21015_0_0.png
processing: 3379763_21016_0_0.png
  SKIPPING IMAGE: tot amount of vasculature (7079.873) < quality threshold 
processing: 3379763_21015_0_0.png
  SKIPPING IMAGE: tot amount of vasculature (6607.4691) < quality threshold 
processing: 3379725_21016_0_0.png
processing: 3379725_21015_0_0.png
processing: 3379600_21016_0_0.png
processing: 3379600_21015_0_0.png
processing: 3379592_21016_0_0.png
processing: 3379592_21015_0_0.png
processing: 3379557_21016_0_0.png
processing: 3379557_21015_0_0.png
processing: 3379473_21016_0_0.png
processing: 3379473_21015_0_0.png
processing: 3379427_21016_0_0.png
processing: 3379427_21015_0_0.png
  SKIPPING IMAGE: tot amount of vasculature (6318.1006) < quality threshold 
processing: 3379260_21016_0_0.png
processing: 3379260_21015_0_0.png
processing: 3379234_21016_0_0.png
  SKIPPING IMAGE: tot amount of vasculature (3006.1651) < quality threshold 
processing: 3379234_21015_0_0.png
processing: 3379133_21016_0_0.png
  SKIPPING IMAGE: No vessels found
processing: 3379133_21015_0_0.png
  SKIPPING IMAGE: No vessels found
processing: 3379102_21016_0_0.png
  SKIPPING IMAGE: tot amount of vasculature (9823.0364) < quality threshold 
processing: 3379102_21015_0_0.png
processing: 3379091_21016_0_0.png
processing: 3379091_21015_0_0.png
processing: 3379069_21016_1_0.png
  SKIPPING IMAGE: tot amount of vasculature (5085.2765) < quality threshold 
processing: 3379069_21016_0_0.png
processing: 3379069_21015_1_0.png
processing: 3379069_21015_0_0.png
processing: 3378757_21016_0_0.png
processing: 3378757_21015_0_0.png
processing: 3378684_21016_0_0.png
  SKIPPING IMAGE: tot amount of vasculature (1713.8029) < quality threshold 
processing: 3378684_21015_0_0.png
  SKIPPING IMAGE: tot amount of vasculature (6.7325) < quality threshold 
processing: 3378616_21016_1_0.png
processing: 3378616_21015_1_0.png
processing: 3378602_21016_0_0.png
  SKIPPING IMAGE: tot amount of vasculature (2247.452) < quality threshold 
processing: 3378602_21015_0_0.png
  SKIPPING IMAGE: tot amount of vasculature (2028.7295) < quality threshold 
processing: 3378563_21016_0_0.png
processing: 3378563_21015_0_0.png
  SKIPPING IMAGE: tot amount of vasculature (10491.2772) < quality threshold 
processing: 3378469_21016_0_0.png
processing: 3378469_21015_0_0.png
processing: 3378444_21016_0_0.png
processing: 3378444_21015_0_0.png
processing: 3378432_21016_0_0.png
processing: 3378432_21015_0_0.png
processing: 3378117_21016_0_0.png
processing: 3378117_21015_0_0.png
processing: 3378030_21016_0_0.png
processing: 3378030_21015_0_0.png
processing: 3377891_21016_0_0.png
processing: 3377891_21015_0_0.png
processing: 3377869_21016_0_0.png
processing: 3377869_21015_0_0.png
processing: 3377858_21016_0_0.png
processing: 3377858_21015_0_0.png
processing: 3377832_21016_0_0.png
processing: 3377832_21015_0_0.png
processing: 3377734_21016_0_0.png
processing: 3377734_21015_0_0.png
processing: 3377728_21016_0_0.png
processing: 3377728_21015_0_0.png
processing: 3377663_21016_0_0.png
processing: 3377663_21015_0_0.png
processing: 3377619_21016_0_0.png
processing: 3377619_21015_0_0.png
  SKIPPING IMAGE: tot amount of vasculature (10197.1138) < quality threshold 
processing: 3377584_21016_1_0.png
  SKIPPING IMAGE: tot amount of vasculature (1823.9912) < quality threshold 
processing: 3377584_21016_0_0.png
processing: 3377584_21015_1_0.png
  SKIPPING IMAGE: tot amount of vasculature (9687.6299) < quality threshold 
processing: 3377584_21015_0_0.png
  SKIPPING IMAGE: tot amount of vasculature (10826.1686) < quality threshold 
processing: 3377520_21016_1_0.png
processing: 3377520_21015_1_0.png
processing: 3377343_21016_0_0.png
processing: 3377343_21015_0_0.png
processing: 3377224_21016_0_0.png
processing: 3377224_21015_0_0.png
processing: 3377201_21016_0_0.png
processing: 3377201_21015_0_0.png
processing: 3377164_21016_0_0.png
processing: 3377164_21015_0_0.png
  SKIPPING IMAGE: tot amount of vasculature (3459.9829) < quality threshold 
processing: 3377105_21016_1_0.png
  SKIPPING IMAGE: tot amount of vasculature (3056.5366) < quality threshold 
processing: 3377105_21016_0_0.png
  SKIPPING IMAGE: tot amount of vasculature (2147.8037) < quality threshold 
processing: 3377105_21015_1_0.png
  SKIPPING IMAGE: tot amount of vasculature (2918.6124) < quality threshold 
processing: 3377105_21015_0_0.png
  SKIPPING IMAGE: tot amount of vasculature (2591.0993) < quality threshold 
processing: 3377035_21016_0_0.png
  SKIPPING IMAGE: tot amount of vasculature (7745.6705) < quality threshold 
processing: 3377035_21015_0_0.png
  SKIPPING IMAGE: tot amount of vasculature (6337.0951) < quality threshold 
processing: 3377017_21016_0_0.png
processing: 3377017_21015_0_0.png
processing: 3377000_21016_0_0.png
  SKIPPING IMAGE: tot amount of vasculature (5756.9447) < quality threshold 
processing: 3377000_21015_0_0.png
  SKIPPING IMAGE: tot amount of vasculature (10737.9004) < quality threshold 
processing: 3376991_21016_0_0.png
processing: 3376991_21015_0_0.png
  SKIPPING IMAGE: tot amount of vasculature (8206.505) < quality threshold 
processing: 3376958_21016_1_0.png
  SKIPPING IMAGE: No vessels found
processing: 3376958_21015_1_0.png
  SKIPPING IMAGE: No vessels found
processing: 3376888_21016_1_0.png
  SKIPPING IMAGE: tot amount of vasculature (5924.7616) < quality threshold 
processing: 3376888_21015_1_0.png
  SKIPPING IMAGE: tot amount of vasculature (3447.5351) < quality threshold 
processing: 3376806_21016_0_0.png
  SKIPPING IMAGE: tot amount of vasculature (4742.9919) < quality threshold 
processing: 3376806_21015_0_0.png
processing: 3376641_21016_0_0.png
processing: 3376641_21015_0_0.png
  SKIPPING IMAGE: tot amount of vasculature (4433.7172) < quality threshold 
processing: 3376615_21016_0_0.png
processing: 3376615_21015_0_0.png
processing: 3376599_21016_0_0.png
processing: 3376599_21015_0_0.png
processing: 3376438_21016_0_0.png
processing: 3376438_21015_0_0.png
processing: 3376378_21016_0_0.png
  SKIPPING IMAGE: tot amount of vasculature (6890.1561) < quality threshold 
processing: 3376378_21015_0_0.png
  SKIPPING IMAGE: tot amount of vasculature (9390.7748) < quality threshold 
processing: 3376361_21016_0_0.png
