------------------------------------------
Setting up environment variables
---
LD_LIBRARY_PATH is .:/software/Development/Languages/Matlab_Compiler_Runtime/96/runtime/glnxa64:/software/Development/Languages/Matlab_Compiler_Runtime/96/bin/glnxa64:/software/Development/Languages/Matlab_Compiler_Runtime/96/sys/os/glnxa64:/software/Development/Languages/Matlab_Compiler_Runtime/96/sys/opengl/lib/glnxa64
Running vessel measurements...
processing: 2124917_21015_1_0.png
  SKIPPING IMAGE: tot amount of vasculature (7546.1692) < quality threshold 
processing: 2124833_21016_0_0.png
processing: 2124833_21015_0_0.png
  SKIPPING IMAGE: tot amount of vasculature (9766.4445) < quality threshold 
processing: 2124753_21016_0_0.png
  SKIPPING IMAGE: tot amount of vasculature (9891.6555) < quality threshold 
processing: 2124753_21015_0_0.png
  SKIPPING IMAGE: tot amount of vasculature (8703.1024) < quality threshold 
processing: 2124737_21016_1_0.png
processing: 2124737_21015_1_0.png
processing: 2124643_21016_0_0.png
processing: 2124643_21015_0_0.png
processing: 2124587_21016_0_0.png
processing: 2124587_21015_0_0.png
  SKIPPING IMAGE: tot amount of vasculature (9915.7122) < quality threshold 
processing: 2124497_21016_1_0.png
  SKIPPING IMAGE: tot amount of vasculature (7246.4934) < quality threshold 
processing: 2124497_21015_1_0.png
  SKIPPING IMAGE: tot amount of vasculature (9418.0856) < quality threshold 
processing: 2124483_21016_1_0.png
processing: 2124483_21015_1_0.png
processing: 2124460_21016_0_0.png
processing: 2124460_21015_0_0.png
processing: 2124434_21016_1_0.png
processing: 2124434_21015_1_0.png
processing: 2124411_21016_0_0.png
processing: 2124411_21015_0_0.png
processing: 2124374_21016_0_0.png
processing: 2124374_21015_0_0.png
processing: 2124286_21016_1_0.png
processing: 2124286_21015_1_0.png
processing: 2124227_21016_0_0.png
processing: 2124227_21015_0_0.png
processing: 2124205_21016_0_0.png
processing: 2124205_21015_0_0.png
processing: 2124155_21016_1_0.png
processing: 2124155_21015_1_0.png
processing: 2124124_21016_0_0.png
  SKIPPING IMAGE: tot amount of vasculature (9493.7137) < quality threshold 
processing: 2124124_21015_0_0.png
processing: 2124023_21016_0_0.png
processing: 2124023_21015_0_0.png
  SKIPPING IMAGE: tot amount of vasculature (9894.3213) < quality threshold 
processing: 2123996_21016_0_0.png
processing: 2123996_21015_0_0.png
processing: 2123962_21016_1_0.png
processing: 2123962_21015_1_0.png
processing: 2123918_21016_1_0.png
  SKIPPING IMAGE: tot amount of vasculature (2420.7746) < quality threshold 
processing: 2123918_21015_1_0.png
  SKIPPING IMAGE: tot amount of vasculature (5222.3926) < quality threshold 
processing: 2123781_21016_0_0.png
processing: 2123781_21015_0_0.png
processing: 2123654_21016_1_0.png
  SKIPPING IMAGE: tot amount of vasculature (6774.8198) < quality threshold 
processing: 2123654_21015_1_0.png
  SKIPPING IMAGE: tot amount of vasculature (7620.3279) < quality threshold 
processing: 2123600_21016_1_0.png
processing: 2123600_21015_1_0.png
processing: 2123588_21016_0_0.png
processing: 2123588_21015_0_0.png
  SKIPPING IMAGE: tot amount of vasculature (9293.6844) < quality threshold 
processing: 2123523_21016_0_0.png
processing: 2123523_21015_0_0.png
processing: 2123473_21016_0_0.png
processing: 2123473_21015_0_0.png
processing: 2123427_21016_0_0.png
  SKIPPING IMAGE: tot amount of vasculature (5026.1621) < quality threshold 
processing: 2123427_21015_0_0.png
processing: 2123329_21016_0_0.png
processing: 2123329_21015_0_0.png
processing: 2123308_21016_0_0.png
  SKIPPING IMAGE: tot amount of vasculature (6547.9698) < quality threshold 
processing: 2123308_21015_0_0.png
  SKIPPING IMAGE: tot amount of vasculature (10239.6228) < quality threshold 
processing: 2123276_21016_0_0.png
processing: 2123276_21015_0_0.png
processing: 2123234_21016_0_0.png
processing: 2123234_21015_0_0.png
  SKIPPING IMAGE: tot amount of vasculature (9443.7334) < quality threshold 
processing: 2123211_21016_0_0.png
processing: 2123211_21015_0_0.png
processing: 2123195_21016_1_0.png
processing: 2123195_21015_1_0.png
processing: 2123159_21016_0_0.png
processing: 2123159_21015_0_0.png
processing: 2123133_21016_0_0.png
processing: 2123133_21015_0_0.png
processing: 2123116_21016_0_0.png
processing: 2123116_21015_0_0.png
processing: 2122983_21016_0_0.png
  SKIPPING IMAGE: tot amount of vasculature (7989.0598) < quality threshold 
processing: 2122983_21015_0_0.png
processing: 2122952_21016_0_0.png
processing: 2122952_21015_0_0.png
processing: 2122909_21016_0_0.png
processing: 2122909_21015_0_0.png
  SKIPPING IMAGE: tot amount of vasculature (10562.1735) < quality threshold 
processing: 2122779_21016_0_0.png
processing: 2122779_21015_0_0.png
processing: 2122757_21016_1_0.png
processing: 2122757_21015_1_0.png
processing: 2122731_21016_0_0.png
processing: 2122731_21015_0_0.png
processing: 2122714_21016_0_0.png
  SKIPPING IMAGE: tot amount of vasculature (8812.356) < quality threshold 
processing: 2122714_21015_0_0.png
  SKIPPING IMAGE: tot amount of vasculature (4800.0289) < quality threshold 
processing: 2122684_21016_0_0.png
  SKIPPING IMAGE: tot amount of vasculature (4206.723) < quality threshold 
processing: 2122684_21015_0_0.png
  SKIPPING IMAGE: tot amount of vasculature (6418.2599) < quality threshold 
processing: 2122647_21016_1_0.png
processing: 2122647_21015_1_0.png
processing: 2122581_21016_0_0.png
processing: 2122581_21015_0_0.png
processing: 2122563_21016_1_0.png
  SKIPPING IMAGE: tot amount of vasculature (9462.6508) < quality threshold 
processing: 2122563_21015_1_0.png
processing: 2122507_21016_1_0.png
  SKIPPING IMAGE: tot amount of vasculature (5277.0153) < quality threshold 
processing: 2122507_21015_1_0.png
  SKIPPING IMAGE: tot amount of vasculature (3430.2226) < quality threshold 
processing: 2122380_21016_1_0.png
processing: 2122380_21015_1_0.png
processing: 2122348_21016_0_0.png
processing: 2122348_21015_0_0.png
processing: 2122336_21016_0_0.png
processing: 2122336_21015_0_0.png
processing: 2122296_21016_1_0.png
processing: 2122296_21015_1_0.png
processing: 2122262_21016_0_0.png
  SKIPPING IMAGE: tot amount of vasculature (2674.2473) < quality threshold 
processing: 2122262_21015_0_0.png
  SKIPPING IMAGE: tot amount of vasculature (7139.0523) < quality threshold 
processing: 2122178_21016_1_0.png
