------------------------------------------
Setting up environment variables
---
LD_LIBRARY_PATH is .:/software/Development/Languages/Matlab_Compiler_Runtime/96/runtime/glnxa64:/software/Development/Languages/Matlab_Compiler_Runtime/96/bin/glnxa64:/software/Development/Languages/Matlab_Compiler_Runtime/96/sys/os/glnxa64:/software/Development/Languages/Matlab_Compiler_Runtime/96/sys/opengl/lib/glnxa64
Running vessel measurements...
processing: 3116595_21016_0_0.png
processing: 3116595_21015_0_0.png
processing: 3116547_21016_1_0.png
processing: 3116547_21015_1_0.png
processing: 3116502_21016_0_0.png
processing: 3116502_21015_0_0.png
processing: 3116415_21016_0_0.png
processing: 3116415_21015_0_0.png
processing: 3116396_21016_1_0.png
  SKIPPING IMAGE: tot amount of vasculature (7581.5317) < quality threshold 
processing: 3116396_21015_1_0.png
  SKIPPING IMAGE: tot amount of vasculature (10031.2709) < quality threshold 
processing: 3116385_21016_1_0.png
processing: 3116385_21015_1_0.png
processing: 3116350_21016_0_0.png
  SKIPPING IMAGE: tot amount of vasculature (3404.3458) < quality threshold 
processing: 3116350_21015_0_0.png
processing: 3116339_21016_1_0.png
  SKIPPING IMAGE: tot amount of vasculature (2918.2454) < quality threshold 
processing: 3116339_21015_1_0.png
  SKIPPING IMAGE: tot amount of vasculature (5125.7104) < quality threshold 
processing: 3116299_21016_0_0.png
processing: 3116299_21015_0_0.png
processing: 3116267_21015_0_0.png
processing: 3116248_21016_0_0.png
processing: 3116248_21015_0_0.png
processing: 3116224_21016_1_0.png
processing: 3116224_21015_1_0.png
  SKIPPING IMAGE: tot amount of vasculature (9833.5481) < quality threshold 
processing: 3116089_21016_0_1.png
  SKIPPING IMAGE: tot amount of vasculature (5583.9524) < quality threshold 
processing: 3116089_21016_0_0.png
  SKIPPING IMAGE: tot amount of vasculature (336.3448) < quality threshold 
processing: 3116089_21015_0_0.png
  SKIPPING IMAGE: tot amount of vasculature (4557.6668) < quality threshold 
processing: 3116022_21016_0_0.png
processing: 3116022_21015_0_0.png
processing: 3115982_21016_0_0.png
processing: 3115982_21015_0_0.png
processing: 3115970_21016_0_0.png
Warning: No vessels found in 3115970_21016_0_0
> In Vessel_Data_IO.load_from_file (line 183)
  In REVIEW_evaluate_diameter_measurements (line 125)
  In ARIA_run_tests (line 209)
  SKIPPING IMAGE: No vessels found
processing: 3115970_21015_0_0.png
  SKIPPING IMAGE: tot amount of vasculature (1011.855) < quality threshold 
processing: 3115809_21016_0_0.png
processing: 3115809_21015_0_0.png
processing: 3115789_21016_1_0.png
processing: 3115789_21015_1_0.png
  SKIPPING IMAGE: tot amount of vasculature (8959.6146) < quality threshold 
processing: 3115754_21016_0_0.png
processing: 3115754_21015_0_0.png
processing: 3115746_21016_0_0.png
processing: 3115746_21015_0_0.png
processing: 3115610_21016_1_0.png
processing: 3115610_21015_1_0.png
processing: 3115518_21016_0_0.png
processing: 3115518_21015_0_0.png
processing: 3115468_21016_0_0.png
  SKIPPING IMAGE: tot amount of vasculature (8564.92) < quality threshold 
processing: 3115468_21015_0_1.png
  SKIPPING IMAGE: tot amount of vasculature (4767.3154) < quality threshold 
processing: 3115468_21015_0_0.png
  SKIPPING IMAGE: tot amount of vasculature (717.7108) < quality threshold 
processing: 3115398_21016_0_0.png
  SKIPPING IMAGE: tot amount of vasculature (1167.2005) < quality threshold 
processing: 3115398_21015_0_0.png
  SKIPPING IMAGE: tot amount of vasculature (5843.8056) < quality threshold 
processing: 3115364_21016_0_0.png
processing: 3115364_21015_0_0.png
  SKIPPING IMAGE: tot amount of vasculature (8726.3278) < quality threshold 
processing: 3115351_21016_1_0.png
processing: 3115351_21015_1_0.png
processing: 3115349_21016_0_0.png
processing: 3115349_21015_0_0.png
processing: 3115312_21016_0_0.png
processing: 3115312_21015_0_0.png
  SKIPPING IMAGE: tot amount of vasculature (6606.8448) < quality threshold 
processing: 3115225_21016_0_0.png
processing: 3115225_21015_0_0.png
  SKIPPING IMAGE: tot amount of vasculature (9004.2234) < quality threshold 
processing: 3115179_21016_0_0.png
  SKIPPING IMAGE: tot amount of vasculature (10652.2096) < quality threshold 
processing: 3115179_21015_0_0.png
processing: 3115013_21016_0_0.png
processing: 3115013_21015_0_0.png
processing: 3114878_21016_0_0.png
  SKIPPING IMAGE: No vessels found
processing: 3114878_21015_0_0.png
  SKIPPING IMAGE: tot amount of vasculature (5093.0364) < quality threshold 
processing: 3114755_21016_0_0.png
processing: 3114755_21015_0_0.png
processing: 3114713_21016_0_0.png
  SKIPPING IMAGE: No vessels found
processing: 3114713_21015_0_0.png
  SKIPPING IMAGE: tot amount of vasculature (7047.9792) < quality threshold 
processing: 3114683_21016_0_0.png
processing: 3114683_21015_0_0.png
processing: 3114660_21016_0_0.png
  SKIPPING IMAGE: tot amount of vasculature (10382.9383) < quality threshold 
processing: 3114660_21015_0_0.png
processing: 3114634_21016_0_0.png
processing: 3114634_21015_0_0.png
  SKIPPING IMAGE: tot amount of vasculature (10176.7852) < quality threshold 
processing: 3114609_21016_0_0.png
processing: 3114609_21015_0_0.png
processing: 3114477_21016_0_0.png
  SKIPPING IMAGE: tot amount of vasculature (4938.5336) < quality threshold 
processing: 3114477_21015_0_0.png
  SKIPPING IMAGE: tot amount of vasculature (3997.1945) < quality threshold 
processing: 3114331_21016_0_0.png
  SKIPPING IMAGE: tot amount of vasculature (10981.7642) < quality threshold 
processing: 3114331_21015_0_0.png
processing: 3114056_21016_0_0.png
processing: 3114056_21015_0_0.png
processing: 3113894_21016_1_0.png
processing: 3113894_21015_1_0.png
processing: 3113866_21016_1_0.png
processing: 3113866_21015_1_0.png
processing: 3113815_21016_0_0.png
  SKIPPING IMAGE: tot amount of vasculature (10314.259) < quality threshold 
processing: 3113815_21015_0_0.png
processing: 3113659_21016_0_0.png
  SKIPPING IMAGE: tot amount of vasculature (7692.8127) < quality threshold 
processing: 3113659_21015_0_0.png
  SKIPPING IMAGE: tot amount of vasculature (10194.6547) < quality threshold 
processing: 3113616_21016_0_0.png
processing: 3113616_21015_0_0.png
processing: 3113581_21016_0_0.png
processing: 3113581_21015_0_0.png
processing: 3113563_21016_1_0.png
  SKIPPING IMAGE: tot amount of vasculature (2781.7669) < quality threshold 
processing: 3113563_21015_1_0.png
  SKIPPING IMAGE: tot amount of vasculature (4152.3223) < quality threshold 
processing: 3113525_21016_0_0.png
processing: 3113525_21015_0_0.png
  SKIPPING IMAGE: tot amount of vasculature (9697.1804) < quality threshold 
processing: 3113507_21016_0_0.png
processing: 3113507_21015_0_0.png
processing: 3113475_21016_0_0.png
processing: 3113475_21015_0_1.png
processing: 3113475_21015_0_0.png
  SKIPPING IMAGE: tot amount of vasculature (7231.0468) < quality threshold 
processing: 3113469_21016_0_0.png
processing: 3113469_21015_0_0.png
  SKIPPING IMAGE: tot amount of vasculature (9492.6659) < quality threshold 
processing: 3113458_21016_0_0.png
  SKIPPING IMAGE: tot amount of vasculature (9733.4218) < quality threshold 
processing: 3113458_21015_0_0.png
  SKIPPING IMAGE: tot amount of vasculature (9440.3985) < quality threshold 
processing: 3113426_21016_0_0.png
processing: 3113426_21015_0_0.png
processing: 3113410_21016_0_0.png
processing: 3113410_21015_0_0.png
processing: 3113243_21016_1_0.png
processing: 3113243_21015_1_0.png
processing: 3113221_21016_0_0.png
processing: 3113221_21015_0_0.png
processing: 3113218_21016_0_0.png
processing: 3113218_21015_0_0.png
processing: 3113189_21016_0_0.png
