------------------------------------------
Setting up environment variables
---
LD_LIBRARY_PATH is .:/software/Development/Languages/Matlab_Compiler_Runtime/96/runtime/glnxa64:/software/Development/Languages/Matlab_Compiler_Runtime/96/bin/glnxa64:/software/Development/Languages/Matlab_Compiler_Runtime/96/sys/os/glnxa64:/software/Development/Languages/Matlab_Compiler_Runtime/96/sys/opengl/lib/glnxa64
Running vessel measurements...
processing: 3624950_21015_0_0.png
processing: 3624781_21016_1_0.png
processing: 3624781_21015_1_0.png
processing: 3624756_21016_0_0.png
  SKIPPING IMAGE: tot amount of vasculature (7407.6584) < quality threshold 
processing: 3624756_21015_0_0.png
  SKIPPING IMAGE: tot amount of vasculature (624.05) < quality threshold 
processing: 3624622_21016_1_0.png
  SKIPPING IMAGE: tot amount of vasculature (10645.124) < quality threshold 
processing: 3624622_21015_1_0.png
processing: 3624617_21016_0_0.png
processing: 3624617_21015_0_0.png
processing: 3624337_21016_0_0.png
  SKIPPING IMAGE: tot amount of vasculature (10694.8134) < quality threshold 
processing: 3624337_21015_0_0.png
  SKIPPING IMAGE: tot amount of vasculature (10230.4391) < quality threshold 
processing: 3624168_21016_0_0.png
  SKIPPING IMAGE: tot amount of vasculature (10390.1301) < quality threshold 
processing: 3624168_21015_0_0.png
  SKIPPING IMAGE: tot amount of vasculature (3253.2487) < quality threshold 
processing: 3623989_21016_0_0.png
processing: 3623989_21015_0_0.png
processing: 3623961_21016_0_0.png
processing: 3623961_21015_0_0.png
processing: 3623954_21016_0_0.png
  SKIPPING IMAGE: tot amount of vasculature (7679.2727) < quality threshold 
processing: 3623954_21015_0_0.png
  SKIPPING IMAGE: tot amount of vasculature (4909.7973) < quality threshold 
processing: 3623946_21016_0_0.png
  SKIPPING IMAGE: tot amount of vasculature (1036.5475) < quality threshold 
processing: 3623946_21015_0_0.png
  SKIPPING IMAGE: tot amount of vasculature (1541.5113) < quality threshold 
processing: 3623935_21016_1_0.png
processing: 3623935_21015_1_0.png
processing: 3623922_21016_0_0.png
processing: 3623922_21015_0_0.png
processing: 3623816_21016_0_0.png
processing: 3623816_21015_0_0.png
processing: 3623794_21016_0_0.png
  SKIPPING IMAGE: tot amount of vasculature (291.2417) < quality threshold 
processing: 3623794_21015_0_0.png
  SKIPPING IMAGE: No vessels found
processing: 3623753_21016_0_0.png
processing: 3623753_21015_0_0.png
processing: 3623741_21016_0_0.png
  SKIPPING IMAGE: tot amount of vasculature (9318.4236) < quality threshold 
processing: 3623741_21015_0_0.png
  SKIPPING IMAGE: tot amount of vasculature (8801.0941) < quality threshold 
processing: 3623708_21016_1_0.png
  SKIPPING IMAGE: tot amount of vasculature (9961.9135) < quality threshold 
processing: 3623708_21016_0_0.png
processing: 3623708_21015_1_0.png
processing: 3623708_21015_0_0.png
processing: 3623621_21016_0_0.png
processing: 3623621_21015_0_0.png
  SKIPPING IMAGE: tot amount of vasculature (2308.8488) < quality threshold 
processing: 3623526_21016_0_0.png
processing: 3623526_21015_0_0.png
processing: 3623510_21016_0_0.png
processing: 3623510_21015_0_0.png
processing: 3623497_21016_0_0.png
processing: 3623497_21015_0_0.png
processing: 3623476_21016_0_0.png
  SKIPPING IMAGE: tot amount of vasculature (4210.5777) < quality threshold 
processing: 3623476_21015_0_0.png
  SKIPPING IMAGE: tot amount of vasculature (5191.6515) < quality threshold 
processing: 3623411_21016_0_0.png
  SKIPPING IMAGE: tot amount of vasculature (10629.5252) < quality threshold 
processing: 3623411_21015_0_0.png
processing: 3623409_21016_0_0.png
processing: 3623409_21015_0_0.png
processing: 3623319_21016_1_0.png
processing: 3623319_21015_1_0.png
processing: 3623199_21016_0_0.png
  SKIPPING IMAGE: tot amount of vasculature (5131.4048) < quality threshold 
processing: 3623199_21015_0_0.png
  SKIPPING IMAGE: tot amount of vasculature (2559.1307) < quality threshold 
processing: 3623180_21016_0_0.png
  SKIPPING IMAGE: tot amount of vasculature (10799.5028) < quality threshold 
processing: 3623180_21015_0_0.png
  SKIPPING IMAGE: tot amount of vasculature (10571.058) < quality threshold 
processing: 3623057_21016_0_0.png
processing: 3623057_21015_0_0.png
processing: 3623031_21016_0_0.png
  SKIPPING IMAGE: tot amount of vasculature (9560.1822) < quality threshold 
processing: 3623031_21015_0_0.png
  SKIPPING IMAGE: tot amount of vasculature (10456.5711) < quality threshold 
processing: 3623023_21016_0_0.png
processing: 3623023_21015_0_0.png
processing: 3622998_21016_0_0.png
  SKIPPING IMAGE: tot amount of vasculature (6.0259) < quality threshold 
processing: 3622998_21015_0_0.png
  SKIPPING IMAGE: tot amount of vasculature (4906.7013) < quality threshold 
processing: 3622986_21016_0_0.png
  SKIPPING IMAGE: tot amount of vasculature (10496.1459) < quality threshold 
processing: 3622986_21015_0_0.png
processing: 3622951_21016_0_0.png
processing: 3622951_21015_0_0.png
  SKIPPING IMAGE: tot amount of vasculature (3320.7177) < quality threshold 
processing: 3622949_21016_0_0.png
processing: 3622949_21015_0_0.png
  SKIPPING IMAGE: tot amount of vasculature (10749.3582) < quality threshold 
processing: 3622905_21016_0_0.png
  SKIPPING IMAGE: tot amount of vasculature (179.4466) < quality threshold 
processing: 3622905_21015_0_0.png
  SKIPPING IMAGE: tot amount of vasculature (2712.653) < quality threshold 
processing: 3622825_21016_0_0.png
  SKIPPING IMAGE: tot amount of vasculature (1792.9655) < quality threshold 
processing: 3622825_21015_0_0.png
  SKIPPING IMAGE: tot amount of vasculature (1362.3447) < quality threshold 
processing: 3622787_21016_0_0.png
processing: 3622787_21015_0_0.png
processing: 3622732_21016_0_0.png
processing: 3622732_21015_0_0.png
  SKIPPING IMAGE: tot amount of vasculature (9816.2697) < quality threshold 
processing: 3622667_21016_0_0.png
processing: 3622667_21015_0_0.png
processing: 3622648_21016_1_0.png
processing: 3622648_21015_1_0.png
processing: 3622553_21016_1_0.png
  SKIPPING IMAGE: tot amount of vasculature (3650.4143) < quality threshold 
processing: 3622553_21016_0_0.png
  SKIPPING IMAGE: tot amount of vasculature (9356.6686) < quality threshold 
processing: 3622553_21015_1_0.png
  SKIPPING IMAGE: tot amount of vasculature (3676.2254) < quality threshold 
processing: 3622553_21015_0_0.png
  SKIPPING IMAGE: tot amount of vasculature (7154.5304) < quality threshold 
processing: 3622537_21016_0_0.png
processing: 3622537_21015_0_0.png
processing: 3622492_21016_0_0.png
processing: 3622492_21015_0_0.png
processing: 3622488_21016_0_0.png
processing: 3622488_21015_0_0.png
processing: 3622423_21016_1_0.png
  SKIPPING IMAGE: tot amount of vasculature (9568.1133) < quality threshold 
processing: 3622423_21015_1_0.png
  SKIPPING IMAGE: tot amount of vasculature (4909.7323) < quality threshold 
processing: 3622261_21016_0_0.png
  SKIPPING IMAGE: tot amount of vasculature (9090.1284) < quality threshold 
processing: 3622261_21015_0_0.png
  SKIPPING IMAGE: tot amount of vasculature (10425.6793) < quality threshold 
processing: 3622246_21016_1_1.png
  SKIPPING IMAGE: tot amount of vasculature (3094.4473) < quality threshold 
processing: 3622246_21016_1_0.png
  SKIPPING IMAGE: tot amount of vasculature (2181.5343) < quality threshold 
processing: 3622246_21015_1_0.png
  SKIPPING IMAGE: tot amount of vasculature (6556.8224) < quality threshold 
processing: 3622185_21016_0_0.png
processing: 3622185_21015_0_0.png
processing: 3622097_21016_0_0.png
  SKIPPING IMAGE: tot amount of vasculature (9093.1917) < quality threshold 
processing: 3622097_21015_0_0.png
processing: 3622083_21016_0_0.png
  SKIPPING IMAGE: tot amount of vasculature (3797.2754) < quality threshold 
processing: 3622083_21015_0_0.png
  SKIPPING IMAGE: tot amount of vasculature (8045.9305) < quality threshold 
processing: 3622076_21016_0_0.png
  SKIPPING IMAGE: tot amount of vasculature (5949.7456) < quality threshold 
processing: 3622076_21015_0_0.png
  SKIPPING IMAGE: tot amount of vasculature (6010.433) < quality threshold 
processing: 3621958_21016_0_0.png
processing: 3621958_21015_0_0.png
processing: 3621814_21016_0_0.png
processing: 3621814_21015_0_0.png
processing: 3621786_21016_0_0.png
processing: 3621786_21015_0_0.png
  SKIPPING IMAGE: tot amount of vasculature (2330.316) < quality threshold 
processing: 3621751_21016_0_0.png
processing: 3621751_21015_0_0.png
processing: 3621670_21016_0_0.png
  SKIPPING IMAGE: tot amount of vasculature (4771.6019) < quality threshold 
processing: 3621670_21015_0_0.png
  SKIPPING IMAGE: tot amount of vasculature (7019.3703) < quality threshold 
processing: 3621666_21016_0_0.png
processing: 3621666_21015_0_0.png
processing: 3621641_21016_1_0.png
processing: 3621641_21016_0_0.png
processing: 3621641_21015_1_0.png
  SKIPPING IMAGE: tot amount of vasculature (4647.9008) < quality threshold 
processing: 3621641_21015_0_1.png
