------------------------------------------
Setting up environment variables
---
LD_LIBRARY_PATH is .:/software/Development/Languages/Matlab_Compiler_Runtime/96/runtime/glnxa64:/software/Development/Languages/Matlab_Compiler_Runtime/96/bin/glnxa64:/software/Development/Languages/Matlab_Compiler_Runtime/96/sys/os/glnxa64:/software/Development/Languages/Matlab_Compiler_Runtime/96/sys/opengl/lib/glnxa64
Running vessel measurements...
processing: 4793604_21015_0_0.png
processing: 4793230_21016_0_0.png
  SKIPPING IMAGE: tot amount of vasculature (5230.0591) < quality threshold 
processing: 4793230_21015_0_0.png
  SKIPPING IMAGE: tot amount of vasculature (8509.8601) < quality threshold 
processing: 4793227_21016_0_0.png
processing: 4793227_21015_0_0.png
processing: 4793212_21016_0_0.png
  SKIPPING IMAGE: tot amount of vasculature (6532.616) < quality threshold 
processing: 4793212_21015_0_0.png
  SKIPPING IMAGE: tot amount of vasculature (10491.7556) < quality threshold 
processing: 4793180_21016_0_0.png
processing: 4793180_21015_0_0.png
processing: 4793172_21016_0_0.png
processing: 4793172_21015_0_0.png
processing: 4793079_21016_0_0.png
  SKIPPING IMAGE: tot amount of vasculature (714.1841) < quality threshold 
processing: 4793079_21015_0_0.png
  SKIPPING IMAGE: tot amount of vasculature (4774.3569) < quality threshold 
processing: 4793006_21016_0_0.png
processing: 4793006_21015_0_0.png
processing: 4792986_21016_0_0.png
processing: 4792986_21015_0_0.png
processing: 4792964_21016_1_0.png
processing: 4792964_21016_0_0.png
processing: 4792964_21015_1_0.png
  SKIPPING IMAGE: tot amount of vasculature (9868.1021) < quality threshold 
processing: 4792964_21015_0_0.png
  SKIPPING IMAGE: tot amount of vasculature (5519.8817) < quality threshold 
processing: 4792927_21016_0_0.png
  SKIPPING IMAGE: No vessels found
processing: 4792927_21015_0_0.png
  SKIPPING IMAGE: tot amount of vasculature (6349.7673) < quality threshold 
processing: 4792912_21016_0_0.png
processing: 4792912_21015_0_0.png
processing: 4792881_21016_0_0.png
processing: 4792881_21015_0_0.png
processing: 4792863_21016_0_0.png
processing: 4792863_21015_0_0.png
processing: 4792838_21016_0_0.png
processing: 4792838_21015_0_0.png
processing: 4792613_21016_0_0.png
processing: 4792613_21015_0_0.png
processing: 4792594_21016_0_0.png
  SKIPPING IMAGE: tot amount of vasculature (6603.4477) < quality threshold 
processing: 4792594_21015_0_0.png
processing: 4792570_21016_0_0.png
processing: 4792570_21015_0_0.png
processing: 4792553_21016_0_0.png
  SKIPPING IMAGE: tot amount of vasculature (5851.3563) < quality threshold 
processing: 4792553_21015_0_0.png
processing: 4792529_21016_1_0.png
  SKIPPING IMAGE: tot amount of vasculature (8311.2532) < quality threshold 
processing: 4792529_21015_1_0.png
  SKIPPING IMAGE: tot amount of vasculature (5068.6135) < quality threshold 
processing: 4792457_21016_1_0.png
  SKIPPING IMAGE: tot amount of vasculature (52.9501) < quality threshold 
processing: 4792457_21015_1_0.png
  SKIPPING IMAGE: tot amount of vasculature (2700.0169) < quality threshold 
processing: 4792384_21016_0_0.png
processing: 4792384_21015_0_0.png
processing: 4792359_21016_0_0.png
processing: 4792359_21015_0_0.png
  SKIPPING IMAGE: tot amount of vasculature (10464.978) < quality threshold 
processing: 4792347_21016_0_0.png
  SKIPPING IMAGE: tot amount of vasculature (3509.9733) < quality threshold 
processing: 4792347_21015_0_0.png
processing: 4792293_21016_0_0.png
processing: 4792293_21015_0_0.png
processing: 4792217_21016_0_0.png
  SKIPPING IMAGE: tot amount of vasculature (3040.1511) < quality threshold 
processing: 4792217_21015_0_0.png
  SKIPPING IMAGE: tot amount of vasculature (4112.2112) < quality threshold 
processing: 4792185_21016_1_0.png
processing: 4792185_21015_1_0.png
processing: 4792045_21016_0_0.png
processing: 4792045_21015_0_0.png
processing: 4791831_21016_0_0.png
processing: 4791831_21015_0_0.png
processing: 4791814_21016_0_0.png
processing: 4791814_21015_0_0.png
processing: 4791786_21016_0_0.png
processing: 4791786_21015_0_0.png
processing: 4791749_21016_1_0.png
processing: 4791749_21015_1_0.png
processing: 4791727_21016_1_0.png
processing: 4791727_21015_1_0.png
processing: 4791608_21016_0_0.png
processing: 4791608_21015_0_0.png
processing: 4791389_21016_0_0.png
  SKIPPING IMAGE: tot amount of vasculature (10299.0796) < quality threshold 
processing: 4791389_21015_0_0.png
processing: 4791268_21016_0_0.png
processing: 4791268_21015_0_0.png
processing: 4791220_21016_0_0.png
  SKIPPING IMAGE: tot amount of vasculature (4696.3803) < quality threshold 
processing: 4791220_21015_0_0.png
processing: 4791183_21016_0_0.png
processing: 4791152_21016_0_0.png
processing: 4791152_21015_0_0.png
processing: 4791145_21016_1_0.png
processing: 4791145_21015_1_0.png
processing: 4790981_21016_0_0.png
processing: 4790981_21015_0_0.png
  SKIPPING IMAGE: tot amount of vasculature (7450.0985) < quality threshold 
processing: 4790873_21016_1_0.png
processing: 4790873_21016_0_0.png
processing: 4790873_21015_1_0.png
  SKIPPING IMAGE: tot amount of vasculature (7394.9541) < quality threshold 
processing: 4790873_21015_0_0.png
  SKIPPING IMAGE: tot amount of vasculature (10729.5674) < quality threshold 
processing: 4790750_21016_0_0.png
processing: 4790750_21015_0_0.png
processing: 4790704_21016_0_0.png
  SKIPPING IMAGE: tot amount of vasculature (241.8849) < quality threshold 
processing: 4790704_21015_0_1.png
  SKIPPING IMAGE: No vessels found
processing: 4790704_21015_0_0.png
  SKIPPING IMAGE: No vessels found
processing: 4790688_21016_0_0.png
processing: 4790688_21015_0_0.png
processing: 4790623_21016_0_0.png
  SKIPPING IMAGE: tot amount of vasculature (10583.6152) < quality threshold 
processing: 4790623_21015_0_0.png
  SKIPPING IMAGE: tot amount of vasculature (2624.1435) < quality threshold 
processing: 4790561_21016_0_0.png
processing: 4790561_21015_0_0.png
processing: 4790535_21016_0_0.png
  SKIPPING IMAGE: tot amount of vasculature (9029.2844) < quality threshold 
processing: 4790535_21015_0_0.png
  SKIPPING IMAGE: tot amount of vasculature (6171.1382) < quality threshold 
processing: 4790500_21016_1_0.png
processing: 4790500_21015_1_0.png
processing: 4790480_21016_0_0.png
processing: 4790480_21015_0_0.png
processing: 4790472_21016_0_0.png
processing: 4790472_21015_0_0.png
processing: 4790467_21016_0_0.png
  SKIPPING IMAGE: tot amount of vasculature (1633.1561) < quality threshold 
processing: 4790467_21015_0_0.png
  SKIPPING IMAGE: tot amount of vasculature (1821.0962) < quality threshold 
processing: 4790424_21016_0_0.png
processing: 4790424_21015_0_0.png
processing: 4790376_21016_0_0.png
processing: 4790376_21015_0_0.png
processing: 4790309_21016_0_0.png
processing: 4790309_21015_0_0.png
processing: 4790229_21016_0_0.png
  SKIPPING IMAGE: tot amount of vasculature (4159.286) < quality threshold 
processing: 4790229_21015_0_0.png
  SKIPPING IMAGE: tot amount of vasculature (3965.8092) < quality threshold 
processing: 4790208_21016_1_0.png
  SKIPPING IMAGE: tot amount of vasculature (785.7957) < quality threshold 
processing: 4790208_21015_1_0.png
  SKIPPING IMAGE: tot amount of vasculature (2897.4751) < quality threshold 
processing: 4790175_21016_0_0.png
processing: 4790175_21015_0_0.png
processing: 4790158_21016_0_0.png
  SKIPPING IMAGE: tot amount of vasculature (2514.0151) < quality threshold 
processing: 4790158_21015_0_0.png
  SKIPPING IMAGE: tot amount of vasculature (10742.0341) < quality threshold 
processing: 4790126_21016_0_0.png
  SKIPPING IMAGE: tot amount of vasculature (6974.3103) < quality threshold 
processing: 4790126_21015_0_0.png
  SKIPPING IMAGE: tot amount of vasculature (9787.5743) < quality threshold 
processing: 4790095_21016_1_0.png
processing: 4790095_21015_1_0.png
processing: 4790020_21016_0_0.png
processing: 4790020_21015_0_0.png
processing: 4789932_21016_0_0.png
processing: 4789932_21015_0_0.png
processing: 4789865_21016_0_0.png
processing: 4789865_21015_0_0.png
processing: 4789840_21016_1_0.png
processing: 4789840_21015_1_0.png
processing: 4789798_21016_0_0.png
processing: 4789798_21015_0_0.png
processing: 4789730_21016_1_0.png
processing: 4789730_21015_1_0.png
processing: 4789641_21016_0_0.png
processing: 4789641_21015_0_0.png
processing: 4789637_21016_0_0.png
processing: 4789637_21015_0_0.png
processing: 4789615_21016_0_0.png
processing: 4789615_21015_0_0.png
processing: 4789572_21016_0_0.png
processing: 4789572_21015_0_0.png
processing: 4789501_21016_0_0.png
processing: 4789501_21015_0_0.png
processing: 4789389_21016_0_0.png
processing: 4789389_21015_0_0.png
  SKIPPING IMAGE: tot amount of vasculature (9212.0173) < quality threshold 
processing: 4789259_21016_0_0.png
processing: 4789259_21015_0_0.png
processing: 4789197_21016_0_0.png
processing: 4789197_21015_0_0.png
processing: 4789160_21016_0_0.png
processing: 4789160_21015_0_0.png
processing: 4789085_21016_0_0.png
  SKIPPING IMAGE: tot amount of vasculature (3634.5243) < quality threshold 
processing: 4789085_21015_0_0.png
  SKIPPING IMAGE: tot amount of vasculature (2457.2564) < quality threshold 
processing: 4789021_21016_1_0.png
  SKIPPING IMAGE: tot amount of vasculature (9841.2624) < quality threshold 
processing: 4789021_21015_1_0.png
processing: 4788933_21016_0_0.png
  SKIPPING IMAGE: tot amount of vasculature (9698.3705) < quality threshold 
processing: 4788933_21015_0_0.png
  SKIPPING IMAGE: tot amount of vasculature (10545.3879) < quality threshold 
processing: 4788893_21016_0_0.png
processing: 4788893_21015_0_0.png
processing: 4788854_21016_1_0.png
  SKIPPING IMAGE: tot amount of vasculature (10739.85) < quality threshold 
processing: 4788854_21015_1_0.png
processing: 4788822_21016_1_0.png
processing: 4788822_21015_1_0.png
processing: 4788697_21016_1_0.png
processing: 4788697_21015_1_0.png
processing: 4788611_21016_1_0.png
processing: 4788611_21015_1_0.png
processing: 4788527_21016_0_0.png
processing: 4788527_21015_0_0.png
processing: 4788450_21016_0_0.png
processing: 4788450_21015_0_0.png
processing: 4788418_21016_0_0.png
processing: 4788418_21015_0_0.png
processing: 4788404_21016_1_0.png
  SKIPPING IMAGE: tot amount of vasculature (6663.3576) < quality threshold 
processing: 4788404_21015_1_0.png
  SKIPPING IMAGE: tot amount of vasculature (5676.6529) < quality threshold 
processing: 4788323_21016_0_0.png
processing: 4788323_21015_0_0.png
processing: 4788042_21016_0_0.png
processing: 4788042_21015_0_0.png
processing: 4788025_21016_1_0.png
processing: 4788025_21015_1_0.png
processing: 4787955_21016_0_0.png
processing: 4787955_21015_0_0.png
processing: 4787885_21016_1_0.png
  SKIPPING IMAGE: tot amount of vasculature (9525.2609) < quality threshold 
processing: 4787885_21015_1_0.png
processing: 4787768_21016_0_0.png
processing: 4787768_21015_0_0.png
processing: 4787651_21016_1_0.png
  SKIPPING IMAGE: tot amount of vasculature (8800.9097) < quality threshold 
processing: 4787651_21015_1_0.png
  SKIPPING IMAGE: tot amount of vasculature (9402.4974) < quality threshold 
processing: 4787649_21016_0_0.png
processing: 4787649_21015_0_0.png
processing: 4787605_21016_0_0.png
processing: 4787605_21015_0_0.png
processing: 4787576_21016_0_0.png
processing: 4787576_21015_0_0.png
  SKIPPING IMAGE: tot amount of vasculature (10778.4139) < quality threshold 
processing: 4787552_21016_1_0.png
processing: 4787552_21015_1_0.png
processing: 4787391_21016_0_0.png
  SKIPPING IMAGE: tot amount of vasculature (7507.9427) < quality threshold 
processing: 4787391_21015_0_0.png
  SKIPPING IMAGE: tot amount of vasculature (5691.8884) < quality threshold 
processing: 4787119_21016_0_0.png
processing: 4787119_21015_0_0.png
processing: 4786985_21016_0_0.png
processing: 4786985_21015_0_0.png
processing: 4786904_21016_0_0.png
processing: 4786904_21015_0_0.png
  SKIPPING IMAGE: tot amount of vasculature (8747.0422) < quality threshold 
processing: 4786848_21016_0_0.png
processing: 4786848_21015_0_0.png
  SKIPPING IMAGE: tot amount of vasculature (8331.4831) < quality threshold 
processing: 4786781_21016_0_0.png
processing: 4786781_21015_0_0.png
  SKIPPING IMAGE: tot amount of vasculature (6206.4482) < quality threshold 
processing: 4786763_21016_0_0.png
processing: 4786763_21015_0_0.png
processing: 4786678_21016_0_0.png
processing: 4786678_21015_0_0.png
processing: 4786617_21016_0_0.png
processing: 4786617_21015_0_0.png
  SKIPPING IMAGE: tot amount of vasculature (9966.6795) < quality threshold 
processing: 4786540_21016_0_0.png
processing: 4786540_21015_0_0.png
  SKIPPING IMAGE: tot amount of vasculature (4262.6191) < quality threshold 
processing: 4786531_21016_0_0.png
processing: 4786531_21015_0_0.png
processing: 4786382_21016_0_0.png
processing: 4786382_21015_0_0.png
processing: 4786329_21016_0_0.png
  SKIPPING IMAGE: tot amount of vasculature (5808.5125) < quality threshold 
processing: 4786329_21015_0_0.png
  SKIPPING IMAGE: tot amount of vasculature (5770.3971) < quality threshold 
processing: 4786276_21016_0_0.png
  SKIPPING IMAGE: tot amount of vasculature (19.2503) < quality threshold 
processing: 4786276_21015_0_0.png
  SKIPPING IMAGE: tot amount of vasculature (8429.8323) < quality threshold 
processing: 4786252_21016_1_0.png
processing: 4786252_21015_1_0.png
processing: 4786159_21016_0_0.png
processing: 4786159_21015_0_0.png
processing: 4786075_21016_0_0.png
processing: 4786075_21015_0_0.png
processing: 4786069_21016_0_0.png
processing: 4786069_21015_0_0.png
processing: 4786044_21016_0_0.png
  SKIPPING IMAGE: tot amount of vasculature (10698.4033) < quality threshold 
processing: 4786044_21015_0_0.png
processing: 4786003_21016_0_0.png
  SKIPPING IMAGE: tot amount of vasculature (2257.4869) < quality threshold 
processing: 4786003_21015_0_0.png
  SKIPPING IMAGE: tot amount of vasculature (85.2446) < quality threshold 
processing: 4785986_21016_0_0.png
processing: 4785986_21015_0_0.png
processing: 4785951_21016_0_0.png
processing: 4785951_21015_0_0.png
processing: 4785881_21016_1_0.png
  SKIPPING IMAGE: tot amount of vasculature (8208.5648) < quality threshold 
processing: 4785881_21015_1_0.png
processing: 4785791_21016_1_0.png
  SKIPPING IMAGE: No vessels found
processing: 4785791_21015_1_0.png
  SKIPPING IMAGE: tot amount of vasculature (7683.8901) < quality threshold 
processing: 4785787_21016_1_0.png
  SKIPPING IMAGE: tot amount of vasculature (7030.53) < quality threshold 
processing: 4785787_21015_1_0.png
  SKIPPING IMAGE: tot amount of vasculature (7058.8627) < quality threshold 
processing: 4785414_21016_0_0.png
processing: 4785414_21015_0_0.png
processing: 4785395_21016_0_0.png
processing: 4785395_21015_0_0.png
processing: 4785384_21016_0_0.png
processing: 4785384_21015_0_0.png
processing: 4785185_21016_0_0.png
processing: 4785185_21015_0_0.png
processing: 4785177_21016_0_0.png
processing: 4785177_21015_0_0.png
processing: 4785150_21016_1_0.png
  SKIPPING IMAGE: tot amount of vasculature (1368.2732) < quality threshold 
processing: 4785150_21015_1_0.png
  SKIPPING IMAGE: tot amount of vasculature (427.4727) < quality threshold 
processing: 4785118_21016_0_0.png
processing: 4785118_21015_0_0.png
processing: 4785028_21016_0_0.png
processing: 4785028_21015_0_0.png
processing: 4784992_21016_1_0.png
processing: 4784992_21015_1_0.png
processing: 4784979_21016_1_0.png
processing: 4784979_21015_1_0.png
  SKIPPING IMAGE: tot amount of vasculature (10025.1195) < quality threshold 
processing: 4784965_21016_0_0.png
processing: 4784965_21015_0_0.png
processing: 4784931_21016_1_0.png
processing: 4784931_21015_1_0.png
processing: 4784887_21016_1_0.png
processing: 4784887_21015_1_0.png
  SKIPPING IMAGE: tot amount of vasculature (10874.8013) < quality threshold 
processing: 4784869_21016_0_0.png
processing: 4784869_21015_0_0.png
processing: 4784783_21016_0_0.png
  SKIPPING IMAGE: tot amount of vasculature (10537.6671) < quality threshold 
processing: 4784783_21015_0_0.png
processing: 4784745_21016_0_0.png
processing: 4784745_21015_0_0.png
processing: 4784663_21016_0_0.png
processing: 4784663_21015_0_0.png
processing: 4784656_21016_0_0.png
processing: 4784656_21015_0_0.png
processing: 4784642_21016_0_0.png
processing: 4784642_21015_0_0.png
processing: 4784625_21016_0_0.png
processing: 4784625_21015_0_0.png
processing: 4784607_21016_0_0.png
processing: 4784607_21015_0_0.png
processing: 4784533_21016_0_0.png
processing: 4784533_21015_0_0.png
processing: 4784520_21016_0_0.png
processing: 4784520_21015_0_0.png
processing: 4784494_21016_0_0.png
processing: 4784494_21015_0_0.png
  SKIPPING IMAGE: tot amount of vasculature (3930.5548) < quality threshold 
processing: 4784482_21016_1_0.png
  SKIPPING IMAGE: tot amount of vasculature (6547.2821) < quality threshold 
FINISHED: .mat files have been written to: /data/FAC/FBM/DBC/sbergman/retina/UKBiob/fundus/REVIEW//CLRIS/
execution time: 2082 sec
