------------------------------------------
Setting up environment variables
---
LD_LIBRARY_PATH is .:/software/Development/Languages/Matlab_Compiler_Runtime/96/runtime/glnxa64:/software/Development/Languages/Matlab_Compiler_Runtime/96/bin/glnxa64:/software/Development/Languages/Matlab_Compiler_Runtime/96/sys/os/glnxa64:/software/Development/Languages/Matlab_Compiler_Runtime/96/sys/opengl/lib/glnxa64
Running vessel measurements...
processing: 2774992_21016_0_0.png
processing: 2774992_21015_0_0.png
  SKIPPING IMAGE: tot amount of vasculature (7587.8776) < quality threshold 
processing: 2774906_21016_0_0.png
processing: 2774906_21015_0_0.png
processing: 2774891_21016_0_0.png
processing: 2774891_21015_0_0.png
processing: 2774887_21016_0_0.png
  SKIPPING IMAGE: tot amount of vasculature (7234.1457) < quality threshold 
processing: 2774887_21015_0_0.png
  SKIPPING IMAGE: tot amount of vasculature (5151.7243) < quality threshold 
processing: 2774797_21016_1_0.png
processing: 2774797_21015_1_0.png
processing: 2774681_21016_0_0.png
processing: 2774681_21015_0_0.png
processing: 2774663_21016_1_0.png
processing: 2774663_21015_1_0.png
processing: 2774656_21016_0_0.png
processing: 2774656_21015_0_0.png
processing: 2774642_21016_0_0.png
  SKIPPING IMAGE: tot amount of vasculature (6397.797) < quality threshold 
processing: 2774642_21015_0_0.png
processing: 2774638_21016_0_0.png
processing: 2774638_21015_0_0.png
processing: 2774607_21016_0_0.png
  SKIPPING IMAGE: tot amount of vasculature (5461.7537) < quality threshold 
processing: 2774607_21015_0_0.png
  SKIPPING IMAGE: tot amount of vasculature (1601.2814) < quality threshold 
processing: 2774568_21016_0_0.png
processing: 2774568_21015_0_0.png
processing: 2774559_21016_0_0.png
  SKIPPING IMAGE: tot amount of vasculature (4395.2516) < quality threshold 
processing: 2774559_21015_0_0.png
  SKIPPING IMAGE: tot amount of vasculature (4587.2206) < quality threshold 
processing: 2774547_21016_1_0.png
  SKIPPING IMAGE: tot amount of vasculature (2489.8796) < quality threshold 
processing: 2774547_21015_1_0.png
  SKIPPING IMAGE: tot amount of vasculature (9029.7656) < quality threshold 
processing: 2774385_21016_1_0.png
processing: 2774385_21015_1_0.png
processing: 2774321_21016_0_0.png
processing: 2774321_21015_0_0.png
processing: 2774304_21016_0_0.png
processing: 2774304_21015_0_0.png
processing: 2774299_21016_0_0.png
  SKIPPING IMAGE: tot amount of vasculature (4744.0511) < quality threshold 
processing: 2774299_21015_0_0.png
processing: 2774272_21016_1_0.png
Warning: No vessels found in 2774272_21016_1_0
> In Vessel_Data_IO.load_from_file (line 183)
  In REVIEW_evaluate_diameter_measurements (line 125)
  In ARIA_run_tests (line 209)
  SKIPPING IMAGE: No vessels found
processing: 2774272_21015_1_0.png
  SKIPPING IMAGE: tot amount of vasculature (5367.3053) < quality threshold 
processing: 2774186_21016_0_0.png
  SKIPPING IMAGE: tot amount of vasculature (2845.7774) < quality threshold 
processing: 2774186_21015_0_0.png
  SKIPPING IMAGE: tot amount of vasculature (1502.9337) < quality threshold 
processing: 2774151_21016_0_0.png
  SKIPPING IMAGE: tot amount of vasculature (9811.5837) < quality threshold 
processing: 2774151_21015_0_0.png
processing: 2774130_21016_1_0.png
processing: 2774130_21015_1_0.png
processing: 2774035_21016_0_0.png
  SKIPPING IMAGE: tot amount of vasculature (6523.0755) < quality threshold 
processing: 2774035_21015_0_0.png
  SKIPPING IMAGE: tot amount of vasculature (7417.9263) < quality threshold 
processing: 2774017_21016_1_0.png
processing: 2774017_21015_1_0.png
processing: 2774000_21016_1_0.png
processing: 2774000_21015_1_0.png
processing: 2773981_21016_0_0.png
processing: 2773981_21015_0_0.png
processing: 2773956_21016_0_0.png
processing: 2773956_21015_0_0.png
processing: 2773938_21016_0_0.png
  SKIPPING IMAGE: tot amount of vasculature (10418.0884) < quality threshold 
processing: 2773938_21015_0_0.png
  SKIPPING IMAGE: tot amount of vasculature (10768.567) < quality threshold 
processing: 2773907_21016_0_0.png
processing: 2773907_21015_0_0.png
processing: 2773886_21016_0_0.png
processing: 2773886_21015_0_0.png
processing: 2773750_21016_0_0.png
processing: 2773750_21015_0_0.png
  SKIPPING IMAGE: tot amount of vasculature (5360.4091) < quality threshold 
processing: 2773743_21016_0_0.png
processing: 2773743_21015_0_0.png
processing: 2773718_21016_0_0.png
processing: 2773718_21015_0_0.png
processing: 2773517_21016_0_0.png
  SKIPPING IMAGE: tot amount of vasculature (5665.2516) < quality threshold 
processing: 2773517_21015_0_0.png
processing: 2773467_21016_0_0.png
processing: 2773467_21015_0_0.png
processing: 2773455_21016_0_0.png
processing: 2773455_21015_0_0.png
  SKIPPING IMAGE: tot amount of vasculature (4241.2779) < quality threshold 
processing: 2773401_21016_0_0.png
processing: 2773401_21015_0_0.png
processing: 2773360_21016_1_0.png
processing: 2773360_21016_0_0.png
processing: 2773360_21015_1_0.png
  SKIPPING IMAGE: tot amount of vasculature (10308.2775) < quality threshold 
processing: 2773360_21015_0_0.png
processing: 2773309_21016_0_0.png
processing: 2773309_21015_0_0.png
processing: 2773144_21016_1_0.png
  SKIPPING IMAGE: tot amount of vasculature (7540.9025) < quality threshold 
processing: 2773144_21016_0_0.png
processing: 2773144_21015_1_0.png
  SKIPPING IMAGE: tot amount of vasculature (4500.4369) < quality threshold 
processing: 2773144_21015_0_0.png
processing: 2773071_21016_0_0.png
processing: 2773071_21015_0_0.png
processing: 2772929_21016_0_0.png
processing: 2772929_21015_0_0.png
  SKIPPING IMAGE: tot amount of vasculature (9775.8675) < quality threshold 
processing: 2772915_21016_0_0.png
processing: 2772915_21015_0_0.png
processing: 2772908_21015_1_0.png
processing: 2772811_21016_0_0.png
processing: 2772811_21015_0_0.png
processing: 2772778_21016_0_0.png
processing: 2772778_21015_0_0.png
processing: 2772761_21016_0_0.png
  SKIPPING IMAGE: tot amount of vasculature (4264.5676) < quality threshold 
processing: 2772761_21015_0_0.png
  SKIPPING IMAGE: tot amount of vasculature (4284.6257) < quality threshold 
processing: 2772675_21016_0_0.png
  SKIPPING IMAGE: tot amount of vasculature (5226.4355) < quality threshold 
processing: 2772675_21015_0_0.png
  SKIPPING IMAGE: tot amount of vasculature (2220.5105) < quality threshold 
processing: 2772658_21016_0_0.png
processing: 2772658_21015_0_0.png
processing: 2772610_21016_0_0.png
processing: 2772610_21015_0_0.png
  SKIPPING IMAGE: tot amount of vasculature (10071.4331) < quality threshold 
processing: 2772577_21016_1_0.png
processing: 2772577_21015_1_0.png
processing: 2772484_21016_0_0.png
processing: 2772484_21015_0_0.png
processing: 2772468_21016_0_0.png
  SKIPPING IMAGE: tot amount of vasculature (10749.4058) < quality threshold 
processing: 2772468_21015_0_0.png
processing: 2772330_21016_0_0.png
processing: 2772330_21015_0_0.png
processing: 2772281_21016_1_0.png
processing: 2772281_21015_1_0.png
processing: 2772256_21016_0_0.png
processing: 2772256_21015_0_0.png
  SKIPPING IMAGE: tot amount of vasculature (5508.1854) < quality threshold 
processing: 2772192_21016_1_0.png
processing: 2772192_21015_1_0.png
