------------------------------------------
Setting up environment variables
---
LD_LIBRARY_PATH is .:/software/Development/Languages/Matlab_Compiler_Runtime/96/runtime/glnxa64:/software/Development/Languages/Matlab_Compiler_Runtime/96/bin/glnxa64:/software/Development/Languages/Matlab_Compiler_Runtime/96/sys/os/glnxa64:/software/Development/Languages/Matlab_Compiler_Runtime/96/sys/opengl/lib/glnxa64
Running vessel measurements...
processing: 5900266_21015_0_0.png
processing: 5900215_21016_1_0.png
  SKIPPING IMAGE: tot amount of vasculature (7184.1692) < quality threshold 
processing: 5900215_21015_1_0.png
  SKIPPING IMAGE: tot amount of vasculature (5814.6233) < quality threshold 
processing: 5900187_21016_1_0.png
processing: 5900187_21015_1_0.png
processing: 5900103_21016_0_0.png
processing: 5900103_21015_0_0.png
processing: 5900033_21016_1_0.png
processing: 5900033_21015_1_0.png
  SKIPPING IMAGE: tot amount of vasculature (6729.1492) < quality threshold 
processing: 5899987_21016_0_0.png
processing: 5899987_21015_0_0.png
processing: 5899969_21016_0_0.png
processing: 5899969_21015_0_0.png
processing: 5899944_21016_0_0.png
  SKIPPING IMAGE: tot amount of vasculature (8090.1624) < quality threshold 
processing: 5899944_21015_0_0.png
processing: 5899892_21016_1_0.png
processing: 5899892_21015_1_0.png
  SKIPPING IMAGE: tot amount of vasculature (9524.7926) < quality threshold 
processing: 5899798_21016_0_0.png
processing: 5899798_21015_0_0.png
processing: 5899712_21016_0_0.png
processing: 5899712_21015_0_0.png
processing: 5899682_21016_0_0.png
processing: 5899682_21015_0_0.png
processing: 5899641_21016_0_0.png
processing: 5899641_21015_0_0.png
processing: 5899567_21016_0_0.png
processing: 5899567_21015_0_0.png
  SKIPPING IMAGE: tot amount of vasculature (2674.8786) < quality threshold 
processing: 5899463_21016_0_0.png
processing: 5899463_21015_0_0.png
processing: 5899317_21016_0_0.png
processing: 5899317_21015_0_0.png
processing: 5899183_21016_0_0.png
processing: 5899183_21015_0_0.png
  SKIPPING IMAGE: tot amount of vasculature (6887.9938) < quality threshold 
processing: 5899152_21016_1_0.png
  SKIPPING IMAGE: tot amount of vasculature (4290.5322) < quality threshold 
processing: 5899152_21015_1_0.png
  SKIPPING IMAGE: tot amount of vasculature (10022.8425) < quality threshold 
processing: 5899145_21016_0_0.png
processing: 5899145_21015_0_0.png
processing: 5899134_21016_0_0.png
processing: 5899134_21015_0_0.png
processing: 5898971_21016_0_0.png
processing: 5898971_21015_0_0.png
  SKIPPING IMAGE: tot amount of vasculature (9346.1069) < quality threshold 
processing: 5898889_21016_1_0.png
  SKIPPING IMAGE: tot amount of vasculature (8715.3264) < quality threshold 
processing: 5898889_21015_1_0.png
  SKIPPING IMAGE: tot amount of vasculature (9282.8903) < quality threshold 
processing: 5898854_21016_0_0.png
  SKIPPING IMAGE: tot amount of vasculature (4620.9231) < quality threshold 
processing: 5898854_21015_0_0.png
  SKIPPING IMAGE: tot amount of vasculature (6194.2215) < quality threshold 
processing: 5898767_21016_0_0.png
processing: 5898767_21015_0_0.png
  SKIPPING IMAGE: tot amount of vasculature (10770.6776) < quality threshold 
processing: 5898660_21016_1_0.png
  SKIPPING IMAGE: tot amount of vasculature (9658.4606) < quality threshold 
processing: 5898660_21015_1_0.png
  SKIPPING IMAGE: tot amount of vasculature (10831.7505) < quality threshold 
processing: 5898628_21016_1_0.png
  SKIPPING IMAGE: tot amount of vasculature (10724.6691) < quality threshold 
processing: 5898628_21015_1_0.png
processing: 5898598_21016_0_0.png
processing: 5898598_21015_0_0.png
processing: 5898573_21016_0_0.png
  SKIPPING IMAGE: tot amount of vasculature (8125.9183) < quality threshold 
processing: 5898573_21015_0_0.png
  SKIPPING IMAGE: tot amount of vasculature (0.90793) < quality threshold 
processing: 5898530_21016_0_0.png
processing: 5898530_21015_0_0.png
  SKIPPING IMAGE: tot amount of vasculature (9038.5894) < quality threshold 
processing: 5898496_21016_1_0.png
processing: 5898496_21015_1_0.png
processing: 5898443_21016_0_0.png
processing: 5898443_21015_0_0.png
processing: 5898439_21016_0_0.png
  SKIPPING IMAGE: tot amount of vasculature (10879.0998) < quality threshold 
processing: 5898439_21015_0_0.png
  SKIPPING IMAGE: tot amount of vasculature (2919.001) < quality threshold 
processing: 5898418_21016_1_0.png
processing: 5898418_21015_1_0.png
processing: 5898306_21016_0_0.png
processing: 5898306_21015_0_0.png
processing: 5898203_21016_1_0.png
  SKIPPING IMAGE: tot amount of vasculature (8025.1965) < quality threshold 
processing: 5898203_21015_1_0.png
  SKIPPING IMAGE: tot amount of vasculature (9758.2738) < quality threshold 
processing: 5898129_21016_0_0.png
processing: 5898129_21015_0_0.png
processing: 5898115_21016_0_0.png
processing: 5898115_21015_0_0.png
  SKIPPING IMAGE: tot amount of vasculature (10683.6663) < quality threshold 
processing: 5898074_21016_0_0.png
  SKIPPING IMAGE: tot amount of vasculature (6477.7315) < quality threshold 
processing: 5898074_21015_0_0.png
  SKIPPING IMAGE: tot amount of vasculature (9104.8072) < quality threshold 
processing: 5897924_21016_1_0.png
processing: 5897924_21015_1_0.png
processing: 5897896_21016_0_0.png
processing: 5897896_21015_0_0.png
  SKIPPING IMAGE: tot amount of vasculature (6449.71) < quality threshold 
processing: 5897843_21016_0_0.png
processing: 5897843_21015_0_0.png
processing: 5897804_21016_0_0.png
processing: 5897804_21015_0_0.png
processing: 5897784_21016_0_0.png
processing: 5897784_21015_0_0.png
processing: 5897768_21016_1_0.png
processing: 5897768_21015_1_0.png
processing: 5897733_21016_0_0.png
  SKIPPING IMAGE: tot amount of vasculature (7604.6399) < quality threshold 
processing: 5897733_21015_0_1.png
  SKIPPING IMAGE: tot amount of vasculature (2599.7195) < quality threshold 
processing: 5897733_21015_0_0.png
  SKIPPING IMAGE: tot amount of vasculature (4421.2991) < quality threshold 
processing: 5897605_21016_0_0.png
processing: 5897605_21015_0_0.png
processing: 5897528_21016_0_0.png
processing: 5897528_21015_0_0.png
processing: 5897240_21016_0_0.png
processing: 5897240_21015_0_0.png
  SKIPPING IMAGE: tot amount of vasculature (9415.7878) < quality threshold 
processing: 5897082_21016_1_0.png
  SKIPPING IMAGE: tot amount of vasculature (6169.3592) < quality threshold 
processing: 5897082_21015_1_0.png
  SKIPPING IMAGE: tot amount of vasculature (7577.8376) < quality threshold 
processing: 5897066_21016_0_0.png
processing: 5897066_21015_0_0.png
processing: 5897037_21016_1_0.png
  SKIPPING IMAGE: tot amount of vasculature (8721.7359) < quality threshold 
processing: 5897037_21015_1_0.png
  SKIPPING IMAGE: tot amount of vasculature (9483.2779) < quality threshold 
processing: 5896962_21016_0_0.png
  SKIPPING IMAGE: tot amount of vasculature (10537.3552) < quality threshold 
processing: 5896962_21015_0_0.png
processing: 5896867_21016_0_0.png
processing: 5896867_21015_0_0.png
processing: 5896781_21016_0_0.png
processing: 5896781_21015_0_0.png
processing: 5896774_21016_0_0.png
processing: 5896774_21015_0_0.png
processing: 5896763_21016_0_0.png
  SKIPPING IMAGE: tot amount of vasculature (10976.9333) < quality threshold 
processing: 5896763_21015_0_0.png
processing: 5896742_21016_1_0.png
  SKIPPING IMAGE: tot amount of vasculature (65.3726) < quality threshold 
processing: 5896742_21015_1_0.png
  SKIPPING IMAGE: tot amount of vasculature (7328.8286) < quality threshold 
processing: 5896661_21016_0_0.png
  SKIPPING IMAGE: tot amount of vasculature (7310.1022) < quality threshold 
processing: 5896661_21015_0_0.png
  SKIPPING IMAGE: tot amount of vasculature (9886.972) < quality threshold 
processing: 5896635_21016_0_0.png
processing: 5896635_21015_0_0.png
processing: 5896449_21016_0_0.png
processing: 5896449_21015_0_0.png
processing: 5896308_21015_0_0.png
  SKIPPING IMAGE: tot amount of vasculature (8921.3083) < quality threshold 
processing: 5896252_21016_0_0.png
processing: 5896252_21015_0_0.png
processing: 5896209_21016_0_0.png
processing: 5896209_21015_0_0.png
processing: 5896184_21016_1_0.png
processing: 5896184_21015_1_0.png
processing: 5896091_21016_0_0.png
processing: 5896091_21015_0_0.png
processing: 5896075_21016_0_0.png
  SKIPPING IMAGE: tot amount of vasculature (2857.3617) < quality threshold 
processing: 5896075_21015_0_0.png
  SKIPPING IMAGE: tot amount of vasculature (2327.3146) < quality threshold 
processing: 5896032_21016_0_0.png
processing: 5896032_21015_0_0.png
processing: 5895998_21016_0_0.png
processing: 5895998_21015_0_0.png
processing: 5895951_21016_0_0.png
  SKIPPING IMAGE: tot amount of vasculature (3935.0844) < quality threshold 
processing: 5895951_21015_0_0.png
  SKIPPING IMAGE: tot amount of vasculature (149.7561) < quality threshold 
processing: 5895927_21016_0_0.png
processing: 5895927_21015_0_0.png
  SKIPPING IMAGE: tot amount of vasculature (7636.754) < quality threshold 
processing: 5895775_21016_0_0.png
  SKIPPING IMAGE: tot amount of vasculature (6310.907) < quality threshold 
processing: 5895775_21015_0_0.png
processing: 5895492_21016_0_0.png
processing: 5895492_21015_0_0.png
processing: 5895479_21016_0_0.png
processing: 5895479_21015_0_0.png
  SKIPPING IMAGE: tot amount of vasculature (1988.8733) < quality threshold 
processing: 5895423_21016_0_0.png
processing: 5895423_21015_0_0.png
processing: 5895347_21016_1_0.png
processing: 5895347_21015_1_0.png
processing: 5895196_21016_0_0.png
processing: 5895196_21015_0_0.png
processing: 5895177_21016_1_1.png
  SKIPPING IMAGE: tot amount of vasculature (4678.1712) < quality threshold 
processing: 5895177_21016_1_0.png
  SKIPPING IMAGE: tot amount of vasculature (280.3284) < quality threshold 
processing: 5895177_21016_0_0.png
  SKIPPING IMAGE: tot amount of vasculature (5754.335) < quality threshold 
processing: 5895177_21015_1_0.png
  SKIPPING IMAGE: tot amount of vasculature (781.8944) < quality threshold 
processing: 5895177_21015_0_0.png
  SKIPPING IMAGE: tot amount of vasculature (5642.8816) < quality threshold 
processing: 5895139_21016_0_0.png
processing: 5895139_21015_0_0.png
processing: 5895104_21016_0_0.png
  SKIPPING IMAGE: tot amount of vasculature (2077.5172) < quality threshold 
processing: 5895104_21015_0_0.png
  SKIPPING IMAGE: tot amount of vasculature (5801.3028) < quality threshold 
processing: 5895028_21016_0_0.png
processing: 5895028_21015_0_0.png
processing: 5895009_21016_0_0.png
processing: 5895009_21015_0_0.png
processing: 5894992_21016_1_0.png
processing: 5894992_21015_1_0.png
processing: 5894858_21016_0_0.png
  SKIPPING IMAGE: tot amount of vasculature (7958.5693) < quality threshold 
processing: 5894858_21015_0_0.png
  SKIPPING IMAGE: tot amount of vasculature (7778.1285) < quality threshold 
processing: 5894797_21016_0_0.png
  SKIPPING IMAGE: tot amount of vasculature (6467.6474) < quality threshold 
processing: 5894797_21015_0_0.png
  SKIPPING IMAGE: tot amount of vasculature (10819.6805) < quality threshold 
processing: 5894595_21016_0_0.png
processing: 5894595_21015_0_0.png
processing: 5894453_21016_0_0.png
  SKIPPING IMAGE: tot amount of vasculature (7211.0914) < quality threshold 
processing: 5894453_21015_0_0.png
processing: 5894441_21016_0_0.png
processing: 5894441_21015_0_0.png
processing: 5894164_21016_0_0.png
processing: 5894164_21015_0_0.png
processing: 5894022_21016_0_0.png
processing: 5894022_21015_0_0.png
processing: 5893956_21016_0_0.png
processing: 5893956_21015_0_0.png
processing: 5893886_21016_0_0.png
processing: 5893886_21015_0_0.png
processing: 5893688_21016_0_0.png
processing: 5893688_21015_0_0.png
processing: 5893665_21016_0_0.png
processing: 5893665_21015_0_0.png
processing: 5893640_21016_0_0.png
  SKIPPING IMAGE: tot amount of vasculature (1932.4993) < quality threshold 
processing: 5893640_21015_0_0.png
  SKIPPING IMAGE: tot amount of vasculature (4214.8006) < quality threshold 
processing: 5893589_21016_0_0.png
processing: 5893589_21015_0_0.png
processing: 5893517_21016_0_0.png
  SKIPPING IMAGE: tot amount of vasculature (9135.5244) < quality threshold 
processing: 5893517_21015_0_0.png
  SKIPPING IMAGE: tot amount of vasculature (8116.9784) < quality threshold 
processing: 5893480_21016_0_0.png
  SKIPPING IMAGE: tot amount of vasculature (2958.9298) < quality threshold 
processing: 5893480_21015_0_0.png
  SKIPPING IMAGE: tot amount of vasculature (3022.5183) < quality threshold 
processing: 5893309_21016_0_0.png
processing: 5893309_21015_0_0.png
  SKIPPING IMAGE: tot amount of vasculature (10267.9344) < quality threshold 
processing: 5893229_21016_0_0.png
processing: 5893229_21015_0_0.png
processing: 5893187_21016_0_0.png
processing: 5893187_21015_0_0.png
processing: 5893110_21016_0_0.png
  SKIPPING IMAGE: tot amount of vasculature (4010.7095) < quality threshold 
processing: 5893110_21015_0_0.png
  SKIPPING IMAGE: tot amount of vasculature (7634.7081) < quality threshold 
processing: 5893071_21016_1_0.png
  SKIPPING IMAGE: tot amount of vasculature (10152.2816) < quality threshold 
processing: 5893071_21015_1_0.png
  SKIPPING IMAGE: tot amount of vasculature (7958.0895) < quality threshold 
processing: 5892982_21016_1_0.png
processing: 5892982_21015_1_0.png
processing: 5892966_21016_0_0.png
  SKIPPING IMAGE: tot amount of vasculature (10655.2451) < quality threshold 
processing: 5892966_21015_0_0.png
processing: 5892876_21016_0_0.png
  SKIPPING IMAGE: tot amount of vasculature (10916.641) < quality threshold 
processing: 5892876_21015_0_0.png
processing: 5892811_21016_0_0.png
processing: 5892811_21015_0_0.png
processing: 5892722_21016_0_0.png
  SKIPPING IMAGE: tot amount of vasculature (10899.7982) < quality threshold 
processing: 5892722_21015_0_0.png
  SKIPPING IMAGE: tot amount of vasculature (10775.725) < quality threshold 
processing: 5892700_21016_0_0.png
processing: 5892700_21015_0_0.png
processing: 5892691_21016_0_0.png
  SKIPPING IMAGE: tot amount of vasculature (3704.264) < quality threshold 
processing: 5892691_21015_0_0.png
  SKIPPING IMAGE: tot amount of vasculature (8760.1893) < quality threshold 
processing: 5892610_21016_0_0.png
processing: 5892610_21015_0_0.png
processing: 5892603_21016_0_0.png
  SKIPPING IMAGE: tot amount of vasculature (1532.5843) < quality threshold 
processing: 5892603_21015_0_0.png
  SKIPPING IMAGE: tot amount of vasculature (43.9083) < quality threshold 
processing: 5892550_21016_0_0.png
processing: 5892550_21015_0_0.png
processing: 5892504_21016_0_0.png
processing: 5892504_21015_0_0.png
processing: 5892468_21016_0_0.png
processing: 5892468_21015_0_0.png
processing: 5892416_21016_1_0.png
processing: 5892416_21015_1_0.png
processing: 5892386_21016_0_0.png
processing: 5892386_21015_0_0.png
processing: 5892330_21016_0_0.png
processing: 5892330_21015_0_0.png
  SKIPPING IMAGE: tot amount of vasculature (8182.6692) < quality threshold 
processing: 5892238_21016_0_0.png
processing: 5892238_21015_0_0.png
processing: 5892225_21016_0_0.png
processing: 5892225_21015_0_0.png
processing: 5892219_21016_1_0.png
processing: 5892219_21015_1_0.png
  SKIPPING IMAGE: tot amount of vasculature (7442.2913) < quality threshold 
processing: 5891895_21016_0_0.png
processing: 5891895_21015_0_0.png
processing: 5891816_21016_0_0.png
processing: 5891816_21015_0_0.png
processing: 5891715_21016_1_0.png
processing: 5891715_21015_1_0.png
processing: 5891662_21016_0_0.png
  SKIPPING IMAGE: tot amount of vasculature (5317.231) < quality threshold 
processing: 5891662_21015_0_0.png
processing: 5891532_21016_0_0.png
  SKIPPING IMAGE: tot amount of vasculature (1562.3404) < quality threshold 
processing: 5891532_21015_0_0.png
  SKIPPING IMAGE: tot amount of vasculature (1949.487) < quality threshold 
processing: 5891483_21016_0_0.png
  SKIPPING IMAGE: tot amount of vasculature (10430.5012) < quality threshold 
processing: 5891483_21015_0_0.png
processing: 5891434_21016_0_0.png
  SKIPPING IMAGE: tot amount of vasculature (1479.974) < quality threshold 
processing: 5891434_21015_0_0.png
  SKIPPING IMAGE: tot amount of vasculature (8826.3526) < quality threshold 
processing: 5891428_21016_0_0.png
processing: 5891428_21015_0_0.png
  SKIPPING IMAGE: tot amount of vasculature (10964.6935) < quality threshold 
processing: 5891342_21016_0_0.png
processing: 5891342_21015_0_0.png
processing: 5891264_21016_0_0.png
processing: 5891264_21015_0_0.png
processing: 5891040_21016_1_0.png
  SKIPPING IMAGE: tot amount of vasculature (7530.9764) < quality threshold 
processing: 5891040_21015_1_0.png
processing: 5890853_21016_0_0.png
processing: 5890853_21015_0_0.png
  SKIPPING IMAGE: tot amount of vasculature (9004.6479) < quality threshold 
processing: 5890792_21016_0_0.png
processing: 5890792_21015_0_0.png
processing: 5890788_21016_1_0.png
processing: 5890788_21015_1_0.png
processing: 5890779_21016_0_0.png
processing: 5890779_21015_0_0.png
processing: 5890731_21016_0_0.png
  SKIPPING IMAGE: tot amount of vasculature (3834.9945) < quality threshold 
processing: 5890731_21015_0_0.png
  SKIPPING IMAGE: tot amount of vasculature (3182.1857) < quality threshold 
processing: 5890695_21016_0_0.png
  SKIPPING IMAGE: tot amount of vasculature (7052.5399) < quality threshold 
processing: 5890695_21015_0_0.png
  SKIPPING IMAGE: tot amount of vasculature (578.9333) < quality threshold 
processing: 5890668_21016_0_0.png
processing: 5890668_21015_0_0.png
processing: 5890620_21016_0_0.png
processing: 5890620_21015_0_0.png
processing: 5890616_21016_0_0.png
processing: 5890616_21015_0_0.png
processing: 5890581_21016_1_0.png
  SKIPPING IMAGE: tot amount of vasculature (2412.4875) < quality threshold 
processing: 5890581_21015_1_0.png
  SKIPPING IMAGE: tot amount of vasculature (6112.3422) < quality threshold 
processing: 5890469_21016_0_0.png
processing: 5890469_21015_0_0.png
processing: 5890380_21016_0_0.png
processing: 5890380_21015_0_0.png
processing: 5890367_21016_0_0.png
processing: 5890367_21015_0_0.png
processing: 5890243_21016_0_0.png
processing: 5890243_21015_0_0.png
processing: 5890189_21016_0_1.png
  SKIPPING IMAGE: tot amount of vasculature (6920.4379) < quality threshold 
processing: 5890189_21016_0_0.png
  SKIPPING IMAGE: tot amount of vasculature (4959.9877) < quality threshold 
processing: 5890189_21015_0_0.png
  SKIPPING IMAGE: tot amount of vasculature (3391.5424) < quality threshold 
processing: 5890146_21016_0_0.png
processing: 5890146_21015_0_0.png
processing: 5890117_21016_0_0.png
  SKIPPING IMAGE: tot amount of vasculature (8761.3488) < quality threshold 
processing: 5890117_21015_0_0.png
  SKIPPING IMAGE: tot amount of vasculature (9380.8363) < quality threshold 
processing: 5890100_21016_0_0.png
FINISHED: .mat files have been written to: /data/FAC/FBM/DBC/sbergman/retina/UKBiob/fundus/REVIEW//CLRIS/
execution time: 1704 sec
