------------------------------------------
Setting up environment variables
---
LD_LIBRARY_PATH is .:/software/Development/Languages/Matlab_Compiler_Runtime/96/runtime/glnxa64:/software/Development/Languages/Matlab_Compiler_Runtime/96/bin/glnxa64:/software/Development/Languages/Matlab_Compiler_Runtime/96/sys/os/glnxa64:/software/Development/Languages/Matlab_Compiler_Runtime/96/sys/opengl/lib/glnxa64
Running vessel measurements...
processing: 3260356_21016_0_0.png
processing: 3260356_21015_0_0.png
processing: 3260319_21016_1_0.png
processing: 3260319_21015_1_0.png
processing: 3260298_21016_0_0.png
  SKIPPING IMAGE: tot amount of vasculature (3420.4481) < quality threshold 
processing: 3260298_21015_0_0.png
  SKIPPING IMAGE: tot amount of vasculature (4139.6784) < quality threshold 
processing: 3260273_21016_0_0.png
processing: 3260273_21015_0_0.png
processing: 3260180_21016_0_0.png
  SKIPPING IMAGE: No vessels found
processing: 3260180_21015_0_0.png
  SKIPPING IMAGE: tot amount of vasculature (7014.5112) < quality threshold 
processing: 3260172_21016_0_0.png
processing: 3260172_21015_0_0.png
processing: 3260124_21016_0_0.png
processing: 3260124_21015_0_0.png
processing: 3260065_21016_0_0.png
processing: 3260065_21015_0_0.png
processing: 3260040_21016_0_0.png
processing: 3260040_21015_0_0.png
processing: 3260031_21016_0_0.png
processing: 3260031_21015_0_0.png
processing: 3260014_21016_0_0.png
processing: 3260014_21015_0_0.png
processing: 3259913_21016_0_0.png
processing: 3259913_21015_0_0.png
processing: 3259843_21016_1_0.png
processing: 3259843_21015_1_0.png
  SKIPPING IMAGE: tot amount of vasculature (2247.5914) < quality threshold 
processing: 3259839_21016_1_0.png
processing: 3259839_21015_1_0.png
  SKIPPING IMAGE: tot amount of vasculature (5994.9717) < quality threshold 
processing: 3259784_21016_1_0.png
processing: 3259784_21016_0_0.png
processing: 3259784_21015_1_0.png
processing: 3259784_21015_0_0.png
processing: 3259733_21016_0_0.png
  SKIPPING IMAGE: tot amount of vasculature (5484.2573) < quality threshold 
processing: 3259733_21015_0_0.png
processing: 3259612_21016_0_0.png
  SKIPPING IMAGE: tot amount of vasculature (3219.2669) < quality threshold 
processing: 3259612_21015_0_0.png
  SKIPPING IMAGE: tot amount of vasculature (3139.6867) < quality threshold 
processing: 3259534_21016_1_0.png
processing: 3259534_21015_1_0.png
processing: 3259528_21016_0_0.png
  SKIPPING IMAGE: tot amount of vasculature (4824.2668) < quality threshold 
processing: 3259528_21015_0_0.png
  SKIPPING IMAGE: tot amount of vasculature (4866.3437) < quality threshold 
processing: 3259387_21016_0_0.png
processing: 3259387_21015_0_0.png
processing: 3259332_21016_1_0.png
processing: 3259332_21015_1_0.png
processing: 3259292_21016_1_0.png
processing: 3259292_21015_1_0.png
processing: 3259265_21016_0_0.png
processing: 3259265_21015_0_0.png
processing: 3259257_21016_0_0.png
processing: 3259257_21015_0_0.png
processing: 3259214_21016_0_0.png
processing: 3259214_21015_0_0.png
processing: 3259029_21016_1_0.png
processing: 3259029_21015_1_0.png
processing: 3259008_21016_1_0.png
  SKIPPING IMAGE: tot amount of vasculature (7619.2224) < quality threshold 
processing: 3259008_21015_1_0.png
  SKIPPING IMAGE: tot amount of vasculature (10936.7179) < quality threshold 
processing: 3258979_21016_0_0.png
processing: 3258979_21015_0_0.png
processing: 3258965_21016_0_0.png
processing: 3258965_21015_0_0.png
processing: 3258940_21016_0_0.png
  SKIPPING IMAGE: tot amount of vasculature (2105.4377) < quality threshold 
processing: 3258940_21015_0_0.png
  SKIPPING IMAGE: tot amount of vasculature (6987.121) < quality threshold 
processing: 3258887_21016_0_0.png
processing: 3258887_21015_0_0.png
  SKIPPING IMAGE: tot amount of vasculature (4112.91) < quality threshold 
processing: 3258783_21016_0_0.png
  SKIPPING IMAGE: tot amount of vasculature (8548.1601) < quality threshold 
processing: 3258783_21015_0_0.png
  SKIPPING IMAGE: tot amount of vasculature (10747.682) < quality threshold 
processing: 3258776_21016_1_0.png
processing: 3258776_21015_1_0.png
  SKIPPING IMAGE: tot amount of vasculature (8048.3144) < quality threshold 
processing: 3258734_21016_0_0.png
  SKIPPING IMAGE: No vessels found
processing: 3258728_21016_1_0.png
  SKIPPING IMAGE: tot amount of vasculature (10453.8183) < quality threshold 
processing: 3258728_21015_1_0.png
  SKIPPING IMAGE: tot amount of vasculature (10525.751) < quality threshold 
processing: 3258709_21016_0_0.png
processing: 3258709_21015_0_0.png
processing: 3258656_21016_1_0.png
processing: 3258656_21015_1_0.png
processing: 3258642_21016_0_0.png
processing: 3258642_21015_0_0.png
processing: 3258584_21016_0_0.png
processing: 3258584_21015_0_0.png
processing: 3258437_21016_0_0.png
processing: 3258437_21015_0_0.png
processing: 3258396_21016_0_0.png
processing: 3258396_21015_0_0.png
processing: 3258339_21016_0_0.png
  SKIPPING IMAGE: tot amount of vasculature (10025.0817) < quality threshold 
processing: 3258339_21015_0_0.png
  SKIPPING IMAGE: tot amount of vasculature (7427.331) < quality threshold 
processing: 3258255_21016_1_0.png
processing: 3258255_21015_1_0.png
processing: 3258151_21016_0_0.png
  SKIPPING IMAGE: tot amount of vasculature (10898.7025) < quality threshold 
processing: 3258151_21015_0_0.png
processing: 3258149_21016_0_0.png
processing: 3258149_21015_0_0.png
processing: 3258093_21016_1_0.png
  SKIPPING IMAGE: tot amount of vasculature (2515.3621) < quality threshold 
processing: 3258093_21015_1_0.png
  SKIPPING IMAGE: tot amount of vasculature (3350.3468) < quality threshold 
processing: 3258046_21016_0_0.png
processing: 3258046_21015_0_0.png
processing: 3257945_21016_0_0.png
processing: 3257945_21015_0_0.png
processing: 3257870_21016_0_0.png
processing: 3257870_21015_0_0.png
processing: 3257853_21016_0_0.png
processing: 3257853_21015_0_0.png
processing: 3257792_21016_0_0.png
processing: 3257792_21015_0_0.png
processing: 3257574_21016_0_0.png
processing: 3257574_21015_0_0.png
processing: 3257538_21016_0_0.png
  SKIPPING IMAGE: tot amount of vasculature (9730.2821) < quality threshold 
processing: 3257538_21015_0_0.png
  SKIPPING IMAGE: tot amount of vasculature (9415.469) < quality threshold 
processing: 3257458_21016_0_0.png
processing: 3257458_21015_0_0.png
processing: 3257426_21016_0_0.png
  SKIPPING IMAGE: tot amount of vasculature (5171.9611) < quality threshold 
processing: 3257426_21015_0_0.png
  SKIPPING IMAGE: tot amount of vasculature (7716.8406) < quality threshold 
processing: 3257372_21016_0_0.png
processing: 3257372_21015_0_0.png
processing: 3257355_21016_1_0.png
processing: 3257355_21015_1_0.png
  SKIPPING IMAGE: tot amount of vasculature (9727.4174) < quality threshold 
processing: 3257348_21016_0_0.png
  SKIPPING IMAGE: tot amount of vasculature (9133.062) < quality threshold 
processing: 3257348_21015_0_0.png
  SKIPPING IMAGE: tot amount of vasculature (8856.7998) < quality threshold 
processing: 3257324_21016_1_0.png
  SKIPPING IMAGE: tot amount of vasculature (7127.5703) < quality threshold 
processing: 3257324_21015_1_0.png
  SKIPPING IMAGE: tot amount of vasculature (10184.5893) < quality threshold 
processing: 3257262_21016_0_0.png
  SKIPPING IMAGE: tot amount of vasculature (8497.536) < quality threshold 
processing: 3257262_21015_0_0.png
processing: 3257122_21016_0_0.png
processing: 3257122_21015_0_0.png
