------------------------------------------
Setting up environment variables
---
LD_LIBRARY_PATH is .:/software/Development/Languages/Matlab_Compiler_Runtime/96/runtime/glnxa64:/software/Development/Languages/Matlab_Compiler_Runtime/96/bin/glnxa64:/software/Development/Languages/Matlab_Compiler_Runtime/96/sys/os/glnxa64:/software/Development/Languages/Matlab_Compiler_Runtime/96/sys/opengl/lib/glnxa64
Running vessel measurements...
processing: 5065121_21016_0_0.png
processing: 5065121_21015_0_0.png
processing: 5064931_21016_0_0.png
processing: 5064931_21015_0_0.png
  SKIPPING IMAGE: tot amount of vasculature (10914.1102) < quality threshold 
processing: 5064891_21016_0_0.png
processing: 5064891_21015_0_0.png
processing: 5064887_21016_0_0.png
processing: 5064887_21015_0_0.png
processing: 5064875_21016_0_0.png
  SKIPPING IMAGE: tot amount of vasculature (10078.1911) < quality threshold 
processing: 5064875_21015_0_0.png
  SKIPPING IMAGE: tot amount of vasculature (7952.1104) < quality threshold 
processing: 5064869_21016_0_0.png
processing: 5064869_21015_0_0.png
processing: 5064783_21016_0_0.png
processing: 5064783_21015_0_0.png
processing: 5064760_21016_1_0.png
  SKIPPING IMAGE: tot amount of vasculature (4975.9222) < quality threshold 
processing: 5064760_21015_1_0.png
  SKIPPING IMAGE: tot amount of vasculature (2570.4325) < quality threshold 
processing: 5064752_21016_0_0.png
processing: 5064752_21015_0_0.png
processing: 5064711_21016_0_0.png
processing: 5064711_21015_0_0.png
processing: 5064709_21016_0_0.png
processing: 5064709_21015_0_0.png
processing: 5064607_21016_0_0.png
processing: 5064607_21015_0_0.png
  SKIPPING IMAGE: tot amount of vasculature (8905.8466) < quality threshold 
processing: 5064453_21016_1_0.png
  SKIPPING IMAGE: No vessels found
processing: 5064453_21016_0_0.png
  SKIPPING IMAGE: tot amount of vasculature (2797.2426) < quality threshold 
processing: 5064453_21015_1_0.png
  SKIPPING IMAGE: tot amount of vasculature (166.752) < quality threshold 
processing: 5064453_21015_0_0.png
  SKIPPING IMAGE: tot amount of vasculature (4899.0059) < quality threshold 
processing: 5064441_21016_0_0.png
processing: 5064441_21015_0_0.png
processing: 5064408_21016_0_0.png
processing: 5064408_21015_0_0.png
processing: 5064362_21016_0_0.png
processing: 5064362_21015_0_0.png
processing: 5064339_21016_0_0.png
processing: 5064339_21015_0_0.png
processing: 5064318_21016_0_0.png
  SKIPPING IMAGE: tot amount of vasculature (6700.7444) < quality threshold 
processing: 5064318_21015_0_0.png
processing: 5064299_21016_1_0.png
  SKIPPING IMAGE: tot amount of vasculature (10859.934) < quality threshold 
processing: 5064299_21015_1_0.png
  SKIPPING IMAGE: tot amount of vasculature (690.4181) < quality threshold 
processing: 5064280_21016_1_0.png
processing: 5064280_21015_1_0.png
  SKIPPING IMAGE: tot amount of vasculature (5876.2163) < quality threshold 
processing: 5064272_21016_1_0.png
processing: 5064272_21015_1_0.png
  SKIPPING IMAGE: tot amount of vasculature (5293.5031) < quality threshold 
processing: 5064267_21016_0_0.png
processing: 5064267_21015_0_0.png
  SKIPPING IMAGE: tot amount of vasculature (8455.6863) < quality threshold 
processing: 5064173_21016_0_0.png
processing: 5064173_21015_0_0.png
processing: 5064164_21016_0_0.png
processing: 5064164_21015_0_0.png
processing: 5064105_21016_0_0.png
processing: 5064105_21015_0_0.png
processing: 5064078_21016_1_0.png
  SKIPPING IMAGE: tot amount of vasculature (1971.9425) < quality threshold 
processing: 5064078_21015_1_0.png
  SKIPPING IMAGE: tot amount of vasculature (5200.3681) < quality threshold 
processing: 5064061_21016_1_0.png
processing: 5064061_21015_1_0.png
processing: 5064054_21016_0_0.png
processing: 5064054_21015_0_0.png
  SKIPPING IMAGE: tot amount of vasculature (9670.8901) < quality threshold 
processing: 5064035_21016_0_0.png
processing: 5064035_21015_0_0.png
processing: 5064017_21016_0_0.png
processing: 5064017_21015_0_0.png
processing: 5063963_21016_0_0.png
processing: 5063963_21015_0_0.png
  SKIPPING IMAGE: tot amount of vasculature (8889.8389) < quality threshold 
processing: 5063938_21016_1_0.png
processing: 5063938_21015_1_0.png
processing: 5063919_21016_0_0.png
  SKIPPING IMAGE: tot amount of vasculature (2491.3707) < quality threshold 
processing: 5063919_21015_0_0.png
processing: 5063849_21016_1_0.png
  SKIPPING IMAGE: tot amount of vasculature (10879.8629) < quality threshold 
processing: 5063849_21015_1_0.png
  SKIPPING IMAGE: tot amount of vasculature (6285.414) < quality threshold 
processing: 5063750_21016_0_0.png
processing: 5063750_21015_0_0.png
processing: 5063739_21016_1_0.png
  SKIPPING IMAGE: tot amount of vasculature (2113.001) < quality threshold 
processing: 5063739_21015_1_0.png
  SKIPPING IMAGE: tot amount of vasculature (131.5173) < quality threshold 
processing: 5063614_21016_0_0.png
  SKIPPING IMAGE: tot amount of vasculature (8373.3302) < quality threshold 
processing: 5063614_21015_0_0.png
  SKIPPING IMAGE: tot amount of vasculature (10060.8511) < quality threshold 
processing: 5063589_21016_0_0.png
  SKIPPING IMAGE: tot amount of vasculature (6617.0958) < quality threshold 
processing: 5063589_21015_0_0.png
  SKIPPING IMAGE: tot amount of vasculature (3289.9268) < quality threshold 
processing: 5063578_21016_0_0.png
processing: 5063578_21015_0_0.png
processing: 5063554_21016_0_0.png
  SKIPPING IMAGE: tot amount of vasculature (4654.1522) < quality threshold 
processing: 5063554_21015_0_0.png
  SKIPPING IMAGE: tot amount of vasculature (7072.4165) < quality threshold 
processing: 5063517_21016_0_0.png
processing: 5063517_21015_0_0.png
processing: 5063467_21015_0_0.png
processing: 5063352_21016_0_0.png
  SKIPPING IMAGE: tot amount of vasculature (8362.4437) < quality threshold 
processing: 5063352_21015_0_0.png
  SKIPPING IMAGE: tot amount of vasculature (7820.1909) < quality threshold 
processing: 5063241_21016_0_0.png
processing: 5063241_21015_0_0.png
processing: 5063229_21016_0_0.png
processing: 5063229_21015_0_0.png
processing: 5063215_21016_0_0.png
  SKIPPING IMAGE: tot amount of vasculature (9375.1241) < quality threshold 
processing: 5063215_21015_0_0.png
  SKIPPING IMAGE: tot amount of vasculature (1804.627) < quality threshold 
processing: 5063144_21016_0_0.png
processing: 5063144_21015_0_0.png
processing: 5063059_21016_0_0.png
processing: 5063059_21015_0_0.png
processing: 5062929_21016_0_0.png
  SKIPPING IMAGE: tot amount of vasculature (10644.0513) < quality threshold 
processing: 5062929_21015_0_0.png
processing: 5062876_21016_0_0.png
processing: 5062876_21015_0_0.png
processing: 5062852_21016_0_0.png
processing: 5062852_21015_0_0.png
processing: 5062789_21016_0_0.png
  SKIPPING IMAGE: tot amount of vasculature (3587.5224) < quality threshold 
processing: 5062789_21015_0_0.png
processing: 5062754_21016_0_0.png
processing: 5062754_21015_0_0.png
processing: 5062700_21016_0_0.png
processing: 5062700_21015_0_0.png
processing: 5062644_21016_0_0.png
  SKIPPING IMAGE: tot amount of vasculature (3259.3734) < quality threshold 
processing: 5062644_21015_0_0.png
  SKIPPING IMAGE: tot amount of vasculature (3465.367) < quality threshold 
processing: 5062585_21016_0_1.png
processing: 5062585_21016_0_0.png
  SKIPPING IMAGE: tot amount of vasculature (6455.6722) < quality threshold 
processing: 5062585_21015_0_1.png
  SKIPPING IMAGE: tot amount of vasculature (10156.4552) < quality threshold 
processing: 5062585_21015_0_0.png
  SKIPPING IMAGE: tot amount of vasculature (10240.5371) < quality threshold 
processing: 5062468_21016_1_0.png
processing: 5062468_21015_1_0.png
  SKIPPING IMAGE: tot amount of vasculature (10572.3522) < quality threshold 
processing: 5062447_21016_0_0.png
  SKIPPING IMAGE: No vessels found
processing: 5062447_21015_0_0.png
  SKIPPING IMAGE: tot amount of vasculature (7304.5225) < quality threshold 
processing: 5062420_21016_0_0.png
processing: 5062420_21015_0_0.png
processing: 5062402_21016_0_0.png
  SKIPPING IMAGE: tot amount of vasculature (7078.1581) < quality threshold 
processing: 5062402_21015_0_0.png
  SKIPPING IMAGE: tot amount of vasculature (561.3083) < quality threshold 
processing: 5062386_21016_0_0.png
processing: 5062386_21015_0_0.png
  SKIPPING IMAGE: tot amount of vasculature (5622.5811) < quality threshold 
processing: 5062238_21016_0_0.png
  SKIPPING IMAGE: tot amount of vasculature (9202.2577) < quality threshold 
processing: 5062238_21015_0_0.png
  SKIPPING IMAGE: tot amount of vasculature (6451.1143) < quality threshold 
processing: 5062192_21016_0_0.png
  SKIPPING IMAGE: tot amount of vasculature (10382.0777) < quality threshold 
processing: 5062192_21015_0_0.png
  SKIPPING IMAGE: tot amount of vasculature (7926.6091) < quality threshold 
processing: 5062131_21016_0_0.png
processing: 5062131_21015_0_0.png
processing: 5062114_21016_0_0.png
processing: 5062114_21015_0_0.png
processing: 5062072_21016_1_0.png
  SKIPPING IMAGE: tot amount of vasculature (1313.8073) < quality threshold 
processing: 5062072_21015_1_0.png
  SKIPPING IMAGE: tot amount of vasculature (6880.0789) < quality threshold 
processing: 5061989_21016_1_0.png
  SKIPPING IMAGE: tot amount of vasculature (1688.5115) < quality threshold 
processing: 5061989_21015_1_0.png
  SKIPPING IMAGE: tot amount of vasculature (2782.8262) < quality threshold 
processing: 5061935_21016_0_0.png
processing: 5061935_21015_0_0.png
processing: 5061917_21016_0_0.png
processing: 5061917_21015_0_0.png
processing: 5061871_21016_0_0.png
processing: 5061871_21015_0_0.png
processing: 5061802_21016_0_0.png
processing: 5061802_21015_0_0.png
processing: 5061766_21016_0_0.png
processing: 5061766_21015_0_0.png
processing: 5061696_21016_0_0.png
  SKIPPING IMAGE: tot amount of vasculature (8356.3738) < quality threshold 
processing: 5061696_21015_0_0.png
  SKIPPING IMAGE: tot amount of vasculature (8451.6043) < quality threshold 
processing: 5061650_21016_1_0.png
processing: 5061650_21015_1_0.png
processing: 5061643_21016_0_0.png
processing: 5061643_21015_0_0.png
processing: 5061621_21016_1_0.png
processing: 5061621_21015_1_0.png
processing: 5061569_21016_0_0.png
processing: 5061569_21015_0_0.png
processing: 5061558_21016_1_0.png
processing: 5061558_21015_1_0.png
processing: 5061428_21016_0_0.png
  SKIPPING IMAGE: tot amount of vasculature (5725.7077) < quality threshold 
processing: 5061428_21015_0_0.png
  SKIPPING IMAGE: tot amount of vasculature (10305.4948) < quality threshold 
processing: 5061374_21016_0_0.png
processing: 5061374_21015_0_0.png
processing: 5061319_21016_0_0.png
  SKIPPING IMAGE: tot amount of vasculature (10289.8071) < quality threshold 
processing: 5061319_21015_0_0.png
  SKIPPING IMAGE: tot amount of vasculature (10392.1182) < quality threshold 
processing: 5061286_21016_0_0.png
  SKIPPING IMAGE: tot amount of vasculature (3628.8597) < quality threshold 
processing: 5061286_21015_0_0.png
  SKIPPING IMAGE: tot amount of vasculature (1672.1882) < quality threshold 
processing: 5061092_21016_0_0.png
  SKIPPING IMAGE: tot amount of vasculature (6290.9265) < quality threshold 
processing: 5061092_21015_0_0.png
processing: 5061065_21016_1_0.png
processing: 5061065_21015_1_0.png
processing: 5060866_21016_0_0.png
processing: 5060866_21015_0_0.png
processing: 5060829_21016_0_0.png
processing: 5060829_21015_0_0.png
processing: 5060740_21016_1_0.png
processing: 5060740_21015_1_0.png
processing: 5060706_21016_1_0.png
processing: 5060706_21015_1_0.png
processing: 5060695_21016_1_0.png
  SKIPPING IMAGE: tot amount of vasculature (10725.9412) < quality threshold 
processing: 5060695_21015_1_0.png
processing: 5060684_21016_0_0.png
processing: 5060684_21015_0_0.png
processing: 5060647_21016_1_0.png
processing: 5060647_21015_1_0.png
processing: 5060602_21016_0_0.png
processing: 5060602_21015_0_0.png
processing: 5060519_21016_0_0.png
processing: 5060519_21015_0_0.png
processing: 5060239_21016_0_0.png
processing: 5060239_21015_0_0.png
processing: 5060122_21016_0_0.png
processing: 5060122_21015_0_0.png
processing: 5060100_21016_1_0.png
processing: 5060100_21016_0_0.png
processing: 5060100_21015_1_0.png
  SKIPPING IMAGE: tot amount of vasculature (10370.4996) < quality threshold 
processing: 5060100_21015_0_0.png
processing: 5060098_21016_0_0.png
processing: 5060098_21015_0_0.png
processing: 5060086_21016_0_0.png
processing: 5060086_21015_0_0.png
  SKIPPING IMAGE: tot amount of vasculature (10228.3731) < quality threshold 
processing: 5060064_21016_0_0.png
processing: 5060064_21015_0_0.png
processing: 5059978_21016_0_0.png
processing: 5059978_21015_0_0.png
processing: 5059922_21016_0_0.png
processing: 5059922_21015_0_0.png
processing: 5059900_21016_0_0.png
processing: 5059900_21015_0_0.png
processing: 5059895_21016_0_0.png
  SKIPPING IMAGE: tot amount of vasculature (6310.3328) < quality threshold 
processing: 5059895_21015_0_0.png
processing: 5059884_21016_0_0.png
processing: 5059884_21015_0_0.png
processing: 5059816_21016_0_0.png
  SKIPPING IMAGE: tot amount of vasculature (2654.7536) < quality threshold 
processing: 5059816_21015_0_0.png
  SKIPPING IMAGE: tot amount of vasculature (2176.2259) < quality threshold 
processing: 5059741_21016_0_0.png
  SKIPPING IMAGE: tot amount of vasculature (10880.859) < quality threshold 
processing: 5059741_21015_0_0.png
  SKIPPING IMAGE: tot amount of vasculature (10954.9222) < quality threshold 
processing: 5059737_21016_0_0.png
processing: 5059737_21015_0_0.png
processing: 5059650_21016_1_0.png
processing: 5059650_21015_1_0.png
processing: 5059618_21016_0_0.png
processing: 5059618_21015_0_0.png
processing: 5059575_21016_1_0.png
processing: 5059575_21015_1_0.png
processing: 5059544_21016_0_0.png
  SKIPPING IMAGE: tot amount of vasculature (6679.3467) < quality threshold 
processing: 5059544_21015_0_0.png
  SKIPPING IMAGE: tot amount of vasculature (7192.5811) < quality threshold 
processing: 5059526_21016_1_0.png
processing: 5059526_21015_1_0.png
processing: 5059503_21016_1_0.png
  SKIPPING IMAGE: tot amount of vasculature (10758.1225) < quality threshold 
processing: 5059503_21015_1_0.png
processing: 5059381_21016_1_0.png
processing: 5059381_21015_1_0.png
processing: 5059325_21016_0_0.png
  SKIPPING IMAGE: tot amount of vasculature (10470.9877) < quality threshold 
processing: 5059325_21015_0_0.png
  SKIPPING IMAGE: tot amount of vasculature (10511.7976) < quality threshold 
processing: 5059286_21016_0_0.png
  SKIPPING IMAGE: tot amount of vasculature (10499.5668) < quality threshold 
processing: 5059286_21015_0_0.png
processing: 5059136_21016_0_0.png
processing: 5059136_21015_0_0.png
processing: 5059057_21016_1_0.png
processing: 5059057_21015_1_0.png
processing: 5058949_21016_0_0.png
processing: 5058949_21015_0_0.png
processing: 5058791_21016_0_0.png
processing: 5058791_21015_0_0.png
processing: 5058744_21016_1_0.png
processing: 5058744_21015_1_0.png
processing: 5058703_21016_0_0.png
processing: 5058703_21015_0_0.png
processing: 5058699_21016_0_0.png
processing: 5058699_21015_0_0.png
  SKIPPING IMAGE: tot amount of vasculature (6808.5962) < quality threshold 
processing: 5058582_21016_0_0.png
  SKIPPING IMAGE: tot amount of vasculature (5343.724) < quality threshold 
processing: 5058582_21015_0_0.png
  SKIPPING IMAGE: tot amount of vasculature (8692.675) < quality threshold 
processing: 5058541_21016_0_0.png
processing: 5058541_21015_0_0.png
processing: 5058537_21016_0_0.png
processing: 5058537_21015_0_0.png
processing: 5058492_21016_0_0.png
processing: 5058492_21015_0_0.png
processing: 5058479_21016_0_0.png
processing: 5058479_21015_0_0.png
processing: 5058465_21016_1_0.png
  SKIPPING IMAGE: tot amount of vasculature (8389.4303) < quality threshold 
processing: 5058465_21015_1_0.png
processing: 5058440_21016_1_0.png
  SKIPPING IMAGE: No vessels found
processing: 5058440_21016_0_0.png
  SKIPPING IMAGE: tot amount of vasculature (83.1405) < quality threshold 
processing: 5058440_21015_1_0.png
  SKIPPING IMAGE: tot amount of vasculature (0.99553) < quality threshold 
processing: 5058440_21015_0_0.png
  SKIPPING IMAGE: tot amount of vasculature (14.0204) < quality threshold 
processing: 5058423_21016_0_0.png
processing: 5058423_21015_0_0.png
processing: 5058414_21016_1_0.png
  SKIPPING IMAGE: tot amount of vasculature (10469.164) < quality threshold 
processing: 5058414_21015_1_0.png
processing: 5058395_21016_0_0.png
processing: 5058395_21015_0_0.png
processing: 5058371_21016_0_0.png
processing: 5058371_21015_0_0.png
processing: 5058320_21016_0_0.png
processing: 5058320_21015_0_0.png
processing: 5058261_21016_0_0.png
  SKIPPING IMAGE: tot amount of vasculature (599.0915) < quality threshold 
processing: 5058261_21015_0_0.png
  SKIPPING IMAGE: tot amount of vasculature (9112.9627) < quality threshold 
processing: 5058076_21016_0_0.png
processing: 5058076_21015_0_0.png
processing: 5058028_21016_0_0.png
processing: 5058028_21015_0_0.png
processing: 5057987_21016_0_0.png
processing: 5057987_21015_0_0.png
processing: 5057840_21016_0_0.png
processing: 5057840_21015_0_0.png
processing: 5057798_21016_0_0.png
processing: 5057798_21015_0_0.png
  SKIPPING IMAGE: tot amount of vasculature (9648.9236) < quality threshold 
processing: 5057608_21016_0_0.png
processing: 5057608_21015_0_0.png
processing: 5057572_21016_0_0.png
processing: 5057572_21015_0_0.png
processing: 5057513_21016_0_0.png
  SKIPPING IMAGE: tot amount of vasculature (10854.0573) < quality threshold 
processing: 5057513_21015_0_0.png
processing: 5057300_21016_0_0.png
processing: 5057300_21015_0_0.png
processing: 5057220_21016_0_0.png
processing: 5057220_21015_0_0.png
processing: 5057216_21016_0_0.png
FINISHED: .mat files have been written to: /data/FAC/FBM/DBC/sbergman/retina/UKBiob/fundus/REVIEW//CLRIS/
execution time: 1920 sec
