------------------------------------------
Setting up environment variables
---
LD_LIBRARY_PATH is .:/software/Development/Languages/Matlab_Compiler_Runtime/96/runtime/glnxa64:/software/Development/Languages/Matlab_Compiler_Runtime/96/bin/glnxa64:/software/Development/Languages/Matlab_Compiler_Runtime/96/sys/os/glnxa64:/software/Development/Languages/Matlab_Compiler_Runtime/96/sys/opengl/lib/glnxa64
Running vessel measurements...
processing: 4404403_21016_0_0.png
processing: 4404403_21015_0_0.png
processing: 4404399_21016_0_0.png
processing: 4404399_21015_0_0.png
processing: 4404193_21016_1_0.png
processing: 4404193_21015_1_0.png
processing: 4404154_21015_0_0.png
  SKIPPING IMAGE: No vessels found
processing: 4404135_21016_1_0.png
  SKIPPING IMAGE: tot amount of vasculature (6322.3026) < quality threshold 
processing: 4404135_21016_0_0.png
processing: 4404135_21015_1_0.png
  SKIPPING IMAGE: tot amount of vasculature (5329.3631) < quality threshold 
processing: 4404135_21015_0_0.png
processing: 4404100_21016_0_0.png
processing: 4404100_21015_0_0.png
processing: 4404098_21016_0_0.png
processing: 4404098_21015_0_0.png
processing: 4404049_21016_0_0.png
  SKIPPING IMAGE: tot amount of vasculature (9944.8689) < quality threshold 
processing: 4404049_21015_0_0.png
  SKIPPING IMAGE: tot amount of vasculature (5531.2488) < quality threshold 
processing: 4404030_21016_0_0.png
processing: 4404030_21015_0_0.png
processing: 4404005_21016_0_0.png
processing: 4404005_21015_0_0.png
processing: 4403947_21016_1_0.png
  SKIPPING IMAGE: tot amount of vasculature (3139.0851) < quality threshold 
processing: 4403947_21015_1_0.png
  SKIPPING IMAGE: tot amount of vasculature (6150.6869) < quality threshold 
processing: 4403920_21016_0_0.png
processing: 4403920_21015_0_0.png
processing: 4403817_21016_1_0.png
processing: 4403817_21015_1_0.png
processing: 4403780_21016_0_0.png
processing: 4403780_21015_0_0.png
processing: 4403772_21016_1_0.png
processing: 4403772_21015_1_0.png
processing: 4403724_21016_0_0.png
processing: 4403724_21015_0_0.png
processing: 4403660_21016_1_0.png
processing: 4403660_21015_1_0.png
processing: 4403573_21016_1_0.png
  SKIPPING IMAGE: tot amount of vasculature (1744.9915) < quality threshold 
processing: 4403573_21016_0_0.png
  SKIPPING IMAGE: tot amount of vasculature (4928.4707) < quality threshold 
processing: 4403573_21015_1_0.png
  SKIPPING IMAGE: No vessels found
processing: 4403573_21015_0_0.png
  SKIPPING IMAGE: tot amount of vasculature (4840.8832) < quality threshold 
processing: 4403549_21016_1_0.png
  SKIPPING IMAGE: tot amount of vasculature (8086.6375) < quality threshold 
processing: 4403549_21016_0_0.png
processing: 4403549_21015_1_0.png
processing: 4403549_21015_0_0.png
processing: 4403527_21016_0_0.png
processing: 4403527_21015_0_0.png
processing: 4403496_21016_0_0.png
processing: 4403496_21015_0_0.png
processing: 4403485_21016_0_0.png
processing: 4403485_21015_0_0.png
processing: 4403379_21016_0_0.png
processing: 4403379_21015_0_0.png
processing: 4403340_21016_0_0.png
processing: 4403340_21015_0_0.png
processing: 4403323_21016_0_0.png
processing: 4403323_21015_0_0.png
processing: 4403306_21016_1_0.png
processing: 4403306_21015_1_0.png
  SKIPPING IMAGE: tot amount of vasculature (3868.8784) < quality threshold 
processing: 4403244_21016_0_0.png
  SKIPPING IMAGE: tot amount of vasculature (7592.3503) < quality threshold 
processing: 4403244_21015_0_0.png
processing: 4403170_21016_1_0.png
processing: 4403170_21015_1_0.png
  SKIPPING IMAGE: tot amount of vasculature (284.0095) < quality threshold 
processing: 4403137_21016_0_0.png
  SKIPPING IMAGE: tot amount of vasculature (5330.6355) < quality threshold 
processing: 4403137_21015_0_0.png
  SKIPPING IMAGE: tot amount of vasculature (10967.6945) < quality threshold 
processing: 4403063_21016_0_0.png
processing: 4403063_21015_0_0.png
processing: 4403038_21016_0_0.png
  SKIPPING IMAGE: tot amount of vasculature (7766.99) < quality threshold 
processing: 4403038_21015_0_0.png
processing: 4402991_21016_1_0.png
processing: 4402991_21015_1_0.png
processing: 4402888_21016_0_0.png
processing: 4402888_21015_0_0.png
  SKIPPING IMAGE: tot amount of vasculature (3431.631) < quality threshold 
processing: 4402814_21016_0_0.png
processing: 4402814_21015_0_0.png
processing: 4402806_21016_1_0.png
processing: 4402806_21015_1_0.png
processing: 4402798_21016_0_0.png
processing: 4402798_21015_0_0.png
processing: 4402773_21016_1_0.png
processing: 4402773_21015_1_0.png
processing: 4402764_21016_0_0.png
  SKIPPING IMAGE: tot amount of vasculature (29.0746) < quality threshold 
processing: 4402764_21015_0_0.png
  SKIPPING IMAGE: tot amount of vasculature (1308.6261) < quality threshold 
processing: 4402705_21016_0_0.png
processing: 4402705_21015_0_0.png
processing: 4402536_21016_0_0.png
  SKIPPING IMAGE: tot amount of vasculature (3536.8292) < quality threshold 
processing: 4402536_21015_0_0.png
  SKIPPING IMAGE: tot amount of vasculature (4001.6447) < quality threshold 
processing: 4402501_21016_0_0.png
  SKIPPING IMAGE: tot amount of vasculature (8128.3536) < quality threshold 
processing: 4402501_21015_0_0.png
  SKIPPING IMAGE: tot amount of vasculature (5578.6964) < quality threshold 
processing: 4402481_21016_0_0.png
processing: 4402481_21015_0_0.png
processing: 4402474_21016_0_0.png
  SKIPPING IMAGE: tot amount of vasculature (9308.7868) < quality threshold 
processing: 4402474_21015_0_0.png
  SKIPPING IMAGE: tot amount of vasculature (7422.9604) < quality threshold 
processing: 4402438_21016_1_0.png
processing: 4402438_21015_1_0.png
processing: 4402425_21016_0_0.png
  SKIPPING IMAGE: tot amount of vasculature (6660.1604) < quality threshold 
processing: 4402425_21015_0_0.png
  SKIPPING IMAGE: tot amount of vasculature (8460.1687) < quality threshold 
processing: 4402322_21016_0_0.png
processing: 4402322_21015_0_0.png
processing: 4402271_21016_0_0.png
processing: 4402271_21015_0_0.png
processing: 4402134_21016_0_0.png
processing: 4402134_21015_0_0.png
processing: 4402062_21016_0_0.png
processing: 4402062_21015_0_0.png
  SKIPPING IMAGE: tot amount of vasculature (3885.3134) < quality threshold 
processing: 4402043_21016_0_0.png
processing: 4402043_21015_0_0.png
processing: 4401951_21016_0_0.png
  SKIPPING IMAGE: tot amount of vasculature (7886.4219) < quality threshold 
processing: 4401951_21015_0_0.png
  SKIPPING IMAGE: tot amount of vasculature (8611.4488) < quality threshold 
processing: 4401930_21016_0_0.png
processing: 4401930_21015_0_0.png
processing: 4401927_21016_0_0.png
processing: 4401927_21015_0_0.png
processing: 4401838_21016_0_0.png
