------------------------------------------
Setting up environment variables
---
LD_LIBRARY_PATH is .:/software/Development/Languages/Matlab_Compiler_Runtime/96/runtime/glnxa64:/software/Development/Languages/Matlab_Compiler_Runtime/96/bin/glnxa64:/software/Development/Languages/Matlab_Compiler_Runtime/96/sys/os/glnxa64:/software/Development/Languages/Matlab_Compiler_Runtime/96/sys/opengl/lib/glnxa64
Running vessel measurements...
processing: 4421524_21015_0_0.png
  SKIPPING IMAGE: tot amount of vasculature (8519.2651) < quality threshold 
processing: 4421354_21016_0_0.png
  SKIPPING IMAGE: tot amount of vasculature (2843.9481) < quality threshold 
processing: 4421354_21015_0_0.png
  SKIPPING IMAGE: tot amount of vasculature (6831.2987) < quality threshold 
processing: 4421322_21016_0_0.png
  SKIPPING IMAGE: tot amount of vasculature (3013.7588) < quality threshold 
processing: 4421322_21015_0_0.png
  SKIPPING IMAGE: tot amount of vasculature (3168.5277) < quality threshold 
processing: 4421284_21016_1_0.png
  SKIPPING IMAGE: tot amount of vasculature (4556.016) < quality threshold 
processing: 4421284_21015_1_0.png
  SKIPPING IMAGE: tot amount of vasculature (7264.8122) < quality threshold 
processing: 4421160_21016_0_0.png
processing: 4421160_21015_0_0.png
processing: 4420898_21016_0_0.png
processing: 4420898_21015_0_0.png
processing: 4420873_21016_0_0.png
processing: 4420873_21015_0_0.png
processing: 4420849_21016_0_0.png
processing: 4420849_21015_0_0.png
processing: 4420743_21016_0_0.png
processing: 4420743_21015_0_0.png
processing: 4420739_21016_1_0.png
processing: 4420739_21015_1_0.png
processing: 4420692_21016_0_0.png
processing: 4420692_21015_0_0.png
processing: 4420688_21016_1_0.png
processing: 4420679_21016_0_0.png
processing: 4420679_21015_0_0.png
processing: 4420593_21016_0_0.png
processing: 4420593_21015_0_0.png
processing: 4420578_21016_0_0.png
  SKIPPING IMAGE: tot amount of vasculature (7839.7622) < quality threshold 
processing: 4420578_21015_0_0.png
  SKIPPING IMAGE: tot amount of vasculature (10000.2571) < quality threshold 
processing: 4420561_21016_0_0.png
  SKIPPING IMAGE: tot amount of vasculature (10305.525) < quality threshold 
processing: 4420561_21015_0_1.png
  SKIPPING IMAGE: tot amount of vasculature (6162.9098) < quality threshold 
processing: 4420561_21015_0_0.png
  SKIPPING IMAGE: tot amount of vasculature (7498.5577) < quality threshold 
processing: 4420397_21016_1_0.png
processing: 4420397_21015_1_0.png
processing: 4420383_21016_0_0.png
  SKIPPING IMAGE: tot amount of vasculature (9448.9944) < quality threshold 
processing: 4420383_21015_0_0.png
  SKIPPING IMAGE: tot amount of vasculature (9252.783) < quality threshold 
processing: 4420334_21016_0_0.png
Warning: No vessels found in 4420334_21016_0_0
> In Vessel_Data_IO.load_from_file (line 183)
  In REVIEW_evaluate_diameter_measurements (line 125)
  In ARIA_run_tests (line 209)
  SKIPPING IMAGE: No vessels found
processing: 4420334_21015_0_0.png
  SKIPPING IMAGE: tot amount of vasculature (1659.6379) < quality threshold 
processing: 4420309_21016_1_0.png
processing: 4420309_21016_0_0.png
processing: 4420309_21015_1_0.png
  SKIPPING IMAGE: tot amount of vasculature (9586.2468) < quality threshold 
processing: 4420309_21015_0_0.png
processing: 4420208_21016_0_0.png
  SKIPPING IMAGE: tot amount of vasculature (3574.4589) < quality threshold 
processing: 4420208_21015_0_0.png
  SKIPPING IMAGE: tot amount of vasculature (7506.2577) < quality threshold 
processing: 4420191_21016_0_0.png
  SKIPPING IMAGE: tot amount of vasculature (5545.4841) < quality threshold 
processing: 4420191_21015_0_0.png
  SKIPPING IMAGE: tot amount of vasculature (7790.6496) < quality threshold 
processing: 4420068_21016_1_0.png
  SKIPPING IMAGE: tot amount of vasculature (4554.2248) < quality threshold 
processing: 4420068_21015_1_0.png
  SKIPPING IMAGE: No vessels found
processing: 4419819_21016_0_0.png
processing: 4419819_21015_0_0.png
  SKIPPING IMAGE: tot amount of vasculature (6605.7538) < quality threshold 
processing: 4419787_21016_0_0.png
processing: 4419787_21015_0_0.png
processing: 4419769_21016_0_0.png
processing: 4419769_21015_0_0.png
processing: 4419699_21016_0_0.png
  SKIPPING IMAGE: tot amount of vasculature (5782.0189) < quality threshold 
processing: 4419699_21015_0_0.png
  SKIPPING IMAGE: tot amount of vasculature (35.2005) < quality threshold 
processing: 4419636_21016_1_0.png
processing: 4419636_21015_1_0.png
  SKIPPING IMAGE: tot amount of vasculature (4551.4014) < quality threshold 
processing: 4419566_21016_0_0.png
  SKIPPING IMAGE: tot amount of vasculature (2098.4887) < quality threshold 
processing: 4419566_21015_0_0.png
  SKIPPING IMAGE: tot amount of vasculature (6.1335) < quality threshold 
processing: 4419414_21016_0_0.png
processing: 4419414_21015_0_0.png
processing: 4419406_21016_0_0.png
processing: 4419406_21015_0_0.png
processing: 4419293_21016_0_0.png
  SKIPPING IMAGE: tot amount of vasculature (10185.4564) < quality threshold 
processing: 4419293_21015_0_0.png
processing: 4419150_21016_1_0.png
  SKIPPING IMAGE: tot amount of vasculature (8162.3404) < quality threshold 
processing: 4419150_21015_1_0.png
processing: 4419143_21016_0_0.png
processing: 4419143_21015_0_0.png
processing: 4419104_21016_0_0.png
processing: 4419104_21015_0_0.png
processing: 4419060_21016_1_0.png
processing: 4419060_21015_1_0.png
processing: 4418989_21016_0_0.png
processing: 4418989_21015_0_0.png
processing: 4418922_21016_0_0.png
processing: 4418922_21015_0_0.png
processing: 4418820_21016_0_0.png
  SKIPPING IMAGE: tot amount of vasculature (67.5101) < quality threshold 
processing: 4418820_21015_0_0.png
  SKIPPING IMAGE: tot amount of vasculature (1920.9406) < quality threshold 
processing: 4418816_21016_0_0.png
processing: 4418816_21015_0_0.png
processing: 4418737_21016_0_0.png
processing: 4418737_21015_0_0.png
processing: 4418677_21016_0_0.png
processing: 4418677_21015_0_0.png
processing: 4418558_21016_0_0.png
processing: 4418558_21015_0_0.png
processing: 4418532_21016_0_1.png
  SKIPPING IMAGE: tot amount of vasculature (7438.4489) < quality threshold 
processing: 4418532_21016_0_0.png
processing: 4418532_21015_0_0.png
processing: 4418476_21016_0_0.png
processing: 4418476_21015_0_0.png
processing: 4418390_21016_0_0.png
  SKIPPING IMAGE: tot amount of vasculature (4235.5457) < quality threshold 
processing: 4418390_21015_0_0.png
  SKIPPING IMAGE: tot amount of vasculature (880.7382) < quality threshold 
processing: 4418338_21016_0_0.png
  SKIPPING IMAGE: tot amount of vasculature (6248.6017) < quality threshold 
processing: 4418338_21015_0_0.png
  SKIPPING IMAGE: tot amount of vasculature (8130.8469) < quality threshold 
processing: 4418273_21016_1_0.png
  SKIPPING IMAGE: tot amount of vasculature (6737.4653) < quality threshold 
processing: 4418273_21015_1_0.png
processing: 4418264_21016_1_0.png
processing: 4418264_21015_1_0.png
processing: 4418092_21016_0_0.png
processing: 4418092_21015_0_0.png
  SKIPPING IMAGE: tot amount of vasculature (10840.5021) < quality threshold 
processing: 4418065_21016_1_0.png
  SKIPPING IMAGE: tot amount of vasculature (9305.1401) < quality threshold 
processing: 4418065_21015_1_0.png
processing: 4418014_21016_0_0.png
processing: 4418014_21015_0_0.png
processing: 4417953_21016_1_0.png
processing: 4417953_21015_1_0.png
  SKIPPING IMAGE: tot amount of vasculature (5026.9512) < quality threshold 
processing: 4417941_21016_1_0.png
processing: 4417941_21015_1_0.png
  SKIPPING IMAGE: tot amount of vasculature (7731.4544) < quality threshold 
processing: 4417883_21016_0_0.png
  SKIPPING IMAGE: No vessels found
processing: 4417883_21015_0_0.png
  SKIPPING IMAGE: tot amount of vasculature (1438.0285) < quality threshold 
processing: 4417860_21016_0_0.png
  SKIPPING IMAGE: tot amount of vasculature (9305.8189) < quality threshold 
processing: 4417860_21015_0_0.png
  SKIPPING IMAGE: tot amount of vasculature (2840.6927) < quality threshold 
processing: 4417811_21016_0_0.png
processing: 4417811_21015_0_0.png
processing: 4417793_21016_0_0.png
  SKIPPING IMAGE: tot amount of vasculature (9178.4753) < quality threshold 
processing: 4417793_21015_0_0.png
  SKIPPING IMAGE: tot amount of vasculature (9781.254) < quality threshold 
processing: 4417603_21016_0_0.png
processing: 4417603_21015_0_0.png
