------------------------------------------
Setting up environment variables
---
LD_LIBRARY_PATH is .:/software/Development/Languages/Matlab_Compiler_Runtime/96/runtime/glnxa64:/software/Development/Languages/Matlab_Compiler_Runtime/96/bin/glnxa64:/software/Development/Languages/Matlab_Compiler_Runtime/96/sys/os/glnxa64:/software/Development/Languages/Matlab_Compiler_Runtime/96/sys/opengl/lib/glnxa64
Running vessel measurements...
processing: 4085482_21015_0_0.png
  SKIPPING IMAGE: tot amount of vasculature (2189.3637) < quality threshold 
processing: 4085429_21016_0_0.png
processing: 4085429_21015_0_0.png
processing: 4085236_21016_0_0.png
processing: 4085236_21015_0_0.png
processing: 4085213_21016_0_0.png
processing: 4085213_21015_0_0.png
processing: 4085186_21016_0_0.png
processing: 4085186_21015_0_0.png
processing: 4085061_21016_0_0.png
processing: 4085061_21015_0_0.png
processing: 4084883_21016_0_0.png
processing: 4084883_21015_0_0.png
processing: 4084860_21016_0_0.png
processing: 4084860_21015_0_0.png
processing: 4084793_21016_0_0.png
processing: 4084793_21015_0_0.png
  SKIPPING IMAGE: tot amount of vasculature (10875.5627) < quality threshold 
processing: 4084778_21016_0_0.png
processing: 4084778_21015_0_0.png
processing: 4084691_21016_0_0.png
processing: 4084691_21015_0_0.png
processing: 4084518_21016_0_0.png
  SKIPPING IMAGE: tot amount of vasculature (4255.1868) < quality threshold 
processing: 4084518_21015_0_0.png
  SKIPPING IMAGE: tot amount of vasculature (721.2923) < quality threshold 
processing: 4084504_21016_0_0.png
processing: 4084504_21015_0_0.png
processing: 4084484_21016_1_0.png
processing: 4084484_21015_1_0.png
processing: 4084416_21016_0_0.png
processing: 4084416_21015_0_0.png
processing: 4084351_21016_0_0.png
processing: 4084351_21015_0_0.png
processing: 4084349_21016_0_0.png
  SKIPPING IMAGE: tot amount of vasculature (9146.2208) < quality threshold 
processing: 4084330_21016_0_0.png
processing: 4084330_21015_0_0.png
processing: 4084305_21016_0_0.png
processing: 4084305_21015_0_0.png
processing: 4084157_21016_0_0.png
processing: 4084157_21015_0_0.png
processing: 4084106_21016_0_0.png
  SKIPPING IMAGE: tot amount of vasculature (148.9596) < quality threshold 
processing: 4084106_21015_0_0.png
  SKIPPING IMAGE: tot amount of vasculature (5194.2479) < quality threshold 
processing: 4084080_21016_0_0.png
processing: 4084080_21015_0_0.png
processing: 4084055_21016_1_0.png
processing: 4084055_21015_1_0.png
processing: 4083987_21016_0_0.png
  SKIPPING IMAGE: tot amount of vasculature (8048.8165) < quality threshold 
processing: 4083958_21016_0_0.png
processing: 4083958_21015_0_0.png
processing: 4083888_21016_0_0.png
processing: 4083888_21015_0_0.png
processing: 4083773_21016_0_0.png
processing: 4083773_21015_0_0.png
processing: 4083705_21016_0_0.png
  SKIPPING IMAGE: tot amount of vasculature (10319.9622) < quality threshold 
processing: 4083705_21015_0_0.png
  SKIPPING IMAGE: tot amount of vasculature (6637.1371) < quality threshold 
processing: 4083694_21016_0_0.png
processing: 4083694_21015_0_0.png
processing: 4083637_21016_1_0.png
  SKIPPING IMAGE: tot amount of vasculature (6263.6357) < quality threshold 
processing: 4083637_21015_1_0.png
  SKIPPING IMAGE: tot amount of vasculature (1530.9095) < quality threshold 
processing: 4083615_21016_1_0.png
processing: 4083615_21015_1_0.png
processing: 4083599_21016_0_0.png
processing: 4083599_21015_0_0.png
processing: 4083536_21016_0_0.png
processing: 4083536_21015_0_0.png
processing: 4083463_21016_0_0.png
  SKIPPING IMAGE: tot amount of vasculature (4310.9191) < quality threshold 
processing: 4083463_21015_0_0.png
  SKIPPING IMAGE: tot amount of vasculature (2752.7708) < quality threshold 
processing: 4083456_21016_0_0.png
processing: 4083456_21015_0_0.png
processing: 4083335_21016_1_0.png
processing: 4083335_21015_1_0.png
processing: 4083284_21015_0_0.png
processing: 4083268_21016_0_0.png
processing: 4083268_21015_0_0.png
processing: 4083216_21016_0_0.png
processing: 4083216_21015_0_0.png
processing: 4083202_21016_1_0.png
  SKIPPING IMAGE: tot amount of vasculature (791.7421) < quality threshold 
processing: 4083202_21015_1_0.png
  SKIPPING IMAGE: tot amount of vasculature (8130.4632) < quality threshold 
processing: 4083197_21016_0_0.png
  SKIPPING IMAGE: tot amount of vasculature (5946.0456) < quality threshold 
processing: 4083197_21015_0_0.png
  SKIPPING IMAGE: tot amount of vasculature (3638.2281) < quality threshold 
processing: 4083176_21016_0_0.png
processing: 4083176_21015_0_0.png
processing: 4083128_21016_0_0.png
  SKIPPING IMAGE: tot amount of vasculature (200.2967) < quality threshold 
processing: 4083128_21015_0_0.png
  SKIPPING IMAGE: tot amount of vasculature (5389.4168) < quality threshold 
processing: 4083111_21016_0_0.png
  SKIPPING IMAGE: tot amount of vasculature (1009.5638) < quality threshold 
processing: 4083111_21015_0_0.png
  SKIPPING IMAGE: tot amount of vasculature (3053.6398) < quality threshold 
processing: 4083085_21016_0_0.png
processing: 4083085_21015_0_0.png
processing: 4083062_21016_0_0.png
  SKIPPING IMAGE: tot amount of vasculature (9355.062) < quality threshold 
processing: 4083062_21015_0_0.png
  SKIPPING IMAGE: tot amount of vasculature (7782.0573) < quality threshold 
processing: 4082959_21016_1_0.png
processing: 4082959_21015_1_0.png
processing: 4082916_21016_0_0.png
processing: 4082916_21015_0_0.png
processing: 4082817_21016_1_0.png
processing: 4082817_21015_1_0.png
processing: 4082767_21016_0_0.png
  SKIPPING IMAGE: tot amount of vasculature (6966.5847) < quality threshold 
processing: 4082767_21015_0_0.png
  SKIPPING IMAGE: tot amount of vasculature (7987.3389) < quality threshold 
processing: 4082701_21016_0_0.png
processing: 4082701_21015_0_0.png
  SKIPPING IMAGE: tot amount of vasculature (8460.6383) < quality threshold 
processing: 4082676_21016_0_0.png
processing: 4082676_21015_0_0.png
processing: 4082564_21016_0_0.png
processing: 4082564_21015_0_0.png
processing: 4082462_21016_1_0.png
  SKIPPING IMAGE: No vessels found
processing: 4082462_21016_0_0.png
processing: 4082462_21015_1_0.png
processing: 4082462_21015_0_0.png
  SKIPPING IMAGE: tot amount of vasculature (5546.6729) < quality threshold 
processing: 4082439_21016_0_0.png
processing: 4082439_21015_0_0.png
processing: 4082379_21016_0_0.png
processing: 4082379_21015_0_0.png
processing: 4082226_21016_0_0.png
processing: 4082226_21015_0_0.png
  SKIPPING IMAGE: tot amount of vasculature (7369.8249) < quality threshold 
processing: 4082007_21016_0_0.png
processing: 4082007_21015_0_0.png
processing: 4081999_21016_0_0.png
processing: 4081999_21015_0_0.png
processing: 4081980_21016_0_0.png
  SKIPPING IMAGE: tot amount of vasculature (7152.2918) < quality threshold 
processing: 4081980_21015_0_0.png
  SKIPPING IMAGE: tot amount of vasculature (9991.6743) < quality threshold 
processing: 4081972_21016_0_0.png
processing: 4081972_21015_0_0.png
