------------------------------------------
Setting up environment variables
---
LD_LIBRARY_PATH is .:/software/Development/Languages/Matlab_Compiler_Runtime/96/runtime/glnxa64:/software/Development/Languages/Matlab_Compiler_Runtime/96/bin/glnxa64:/software/Development/Languages/Matlab_Compiler_Runtime/96/sys/os/glnxa64:/software/Development/Languages/Matlab_Compiler_Runtime/96/sys/opengl/lib/glnxa64
Running vessel measurements...
processing: 4615684_21016_0_0.png
processing: 4615684_21015_0_0.png
processing: 4615659_21016_0_0.png
processing: 4615659_21015_0_0.png
processing: 4615620_21016_0_0.png
processing: 4615620_21015_0_0.png
processing: 4615519_21016_1_0.png
processing: 4615519_21015_1_0.png
processing: 4615491_21016_0_0.png
processing: 4615491_21015_0_0.png
processing: 4615475_21016_1_0.png
processing: 4615475_21016_0_0.png
processing: 4615475_21015_1_0.png
processing: 4615475_21015_0_0.png
processing: 4615469_21016_0_0.png
processing: 4615469_21015_0_0.png
processing: 4615410_21016_1_0.png
processing: 4615410_21015_1_0.png
processing: 4615348_21016_1_0.png
  SKIPPING IMAGE: tot amount of vasculature (4564.3662) < quality threshold 
processing: 4615348_21015_1_0.png
processing: 4615324_21016_0_0.png
processing: 4615324_21015_0_0.png
processing: 4615313_21016_1_0.png
processing: 4615313_21015_1_0.png
processing: 4615301_21016_1_0.png
processing: 4615301_21015_1_0.png
processing: 4615285_21016_0_0.png
processing: 4615285_21015_0_0.png
processing: 4615243_21016_1_0.png
processing: 4615243_21015_1_0.png
  SKIPPING IMAGE: tot amount of vasculature (10681.385) < quality threshold 
processing: 4615146_21016_1_0.png
processing: 4615146_21015_1_0.png
processing: 4615122_21016_0_0.png
processing: 4615122_21015_0_0.png
processing: 4615100_21016_0_0.png
processing: 4615100_21015_0_0.png
processing: 4615064_21016_0_0.png
processing: 4615064_21015_0_0.png
processing: 4615049_21016_0_0.png
processing: 4615049_21015_0_0.png
processing: 4614991_21016_0_0.png
  SKIPPING IMAGE: tot amount of vasculature (8844.4102) < quality threshold 
processing: 4614991_21015_0_0.png
  SKIPPING IMAGE: tot amount of vasculature (6133.2377) < quality threshold 
processing: 4614987_21016_1_0.png
  SKIPPING IMAGE: tot amount of vasculature (2203.6151) < quality threshold 
processing: 4614987_21015_1_0.png
  SKIPPING IMAGE: tot amount of vasculature (4731.6784) < quality threshold 
processing: 4614840_21016_0_0.png
  SKIPPING IMAGE: tot amount of vasculature (3033.4222) < quality threshold 
processing: 4614840_21015_0_0.png
processing: 4614773_21016_0_1.png
  SKIPPING IMAGE: tot amount of vasculature (7221.1462) < quality threshold 
processing: 4614773_21016_0_0.png
  SKIPPING IMAGE: tot amount of vasculature (10374.0515) < quality threshold 
processing: 4614773_21015_0_0.png
  SKIPPING IMAGE: tot amount of vasculature (810.1808) < quality threshold 
processing: 4614682_21016_1_0.png
  SKIPPING IMAGE: tot amount of vasculature (674.47) < quality threshold 
processing: 4614682_21015_1_0.png
  SKIPPING IMAGE: No vessels found
processing: 4614666_21016_0_0.png
processing: 4614666_21015_0_0.png
processing: 4614572_21016_0_0.png
processing: 4614572_21015_0_0.png
processing: 4614501_21016_0_0.png
processing: 4614501_21015_0_0.png
processing: 4614481_21016_0_0.png
processing: 4614481_21015_0_0.png
processing: 4614456_21016_0_0.png
  SKIPPING IMAGE: tot amount of vasculature (6614.0722) < quality threshold 
processing: 4614456_21015_0_0.png
  SKIPPING IMAGE: tot amount of vasculature (1898.785) < quality threshold 
processing: 4614322_21016_0_0.png
  SKIPPING IMAGE: tot amount of vasculature (46.8593) < quality threshold 
processing: 4614322_21015_0_0.png
  SKIPPING IMAGE: tot amount of vasculature (3567.6124) < quality threshold 
processing: 4614271_21016_0_0.png
processing: 4614271_21015_0_0.png
processing: 4614268_21016_0_0.png
processing: 4614268_21015_0_0.png
processing: 4614216_21016_0_1.png
  SKIPPING IMAGE: tot amount of vasculature (4244.2571) < quality threshold 
processing: 4614216_21016_0_0.png
  SKIPPING IMAGE: tot amount of vasculature (1036.8175) < quality threshold 
processing: 4614216_21015_0_0.png
  SKIPPING IMAGE: tot amount of vasculature (9245.0071) < quality threshold 
processing: 4614145_21016_0_0.png
processing: 4614145_21015_0_0.png
processing: 4614128_21016_0_0.png
processing: 4614128_21015_0_0.png
processing: 4614043_21016_0_0.png
processing: 4614043_21015_0_0.png
processing: 4613929_21016_0_0.png
processing: 4613929_21015_0_0.png
processing: 4613897_21016_0_0.png
processing: 4613897_21015_0_0.png
processing: 4613860_21016_0_0.png
  SKIPPING IMAGE: tot amount of vasculature (2881.9876) < quality threshold 
processing: 4613860_21015_0_0.png
  SKIPPING IMAGE: tot amount of vasculature (7280.1969) < quality threshold 
processing: 4613778_21016_0_0.png
processing: 4613778_21015_0_0.png
  SKIPPING IMAGE: tot amount of vasculature (2343.308) < quality threshold 
processing: 4613632_21016_0_0.png
processing: 4613632_21015_0_0.png
processing: 4613626_21016_0_0.png
processing: 4613626_21015_0_0.png
processing: 4613521_21016_0_0.png
processing: 4613521_21015_0_0.png
processing: 4613495_21016_0_0.png
processing: 4613495_21015_0_0.png
processing: 4613420_21016_0_0.png
processing: 4613420_21015_0_0.png
processing: 4613416_21016_0_0.png
  SKIPPING IMAGE: tot amount of vasculature (4771.3175) < quality threshold 
processing: 4613416_21015_0_0.png
  SKIPPING IMAGE: tot amount of vasculature (9305.3984) < quality threshold 
processing: 4613402_21016_1_0.png
processing: 4613402_21015_1_0.png
processing: 4613364_21016_0_0.png
processing: 4613364_21015_0_0.png
processing: 4613349_21016_0_0.png
  SKIPPING IMAGE: tot amount of vasculature (2326.6117) < quality threshold 
processing: 4613349_21015_0_0.png
  SKIPPING IMAGE: tot amount of vasculature (2276.8126) < quality threshold 
processing: 4613327_21015_0_0.png
  SKIPPING IMAGE: tot amount of vasculature (9686.9742) < quality threshold 
processing: 4613305_21016_0_0.png
processing: 4613305_21015_0_0.png
processing: 4613179_21016_1_0.png
  SKIPPING IMAGE: tot amount of vasculature (3871.4242) < quality threshold 
processing: 4613179_21015_1_0.png
  SKIPPING IMAGE: tot amount of vasculature (8027.3125) < quality threshold 
processing: 4613157_21016_0_0.png
processing: 4613157_21015_0_0.png
processing: 4613123_21016_0_0.png
  SKIPPING IMAGE: tot amount of vasculature (3844.5201) < quality threshold 
processing: 4613123_21015_0_0.png
  SKIPPING IMAGE: tot amount of vasculature (6523.7328) < quality threshold 
processing: 4612925_21016_0_0.png
processing: 4612925_21015_0_0.png
processing: 4612851_21016_1_0.png
processing: 4612851_21015_1_0.png
  SKIPPING IMAGE: tot amount of vasculature (10490.0116) < quality threshold 
processing: 4612721_21016_0_0.png
processing: 4612721_21015_0_0.png
processing: 4612554_21016_0_0.png
processing: 4612554_21015_0_0.png
  SKIPPING IMAGE: tot amount of vasculature (630.0799) < quality threshold 
processing: 4612546_21016_0_0.png
processing: 4612546_21015_0_0.png
processing: 4612472_21016_0_0.png
processing: 4612472_21015_0_0.png
processing: 4612436_21016_1_0.png
processing: 4612436_21015_1_0.png
processing: 4612424_21016_0_0.png
processing: 4612424_21015_0_0.png
processing: 4612401_21016_0_0.png
processing: 4612401_21015_0_0.png
  SKIPPING IMAGE: tot amount of vasculature (7796.427) < quality threshold 
processing: 4612282_21016_1_0.png
  SKIPPING IMAGE: tot amount of vasculature (4100.2444) < quality threshold 
processing: 4612282_21015_1_0.png
  SKIPPING IMAGE: tot amount of vasculature (5895.5403) < quality threshold 
processing: 4612253_21016_0_0.png
processing: 4612253_21015_0_0.png
processing: 4612237_21016_0_0.png
processing: 4612237_21015_0_0.png
processing: 4612229_21016_0_0.png
processing: 4612229_21015_0_0.png
processing: 4612215_21016_0_0.png
processing: 4612215_21015_0_0.png
processing: 4612191_21016_0_0.png
processing: 4612191_21015_0_0.png
processing: 4612103_21016_0_0.png
processing: 4612103_21015_0_0.png
processing: 4612084_21016_0_0.png
  SKIPPING IMAGE: tot amount of vasculature (9761.3601) < quality threshold 
processing: 4612084_21015_0_0.png
  SKIPPING IMAGE: tot amount of vasculature (8730.5813) < quality threshold 
processing: 4612033_21016_0_0.png
processing: 4612033_21015_0_0.png
  SKIPPING IMAGE: tot amount of vasculature (3219.5135) < quality threshold 
processing: 4611962_21016_0_0.png
processing: 4611962_21015_0_0.png
processing: 4611950_21016_0_0.png
processing: 4611950_21015_0_0.png
processing: 4611848_21016_0_0.png
processing: 4611848_21015_0_0.png
processing: 4611781_21016_0_0.png
processing: 4611781_21015_0_0.png
processing: 4611707_21016_0_0.png
  SKIPPING IMAGE: tot amount of vasculature (10377.2858) < quality threshold 
processing: 4611707_21015_0_0.png
processing: 4611678_21016_0_0.png
processing: 4611678_21015_0_0.png
processing: 4611646_21016_1_0.png
  SKIPPING IMAGE: tot amount of vasculature (7727.6486) < quality threshold 
processing: 4611646_21015_1_0.png
  SKIPPING IMAGE: tot amount of vasculature (6354.984) < quality threshold 
processing: 4611565_21016_1_0.png
  SKIPPING IMAGE: tot amount of vasculature (9550.4111) < quality threshold 
processing: 4611565_21015_1_0.png
processing: 4611531_21016_0_0.png
processing: 4611531_21015_0_0.png
processing: 4611523_21016_0_0.png
processing: 4611523_21015_0_0.png
processing: 4611486_21016_0_0.png
processing: 4611486_21015_0_0.png
processing: 4611412_21016_1_0.png
processing: 4611412_21015_1_0.png
processing: 4611337_21016_0_0.png
processing: 4611337_21015_0_0.png
processing: 4611329_21016_0_0.png
processing: 4611329_21015_0_0.png
processing: 4611245_21016_0_0.png
processing: 4611245_21015_0_0.png
processing: 4611234_21016_0_0.png
processing: 4611234_21015_0_0.png
  SKIPPING IMAGE: tot amount of vasculature (10222.7346) < quality threshold 
processing: 4611211_21016_1_0.png
processing: 4611211_21015_1_0.png
processing: 4611133_21016_0_0.png
processing: 4611133_21015_0_0.png
processing: 4610951_21016_0_0.png
processing: 4610951_21015_0_0.png
processing: 4610874_21016_0_0.png
processing: 4610874_21015_0_0.png
processing: 4610807_21016_0_0.png
processing: 4610807_21015_0_0.png
processing: 4610791_21016_0_0.png
  SKIPPING IMAGE: tot amount of vasculature (8066.2745) < quality threshold 
processing: 4610791_21015_0_0.png
  SKIPPING IMAGE: tot amount of vasculature (3476.1998) < quality threshold 
processing: 4610744_21016_0_0.png
processing: 4610744_21015_0_0.png
processing: 4610703_21016_0_0.png
processing: 4610703_21015_0_0.png
processing: 4610655_21016_0_0.png
processing: 4610655_21015_0_0.png
processing: 4610636_21016_0_0.png
  SKIPPING IMAGE: tot amount of vasculature (8421.8024) < quality threshold 
processing: 4610636_21015_0_0.png
  SKIPPING IMAGE: tot amount of vasculature (4276.7136) < quality threshold 
processing: 4610613_21016_1_0.png
  SKIPPING IMAGE: tot amount of vasculature (5674.8966) < quality threshold 
processing: 4610613_21015_1_0.png
  SKIPPING IMAGE: tot amount of vasculature (3775.351) < quality threshold 
processing: 4610582_21016_1_0.png
processing: 4610582_21015_1_0.png
processing: 4610529_21016_0_0.png
processing: 4610529_21015_0_0.png
processing: 4610333_21016_0_0.png
processing: 4610333_21015_0_0.png
processing: 4610261_21016_1_0.png
  SKIPPING IMAGE: tot amount of vasculature (8699.7732) < quality threshold 
processing: 4610261_21015_1_0.png
  SKIPPING IMAGE: tot amount of vasculature (7789.8219) < quality threshold 
processing: 4610254_21016_1_0.png
  SKIPPING IMAGE: tot amount of vasculature (9015.453) < quality threshold 
processing: 4610254_21015_1_0.png
  SKIPPING IMAGE: tot amount of vasculature (10255.8171) < quality threshold 
processing: 4610222_21016_0_0.png
processing: 4610222_21015_0_0.png
processing: 4610217_21016_0_0.png
processing: 4610217_21015_0_0.png
processing: 4610177_21016_0_0.png
processing: 4610177_21015_0_0.png
processing: 4610118_21016_1_0.png
  SKIPPING IMAGE: tot amount of vasculature (9485.6165) < quality threshold 
processing: 4610118_21015_1_0.png
  SKIPPING IMAGE: tot amount of vasculature (6889.3068) < quality threshold 
processing: 4610045_21016_1_0.png
processing: 4610045_21015_1_0.png
  SKIPPING IMAGE: tot amount of vasculature (5551.2316) < quality threshold 
processing: 4609947_21016_0_0.png
processing: 4609947_21015_0_0.png
processing: 4609902_21016_0_0.png
processing: 4609902_21015_0_0.png
processing: 4609889_21016_0_0.png
processing: 4609889_21015_0_0.png
processing: 4609835_21016_0_0.png
processing: 4609835_21015_0_0.png
processing: 4609817_21016_0_0.png
processing: 4609817_21015_0_0.png
processing: 4609799_21016_1_0.png
  SKIPPING IMAGE: tot amount of vasculature (10246.8431) < quality threshold 
processing: 4609799_21015_1_0.png
  SKIPPING IMAGE: tot amount of vasculature (10151.4271) < quality threshold 
processing: 4609767_21016_0_0.png
  SKIPPING IMAGE: tot amount of vasculature (10057.2701) < quality threshold 
processing: 4609767_21015_0_0.png
processing: 4609701_21016_1_0.png
processing: 4609701_21015_1_0.png
  SKIPPING IMAGE: tot amount of vasculature (2448.5347) < quality threshold 
processing: 4609564_21016_0_0.png
processing: 4609564_21015_0_0.png
processing: 4609530_21016_1_0.png
processing: 4609530_21015_1_0.png
processing: 4609512_21016_0_0.png
processing: 4609512_21015_0_0.png
processing: 4609477_21016_1_0.png
  SKIPPING IMAGE: tot amount of vasculature (1946.9725) < quality threshold 
processing: 4609477_21015_1_0.png
  SKIPPING IMAGE: tot amount of vasculature (3568.4117) < quality threshold 
processing: 4609439_21016_0_0.png
processing: 4609439_21015_0_0.png
processing: 4609404_21016_0_0.png
processing: 4609404_21015_0_0.png
processing: 4609365_21016_1_0.png
processing: 4609365_21015_1_0.png
processing: 4609331_21016_0_0.png
  SKIPPING IMAGE: tot amount of vasculature (3573.0108) < quality threshold 
processing: 4609331_21015_0_0.png
  SKIPPING IMAGE: tot amount of vasculature (3223.0169) < quality threshold 
processing: 4609291_21016_0_0.png
processing: 4609291_21015_0_0.png
processing: 4609269_21016_0_0.png
processing: 4609269_21015_0_0.png
processing: 4609226_21016_0_0.png
processing: 4609226_21015_0_0.png
processing: 4609194_21016_0_0.png
  SKIPPING IMAGE: tot amount of vasculature (10437.5146) < quality threshold 
processing: 4609194_21015_0_0.png
processing: 4609115_21016_1_0.png
processing: 4609115_21015_1_0.png
processing: 4608926_21016_0_0.png
processing: 4608926_21015_0_0.png
processing: 4608892_21016_0_0.png
processing: 4608892_21015_0_0.png
processing: 4608888_21016_0_0.png
processing: 4608888_21015_0_0.png
processing: 4608798_21016_0_0.png
processing: 4608798_21015_0_0.png
processing: 4608670_21016_0_0.png
processing: 4608670_21015_0_0.png
processing: 4608666_21016_1_0.png
  SKIPPING IMAGE: tot amount of vasculature (10666.1813) < quality threshold 
processing: 4608666_21015_1_0.png
  SKIPPING IMAGE: tot amount of vasculature (2790.9899) < quality threshold 
processing: 4608567_21016_0_0.png
processing: 4608567_21015_0_0.png
processing: 4608555_21016_0_0.png
processing: 4608555_21015_0_0.png
  SKIPPING IMAGE: tot amount of vasculature (8517.1203) < quality threshold 
processing: 4608524_21016_0_0.png
processing: 4608524_21015_0_0.png
processing: 4608474_21016_0_0.png
processing: 4608474_21015_0_0.png
processing: 4608419_21016_0_0.png
processing: 4608419_21015_0_0.png
processing: 4608407_21016_1_0.png
  SKIPPING IMAGE: tot amount of vasculature (4290.5044) < quality threshold 
processing: 4608407_21015_1_0.png
  SKIPPING IMAGE: tot amount of vasculature (9596.2827) < quality threshold 
processing: 4608300_21016_0_0.png
processing: 4608300_21015_0_0.png
processing: 4608247_21016_0_0.png
processing: 4608247_21015_0_0.png
processing: 4608183_21016_0_0.png
  SKIPPING IMAGE: tot amount of vasculature (9305.5038) < quality threshold 
processing: 4608183_21015_0_0.png
  SKIPPING IMAGE: tot amount of vasculature (8222.7194) < quality threshold 
processing: 4608109_21016_0_0.png
processing: 4608109_21015_0_1.png
  SKIPPING IMAGE: tot amount of vasculature (8681.0251) < quality threshold 
processing: 4608109_21015_0_0.png
processing: 4608096_21016_1_0.png
  SKIPPING IMAGE: tot amount of vasculature (8076.9457) < quality threshold 
processing: 4608096_21015_1_0.png
processing: 4608043_21016_0_0.png
  SKIPPING IMAGE: tot amount of vasculature (3300.2336) < quality threshold 
processing: 4608043_21015_0_0.png
FINISHED: .mat files have been written to: /data/FAC/FBM/DBC/sbergman/retina/UKBiob/fundus/REVIEW//CLRIS/
execution time: 2128 sec
