------------------------------------------
Setting up environment variables
---
LD_LIBRARY_PATH is .:/software/Development/Languages/Matlab_Compiler_Runtime/96/runtime/glnxa64:/software/Development/Languages/Matlab_Compiler_Runtime/96/bin/glnxa64:/software/Development/Languages/Matlab_Compiler_Runtime/96/sys/os/glnxa64:/software/Development/Languages/Matlab_Compiler_Runtime/96/sys/opengl/lib/glnxa64
Running vessel measurements...
processing: 2450244_21016_0_0.png
processing: 2450244_21015_0_0.png
processing: 2450141_21016_1_0.png
  SKIPPING IMAGE: tot amount of vasculature (1037.8553) < quality threshold 
processing: 2450141_21016_0_0.png
  SKIPPING IMAGE: tot amount of vasculature (10792.3953) < quality threshold 
processing: 2450141_21015_1_0.png
  SKIPPING IMAGE: tot amount of vasculature (2874.9523) < quality threshold 
processing: 2450141_21015_0_0.png
  SKIPPING IMAGE: tot amount of vasculature (9323.8269) < quality threshold 
processing: 2450090_21016_0_0.png
processing: 2450090_21015_0_0.png
processing: 2449966_21016_0_0.png
processing: 2449966_21015_0_0.png
processing: 2449929_21016_0_0.png
processing: 2449929_21015_0_0.png
processing: 2449908_21016_1_0.png
processing: 2449908_21015_1_0.png
processing: 2449852_21016_0_0.png
processing: 2449852_21015_0_0.png
processing: 2449828_21016_0_1.png
  SKIPPING IMAGE: tot amount of vasculature (8435.0331) < quality threshold 
processing: 2449828_21016_0_0.png
Warning: No vessels found in 2449828_21016_0_0
> In Vessel_Data_IO.load_from_file (line 183)
  In REVIEW_evaluate_diameter_measurements (line 125)
  In ARIA_run_tests (line 209)
  SKIPPING IMAGE: No vessels found
processing: 2449828_21015_0_0.png
  SKIPPING IMAGE: tot amount of vasculature (264.4961) < quality threshold 
processing: 2449793_21016_1_0.png
processing: 2449793_21015_1_0.png
processing: 2449746_21016_1_0.png
processing: 2449746_21015_1_0.png
processing: 2449669_21016_1_0.png
  SKIPPING IMAGE: tot amount of vasculature (5165.8742) < quality threshold 
processing: 2449669_21015_1_0.png
  SKIPPING IMAGE: tot amount of vasculature (5932.3841) < quality threshold 
processing: 2449632_21016_0_0.png
  SKIPPING IMAGE: tot amount of vasculature (8153.0882) < quality threshold 
processing: 2449632_21015_0_0.png
  SKIPPING IMAGE: tot amount of vasculature (4658.4844) < quality threshold 
processing: 2449539_21016_0_0.png
processing: 2449539_21015_0_0.png
processing: 2449504_21016_0_0.png
processing: 2449504_21015_0_0.png
processing: 2449447_21016_1_0.png
processing: 2449447_21015_1_0.png
processing: 2449402_21016_0_0.png
  SKIPPING IMAGE: No vessels found
processing: 2449402_21015_0_0.png
  SKIPPING IMAGE: tot amount of vasculature (548.6999) < quality threshold 
processing: 2449386_21016_0_0.png
  SKIPPING IMAGE: tot amount of vasculature (10613.3882) < quality threshold 
processing: 2449386_21015_0_0.png
  SKIPPING IMAGE: tot amount of vasculature (9783.0887) < quality threshold 
processing: 2449312_21016_0_0.png
processing: 2449312_21015_0_0.png
processing: 2449179_21016_0_0.png
processing: 2449179_21015_0_0.png
processing: 2449114_21016_0_0.png
  SKIPPING IMAGE: tot amount of vasculature (485.5175) < quality threshold 
processing: 2449114_21015_0_0.png
  SKIPPING IMAGE: tot amount of vasculature (3787.9706) < quality threshold 
processing: 2449106_21016_0_0.png
processing: 2449106_21015_0_0.png
processing: 2449048_21016_1_0.png
processing: 2449048_21015_1_0.png
  SKIPPING IMAGE: tot amount of vasculature (10591.1195) < quality threshold 
processing: 2448990_21016_0_0.png
processing: 2448990_21015_0_0.png
processing: 2448849_21016_0_0.png
processing: 2448849_21015_0_0.png
processing: 2448796_21016_0_0.png
processing: 2448796_21015_0_0.png
processing: 2448743_21016_1_0.png
  SKIPPING IMAGE: tot amount of vasculature (3987.4398) < quality threshold 
processing: 2448743_21015_1_0.png
  SKIPPING IMAGE: tot amount of vasculature (5662.2914) < quality threshold 
processing: 2448721_21016_0_0.png
processing: 2448721_21015_0_0.png
  SKIPPING IMAGE: tot amount of vasculature (10474.2982) < quality threshold 
processing: 2448718_21016_1_0.png
processing: 2448718_21015_1_0.png
  SKIPPING IMAGE: tot amount of vasculature (8548.4545) < quality threshold 
processing: 2448692_21016_0_0.png
processing: 2448692_21015_0_0.png
processing: 2448623_21016_0_0.png
processing: 2448623_21015_0_0.png
processing: 2448554_21016_0_0.png
  SKIPPING IMAGE: tot amount of vasculature (3972.8929) < quality threshold 
processing: 2448554_21015_0_0.png
  SKIPPING IMAGE: tot amount of vasculature (3212.6977) < quality threshold 
processing: 2448413_21016_0_0.png
  SKIPPING IMAGE: tot amount of vasculature (2351.6055) < quality threshold 
processing: 2448413_21015_0_0.png
  SKIPPING IMAGE: tot amount of vasculature (948.8845) < quality threshold 
processing: 2448397_21016_0_0.png
processing: 2448397_21015_0_0.png
processing: 2448266_21016_1_0.png
processing: 2448266_21015_1_0.png
processing: 2448169_21016_1_0.png
  SKIPPING IMAGE: tot amount of vasculature (10462.4758) < quality threshold 
processing: 2448169_21015_1_0.png
processing: 2448158_21016_0_0.png
  SKIPPING IMAGE: tot amount of vasculature (11.8049) < quality threshold 
processing: 2448158_21015_0_0.png
  SKIPPING IMAGE: tot amount of vasculature (2811.6723) < quality threshold 
processing: 2448144_21016_0_0.png
processing: 2448144_21015_0_0.png
processing: 2448132_21016_1_0.png
processing: 2448132_21016_0_0.png
processing: 2448132_21015_1_0.png
processing: 2448132_21015_0_0.png
processing: 2448126_21016_0_0.png
  SKIPPING IMAGE: No vessels found
processing: 2448126_21015_0_0.png
  SKIPPING IMAGE: tot amount of vasculature (9647.639) < quality threshold 
processing: 2448071_21016_0_0.png
processing: 2448071_21015_0_0.png
  SKIPPING IMAGE: tot amount of vasculature (9239.3817) < quality threshold 
processing: 2447939_21016_0_0.png
processing: 2447939_21015_0_0.png
processing: 2447904_21016_0_0.png
processing: 2447904_21015_0_0.png
processing: 2447867_21016_0_0.png
  SKIPPING IMAGE: tot amount of vasculature (10028.885) < quality threshold 
processing: 2447867_21015_0_0.png
processing: 2447836_21016_1_0.png
  SKIPPING IMAGE: tot amount of vasculature (7182.7275) < quality threshold 
processing: 2447836_21015_1_0.png
  SKIPPING IMAGE: tot amount of vasculature (9478.5338) < quality threshold 
processing: 2447813_21016_1_0.png
processing: 2447813_21016_0_0.png
processing: 2447813_21015_1_0.png
processing: 2447813_21015_0_0.png
processing: 2447781_21016_0_0.png
  SKIPPING IMAGE: tot amount of vasculature (6039.4874) < quality threshold 
processing: 2447781_21015_0_0.png
processing: 2447774_21016_0_0.png
  SKIPPING IMAGE: tot amount of vasculature (9352.5473) < quality threshold 
processing: 2447774_21015_0_0.png
  SKIPPING IMAGE: tot amount of vasculature (7721.1844) < quality threshold 
processing: 2447557_21016_0_0.png
processing: 2447557_21015_0_0.png
processing: 2447486_21016_1_0.png
processing: 2447486_21015_1_0.png
processing: 2447449_21016_0_0.png
  SKIPPING IMAGE: tot amount of vasculature (10539.211) < quality threshold 
processing: 2447449_21015_0_0.png
processing: 2447405_21016_0_0.png
processing: 2447405_21015_0_0.png
  SKIPPING IMAGE: tot amount of vasculature (5128.3731) < quality threshold 
processing: 2447341_21016_0_0.png
  SKIPPING IMAGE: tot amount of vasculature (10406.4302) < quality threshold 
processing: 2447341_21015_0_0.png
  SKIPPING IMAGE: tot amount of vasculature (6488.9796) < quality threshold 
processing: 2447337_21016_0_0.png
processing: 2447337_21015_0_0.png
processing: 2447245_21016_1_0.png
processing: 2447245_21015_1_0.png
processing: 2447228_21016_1_0.png
  SKIPPING IMAGE: tot amount of vasculature (5439.9327) < quality threshold 
processing: 2447228_21015_1_0.png
  SKIPPING IMAGE: tot amount of vasculature (3736.6892) < quality threshold 
processing: 2447209_21016_0_0.png
  SKIPPING IMAGE: tot amount of vasculature (3606.4078) < quality threshold 
processing: 2447209_21015_0_0.png
  SKIPPING IMAGE: tot amount of vasculature (5772.0753) < quality threshold 
processing: 2447147_21016_0_0.png
  SKIPPING IMAGE: tot amount of vasculature (2166.7375) < quality threshold 
processing: 2447147_21015_0_0.png
processing: 2447116_21016_0_0.png
processing: 2447116_21015_0_0.png
processing: 2447102_21016_0_0.png
processing: 2447102_21015_0_0.png
processing: 2447075_21016_1_0.png
