------------------------------------------
Setting up environment variables
---
LD_LIBRARY_PATH is .:/software/Development/Languages/Matlab_Compiler_Runtime/96/runtime/glnxa64:/software/Development/Languages/Matlab_Compiler_Runtime/96/bin/glnxa64:/software/Development/Languages/Matlab_Compiler_Runtime/96/sys/os/glnxa64:/software/Development/Languages/Matlab_Compiler_Runtime/96/sys/opengl/lib/glnxa64
Running vessel measurements...
processing: 4455542_21016_0_0.png
processing: 4455542_21015_0_0.png
processing: 4455324_21016_0_0.png
processing: 4455324_21015_0_0.png
  SKIPPING IMAGE: tot amount of vasculature (8792.2847) < quality threshold 
processing: 4455262_21016_0_0.png
processing: 4455262_21015_0_0.png
processing: 4455218_21016_0_0.png
processing: 4455218_21015_0_0.png
processing: 4454932_21016_0_0.png
processing: 4454932_21015_0_0.png
processing: 4454823_21016_0_0.png
processing: 4454823_21015_0_0.png
processing: 4454727_21016_0_0.png
processing: 4454727_21015_0_0.png
processing: 4454712_21016_1_0.png
  SKIPPING IMAGE: tot amount of vasculature (10587.0011) < quality threshold 
processing: 4454712_21015_1_0.png
  SKIPPING IMAGE: tot amount of vasculature (8973.5876) < quality threshold 
processing: 4454694_21016_0_0.png
  SKIPPING IMAGE: tot amount of vasculature (6043.3649) < quality threshold 
processing: 4454694_21015_0_0.png
processing: 4454682_21016_1_0.png
processing: 4454682_21015_1_0.png
processing: 4454637_21016_0_0.png
processing: 4454637_21015_0_0.png
processing: 4454513_21016_0_0.png
processing: 4454513_21015_0_0.png
processing: 4454501_21016_0_0.png
  SKIPPING IMAGE: tot amount of vasculature (7874.8762) < quality threshold 
processing: 4454501_21015_0_0.png
  SKIPPING IMAGE: tot amount of vasculature (6206.5188) < quality threshold 
processing: 4454474_21016_0_0.png
processing: 4454474_21015_0_0.png
processing: 4454463_21016_0_0.png
  SKIPPING IMAGE: tot amount of vasculature (10940.7045) < quality threshold 
processing: 4454463_21015_0_0.png
  SKIPPING IMAGE: tot amount of vasculature (10284.3795) < quality threshold 
processing: 4454456_21016_0_0.png
processing: 4454456_21015_0_0.png
processing: 4454407_21016_0_0.png
  SKIPPING IMAGE: tot amount of vasculature (9762.5147) < quality threshold 
processing: 4454407_21015_0_0.png
  SKIPPING IMAGE: tot amount of vasculature (6809.251) < quality threshold 
processing: 4454378_21016_0_0.png
processing: 4454378_21015_0_0.png
processing: 4454295_21016_1_0.png
processing: 4454295_21015_1_0.png
processing: 4454197_21016_0_0.png
processing: 4454197_21015_0_0.png
processing: 4454160_21016_0_0.png
processing: 4454111_21016_0_0.png
processing: 4454111_21015_0_0.png
processing: 4454109_21016_0_0.png
processing: 4454109_21015_0_0.png
processing: 4454096_21016_0_0.png
processing: 4454096_21015_0_0.png
  SKIPPING IMAGE: tot amount of vasculature (10918.3909) < quality threshold 
processing: 4454062_21016_0_0.png
processing: 4454062_21015_0_0.png
processing: 4453966_21016_0_0.png
processing: 4453966_21015_0_0.png
processing: 4453828_21016_0_0.png
  SKIPPING IMAGE: tot amount of vasculature (1864.189) < quality threshold 
processing: 4453828_21015_0_0.png
  SKIPPING IMAGE: tot amount of vasculature (2593.3856) < quality threshold 
processing: 4453809_21016_0_0.png
  SKIPPING IMAGE: tot amount of vasculature (415.1892) < quality threshold 
processing: 4453809_21015_0_0.png
  SKIPPING IMAGE: tot amount of vasculature (2960.2769) < quality threshold 
processing: 4453735_21016_0_0.png
  SKIPPING IMAGE: tot amount of vasculature (6088.7097) < quality threshold 
processing: 4453735_21015_0_0.png
  SKIPPING IMAGE: tot amount of vasculature (9657.4143) < quality threshold 
processing: 4453675_21016_0_0.png
processing: 4453675_21015_0_0.png
processing: 4453550_21016_1_0.png
  SKIPPING IMAGE: tot amount of vasculature (8180.2054) < quality threshold 
processing: 4453550_21015_1_0.png
processing: 4453468_21016_0_0.png
processing: 4453468_21015_0_0.png
processing: 4453420_21016_0_0.png
processing: 4453420_21015_0_0.png
processing: 4453351_21016_0_0.png
processing: 4453351_21015_0_0.png
processing: 4453330_21016_1_0.png
  SKIPPING IMAGE: tot amount of vasculature (3886.0713) < quality threshold 
processing: 4453330_21015_1_0.png
  SKIPPING IMAGE: tot amount of vasculature (2758.1352) < quality threshold 
processing: 4453305_21016_0_0.png
  SKIPPING IMAGE: tot amount of vasculature (5692.6673) < quality threshold 
processing: 4453305_21015_0_0.png
  SKIPPING IMAGE: tot amount of vasculature (6859.9179) < quality threshold 
processing: 4453290_21016_0_0.png
processing: 4453290_21015_0_0.png
processing: 4453165_21016_0_0.png
processing: 4453165_21015_0_0.png
  SKIPPING IMAGE: tot amount of vasculature (4574.6332) < quality threshold 
processing: 4453114_21016_0_0.png
processing: 4453114_21015_0_0.png
processing: 4453106_21016_0_0.png
processing: 4453106_21015_0_0.png
  SKIPPING IMAGE: tot amount of vasculature (10596.176) < quality threshold 
processing: 4453080_21016_0_0.png
  SKIPPING IMAGE: tot amount of vasculature (10555.6991) < quality threshold 
processing: 4453080_21015_0_0.png
  SKIPPING IMAGE: tot amount of vasculature (6366.9688) < quality threshold 
processing: 4453055_21016_0_0.png
processing: 4453055_21015_0_0.png
processing: 4452849_21016_0_0.png
processing: 4452849_21015_0_0.png
processing: 4452777_21016_0_0.png
  SKIPPING IMAGE: tot amount of vasculature (2899.5234) < quality threshold 
processing: 4452777_21015_0_0.png
processing: 4452762_21016_1_0.png
processing: 4452762_21015_1_0.png
processing: 4452606_21016_0_0.png
  SKIPPING IMAGE: tot amount of vasculature (10962.0508) < quality threshold 
processing: 4452522_21016_1_0.png
processing: 4452522_21015_1_0.png
processing: 4452480_21016_0_0.png
processing: 4452480_21015_0_0.png
processing: 4452467_21016_0_0.png
processing: 4452467_21015_0_0.png
processing: 4452448_21016_0_0.png
  SKIPPING IMAGE: tot amount of vasculature (7964.3124) < quality threshold 
processing: 4452448_21015_0_0.png
processing: 4452424_21016_0_0.png
processing: 4452424_21015_0_0.png
processing: 4452345_21016_0_0.png
processing: 4452345_21015_0_0.png
  SKIPPING IMAGE: tot amount of vasculature (10291.6704) < quality threshold 
processing: 4452328_21016_0_0.png
processing: 4452328_21015_0_0.png
processing: 4452253_21016_1_0.png
  SKIPPING IMAGE: tot amount of vasculature (4318.3692) < quality threshold 
processing: 4452253_21015_1_0.png
  SKIPPING IMAGE: tot amount of vasculature (9609.8681) < quality threshold 
processing: 4452175_21016_0_0.png
  SKIPPING IMAGE: tot amount of vasculature (1333.5248) < quality threshold 
processing: 4452175_21015_0_0.png
  SKIPPING IMAGE: tot amount of vasculature (18.3908) < quality threshold 
processing: 4452158_21016_1_0.png
processing: 4452158_21015_1_0.png
processing: 4452126_21016_0_0.png
processing: 4452126_21015_0_0.png
processing: 4452059_21016_0_0.png
processing: 4452059_21015_0_0.png
  SKIPPING IMAGE: tot amount of vasculature (10150.8935) < quality threshold 
processing: 4451985_21016_1_0.png
processing: 4451985_21015_1_0.png
processing: 4451943_21016_0_0.png
  SKIPPING IMAGE: tot amount of vasculature (10358.0187) < quality threshold 
processing: 4451943_21015_0_0.png
processing: 4451756_21016_0_0.png
