------------------------------------------
Setting up environment variables
---
LD_LIBRARY_PATH is .:/software/Development/Languages/Matlab_Compiler_Runtime/96/runtime/glnxa64:/software/Development/Languages/Matlab_Compiler_Runtime/96/bin/glnxa64:/software/Development/Languages/Matlab_Compiler_Runtime/96/sys/os/glnxa64:/software/Development/Languages/Matlab_Compiler_Runtime/96/sys/opengl/lib/glnxa64
Running vessel measurements...
processing: 1449089_21015_0_0.png
processing: 1449078_21016_0_0.png
  SKIPPING IMAGE: tot amount of vasculature (1644.7683) < quality threshold 
processing: 1449078_21015_0_0.png
  SKIPPING IMAGE: tot amount of vasculature (7431.4148) < quality threshold 
processing: 1448948_21016_1_0.png
  SKIPPING IMAGE: tot amount of vasculature (2452.0619) < quality threshold 
processing: 1448948_21016_0_0.png
  SKIPPING IMAGE: tot amount of vasculature (4955.4464) < quality threshold 
processing: 1448948_21015_1_0.png
  SKIPPING IMAGE: tot amount of vasculature (4603.6103) < quality threshold 
processing: 1448948_21015_0_0.png
  SKIPPING IMAGE: tot amount of vasculature (7165.6739) < quality threshold 
processing: 1448936_21016_0_0.png
processing: 1448936_21015_0_0.png
  SKIPPING IMAGE: tot amount of vasculature (8472.6964) < quality threshold 
processing: 1448877_21016_1_0.png
  SKIPPING IMAGE: tot amount of vasculature (3266.0486) < quality threshold 
processing: 1448877_21015_1_0.png
processing: 1448850_21016_0_0.png
processing: 1448850_21015_0_0.png
processing: 1448771_21016_1_0.png
processing: 1448771_21016_0_0.png
processing: 1448771_21015_1_0.png
processing: 1448771_21015_0_0.png
processing: 1448768_21016_0_0.png
processing: 1448768_21015_0_0.png
processing: 1448759_21016_0_0.png
  SKIPPING IMAGE: tot amount of vasculature (81.9617) < quality threshold 
processing: 1448759_21015_0_0.png
  SKIPPING IMAGE: tot amount of vasculature (6259.6363) < quality threshold 
processing: 1448720_21016_0_0.png
  SKIPPING IMAGE: tot amount of vasculature (9571.4206) < quality threshold 
processing: 1448720_21015_0_0.png
  SKIPPING IMAGE: tot amount of vasculature (10602.4866) < quality threshold 
processing: 1448716_21016_1_0.png
  SKIPPING IMAGE: tot amount of vasculature (5971.4) < quality threshold 
processing: 1448716_21015_1_0.png
  SKIPPING IMAGE: tot amount of vasculature (243.5772) < quality threshold 
processing: 1448649_21016_1_0.png
processing: 1448649_21015_1_0.png
processing: 1448597_21016_0_0.png
processing: 1448597_21015_0_0.png
processing: 1448576_21016_0_0.png
processing: 1448576_21015_0_0.png
processing: 1448534_21016_0_0.png
  SKIPPING IMAGE: tot amount of vasculature (371.3489) < quality threshold 
processing: 1448478_21016_0_0.png
processing: 1448478_21015_0_0.png
  SKIPPING IMAGE: tot amount of vasculature (9761.594) < quality threshold 
processing: 1448461_21016_0_0.png
  SKIPPING IMAGE: tot amount of vasculature (5970.7682) < quality threshold 
processing: 1448461_21015_0_0.png
  SKIPPING IMAGE: tot amount of vasculature (6040.8837) < quality threshold 
processing: 1448446_21016_0_0.png
  SKIPPING IMAGE: tot amount of vasculature (845.1739) < quality threshold 
processing: 1448446_21015_0_0.png
  SKIPPING IMAGE: tot amount of vasculature (8017.8128) < quality threshold 
processing: 1448279_21016_0_0.png
  SKIPPING IMAGE: tot amount of vasculature (3884.5996) < quality threshold 
processing: 1448279_21015_0_0.png
  SKIPPING IMAGE: tot amount of vasculature (9297.9442) < quality threshold 
processing: 1448214_21016_0_0.png
  SKIPPING IMAGE: tot amount of vasculature (4211.918) < quality threshold 
processing: 1448214_21015_0_0.png
  SKIPPING IMAGE: tot amount of vasculature (7796.5394) < quality threshold 
processing: 1448206_21016_0_0.png
  SKIPPING IMAGE: tot amount of vasculature (1500.4568) < quality threshold 
processing: 1448206_21015_0_0.png
  SKIPPING IMAGE: tot amount of vasculature (3509.2565) < quality threshold 
processing: 1448190_21016_0_1.png
  SKIPPING IMAGE: tot amount of vasculature (3266.1048) < quality threshold 
processing: 1448190_21016_0_0.png
  SKIPPING IMAGE: tot amount of vasculature (4122.3386) < quality threshold 
processing: 1448190_21015_0_1.png
  SKIPPING IMAGE: tot amount of vasculature (1799.8907) < quality threshold 
processing: 1448190_21015_0_0.png
  SKIPPING IMAGE: tot amount of vasculature (1955.7987) < quality threshold 
processing: 1448174_21016_0_0.png
processing: 1448174_21015_0_0.png
processing: 1448066_21016_0_0.png
processing: 1448066_21015_0_0.png
processing: 1447755_21016_0_0.png
  SKIPPING IMAGE: tot amount of vasculature (5849.5522) < quality threshold 
processing: 1447755_21015_0_0.png
  SKIPPING IMAGE: tot amount of vasculature (7897.0248) < quality threshold 
processing: 1447676_21016_0_0.png
  SKIPPING IMAGE: tot amount of vasculature (5222.3458) < quality threshold 
processing: 1447676_21015_0_0.png
processing: 1447609_21016_0_0.png
processing: 1447609_21015_0_0.png
processing: 1447564_21016_0_0.png
  SKIPPING IMAGE: tot amount of vasculature (772.794) < quality threshold 
processing: 1447564_21015_0_0.png
  SKIPPING IMAGE: tot amount of vasculature (940.3944) < quality threshold 
processing: 1447512_21016_0_0.png
  SKIPPING IMAGE: tot amount of vasculature (9084.5155) < quality threshold 
processing: 1447512_21015_0_0.png
processing: 1447485_21016_0_0.png
processing: 1447485_21015_0_0.png
processing: 1447340_21016_0_0.png
processing: 1447340_21015_0_0.png
processing: 1447194_21016_0_1.png
processing: 1447194_21016_0_0.png
  SKIPPING IMAGE: tot amount of vasculature (10682.4237) < quality threshold 
processing: 1447194_21015_0_0.png
processing: 1447025_21016_0_0.png
processing: 1447025_21015_0_0.png
processing: 1446961_21016_0_1.png
processing: 1446961_21016_0_0.png
processing: 1446961_21015_0_0.png
processing: 1446935_21016_0_0.png
  SKIPPING IMAGE: tot amount of vasculature (10595.9605) < quality threshold 
processing: 1446935_21015_0_0.png
processing: 1446868_21016_0_0.png
processing: 1446868_21015_0_0.png
processing: 1446794_21016_0_0.png
processing: 1446794_21015_0_0.png
processing: 1446766_21016_0_0.png
processing: 1446766_21015_0_0.png
processing: 1446737_21016_0_0.png
processing: 1446737_21015_0_0.png
processing: 1446569_21016_0_0.png
processing: 1446569_21015_0_0.png
processing: 1446409_21016_0_0.png
processing: 1446409_21015_0_0.png
processing: 1446227_21016_0_0.png
processing: 1446227_21015_0_0.png
processing: 1446065_21016_0_0.png
processing: 1446065_21015_0_0.png
processing: 1446006_21016_0_0.png
processing: 1446006_21015_0_0.png
processing: 1445952_21016_0_0.png
processing: 1445952_21015_0_0.png
  SKIPPING IMAGE: tot amount of vasculature (10223.9029) < quality threshold 
processing: 1445829_21016_0_0.png
processing: 1445829_21015_0_0.png
processing: 1445788_21016_0_0.png
processing: 1445788_21015_0_0.png
processing: 1445731_21016_0_0.png
processing: 1445731_21015_0_0.png
processing: 1445723_21016_0_0.png
processing: 1445723_21015_0_0.png
processing: 1445684_21016_0_0.png
processing: 1445684_21015_0_0.png
processing: 1445647_21016_0_0.png
  SKIPPING IMAGE: tot amount of vasculature (10355.358) < quality threshold 
processing: 1445647_21015_0_0.png
  SKIPPING IMAGE: tot amount of vasculature (9512.2385) < quality threshold 
processing: 1445633_21016_1_0.png
processing: 1445633_21015_1_0.png
processing: 1445616_21016_0_0.png
processing: 1445616_21015_0_0.png
processing: 1445581_21016_0_0.png
processing: 1445581_21015_0_0.png
processing: 1445574_21016_0_0.png
processing: 1445574_21015_0_0.png
processing: 1445324_21016_0_0.png
processing: 1445324_21015_0_0.png
processing: 1445313_21016_0_0.png
processing: 1445313_21015_0_0.png
processing: 1445285_21016_0_0.png
processing: 1445285_21015_0_0.png
processing: 1445204_21016_0_0.png
  SKIPPING IMAGE: tot amount of vasculature (9366.0035) < quality threshold 
processing: 1445204_21015_0_0.png
processing: 1445122_21016_1_0.png
  SKIPPING IMAGE: tot amount of vasculature (7103.3261) < quality threshold 
processing: 1445122_21015_1_0.png
  SKIPPING IMAGE: tot amount of vasculature (5420.1542) < quality threshold 
processing: 1444975_21016_1_0.png
  SKIPPING IMAGE: tot amount of vasculature (9676.9795) < quality threshold 
processing: 1444975_21015_1_0.png
  SKIPPING IMAGE: tot amount of vasculature (2958.0437) < quality threshold 
processing: 1444903_21016_1_0.png
processing: 1444903_21015_1_0.png
  SKIPPING IMAGE: tot amount of vasculature (10452.4967) < quality threshold 
processing: 1444840_21016_1_0.png
  SKIPPING IMAGE: tot amount of vasculature (3407.3242) < quality threshold 
processing: 1444840_21015_1_0.png
processing: 1444798_21016_0_0.png
processing: 1444798_21015_0_0.png
  SKIPPING IMAGE: tot amount of vasculature (8660.5992) < quality threshold 
processing: 1444764_21016_0_0.png
processing: 1444764_21015_0_0.png
processing: 1444682_21016_0_0.png
processing: 1444682_21015_0_0.png
processing: 1444615_21016_0_0.png
processing: 1444615_21015_0_0.png
processing: 1444524_21016_0_0.png
processing: 1444524_21015_0_0.png
processing: 1444407_21016_0_0.png
processing: 1444407_21015_0_0.png
processing: 1444361_21016_1_0.png
processing: 1444361_21015_1_0.png
processing: 1444317_21016_0_0.png
  SKIPPING IMAGE: tot amount of vasculature (10723.5863) < quality threshold 
processing: 1444317_21015_0_0.png
processing: 1444284_21016_0_0.png
  SKIPPING IMAGE: tot amount of vasculature (10838.7565) < quality threshold 
processing: 1444284_21015_0_0.png
  SKIPPING IMAGE: tot amount of vasculature (3538.1729) < quality threshold 
processing: 1444247_21016_0_0.png
processing: 1444247_21015_0_0.png
processing: 1444197_21016_1_0.png
  SKIPPING IMAGE: tot amount of vasculature (1235.4449) < quality threshold 
processing: 1444197_21016_0_0.png
processing: 1444197_21015_1_0.png
  SKIPPING IMAGE: tot amount of vasculature (3048.8622) < quality threshold 
processing: 1444197_21015_0_0.png
processing: 1444183_21016_0_0.png
  SKIPPING IMAGE: tot amount of vasculature (3766.5904) < quality threshold 
processing: 1444183_21015_0_0.png
  SKIPPING IMAGE: tot amount of vasculature (189.7578) < quality threshold 
processing: 1444085_21016_0_0.png
processing: 1444085_21015_0_0.png
processing: 1443929_21016_0_0.png
processing: 1443929_21015_0_0.png
processing: 1443876_21016_1_0.png
processing: 1443876_21015_1_0.png
processing: 1443828_21016_0_0.png
processing: 1443828_21015_0_0.png
processing: 1443746_21016_0_0.png
processing: 1443746_21015_0_0.png
  SKIPPING IMAGE: tot amount of vasculature (8172.477) < quality threshold 
processing: 1443735_21016_0_0.png
processing: 1443735_21015_0_0.png
processing: 1443717_21016_0_0.png
processing: 1443717_21015_0_0.png
processing: 1443626_21016_0_0.png
processing: 1443626_21015_0_0.png
processing: 1443577_21016_1_0.png
processing: 1443577_21015_1_0.png
processing: 1443562_21016_1_0.png
  SKIPPING IMAGE: tot amount of vasculature (7845.7025) < quality threshold 
processing: 1443562_21015_1_0.png
  SKIPPING IMAGE: tot amount of vasculature (10178.1097) < quality threshold 
processing: 1443495_21016_1_0.png
processing: 1443495_21015_1_0.png
processing: 1443402_21016_0_0.png
  SKIPPING IMAGE: tot amount of vasculature (22.0467) < quality threshold 
processing: 1443402_21015_0_0.png
  SKIPPING IMAGE: tot amount of vasculature (3019.7532) < quality threshold 
processing: 1443330_21016_0_0.png
processing: 1443330_21015_0_0.png
processing: 1443305_21016_0_0.png
processing: 1443305_21015_0_0.png
processing: 1443290_21016_0_0.png
processing: 1443290_21015_0_0.png
processing: 1443225_21016_1_0.png
processing: 1443225_21015_1_0.png
  SKIPPING IMAGE: tot amount of vasculature (10679.8008) < quality threshold 
processing: 1443179_21016_0_0.png
processing: 1443179_21015_0_0.png
processing: 1443157_21016_0_0.png
processing: 1443157_21015_0_0.png
processing: 1443114_21016_0_0.png
processing: 1443055_21016_0_0.png
processing: 1443055_21015_0_0.png
processing: 1443001_21016_0_0.png
processing: 1443001_21015_0_0.png
processing: 1442990_21016_0_0.png
  SKIPPING IMAGE: tot amount of vasculature (6221.9696) < quality threshold 
processing: 1442990_21015_0_0.png
processing: 1442981_21016_0_0.png
processing: 1442981_21015_0_0.png
  SKIPPING IMAGE: tot amount of vasculature (8665.096) < quality threshold 
processing: 1442974_21016_0_0.png
processing: 1442974_21015_0_0.png
processing: 1442942_21016_0_0.png
processing: 1442942_21015_0_0.png
processing: 1442898_21016_0_0.png
processing: 1442898_21015_0_0.png
processing: 1442849_21016_0_0.png
  SKIPPING IMAGE: tot amount of vasculature (5639.479) < quality threshold 
processing: 1442849_21015_0_0.png
  SKIPPING IMAGE: tot amount of vasculature (206.4195) < quality threshold 
processing: 1442830_21016_1_0.png
processing: 1442830_21015_1_0.png
processing: 1442796_21016_0_0.png
processing: 1442796_21015_0_0.png
processing: 1442750_21016_0_0.png
processing: 1442750_21015_0_0.png
processing: 1442721_21016_0_0.png
processing: 1442721_21015_0_0.png
processing: 1442631_21016_1_0.png
processing: 1442631_21015_1_0.png
processing: 1442606_21016_1_0.png
processing: 1442606_21015_1_0.png
processing: 1442561_21016_0_0.png
processing: 1442561_21015_0_0.png
processing: 1442546_21016_0_0.png
processing: 1442546_21015_0_0.png
processing: 1442522_21016_0_0.png
processing: 1442522_21015_0_0.png
processing: 1442499_21016_0_0.png
  SKIPPING IMAGE: tot amount of vasculature (5817.9101) < quality threshold 
processing: 1442499_21015_0_0.png
processing: 1442436_21016_0_0.png
processing: 1442436_21015_0_0.png
processing: 1442345_21016_0_0.png
processing: 1442345_21015_0_0.png
processing: 1442309_21016_0_0.png
processing: 1442309_21015_0_0.png
processing: 1442270_21016_0_0.png
processing: 1442270_21015_0_0.png
processing: 1442237_21016_1_0.png
processing: 1442237_21015_1_0.png
  SKIPPING IMAGE: tot amount of vasculature (6802.4398) < quality threshold 
processing: 1442144_21016_0_0.png
  SKIPPING IMAGE: tot amount of vasculature (21.0793) < quality threshold 
processing: 1442144_21015_0_0.png
  SKIPPING IMAGE: tot amount of vasculature (29.1589) < quality threshold 
processing: 1442084_21016_1_0.png
processing: 1442084_21015_1_0.png
processing: 1442068_21016_0_0.png
processing: 1442068_21015_0_0.png
processing: 1441977_21016_0_0.png
processing: 1441977_21015_0_0.png
processing: 1441918_21016_0_0.png
processing: 1441918_21015_0_0.png
processing: 1441824_21016_0_0.png
processing: 1441824_21015_0_0.png
processing: 1441781_21016_0_0.png
processing: 1441781_21015_0_0.png
processing: 1441678_21016_0_0.png
  SKIPPING IMAGE: tot amount of vasculature (6083.5273) < quality threshold 
processing: 1441678_21015_0_0.png
  SKIPPING IMAGE: tot amount of vasculature (4160.0319) < quality threshold 
processing: 1441622_21016_0_0.png
  SKIPPING IMAGE: tot amount of vasculature (8659.3513) < quality threshold 
processing: 1441622_21015_0_0.png
  SKIPPING IMAGE: tot amount of vasculature (7041.9516) < quality threshold 
processing: 1441617_21016_0_0.png
processing: 1441617_21015_0_0.png
processing: 1441588_21016_0_0.png
  SKIPPING IMAGE: tot amount of vasculature (1055.6158) < quality threshold 
processing: 1441588_21015_0_0.png
processing: 1441579_21016_1_0.png
  SKIPPING IMAGE: tot amount of vasculature (10164.3022) < quality threshold 
processing: 1441579_21015_1_0.png
  SKIPPING IMAGE: tot amount of vasculature (10908.23) < quality threshold 
processing: 1441514_21016_0_0.png
processing: 1441514_21015_0_0.png
processing: 1441464_21016_0_0.png
processing: 1441464_21015_0_0.png
processing: 1441370_21016_0_0.png
processing: 1441370_21015_0_0.png
processing: 1441353_21016_0_0.png
processing: 1441353_21015_0_0.png
processing: 1441329_21016_0_0.png
processing: 1441329_21015_0_0.png
processing: 1441245_21016_0_0.png
processing: 1441245_21015_0_0.png
processing: 1441184_21016_0_0.png
processing: 1441184_21015_0_0.png
processing: 1441120_21016_0_0.png
processing: 1441120_21015_0_0.png
processing: 1441091_21016_0_0.png
  SKIPPING IMAGE: tot amount of vasculature (350.3357) < quality threshold 
processing: 1441091_21015_0_0.png
  SKIPPING IMAGE: tot amount of vasculature (7654.4648) < quality threshold 
processing: 1441087_21016_0_0.png
processing: 1441087_21015_0_0.png
processing: 1441010_21016_0_0.png
  SKIPPING IMAGE: tot amount of vasculature (6544.7293) < quality threshold 
processing: 1441010_21015_0_0.png
processing: 1440951_21016_0_0.png
  SKIPPING IMAGE: tot amount of vasculature (7250.783) < quality threshold 
processing: 1440951_21015_0_0.png
  SKIPPING IMAGE: tot amount of vasculature (259.4925) < quality threshold 
processing: 1440927_21016_0_0.png
processing: 1440927_21015_0_0.png
processing: 1440905_21016_0_0.png
processing: 1440905_21015_0_0.png
processing: 1440881_21016_1_0.png
  SKIPPING IMAGE: tot amount of vasculature (296.1387) < quality threshold 
processing: 1440881_21015_1_0.png
  SKIPPING IMAGE: tot amount of vasculature (2610.5784) < quality threshold 
processing: 1440791_21016_0_0.png
processing: 1440791_21015_0_0.png
processing: 1440787_21016_1_0.png
processing: 1440787_21015_1_0.png
processing: 1440769_21016_1_0.png
FINISHED: .mat files have been written to: /data/FAC/FBM/DBC/sbergman/retina/UKBiob/fundus/REVIEW//CLRIS/
execution time: 2720 sec
