------------------------------------------
Setting up environment variables
---
LD_LIBRARY_PATH is .:/software/Development/Languages/Matlab_Compiler_Runtime/96/runtime/glnxa64:/software/Development/Languages/Matlab_Compiler_Runtime/96/bin/glnxa64:/software/Development/Languages/Matlab_Compiler_Runtime/96/sys/os/glnxa64:/software/Development/Languages/Matlab_Compiler_Runtime/96/sys/opengl/lib/glnxa64
Running vessel measurements...
processing: 3653585_21015_1_0.png
processing: 3653562_21016_0_0.png
processing: 3653562_21015_0_0.png
processing: 3653459_21016_0_0.png
processing: 3653459_21015_0_0.png
processing: 3653416_21016_0_0.png
processing: 3653416_21015_0_0.png
  SKIPPING IMAGE: tot amount of vasculature (8363.0223) < quality threshold 
processing: 3653281_21016_0_0.png
processing: 3653281_21015_0_0.png
processing: 3653238_21016_0_0.png
  SKIPPING IMAGE: tot amount of vasculature (10124.1997) < quality threshold 
processing: 3653238_21015_0_0.png
  SKIPPING IMAGE: tot amount of vasculature (6775.0373) < quality threshold 
processing: 3653225_21016_0_0.png
processing: 3653225_21015_0_0.png
processing: 3653219_21016_0_0.png
  SKIPPING IMAGE: tot amount of vasculature (7465.5884) < quality threshold 
processing: 3653219_21015_0_0.png
  SKIPPING IMAGE: tot amount of vasculature (8990.5218) < quality threshold 
processing: 3653024_21016_0_0.png
processing: 3653024_21015_0_0.png
processing: 3652942_21016_0_0.png
processing: 3652942_21015_0_0.png
processing: 3652851_21016_0_0.png
  SKIPPING IMAGE: tot amount of vasculature (10742.4222) < quality threshold 
processing: 3652851_21015_0_0.png
  SKIPPING IMAGE: tot amount of vasculature (6750.8658) < quality threshold 
processing: 3652849_21016_0_0.png
processing: 3652849_21015_0_0.png
processing: 3652777_21016_1_0.png
  SKIPPING IMAGE: tot amount of vasculature (815.1926) < quality threshold 
processing: 3652777_21015_1_0.png
  SKIPPING IMAGE: tot amount of vasculature (8701.1712) < quality threshold 
processing: 3652614_21016_0_0.png
processing: 3652614_21015_0_0.png
processing: 3652499_21016_0_0.png
  SKIPPING IMAGE: tot amount of vasculature (7171.4954) < quality threshold 
processing: 3652499_21015_0_0.png
  SKIPPING IMAGE: tot amount of vasculature (5641.1868) < quality threshold 
processing: 3652383_21016_0_0.png
processing: 3652383_21015_0_0.png
processing: 3652334_21016_0_0.png
processing: 3652334_21015_0_0.png
processing: 3652253_21016_0_0.png
  SKIPPING IMAGE: tot amount of vasculature (9859.1746) < quality threshold 
processing: 3652253_21015_0_0.png
  SKIPPING IMAGE: tot amount of vasculature (8534.5328) < quality threshold 
processing: 3652229_21016_0_0.png
processing: 3652229_21015_0_0.png
processing: 3652103_21016_1_0.png
processing: 3652103_21015_1_0.png
processing: 3652016_21016_0_0.png
  SKIPPING IMAGE: tot amount of vasculature (8722.9634) < quality threshold 
processing: 3652016_21015_0_0.png
  SKIPPING IMAGE: tot amount of vasculature (5284.8997) < quality threshold 
processing: 3651977_21016_1_0.png
processing: 3651977_21015_1_0.png
  SKIPPING IMAGE: tot amount of vasculature (4880.9767) < quality threshold 
processing: 3651962_21016_1_0.png
processing: 3651962_21016_0_0.png
processing: 3651962_21015_1_0.png
processing: 3651962_21015_0_0.png
processing: 3651950_21016_1_0.png
  SKIPPING IMAGE: tot amount of vasculature (4458.4318) < quality threshold 
processing: 3651950_21015_1_0.png
  SKIPPING IMAGE: tot amount of vasculature (7453.808) < quality threshold 
processing: 3651921_21016_0_0.png
  SKIPPING IMAGE: tot amount of vasculature (46.363) < quality threshold 
processing: 3651921_21015_0_0.png
  SKIPPING IMAGE: tot amount of vasculature (2677.0296) < quality threshold 
processing: 3651880_21016_0_0.png
processing: 3651880_21015_0_0.png
processing: 3651742_21016_0_0.png
processing: 3651742_21015_0_0.png
processing: 3651617_21016_0_0.png
processing: 3651617_21015_0_0.png
  SKIPPING IMAGE: tot amount of vasculature (10190.9652) < quality threshold 
processing: 3651506_21016_0_0.png
processing: 3651506_21015_0_0.png
processing: 3651486_21016_0_0.png
processing: 3651486_21015_0_0.png
processing: 3651464_21016_1_0.png
processing: 3651464_21015_1_0.png
processing: 3651412_21016_0_0.png
processing: 3651412_21015_0_0.png
  SKIPPING IMAGE: tot amount of vasculature (6411.3007) < quality threshold 
processing: 3651245_21016_0_0.png
  SKIPPING IMAGE: tot amount of vasculature (10520.0825) < quality threshold 
processing: 3651245_21015_0_0.png
  SKIPPING IMAGE: tot amount of vasculature (6890.5589) < quality threshold 
processing: 3651234_21016_0_0.png
  SKIPPING IMAGE: tot amount of vasculature (6859.6012) < quality threshold 
processing: 3651234_21015_0_0.png
  SKIPPING IMAGE: tot amount of vasculature (9318.9828) < quality threshold 
processing: 3651209_21016_0_0.png
processing: 3651209_21015_0_0.png
processing: 3651044_21016_0_0.png
  SKIPPING IMAGE: tot amount of vasculature (8582.7427) < quality threshold 
processing: 3651044_21015_0_0.png
processing: 3650951_21016_0_0.png
processing: 3650951_21015_0_0.png
processing: 3650930_21016_0_0.png
processing: 3650930_21015_0_0.png
processing: 3650912_21016_0_0.png
processing: 3650912_21015_0_0.png
processing: 3650667_21016_0_0.png
processing: 3650667_21015_0_0.png
processing: 3650636_21016_1_0.png
  SKIPPING IMAGE: tot amount of vasculature (10918.0219) < quality threshold 
processing: 3650636_21015_1_0.png
processing: 3650624_21016_1_0.png
  SKIPPING IMAGE: tot amount of vasculature (2827.7218) < quality threshold 
processing: 3650624_21015_1_0.png
  SKIPPING IMAGE: tot amount of vasculature (2610.3562) < quality threshold 
processing: 3650601_21016_0_0.png
processing: 3650601_21015_0_0.png
processing: 3650566_21016_1_0.png
  SKIPPING IMAGE: tot amount of vasculature (553.2377) < quality threshold 
processing: 3650566_21016_0_0.png
  SKIPPING IMAGE: tot amount of vasculature (4414.2173) < quality threshold 
processing: 3650566_21015_1_0.png
  SKIPPING IMAGE: tot amount of vasculature (7432.3544) < quality threshold 
processing: 3650566_21015_0_0.png
  SKIPPING IMAGE: tot amount of vasculature (7852.1924) < quality threshold 
processing: 3650541_21016_1_0.png
  SKIPPING IMAGE: tot amount of vasculature (5689.7781) < quality threshold 
processing: 3650541_21015_1_0.png
  SKIPPING IMAGE: tot amount of vasculature (3925.2776) < quality threshold 
processing: 3650515_21016_0_0.png
processing: 3650515_21015_0_0.png
processing: 3650508_21016_0_0.png
processing: 3650508_21015_0_0.png
  SKIPPING IMAGE: tot amount of vasculature (8301.9042) < quality threshold 
processing: 3650479_21016_0_0.png
processing: 3650479_21015_0_0.png
processing: 3650440_21016_0_0.png
processing: 3650440_21015_0_0.png
processing: 3650406_21016_0_0.png
  SKIPPING IMAGE: tot amount of vasculature (10043.8827) < quality threshold 
processing: 3650406_21015_0_0.png
  SKIPPING IMAGE: tot amount of vasculature (8827.8814) < quality threshold 
processing: 3650320_21016_0_0.png
processing: 3650320_21015_0_0.png
processing: 3650196_21016_1_0.png
processing: 3650196_21015_1_0.png
processing: 3650177_21016_0_0.png
processing: 3650177_21015_0_0.png
processing: 3650143_21016_0_0.png
processing: 3650143_21015_0_0.png
processing: 3649977_21016_0_0.png
processing: 3649977_21015_0_0.png
processing: 3649939_21016_0_0.png
processing: 3649939_21015_0_0.png
processing: 3649880_21016_0_0.png
processing: 3649880_21015_0_0.png
