------------------------------------------
Setting up environment variables
---
LD_LIBRARY_PATH is .:/software/Development/Languages/Matlab_Compiler_Runtime/96/runtime/glnxa64:/software/Development/Languages/Matlab_Compiler_Runtime/96/bin/glnxa64:/software/Development/Languages/Matlab_Compiler_Runtime/96/sys/os/glnxa64:/software/Development/Languages/Matlab_Compiler_Runtime/96/sys/opengl/lib/glnxa64
Running vessel measurements...
processing: 3276911_21015_0_0.png
processing: 3276841_21016_0_0.png
  SKIPPING IMAGE: tot amount of vasculature (178.5128) < quality threshold 
processing: 3276841_21015_0_0.png
  SKIPPING IMAGE: No vessels found
processing: 3276829_21016_0_0.png
processing: 3276829_21015_0_0.png
  SKIPPING IMAGE: tot amount of vasculature (7670.1739) < quality threshold 
processing: 3276788_21016_0_0.png
processing: 3276788_21015_0_0.png
processing: 3276671_21016_1_0.png
processing: 3276671_21015_1_0.png
processing: 3276574_21016_0_0.png
  SKIPPING IMAGE: tot amount of vasculature (10200.1585) < quality threshold 
processing: 3276574_21015_0_0.png
  SKIPPING IMAGE: tot amount of vasculature (9509.2901) < quality threshold 
processing: 3276372_21016_0_0.png
processing: 3276372_21015_0_0.png
processing: 3276313_21016_1_0.png
  SKIPPING IMAGE: tot amount of vasculature (7582.1686) < quality threshold 
processing: 3276277_21016_1_0.png
processing: 3276277_21015_1_0.png
  SKIPPING IMAGE: tot amount of vasculature (8552.4909) < quality threshold 
processing: 3276262_21016_0_0.png
processing: 3276262_21015_0_0.png
processing: 3276239_21016_0_0.png
processing: 3276239_21015_0_0.png
processing: 3276218_21016_1_0.png
  SKIPPING IMAGE: tot amount of vasculature (8717.2521) < quality threshold 
processing: 3276218_21016_0_0.png
processing: 3276218_21015_1_0.png
  SKIPPING IMAGE: tot amount of vasculature (9919.1422) < quality threshold 
processing: 3276218_21015_0_0.png
processing: 3276204_21016_0_0.png
  SKIPPING IMAGE: tot amount of vasculature (8254.7724) < quality threshold 
processing: 3276204_21015_0_0.png
processing: 3276154_21016_1_0.png
processing: 3276154_21015_1_0.png
  SKIPPING IMAGE: tot amount of vasculature (6175.4649) < quality threshold 
processing: 3276098_21016_0_0.png
processing: 3276098_21015_0_0.png
processing: 3276086_21016_0_0.png
processing: 3276086_21015_0_0.png
processing: 3275944_21016_0_0.png
processing: 3275944_21015_0_0.png
processing: 3275926_21016_0_0.png
processing: 3275926_21015_0_0.png
processing: 3275798_21016_0_0.png
processing: 3275798_21015_0_0.png
processing: 3275670_21016_1_0.png
  SKIPPING IMAGE: tot amount of vasculature (2374.8048) < quality threshold 
processing: 3275670_21015_1_0.png
  SKIPPING IMAGE: tot amount of vasculature (2302.583) < quality threshold 
processing: 3275629_21016_1_0.png
  SKIPPING IMAGE: tot amount of vasculature (10654.6264) < quality threshold 
processing: 3275629_21015_1_0.png
processing: 3275580_21016_0_0.png
  SKIPPING IMAGE: tot amount of vasculature (4901.7621) < quality threshold 
processing: 3275580_21015_0_0.png
  SKIPPING IMAGE: tot amount of vasculature (9582.7141) < quality threshold 
processing: 3275572_21016_0_0.png
  SKIPPING IMAGE: tot amount of vasculature (2187.0052) < quality threshold 
processing: 3275572_21015_0_0.png
  SKIPPING IMAGE: tot amount of vasculature (4008.246) < quality threshold 
processing: 3275490_21016_0_0.png
  SKIPPING IMAGE: tot amount of vasculature (4303.1113) < quality threshold 
processing: 3275490_21015_0_0.png
  SKIPPING IMAGE: tot amount of vasculature (278.9831) < quality threshold 
processing: 3275481_21016_1_0.png
processing: 3275481_21015_1_0.png
processing: 3275463_21016_0_0.png
processing: 3275463_21015_0_0.png
processing: 3275456_21016_0_0.png
processing: 3275456_21015_0_0.png
processing: 3275389_21016_0_0.png
processing: 3275389_21015_0_0.png
processing: 3275346_21016_0_0.png
processing: 3275346_21015_0_0.png
  SKIPPING IMAGE: tot amount of vasculature (9963.578) < quality threshold 
processing: 3275317_21016_0_0.png
  SKIPPING IMAGE: tot amount of vasculature (7803.944) < quality threshold 
processing: 3275317_21015_0_0.png
Warning: No vessels found in 3275317_21015_0_0
> In Vessel_Data_IO.load_from_file (line 183)
  In REVIEW_evaluate_diameter_measurements (line 125)
  In ARIA_run_tests (line 209)
  SKIPPING IMAGE: No vessels found
processing: 3275284_21016_0_0.png
processing: 3275284_21015_0_0.png
processing: 3275220_21016_0_0.png
processing: 3275220_21015_0_0.png
processing: 3275128_21016_0_0.png
  SKIPPING IMAGE: tot amount of vasculature (4528.9377) < quality threshold 
processing: 3275128_21015_0_0.png
  SKIPPING IMAGE: tot amount of vasculature (5787.8275) < quality threshold 
processing: 3275085_21016_0_0.png
processing: 3275085_21015_0_0.png
processing: 3274974_21016_0_0.png
processing: 3274974_21015_0_0.png
processing: 3274963_21016_0_0.png
processing: 3274963_21015_0_0.png
processing: 3274942_21016_0_0.png
processing: 3274942_21015_0_0.png
processing: 3274919_21016_0_0.png
processing: 3274919_21015_0_0.png
processing: 3274864_21016_1_0.png
  SKIPPING IMAGE: No vessels found
processing: 3274864_21016_0_0.png
processing: 3274864_21015_1_0.png
  SKIPPING IMAGE: tot amount of vasculature (2956.75) < quality threshold 
processing: 3274864_21015_0_0.png
processing: 3274812_21016_0_0.png
processing: 3274812_21015_0_0.png
processing: 3274796_21016_1_0.png
processing: 3274796_21015_1_0.png
processing: 3274665_21016_0_0.png
processing: 3274665_21015_0_0.png
processing: 3274606_21016_0_0.png
processing: 3274606_21015_0_0.png
processing: 3274522_21016_1_0.png
processing: 3274522_21015_1_0.png
processing: 3274517_21016_0_0.png
processing: 3274517_21015_0_0.png
processing: 3274376_21016_0_0.png
  SKIPPING IMAGE: tot amount of vasculature (7625.7211) < quality threshold 
processing: 3274376_21015_0_0.png
  SKIPPING IMAGE: tot amount of vasculature (6145.9497) < quality threshold 
processing: 3274360_21016_0_0.png
  SKIPPING IMAGE: tot amount of vasculature (3333.1657) < quality threshold 
processing: 3274360_21015_0_0.png
  SKIPPING IMAGE: tot amount of vasculature (3154.7409) < quality threshold 
processing: 3274311_21016_0_0.png
processing: 3274311_21015_0_0.png
processing: 3274294_21016_0_0.png
  SKIPPING IMAGE: tot amount of vasculature (5373.9354) < quality threshold 
processing: 3274294_21015_0_0.png
  SKIPPING IMAGE: tot amount of vasculature (2017.6626) < quality threshold 
processing: 3274191_21016_0_0.png
processing: 3274191_21015_0_0.png
processing: 3274059_21016_0_0.png
processing: 3274059_21015_0_0.png
processing: 3274047_21016_0_0.png
processing: 3274047_21015_0_0.png
processing: 3273992_21016_0_0.png
processing: 3273992_21015_0_0.png
processing: 3273988_21016_0_0.png
processing: 3273988_21015_0_0.png
processing: 3273965_21016_0_0.png
processing: 3273965_21015_0_0.png
  SKIPPING IMAGE: tot amount of vasculature (3463.6048) < quality threshold 
processing: 3273891_21016_0_1.png
  SKIPPING IMAGE: tot amount of vasculature (8950.5369) < quality threshold 
processing: 3273891_21016_0_0.png
  SKIPPING IMAGE: tot amount of vasculature (8579.3124) < quality threshold 
processing: 3273891_21015_0_1.png
  SKIPPING IMAGE: tot amount of vasculature (1768.5731) < quality threshold 
processing: 3273891_21015_0_0.png
  SKIPPING IMAGE: tot amount of vasculature (3103.2147) < quality threshold 
processing: 3273776_21016_0_0.png
processing: 3273776_21015_0_0.png
processing: 3273752_21016_0_0.png
  SKIPPING IMAGE: tot amount of vasculature (8400.5907) < quality threshold 
processing: 3273752_21015_0_0.png
  SKIPPING IMAGE: tot amount of vasculature (6193.7342) < quality threshold 
processing: 3273584_21016_0_0.png
processing: 3273584_21015_0_0.png
processing: 3273482_21016_0_0.png
processing: 3273482_21015_0_0.png
processing: 3273441_21016_1_0.png
processing: 3273441_21015_1_0.png
processing: 3273343_21016_0_0.png
processing: 3273343_21015_0_0.png
processing: 3273339_21016_0_0.png
processing: 3273339_21015_0_0.png
