------------------------------------------
Setting up environment variables
---
LD_LIBRARY_PATH is .:/software/Development/Languages/Matlab_Compiler_Runtime/96/runtime/glnxa64:/software/Development/Languages/Matlab_Compiler_Runtime/96/bin/glnxa64:/software/Development/Languages/Matlab_Compiler_Runtime/96/sys/os/glnxa64:/software/Development/Languages/Matlab_Compiler_Runtime/96/sys/opengl/lib/glnxa64
Running vessel measurements...
processing: 3727948_21015_0_0.png
processing: 3727913_21016_0_0.png
processing: 3727913_21015_0_0.png
processing: 3727862_21016_0_0.png
processing: 3727862_21015_0_0.png
  SKIPPING IMAGE: tot amount of vasculature (6749.3079) < quality threshold 
processing: 3727818_21016_0_0.png
  SKIPPING IMAGE: tot amount of vasculature (183.8102) < quality threshold 
processing: 3727818_21015_0_0.png
processing: 3727698_21016_1_0.png
processing: 3727698_21015_1_0.png
processing: 3727664_21016_0_0.png
processing: 3727664_21015_0_0.png
processing: 3727649_21016_1_0.png
processing: 3727649_21015_1_0.png
processing: 3727630_21016_0_0.png
processing: 3727630_21015_0_0.png
processing: 3727583_21016_0_0.png
processing: 3727583_21015_0_0.png
processing: 3727534_21016_0_0.png
processing: 3727534_21015_0_0.png
processing: 3727493_21016_1_0.png
processing: 3727493_21015_1_0.png
processing: 3727489_21016_1_0.png
  SKIPPING IMAGE: tot amount of vasculature (9929.8655) < quality threshold 
processing: 3727489_21015_1_0.png
processing: 3727400_21016_0_0.png
  SKIPPING IMAGE: tot amount of vasculature (10546.5594) < quality threshold 
processing: 3727400_21015_0_0.png
processing: 3727358_21016_1_0.png
Warning: No vessels found in 3727358_21016_1_0
> In Vessel_Data_IO.load_from_file (line 183)
  In REVIEW_evaluate_diameter_measurements (line 125)
  In ARIA_run_tests (line 209)
  SKIPPING IMAGE: No vessels found
processing: 3727358_21016_0_0.png
  SKIPPING IMAGE: tot amount of vasculature (9036.0228) < quality threshold 
processing: 3727358_21015_1_0.png
  SKIPPING IMAGE: tot amount of vasculature (2101.9354) < quality threshold 
processing: 3727358_21015_0_0.png
  SKIPPING IMAGE: tot amount of vasculature (4826.4959) < quality threshold 
processing: 3727326_21016_0_0.png
processing: 3727326_21015_0_0.png
processing: 3727094_21016_1_0.png
processing: 3727094_21015_1_0.png
processing: 3727015_21016_0_0.png
processing: 3727015_21015_0_0.png
processing: 3726939_21016_1_0.png
  SKIPPING IMAGE: tot amount of vasculature (8379.8997) < quality threshold 
processing: 3726939_21015_1_0.png
  SKIPPING IMAGE: tot amount of vasculature (10621.4936) < quality threshold 
processing: 3726824_21016_0_0.png
processing: 3726824_21015_0_0.png
processing: 3726790_21016_0_0.png
processing: 3726790_21015_0_0.png
processing: 3726654_21016_1_0.png
processing: 3726654_21015_1_0.png
processing: 3726622_21016_0_0.png
  SKIPPING IMAGE: tot amount of vasculature (1287.8682) < quality threshold 
processing: 3726622_21015_0_0.png
  SKIPPING IMAGE: tot amount of vasculature (10580.1564) < quality threshold 
processing: 3726600_21016_0_0.png
processing: 3726600_21015_0_0.png
processing: 3726565_21016_1_0.png
  SKIPPING IMAGE: tot amount of vasculature (4955.3844) < quality threshold 
processing: 3726565_21015_1_0.png
  SKIPPING IMAGE: tot amount of vasculature (10395.2524) < quality threshold 
processing: 3726557_21016_0_0.png
  SKIPPING IMAGE: tot amount of vasculature (8367.8334) < quality threshold 
processing: 3726557_21015_0_0.png
  SKIPPING IMAGE: tot amount of vasculature (6619.1627) < quality threshold 
processing: 3726147_21016_0_0.png
processing: 3726147_21015_0_0.png
processing: 3725890_21016_0_0.png
processing: 3725890_21015_0_0.png
processing: 3725842_21016_0_0.png
processing: 3725842_21015_0_0.png
processing: 3725838_21016_0_0.png
processing: 3725838_21015_0_0.png
processing: 3725624_21016_0_0.png
processing: 3725624_21015_0_0.png
processing: 3725613_21016_0_0.png
  SKIPPING IMAGE: tot amount of vasculature (10582.7978) < quality threshold 
processing: 3725613_21015_0_0.png
  SKIPPING IMAGE: tot amount of vasculature (9253.7023) < quality threshold 
processing: 3725594_21016_0_0.png
processing: 3725594_21015_0_0.png
  SKIPPING IMAGE: tot amount of vasculature (10918.5868) < quality threshold 
processing: 3725570_21016_1_0.png
processing: 3725570_21015_1_0.png
processing: 3725537_21016_0_0.png
processing: 3725537_21015_0_0.png
processing: 3725529_21016_1_0.png
processing: 3725529_21015_1_0.png
processing: 3725492_21016_1_0.png
  SKIPPING IMAGE: tot amount of vasculature (4123.2648) < quality threshold 
processing: 3725492_21015_1_0.png
  SKIPPING IMAGE: tot amount of vasculature (5650.8085) < quality threshold 
processing: 3725457_21016_0_0.png
processing: 3725457_21015_0_0.png
processing: 3725440_21016_0_0.png
processing: 3725440_21015_0_0.png
processing: 3725406_21016_1_0.png
processing: 3725406_21015_1_0.png
processing: 3725395_21016_0_0.png
  SKIPPING IMAGE: tot amount of vasculature (9287.0748) < quality threshold 
processing: 3725395_21015_0_0.png
processing: 3725384_21016_0_0.png
processing: 3725384_21015_0_0.png
processing: 3725293_21016_0_0.png
processing: 3725293_21015_0_0.png
processing: 3725196_21016_0_0.png
  SKIPPING IMAGE: tot amount of vasculature (10131.5832) < quality threshold 
processing: 3725196_21015_0_0.png
processing: 3725177_21016_0_0.png
  SKIPPING IMAGE: tot amount of vasculature (4336.3966) < quality threshold 
processing: 3725177_21015_0_0.png
  SKIPPING IMAGE: tot amount of vasculature (8507.8252) < quality threshold 
processing: 3725121_21016_0_0.png
  SKIPPING IMAGE: tot amount of vasculature (8375.5047) < quality threshold 
processing: 3725121_21015_0_0.png
processing: 3725104_21016_0_0.png
processing: 3725104_21015_0_0.png
processing: 3724940_21016_1_0.png
  SKIPPING IMAGE: tot amount of vasculature (3199.1642) < quality threshold 
processing: 3724940_21015_1_0.png
  SKIPPING IMAGE: tot amount of vasculature (5893.3581) < quality threshold 
processing: 3724887_21016_0_0.png
processing: 3724887_21015_0_0.png
processing: 3724826_21016_1_0.png
processing: 3724826_21015_1_0.png
processing: 3724760_21016_0_0.png
  SKIPPING IMAGE: tot amount of vasculature (9402.976) < quality threshold 
processing: 3724760_21015_0_0.png
processing: 3724752_21016_0_0.png
processing: 3724752_21015_0_0.png
processing: 3724745_21016_0_0.png
processing: 3724745_21015_0_0.png
processing: 3724734_21016_0_0.png
processing: 3724734_21015_0_0.png
processing: 3724690_21016_0_0.png
processing: 3724690_21015_0_0.png
processing: 3724681_21016_0_0.png
processing: 3724681_21015_0_0.png
  SKIPPING IMAGE: tot amount of vasculature (6994.309) < quality threshold 
processing: 3724663_21016_0_0.png
processing: 3724663_21015_0_0.png
processing: 3724547_21016_0_0.png
processing: 3724547_21015_0_0.png
processing: 3724466_21016_0_0.png
  SKIPPING IMAGE: tot amount of vasculature (2556.0904) < quality threshold 
processing: 3724466_21015_0_0.png
  SKIPPING IMAGE: tot amount of vasculature (5545.8817) < quality threshold 
processing: 3724453_21016_1_0.png
  SKIPPING IMAGE: tot amount of vasculature (2239.8272) < quality threshold 
processing: 3724453_21015_1_0.png
processing: 3724377_21016_1_0.png
processing: 3724377_21015_1_0.png
processing: 3724350_21016_0_0.png
processing: 3724350_21015_0_0.png
processing: 3724343_21016_1_0.png
  SKIPPING IMAGE: tot amount of vasculature (8835.8823) < quality threshold 
processing: 3724343_21016_0_0.png
processing: 3724343_21015_1_0.png
  SKIPPING IMAGE: tot amount of vasculature (10633.2989) < quality threshold 
processing: 3724343_21015_0_0.png
processing: 3724280_21016_0_0.png
  SKIPPING IMAGE: tot amount of vasculature (6365.4472) < quality threshold 
processing: 3724280_21015_0_0.png
processing: 3724272_21016_0_0.png
  SKIPPING IMAGE: tot amount of vasculature (3852.4001) < quality threshold 
processing: 3724272_21015_0_0.png
  SKIPPING IMAGE: tot amount of vasculature (3862.4698) < quality threshold 
processing: 3724236_21016_0_0.png
processing: 3724236_21015_0_0.png
processing: 3724224_21016_1_0.png
processing: 3724224_21015_1_0.png
