------------------------------------------
Setting up environment variables
---
LD_LIBRARY_PATH is .:/software/Development/Languages/Matlab_Compiler_Runtime/96/runtime/glnxa64:/software/Development/Languages/Matlab_Compiler_Runtime/96/bin/glnxa64:/software/Development/Languages/Matlab_Compiler_Runtime/96/sys/os/glnxa64:/software/Development/Languages/Matlab_Compiler_Runtime/96/sys/opengl/lib/glnxa64
Running vessel measurements...
processing: 2542994_21016_0_0.png
processing: 2542994_21015_0_0.png
processing: 2542746_21016_0_0.png
processing: 2542746_21015_0_0.png
processing: 2542735_21016_0_0.png
processing: 2542735_21015_0_0.png
processing: 2542669_21016_0_0.png
  SKIPPING IMAGE: tot amount of vasculature (7458.1108) < quality threshold 
processing: 2542669_21015_0_0.png
processing: 2542596_21016_0_0.png
  SKIPPING IMAGE: No vessels found
processing: 2542596_21015_0_0.png
processing: 2542585_21016_0_0.png
processing: 2542585_21015_0_0.png
  SKIPPING IMAGE: tot amount of vasculature (3315.257) < quality threshold 
processing: 2542521_21016_0_0.png
processing: 2542521_21015_0_0.png
processing: 2542518_21016_0_0.png
processing: 2542518_21015_0_0.png
processing: 2542504_21016_0_0.png
processing: 2542504_21015_0_0.png
processing: 2542495_21016_0_0.png
  SKIPPING IMAGE: tot amount of vasculature (10535.2688) < quality threshold 
processing: 2542495_21015_0_0.png
processing: 2542433_21016_0_0.png
processing: 2542433_21015_0_0.png
processing: 2542420_21016_0_0.png
  SKIPPING IMAGE: tot amount of vasculature (8943.5072) < quality threshold 
processing: 2542420_21015_0_0.png
  SKIPPING IMAGE: tot amount of vasculature (5379.133) < quality threshold 
processing: 2542416_21016_0_0.png
processing: 2542416_21015_0_0.png
processing: 2542165_21016_0_0.png
processing: 2542165_21015_0_0.png
processing: 2542048_21016_0_0.png
processing: 2542048_21015_0_0.png
processing: 2541954_21016_1_0.png
processing: 2541954_21015_1_0.png
processing: 2541871_21016_0_0.png
processing: 2541871_21015_0_0.png
processing: 2541782_21016_0_0.png
  SKIPPING IMAGE: tot amount of vasculature (7652.7964) < quality threshold 
processing: 2541753_21016_1_0.png
processing: 2541753_21015_1_0.png
processing: 2541737_21016_0_0.png
processing: 2541737_21015_0_0.png
processing: 2541715_21016_0_0.png
processing: 2541715_21015_0_0.png
processing: 2541587_21016_0_0.png
processing: 2541587_21015_0_0.png
  SKIPPING IMAGE: tot amount of vasculature (3932.6122) < quality threshold 
processing: 2541569_21016_0_0.png
processing: 2541569_21015_0_0.png
processing: 2541544_21016_1_0.png
  SKIPPING IMAGE: tot amount of vasculature (9587.1686) < quality threshold 
processing: 2541544_21015_1_0.png
  SKIPPING IMAGE: tot amount of vasculature (7930.0912) < quality threshold 
processing: 2541510_21016_0_0.png
  SKIPPING IMAGE: tot amount of vasculature (10518.6539) < quality threshold 
processing: 2541510_21015_0_0.png
processing: 2541460_21016_0_0.png
processing: 2541460_21015_0_0.png
processing: 2541374_21016_0_0.png
  SKIPPING IMAGE: tot amount of vasculature (10907.5702) < quality threshold 
processing: 2541374_21015_0_0.png
  SKIPPING IMAGE: tot amount of vasculature (10713.9624) < quality threshold 
processing: 2541363_21016_0_0.png
processing: 2541363_21015_0_0.png
processing: 2541113_21016_0_0.png
  SKIPPING IMAGE: tot amount of vasculature (6779.1783) < quality threshold 
processing: 2541113_21015_0_0.png
  SKIPPING IMAGE: tot amount of vasculature (10798.358) < quality threshold 
processing: 2541092_21016_0_0.png
processing: 2541092_21015_0_0.png
  SKIPPING IMAGE: tot amount of vasculature (10305.2837) < quality threshold 
processing: 2541023_21016_0_0.png
processing: 2541023_21015_0_0.png
processing: 2540997_21016_0_0.png
  SKIPPING IMAGE: tot amount of vasculature (8251.3044) < quality threshold 
processing: 2540997_21015_0_0.png
  SKIPPING IMAGE: tot amount of vasculature (8755.7657) < quality threshold 
processing: 2540983_21016_0_0.png
processing: 2540983_21015_0_0.png
processing: 2540853_21016_1_0.png
processing: 2540853_21015_1_0.png
  SKIPPING IMAGE: tot amount of vasculature (10357.2485) < quality threshold 
processing: 2540788_21016_0_0.png
processing: 2540788_21015_0_0.png
processing: 2540757_21016_0_0.png
  SKIPPING IMAGE: tot amount of vasculature (10971.5482) < quality threshold 
processing: 2540757_21015_0_0.png
processing: 2540620_21016_0_0.png
processing: 2540620_21015_0_0.png
processing: 2540542_21016_0_0.png
  SKIPPING IMAGE: tot amount of vasculature (6945.286) < quality threshold 
processing: 2540542_21015_0_0.png
  SKIPPING IMAGE: tot amount of vasculature (3391.4244) < quality threshold 
processing: 2540519_21016_1_0.png
  SKIPPING IMAGE: tot amount of vasculature (7990.0912) < quality threshold 
processing: 2540519_21015_1_0.png
  SKIPPING IMAGE: tot amount of vasculature (7561.2302) < quality threshold 
processing: 2540487_21016_0_0.png
processing: 2540487_21015_0_0.png
processing: 2540458_21016_0_0.png
processing: 2540458_21015_0_0.png
processing: 2540432_21016_0_0.png
processing: 2540432_21015_0_0.png
processing: 2540410_21016_0_0.png
processing: 2540410_21015_0_0.png
processing: 2540355_21016_1_0.png
processing: 2540355_21015_1_0.png
  SKIPPING IMAGE: tot amount of vasculature (6847.3507) < quality threshold 
processing: 2540336_21016_0_0.png
processing: 2540336_21015_0_0.png
processing: 2540324_21015_1_0.png
processing: 2540243_21016_0_0.png
processing: 2540243_21015_0_0.png
processing: 2540239_21016_0_1.png
processing: 2540239_21016_0_0.png
processing: 2540239_21015_0_0.png
  SKIPPING IMAGE: tot amount of vasculature (8582.3848) < quality threshold 
processing: 2540146_21016_1_0.png
  SKIPPING IMAGE: tot amount of vasculature (2360.5925) < quality threshold 
processing: 2540146_21015_1_0.png
  SKIPPING IMAGE: tot amount of vasculature (1589.882) < quality threshold 
processing: 2540086_21016_0_0.png
processing: 2540086_21015_0_0.png
processing: 2540073_21016_0_0.png
  SKIPPING IMAGE: tot amount of vasculature (9941.1159) < quality threshold 
processing: 2540073_21015_0_0.png
  SKIPPING IMAGE: tot amount of vasculature (8637.883) < quality threshold 
processing: 2540051_21016_1_0.png
processing: 2540051_21015_1_0.png
processing: 2540012_21016_1_0.png
  SKIPPING IMAGE: tot amount of vasculature (7351.3695) < quality threshold 
processing: 2540012_21015_1_0.png
  SKIPPING IMAGE: tot amount of vasculature (9069.1228) < quality threshold 
processing: 2539959_21016_0_0.png
  SKIPPING IMAGE: tot amount of vasculature (4743.507) < quality threshold 
processing: 2539959_21015_0_0.png
  SKIPPING IMAGE: tot amount of vasculature (797.0898) < quality threshold 
processing: 2539916_21016_0_0.png
processing: 2539916_21015_0_0.png
  SKIPPING IMAGE: tot amount of vasculature (10240.458) < quality threshold 
processing: 2539878_21016_0_0.png
  SKIPPING IMAGE: tot amount of vasculature (9305.418) < quality threshold 
processing: 2539878_21015_0_0.png
  SKIPPING IMAGE: tot amount of vasculature (10539.0704) < quality threshold 
processing: 2539780_21016_1_0.png
processing: 2539780_21015_1_0.png
processing: 2539755_21016_0_0.png
processing: 2539755_21015_0_0.png
processing: 2539713_21016_0_0.png
processing: 2539713_21015_0_0.png
processing: 2539573_21016_0_0.png
  SKIPPING IMAGE: tot amount of vasculature (5208.9238) < quality threshold 
processing: 2539573_21015_0_0.png
processing: 2539365_21016_0_0.png
  SKIPPING IMAGE: tot amount of vasculature (1586.8155) < quality threshold 
processing: 2539365_21015_0_0.png
processing: 2539232_21016_1_0.png
processing: 2539232_21015_1_0.png
processing: 2539203_21016_0_0.png
processing: 2539203_21015_0_0.png
processing: 2539182_21016_0_0.png
  SKIPPING IMAGE: tot amount of vasculature (8626.6944) < quality threshold 
processing: 2539182_21015_0_0.png
  SKIPPING IMAGE: tot amount of vasculature (5313.4101) < quality threshold 
processing: 2539141_21016_0_0.png
  SKIPPING IMAGE: tot amount of vasculature (6554.9217) < quality threshold 
processing: 2539141_21015_0_0.png
  SKIPPING IMAGE: tot amount of vasculature (7980.4239) < quality threshold 
processing: 2539074_21016_0_0.png
processing: 2539074_21015_0_0.png
processing: 2538958_21016_1_0.png
  SKIPPING IMAGE: tot amount of vasculature (2480.7795) < quality threshold 
processing: 2538958_21015_1_0.png
  SKIPPING IMAGE: tot amount of vasculature (1344.7478) < quality threshold 
processing: 2538944_21016_0_0.png
  SKIPPING IMAGE: tot amount of vasculature (9275.1998) < quality threshold 
processing: 2538944_21015_0_0.png
  SKIPPING IMAGE: tot amount of vasculature (928.6011) < quality threshold 
processing: 2538903_21016_0_0.png
processing: 2538903_21015_0_0.png
processing: 2538892_21016_0_0.png
processing: 2538892_21015_0_0.png
processing: 2538823_21016_0_0.png
processing: 2538823_21015_0_0.png
processing: 2538798_21016_1_0.png
  SKIPPING IMAGE: tot amount of vasculature (4693.5489) < quality threshold 
processing: 2538798_21015_1_0.png
  SKIPPING IMAGE: tot amount of vasculature (9301.143) < quality threshold 
processing: 2538730_21016_1_0.png
