------------------------------------------
Setting up environment variables
---
LD_LIBRARY_PATH is .:/software/Development/Languages/Matlab_Compiler_Runtime/96/runtime/glnxa64:/software/Development/Languages/Matlab_Compiler_Runtime/96/bin/glnxa64:/software/Development/Languages/Matlab_Compiler_Runtime/96/sys/os/glnxa64:/software/Development/Languages/Matlab_Compiler_Runtime/96/sys/opengl/lib/glnxa64
Running vessel measurements...
processing: 3174497_21015_0_0.png
processing: 3174476_21016_0_0.png
  SKIPPING IMAGE: tot amount of vasculature (8355.4312) < quality threshold 
processing: 3174476_21015_0_0.png
processing: 3174434_21016_0_0.png
  SKIPPING IMAGE: tot amount of vasculature (80.8243) < quality threshold 
processing: 3174434_21015_0_0.png
  SKIPPING IMAGE: tot amount of vasculature (477.0979) < quality threshold 
processing: 3174428_21016_0_0.png
  SKIPPING IMAGE: tot amount of vasculature (10672.8109) < quality threshold 
processing: 3174428_21015_0_0.png
processing: 3174374_21016_0_0.png
processing: 3174374_21015_0_0.png
processing: 3174249_21016_0_0.png
processing: 3174249_21015_0_0.png
processing: 3174124_21016_0_0.png
processing: 3174124_21015_0_0.png
processing: 3174065_21016_0_0.png
processing: 3174065_21015_0_0.png
processing: 3174057_21016_0_0.png
processing: 3174057_21015_0_0.png
processing: 3173904_21016_0_0.png
processing: 3173904_21015_0_0.png
processing: 3173872_21016_0_0.png
processing: 3173872_21015_0_0.png
processing: 3173867_21016_0_0.png
  SKIPPING IMAGE: tot amount of vasculature (9114.9204) < quality threshold 
processing: 3173867_21015_0_0.png
  SKIPPING IMAGE: tot amount of vasculature (2081.2207) < quality threshold 
processing: 3173836_21016_0_0.png
processing: 3173836_21015_0_0.png
processing: 3173813_21016_0_0.png
processing: 3173813_21015_0_0.png
processing: 3173781_21016_0_0.png
processing: 3173781_21015_0_0.png
  SKIPPING IMAGE: tot amount of vasculature (8987.8265) < quality threshold 
processing: 3173654_21016_0_0.png
processing: 3173654_21015_0_0.png
  SKIPPING IMAGE: tot amount of vasculature (6875.8572) < quality threshold 
processing: 3173486_21016_0_0.png
processing: 3173486_21015_0_0.png
processing: 3173464_21016_0_0.png
processing: 3173464_21015_0_0.png
processing: 3173308_21016_0_0.png
processing: 3173308_21015_0_0.png
processing: 3173297_21016_1_0.png
processing: 3173297_21015_1_0.png
processing: 3173211_21016_0_0.png
processing: 3173211_21015_0_0.png
processing: 3173168_21016_0_0.png
processing: 3173168_21015_0_0.png
  SKIPPING IMAGE: tot amount of vasculature (7666.0568) < quality threshold 
processing: 3173120_21016_0_0.png
processing: 3173120_21015_0_0.png
processing: 3173116_21016_0_0.png
  SKIPPING IMAGE: tot amount of vasculature (1952.0063) < quality threshold 
processing: 3173032_21016_0_0.png
processing: 3173032_21015_0_0.png
processing: 3173026_21016_0_0.png
processing: 3173026_21015_0_0.png
processing: 3173010_21016_0_0.png
  SKIPPING IMAGE: tot amount of vasculature (384.1138) < quality threshold 
processing: 3173010_21015_0_1.png
  SKIPPING IMAGE: tot amount of vasculature (8173.5125) < quality threshold 
processing: 3173010_21015_0_0.png
  SKIPPING IMAGE: tot amount of vasculature (1208.905) < quality threshold 
processing: 3172976_21016_0_0.png
  SKIPPING IMAGE: tot amount of vasculature (7494.2088) < quality threshold 
processing: 3172976_21015_0_0.png
processing: 3172960_21016_0_0.png
processing: 3172960_21015_0_0.png
processing: 3172952_21016_1_0.png
processing: 3172952_21015_1_0.png
processing: 3172909_21016_1_0.png
  SKIPPING IMAGE: tot amount of vasculature (10646.2617) < quality threshold 
processing: 3172909_21016_0_0.png
  SKIPPING IMAGE: tot amount of vasculature (9135.8037) < quality threshold 
processing: 3172909_21015_1_0.png
processing: 3172909_21015_0_0.png
processing: 3172882_21016_0_0.png
processing: 3172882_21015_0_0.png
processing: 3172792_21016_0_0.png
  SKIPPING IMAGE: tot amount of vasculature (9484.2336) < quality threshold 
processing: 3172792_21015_0_0.png
processing: 3172765_21016_0_0.png
  SKIPPING IMAGE: tot amount of vasculature (7138.6031) < quality threshold 
processing: 3172765_21015_0_0.png
processing: 3172714_21016_1_0.png
  SKIPPING IMAGE: tot amount of vasculature (8840.6972) < quality threshold 
processing: 3172714_21015_1_0.png
  SKIPPING IMAGE: tot amount of vasculature (4097.6253) < quality threshold 
processing: 3172668_21016_0_0.png
processing: 3172668_21015_0_0.png
processing: 3172633_21016_1_0.png
  SKIPPING IMAGE: tot amount of vasculature (2556.1493) < quality threshold 
processing: 3172633_21015_1_0.png
  SKIPPING IMAGE: tot amount of vasculature (3611.0489) < quality threshold 
processing: 3172620_21016_0_0.png
processing: 3172620_21015_0_0.png
processing: 3172602_21016_0_0.png
processing: 3172602_21015_0_0.png
processing: 3172574_21016_0_0.png
processing: 3172574_21015_0_0.png
processing: 3172519_21016_1_0.png
processing: 3172519_21015_1_0.png
processing: 3172475_21016_0_0.png
  SKIPPING IMAGE: tot amount of vasculature (211.9138) < quality threshold 
processing: 3172475_21015_0_0.png
  SKIPPING IMAGE: tot amount of vasculature (2815.595) < quality threshold 
processing: 3172380_21016_1_0.png
processing: 3172380_21015_1_0.png
processing: 3172367_21016_0_0.png
processing: 3172367_21015_0_0.png
processing: 3172348_21016_1_0.png
processing: 3172348_21015_1_0.png
processing: 3172324_21016_0_0.png
  SKIPPING IMAGE: tot amount of vasculature (7941.4572) < quality threshold 
processing: 3172324_21015_0_0.png
  SKIPPING IMAGE: tot amount of vasculature (8045.6295) < quality threshold 
processing: 3172262_21016_0_0.png
processing: 3172262_21015_0_0.png
processing: 3172239_21016_0_0.png
processing: 3172239_21015_0_0.png
processing: 3172204_21016_0_0.png
processing: 3172204_21015_0_0.png
processing: 3172064_21016_0_0.png
processing: 3172064_21015_0_0.png
  SKIPPING IMAGE: tot amount of vasculature (4414.409) < quality threshold 
processing: 3171992_21016_0_0.png
processing: 3171992_21015_0_0.png
processing: 3171965_21016_1_0.png
processing: 3171965_21015_1_0.png
processing: 3171869_21016_0_0.png
processing: 3171869_21015_0_0.png
processing: 3171858_21016_0_0.png
processing: 3171858_21015_0_0.png
processing: 3171844_21016_0_0.png
processing: 3171844_21015_0_0.png
processing: 3171797_21016_0_0.png
processing: 3171797_21015_0_0.png
processing: 3171709_21016_0_0.png
processing: 3171709_21015_0_0.png
  SKIPPING IMAGE: tot amount of vasculature (10317.3264) < quality threshold 
processing: 3171690_21016_1_0.png
processing: 3171690_21015_1_0.png
processing: 3171663_21016_0_0.png
processing: 3171663_21015_0_0.png
processing: 3171625_21016_0_0.png
processing: 3171625_21015_0_0.png
processing: 3171595_21016_0_0.png
processing: 3171595_21015_0_0.png
processing: 3171470_21016_0_0.png
processing: 3171470_21015_0_0.png
processing: 3171280_21016_0_0.png
processing: 3171280_21015_0_0.png
processing: 3171267_21016_0_0.png
processing: 3171267_21015_0_0.png
processing: 3171224_21016_1_0.png
