------------------------------------------
Setting up environment variables
---
LD_LIBRARY_PATH is .:/software/Development/Languages/Matlab_Compiler_Runtime/96/runtime/glnxa64:/software/Development/Languages/Matlab_Compiler_Runtime/96/bin/glnxa64:/software/Development/Languages/Matlab_Compiler_Runtime/96/sys/os/glnxa64:/software/Development/Languages/Matlab_Compiler_Runtime/96/sys/opengl/lib/glnxa64
Running vessel measurements...
processing: 1565529_21016_0_0.png
  SKIPPING IMAGE: tot amount of vasculature (8370.1273) < quality threshold 
processing: 1565529_21015_0_0.png
  SKIPPING IMAGE: tot amount of vasculature (8988.7821) < quality threshold 
processing: 1565440_21016_0_0.png
processing: 1565440_21015_0_0.png
processing: 1565320_21016_0_0.png
  SKIPPING IMAGE: tot amount of vasculature (9714.2541) < quality threshold 
processing: 1565320_21015_0_0.png
processing: 1565293_21016_0_0.png
processing: 1565293_21015_0_0.png
processing: 1565289_21016_1_0.png
  SKIPPING IMAGE: tot amount of vasculature (3118.6491) < quality threshold 
processing: 1565289_21015_1_0.png
  SKIPPING IMAGE: tot amount of vasculature (4882.7748) < quality threshold 
processing: 1565278_21016_0_0.png
processing: 1565278_21015_0_0.png
processing: 1565097_21016_0_0.png
processing: 1565097_21015_0_0.png
processing: 1565060_21016_1_0.png
processing: 1565060_21015_1_0.png
processing: 1565034_21016_0_0.png
processing: 1565034_21015_0_0.png
processing: 1564992_21016_1_0.png
  SKIPPING IMAGE: tot amount of vasculature (7882.7863) < quality threshold 
processing: 1564992_21015_1_0.png
processing: 1564891_21016_0_0.png
  SKIPPING IMAGE: tot amount of vasculature (9696.4145) < quality threshold 
processing: 1564891_21015_0_0.png
processing: 1564887_21016_0_0.png
processing: 1564887_21015_0_0.png
  SKIPPING IMAGE: tot amount of vasculature (7604.3998) < quality threshold 
processing: 1564844_21016_1_0.png
  SKIPPING IMAGE: tot amount of vasculature (2369.1942) < quality threshold 
processing: 1564844_21015_1_0.png
  SKIPPING IMAGE: tot amount of vasculature (6629.9843) < quality threshold 
processing: 1564783_21016_0_0.png
processing: 1564783_21015_0_0.png
processing: 1564656_21016_0_0.png
processing: 1564656_21015_0_0.png
processing: 1564638_21016_0_0.png
processing: 1564638_21015_0_0.png
processing: 1564625_21016_0_0.png
processing: 1564625_21015_0_0.png
processing: 1564571_21016_0_0.png
  SKIPPING IMAGE: tot amount of vasculature (8614.6362) < quality threshold 
processing: 1564571_21015_0_0.png
processing: 1564547_21016_0_0.png
processing: 1564547_21015_0_0.png
processing: 1564441_21016_0_0.png
processing: 1564441_21015_0_0.png
processing: 1564437_21016_0_0.png
processing: 1564437_21015_0_0.png
processing: 1564429_21016_0_0.png
processing: 1564429_21015_0_0.png
  SKIPPING IMAGE: tot amount of vasculature (10575.3869) < quality threshold 
processing: 1564267_21016_0_0.png
processing: 1564267_21015_0_0.png
processing: 1564112_21016_0_0.png
  SKIPPING IMAGE: tot amount of vasculature (1711.7147) < quality threshold 
processing: 1564112_21015_0_0.png
processing: 1564093_21016_1_0.png
  SKIPPING IMAGE: tot amount of vasculature (9835.1911) < quality threshold 
processing: 1564093_21015_1_0.png
processing: 1564089_21016_0_0.png
processing: 1564089_21015_0_0.png
processing: 1563990_21016_0_0.png
processing: 1563990_21015_0_0.png
  SKIPPING IMAGE: tot amount of vasculature (9044.5714) < quality threshold 
processing: 1563963_21016_0_1.png
processing: 1563963_21016_0_0.png
processing: 1563963_21015_0_1.png
  SKIPPING IMAGE: tot amount of vasculature (4080.6749) < quality threshold 
processing: 1563963_21015_0_0.png
  SKIPPING IMAGE: tot amount of vasculature (10972.027) < quality threshold 
processing: 1563925_21016_0_0.png
processing: 1563925_21015_0_0.png
  SKIPPING IMAGE: tot amount of vasculature (7816.3509) < quality threshold 
processing: 1563907_21016_0_0.png
  SKIPPING IMAGE: tot amount of vasculature (9223.6282) < quality threshold 
processing: 1563907_21015_0_0.png
  SKIPPING IMAGE: tot amount of vasculature (7936.3868) < quality threshold 
processing: 1563898_21016_0_0.png
processing: 1563898_21015_0_0.png
processing: 1563849_21016_0_0.png
processing: 1563849_21015_0_0.png
processing: 1563830_21016_0_0.png
  SKIPPING IMAGE: tot amount of vasculature (7289.795) < quality threshold 
processing: 1563830_21015_0_0.png
processing: 1563827_21016_0_0.png
processing: 1563827_21015_0_0.png
processing: 1563785_21016_1_0.png
  SKIPPING IMAGE: tot amount of vasculature (7825.1512) < quality threshold 
processing: 1563785_21015_1_0.png
processing: 1563762_21016_1_0.png
processing: 1563762_21015_1_0.png
processing: 1563688_21016_1_0.png
processing: 1563688_21015_1_0.png
processing: 1563554_21016_0_0.png
processing: 1563554_21015_0_0.png
processing: 1563546_21016_0_0.png
processing: 1563546_21015_0_0.png
processing: 1563472_21016_0_0.png
  SKIPPING IMAGE: tot amount of vasculature (2343.425) < quality threshold 
processing: 1563472_21015_0_0.png
  SKIPPING IMAGE: tot amount of vasculature (7472.4867) < quality threshold 
processing: 1563397_21016_1_0.png
  SKIPPING IMAGE: tot amount of vasculature (2628.2392) < quality threshold 
processing: 1563397_21015_1_0.png
  SKIPPING IMAGE: tot amount of vasculature (2937.4803) < quality threshold 
processing: 1563294_21016_0_0.png
  SKIPPING IMAGE: tot amount of vasculature (10471.4737) < quality threshold 
processing: 1563294_21015_0_0.png
processing: 1563241_21016_0_0.png
  SKIPPING IMAGE: tot amount of vasculature (8296.7634) < quality threshold 
processing: 1563241_21015_0_0.png
  SKIPPING IMAGE: tot amount of vasculature (10124.2934) < quality threshold 
processing: 1563187_21016_0_0.png
  SKIPPING IMAGE: tot amount of vasculature (2483.5637) < quality threshold 
processing: 1563187_21015_0_0.png
  SKIPPING IMAGE: tot amount of vasculature (4298.4017) < quality threshold 
processing: 1563175_21016_0_0.png
processing: 1563175_21015_0_0.png
processing: 1563169_21016_0_0.png
processing: 1563169_21015_0_0.png
processing: 1563158_21016_1_0.png
processing: 1563158_21016_0_0.png
processing: 1563158_21015_1_0.png
processing: 1563158_21015_0_0.png
processing: 1563059_21016_0_0.png
processing: 1563059_21015_0_0.png
processing: 1562953_21016_0_0.png
processing: 1562953_21015_0_0.png
processing: 1562876_21016_0_0.png
processing: 1562876_21015_0_0.png
processing: 1562746_21016_0_0.png
processing: 1562746_21015_0_0.png
processing: 1562722_21016_0_0.png
processing: 1562722_21015_0_0.png
processing: 1562669_21016_0_0.png
  SKIPPING IMAGE: tot amount of vasculature (1057.0183) < quality threshold 
processing: 1562669_21015_0_0.png
processing: 1562603_21016_0_0.png
  SKIPPING IMAGE: tot amount of vasculature (7545.6809) < quality threshold 
processing: 1562603_21015_0_0.png
  SKIPPING IMAGE: tot amount of vasculature (10102.1841) < quality threshold 
processing: 1562596_21016_0_0.png
processing: 1562596_21015_0_0.png
  SKIPPING IMAGE: tot amount of vasculature (3078.6773) < quality threshold 
processing: 1562539_21016_0_0.png
processing: 1562539_21015_0_0.png
processing: 1562521_21016_1_0.png
processing: 1562521_21015_1_0.png
processing: 1562495_21016_0_0.png
processing: 1562495_21015_0_0.png
processing: 1562468_21016_0_0.png
processing: 1562468_21015_0_0.png
processing: 1562459_21016_0_0.png
  SKIPPING IMAGE: tot amount of vasculature (3266.4267) < quality threshold 
processing: 1562459_21015_0_0.png
  SKIPPING IMAGE: tot amount of vasculature (2807.3841) < quality threshold 
processing: 1562420_21016_1_0.png
  SKIPPING IMAGE: tot amount of vasculature (361.3932) < quality threshold 
processing: 1562420_21015_1_0.png
  SKIPPING IMAGE: tot amount of vasculature (2966.2544) < quality threshold 
processing: 1562416_21016_0_0.png
processing: 1562416_21015_0_0.png
processing: 1562398_21016_0_0.png
processing: 1562398_21015_0_0.png
processing: 1562349_21016_0_0.png
processing: 1562349_21015_0_0.png
  SKIPPING IMAGE: tot amount of vasculature (6960.6204) < quality threshold 
processing: 1562327_21016_1_0.png
  SKIPPING IMAGE: tot amount of vasculature (7000.6373) < quality threshold 
processing: 1562327_21015_1_0.png
  SKIPPING IMAGE: tot amount of vasculature (2849.6588) < quality threshold 
processing: 1562242_21016_0_0.png
processing: 1562242_21015_0_0.png
processing: 1562238_21016_0_0.png
processing: 1562238_21015_0_0.png
processing: 1562219_21016_1_0.png
  SKIPPING IMAGE: tot amount of vasculature (5224.8528) < quality threshold 
processing: 1562219_21015_1_0.png
  SKIPPING IMAGE: tot amount of vasculature (6469.5479) < quality threshold 
processing: 1562192_21016_0_0.png
processing: 1562192_21015_0_0.png
processing: 1562131_21016_0_0.png
processing: 1562131_21015_0_0.png
  SKIPPING IMAGE: tot amount of vasculature (6620.0216) < quality threshold 
processing: 1562106_21016_0_0.png
processing: 1562106_21015_0_0.png
processing: 1562013_21016_1_0.png
  SKIPPING IMAGE: tot amount of vasculature (10726.2964) < quality threshold 
processing: 1562013_21015_1_0.png
  SKIPPING IMAGE: tot amount of vasculature (10504.6609) < quality threshold 
processing: 1561917_21016_0_0.png
  SKIPPING IMAGE: tot amount of vasculature (2776.3552) < quality threshold 
processing: 1561917_21015_0_0.png
  SKIPPING IMAGE: tot amount of vasculature (5308.495) < quality threshold 
processing: 1561895_21016_1_0.png
processing: 1561895_21015_1_0.png
processing: 1561884_21016_0_0.png
processing: 1561884_21015_0_0.png
processing: 1561802_21016_0_0.png
  SKIPPING IMAGE: tot amount of vasculature (4849.9753) < quality threshold 
processing: 1561802_21015_0_0.png
  SKIPPING IMAGE: tot amount of vasculature (7662.9056) < quality threshold 
processing: 1561587_21016_0_0.png
processing: 1561587_21015_0_0.png
  SKIPPING IMAGE: tot amount of vasculature (5350.3017) < quality threshold 
processing: 1561558_21016_0_0.png
processing: 1561558_21015_0_0.png
processing: 1561544_21016_0_0.png
processing: 1561544_21015_0_0.png
processing: 1561452_21016_0_0.png
processing: 1561452_21015_0_0.png
processing: 1561273_21016_1_0.png
  SKIPPING IMAGE: tot amount of vasculature (6050.906) < quality threshold 
processing: 1561273_21015_1_0.png
  SKIPPING IMAGE: tot amount of vasculature (5351.7704) < quality threshold 
processing: 1561264_21016_0_0.png
processing: 1561264_21015_0_0.png
  SKIPPING IMAGE: tot amount of vasculature (2998.4362) < quality threshold 
processing: 1561249_21016_1_0.png
  SKIPPING IMAGE: tot amount of vasculature (3977.1078) < quality threshold 
processing: 1561249_21015_1_0.png
  SKIPPING IMAGE: tot amount of vasculature (5240.4428) < quality threshold 
processing: 1561227_21016_0_0.png
processing: 1561227_21015_0_0.png
processing: 1561101_21016_0_0.png
processing: 1561101_21015_0_0.png
processing: 1561088_21016_0_0.png
processing: 1561088_21015_0_0.png
processing: 1560976_21016_0_0.png
processing: 1560976_21015_0_0.png
processing: 1560853_21016_1_0.png
  SKIPPING IMAGE: tot amount of vasculature (6768.1553) < quality threshold 
processing: 1560853_21015_1_0.png
  SKIPPING IMAGE: tot amount of vasculature (9406.7579) < quality threshold 
processing: 1560837_21016_1_0.png
  SKIPPING IMAGE: tot amount of vasculature (8249.2625) < quality threshold 
processing: 1560837_21015_1_0.png
  SKIPPING IMAGE: tot amount of vasculature (9360.9496) < quality threshold 
processing: 1560731_21016_0_0.png
processing: 1560731_21015_0_0.png
processing: 1560695_21016_0_0.png
processing: 1560695_21015_0_0.png
processing: 1560659_21016_0_0.png
processing: 1560659_21015_0_0.png
processing: 1560620_21016_1_0.png
  SKIPPING IMAGE: tot amount of vasculature (4272.5324) < quality threshold 
processing: 1560620_21015_1_0.png
processing: 1560602_21016_0_0.png
processing: 1560602_21015_0_0.png
processing: 1560525_21016_0_0.png
processing: 1560525_21015_0_0.png
processing: 1560491_21016_0_0.png
processing: 1560491_21015_0_0.png
processing: 1560469_21016_0_0.png
processing: 1560469_21015_0_0.png
processing: 1560243_21016_0_0.png
processing: 1560243_21015_0_0.png
processing: 1560239_21016_1_0.png
processing: 1560239_21015_1_0.png
  SKIPPING IMAGE: tot amount of vasculature (7910.7361) < quality threshold 
processing: 1560122_21016_0_0.png
  SKIPPING IMAGE: tot amount of vasculature (2661.2277) < quality threshold 
processing: 1560122_21015_0_0.png
  SKIPPING IMAGE: tot amount of vasculature (4162.5985) < quality threshold 
processing: 1560086_21016_0_0.png
processing: 1560086_21015_0_0.png
  SKIPPING IMAGE: tot amount of vasculature (4570.9678) < quality threshold 
processing: 1560051_21016_1_0.png
  SKIPPING IMAGE: tot amount of vasculature (9767.3566) < quality threshold 
processing: 1560051_21015_1_0.png
processing: 1560012_21016_0_0.png
processing: 1560012_21015_0_0.png
processing: 1559993_21016_0_0.png
processing: 1559993_21015_0_0.png
processing: 1559978_21016_0_0.png
processing: 1559978_21015_0_0.png
processing: 1559954_21016_0_0.png
processing: 1559954_21015_0_0.png
processing: 1559922_21016_0_0.png
  SKIPPING IMAGE: tot amount of vasculature (5391.0932) < quality threshold 
processing: 1559922_21015_0_0.png
  SKIPPING IMAGE: tot amount of vasculature (7147.1659) < quality threshold 
processing: 1559917_21016_1_0.png
  SKIPPING IMAGE: tot amount of vasculature (7128.4504) < quality threshold 
processing: 1559917_21015_1_0.png
  SKIPPING IMAGE: tot amount of vasculature (9685.2172) < quality threshold 
processing: 1559847_21016_0_0.png
processing: 1559847_21015_0_0.png
processing: 1559820_21016_1_0.png
processing: 1559820_21015_1_0.png
  SKIPPING IMAGE: tot amount of vasculature (4707.0926) < quality threshold 
processing: 1559802_21016_0_0.png
  SKIPPING IMAGE: tot amount of vasculature (7175.9243) < quality threshold 
processing: 1559802_21015_0_0.png
  SKIPPING IMAGE: tot amount of vasculature (8377.9314) < quality threshold 
processing: 1559737_21016_1_0.png
  SKIPPING IMAGE: tot amount of vasculature (5422.1219) < quality threshold 
processing: 1559737_21015_1_0.png
  SKIPPING IMAGE: tot amount of vasculature (3663.0737) < quality threshold 
processing: 1559708_21016_0_0.png
processing: 1559708_21015_0_0.png
  SKIPPING IMAGE: tot amount of vasculature (7916.4631) < quality threshold 
processing: 1559643_21016_0_1.png
processing: 1559643_21016_0_0.png
processing: 1559643_21015_0_0.png
processing: 1559604_21016_1_0.png
processing: 1559604_21015_1_0.png
processing: 1559575_21016_0_0.png
processing: 1559575_21015_0_0.png
processing: 1559476_21016_0_0.png
processing: 1559476_21015_0_0.png
processing: 1559460_21016_0_0.png
processing: 1559460_21015_0_0.png
processing: 1559452_21016_0_0.png
processing: 1559452_21015_0_0.png
processing: 1559445_21016_1_0.png
  SKIPPING IMAGE: tot amount of vasculature (14.042) < quality threshold 
processing: 1559445_21016_0_0.png
  SKIPPING IMAGE: tot amount of vasculature (10213.5201) < quality threshold 
processing: 1559445_21015_1_0.png
  SKIPPING IMAGE: tot amount of vasculature (105.0152) < quality threshold 
processing: 1559445_21015_0_0.png
  SKIPPING IMAGE: tot amount of vasculature (2064.4976) < quality threshold 
processing: 1559363_21016_0_0.png
processing: 1559363_21015_0_0.png
processing: 1559356_21016_0_0.png
processing: 1559356_21015_0_0.png
processing: 1559307_21016_0_0.png
processing: 1559307_21015_0_0.png
processing: 1559298_21016_1_0.png
  SKIPPING IMAGE: tot amount of vasculature (2998.5896) < quality threshold 
processing: 1559298_21015_1_0.png
  SKIPPING IMAGE: tot amount of vasculature (2673.2968) < quality threshold 
processing: 1559286_21016_0_0.png
processing: 1559286_21015_0_0.png
processing: 1559148_21016_1_0.png
  SKIPPING IMAGE: tot amount of vasculature (9986.968) < quality threshold 
processing: 1559148_21015_1_0.png
processing: 1559079_21016_0_0.png
processing: 1559079_21015_0_0.png
processing: 1559040_21016_0_0.png
processing: 1559040_21015_0_0.png
processing: 1559014_21016_0_0.png
processing: 1559014_21015_0_0.png
  SKIPPING IMAGE: tot amount of vasculature (9813.6412) < quality threshold 
processing: 1558949_21016_0_0.png
processing: 1558949_21015_0_0.png
processing: 1558890_21016_0_0.png
processing: 1558890_21015_0_0.png
processing: 1558838_21016_0_0.png
  SKIPPING IMAGE: tot amount of vasculature (4861.837) < quality threshold 
processing: 1558838_21015_0_0.png
  SKIPPING IMAGE: tot amount of vasculature (3815.4037) < quality threshold 
processing: 1558769_21016_0_0.png
processing: 1558769_21015_0_0.png
processing: 1558744_21016_0_0.png
processing: 1558744_21015_0_0.png
processing: 1558726_21016_0_0.png
processing: 1558726_21015_0_0.png
processing: 1558703_21016_0_0.png
processing: 1558703_21015_0_0.png
processing: 1558680_21016_0_0.png
  SKIPPING IMAGE: tot amount of vasculature (10378.749) < quality threshold 
processing: 1558680_21015_0_0.png
processing: 1558537_21016_0_0.png
processing: 1558537_21015_0_0.png
processing: 1558529_21016_0_0.png
processing: 1558529_21015_0_0.png
processing: 1558440_21016_0_0.png
processing: 1558440_21015_0_0.png
processing: 1558406_21016_1_0.png
processing: 1558406_21015_1_0.png
  SKIPPING IMAGE: tot amount of vasculature (10533.1044) < quality threshold 
processing: 1558384_21016_1_0.png
  SKIPPING IMAGE: tot amount of vasculature (10718.8027) < quality threshold 
processing: 1558384_21015_1_0.png
  SKIPPING IMAGE: tot amount of vasculature (8393.2705) < quality threshold 
processing: 1558316_21016_0_0.png
processing: 1558316_21015_0_0.png
processing: 1558162_21016_1_0.png
  SKIPPING IMAGE: tot amount of vasculature (7843.3427) < quality threshold 
processing: 1558162_21015_1_0.png
  SKIPPING IMAGE: tot amount of vasculature (8548.1677) < quality threshold 
processing: 1558104_21016_0_0.png
processing: 1558104_21015_0_0.png
processing: 1558097_21016_0_0.png
processing: 1558097_21015_0_0.png
processing: 1557969_21016_1_0.png
FINISHED: .mat files have been written to: /data/FAC/FBM/DBC/sbergman/retina/UKBiob/fundus/REVIEW//CLRIS/
execution time: 2859 sec
