------------------------------------------
Setting up environment variables
---
LD_LIBRARY_PATH is .:/software/Development/Languages/Matlab_Compiler_Runtime/96/runtime/glnxa64:/software/Development/Languages/Matlab_Compiler_Runtime/96/bin/glnxa64:/software/Development/Languages/Matlab_Compiler_Runtime/96/sys/os/glnxa64:/software/Development/Languages/Matlab_Compiler_Runtime/96/sys/opengl/lib/glnxa64
Running vessel measurements...
processing: 1801721_21016_1_0.png
  SKIPPING IMAGE: tot amount of vasculature (8680.5653) < quality threshold 
processing: 1801721_21016_0_0.png
processing: 1801721_21015_1_0.png
  SKIPPING IMAGE: tot amount of vasculature (8001.7293) < quality threshold 
processing: 1801721_21015_0_0.png
processing: 1801692_21016_0_0.png
processing: 1801692_21015_0_0.png
processing: 1801614_21016_0_0.png
processing: 1801614_21015_0_0.png
  SKIPPING IMAGE: tot amount of vasculature (8394.9796) < quality threshold 
processing: 1801499_21016_0_0.png
processing: 1801499_21015_0_0.png
processing: 1801376_21016_0_0.png
  SKIPPING IMAGE: tot amount of vasculature (7378.0571) < quality threshold 
processing: 1801376_21015_0_0.png
  SKIPPING IMAGE: tot amount of vasculature (10130.2996) < quality threshold 
processing: 1801169_21016_1_0.png
  SKIPPING IMAGE: No vessels found
processing: 1801169_21015_1_0.png
  SKIPPING IMAGE: tot amount of vasculature (5958.9296) < quality threshold 
processing: 1800967_21016_0_0.png
  SKIPPING IMAGE: tot amount of vasculature (3959.3087) < quality threshold 
processing: 1800967_21015_0_0.png
  SKIPPING IMAGE: tot amount of vasculature (7335.7977) < quality threshold 
processing: 1800885_21016_0_0.png
processing: 1800885_21015_0_0.png
processing: 1800627_21016_0_0.png
processing: 1800627_21015_0_0.png
processing: 1800597_21016_0_0.png
processing: 1800597_21015_0_0.png
processing: 1800461_21016_0_0.png
processing: 1800461_21015_0_0.png
processing: 1800454_21016_0_0.png
  SKIPPING IMAGE: tot amount of vasculature (10776.1986) < quality threshold 
processing: 1800454_21015_0_0.png
processing: 1800391_21016_0_0.png
  SKIPPING IMAGE: tot amount of vasculature (9508.3305) < quality threshold 
processing: 1800391_21015_0_0.png
  SKIPPING IMAGE: tot amount of vasculature (9263.3742) < quality threshold 
processing: 1800332_21016_1_0.png
  SKIPPING IMAGE: tot amount of vasculature (5981.8647) < quality threshold 
processing: 1800332_21015_1_0.png
processing: 1800303_21016_0_0.png
processing: 1800303_21015_0_0.png
  SKIPPING IMAGE: tot amount of vasculature (9926.7612) < quality threshold 
processing: 1800279_21016_0_0.png
processing: 1800279_21015_0_0.png
processing: 1800231_21016_0_0.png
  SKIPPING IMAGE: tot amount of vasculature (661.3839) < quality threshold 
processing: 1800231_21015_0_0.png
  SKIPPING IMAGE: tot amount of vasculature (558.3293) < quality threshold 
processing: 1800214_21016_0_0.png
  SKIPPING IMAGE: tot amount of vasculature (2737.8361) < quality threshold 
processing: 1800214_21015_0_0.png
  SKIPPING IMAGE: tot amount of vasculature (6734.63) < quality threshold 
processing: 1800174_21016_0_0.png
processing: 1800174_21015_0_0.png
  SKIPPING IMAGE: tot amount of vasculature (9118.6833) < quality threshold 
processing: 1800156_21016_0_0.png
processing: 1800156_21015_0_0.png
processing: 1800015_21016_0_0.png
  SKIPPING IMAGE: tot amount of vasculature (8335.2299) < quality threshold 
processing: 1800015_21015_0_0.png
  SKIPPING IMAGE: tot amount of vasculature (5955.9215) < quality threshold 
processing: 1800008_21016_0_0.png
  SKIPPING IMAGE: tot amount of vasculature (8697.3475) < quality threshold 
processing: 1800008_21015_0_0.png
  SKIPPING IMAGE: tot amount of vasculature (7683.8345) < quality threshold 
processing: 1799969_21016_0_0.png
processing: 1799969_21015_0_0.png
processing: 1799932_21016_1_0.png
processing: 1799932_21015_1_0.png
processing: 1799892_21016_0_0.png
processing: 1799892_21015_0_0.png
processing: 1799831_21016_0_0.png
processing: 1799831_21015_0_0.png
processing: 1799474_21016_0_0.png
  SKIPPING IMAGE: No vessels found
processing: 1799474_21015_0_0.png
  SKIPPING IMAGE: tot amount of vasculature (53.6352) < quality threshold 
processing: 1799389_21016_0_0.png
processing: 1799389_21015_0_0.png
processing: 1799259_21016_0_0.png
processing: 1799259_21015_0_0.png
processing: 1799247_21016_0_0.png
processing: 1799247_21015_0_0.png
processing: 1799202_21016_0_0.png
  SKIPPING IMAGE: tot amount of vasculature (10741.7723) < quality threshold 
processing: 1799202_21015_0_0.png
processing: 1799111_21016_0_0.png
processing: 1799111_21015_0_0.png
processing: 1798971_21016_0_0.png
  SKIPPING IMAGE: tot amount of vasculature (2159.8259) < quality threshold 
processing: 1798971_21015_0_0.png
  SKIPPING IMAGE: tot amount of vasculature (2386.1304) < quality threshold 
processing: 1798902_21016_0_0.png
processing: 1798902_21015_0_0.png
processing: 1798878_21016_0_0.png
  SKIPPING IMAGE: tot amount of vasculature (10284.2795) < quality threshold 
processing: 1798878_21015_0_0.png
  SKIPPING IMAGE: tot amount of vasculature (10354.5016) < quality threshold 
processing: 1798527_21016_0_0.png
processing: 1798527_21015_0_0.png
processing: 1798421_21016_0_0.png
processing: 1798421_21015_0_0.png
processing: 1798379_21016_0_0.png
processing: 1798379_21015_0_0.png
processing: 1798314_21016_0_0.png
processing: 1798314_21015_0_0.png
processing: 1798226_21016_1_0.png
processing: 1798226_21015_1_0.png
processing: 1798153_21016_0_0.png
processing: 1798153_21015_0_0.png
processing: 1798019_21016_0_0.png
  SKIPPING IMAGE: tot amount of vasculature (5007.0329) < quality threshold 
processing: 1798019_21015_0_0.png
  SKIPPING IMAGE: tot amount of vasculature (501.4155) < quality threshold 
processing: 1797924_21016_0_0.png
processing: 1797924_21015_0_0.png
  SKIPPING IMAGE: tot amount of vasculature (10934.2026) < quality threshold 
processing: 1797877_21016_0_0.png
processing: 1797877_21015_0_0.png
processing: 1797839_21016_0_0.png
processing: 1797839_21015_0_0.png
processing: 1797821_21016_0_0.png
  SKIPPING IMAGE: tot amount of vasculature (7049.656) < quality threshold 
processing: 1797821_21015_0_0.png
  SKIPPING IMAGE: tot amount of vasculature (8550.1638) < quality threshold 
processing: 1797747_21016_0_0.png
processing: 1797747_21015_0_0.png
processing: 1797716_21016_1_0.png
processing: 1797716_21015_1_0.png
processing: 1797698_21016_0_0.png
processing: 1797649_21016_0_0.png
  SKIPPING IMAGE: tot amount of vasculature (2188.0567) < quality threshold 
processing: 1797583_21016_1_0.png
processing: 1797583_21015_1_0.png
processing: 1797552_21016_0_0.png
processing: 1797552_21015_0_0.png
processing: 1797446_21016_0_0.png
  SKIPPING IMAGE: tot amount of vasculature (2043.0919) < quality threshold 
processing: 1797446_21015_0_0.png
  SKIPPING IMAGE: tot amount of vasculature (5124.2461) < quality threshold 
processing: 1797344_21016_0_0.png
processing: 1797344_21015_0_0.png
  SKIPPING IMAGE: tot amount of vasculature (3426.4913) < quality threshold 
processing: 1797223_21016_1_0.png
processing: 1797223_21015_1_0.png
processing: 1797125_21016_0_0.png
processing: 1797125_21015_0_0.png
processing: 1797008_21016_1_0.png
processing: 1797008_21015_1_0.png
processing: 1796996_21016_0_0.png
processing: 1796996_21015_0_0.png
processing: 1796899_21016_0_0.png
processing: 1796899_21015_0_0.png
processing: 1796836_21016_0_0.png
processing: 1796836_21015_0_0.png
  SKIPPING IMAGE: tot amount of vasculature (10566.9231) < quality threshold 
processing: 1796801_21016_0_0.png
processing: 1796801_21015_0_0.png
processing: 1796781_21016_0_0.png
processing: 1796781_21015_0_0.png
processing: 1796756_21016_0_0.png
  SKIPPING IMAGE: tot amount of vasculature (7103.5066) < quality threshold 
processing: 1796756_21015_0_0.png
  SKIPPING IMAGE: tot amount of vasculature (7213.2868) < quality threshold 
processing: 1796588_21016_0_0.png
processing: 1796588_21015_0_0.png
processing: 1796506_21016_0_0.png
processing: 1796506_21015_0_0.png
processing: 1796498_21016_0_0.png
processing: 1796498_21015_0_0.png
processing: 1796449_21016_1_0.png
processing: 1796449_21015_1_0.png
processing: 1796315_21016_1_0.png
processing: 1796315_21015_1_0.png
processing: 1796260_21016_1_0.png
processing: 1796260_21015_1_0.png
processing: 1796168_21016_0_0.png
processing: 1796168_21015_0_0.png
