------------------------------------------
Setting up environment variables
---
LD_LIBRARY_PATH is .:/software/Development/Languages/Matlab_Compiler_Runtime/96/runtime/glnxa64:/software/Development/Languages/Matlab_Compiler_Runtime/96/bin/glnxa64:/software/Development/Languages/Matlab_Compiler_Runtime/96/sys/os/glnxa64:/software/Development/Languages/Matlab_Compiler_Runtime/96/sys/opengl/lib/glnxa64
Running vessel measurements...
processing: 5813844_21016_0_0.png
processing: 5813844_21015_0_0.png
processing: 5813760_21016_1_0.png
processing: 5813760_21015_1_0.png
processing: 5813709_21016_0_0.png
processing: 5813709_21015_0_0.png
processing: 5813642_21016_0_0.png
processing: 5813642_21015_0_0.png
processing: 5813568_21016_0_0.png
processing: 5813568_21015_0_0.png
processing: 5813516_21016_1_0.png
  SKIPPING IMAGE: tot amount of vasculature (3150.7726) < quality threshold 
processing: 5813516_21015_1_0.png
  SKIPPING IMAGE: tot amount of vasculature (5684.5854) < quality threshold 
processing: 5813470_21016_0_0.png
processing: 5813470_21015_0_0.png
processing: 5813415_21016_0_0.png
processing: 5813415_21015_0_1.png
processing: 5813415_21015_0_0.png
processing: 5813377_21016_0_0.png
processing: 5813377_21015_0_0.png
processing: 5813304_21016_0_0.png
processing: 5813304_21015_0_0.png
  SKIPPING IMAGE: tot amount of vasculature (10473.0735) < quality threshold 
processing: 5813151_21016_1_0.png
  SKIPPING IMAGE: tot amount of vasculature (6752.7493) < quality threshold 
processing: 5813151_21015_1_0.png
processing: 5813149_21016_0_0.png
  SKIPPING IMAGE: tot amount of vasculature (9089.0422) < quality threshold 
processing: 5813149_21015_0_0.png
processing: 5813093_21016_0_0.png
processing: 5813093_21015_0_0.png
processing: 5813061_21016_0_0.png
processing: 5813061_21015_0_0.png
processing: 5813000_21016_0_1.png
  SKIPPING IMAGE: tot amount of vasculature (3313.1386) < quality threshold 
processing: 5813000_21016_0_0.png
processing: 5812967_21016_0_0.png
processing: 5812967_21015_0_0.png
processing: 5812936_21016_0_0.png
processing: 5812936_21015_0_0.png
processing: 5812901_21016_0_0.png
  SKIPPING IMAGE: tot amount of vasculature (7075.0547) < quality threshold 
processing: 5812901_21015_0_0.png
  SKIPPING IMAGE: tot amount of vasculature (5883.8457) < quality threshold 
processing: 5812698_21016_0_0.png
processing: 5812698_21015_0_0.png
processing: 5812673_21016_0_0.png
  SKIPPING IMAGE: tot amount of vasculature (9206.04) < quality threshold 
processing: 5812673_21015_0_0.png
  SKIPPING IMAGE: tot amount of vasculature (5624.2037) < quality threshold 
processing: 5812534_21016_0_0.png
  SKIPPING IMAGE: tot amount of vasculature (9450.9567) < quality threshold 
processing: 5812534_21015_0_0.png
  SKIPPING IMAGE: tot amount of vasculature (9671.8447) < quality threshold 
processing: 5812528_21016_1_0.png
  SKIPPING IMAGE: tot amount of vasculature (4197.3466) < quality threshold 
processing: 5812528_21015_1_0.png
  SKIPPING IMAGE: tot amount of vasculature (3344.1642) < quality threshold 
processing: 5812511_21016_0_0.png
  SKIPPING IMAGE: tot amount of vasculature (10450.4988) < quality threshold 
processing: 5812511_21015_0_0.png
  SKIPPING IMAGE: tot amount of vasculature (3667.857) < quality threshold 
processing: 5812400_21016_1_0.png
processing: 5812400_21015_1_0.png
processing: 5812369_21016_0_0.png
  SKIPPING IMAGE: tot amount of vasculature (9.2254) < quality threshold 
processing: 5812369_21015_0_0.png
  SKIPPING IMAGE: tot amount of vasculature (3211.0907) < quality threshold 
processing: 5812303_21016_0_0.png
processing: 5812303_21015_0_0.png
processing: 5812231_21016_0_0.png
processing: 5812231_21015_0_0.png
processing: 5812138_21016_0_0.png
  SKIPPING IMAGE: tot amount of vasculature (3652.0945) < quality threshold 
processing: 5812138_21015_0_0.png
  SKIPPING IMAGE: tot amount of vasculature (7143.9922) < quality threshold 
processing: 5812125_21016_0_0.png
processing: 5812125_21015_0_0.png
processing: 5812119_21016_0_0.png
processing: 5812119_21015_0_0.png
processing: 5812107_21016_0_0.png
processing: 5812107_21015_0_0.png
processing: 5812082_21016_1_0.png
processing: 5812082_21015_1_0.png
processing: 5812037_21016_1_0.png
  SKIPPING IMAGE: tot amount of vasculature (10727.6364) < quality threshold 
processing: 5812037_21015_1_0.png
  SKIPPING IMAGE: tot amount of vasculature (10394.612) < quality threshold 
processing: 5811846_21016_1_0.png
processing: 5811846_21015_1_0.png
processing: 5811835_21016_0_0.png
processing: 5811835_21015_0_0.png
processing: 5811660_21016_1_0.png
processing: 5811660_21015_1_0.png
processing: 5811505_21016_1_0.png
processing: 5811505_21015_1_0.png
processing: 5811404_21016_1_0.png
  SKIPPING IMAGE: tot amount of vasculature (10109.0654) < quality threshold 
processing: 5811404_21015_1_0.png
  SKIPPING IMAGE: tot amount of vasculature (8738.5852) < quality threshold 
processing: 5811357_21016_1_0.png
  SKIPPING IMAGE: tot amount of vasculature (7686.6963) < quality threshold 
processing: 5811357_21015_1_0.png
processing: 5811232_21016_0_0.png
processing: 5811232_21015_0_0.png
processing: 5811141_21016_0_0.png
processing: 5811141_21015_0_0.png
processing: 5811108_21016_1_0.png
processing: 5811108_21015_1_0.png
processing: 5811081_21016_0_0.png
processing: 5811081_21015_0_0.png
processing: 5811019_21016_0_0.png
processing: 5811019_21015_0_0.png
processing: 5810962_21016_0_1.png
  SKIPPING IMAGE: tot amount of vasculature (9044.7922) < quality threshold 
processing: 5810962_21016_0_0.png
processing: 5810962_21015_0_0.png
  SKIPPING IMAGE: tot amount of vasculature (3811.0513) < quality threshold 
processing: 5810855_21016_0_0.png
  SKIPPING IMAGE: tot amount of vasculature (7797.3598) < quality threshold 
processing: 5810855_21015_0_0.png
  SKIPPING IMAGE: tot amount of vasculature (7411.8984) < quality threshold 
processing: 5810848_21016_0_0.png
processing: 5810848_21015_0_0.png
processing: 5810781_21016_0_0.png
processing: 5810781_21015_0_0.png
processing: 5810774_21016_1_0.png
  SKIPPING IMAGE: tot amount of vasculature (481.5396) < quality threshold 
processing: 5810774_21015_1_0.png
  SKIPPING IMAGE: tot amount of vasculature (9135.7211) < quality threshold 
processing: 5810707_21016_0_0.png
processing: 5810707_21015_0_0.png
  SKIPPING IMAGE: tot amount of vasculature (10534.7846) < quality threshold 
processing: 5810540_21016_1_0.png
processing: 5810540_21015_1_0.png
  SKIPPING IMAGE: tot amount of vasculature (8568.5436) < quality threshold 
processing: 5810337_21016_0_0.png
  SKIPPING IMAGE: tot amount of vasculature (9271.7522) < quality threshold 
processing: 5810337_21015_0_0.png
  SKIPPING IMAGE: tot amount of vasculature (9368.3015) < quality threshold 
processing: 5810315_21016_0_0.png
processing: 5810315_21015_0_0.png
  SKIPPING IMAGE: tot amount of vasculature (10170.5392) < quality threshold 
processing: 5810308_21016_0_0.png
processing: 5810308_21015_0_0.png
processing: 5810116_21016_1_0.png
processing: 5810116_21015_1_0.png
processing: 5810102_21016_0_0.png
processing: 5810102_21015_0_0.png
  SKIPPING IMAGE: tot amount of vasculature (10234.5806) < quality threshold 
processing: 5810075_21016_0_0.png
  SKIPPING IMAGE: tot amount of vasculature (7073.3813) < quality threshold 
processing: 5810075_21015_0_0.png
  SKIPPING IMAGE: tot amount of vasculature (8899.2833) < quality threshold 
processing: 5810032_21016_0_0.png
  SKIPPING IMAGE: tot amount of vasculature (4507.6961) < quality threshold 
processing: 5810032_21015_0_0.png
  SKIPPING IMAGE: tot amount of vasculature (10276.8244) < quality threshold 
processing: 5809953_21016_0_0.png
  SKIPPING IMAGE: tot amount of vasculature (10501.9167) < quality threshold 
processing: 5809953_21015_0_0.png
  SKIPPING IMAGE: tot amount of vasculature (3847.2927) < quality threshold 
processing: 5809883_21016_0_0.png
processing: 5809883_21015_0_0.png
processing: 5809845_21016_0_0.png
processing: 5809845_21015_0_0.png
processing: 5809811_21016_0_0.png
processing: 5809811_21015_0_0.png
processing: 5809793_21016_0_0.png
processing: 5809793_21015_0_0.png
processing: 5809735_21016_0_0.png
  SKIPPING IMAGE: tot amount of vasculature (3942.3206) < quality threshold 
processing: 5809735_21015_0_0.png
  SKIPPING IMAGE: tot amount of vasculature (3551.1304) < quality threshold 
processing: 5809577_21016_1_0.png
  SKIPPING IMAGE: tot amount of vasculature (37.5808) < quality threshold 
processing: 5809577_21015_1_0.png
processing: 5809539_21016_0_0.png
processing: 5809539_21015_0_0.png
processing: 5809447_21016_0_0.png
  SKIPPING IMAGE: tot amount of vasculature (2321.6104) < quality threshold 
processing: 5809447_21015_0_0.png
  SKIPPING IMAGE: tot amount of vasculature (5033.0252) < quality threshold 
processing: 5809416_21016_0_0.png
  SKIPPING IMAGE: tot amount of vasculature (10261.9342) < quality threshold 
processing: 5809416_21015_0_0.png
processing: 5809242_21016_0_0.png
  SKIPPING IMAGE: tot amount of vasculature (184.3272) < quality threshold 
processing: 5809242_21015_0_0.png
  SKIPPING IMAGE: No vessels found
processing: 5809238_21016_1_0.png
  SKIPPING IMAGE: tot amount of vasculature (10761.7861) < quality threshold 
processing: 5809238_21015_1_0.png
  SKIPPING IMAGE: tot amount of vasculature (10828.4446) < quality threshold 
processing: 5809225_21016_0_0.png
processing: 5809225_21015_0_0.png
processing: 5809179_21016_0_0.png
processing: 5809179_21015_0_0.png
processing: 5809123_21016_0_0.png
  SKIPPING IMAGE: tot amount of vasculature (8754.6811) < quality threshold 
processing: 5809123_21015_0_0.png
processing: 5809036_21016_0_0.png
processing: 5809036_21015_0_0.png
processing: 5808963_21016_0_0.png
processing: 5808963_21015_0_0.png
processing: 5808956_21016_0_0.png
processing: 5808956_21015_0_0.png
processing: 5808942_21016_0_0.png
processing: 5808942_21015_0_0.png
processing: 5808864_21016_0_0.png
  SKIPPING IMAGE: tot amount of vasculature (8577.4708) < quality threshold 
processing: 5808864_21015_0_0.png
  SKIPPING IMAGE: tot amount of vasculature (1748.026) < quality threshold 
processing: 5808762_21016_0_0.png
processing: 5808762_21015_0_0.png
processing: 5808721_21016_1_0.png
processing: 5808721_21015_1_0.png
  SKIPPING IMAGE: tot amount of vasculature (10230.7403) < quality threshold 
processing: 5808665_21016_0_0.png
  SKIPPING IMAGE: tot amount of vasculature (8740.2853) < quality threshold 
processing: 5808665_21015_0_0.png
  SKIPPING IMAGE: tot amount of vasculature (2600.7174) < quality threshold 
processing: 5808606_21016_1_0.png
processing: 5808606_21015_1_0.png
processing: 5808561_21016_0_0.png
processing: 5808561_21015_0_0.png
processing: 5808517_21016_0_0.png
processing: 5808517_21015_0_0.png
processing: 5808328_21016_1_0.png
processing: 5808328_21015_1_0.png
processing: 5808282_21016_0_0.png
  SKIPPING IMAGE: tot amount of vasculature (9332.1902) < quality threshold 
processing: 5808282_21015_0_0.png
  SKIPPING IMAGE: tot amount of vasculature (5220.031) < quality threshold 
processing: 5808002_21016_0_0.png
processing: 5808002_21015_0_0.png
processing: 5807950_21016_0_0.png
processing: 5807950_21015_0_0.png
processing: 5807918_21016_1_0.png
  SKIPPING IMAGE: No vessels found
processing: 5807918_21015_1_0.png
  SKIPPING IMAGE: tot amount of vasculature (4911.8159) < quality threshold 
processing: 5807899_21016_1_0.png
processing: 5807899_21015_1_0.png
processing: 5807738_21016_0_0.png
processing: 5807738_21015_0_0.png
processing: 5807635_21016_0_0.png
processing: 5807635_21015_0_0.png
processing: 5807592_21016_1_0.png
  SKIPPING IMAGE: tot amount of vasculature (6879.3912) < quality threshold 
processing: 5807592_21016_0_0.png
processing: 5807592_21015_1_0.png
processing: 5807592_21015_0_0.png
processing: 5807486_21016_1_0.png
processing: 5807486_21015_1_0.png
processing: 5807473_21016_0_0.png
  SKIPPING IMAGE: tot amount of vasculature (4160.961) < quality threshold 
processing: 5807473_21015_0_0.png
processing: 5807464_21016_0_0.png
processing: 5807464_21015_0_0.png
processing: 5807353_21016_1_0.png
processing: 5807353_21015_1_0.png
  SKIPPING IMAGE: tot amount of vasculature (9326.6196) < quality threshold 
processing: 5807341_21016_1_0.png
  SKIPPING IMAGE: tot amount of vasculature (5607.9784) < quality threshold 
processing: 5807341_21015_1_0.png
  SKIPPING IMAGE: tot amount of vasculature (8230.242) < quality threshold 
processing: 5807308_21016_0_0.png
  SKIPPING IMAGE: tot amount of vasculature (4259.9868) < quality threshold 
processing: 5807308_21015_0_0.png
processing: 5807209_21016_0_0.png
  SKIPPING IMAGE: tot amount of vasculature (9435.4092) < quality threshold 
processing: 5807209_21015_0_0.png
  SKIPPING IMAGE: tot amount of vasculature (4900.7986) < quality threshold 
processing: 5807159_21016_0_0.png
processing: 5807159_21015_0_0.png
processing: 5807069_21016_0_0.png
processing: 5807069_21015_0_0.png
processing: 5806924_21016_0_0.png
processing: 5806924_21015_0_0.png
processing: 5806850_21016_0_0.png
processing: 5806850_21015_0_0.png
  SKIPPING IMAGE: tot amount of vasculature (10010.8359) < quality threshold 
processing: 5806720_21016_0_0.png
processing: 5806720_21015_0_0.png
processing: 5806702_21016_0_0.png
processing: 5806702_21015_0_0.png
processing: 5806698_21016_0_0.png
  SKIPPING IMAGE: tot amount of vasculature (1128.3545) < quality threshold 
processing: 5806698_21015_0_0.png
  SKIPPING IMAGE: tot amount of vasculature (10035.7638) < quality threshold 
processing: 5806664_21016_1_0.png
processing: 5806664_21015_1_0.png
processing: 5806630_21016_0_0.png
processing: 5806630_21015_0_0.png
processing: 5806597_21016_0_0.png
processing: 5806597_21015_0_0.png
processing: 5806583_21016_0_0.png
processing: 5806583_21015_0_0.png
processing: 5806560_21016_1_0.png
processing: 5806560_21015_1_0.png
processing: 5806493_21016_1_0.png
processing: 5806493_21016_0_0.png
processing: 5806493_21015_1_0.png
processing: 5806493_21015_0_0.png
processing: 5806387_21016_0_0.png
processing: 5806387_21015_0_0.png
processing: 5806257_21016_0_0.png
  SKIPPING IMAGE: tot amount of vasculature (7263.9455) < quality threshold 
processing: 5806257_21015_0_0.png
processing: 5806190_21016_0_0.png
processing: 5806190_21015_0_0.png
processing: 5806163_21016_0_0.png
  SKIPPING IMAGE: tot amount of vasculature (9901.9728) < quality threshold 
processing: 5806163_21015_0_0.png
  SKIPPING IMAGE: tot amount of vasculature (7121.6044) < quality threshold 
processing: 5806156_21016_1_0.png
processing: 5806156_21015_1_0.png
  SKIPPING IMAGE: tot amount of vasculature (6590.469) < quality threshold 
processing: 5806119_21016_1_0.png
  SKIPPING IMAGE: tot amount of vasculature (5066.0331) < quality threshold 
processing: 5806119_21015_1_0.png
  SKIPPING IMAGE: tot amount of vasculature (5300.8938) < quality threshold 
processing: 5806107_21016_0_0.png
  SKIPPING IMAGE: tot amount of vasculature (344.1571) < quality threshold 
processing: 5806107_21015_0_0.png
  SKIPPING IMAGE: tot amount of vasculature (6249.5049) < quality threshold 
processing: 5806094_21016_0_0.png
processing: 5806094_21015_0_0.png
processing: 5806066_21016_0_0.png
processing: 5806066_21015_0_0.png
processing: 5806053_21016_0_0.png
processing: 5806053_21015_0_0.png
processing: 5806029_21016_0_0.png
processing: 5806029_21015_0_0.png
processing: 5806008_21016_0_0.png
  SKIPPING IMAGE: tot amount of vasculature (103.0692) < quality threshold 
processing: 5806008_21015_0_0.png
  SKIPPING IMAGE: tot amount of vasculature (32.8332) < quality threshold 
processing: 5805993_21016_1_0.png
  SKIPPING IMAGE: tot amount of vasculature (2565.1822) < quality threshold 
processing: 5805993_21015_1_0.png
  SKIPPING IMAGE: tot amount of vasculature (3321.1502) < quality threshold 
processing: 5805961_21016_0_0.png
processing: 5805961_21015_0_0.png
processing: 5805922_21016_0_0.png
processing: 5805922_21015_0_0.png
processing: 5805895_21016_0_0.png
processing: 5805895_21015_0_0.png
processing: 5805708_21016_0_0.png
processing: 5805708_21015_0_0.png
processing: 5805696_21016_0_0.png
  SKIPPING IMAGE: tot amount of vasculature (7419.5357) < quality threshold 
processing: 5805696_21015_0_0.png
  SKIPPING IMAGE: tot amount of vasculature (9062.3801) < quality threshold 
processing: 5805677_21016_0_0.png
  SKIPPING IMAGE: tot amount of vasculature (9965.0241) < quality threshold 
processing: 5805677_21015_0_0.png
  SKIPPING IMAGE: tot amount of vasculature (4338.2303) < quality threshold 
processing: 5805662_21016_0_0.png
  SKIPPING IMAGE: tot amount of vasculature (5508.6786) < quality threshold 
processing: 5805662_21015_0_0.png
  SKIPPING IMAGE: tot amount of vasculature (4058.0521) < quality threshold 
processing: 5805621_21016_0_0.png
processing: 5805621_21015_0_0.png
processing: 5805569_21016_0_0.png
  SKIPPING IMAGE: tot amount of vasculature (10022.7274) < quality threshold 
processing: 5805569_21015_0_0.png
processing: 5805483_21016_0_0.png
processing: 5805483_21015_0_0.png
processing: 5805452_21016_0_0.png
processing: 5805452_21015_0_0.png
processing: 5805264_21016_0_0.png
processing: 5805264_21015_0_0.png
processing: 5805167_21016_1_0.png
processing: 5805167_21015_1_0.png
processing: 5805148_21016_0_0.png
processing: 5805148_21015_0_0.png
processing: 5805092_21016_0_0.png
processing: 5805092_21015_0_0.png
  SKIPPING IMAGE: tot amount of vasculature (8719.3706) < quality threshold 
processing: 5805079_21016_0_0.png
processing: 5805079_21015_0_0.png
processing: 5805065_21016_0_0.png
  SKIPPING IMAGE: tot amount of vasculature (4085.9272) < quality threshold 
processing: 5805065_21015_0_0.png
  SKIPPING IMAGE: tot amount of vasculature (9573.3461) < quality threshold 
processing: 5805057_21016_0_0.png
  SKIPPING IMAGE: tot amount of vasculature (10837.2554) < quality threshold 
processing: 5805057_21015_0_0.png
  SKIPPING IMAGE: tot amount of vasculature (7353.5982) < quality threshold 
processing: 5804960_21016_0_0.png
processing: 5804960_21015_0_0.png
processing: 5804928_21016_1_0.png
  SKIPPING IMAGE: tot amount of vasculature (8896.6521) < quality threshold 
processing: 5804928_21015_1_0.png
processing: 5804815_21016_1_0.png
  SKIPPING IMAGE: tot amount of vasculature (3819.7511) < quality threshold 
processing: 5804815_21015_1_0.png
  SKIPPING IMAGE: tot amount of vasculature (2863.0417) < quality threshold 
FINISHED: .mat files have been written to: /data/FAC/FBM/DBC/sbergman/retina/UKBiob/fundus/REVIEW//CLRIS/
execution time: 1715 sec
