------------------------------------------
Setting up environment variables
---
LD_LIBRARY_PATH is .:/software/Development/Languages/Matlab_Compiler_Runtime/96/runtime/glnxa64:/software/Development/Languages/Matlab_Compiler_Runtime/96/bin/glnxa64:/software/Development/Languages/Matlab_Compiler_Runtime/96/sys/os/glnxa64:/software/Development/Languages/Matlab_Compiler_Runtime/96/sys/opengl/lib/glnxa64
Running vessel measurements...
processing: 5015108_21015_0_0.png
processing: 5015074_21016_0_0.png
processing: 5015074_21015_0_0.png
  SKIPPING IMAGE: tot amount of vasculature (10660.1804) < quality threshold 
processing: 5015038_21016_0_0.png
processing: 5015038_21015_0_0.png
  SKIPPING IMAGE: tot amount of vasculature (8333.7768) < quality threshold 
processing: 5015007_21016_0_0.png
  SKIPPING IMAGE: tot amount of vasculature (664.8969) < quality threshold 
processing: 5015007_21015_0_0.png
  SKIPPING IMAGE: tot amount of vasculature (1049.9197) < quality threshold 
processing: 5014985_21016_1_0.png
  SKIPPING IMAGE: tot amount of vasculature (2334.1286) < quality threshold 
processing: 5014985_21015_1_0.png
  SKIPPING IMAGE: tot amount of vasculature (8563.2585) < quality threshold 
processing: 5014943_21016_0_0.png
processing: 5014943_21015_0_0.png
processing: 5014904_21016_1_0.png
  SKIPPING IMAGE: tot amount of vasculature (8797.6045) < quality threshold 
processing: 5014904_21015_1_0.png
processing: 5014899_21016_0_0.png
processing: 5014899_21015_0_0.png
processing: 5014790_21016_0_0.png
  SKIPPING IMAGE: tot amount of vasculature (8447.373) < quality threshold 
processing: 5014790_21015_0_0.png
processing: 5014774_21016_0_0.png
  SKIPPING IMAGE: tot amount of vasculature (1730.1268) < quality threshold 
processing: 5014774_21015_0_0.png
  SKIPPING IMAGE: tot amount of vasculature (9354.5848) < quality threshold 
processing: 5014763_21016_1_0.png
processing: 5014763_21015_1_0.png
processing: 5014756_21016_0_0.png
processing: 5014756_21015_0_0.png
processing: 5014689_21016_0_0.png
processing: 5014689_21015_0_0.png
processing: 5014622_21016_1_0.png
processing: 5014622_21015_1_0.png
  SKIPPING IMAGE: tot amount of vasculature (3294.818) < quality threshold 
processing: 5014588_21016_1_0.png
processing: 5014588_21015_1_0.png
processing: 5014449_21016_1_0.png
  SKIPPING IMAGE: tot amount of vasculature (3093.697) < quality threshold 
processing: 5014449_21015_1_0.png
  SKIPPING IMAGE: tot amount of vasculature (7076.1575) < quality threshold 
processing: 5014412_21016_0_0.png
processing: 5014412_21015_0_0.png
processing: 5014405_21016_0_0.png
  SKIPPING IMAGE: tot amount of vasculature (3756.5363) < quality threshold 
processing: 5014405_21015_0_0.png
  SKIPPING IMAGE: tot amount of vasculature (10441.6966) < quality threshold 
processing: 5014329_21016_0_0.png
processing: 5014329_21015_0_0.png
processing: 5014260_21016_0_0.png
processing: 5014260_21015_0_0.png
  SKIPPING IMAGE: tot amount of vasculature (621.0667) < quality threshold 
processing: 5014245_21016_1_0.png
  SKIPPING IMAGE: tot amount of vasculature (8137.8021) < quality threshold 
processing: 5014245_21015_1_0.png
  SKIPPING IMAGE: tot amount of vasculature (4978.1767) < quality threshold 
processing: 5014228_21016_0_0.png
  SKIPPING IMAGE: tot amount of vasculature (7643.3218) < quality threshold 
processing: 5014228_21015_0_0.png
  SKIPPING IMAGE: tot amount of vasculature (7585.8775) < quality threshold 
processing: 5014184_21016_0_0.png
processing: 5014184_21015_0_0.png
processing: 5014147_21016_0_0.png
processing: 5014147_21015_0_0.png
processing: 5014026_21016_1_0.png
  SKIPPING IMAGE: tot amount of vasculature (10816.6486) < quality threshold 
processing: 5014026_21015_1_0.png
processing: 5014003_21016_0_0.png
processing: 5014003_21015_0_0.png
processing: 5013961_21016_0_0.png
processing: 5013961_21015_0_0.png
processing: 5013833_21016_0_0.png
processing: 5013729_21016_1_0.png
processing: 5013729_21015_1_0.png
processing: 5013715_21016_0_0.png
processing: 5013715_21015_0_0.png
processing: 5013604_21016_0_0.png
processing: 5013604_21015_0_0.png
processing: 5013544_21016_0_0.png
processing: 5013544_21015_0_0.png
processing: 5013460_21016_0_0.png
processing: 5013460_21015_0_0.png
processing: 5013338_21016_0_0.png
processing: 5013338_21015_0_0.png
processing: 5013180_21016_0_0.png
processing: 5013180_21015_0_0.png
processing: 5013113_21016_1_0.png
  SKIPPING IMAGE: tot amount of vasculature (8784.7942) < quality threshold 
processing: 5013113_21016_0_0.png
processing: 5013113_21015_1_0.png
  SKIPPING IMAGE: tot amount of vasculature (10188.5277) < quality threshold 
processing: 5013113_21015_0_0.png
  SKIPPING IMAGE: tot amount of vasculature (10531.5578) < quality threshold 
processing: 5013088_21016_1_0.png
processing: 5013088_21015_1_0.png
processing: 5013040_21016_0_0.png
processing: 5013040_21015_0_0.png
processing: 5013006_21016_0_0.png
processing: 5013006_21015_0_0.png
processing: 5012964_21016_0_0.png
processing: 5012964_21015_0_0.png
processing: 5012951_21016_1_0.png
processing: 5012951_21015_1_0.png
processing: 5012949_21016_0_0.png
processing: 5012949_21015_0_0.png
  SKIPPING IMAGE: tot amount of vasculature (9170.4907) < quality threshold 
processing: 5012881_21016_1_0.png
processing: 5012881_21015_1_0.png
  SKIPPING IMAGE: tot amount of vasculature (10310.1321) < quality threshold 
processing: 5012842_21016_0_0.png
  SKIPPING IMAGE: tot amount of vasculature (9785.0597) < quality threshold 
processing: 5012842_21015_0_0.png
  SKIPPING IMAGE: tot amount of vasculature (2270.3373) < quality threshold 
processing: 5012825_21016_0_0.png
  SKIPPING IMAGE: tot amount of vasculature (4676.4183) < quality threshold 
processing: 5012825_21015_0_0.png
processing: 5012775_21016_0_0.png
processing: 5012775_21015_0_0.png
processing: 5012672_21016_0_0.png
processing: 5012672_21015_0_0.png
processing: 5012667_21016_1_0.png
  SKIPPING IMAGE: tot amount of vasculature (6208.457) < quality threshold 
processing: 5012667_21015_1_0.png
processing: 5012636_21016_1_0.png
  SKIPPING IMAGE: tot amount of vasculature (9791.8276) < quality threshold 
processing: 5012636_21015_1_0.png
  SKIPPING IMAGE: tot amount of vasculature (5773.8846) < quality threshold 
processing: 5012624_21016_0_0.png
processing: 5012624_21015_0_0.png
processing: 5012508_21016_0_0.png
  SKIPPING IMAGE: tot amount of vasculature (10932.7873) < quality threshold 
processing: 5012508_21015_0_0.png
  SKIPPING IMAGE: tot amount of vasculature (7420.4558) < quality threshold 
processing: 5012465_21016_0_0.png
processing: 5012465_21015_0_0.png
processing: 5012431_21016_0_0.png
processing: 5012431_21015_0_0.png
processing: 5012423_21016_0_0.png
processing: 5012423_21015_0_0.png
processing: 5012414_21016_0_0.png
processing: 5012414_21015_0_0.png
processing: 5012359_21016_1_0.png
  SKIPPING IMAGE: tot amount of vasculature (9602.433) < quality threshold 
processing: 5012359_21015_1_0.png
  SKIPPING IMAGE: tot amount of vasculature (10253.2397) < quality threshold 
processing: 5012320_21016_0_0.png
processing: 5012320_21015_0_0.png
processing: 5012289_21016_0_0.png
processing: 5012289_21015_0_0.png
processing: 5012278_21016_0_0.png
processing: 5012278_21015_0_0.png
processing: 5012261_21016_0_0.png
  SKIPPING IMAGE: No vessels found
processing: 5012261_21015_0_0.png
  SKIPPING IMAGE: tot amount of vasculature (72.1274) < quality threshold 
processing: 5012177_21016_1_0.png
processing: 5012177_21015_1_0.png
processing: 5012104_21016_1_0.png
  SKIPPING IMAGE: tot amount of vasculature (10626.4293) < quality threshold 
processing: 5012104_21015_1_0.png
processing: 5012045_21016_0_0.png
  SKIPPING IMAGE: tot amount of vasculature (10295.6672) < quality threshold 
processing: 5012045_21015_0_0.png
  SKIPPING IMAGE: tot amount of vasculature (9278.1541) < quality threshold 
processing: 5012011_21016_1_0.png
processing: 5012011_21015_1_0.png
processing: 5011987_21016_0_0.png
processing: 5011987_21015_0_0.png
  SKIPPING IMAGE: tot amount of vasculature (5343.9858) < quality threshold 
processing: 5011892_21016_0_0.png
processing: 5011892_21015_0_0.png
processing: 5011888_21016_0_0.png
processing: 5011888_21015_0_0.png
processing: 5011857_21016_0_0.png
  SKIPPING IMAGE: tot amount of vasculature (4366.6492) < quality threshold 
processing: 5011857_21015_0_0.png
  SKIPPING IMAGE: No vessels found
processing: 5011831_21016_1_0.png
processing: 5011831_21015_1_0.png
processing: 5011823_21016_0_0.png
processing: 5011823_21015_0_0.png
processing: 5011773_21016_0_0.png
  SKIPPING IMAGE: tot amount of vasculature (8119.9259) < quality threshold 
processing: 5011773_21015_0_0.png
processing: 5011751_21016_0_0.png
processing: 5011751_21015_0_0.png
processing: 5011749_21016_0_0.png
processing: 5011749_21015_0_0.png
processing: 5011567_21016_0_0.png
processing: 5011567_21015_0_0.png
processing: 5011548_21016_0_0.png
  SKIPPING IMAGE: tot amount of vasculature (4333.1192) < quality threshold 
processing: 5011548_21015_0_0.png
  SKIPPING IMAGE: No vessels found
processing: 5011524_21016_1_0.png
  SKIPPING IMAGE: tot amount of vasculature (9326.5522) < quality threshold 
processing: 5011524_21015_1_0.png
  SKIPPING IMAGE: tot amount of vasculature (6901.8718) < quality threshold 
processing: 5011438_21016_0_0.png
processing: 5011438_21015_0_0.png
processing: 5011317_21016_1_0.png
processing: 5011317_21016_0_0.png
processing: 5011317_21015_1_0.png
processing: 5011317_21015_0_0.png
processing: 5011295_21016_0_0.png
processing: 5011295_21015_0_0.png
processing: 5011271_21016_0_0.png
  SKIPPING IMAGE: tot amount of vasculature (2728.0064) < quality threshold 
processing: 5011271_21015_0_0.png
  SKIPPING IMAGE: tot amount of vasculature (9178.823) < quality threshold 
processing: 5011176_21016_0_0.png
processing: 5011176_21015_0_0.png
processing: 5011160_21016_0_0.png
processing: 5011160_21015_0_0.png
  SKIPPING IMAGE: tot amount of vasculature (10870.0209) < quality threshold 
processing: 5011134_21016_0_0.png
processing: 5011134_21015_0_0.png
processing: 5011050_21016_0_0.png
processing: 5011050_21015_0_0.png
processing: 5011021_21016_0_0.png
  SKIPPING IMAGE: tot amount of vasculature (5701.2018) < quality threshold 
processing: 5011021_21015_0_0.png
  SKIPPING IMAGE: tot amount of vasculature (8489.9341) < quality threshold 
processing: 5010990_21016_0_0.png
processing: 5010990_21015_0_0.png
processing: 5010925_21016_0_0.png
processing: 5010925_21015_0_0.png
processing: 5010851_21016_0_0.png
processing: 5010851_21015_0_0.png
processing: 5010743_21016_0_0.png
processing: 5010743_21015_0_0.png
processing: 5010739_21016_0_0.png
processing: 5010739_21015_0_0.png
processing: 5010631_21016_0_0.png
processing: 5010631_21015_0_0.png
processing: 5010578_21016_1_0.png
  SKIPPING IMAGE: tot amount of vasculature (5209.475) < quality threshold 
processing: 5010578_21016_0_0.png
  SKIPPING IMAGE: tot amount of vasculature (7987.5331) < quality threshold 
processing: 5010578_21015_1_0.png
  SKIPPING IMAGE: tot amount of vasculature (10051.9805) < quality threshold 
processing: 5010578_21015_0_0.png
  SKIPPING IMAGE: tot amount of vasculature (5048.3551) < quality threshold 
processing: 5010554_21016_0_0.png
  SKIPPING IMAGE: tot amount of vasculature (8804.0669) < quality threshold 
processing: 5010554_21015_0_0.png
  SKIPPING IMAGE: tot amount of vasculature (8631.6045) < quality threshold 
processing: 5010535_21016_1_0.png
  SKIPPING IMAGE: tot amount of vasculature (1429.0312) < quality threshold 
processing: 5010535_21015_1_0.png
  SKIPPING IMAGE: tot amount of vasculature (1277.2157) < quality threshold 
processing: 5010517_21016_0_0.png
processing: 5010517_21015_0_0.png
processing: 5010472_21016_0_0.png
processing: 5010472_21015_0_0.png
  SKIPPING IMAGE: tot amount of vasculature (7718.695) < quality threshold 
processing: 5010467_21016_0_0.png
processing: 5010467_21015_0_0.png
processing: 5010401_21016_0_0.png
  SKIPPING IMAGE: tot amount of vasculature (10825.2866) < quality threshold 
processing: 5010401_21015_0_0.png
  SKIPPING IMAGE: tot amount of vasculature (9637.5921) < quality threshold 
processing: 5010360_21016_0_0.png
processing: 5010360_21015_0_0.png
processing: 5010345_21016_1_0.png
  SKIPPING IMAGE: tot amount of vasculature (6008.5708) < quality threshold 
processing: 5010345_21015_1_0.png
  SKIPPING IMAGE: tot amount of vasculature (8465.4521) < quality threshold 
processing: 5010237_21016_0_0.png
processing: 5010237_21015_0_0.png
processing: 5010208_21016_1_0.png
processing: 5010208_21015_1_0.png
processing: 5010126_21016_0_0.png
processing: 5010126_21015_0_0.png
processing: 5010059_21016_0_0.png
  SKIPPING IMAGE: tot amount of vasculature (5443.4083) < quality threshold 
processing: 5010059_21015_0_0.png
processing: 5009976_21016_0_0.png
processing: 5009976_21015_0_0.png
processing: 5009909_21016_0_0.png
  SKIPPING IMAGE: tot amount of vasculature (480.354) < quality threshold 
processing: 5009909_21015_0_0.png
  SKIPPING IMAGE: tot amount of vasculature (4140.8809) < quality threshold 
processing: 5009841_21016_1_0.png
  SKIPPING IMAGE: tot amount of vasculature (641.7363) < quality threshold 
processing: 5009841_21015_1_0.png
  SKIPPING IMAGE: tot amount of vasculature (8666.5463) < quality threshold 
processing: 5009788_21016_1_0.png
  SKIPPING IMAGE: tot amount of vasculature (8242.9986) < quality threshold 
processing: 5009788_21016_0_0.png
  SKIPPING IMAGE: tot amount of vasculature (2561.5357) < quality threshold 
processing: 5009788_21015_1_0.png
  SKIPPING IMAGE: tot amount of vasculature (4531.7817) < quality threshold 
processing: 5009788_21015_0_0.png
  SKIPPING IMAGE: tot amount of vasculature (5380.4894) < quality threshold 
processing: 5009740_21016_0_0.png
processing: 5009740_21015_0_0.png
processing: 5009706_21016_1_0.png
  SKIPPING IMAGE: tot amount of vasculature (10019.1252) < quality threshold 
processing: 5009706_21015_1_0.png
processing: 5009616_21016_0_0.png
processing: 5009616_21015_0_0.png
processing: 5009602_21016_0_0.png
  SKIPPING IMAGE: tot amount of vasculature (7107.8563) < quality threshold 
processing: 5009602_21015_0_0.png
  SKIPPING IMAGE: tot amount of vasculature (5915.6205) < quality threshold 
processing: 5009574_21016_1_0.png
  SKIPPING IMAGE: tot amount of vasculature (6211.7839) < quality threshold 
processing: 5009574_21015_1_0.png
processing: 5009475_21016_0_0.png
  SKIPPING IMAGE: tot amount of vasculature (129.577) < quality threshold 
processing: 5009403_21016_0_0.png
processing: 5009403_21015_0_0.png
processing: 5009399_21016_0_0.png
  SKIPPING IMAGE: tot amount of vasculature (1515.1971) < quality threshold 
processing: 5009399_21015_0_0.png
  SKIPPING IMAGE: tot amount of vasculature (5803.1294) < quality threshold 
processing: 5009348_21016_0_0.png
processing: 5009348_21015_0_0.png
  SKIPPING IMAGE: tot amount of vasculature (10918.9426) < quality threshold 
processing: 5009301_21016_0_0.png
processing: 5009301_21015_0_0.png
processing: 5009100_21016_0_0.png
  SKIPPING IMAGE: tot amount of vasculature (10749.4349) < quality threshold 
processing: 5009100_21015_0_0.png
processing: 5008977_21016_0_0.png
processing: 5008977_21015_0_0.png
  SKIPPING IMAGE: tot amount of vasculature (10882.0648) < quality threshold 
processing: 5008872_21016_0_0.png
processing: 5008872_21015_0_0.png
processing: 5008867_21016_0_0.png
processing: 5008867_21015_0_0.png
processing: 5008813_21016_0_0.png
processing: 5008813_21015_0_0.png
processing: 5008756_21016_0_0.png
processing: 5008756_21015_0_0.png
processing: 5008742_21016_1_0.png
  SKIPPING IMAGE: tot amount of vasculature (9972.507) < quality threshold 
processing: 5008742_21015_1_0.png
  SKIPPING IMAGE: tot amount of vasculature (8685.2517) < quality threshold 
processing: 5008725_21016_0_0.png
  SKIPPING IMAGE: tot amount of vasculature (9607.7549) < quality threshold 
processing: 5008725_21015_0_0.png
  SKIPPING IMAGE: tot amount of vasculature (199.138) < quality threshold 
processing: 5008693_21016_0_0.png
processing: 5008693_21015_0_0.png
processing: 5008498_21016_0_0.png
processing: 5008498_21015_0_0.png
processing: 5008451_21016_0_0.png
  SKIPPING IMAGE: tot amount of vasculature (4170.7767) < quality threshold 
processing: 5008451_21015_0_0.png
  SKIPPING IMAGE: tot amount of vasculature (4765.8965) < quality threshold 
processing: 5008370_21016_0_0.png
processing: 5008370_21015_0_0.png
  SKIPPING IMAGE: tot amount of vasculature (10599.5938) < quality threshold 
processing: 5008234_21016_0_0.png
  SKIPPING IMAGE: tot amount of vasculature (6222.8467) < quality threshold 
processing: 5008234_21015_0_0.png
processing: 5008120_21016_0_0.png
  SKIPPING IMAGE: tot amount of vasculature (4849.2361) < quality threshold 
processing: 5008120_21015_0_0.png
  SKIPPING IMAGE: tot amount of vasculature (8514.7172) < quality threshold 
processing: 5008116_21016_0_0.png
processing: 5008116_21015_0_0.png
processing: 5008044_21016_0_0.png
processing: 5008044_21015_0_0.png
processing: 5008032_21016_0_0.png
  SKIPPING IMAGE: tot amount of vasculature (10656.8674) < quality threshold 
processing: 5008032_21015_0_0.png
  SKIPPING IMAGE: tot amount of vasculature (5882.8752) < quality threshold 
processing: 5007974_21016_0_0.png
processing: 5007974_21015_0_0.png
processing: 5007963_21016_0_0.png
processing: 5007963_21015_0_0.png
processing: 5007942_21016_0_0.png
  SKIPPING IMAGE: tot amount of vasculature (1997.9578) < quality threshold 
processing: 5007942_21015_0_0.png
  SKIPPING IMAGE: tot amount of vasculature (1576.2626) < quality threshold 
processing: 5007886_21016_1_0.png
processing: 5007886_21015_1_0.png
  SKIPPING IMAGE: tot amount of vasculature (3995.1639) < quality threshold 
processing: 5007864_21016_0_0.png
processing: 5007864_21015_0_0.png
processing: 5007812_21016_1_0.png
processing: 5007812_21016_0_0.png
processing: 5007812_21015_1_0.png
processing: 5007812_21015_0_0.png
processing: 5007739_21016_0_0.png
processing: 5007739_21015_0_0.png
processing: 5007589_21016_0_0.png
processing: 5007589_21015_0_0.png
processing: 5007578_21016_0_0.png
processing: 5007578_21015_0_0.png
processing: 5007561_21016_0_0.png
processing: 5007561_21015_0_0.png
processing: 5007397_21016_0_0.png
  SKIPPING IMAGE: tot amount of vasculature (4804.6856) < quality threshold 
processing: 5007397_21015_0_0.png
  SKIPPING IMAGE: tot amount of vasculature (8679.8218) < quality threshold 
processing: 5007311_21016_0_0.png
FINISHED: .mat files have been written to: /data/FAC/FBM/DBC/sbergman/retina/UKBiob/fundus/REVIEW//CLRIS/
execution time: 1954 sec
