------------------------------------------
Setting up environment variables
---
LD_LIBRARY_PATH is .:/software/Development/Languages/Matlab_Compiler_Runtime/96/runtime/glnxa64:/software/Development/Languages/Matlab_Compiler_Runtime/96/bin/glnxa64:/software/Development/Languages/Matlab_Compiler_Runtime/96/sys/os/glnxa64:/software/Development/Languages/Matlab_Compiler_Runtime/96/sys/opengl/lib/glnxa64
Running vessel measurements...
processing: 4353685_21016_0_0.png
processing: 4353685_21015_0_0.png
processing: 4353662_21016_0_0.png
processing: 4353662_21015_0_0.png
processing: 4353643_21016_1_0.png
  SKIPPING IMAGE: tot amount of vasculature (8881.6705) < quality threshold 
processing: 4353643_21015_1_0.png
processing: 4353639_21016_1_0.png
processing: 4353639_21015_1_0.png
processing: 4353591_21016_0_0.png
processing: 4353591_21015_0_0.png
processing: 4353338_21016_1_0.png
processing: 4353338_21015_1_0.png
processing: 4353298_21016_0_0.png
processing: 4353298_21015_0_0.png
  SKIPPING IMAGE: tot amount of vasculature (9800.7128) < quality threshold 
processing: 4353273_21016_0_0.png
processing: 4353273_21015_0_0.png
processing: 4353199_21016_0_0.png
processing: 4353199_21015_0_0.png
processing: 4353172_21016_0_0.png
  SKIPPING IMAGE: tot amount of vasculature (4306.118) < quality threshold 
processing: 4353172_21015_0_0.png
processing: 4353124_21016_1_0.png
  SKIPPING IMAGE: tot amount of vasculature (5950.7119) < quality threshold 
processing: 4353124_21015_1_0.png
  SKIPPING IMAGE: tot amount of vasculature (3487.6859) < quality threshold 
processing: 4352986_21016_0_0.png
processing: 4352986_21015_0_0.png
processing: 4352930_21016_0_0.png
processing: 4352930_21015_0_0.png
  SKIPPING IMAGE: tot amount of vasculature (8689.6771) < quality threshold 
processing: 4352636_21016_0_0.png
processing: 4352636_21015_0_0.png
processing: 4352624_21016_0_0.png
  SKIPPING IMAGE: tot amount of vasculature (6726.0796) < quality threshold 
processing: 4352624_21015_0_0.png
  SKIPPING IMAGE: tot amount of vasculature (4215.9238) < quality threshold 
processing: 4352537_21016_0_0.png
  SKIPPING IMAGE: tot amount of vasculature (10184.0341) < quality threshold 
processing: 4352537_21015_0_0.png
processing: 4352529_21016_1_0.png
processing: 4352529_21015_1_0.png
processing: 4352488_21016_0_0.png
  SKIPPING IMAGE: tot amount of vasculature (10742.7429) < quality threshold 
processing: 4352488_21015_0_0.png
processing: 4352465_21016_0_0.png
  SKIPPING IMAGE: tot amount of vasculature (2975.3782) < quality threshold 
processing: 4352465_21015_0_0.png
  SKIPPING IMAGE: tot amount of vasculature (3028.2051) < quality threshold 
processing: 4352440_21016_0_0.png
  SKIPPING IMAGE: tot amount of vasculature (8993.1038) < quality threshold 
processing: 4352440_21015_0_0.png
  SKIPPING IMAGE: tot amount of vasculature (7836.7722) < quality threshold 
processing: 4352347_21016_0_0.png
processing: 4352347_21015_0_0.png
processing: 4352302_21016_0_0.png
processing: 4352302_21015_0_0.png
processing: 4352222_21016_1_0.png
  SKIPPING IMAGE: tot amount of vasculature (7527.3571) < quality threshold 
processing: 4352222_21015_1_0.png
  SKIPPING IMAGE: tot amount of vasculature (8317.9349) < quality threshold 
processing: 4352034_21016_1_0.png
  SKIPPING IMAGE: tot amount of vasculature (6454.0017) < quality threshold 
processing: 4352034_21015_1_0.png
processing: 4352009_21016_0_0.png
processing: 4352009_21015_0_0.png
processing: 4351969_21016_0_0.png
processing: 4351969_21015_0_0.png
processing: 4351958_21016_1_0.png
  SKIPPING IMAGE: tot amount of vasculature (4088.9448) < quality threshold 
processing: 4351958_21015_1_0.png
  SKIPPING IMAGE: tot amount of vasculature (4153.7402) < quality threshold 
processing: 4351903_21016_0_0.png
processing: 4351903_21015_0_0.png
processing: 4351892_21016_0_0.png
processing: 4351892_21015_0_0.png
processing: 4351865_21016_0_0.png
processing: 4351865_21015_0_0.png
processing: 4351857_21016_0_0.png
processing: 4351857_21015_0_0.png
processing: 4351798_21016_0_0.png
processing: 4351798_21015_0_0.png
processing: 4351764_21016_0_0.png
processing: 4351764_21015_0_0.png
processing: 4351694_21016_1_0.png
processing: 4351694_21015_1_0.png
processing: 4351666_21016_1_0.png
processing: 4351666_21016_0_0.png
processing: 4351666_21015_1_0.png
processing: 4351666_21015_0_0.png
processing: 4351501_21016_1_0.png
processing: 4351501_21015_1_0.png
processing: 4351481_21016_0_0.png
processing: 4351474_21016_0_0.png
processing: 4351474_21015_0_0.png
processing: 4351442_21016_1_0.png
processing: 4351442_21015_1_0.png
processing: 4351354_21016_1_0.png
processing: 4351354_21015_1_0.png
  SKIPPING IMAGE: tot amount of vasculature (6506.7249) < quality threshold 
processing: 4351300_21016_0_0.png
  SKIPPING IMAGE: tot amount of vasculature (10912.9922) < quality threshold 
processing: 4351300_21015_0_0.png
processing: 4351268_21016_1_0.png
  SKIPPING IMAGE: tot amount of vasculature (1947.5778) < quality threshold 
processing: 4351268_21015_1_0.png
  SKIPPING IMAGE: tot amount of vasculature (35.1144) < quality threshold 
processing: 4351233_21016_0_0.png
processing: 4351233_21015_0_0.png
processing: 4351220_21016_0_0.png
processing: 4351220_21015_0_0.png
processing: 4351176_21016_0_0.png
processing: 4351176_21015_0_0.png
  SKIPPING IMAGE: tot amount of vasculature (10789.4553) < quality threshold 
processing: 4351160_21016_1_0.png
  SKIPPING IMAGE: tot amount of vasculature (8725.4693) < quality threshold 
processing: 4351160_21015_1_0.png
  SKIPPING IMAGE: tot amount of vasculature (7278.9376) < quality threshold 
processing: 4351039_21016_1_0.png
  SKIPPING IMAGE: tot amount of vasculature (240.9739) < quality threshold 
processing: 4351039_21015_1_0.png
  SKIPPING IMAGE: tot amount of vasculature (7326.3851) < quality threshold 
processing: 4351021_21016_0_0.png
processing: 4350990_21016_1_0.png
processing: 4350990_21015_1_0.png
processing: 4350925_21016_1_0.png
  SKIPPING IMAGE: tot amount of vasculature (7460.8523) < quality threshold 
processing: 4350925_21015_1_0.png
  SKIPPING IMAGE: tot amount of vasculature (5056.4891) < quality threshold 
processing: 4350873_21016_0_0.png
processing: 4350873_21015_0_0.png
processing: 4350796_21016_0_0.png
processing: 4350796_21015_0_0.png
processing: 4350739_21016_0_0.png
processing: 4350739_21015_0_0.png
processing: 4350679_21016_0_0.png
processing: 4350679_21015_0_0.png
processing: 4350593_21016_0_0.png
processing: 4350593_21015_0_0.png
processing: 4350517_21016_0_0.png
processing: 4350517_21015_0_0.png
processing: 4350436_21016_0_0.png
processing: 4350436_21015_0_0.png
processing: 4350424_21016_1_0.png
processing: 4350424_21015_1_0.png
processing: 4350401_21016_0_0.png
processing: 4350401_21015_0_0.png
processing: 4350345_21016_1_0.png
