------------------------------------------
Setting up environment variables
---
LD_LIBRARY_PATH is .:/software/Development/Languages/Matlab_Compiler_Runtime/96/runtime/glnxa64:/software/Development/Languages/Matlab_Compiler_Runtime/96/bin/glnxa64:/software/Development/Languages/Matlab_Compiler_Runtime/96/sys/os/glnxa64:/software/Development/Languages/Matlab_Compiler_Runtime/96/sys/opengl/lib/glnxa64
Running vessel measurements...
processing: 4598862_21016_0_0.png
  SKIPPING IMAGE: tot amount of vasculature (10843.4691) < quality threshold 
processing: 4598862_21015_0_0.png
  SKIPPING IMAGE: tot amount of vasculature (7778.6282) < quality threshold 
processing: 4598850_21016_0_0.png
processing: 4598850_21015_0_0.png
processing: 4598720_21016_0_0.png
processing: 4598720_21015_0_0.png
processing: 4598673_21016_0_0.png
processing: 4598673_21015_0_0.png
processing: 4598664_21016_0_0.png
processing: 4598664_21015_0_0.png
  SKIPPING IMAGE: tot amount of vasculature (5373.7981) < quality threshold 
processing: 4598489_21016_1_0.png
processing: 4598489_21015_1_0.png
processing: 4598326_21016_0_0.png
processing: 4598326_21015_0_0.png
processing: 4598303_21016_1_0.png
processing: 4598303_21016_0_0.png
processing: 4598303_21015_1_0.png
processing: 4598303_21015_0_0.png
processing: 4598231_21016_0_0.png
processing: 4598231_21015_0_0.png
processing: 4598190_21016_0_0.png
processing: 4598190_21015_0_0.png
  SKIPPING IMAGE: tot amount of vasculature (9584.0522) < quality threshold 
processing: 4598181_21016_1_0.png
processing: 4598181_21015_1_0.png
  SKIPPING IMAGE: tot amount of vasculature (10787.2939) < quality threshold 
processing: 4598119_21016_0_0.png
processing: 4598119_21015_0_0.png
processing: 4598070_21016_0_0.png
processing: 4598070_21015_0_0.png
  SKIPPING IMAGE: tot amount of vasculature (9926.2981) < quality threshold 
processing: 4597959_21016_0_0.png
  SKIPPING IMAGE: tot amount of vasculature (4131.6903) < quality threshold 
processing: 4597959_21015_0_0.png
  SKIPPING IMAGE: tot amount of vasculature (10296.95) < quality threshold 
processing: 4597933_21016_0_0.png
processing: 4597933_21015_0_0.png
processing: 4597916_21016_1_0.png
processing: 4597916_21015_1_0.png
processing: 4597772_21016_0_0.png
processing: 4597772_21015_0_0.png
processing: 4597748_21016_0_0.png
processing: 4597748_21015_0_0.png
processing: 4597676_21016_1_0.png
processing: 4597676_21015_1_0.png
processing: 4597652_21016_0_0.png
processing: 4597652_21015_0_0.png
processing: 4597634_21016_1_0.png
  SKIPPING IMAGE: tot amount of vasculature (7445.5743) < quality threshold 
processing: 4597634_21015_1_0.png
  SKIPPING IMAGE: tot amount of vasculature (10889.8353) < quality threshold 
processing: 4597611_21016_0_0.png
processing: 4597611_21015_0_0.png
processing: 4597527_21016_0_0.png
  SKIPPING IMAGE: tot amount of vasculature (3042.9234) < quality threshold 
processing: 4597527_21015_0_0.png
  SKIPPING IMAGE: tot amount of vasculature (8360.4856) < quality threshold 
processing: 4597505_21016_1_0.png
  SKIPPING IMAGE: tot amount of vasculature (4628.0843) < quality threshold 
processing: 4597505_21015_1_0.png
  SKIPPING IMAGE: tot amount of vasculature (1396.7581) < quality threshold 
processing: 4597462_21016_0_0.png
processing: 4597462_21015_0_0.png
processing: 4597388_21016_0_0.png
  SKIPPING IMAGE: tot amount of vasculature (1891.0969) < quality threshold 
processing: 4597388_21015_0_0.png
  SKIPPING IMAGE: tot amount of vasculature (3977.1909) < quality threshold 
processing: 4597269_21016_0_0.png
processing: 4597269_21015_0_0.png
processing: 4597203_21016_0_0.png
processing: 4597203_21015_0_0.png
processing: 4597166_21016_0_0.png
  SKIPPING IMAGE: tot amount of vasculature (10270.6403) < quality threshold 
processing: 4597166_21015_0_0.png
processing: 4597108_21016_0_0.png
processing: 4597108_21015_0_0.png
processing: 4597090_21016_1_0.png
processing: 4597090_21015_1_0.png
processing: 4597019_21016_0_0.png
processing: 4597019_21015_0_0.png
processing: 4596954_21016_0_0.png
processing: 4596954_21015_0_0.png
processing: 4596946_21016_0_0.png
processing: 4596946_21015_0_0.png
processing: 4596922_21016_1_0.png
  SKIPPING IMAGE: tot amount of vasculature (10249.7957) < quality threshold 
processing: 4596922_21016_0_0.png
  SKIPPING IMAGE: tot amount of vasculature (9665.8746) < quality threshold 
processing: 4596922_21015_1_0.png
  SKIPPING IMAGE: tot amount of vasculature (10626.5129) < quality threshold 
processing: 4596922_21015_0_0.png
processing: 4596917_21016_1_0.png
processing: 4596917_21015_1_0.png
processing: 4596895_21016_0_0.png
  SKIPPING IMAGE: tot amount of vasculature (8738.1269) < quality threshold 
processing: 4596895_21015_0_0.png
processing: 4596884_21016_0_0.png
processing: 4596884_21015_0_0.png
processing: 4596770_21016_0_0.png
processing: 4596770_21015_0_0.png
  SKIPPING IMAGE: tot amount of vasculature (10558.2096) < quality threshold 
processing: 4596708_21016_0_0.png
  SKIPPING IMAGE: tot amount of vasculature (494.9908) < quality threshold 
processing: 4596708_21015_0_0.png
  SKIPPING IMAGE: No vessels found
processing: 4596685_21016_1_0.png
  SKIPPING IMAGE: tot amount of vasculature (5075.1466) < quality threshold 
processing: 4596685_21015_1_0.png
  SKIPPING IMAGE: tot amount of vasculature (5869.158) < quality threshold 
processing: 4596643_21016_0_0.png
processing: 4596643_21015_0_0.png
processing: 4596526_21016_0_0.png
  SKIPPING IMAGE: tot amount of vasculature (5453.8323) < quality threshold 
processing: 4596526_21015_0_0.png
  SKIPPING IMAGE: tot amount of vasculature (4739.239) < quality threshold 
processing: 4596503_21016_0_0.png
processing: 4596503_21015_0_0.png
processing: 4596483_21016_0_0.png
processing: 4596483_21015_0_0.png
processing: 4596381_21016_0_0.png
processing: 4596381_21015_0_0.png
processing: 4596374_21016_0_0.png
processing: 4596374_21015_0_0.png
processing: 4596338_21016_0_0.png
  SKIPPING IMAGE: tot amount of vasculature (524.7219) < quality threshold 
processing: 4596338_21015_0_0.png
  SKIPPING IMAGE: tot amount of vasculature (5959.1633) < quality threshold 
processing: 4596230_21016_0_0.png
processing: 4596230_21015_0_0.png
processing: 4596212_21016_1_0.png
processing: 4596212_21015_1_0.png
  SKIPPING IMAGE: tot amount of vasculature (1891.339) < quality threshold 
processing: 4596124_21016_0_0.png
processing: 4596124_21015_0_0.png
processing: 4596088_21016_0_0.png
processing: 4596088_21015_0_0.png
processing: 4596065_21016_1_0.png
processing: 4596065_21015_1_0.png
processing: 4596040_21016_0_0.png
processing: 4596040_21015_0_0.png
  SKIPPING IMAGE: tot amount of vasculature (10290.6423) < quality threshold 
processing: 4595983_21016_0_0.png
processing: 4595983_21015_0_0.png
processing: 4595976_21016_0_0.png
  SKIPPING IMAGE: tot amount of vasculature (2298.9631) < quality threshold 
processing: 4595976_21015_0_0.png
  SKIPPING IMAGE: tot amount of vasculature (22.3772) < quality threshold 
processing: 4595952_21016_1_0.png
processing: 4595952_21016_0_0.png
  SKIPPING IMAGE: tot amount of vasculature (9968.545) < quality threshold 
processing: 4595952_21015_1_0.png
  SKIPPING IMAGE: tot amount of vasculature (9914.3474) < quality threshold 
processing: 4595952_21015_0_0.png
processing: 4595808_21016_0_1.png
processing: 4595808_21016_0_0.png
processing: 4595808_21015_0_0.png
processing: 4595792_21016_0_0.png
processing: 4595792_21015_0_0.png
processing: 4595757_21016_0_0.png
processing: 4595757_21015_0_0.png
processing: 4595740_21016_0_0.png
processing: 4595740_21015_0_0.png
processing: 4595723_21016_0_0.png
processing: 4595723_21015_0_0.png
processing: 4595714_21016_1_0.png
processing: 4595714_21015_1_0.png
processing: 4595647_21016_0_0.png
processing: 4595647_21015_0_0.png
processing: 4595616_21016_1_0.png
processing: 4595616_21015_1_0.png
  SKIPPING IMAGE: tot amount of vasculature (5200.8837) < quality threshold 
processing: 4595542_21016_0_0.png
processing: 4595542_21015_0_0.png
processing: 4595491_21016_0_0.png
processing: 4595491_21015_0_0.png
processing: 4595475_21016_1_0.png
  SKIPPING IMAGE: tot amount of vasculature (5383.2683) < quality threshold 
processing: 4595475_21015_1_0.png
  SKIPPING IMAGE: tot amount of vasculature (8364.8242) < quality threshold 
processing: 4595426_21016_1_0.png
processing: 4595426_21015_1_0.png
processing: 4595380_21016_1_0.png
processing: 4595380_21015_1_0.png
  SKIPPING IMAGE: tot amount of vasculature (8282.9035) < quality threshold 
processing: 4595218_21016_0_0.png
processing: 4595218_21015_0_0.png
  SKIPPING IMAGE: tot amount of vasculature (10517.2607) < quality threshold 
processing: 4595189_21016_1_0.png
processing: 4595189_21015_1_0.png
processing: 4595161_21016_0_0.png
processing: 4595161_21015_0_0.png
processing: 4595100_21016_0_0.png
processing: 4595100_21015_0_0.png
processing: 4595086_21015_0_0.png
processing: 4594991_21016_0_0.png
  SKIPPING IMAGE: tot amount of vasculature (9857.654) < quality threshold 
processing: 4594991_21015_0_0.png
processing: 4594969_21016_0_0.png
  SKIPPING IMAGE: tot amount of vasculature (9922.4206) < quality threshold 
processing: 4594969_21015_0_0.png
processing: 4594892_21016_1_0.png
processing: 4594892_21015_1_0.png
processing: 4594888_21016_0_0.png
processing: 4594888_21015_0_0.png
processing: 4594773_21016_0_0.png
  SKIPPING IMAGE: tot amount of vasculature (9680.2517) < quality threshold 
processing: 4594773_21015_0_0.png
processing: 4594730_21016_1_0.png
processing: 4594730_21015_1_0.png
  SKIPPING IMAGE: tot amount of vasculature (9560.9809) < quality threshold 
processing: 4594712_21016_1_0.png
  SKIPPING IMAGE: tot amount of vasculature (10191.6505) < quality threshold 
processing: 4594712_21015_1_0.png
processing: 4594705_21016_0_0.png
processing: 4594705_21015_0_0.png
processing: 4594666_21016_0_0.png
processing: 4594666_21015_0_0.png
processing: 4594599_21016_0_0.png
processing: 4594599_21015_0_0.png
processing: 4594548_21016_0_0.png
processing: 4594548_21015_0_0.png
processing: 4594501_21016_1_0.png
processing: 4594501_21015_1_0.png
processing: 4594481_21016_0_0.png
processing: 4594481_21015_0_0.png
processing: 4594463_21016_0_0.png
processing: 4594463_21015_0_0.png
processing: 4594419_21016_0_0.png
processing: 4594419_21015_0_0.png
processing: 4594268_21016_0_0.png
processing: 4594268_21015_0_0.png
processing: 4594233_21016_0_0.png
processing: 4594233_21015_0_0.png
processing: 4594216_21016_0_0.png
  SKIPPING IMAGE: tot amount of vasculature (7045.7695) < quality threshold 
processing: 4594216_21015_0_0.png
processing: 4594197_21016_0_0.png
processing: 4594197_21015_0_0.png
processing: 4594183_21016_0_0.png
processing: 4594183_21015_0_0.png
processing: 4594160_21015_0_0.png
processing: 4594152_21016_0_0.png
  SKIPPING IMAGE: tot amount of vasculature (3069.1551) < quality threshold 
processing: 4594152_21015_0_0.png
  SKIPPING IMAGE: tot amount of vasculature (9759.3494) < quality threshold 
processing: 4594145_21016_1_0.png
processing: 4594145_21015_1_0.png
  SKIPPING IMAGE: tot amount of vasculature (10888.8769) < quality threshold 
processing: 4594134_21016_0_0.png
processing: 4594134_21015_0_0.png
  SKIPPING IMAGE: tot amount of vasculature (6685.2106) < quality threshold 
processing: 4594085_21016_1_0.png
processing: 4594085_21015_1_0.png
processing: 4594039_21016_0_0.png
  SKIPPING IMAGE: tot amount of vasculature (3597.1557) < quality threshold 
processing: 4594039_21015_0_0.png
  SKIPPING IMAGE: tot amount of vasculature (2333.9616) < quality threshold 
processing: 4593994_21016_0_0.png
processing: 4593994_21015_0_0.png
processing: 4593929_21016_0_0.png
processing: 4593929_21015_0_0.png
processing: 4593746_21016_0_0.png
  SKIPPING IMAGE: tot amount of vasculature (9589.9115) < quality threshold 
processing: 4593746_21015_0_0.png
processing: 4593691_21016_0_0.png
  SKIPPING IMAGE: tot amount of vasculature (9128.5927) < quality threshold 
processing: 4593691_21015_0_0.png
  SKIPPING IMAGE: tot amount of vasculature (10142.6363) < quality threshold 
processing: 4593687_21016_0_0.png
processing: 4593687_21015_0_0.png
processing: 4593632_21016_0_0.png
processing: 4593632_21015_0_0.png
  SKIPPING IMAGE: tot amount of vasculature (10982.7564) < quality threshold 
processing: 4593626_21016_0_0.png
processing: 4593626_21015_0_0.png
  SKIPPING IMAGE: tot amount of vasculature (8954.0827) < quality threshold 
processing: 4593596_21016_0_0.png
processing: 4593596_21015_0_0.png
processing: 4593562_21016_0_0.png
processing: 4593562_21015_0_0.png
processing: 4593420_21016_0_0.png
  SKIPPING IMAGE: tot amount of vasculature (7034.1891) < quality threshold 
processing: 4593420_21015_0_0.png
  SKIPPING IMAGE: tot amount of vasculature (3814.6251) < quality threshold 
processing: 4593349_21016_0_0.png
processing: 4593349_21015_0_0.png
processing: 4593274_21016_0_0.png
  SKIPPING IMAGE: tot amount of vasculature (10500.2094) < quality threshold 
processing: 4593274_21015_0_0.png
processing: 4593225_21016_0_0.png
  SKIPPING IMAGE: tot amount of vasculature (8205.9726) < quality threshold 
processing: 4593225_21015_0_0.png
  SKIPPING IMAGE: tot amount of vasculature (2119.9969) < quality threshold 
processing: 4593106_21016_0_0.png
processing: 4593106_21015_0_0.png
processing: 4592925_21016_1_0.png
processing: 4592925_21015_1_0.png
  SKIPPING IMAGE: tot amount of vasculature (8887.8558) < quality threshold 
processing: 4592919_21016_0_0.png
processing: 4592919_21015_0_0.png
processing: 4592886_21016_0_0.png
processing: 4592886_21015_0_0.png
processing: 4592827_21016_0_0.png
processing: 4592827_21015_0_0.png
processing: 4592777_21016_0_0.png
processing: 4592777_21015_0_0.png
processing: 4592692_21016_0_0.png
processing: 4592692_21015_0_0.png
processing: 4592606_21016_0_0.png
processing: 4592606_21015_0_0.png
processing: 4592500_21016_0_0.png
processing: 4592500_21015_0_0.png
processing: 4592472_21016_0_0.png
processing: 4592472_21015_0_0.png
processing: 4592424_21016_0_0.png
processing: 4592424_21015_0_0.png
processing: 4592383_21016_1_0.png
processing: 4592383_21015_1_0.png
processing: 4592376_21016_1_0.png
  SKIPPING IMAGE: tot amount of vasculature (7667.4178) < quality threshold 
processing: 4592376_21015_1_0.png
  SKIPPING IMAGE: tot amount of vasculature (2945.8419) < quality threshold 
processing: 4592309_21016_0_0.png
processing: 4592309_21015_0_0.png
processing: 4592175_21016_0_0.png
  SKIPPING IMAGE: tot amount of vasculature (1297.5473) < quality threshold 
processing: 4592175_21015_0_0.png
  SKIPPING IMAGE: tot amount of vasculature (1261.7002) < quality threshold 
processing: 4592059_21016_0_0.png
processing: 4592059_21015_0_0.png
processing: 4592002_21016_0_0.png
  SKIPPING IMAGE: tot amount of vasculature (3171.2552) < quality threshold 
processing: 4592002_21015_0_0.png
  SKIPPING IMAGE: tot amount of vasculature (2571.3882) < quality threshold 
processing: 4591996_21016_0_0.png
processing: 4591996_21015_0_0.png
processing: 4591904_21016_0_0.png
  SKIPPING IMAGE: tot amount of vasculature (5080.9249) < quality threshold 
processing: 4591904_21015_0_0.png
  SKIPPING IMAGE: tot amount of vasculature (10025.8558) < quality threshold 
processing: 4591899_21016_1_0.png
processing: 4591899_21015_1_0.png
processing: 4591813_21016_0_0.png
processing: 4591813_21015_0_0.png
  SKIPPING IMAGE: tot amount of vasculature (8469.6348) < quality threshold 
processing: 4591801_21016_0_0.png
processing: 4591801_21015_0_0.png
processing: 4591719_21016_1_0.png
  SKIPPING IMAGE: tot amount of vasculature (8477.4552) < quality threshold 
processing: 4591719_21015_1_0.png
  SKIPPING IMAGE: tot amount of vasculature (8271.0692) < quality threshold 
processing: 4591693_21016_0_0.png
processing: 4591693_21015_0_0.png
processing: 4591514_21016_0_0.png
processing: 4591514_21015_0_0.png
  SKIPPING IMAGE: tot amount of vasculature (10463.055) < quality threshold 
processing: 4591430_21016_0_0.png
processing: 4591430_21015_0_0.png
processing: 4591412_21016_0_0.png
processing: 4591412_21015_0_0.png
processing: 4591297_21016_1_0.png
processing: 4591297_21015_1_0.png
processing: 4591245_21016_0_0.png
processing: 4591245_21015_0_0.png
  SKIPPING IMAGE: tot amount of vasculature (8936.8613) < quality threshold 
processing: 4591228_21016_0_0.png
  SKIPPING IMAGE: tot amount of vasculature (9116.167) < quality threshold 
processing: 4591228_21015_0_0.png
processing: 4591168_21016_0_0.png
processing: 4591168_21015_0_0.png
  SKIPPING IMAGE: tot amount of vasculature (4659.6448) < quality threshold 
processing: 4591075_21016_0_0.png
processing: 4591075_21015_0_0.png
processing: 4590986_21016_0_0.png
  SKIPPING IMAGE: tot amount of vasculature (5195.7051) < quality threshold 
processing: 4590986_21015_0_0.png
  SKIPPING IMAGE: tot amount of vasculature (7204.5107) < quality threshold 
processing: 4590905_21016_0_0.png
FINISHED: .mat files have been written to: /data/FAC/FBM/DBC/sbergman/retina/UKBiob/fundus/REVIEW//CLRIS/
execution time: 2122 sec
