------------------------------------------
Setting up environment variables
---
LD_LIBRARY_PATH is .:/software/Development/Languages/Matlab_Compiler_Runtime/96/runtime/glnxa64:/software/Development/Languages/Matlab_Compiler_Runtime/96/bin/glnxa64:/software/Development/Languages/Matlab_Compiler_Runtime/96/sys/os/glnxa64:/software/Development/Languages/Matlab_Compiler_Runtime/96/sys/opengl/lib/glnxa64
Running vessel measurements...
processing: 1291121_21016_0_0.png
processing: 1291121_21015_0_0.png
processing: 1291060_21016_0_0.png
processing: 1291060_21015_0_0.png
  SKIPPING IMAGE: tot amount of vasculature (10565.1913) < quality threshold 
processing: 1291028_21016_0_0.png
  SKIPPING IMAGE: tot amount of vasculature (10858.3225) < quality threshold 
processing: 1291028_21015_0_0.png
processing: 1290940_21016_0_0.png
processing: 1290940_21015_0_0.png
  SKIPPING IMAGE: tot amount of vasculature (9364.7916) < quality threshold 
processing: 1290826_21016_1_0.png
  SKIPPING IMAGE: tot amount of vasculature (3332.5465) < quality threshold 
processing: 1290826_21015_1_0.png
  SKIPPING IMAGE: tot amount of vasculature (3421.7123) < quality threshold 
processing: 1290752_21016_1_0.png
  SKIPPING IMAGE: tot amount of vasculature (6382.4949) < quality threshold 
processing: 1290752_21015_1_0.png
  SKIPPING IMAGE: tot amount of vasculature (6804.8179) < quality threshold 
processing: 1290709_21016_0_0.png
processing: 1290709_21015_0_0.png
processing: 1290656_21016_0_0.png
  SKIPPING IMAGE: tot amount of vasculature (9079.4725) < quality threshold 
processing: 1290656_21015_0_0.png
  SKIPPING IMAGE: tot amount of vasculature (9718.0636) < quality threshold 
processing: 1290625_21016_0_0.png
  SKIPPING IMAGE: tot amount of vasculature (2229.3176) < quality threshold 
processing: 1290625_21015_0_0.png
processing: 1290584_21016_0_0.png
  SKIPPING IMAGE: tot amount of vasculature (5941.2547) < quality threshold 
processing: 1290584_21015_0_0.png
  SKIPPING IMAGE: tot amount of vasculature (8669.6042) < quality threshold 
processing: 1290437_21016_1_0.png
processing: 1290437_21015_1_0.png
processing: 1290304_21016_1_0.png
processing: 1290304_21015_1_0.png
processing: 1290272_21016_0_0.png
processing: 1290272_21015_0_0.png
processing: 1290248_21016_0_0.png
processing: 1290248_21015_0_0.png
processing: 1290112_21016_0_0.png
  SKIPPING IMAGE: tot amount of vasculature (1193.3005) < quality threshold 
processing: 1290112_21015_0_0.png
  SKIPPING IMAGE: tot amount of vasculature (8648.3575) < quality threshold 
processing: 1290093_21016_0_0.png
processing: 1290093_21015_0_0.png
processing: 1289890_21016_1_0.png
  SKIPPING IMAGE: tot amount of vasculature (2387.2009) < quality threshold 
processing: 1289890_21015_1_0.png
  SKIPPING IMAGE: tot amount of vasculature (9426.9618) < quality threshold 
processing: 1289787_21016_0_0.png
processing: 1289787_21015_0_0.png
processing: 1289624_21016_0_0.png
  SKIPPING IMAGE: tot amount of vasculature (380.5272) < quality threshold 
processing: 1289624_21015_0_0.png
  SKIPPING IMAGE: tot amount of vasculature (2341.1844) < quality threshold 
processing: 1289488_21016_1_0.png
  SKIPPING IMAGE: tot amount of vasculature (10292.5799) < quality threshold 
processing: 1289488_21015_1_0.png
processing: 1289457_21016_0_0.png
processing: 1289457_21015_0_0.png
processing: 1289440_21016_0_0.png
processing: 1289440_21015_0_0.png
processing: 1289395_21016_0_0.png
  SKIPPING IMAGE: No vessels found
processing: 1289395_21015_0_0.png
  SKIPPING IMAGE: No vessels found
processing: 1289371_21016_1_0.png
processing: 1289371_21016_0_0.png
  SKIPPING IMAGE: tot amount of vasculature (7163.8652) < quality threshold 
processing: 1289371_21015_1_0.png
processing: 1289371_21015_0_0.png
  SKIPPING IMAGE: tot amount of vasculature (7958.9928) < quality threshold 
processing: 1289368_21016_1_0.png
  SKIPPING IMAGE: tot amount of vasculature (2517.8992) < quality threshold 
processing: 1289368_21015_1_0.png
  SKIPPING IMAGE: tot amount of vasculature (8291.9727) < quality threshold 
processing: 1289359_21016_0_0.png
  SKIPPING IMAGE: tot amount of vasculature (2000.9985) < quality threshold 
processing: 1289347_21016_0_0.png
  SKIPPING IMAGE: tot amount of vasculature (4651.0024) < quality threshold 
processing: 1289347_21015_0_0.png
  SKIPPING IMAGE: tot amount of vasculature (2995.1887) < quality threshold 
processing: 1289235_21016_0_0.png
processing: 1289235_21015_0_0.png
processing: 1289217_21016_0_0.png
processing: 1289217_21015_0_0.png
processing: 1289076_21016_0_0.png
processing: 1289076_21015_0_0.png
processing: 1288715_21016_0_0.png
processing: 1288715_21015_0_0.png
processing: 1288685_21016_1_0.png
processing: 1288685_21015_1_0.png
processing: 1288591_21016_0_0.png
  SKIPPING IMAGE: tot amount of vasculature (9552.957) < quality threshold 
processing: 1288591_21015_0_0.png
  SKIPPING IMAGE: tot amount of vasculature (7065.8658) < quality threshold 
processing: 1288587_21016_0_0.png
  SKIPPING IMAGE: tot amount of vasculature (6845.1571) < quality threshold 
processing: 1288587_21015_0_0.png
  SKIPPING IMAGE: tot amount of vasculature (2154.2554) < quality threshold 
processing: 1288510_21016_0_0.png
processing: 1288510_21015_0_0.png
processing: 1288452_21016_0_0.png
processing: 1288452_21015_0_0.png
processing: 1288434_21016_0_0.png
processing: 1288434_21015_0_0.png
processing: 1288428_21016_0_0.png
processing: 1288428_21015_0_0.png
  SKIPPING IMAGE: tot amount of vasculature (9868.3351) < quality threshold 
processing: 1288356_21016_0_0.png
  SKIPPING IMAGE: tot amount of vasculature (5739.3972) < quality threshold 
processing: 1288356_21015_0_0.png
  SKIPPING IMAGE: tot amount of vasculature (3755.5954) < quality threshold 
processing: 1288319_21016_0_0.png
processing: 1288319_21015_0_0.png
  SKIPPING IMAGE: tot amount of vasculature (10887.1593) < quality threshold 
processing: 1288307_21016_1_0.png
processing: 1288307_21015_1_0.png
processing: 1288273_21016_0_0.png
processing: 1288273_21015_0_0.png
processing: 1288249_21016_0_0.png
processing: 1288249_21015_0_0.png
processing: 1288124_21016_0_0.png
processing: 1288124_21015_0_0.png
processing: 1288113_21016_0_0.png
processing: 1288113_21015_0_0.png
processing: 1288040_21016_0_0.png
  SKIPPING IMAGE: tot amount of vasculature (9793.2297) < quality threshold 
processing: 1288040_21015_0_0.png
  SKIPPING IMAGE: tot amount of vasculature (8137.7142) < quality threshold 
processing: 1288014_21016_0_0.png
  SKIPPING IMAGE: tot amount of vasculature (564.907) < quality threshold 
processing: 1287809_21016_0_0.png
  SKIPPING IMAGE: tot amount of vasculature (2303.4076) < quality threshold 
processing: 1287809_21015_0_0.png
  SKIPPING IMAGE: tot amount of vasculature (1250.5244) < quality threshold 
processing: 1287632_21016_0_0.png
processing: 1287632_21015_0_0.png
processing: 1287521_21016_0_0.png
processing: 1287521_21015_0_0.png
processing: 1287504_21016_0_0.png
  SKIPPING IMAGE: tot amount of vasculature (3049.9997) < quality threshold 
processing: 1287504_21015_0_0.png
  SKIPPING IMAGE: tot amount of vasculature (4056.0231) < quality threshold 
processing: 1287420_21016_0_0.png
  SKIPPING IMAGE: tot amount of vasculature (10346.9455) < quality threshold 
processing: 1287420_21015_0_0.png
processing: 1287398_21016_1_0.png
processing: 1287398_21015_1_0.png
processing: 1287256_21016_1_0.png
processing: 1287256_21015_1_0.png
processing: 1287123_21016_0_0.png
processing: 1287123_21015_0_0.png
processing: 1287055_21016_0_0.png
processing: 1287055_21015_0_0.png
processing: 1287024_21016_1_0.png
processing: 1287024_21015_1_0.png
processing: 1286976_21016_0_0.png
processing: 1286976_21015_0_0.png
processing: 1286960_21016_0_0.png
processing: 1286960_21015_0_0.png
  SKIPPING IMAGE: tot amount of vasculature (10077.1379) < quality threshold 
processing: 1286882_21016_0_0.png
processing: 1286882_21015_0_0.png
processing: 1286837_21016_1_0.png
  SKIPPING IMAGE: tot amount of vasculature (7289.2684) < quality threshold 
processing: 1286837_21015_1_0.png
  SKIPPING IMAGE: tot amount of vasculature (3444.382) < quality threshold 
processing: 1286714_21016_0_0.png
  SKIPPING IMAGE: tot amount of vasculature (4732.9357) < quality threshold 
processing: 1286714_21015_0_0.png
  SKIPPING IMAGE: tot amount of vasculature (3554.6005) < quality threshold 
processing: 1286671_21016_0_0.png
processing: 1286671_21015_0_0.png
processing: 1286647_21016_0_0.png
processing: 1286647_21015_0_0.png
processing: 1286574_21016_0_0.png
processing: 1286574_21015_0_0.png
processing: 1286372_21016_0_0.png
  SKIPPING IMAGE: tot amount of vasculature (973.9048) < quality threshold 
processing: 1286372_21015_0_0.png
  SKIPPING IMAGE: tot amount of vasculature (990.1818) < quality threshold 
processing: 1286336_21016_0_0.png
processing: 1286336_21015_0_0.png
processing: 1286243_21016_0_0.png
processing: 1286243_21015_0_0.png
processing: 1286154_21016_0_0.png
  SKIPPING IMAGE: tot amount of vasculature (5439.7541) < quality threshold 
processing: 1286154_21015_0_0.png
  SKIPPING IMAGE: tot amount of vasculature (4655.8146) < quality threshold 
processing: 1286135_21016_0_0.png
  SKIPPING IMAGE: tot amount of vasculature (10006.689) < quality threshold 
processing: 1286135_21015_0_0.png
  SKIPPING IMAGE: tot amount of vasculature (9328.706) < quality threshold 
processing: 1286064_21016_0_0.png
processing: 1286064_21015_0_0.png
processing: 1286030_21016_1_0.png
processing: 1286030_21015_1_0.png
processing: 1285991_21016_0_0.png
  SKIPPING IMAGE: tot amount of vasculature (6598.2093) < quality threshold 
processing: 1285991_21015_0_0.png
processing: 1285903_21016_0_0.png
  SKIPPING IMAGE: tot amount of vasculature (7274.5955) < quality threshold 
processing: 1285903_21015_0_0.png
  SKIPPING IMAGE: tot amount of vasculature (6645.9839) < quality threshold 
processing: 1285857_21016_0_0.png
  SKIPPING IMAGE: tot amount of vasculature (5533.304) < quality threshold 
processing: 1285857_21015_0_0.png
  SKIPPING IMAGE: tot amount of vasculature (1200.6944) < quality threshold 
processing: 1285831_21016_0_0.png
  SKIPPING IMAGE: tot amount of vasculature (5489.1325) < quality threshold 
processing: 1285831_21015_0_0.png
  SKIPPING IMAGE: No vessels found
processing: 1285751_21016_0_0.png
  SKIPPING IMAGE: tot amount of vasculature (10060.8716) < quality threshold 
processing: 1285751_21015_0_0.png
processing: 1285730_21016_1_0.png
  SKIPPING IMAGE: tot amount of vasculature (217.8107) < quality threshold 
processing: 1285730_21015_1_0.png
  SKIPPING IMAGE: tot amount of vasculature (5567.5397) < quality threshold 
processing: 1285712_21016_0_0.png
processing: 1285712_21015_0_0.png
processing: 1285641_21016_1_0.png
  SKIPPING IMAGE: tot amount of vasculature (267.1412) < quality threshold 
processing: 1285641_21015_1_0.png
  SKIPPING IMAGE: tot amount of vasculature (808.4488) < quality threshold 
processing: 1285615_21016_0_1.png
  SKIPPING IMAGE: tot amount of vasculature (9600.6724) < quality threshold 
processing: 1285615_21016_0_0.png
  SKIPPING IMAGE: tot amount of vasculature (7714.7842) < quality threshold 
processing: 1285615_21015_0_0.png
  SKIPPING IMAGE: tot amount of vasculature (8095.7734) < quality threshold 
processing: 1285599_21016_0_0.png
processing: 1285599_21015_0_0.png
processing: 1285513_21016_0_0.png
processing: 1285513_21015_0_0.png
processing: 1285456_21016_0_0.png
processing: 1285456_21015_0_0.png
processing: 1285425_21016_0_0.png
processing: 1285425_21015_0_0.png
processing: 1285407_21016_1_0.png
processing: 1285407_21015_1_0.png
processing: 1285346_21016_1_0.png
  SKIPPING IMAGE: tot amount of vasculature (9815.9864) < quality threshold 
processing: 1285346_21015_1_0.png
processing: 1285317_21016_1_0.png
processing: 1285317_21015_1_0.png
processing: 1285300_21016_0_0.png
processing: 1285300_21015_0_0.png
processing: 1285247_21016_0_0.png
processing: 1285247_21015_0_0.png
  SKIPPING IMAGE: tot amount of vasculature (10887.5246) < quality threshold 
processing: 1285233_21016_1_0.png
processing: 1285233_21015_1_0.png
processing: 1285202_21016_0_0.png
  SKIPPING IMAGE: tot amount of vasculature (1003.4733) < quality threshold 
processing: 1285202_21015_0_0.png
  SKIPPING IMAGE: tot amount of vasculature (4236.0775) < quality threshold 
processing: 1285134_21016_1_0.png
processing: 1285134_21015_1_0.png
processing: 1285043_21016_0_0.png
processing: 1285043_21015_0_0.png
processing: 1285018_21016_0_0.png
processing: 1285018_21015_0_0.png
processing: 1284974_21016_0_0.png
  SKIPPING IMAGE: tot amount of vasculature (1090.932) < quality threshold 
processing: 1284974_21015_0_0.png
  SKIPPING IMAGE: tot amount of vasculature (7111.4226) < quality threshold 
processing: 1284942_21016_0_0.png
processing: 1284942_21015_0_0.png
processing: 1284812_21016_0_0.png
  SKIPPING IMAGE: tot amount of vasculature (9289.3825) < quality threshold 
processing: 1284812_21015_0_0.png
  SKIPPING IMAGE: tot amount of vasculature (8185.0203) < quality threshold 
processing: 1284721_21016_0_0.png
  SKIPPING IMAGE: tot amount of vasculature (4493.8128) < quality threshold 
processing: 1284721_21015_0_0.png
  SKIPPING IMAGE: tot amount of vasculature (4473.6968) < quality threshold 
processing: 1284704_21016_0_0.png
processing: 1284704_21015_0_0.png
processing: 1284657_21016_1_0.png
  SKIPPING IMAGE: tot amount of vasculature (5242.173) < quality threshold 
processing: 1284657_21015_1_0.png
  SKIPPING IMAGE: tot amount of vasculature (1837.3181) < quality threshold 
processing: 1284614_21016_0_0.png
  SKIPPING IMAGE: tot amount of vasculature (5942.6219) < quality threshold 
processing: 1284614_21015_0_0.png
  SKIPPING IMAGE: tot amount of vasculature (9549.7654) < quality threshold 
processing: 1284578_21016_1_0.png
  SKIPPING IMAGE: tot amount of vasculature (31.1667) < quality threshold 
processing: 1284578_21015_1_0.png
  SKIPPING IMAGE: tot amount of vasculature (5553.5769) < quality threshold 
processing: 1284448_21016_0_0.png
processing: 1284448_21015_0_0.png
processing: 1284436_21016_1_0.png
processing: 1284436_21016_0_0.png
processing: 1284436_21015_1_0.png
processing: 1284436_21015_0_0.png
processing: 1284352_21016_0_0.png
processing: 1284352_21015_0_0.png
processing: 1284328_21016_1_0.png
processing: 1284328_21015_1_0.png
processing: 1284158_21016_0_0.png
processing: 1284158_21015_0_0.png
processing: 1284103_21016_0_0.png
processing: 1284103_21015_0_0.png
processing: 1284095_21016_0_0.png
  SKIPPING IMAGE: tot amount of vasculature (4883.0598) < quality threshold 
processing: 1284095_21015_0_0.png
  SKIPPING IMAGE: tot amount of vasculature (5496.6101) < quality threshold 
processing: 1284068_21016_0_0.png
processing: 1284068_21015_0_0.png
processing: 1284020_21016_1_0.png
processing: 1284020_21015_1_0.png
processing: 1283957_21016_0_0.png
processing: 1283957_21015_0_0.png
processing: 1283891_21016_0_0.png
processing: 1283891_21015_0_0.png
processing: 1283826_21016_1_0.png
processing: 1283826_21015_1_0.png
  SKIPPING IMAGE: tot amount of vasculature (9367.0877) < quality threshold 
processing: 1283810_21016_0_0.png
processing: 1283810_21015_0_0.png
  SKIPPING IMAGE: tot amount of vasculature (5284.4429) < quality threshold 
processing: 1283803_21016_0_0.png
processing: 1283803_21015_0_0.png
processing: 1283797_21016_0_0.png
processing: 1283797_21015_0_0.png
processing: 1283711_21016_0_0.png
processing: 1283711_21015_0_0.png
processing: 1283595_21016_0_0.png
  SKIPPING IMAGE: tot amount of vasculature (143.345) < quality threshold 
processing: 1283502_21016_0_0.png
processing: 1283502_21015_0_0.png
  SKIPPING IMAGE: tot amount of vasculature (8171.7984) < quality threshold 
processing: 1283494_21016_1_0.png
  SKIPPING IMAGE: tot amount of vasculature (1768.255) < quality threshold 
processing: 1283494_21015_1_0.png
  SKIPPING IMAGE: tot amount of vasculature (6823.064) < quality threshold 
processing: 1283482_21016_1_0.png
  SKIPPING IMAGE: tot amount of vasculature (5932.6107) < quality threshold 
processing: 1283415_21016_0_0.png
  SKIPPING IMAGE: tot amount of vasculature (176.7714) < quality threshold 
processing: 1283415_21015_0_0.png
  SKIPPING IMAGE: tot amount of vasculature (1226.4789) < quality threshold 
processing: 1283408_21016_0_0.png
processing: 1283408_21015_0_0.png
processing: 1283396_21016_0_0.png
processing: 1283396_21015_0_0.png
processing: 1283385_21016_0_0.png
  SKIPPING IMAGE: tot amount of vasculature (10555.96) < quality threshold 
processing: 1283385_21015_0_0.png
  SKIPPING IMAGE: tot amount of vasculature (4985.7988) < quality threshold 
processing: 1283321_21016_0_0.png
processing: 1283321_21015_0_0.png
processing: 1283304_21016_1_0.png
processing: 1283304_21015_1_0.png
processing: 1283224_21016_0_0.png
processing: 1283224_21015_0_0.png
processing: 1283164_21016_0_0.png
processing: 1283164_21015_0_0.png
processing: 1283105_21016_0_0.png
processing: 1283105_21015_0_0.png
processing: 1282913_21016_0_0.png
  SKIPPING IMAGE: tot amount of vasculature (10618.9347) < quality threshold 
processing: 1282913_21015_0_0.png
processing: 1282747_21016_0_0.png
processing: 1282747_21015_0_0.png
  SKIPPING IMAGE: tot amount of vasculature (4205.5319) < quality threshold 
processing: 1282702_21016_0_0.png
processing: 1282702_21015_0_1.png
  SKIPPING IMAGE: tot amount of vasculature (9047.6145) < quality threshold 
processing: 1282702_21015_0_0.png
  SKIPPING IMAGE: tot amount of vasculature (10792.9698) < quality threshold 
processing: 1282612_21016_0_0.png
  SKIPPING IMAGE: tot amount of vasculature (6936.5504) < quality threshold 
processing: 1282545_21016_0_0.png
processing: 1282545_21015_0_0.png
processing: 1282509_21016_1_0.png
processing: 1282509_21015_1_0.png
processing: 1282391_21016_0_0.png
processing: 1282391_21015_0_0.png
processing: 1282332_21016_1_0.png
processing: 1282332_21015_1_0.png
processing: 1282326_21016_1_0.png
processing: 1282326_21016_0_0.png
processing: 1282326_21015_1_0.png
processing: 1282326_21015_0_0.png
processing: 1282288_21015_1_0.png
processing: 1282265_21016_1_0.png
processing: 1282265_21015_1_0.png
processing: 1282231_21016_0_0.png
processing: 1282231_21015_0_0.png
processing: 1282163_21016_0_0.png
processing: 1282163_21015_0_0.png
processing: 1282082_21016_0_0.png
processing: 1282082_21015_0_0.png
processing: 1282066_21016_0_0.png
  SKIPPING IMAGE: tot amount of vasculature (8012.5449) < quality threshold 
processing: 1282066_21015_0_0.png
  SKIPPING IMAGE: tot amount of vasculature (641.9128) < quality threshold 
processing: 1282041_21016_0_0.png
processing: 1282041_21015_0_0.png
processing: 1281995_21016_0_0.png
processing: 1281995_21015_0_0.png
FINISHED: .mat files have been written to: /data/FAC/FBM/DBC/sbergman/retina/UKBiob/fundus/REVIEW//CLRIS/
execution time: 2542 sec
