------------------------------------------
Setting up environment variables
---
LD_LIBRARY_PATH is .:/software/Development/Languages/Matlab_Compiler_Runtime/96/runtime/glnxa64:/software/Development/Languages/Matlab_Compiler_Runtime/96/bin/glnxa64:/software/Development/Languages/Matlab_Compiler_Runtime/96/sys/os/glnxa64:/software/Development/Languages/Matlab_Compiler_Runtime/96/sys/opengl/lib/glnxa64
Running vessel measurements...
processing: 1230791_21016_0_0.png
processing: 1230791_21015_0_0.png
processing: 1230732_21016_0_0.png
processing: 1230732_21015_0_0.png
processing: 1230699_21016_1_0.png
processing: 1230699_21016_0_0.png
processing: 1230699_21015_1_0.png
processing: 1230699_21015_0_0.png
processing: 1230672_21016_1_0.png
  SKIPPING IMAGE: tot amount of vasculature (5612.7394) < quality threshold 
processing: 1230672_21015_1_0.png
processing: 1230636_21016_0_0.png
processing: 1230636_21015_0_0.png
processing: 1230613_21016_1_0.png
  SKIPPING IMAGE: tot amount of vasculature (3313.8348) < quality threshold 
processing: 1230613_21015_1_0.png
  SKIPPING IMAGE: tot amount of vasculature (10268.7107) < quality threshold 
processing: 1230601_21016_0_0.png
processing: 1230601_21015_0_0.png
  SKIPPING IMAGE: tot amount of vasculature (9896.7619) < quality threshold 
processing: 1230537_21016_1_0.png
  SKIPPING IMAGE: tot amount of vasculature (10007.8208) < quality threshold 
processing: 1230537_21015_1_0.png
  SKIPPING IMAGE: tot amount of vasculature (8929.3031) < quality threshold 
processing: 1230384_21016_0_0.png
processing: 1230384_21015_0_0.png
  SKIPPING IMAGE: tot amount of vasculature (8596.4663) < quality threshold 
processing: 1230320_21016_0_0.png
  SKIPPING IMAGE: tot amount of vasculature (10780.9012) < quality threshold 
processing: 1230320_21015_0_0.png
  SKIPPING IMAGE: tot amount of vasculature (7774.7212) < quality threshold 
processing: 1230293_21016_0_0.png
processing: 1230293_21015_0_0.png
processing: 1230162_21016_0_0.png
  SKIPPING IMAGE: tot amount of vasculature (2161.2978) < quality threshold 
processing: 1230162_21015_0_0.png
  SKIPPING IMAGE: tot amount of vasculature (2419.8265) < quality threshold 
processing: 1229985_21016_0_0.png
processing: 1229985_21015_0_0.png
processing: 1229943_21016_1_0.png
  SKIPPING IMAGE: tot amount of vasculature (2472.784) < quality threshold 
processing: 1229943_21015_1_0.png
  SKIPPING IMAGE: tot amount of vasculature (4313.799) < quality threshold 
processing: 1229904_21016_1_0.png
  SKIPPING IMAGE: tot amount of vasculature (7690.9398) < quality threshold 
processing: 1229904_21015_1_0.png
processing: 1229848_21016_0_0.png
processing: 1229848_21015_0_0.png
processing: 1229813_21016_0_0.png
processing: 1229813_21015_0_0.png
  SKIPPING IMAGE: tot amount of vasculature (2365.5879) < quality threshold 
processing: 1229738_21016_0_0.png
processing: 1229738_21015_0_0.png
processing: 1229719_21016_0_0.png
processing: 1229719_21015_0_0.png
  SKIPPING IMAGE: tot amount of vasculature (349.7718) < quality threshold 
processing: 1229689_21016_0_0.png
processing: 1229689_21015_0_0.png
processing: 1229635_21016_0_0.png
processing: 1229635_21015_0_0.png
processing: 1229617_21016_1_0.png
  SKIPPING IMAGE: tot amount of vasculature (8905.701) < quality threshold 
processing: 1229617_21015_1_0.png
processing: 1229600_21016_1_0.png
processing: 1229600_21015_1_0.png
processing: 1229588_21016_0_0.png
  SKIPPING IMAGE: tot amount of vasculature (252.5156) < quality threshold 
processing: 1229588_21015_0_0.png
  SKIPPING IMAGE: tot amount of vasculature (1517.8656) < quality threshold 
processing: 1229531_21016_0_0.png
processing: 1229531_21015_0_0.png
processing: 1229464_21016_0_0.png
  SKIPPING IMAGE: tot amount of vasculature (4440.1206) < quality threshold 
processing: 1229464_21015_0_0.png
processing: 1229366_21016_0_0.png
processing: 1229366_21015_0_0.png
  SKIPPING IMAGE: tot amount of vasculature (10503.0531) < quality threshold 
processing: 1229329_21016_1_0.png
  SKIPPING IMAGE: tot amount of vasculature (398.1004) < quality threshold 
processing: 1229329_21015_1_0.png
  SKIPPING IMAGE: tot amount of vasculature (5825.7368) < quality threshold 
processing: 1229297_21016_1_0.png
  SKIPPING IMAGE: tot amount of vasculature (165.7344) < quality threshold 
processing: 1229297_21015_1_0.png
  SKIPPING IMAGE: tot amount of vasculature (912.5336) < quality threshold 
processing: 1229283_21016_0_0.png
processing: 1229283_21015_0_0.png
processing: 1229252_21016_0_0.png
processing: 1229252_21015_0_0.png
processing: 1229234_21016_0_0.png
processing: 1229234_21015_0_0.png
  SKIPPING IMAGE: tot amount of vasculature (7401.4062) < quality threshold 
processing: 1229211_21016_1_0.png
  SKIPPING IMAGE: tot amount of vasculature (6031.7634) < quality threshold 
processing: 1229211_21015_1_0.png
  SKIPPING IMAGE: tot amount of vasculature (7109.4467) < quality threshold 
processing: 1229195_21016_0_0.png
processing: 1229195_21015_0_0.png
processing: 1229171_21016_0_0.png
processing: 1229171_21015_0_0.png
processing: 1229159_21016_1_0.png
processing: 1229159_21015_1_0.png
processing: 1229116_21016_0_0.png
processing: 1229116_21015_0_0.png
processing: 1229044_21016_0_0.png
  SKIPPING IMAGE: tot amount of vasculature (316.883) < quality threshold 
processing: 1229044_21015_0_0.png
  SKIPPING IMAGE: tot amount of vasculature (1549.2961) < quality threshold 
processing: 1228952_21016_0_0.png
processing: 1228952_21015_0_0.png
processing: 1228866_21016_0_0.png
processing: 1228866_21015_0_0.png
processing: 1228723_21016_0_0.png
processing: 1228723_21015_0_0.png
processing: 1228714_21016_1_0.png
processing: 1228714_21015_1_0.png
processing: 1228633_21016_0_0.png
processing: 1228633_21015_0_0.png
  SKIPPING IMAGE: tot amount of vasculature (8385.4734) < quality threshold 
processing: 1228620_21016_1_0.png
  SKIPPING IMAGE: tot amount of vasculature (10059.3512) < quality threshold 
processing: 1228620_21015_1_0.png
  SKIPPING IMAGE: tot amount of vasculature (5007.392) < quality threshold 
processing: 1228616_21016_1_0.png
processing: 1228616_21016_0_0.png
processing: 1228616_21015_1_0.png
processing: 1228616_21015_0_0.png
processing: 1228556_21016_0_0.png
  SKIPPING IMAGE: tot amount of vasculature (551.9799) < quality threshold 
processing: 1228556_21015_0_1.png
  SKIPPING IMAGE: tot amount of vasculature (55.7396) < quality threshold 
processing: 1228556_21015_0_0.png
  SKIPPING IMAGE: tot amount of vasculature (7.6819) < quality threshold 
processing: 1228507_21016_0_0.png
processing: 1228507_21015_0_0.png
processing: 1228458_21016_0_0.png
processing: 1228458_21015_0_0.png
processing: 1228432_21016_1_0.png
processing: 1228432_21015_1_0.png
processing: 1228403_21016_0_0.png
processing: 1228403_21015_0_0.png
  SKIPPING IMAGE: tot amount of vasculature (10563.6304) < quality threshold 
processing: 1228399_21016_0_0.png
processing: 1228399_21015_0_0.png
processing: 1228367_21016_0_0.png
processing: 1228367_21015_0_0.png
processing: 1228301_21016_0_0.png
processing: 1228301_21015_0_0.png
processing: 1228262_21016_0_0.png
processing: 1228262_21015_0_0.png
processing: 1228204_21016_0_0.png
processing: 1228204_21015_0_0.png
processing: 1228178_21016_0_0.png
processing: 1228178_21015_0_0.png
processing: 1228005_21016_0_0.png
processing: 1228005_21015_0_0.png
processing: 1227992_21016_0_0.png
processing: 1227992_21015_0_0.png
processing: 1227858_21016_0_0.png
processing: 1227858_21015_0_0.png
processing: 1227844_21016_0_0.png
processing: 1227844_21015_0_0.png
processing: 1227711_21016_1_1.png
  SKIPPING IMAGE: tot amount of vasculature (5084.4469) < quality threshold 
processing: 1227711_21016_1_0.png
  SKIPPING IMAGE: tot amount of vasculature (6845.5222) < quality threshold 
processing: 1227711_21015_1_0.png
  SKIPPING IMAGE: tot amount of vasculature (8549.8672) < quality threshold 
processing: 1227690_21016_0_0.png
processing: 1227690_21015_0_0.png
processing: 1227642_21016_0_0.png
processing: 1227642_21015_0_0.png
processing: 1227638_21016_0_0.png
processing: 1227638_21015_0_0.png
processing: 1227571_21016_0_0.png
processing: 1227571_21015_0_0.png
processing: 1227415_21016_0_0.png
processing: 1227415_21015_0_0.png
processing: 1227362_21016_0_0.png
processing: 1227362_21015_0_0.png
processing: 1227343_21016_0_0.png
processing: 1227343_21015_0_0.png
processing: 1227299_21016_0_0.png
processing: 1227299_21015_0_0.png
processing: 1227280_21016_0_0.png
processing: 1227280_21015_0_0.png
processing: 1227236_21016_0_0.png
processing: 1227236_21015_0_0.png
processing: 1227130_21016_1_0.png
processing: 1227130_21015_1_0.png
processing: 1227127_21016_0_0.png
processing: 1227127_21015_0_0.png
processing: 1226926_21016_0_0.png
processing: 1226926_21015_0_0.png
processing: 1226823_21016_1_0.png
processing: 1226823_21015_1_0.png
  SKIPPING IMAGE: tot amount of vasculature (4676.1352) < quality threshold 
processing: 1226786_21016_1_0.png
  SKIPPING IMAGE: tot amount of vasculature (10842.9105) < quality threshold 
processing: 1226786_21016_0_0.png
processing: 1226786_21015_1_0.png
  SKIPPING IMAGE: tot amount of vasculature (10475.8909) < quality threshold 
processing: 1226786_21015_0_0.png
processing: 1226727_21016_0_0.png
processing: 1226727_21015_0_0.png
processing: 1226694_21016_1_0.png
processing: 1226694_21015_1_0.png
processing: 1226670_21016_0_0.png
  SKIPPING IMAGE: tot amount of vasculature (5068.5282) < quality threshold 
processing: 1226670_21015_0_0.png
  SKIPPING IMAGE: tot amount of vasculature (6710.4964) < quality threshold 
processing: 1226615_21016_0_0.png
processing: 1226615_21015_0_0.png
processing: 1226580_21016_0_0.png
  SKIPPING IMAGE: tot amount of vasculature (10611.1652) < quality threshold 
processing: 1226580_21015_0_0.png
  SKIPPING IMAGE: tot amount of vasculature (10410.0731) < quality threshold 
processing: 1226378_21016_1_0.png
processing: 1226378_21016_0_0.png
processing: 1226378_21015_1_0.png
processing: 1226378_21015_0_0.png
processing: 1226268_21016_1_0.png
  SKIPPING IMAGE: tot amount of vasculature (23.8652) < quality threshold 
processing: 1226268_21015_1_0.png
  SKIPPING IMAGE: tot amount of vasculature (3153.5845) < quality threshold 
processing: 1226152_21016_0_0.png
processing: 1226152_21015_0_0.png
processing: 1225981_21016_0_0.png
  SKIPPING IMAGE: tot amount of vasculature (254.9273) < quality threshold 
processing: 1225981_21015_0_0.png
  SKIPPING IMAGE: tot amount of vasculature (2890.7502) < quality threshold 
processing: 1225963_21016_0_0.png
processing: 1225963_21015_0_0.png
processing: 1225898_21016_0_0.png
  SKIPPING IMAGE: tot amount of vasculature (8800.1087) < quality threshold 
processing: 1225898_21015_0_0.png
  SKIPPING IMAGE: tot amount of vasculature (7133.7939) < quality threshold 
processing: 1225851_21016_0_0.png
processing: 1225851_21015_0_0.png
processing: 1225704_21016_0_0.png
processing: 1225704_21015_0_0.png
processing: 1225614_21016_0_0.png
  SKIPPING IMAGE: tot amount of vasculature (10497.605) < quality threshold 
processing: 1225614_21015_0_0.png
processing: 1225589_21016_0_0.png
processing: 1225589_21015_0_0.png
processing: 1225578_21016_0_0.png
processing: 1225578_21015_0_0.png
processing: 1225554_21016_0_0.png
  SKIPPING IMAGE: tot amount of vasculature (9634.5316) < quality threshold 
processing: 1225554_21015_0_0.png
  SKIPPING IMAGE: tot amount of vasculature (9947.4038) < quality threshold 
processing: 1225334_21016_0_0.png
processing: 1225334_21015_0_0.png
processing: 1225103_21016_0_0.png
processing: 1225103_21015_0_0.png
processing: 1225002_21016_1_0.png
  SKIPPING IMAGE: tot amount of vasculature (2927.639) < quality threshold 
processing: 1225002_21015_1_0.png
  SKIPPING IMAGE: tot amount of vasculature (1234.76) < quality threshold 
processing: 1224948_21016_0_0.png
processing: 1224948_21015_0_0.png
processing: 1224850_21015_0_0.png
  SKIPPING IMAGE: tot amount of vasculature (3812.1063) < quality threshold 
processing: 1224804_21016_0_0.png
processing: 1224804_21015_0_0.png
processing: 1224771_21016_0_0.png
processing: 1224771_21015_0_0.png
processing: 1224747_21016_0_0.png
  SKIPPING IMAGE: tot amount of vasculature (3917.8317) < quality threshold 
processing: 1224747_21015_0_0.png
  SKIPPING IMAGE: tot amount of vasculature (2453.0343) < quality threshold 
processing: 1224649_21016_1_0.png
processing: 1224649_21016_0_0.png
processing: 1224649_21015_1_0.png
processing: 1224649_21015_0_0.png
processing: 1224545_21016_0_0.png
  SKIPPING IMAGE: tot amount of vasculature (8366.0414) < quality threshold 
processing: 1224545_21015_0_0.png
  SKIPPING IMAGE: tot amount of vasculature (4691.1351) < quality threshold 
processing: 1224528_21016_0_0.png
processing: 1224528_21015_0_0.png
  SKIPPING IMAGE: tot amount of vasculature (10707.2417) < quality threshold 
processing: 1224387_21016_0_0.png
processing: 1224387_21015_0_0.png
processing: 1224358_21016_0_0.png
processing: 1224358_21015_0_0.png
processing: 1224303_21016_0_0.png
processing: 1224303_21015_0_0.png
processing: 1224223_21016_1_0.png
  SKIPPING IMAGE: tot amount of vasculature (7493.5479) < quality threshold 
processing: 1224223_21015_1_0.png
  SKIPPING IMAGE: tot amount of vasculature (6468.419) < quality threshold 
processing: 1224190_21016_0_0.png
processing: 1224190_21015_0_0.png
processing: 1224138_21016_1_0.png
  SKIPPING IMAGE: tot amount of vasculature (3906.9706) < quality threshold 
processing: 1224138_21015_1_0.png
  SKIPPING IMAGE: tot amount of vasculature (7608.9075) < quality threshold 
processing: 1224094_21016_0_0.png
processing: 1224094_21015_0_0.png
processing: 1224082_21016_0_0.png
processing: 1224082_21015_0_0.png
processing: 1224070_21016_0_0.png
processing: 1224070_21015_0_0.png
processing: 1223998_21016_0_0.png
  SKIPPING IMAGE: tot amount of vasculature (6544.3448) < quality threshold 
processing: 1223998_21015_0_0.png
  SKIPPING IMAGE: tot amount of vasculature (6707.4336) < quality threshold 
processing: 1223927_21016_0_0.png
processing: 1223927_21015_0_0.png
processing: 1223905_21016_0_0.png
processing: 1223905_21015_0_0.png
processing: 1223856_21016_0_0.png
  SKIPPING IMAGE: tot amount of vasculature (7089.6705) < quality threshold 
processing: 1223856_21015_0_0.png
  SKIPPING IMAGE: tot amount of vasculature (6381.2867) < quality threshold 
processing: 1223819_21016_0_0.png
processing: 1223819_21015_0_0.png
processing: 1223726_21016_0_0.png
processing: 1223726_21015_0_0.png
  SKIPPING IMAGE: tot amount of vasculature (9144.4867) < quality threshold 
processing: 1223636_21016_0_0.png
  SKIPPING IMAGE: tot amount of vasculature (10411.0652) < quality threshold 
processing: 1223636_21015_0_0.png
  SKIPPING IMAGE: tot amount of vasculature (9357.0734) < quality threshold 
processing: 1223537_21016_0_0.png
processing: 1223537_21015_0_0.png
processing: 1223515_21016_0_0.png
processing: 1223515_21015_0_0.png
processing: 1223488_21016_0_0.png
  SKIPPING IMAGE: tot amount of vasculature (2018.6775) < quality threshold 
processing: 1223488_21015_0_0.png
  SKIPPING IMAGE: tot amount of vasculature (6174.1103) < quality threshold 
processing: 1223465_21016_0_0.png
  SKIPPING IMAGE: tot amount of vasculature (8807.9728) < quality threshold 
processing: 1223465_21015_0_0.png
  SKIPPING IMAGE: tot amount of vasculature (5021.9404) < quality threshold 
processing: 1223395_21016_0_0.png
  SKIPPING IMAGE: tot amount of vasculature (4582.947) < quality threshold 
processing: 1223395_21015_0_0.png
  SKIPPING IMAGE: tot amount of vasculature (10895.5499) < quality threshold 
processing: 1223320_21016_0_0.png
  SKIPPING IMAGE: tot amount of vasculature (3706.6054) < quality threshold 
processing: 1223320_21015_0_0.png
  SKIPPING IMAGE: tot amount of vasculature (5304.9469) < quality threshold 
processing: 1223097_21016_0_0.png
processing: 1223097_21015_0_0.png
processing: 1223076_21016_1_0.png
processing: 1223076_21015_1_0.png
processing: 1223060_21016_0_0.png
  SKIPPING IMAGE: tot amount of vasculature (2201.1851) < quality threshold 
processing: 1223060_21015_0_0.png
  SKIPPING IMAGE: tot amount of vasculature (1225.5844) < quality threshold 
processing: 1222900_21016_0_0.png
processing: 1222900_21015_0_0.png
processing: 1222859_21016_0_0.png
  SKIPPING IMAGE: No vessels found
processing: 1222859_21015_0_0.png
  SKIPPING IMAGE: No vessels found
processing: 1222820_21016_0_0.png
processing: 1222820_21015_0_0.png
processing: 1222816_21016_0_0.png
processing: 1222816_21015_0_0.png
  SKIPPING IMAGE: tot amount of vasculature (10798.5668) < quality threshold 
processing: 1222715_21016_0_0.png
processing: 1222715_21015_0_0.png
processing: 1222639_21016_0_0.png
processing: 1222639_21015_0_0.png
  SKIPPING IMAGE: tot amount of vasculature (7590.5075) < quality threshold 
processing: 1222558_21016_0_0.png
processing: 1222558_21015_0_0.png
processing: 1222503_21016_0_0.png
processing: 1222503_21015_0_0.png
processing: 1222338_21016_0_0.png
processing: 1222338_21015_0_0.png
processing: 1222286_21016_0_0.png
processing: 1222286_21015_0_0.png
processing: 1222155_21016_1_0.png
  SKIPPING IMAGE: tot amount of vasculature (10345.3374) < quality threshold 
processing: 1222155_21015_1_0.png
  SKIPPING IMAGE: tot amount of vasculature (9136.5251) < quality threshold 
processing: 1222148_21016_0_0.png
processing: 1222148_21015_0_0.png
processing: 1222079_21016_0_0.png
processing: 1222079_21015_0_0.png
processing: 1222014_21016_0_0.png
processing: 1222014_21015_0_0.png
processing: 1221953_21016_1_0.png
processing: 1221953_21015_1_0.png
processing: 1221941_21016_0_0.png
FINISHED: .mat files have been written to: /data/FAC/FBM/DBC/sbergman/retina/UKBiob/fundus/REVIEW//CLRIS/
execution time: 2109 sec
