------------------------------------------
Setting up environment variables
---
LD_LIBRARY_PATH is .:/software/Development/Languages/Matlab_Compiler_Runtime/96/runtime/glnxa64:/software/Development/Languages/Matlab_Compiler_Runtime/96/bin/glnxa64:/software/Development/Languages/Matlab_Compiler_Runtime/96/sys/os/glnxa64:/software/Development/Languages/Matlab_Compiler_Runtime/96/sys/opengl/lib/glnxa64
Running vessel measurements...
processing: 5591206_21015_0_0.png
processing: 5591156_21016_0_0.png
  SKIPPING IMAGE: tot amount of vasculature (1560.4568) < quality threshold 
processing: 5591156_21015_0_0.png
  SKIPPING IMAGE: tot amount of vasculature (8778.5563) < quality threshold 
processing: 5591138_21016_0_0.png
processing: 5591138_21015_0_0.png
processing: 5591125_21016_0_0.png
processing: 5591125_21015_0_0.png
  SKIPPING IMAGE: tot amount of vasculature (8142.8118) < quality threshold 
processing: 5591094_21016_0_0.png
processing: 5591094_21015_0_0.png
processing: 5591082_21016_0_0.png
processing: 5591082_21015_0_0.png
processing: 5591070_21016_0_0.png
processing: 5591070_21015_0_0.png
processing: 5591066_21016_0_0.png
processing: 5591066_21015_0_0.png
processing: 5591041_21016_0_0.png
processing: 5591041_21015_0_0.png
  SKIPPING IMAGE: tot amount of vasculature (10568.1555) < quality threshold 
processing: 5591015_21016_0_0.png
processing: 5591015_21015_0_0.png
processing: 5591008_21016_1_0.png
  SKIPPING IMAGE: tot amount of vasculature (2730.0081) < quality threshold 
processing: 5591008_21016_0_0.png
  SKIPPING IMAGE: tot amount of vasculature (10345.3712) < quality threshold 
processing: 5591008_21015_1_0.png
  SKIPPING IMAGE: tot amount of vasculature (4467.0932) < quality threshold 
processing: 5591008_21015_0_0.png
  SKIPPING IMAGE: tot amount of vasculature (5055.9888) < quality threshold 
processing: 5590961_21016_0_0.png
processing: 5590961_21015_0_0.png
processing: 5590816_21016_0_0.png
  SKIPPING IMAGE: tot amount of vasculature (915.6543) < quality threshold 
processing: 5590816_21015_0_0.png
  SKIPPING IMAGE: tot amount of vasculature (4202.2028) < quality threshold 
processing: 5590802_21016_0_0.png
processing: 5590802_21015_0_0.png
processing: 5590794_21016_0_0.png
processing: 5590794_21015_0_0.png
processing: 5590753_21016_0_0.png
  SKIPPING IMAGE: tot amount of vasculature (2805.2719) < quality threshold 
processing: 5590753_21015_0_0.png
  SKIPPING IMAGE: tot amount of vasculature (4168.0528) < quality threshold 
processing: 5590737_21016_0_0.png
processing: 5590737_21015_0_0.png
processing: 5590708_21016_0_0.png
processing: 5590708_21015_0_0.png
processing: 5590643_21016_0_0.png
processing: 5590643_21015_0_0.png
processing: 5590604_21016_1_0.png
processing: 5590604_21015_1_0.png
  SKIPPING IMAGE: tot amount of vasculature (3434.1983) < quality threshold 
processing: 5590483_21016_0_0.png
processing: 5590483_21015_0_0.png
processing: 5590445_21016_0_0.png
processing: 5590445_21015_0_0.png
processing: 5590390_21016_0_0.png
processing: 5590390_21015_0_0.png
processing: 5590356_21016_0_0.png
processing: 5590356_21015_0_0.png
  SKIPPING IMAGE: tot amount of vasculature (6818.766) < quality threshold 
processing: 5590155_21016_0_0.png
processing: 5590155_21015_0_0.png
processing: 5590136_21016_0_0.png
  SKIPPING IMAGE: tot amount of vasculature (4071.3026) < quality threshold 
processing: 5590136_21015_0_0.png
  SKIPPING IMAGE: tot amount of vasculature (2613.1587) < quality threshold 
processing: 5590101_21016_0_0.png
processing: 5590101_21015_0_0.png
processing: 5590057_21016_0_0.png
processing: 5590057_21015_0_0.png
processing: 5590014_21016_0_0.png
processing: 5590014_21015_0_0.png
processing: 5589948_21016_0_0.png
  SKIPPING IMAGE: tot amount of vasculature (10648.6311) < quality threshold 
processing: 5589948_21015_0_0.png
processing: 5589771_21016_0_0.png
processing: 5589771_21015_0_0.png
processing: 5589747_21016_0_0.png
processing: 5589747_21015_0_0.png
processing: 5589733_21016_0_0.png
processing: 5589733_21015_0_0.png
processing: 5589716_21016_0_0.png
processing: 5589716_21015_0_0.png
processing: 5589686_21016_1_0.png
  SKIPPING IMAGE: tot amount of vasculature (5735.9575) < quality threshold 
processing: 5589686_21015_1_0.png
  SKIPPING IMAGE: tot amount of vasculature (8418.0055) < quality threshold 
processing: 5589673_21016_0_0.png
processing: 5589673_21015_0_0.png
processing: 5589534_21016_1_0.png
processing: 5589534_21015_1_0.png
processing: 5589511_21016_0_0.png
processing: 5589511_21015_0_0.png
processing: 5589400_21016_0_0.png
  SKIPPING IMAGE: tot amount of vasculature (8581.7191) < quality threshold 
processing: 5589400_21015_0_0.png
  SKIPPING IMAGE: tot amount of vasculature (7254.6321) < quality threshold 
processing: 5589375_21016_0_0.png
processing: 5589375_21015_0_0.png
processing: 5589369_21016_0_0.png
processing: 5589369_21015_0_0.png
  SKIPPING IMAGE: tot amount of vasculature (7606.7127) < quality threshold 
processing: 5589344_21016_1_0.png
processing: 5589344_21015_1_0.png
  SKIPPING IMAGE: tot amount of vasculature (7687.7111) < quality threshold 
processing: 5589332_21016_0_0.png
  SKIPPING IMAGE: tot amount of vasculature (4379.8273) < quality threshold 
processing: 5589332_21015_0_0.png
  SKIPPING IMAGE: tot amount of vasculature (3112.8005) < quality threshold 
processing: 5589310_21016_0_0.png
processing: 5589310_21015_0_0.png
processing: 5589303_21016_0_0.png
processing: 5589303_21015_0_0.png
  SKIPPING IMAGE: tot amount of vasculature (2829.3885) < quality threshold 
processing: 5589107_21016_0_0.png
  SKIPPING IMAGE: tot amount of vasculature (6008.4311) < quality threshold 
processing: 5589107_21015_0_0.png
  SKIPPING IMAGE: tot amount of vasculature (10217.124) < quality threshold 
processing: 5588957_21016_0_0.png
processing: 5588957_21015_0_0.png
processing: 5588940_21016_0_0.png
processing: 5588940_21015_0_0.png
processing: 5588826_21016_0_0.png
processing: 5588826_21015_0_0.png
processing: 5588810_21016_0_0.png
  SKIPPING IMAGE: tot amount of vasculature (2932.3772) < quality threshold 
processing: 5588810_21015_0_0.png
  SKIPPING IMAGE: tot amount of vasculature (6967.6069) < quality threshold 
processing: 5588797_21016_0_0.png
  SKIPPING IMAGE: tot amount of vasculature (8326.0335) < quality threshold 
processing: 5588797_21015_0_0.png
  SKIPPING IMAGE: tot amount of vasculature (5606.5351) < quality threshold 
processing: 5588760_21016_0_0.png
processing: 5588760_21015_0_0.png
processing: 5588734_21016_0_0.png
processing: 5588734_21015_0_0.png
processing: 5588709_21016_1_0.png
processing: 5588709_21015_1_0.png
processing: 5588533_21016_0_0.png
processing: 5588533_21015_0_0.png
  SKIPPING IMAGE: tot amount of vasculature (4672.386) < quality threshold 
processing: 5588470_21016_1_0.png
processing: 5588470_21016_0_0.png
processing: 5588470_21015_1_0.png
  SKIPPING IMAGE: tot amount of vasculature (2109.6924) < quality threshold 
processing: 5588470_21015_0_0.png
processing: 5588453_21016_0_0.png
processing: 5588453_21015_0_0.png
processing: 5588396_21016_0_0.png
processing: 5588396_21015_0_0.png
processing: 5588321_21016_1_0.png
  SKIPPING IMAGE: tot amount of vasculature (9978.2152) < quality threshold 
processing: 5588321_21015_1_0.png
  SKIPPING IMAGE: tot amount of vasculature (1863.4705) < quality threshold 
processing: 5588255_21016_1_0.png
  SKIPPING IMAGE: tot amount of vasculature (10496.1329) < quality threshold 
processing: 5588255_21015_1_0.png
processing: 5588248_21016_0_0.png
processing: 5588248_21015_0_0.png
processing: 5588201_21016_1_0.png
processing: 5588201_21015_1_0.png
  SKIPPING IMAGE: tot amount of vasculature (7001.1574) < quality threshold 
processing: 5588149_21016_1_0.png
processing: 5588149_21015_1_0.png
  SKIPPING IMAGE: tot amount of vasculature (3967.402) < quality threshold 
processing: 5588130_21016_0_0.png
processing: 5588130_21015_0_0.png
processing: 5587976_21016_0_0.png
processing: 5587976_21015_0_0.png
processing: 5587934_21016_0_0.png
processing: 5587934_21015_0_0.png
processing: 5587837_21016_1_0.png
processing: 5587837_21015_1_0.png
processing: 5587815_21016_0_0.png
processing: 5587815_21015_0_0.png
processing: 5587671_21016_1_0.png
  SKIPPING IMAGE: tot amount of vasculature (1512.4712) < quality threshold 
processing: 5587671_21015_1_0.png
  SKIPPING IMAGE: tot amount of vasculature (8539.5563) < quality threshold 
processing: 5587633_21016_0_0.png
processing: 5587633_21015_0_0.png
processing: 5587581_21016_0_0.png
processing: 5587581_21015_0_0.png
processing: 5587380_21016_0_0.png
processing: 5587380_21015_0_0.png
  SKIPPING IMAGE: tot amount of vasculature (7545.076) < quality threshold 
processing: 5587372_21016_1_0.png
processing: 5587372_21015_1_0.png
processing: 5587336_21016_0_0.png
processing: 5587336_21015_0_0.png
processing: 5587324_21016_0_0.png
processing: 5587324_21015_0_0.png
processing: 5587239_21016_0_0.png
processing: 5587239_21015_0_0.png
processing: 5587193_21016_0_0.png
processing: 5587193_21015_0_0.png
processing: 5587189_21016_0_0.png
processing: 5587189_21015_0_0.png
processing: 5587161_21016_0_0.png
processing: 5587161_21015_0_0.png
processing: 5587122_21016_0_0.png
  SKIPPING IMAGE: tot amount of vasculature (9140.3659) < quality threshold 
processing: 5587122_21015_0_0.png
processing: 5587086_21016_1_0.png
  SKIPPING IMAGE: tot amount of vasculature (2618.0378) < quality threshold 
processing: 5587086_21015_1_0.png
  SKIPPING IMAGE: tot amount of vasculature (6672.7464) < quality threshold 
processing: 5587030_21016_0_0.png
processing: 5587030_21015_0_0.png
processing: 5586966_21016_0_0.png
processing: 5586966_21015_0_0.png
processing: 5586521_21016_1_0.png
  SKIPPING IMAGE: tot amount of vasculature (3356.9076) < quality threshold 
processing: 5586521_21015_1_0.png
  SKIPPING IMAGE: tot amount of vasculature (5627.1913) < quality threshold 
processing: 5586504_21016_1_0.png
  SKIPPING IMAGE: tot amount of vasculature (7972.8416) < quality threshold 
processing: 5586504_21015_1_0.png
processing: 5586484_21016_0_0.png
processing: 5586398_21016_0_0.png
processing: 5586398_21015_0_0.png
processing: 5586386_21016_0_0.png
processing: 5586386_21015_0_0.png
processing: 5586373_21016_0_0.png
processing: 5586373_21015_0_0.png
  SKIPPING IMAGE: tot amount of vasculature (7485.8433) < quality threshold 
processing: 5586290_21016_1_0.png
processing: 5586290_21015_1_0.png
processing: 5586263_21016_0_0.png
processing: 5586263_21015_0_0.png
processing: 5586238_21016_0_0.png
processing: 5586238_21015_0_0.png
processing: 5586157_21016_0_0.png
  SKIPPING IMAGE: tot amount of vasculature (9028.5851) < quality threshold 
processing: 5586157_21015_0_0.png
  SKIPPING IMAGE: tot amount of vasculature (7650.9256) < quality threshold 
processing: 5586140_21016_1_0.png
processing: 5586140_21015_1_0.png
  SKIPPING IMAGE: tot amount of vasculature (10760.4382) < quality threshold 
processing: 5586123_21016_0_0.png
processing: 5586123_21015_0_0.png
processing: 5586106_21016_0_0.png
  SKIPPING IMAGE: tot amount of vasculature (6556.5854) < quality threshold 
processing: 5586106_21015_0_0.png
  SKIPPING IMAGE: tot amount of vasculature (10344.5378) < quality threshold 
processing: 5586099_21016_1_0.png
processing: 5586099_21015_1_0.png
processing: 5586072_21016_0_0.png
processing: 5586072_21015_0_0.png
processing: 5585995_21016_0_0.png
processing: 5585995_21015_0_0.png
processing: 5585854_21016_0_1.png
  SKIPPING IMAGE: No vessels found
processing: 5585854_21016_0_0.png
  SKIPPING IMAGE: tot amount of vasculature (385.6567) < quality threshold 
processing: 5585854_21015_0_1.png
  SKIPPING IMAGE: No vessels found
processing: 5585854_21015_0_0.png
  SKIPPING IMAGE: No vessels found
processing: 5585736_21016_0_0.png
processing: 5585736_21015_0_0.png
processing: 5585701_21016_0_0.png
processing: 5585701_21015_0_0.png
  SKIPPING IMAGE: tot amount of vasculature (10841.6929) < quality threshold 
processing: 5585634_21016_0_0.png
processing: 5585634_21015_0_0.png
processing: 5585598_21016_0_0.png
processing: 5585598_21015_0_0.png
processing: 5585573_21016_0_0.png
processing: 5585573_21015_0_0.png
  SKIPPING IMAGE: tot amount of vasculature (10975.1441) < quality threshold 
processing: 5585551_21016_0_0.png
processing: 5585551_21015_0_0.png
processing: 5585527_21016_0_0.png
  SKIPPING IMAGE: tot amount of vasculature (2959.8077) < quality threshold 
processing: 5585527_21015_0_0.png
  SKIPPING IMAGE: tot amount of vasculature (2496.717) < quality threshold 
processing: 5585485_21016_1_0.png
  SKIPPING IMAGE: tot amount of vasculature (6742.2991) < quality threshold 
processing: 5585485_21015_1_0.png
  SKIPPING IMAGE: tot amount of vasculature (5927.6075) < quality threshold 
processing: 5585404_21016_0_0.png
processing: 5585404_21015_0_0.png
processing: 5585357_21016_0_0.png
  SKIPPING IMAGE: tot amount of vasculature (9646.541) < quality threshold 
processing: 5585357_21015_0_0.png
  SKIPPING IMAGE: tot amount of vasculature (7145.2033) < quality threshold 
processing: 5585306_21016_0_0.png
processing: 5585306_21015_0_0.png
processing: 5585226_21016_0_0.png
processing: 5585226_21015_0_0.png
processing: 5585141_21016_0_0.png
processing: 5585141_21015_0_0.png
processing: 5585129_21016_1_0.png
  SKIPPING IMAGE: tot amount of vasculature (3255.113) < quality threshold 
processing: 5585129_21015_1_0.png
  SKIPPING IMAGE: tot amount of vasculature (9743.3709) < quality threshold 
processing: 5585081_21016_0_0.png
  SKIPPING IMAGE: tot amount of vasculature (5785.2645) < quality threshold 
processing: 5585081_21015_0_0.png
processing: 5584977_21016_0_0.png
processing: 5584977_21015_0_0.png
processing: 5584943_21016_0_0.png
processing: 5584943_21015_0_0.png
processing: 5584880_21016_1_0.png
  SKIPPING IMAGE: tot amount of vasculature (8174.8137) < quality threshold 
processing: 5584880_21015_1_0.png
  SKIPPING IMAGE: tot amount of vasculature (7666.2136) < quality threshold 
processing: 5584781_21016_0_0.png
processing: 5584781_21015_0_0.png
processing: 5584719_21016_1_0.png
processing: 5584719_21016_0_0.png
processing: 5584719_21015_1_0.png
processing: 5584719_21015_0_0.png
processing: 5584622_21016_1_0.png
processing: 5584622_21016_0_0.png
processing: 5584622_21015_1_0.png
processing: 5584622_21015_0_0.png
processing: 5584579_21016_0_0.png
processing: 5584579_21015_0_0.png
processing: 5584531_21016_0_0.png
processing: 5584531_21015_0_0.png
processing: 5584473_21016_0_0.png
processing: 5584473_21015_0_0.png
processing: 5584370_21016_0_0.png
processing: 5584370_21015_0_0.png
processing: 5584308_21016_0_0.png
processing: 5584308_21015_0_0.png
processing: 5584297_21016_1_0.png
processing: 5584297_21015_1_0.png
processing: 5584184_21016_0_0.png
processing: 5584184_21015_0_0.png
processing: 5584171_21016_0_0.png
processing: 5584171_21015_0_0.png
processing: 5584168_21016_0_0.png
processing: 5584168_21015_0_0.png
processing: 5584102_21016_1_0.png
processing: 5584102_21016_0_0.png
processing: 5584102_21015_1_0.png
  SKIPPING IMAGE: tot amount of vasculature (7488.7911) < quality threshold 
processing: 5584102_21015_0_0.png
  SKIPPING IMAGE: tot amount of vasculature (4442.4207) < quality threshold 
processing: 5584091_21016_0_0.png
processing: 5584091_21015_0_0.png
processing: 5584087_21016_1_0.png
  SKIPPING IMAGE: tot amount of vasculature (7661.8689) < quality threshold 
processing: 5584087_21015_1_0.png
  SKIPPING IMAGE: tot amount of vasculature (10421.5769) < quality threshold 
processing: 5584069_21016_0_0.png
processing: 5584069_21015_0_0.png
processing: 5584032_21016_0_0.png
processing: 5584032_21015_0_0.png
processing: 5584010_21016_0_0.png
processing: 5584010_21015_0_0.png
  SKIPPING IMAGE: tot amount of vasculature (6478.5943) < quality threshold 
processing: 5583989_21016_1_0.png
  SKIPPING IMAGE: tot amount of vasculature (10547.7047) < quality threshold 
processing: 5583989_21015_1_0.png
  SKIPPING IMAGE: tot amount of vasculature (4239.1113) < quality threshold 
processing: 5583954_21016_0_0.png
processing: 5583954_21015_0_0.png
processing: 5583900_21016_1_0.png
processing: 5583900_21015_1_0.png
processing: 5583884_21016_0_0.png
processing: 5583884_21015_0_0.png
processing: 5583820_21016_0_0.png
processing: 5583820_21015_0_0.png
processing: 5583802_21016_1_0.png
  SKIPPING IMAGE: tot amount of vasculature (8184.8678) < quality threshold 
processing: 5583802_21016_0_0.png
processing: 5583802_21015_1_0.png
processing: 5583802_21015_0_0.png
processing: 5583766_21016_0_0.png
processing: 5583766_21015_0_0.png
processing: 5583753_21016_0_0.png
processing: 5583753_21015_0_0.png
FINISHED: .mat files have been written to: /data/FAC/FBM/DBC/sbergman/retina/UKBiob/fundus/REVIEW//CLRIS/
execution time: 1716 sec
