------------------------------------------
Setting up environment variables
---
LD_LIBRARY_PATH is .:/software/Development/Languages/Matlab_Compiler_Runtime/96/runtime/glnxa64:/software/Development/Languages/Matlab_Compiler_Runtime/96/bin/glnxa64:/software/Development/Languages/Matlab_Compiler_Runtime/96/sys/os/glnxa64:/software/Development/Languages/Matlab_Compiler_Runtime/96/sys/opengl/lib/glnxa64
Running vessel measurements...
processing: 5157585_21016_1_0.png
processing: 5157585_21016_0_0.png
processing: 5157585_21015_1_0.png
processing: 5157585_21015_0_0.png
processing: 5157550_21016_0_0.png
processing: 5157550_21015_0_0.png
processing: 5157539_21016_1_0.png
processing: 5157539_21015_1_0.png
processing: 5157459_21016_1_0.png
  SKIPPING IMAGE: tot amount of vasculature (2861.3492) < quality threshold 
processing: 5157459_21015_1_0.png
  SKIPPING IMAGE: tot amount of vasculature (2434.4356) < quality threshold 
processing: 5157327_21016_0_0.png
processing: 5157327_21015_0_0.png
processing: 5157312_21016_0_0.png
processing: 5157312_21015_0_0.png
processing: 5157242_21016_1_0.png
  SKIPPING IMAGE: tot amount of vasculature (8804.2996) < quality threshold 
processing: 5157242_21015_1_0.png
  SKIPPING IMAGE: tot amount of vasculature (6768.8745) < quality threshold 
processing: 5157219_21016_1_0.png
  SKIPPING IMAGE: tot amount of vasculature (4600.085) < quality threshold 
processing: 5157219_21015_1_0.png
  SKIPPING IMAGE: tot amount of vasculature (4828.8457) < quality threshold 
processing: 5157123_21016_0_0.png
  SKIPPING IMAGE: tot amount of vasculature (10889.7714) < quality threshold 
processing: 5157123_21015_0_0.png
processing: 5157106_21016_0_0.png
  SKIPPING IMAGE: tot amount of vasculature (3296.0998) < quality threshold 
processing: 5157106_21015_0_0.png
processing: 5156945_21016_1_0.png
processing: 5156945_21015_1_0.png
processing: 5156882_21016_0_0.png
  SKIPPING IMAGE: tot amount of vasculature (6759.5475) < quality threshold 
processing: 5156882_21015_0_0.png
  SKIPPING IMAGE: tot amount of vasculature (8321.2453) < quality threshold 
processing: 5156870_21016_0_0.png
processing: 5156870_21015_0_0.png
processing: 5156695_21016_0_0.png
processing: 5156695_21015_0_0.png
processing: 5156684_21016_0_0.png
  SKIPPING IMAGE: tot amount of vasculature (10357.1759) < quality threshold 
processing: 5156684_21015_0_0.png
  SKIPPING IMAGE: tot amount of vasculature (9855.728) < quality threshold 
processing: 5156668_21016_0_0.png
processing: 5156668_21015_0_0.png
processing: 5156432_21016_0_0.png
processing: 5156432_21015_0_0.png
processing: 5156410_21016_0_0.png
processing: 5156410_21015_0_0.png
  SKIPPING IMAGE: tot amount of vasculature (6207.3739) < quality threshold 
processing: 5156380_21016_1_0.png
  SKIPPING IMAGE: tot amount of vasculature (3191.7096) < quality threshold 
processing: 5156380_21015_1_0.png
  SKIPPING IMAGE: tot amount of vasculature (808.529) < quality threshold 
processing: 5156372_21016_0_0.png
  SKIPPING IMAGE: tot amount of vasculature (1834.151) < quality threshold 
processing: 5156372_21015_0_0.png
  SKIPPING IMAGE: tot amount of vasculature (1588.6396) < quality threshold 
processing: 5156348_21016_0_0.png
processing: 5156348_21015_0_0.png
processing: 5156313_21016_0_0.png
processing: 5156313_21015_0_0.png
processing: 5156239_21016_0_0.png
  SKIPPING IMAGE: tot amount of vasculature (7208.5992) < quality threshold 
processing: 5156239_21015_0_0.png
processing: 5156218_21016_0_0.png
processing: 5156218_21015_0_0.png
processing: 5156161_21016_0_0.png
processing: 5156161_21015_0_0.png
processing: 5156098_21016_0_0.png
  SKIPPING IMAGE: tot amount of vasculature (9156.2115) < quality threshold 
processing: 5156098_21015_0_0.png
  SKIPPING IMAGE: tot amount of vasculature (6239.3515) < quality threshold 
processing: 5156073_21016_1_0.png
processing: 5156073_21015_1_0.png
processing: 5156064_21016_1_0.png
processing: 5156064_21015_1_0.png
processing: 5156049_21016_0_0.png
  SKIPPING IMAGE: tot amount of vasculature (7263.6276) < quality threshold 
processing: 5156049_21015_0_0.png
  SKIPPING IMAGE: tot amount of vasculature (9393.673) < quality threshold 
processing: 5156030_21016_0_0.png
processing: 5156030_21015_0_0.png
processing: 5156027_21016_0_0.png
  SKIPPING IMAGE: tot amount of vasculature (7166.3056) < quality threshold 
processing: 5156027_21015_0_0.png
  SKIPPING IMAGE: tot amount of vasculature (3135.1539) < quality threshold 
processing: 5156005_21016_0_0.png
processing: 5156005_21015_0_0.png
processing: 5155814_21016_0_0.png
  SKIPPING IMAGE: tot amount of vasculature (7666.1183) < quality threshold 
processing: 5155814_21015_0_0.png
  SKIPPING IMAGE: tot amount of vasculature (3814.2355) < quality threshold 
processing: 5155773_21016_0_0.png
processing: 5155773_21015_0_0.png
processing: 5155751_21016_0_0.png
processing: 5155751_21015_0_0.png
processing: 5155749_21016_1_0.png
  SKIPPING IMAGE: tot amount of vasculature (8791.9501) < quality threshold 
processing: 5155749_21015_1_0.png
  SKIPPING IMAGE: tot amount of vasculature (8972.0144) < quality threshold 
processing: 5155637_21016_0_0.png
processing: 5155637_21015_0_0.png
processing: 5155442_21016_1_0.png
processing: 5155442_21015_1_0.png
processing: 5155438_21016_0_0.png
processing: 5155438_21015_0_0.png
processing: 5155425_21016_0_0.png
  SKIPPING IMAGE: tot amount of vasculature (9958.7615) < quality threshold 
processing: 5155425_21015_0_0.png
processing: 5155317_21016_1_0.png
  SKIPPING IMAGE: tot amount of vasculature (5110.7446) < quality threshold 
processing: 5155317_21015_1_0.png
processing: 5155220_21016_0_0.png
  SKIPPING IMAGE: tot amount of vasculature (3500.6131) < quality threshold 
processing: 5155220_21015_0_0.png
  SKIPPING IMAGE: tot amount of vasculature (8296.0172) < quality threshold 
processing: 5155183_21016_0_0.png
processing: 5155183_21015_0_0.png
processing: 5155176_21016_0_0.png
  SKIPPING IMAGE: tot amount of vasculature (5290.8131) < quality threshold 
processing: 5155176_21015_0_0.png
  SKIPPING IMAGE: tot amount of vasculature (2717.6068) < quality threshold 
processing: 5155134_21016_1_0.png
processing: 5155134_21015_1_0.png
processing: 5155021_21016_0_0.png
  SKIPPING IMAGE: tot amount of vasculature (9488.6832) < quality threshold 
processing: 5155021_21015_0_0.png
  SKIPPING IMAGE: tot amount of vasculature (4400.549) < quality threshold 
processing: 5154974_21016_0_0.png
processing: 5154974_21015_0_0.png
processing: 5154956_21016_1_0.png
processing: 5154956_21015_1_0.png
processing: 5154886_21016_1_0.png
processing: 5154886_21015_1_0.png
processing: 5154873_21016_0_0.png
processing: 5154873_21015_0_0.png
  SKIPPING IMAGE: tot amount of vasculature (9768.4224) < quality threshold 
processing: 5154704_21016_0_0.png
processing: 5154704_21015_0_0.png
processing: 5154631_21016_1_0.png
  SKIPPING IMAGE: tot amount of vasculature (10044.8432) < quality threshold 
processing: 5154631_21015_1_0.png
processing: 5154546_21016_0_0.png
processing: 5154546_21015_0_0.png
processing: 5154480_21016_0_0.png
processing: 5154480_21015_0_0.png
processing: 5154472_21016_0_0.png
  SKIPPING IMAGE: tot amount of vasculature (5886.7213) < quality threshold 
processing: 5154472_21015_0_0.png
processing: 5154467_21016_1_0.png
processing: 5154467_21015_1_0.png
processing: 5154455_21016_0_0.png
processing: 5154455_21015_0_0.png
processing: 5154424_21016_0_0.png
processing: 5154424_21015_0_0.png
processing: 5154360_21016_0_0.png
processing: 5154360_21015_0_1.png
processing: 5154360_21015_0_0.png
processing: 5154352_21016_1_0.png
  SKIPPING IMAGE: tot amount of vasculature (9245.0021) < quality threshold 
processing: 5154352_21015_1_0.png
  SKIPPING IMAGE: tot amount of vasculature (5652.3874) < quality threshold 
processing: 5154334_21016_0_0.png
processing: 5154334_21015_0_0.png
processing: 5154132_21016_0_0.png
  SKIPPING IMAGE: tot amount of vasculature (3863.026) < quality threshold 
processing: 5154132_21015_0_0.png
processing: 5154084_21016_1_0.png
processing: 5154084_21015_1_0.png
processing: 5154071_21016_0_0.png
  SKIPPING IMAGE: tot amount of vasculature (3489.5094) < quality threshold 
processing: 5154071_21015_0_0.png
  SKIPPING IMAGE: No vessels found
processing: 5153979_21016_0_0.png
processing: 5153979_21015_0_0.png
  SKIPPING IMAGE: No vessels found
processing: 5153931_21016_0_0.png
processing: 5153931_21015_0_0.png
processing: 5153923_21016_0_0.png
processing: 5153923_21015_0_0.png
processing: 5153858_21016_1_0.png
  SKIPPING IMAGE: tot amount of vasculature (3820.9924) < quality threshold 
processing: 5153858_21015_1_0.png
  SKIPPING IMAGE: tot amount of vasculature (6225.2558) < quality threshold 
processing: 5153760_21016_0_0.png
processing: 5153760_21015_0_0.png
processing: 5153709_21016_0_0.png
processing: 5153709_21015_0_0.png
processing: 5153656_21016_1_0.png
  SKIPPING IMAGE: tot amount of vasculature (10050.3872) < quality threshold 
processing: 5153656_21016_0_0.png
  SKIPPING IMAGE: tot amount of vasculature (7088.6176) < quality threshold 
processing: 5153656_21015_1_0.png
  SKIPPING IMAGE: tot amount of vasculature (8744.6978) < quality threshold 
processing: 5153656_21015_0_0.png
  SKIPPING IMAGE: tot amount of vasculature (6043.944) < quality threshold 
processing: 5153625_21016_0_0.png
processing: 5153625_21015_0_0.png
  SKIPPING IMAGE: tot amount of vasculature (10648.4573) < quality threshold 
processing: 5153453_21016_1_0.png
  SKIPPING IMAGE: tot amount of vasculature (3370.7637) < quality threshold 
processing: 5153453_21015_1_0.png
processing: 5153441_21016_1_0.png
  SKIPPING IMAGE: tot amount of vasculature (3695.0661) < quality threshold 
processing: 5153441_21015_1_0.png
processing: 5153396_21016_0_0.png
  SKIPPING IMAGE: tot amount of vasculature (554.8033) < quality threshold 
processing: 5153396_21015_0_0.png
  SKIPPING IMAGE: tot amount of vasculature (8066.6437) < quality threshold 
processing: 5153186_21016_1_0.png
processing: 5153186_21015_1_0.png
processing: 5153164_21016_0_0.png
processing: 5153164_21015_0_0.png
processing: 5153151_21016_0_0.png
processing: 5153151_21015_0_0.png
processing: 5153046_21016_0_0.png
  SKIPPING IMAGE: tot amount of vasculature (7250.7363) < quality threshold 
processing: 5153046_21015_0_0.png
  SKIPPING IMAGE: tot amount of vasculature (3834.4006) < quality threshold 
processing: 5153017_21016_0_0.png
processing: 5153017_21015_0_1.png
  SKIPPING IMAGE: tot amount of vasculature (42.7268) < quality threshold 
processing: 5153017_21015_0_0.png
  SKIPPING IMAGE: tot amount of vasculature (18.3392) < quality threshold 
processing: 5152999_21016_1_0.png
processing: 5152999_21015_1_0.png
processing: 5152885_21016_1_0.png
  SKIPPING IMAGE: tot amount of vasculature (1310.2017) < quality threshold 
processing: 5152885_21015_1_0.png
  SKIPPING IMAGE: tot amount of vasculature (6164.8641) < quality threshold 
processing: 5152821_21016_0_0.png
processing: 5152821_21015_0_0.png
processing: 5152818_21016_1_0.png
processing: 5152818_21015_1_0.png
processing: 5152716_21015_0_0.png
  SKIPPING IMAGE: tot amount of vasculature (5449.8373) < quality threshold 
processing: 5152627_21016_0_0.png
processing: 5152627_21015_0_0.png
processing: 5152528_21016_1_0.png
processing: 5152528_21015_1_0.png
processing: 5152489_21016_0_0.png
processing: 5152489_21015_0_0.png
  SKIPPING IMAGE: tot amount of vasculature (7176.9212) < quality threshold 
processing: 5152461_21016_0_0.png
  SKIPPING IMAGE: tot amount of vasculature (10680.9027) < quality threshold 
processing: 5152461_21015_0_0.png
  SKIPPING IMAGE: tot amount of vasculature (237.9236) < quality threshold 
processing: 5152332_21016_0_0.png
processing: 5152332_21015_0_0.png
processing: 5152292_21016_0_0.png
processing: 5152292_21015_0_0.png
processing: 5152279_21016_0_0.png
processing: 5152279_21015_0_0.png
processing: 5152231_21016_1_0.png
processing: 5152231_21016_0_0.png
processing: 5152231_21015_1_0.png
processing: 5152231_21015_0_0.png
processing: 5152206_21016_0_0.png
  SKIPPING IMAGE: tot amount of vasculature (8613.0537) < quality threshold 
processing: 5152206_21015_0_0.png
processing: 5152190_21016_0_0.png
processing: 5152190_21015_0_0.png
processing: 5152163_21016_0_0.png
  SKIPPING IMAGE: tot amount of vasculature (6833.6866) < quality threshold 
processing: 5152163_21015_0_0.png
  SKIPPING IMAGE: tot amount of vasculature (7770.9923) < quality threshold 
processing: 5152125_21016_0_0.png
processing: 5152125_21015_0_0.png
processing: 5152107_21016_0_0.png
processing: 5152107_21015_0_0.png
processing: 5152094_21016_0_0.png
processing: 5152094_21015_0_0.png
processing: 5152053_21016_0_0.png
processing: 5152053_21015_0_0.png
processing: 5152041_21016_0_0.png
processing: 5152041_21015_0_0.png
processing: 5152037_21016_0_0.png
  SKIPPING IMAGE: tot amount of vasculature (1216.7131) < quality threshold 
processing: 5152037_21015_0_0.png
  SKIPPING IMAGE: tot amount of vasculature (2771.4248) < quality threshold 
processing: 5151995_21016_0_0.png
  SKIPPING IMAGE: tot amount of vasculature (2355.3902) < quality threshold 
processing: 5151995_21015_0_0.png
  SKIPPING IMAGE: tot amount of vasculature (9215.5028) < quality threshold 
processing: 5151835_21016_0_0.png
processing: 5151835_21015_0_0.png
processing: 5151780_21016_1_0.png
  SKIPPING IMAGE: tot amount of vasculature (1353.6012) < quality threshold 
processing: 5151780_21015_1_0.png
  SKIPPING IMAGE: tot amount of vasculature (8908.8526) < quality threshold 
processing: 5151748_21016_0_0.png
  SKIPPING IMAGE: tot amount of vasculature (5476.9529) < quality threshold 
processing: 5151748_21015_0_0.png
  SKIPPING IMAGE: tot amount of vasculature (8171.7351) < quality threshold 
processing: 5151713_21016_1_0.png
  SKIPPING IMAGE: tot amount of vasculature (6299.5321) < quality threshold 
processing: 5151713_21015_1_0.png
  SKIPPING IMAGE: tot amount of vasculature (4386.327) < quality threshold 
processing: 5151701_21016_0_0.png
processing: 5151701_21015_0_0.png
processing: 5151697_21016_1_0.png
  SKIPPING IMAGE: tot amount of vasculature (13.5926) < quality threshold 
processing: 5151697_21015_1_0.png
  SKIPPING IMAGE: tot amount of vasculature (1269.7806) < quality threshold 
processing: 5151645_21016_0_0.png
processing: 5151645_21015_0_0.png
processing: 5151611_21016_0_0.png
processing: 5151611_21015_0_0.png
processing: 5151598_21016_1_0.png
processing: 5151598_21015_1_0.png
processing: 5151573_21016_1_0.png
  SKIPPING IMAGE: tot amount of vasculature (1018.1772) < quality threshold 
processing: 5151573_21015_1_0.png
  SKIPPING IMAGE: tot amount of vasculature (3303.838) < quality threshold 
processing: 5151530_21016_1_0.png
processing: 5151530_21015_1_0.png
processing: 5151485_21016_0_0.png
processing: 5151485_21015_0_0.png
  SKIPPING IMAGE: tot amount of vasculature (9493.2588) < quality threshold 
processing: 5151392_21016_0_0.png
processing: 5151392_21015_0_0.png
processing: 5151388_21016_1_0.png
processing: 5151388_21015_1_0.png
processing: 5151365_21016_1_0.png
processing: 5151365_21016_0_0.png
processing: 5151365_21015_1_0.png
processing: 5151365_21015_0_0.png
processing: 5151287_21016_0_0.png
processing: 5151287_21015_0_0.png
processing: 5151226_21016_0_0.png
processing: 5151226_21015_0_1.png
processing: 5151226_21015_0_0.png
processing: 5151153_21016_0_0.png
  SKIPPING IMAGE: tot amount of vasculature (9981.3355) < quality threshold 
processing: 5151153_21015_0_0.png
processing: 5151025_21016_0_0.png
processing: 5151025_21015_0_0.png
processing: 5150962_21016_0_0.png
  SKIPPING IMAGE: tot amount of vasculature (6449.3959) < quality threshold 
processing: 5150962_21015_0_0.png
  SKIPPING IMAGE: tot amount of vasculature (3551.1667) < quality threshold 
processing: 5150872_21016_0_0.png
processing: 5150872_21015_0_0.png
processing: 5150836_21016_0_0.png
processing: 5150836_21015_0_0.png
  SKIPPING IMAGE: tot amount of vasculature (6236.3073) < quality threshold 
processing: 5150756_21016_0_0.png
processing: 5150756_21015_0_0.png
processing: 5150738_21016_0_0.png
  SKIPPING IMAGE: tot amount of vasculature (5285.432) < quality threshold 
processing: 5150738_21015_0_0.png
processing: 5150646_21016_0_0.png
processing: 5150646_21015_0_0.png
processing: 5150635_21016_0_0.png
  SKIPPING IMAGE: tot amount of vasculature (7889.4789) < quality threshold 
processing: 5150635_21015_0_0.png
  SKIPPING IMAGE: tot amount of vasculature (8185.7204) < quality threshold 
processing: 5150592_21016_0_0.png
processing: 5150592_21015_0_0.png
processing: 5150451_21016_0_0.png
processing: 5150451_21015_0_0.png
processing: 5150394_21016_0_0.png
  SKIPPING IMAGE: tot amount of vasculature (9849.8287) < quality threshold 
processing: 5150394_21015_0_0.png
processing: 5150370_21016_1_0.png
processing: 5150370_21016_0_0.png
processing: 5150370_21015_1_0.png
processing: 5150370_21015_0_0.png
processing: 5150315_21016_0_0.png
processing: 5150315_21015_0_0.png
processing: 5150195_21016_0_0.png
processing: 5150195_21015_0_0.png
  SKIPPING IMAGE: tot amount of vasculature (6619.7529) < quality threshold 
processing: 5150147_21016_0_0.png
  SKIPPING IMAGE: tot amount of vasculature (10979.9102) < quality threshold 
processing: 5150147_21015_0_0.png
processing: 5150003_21016_0_0.png
  SKIPPING IMAGE: tot amount of vasculature (4017.8051) < quality threshold 
processing: 5150003_21015_0_0.png
processing: 5149889_21016_0_0.png
processing: 5149889_21015_0_0.png
processing: 5149854_21016_0_0.png
  SKIPPING IMAGE: tot amount of vasculature (10096.2241) < quality threshold 
processing: 5149854_21015_0_0.png
  SKIPPING IMAGE: tot amount of vasculature (10306.3006) < quality threshold 
processing: 5149822_21016_0_0.png
processing: 5149822_21015_0_1.png
processing: 5149822_21015_0_0.png
processing: 5149609_21016_0_0.png
processing: 5149609_21015_0_0.png
processing: 5149586_21016_0_0.png
  SKIPPING IMAGE: tot amount of vasculature (6301.6278) < quality threshold 
processing: 5149586_21015_0_0.png
processing: 5149512_21016_0_0.png
processing: 5149512_21015_0_0.png
  SKIPPING IMAGE: tot amount of vasculature (10705.8153) < quality threshold 
processing: 5149496_21016_0_0.png
  SKIPPING IMAGE: tot amount of vasculature (2255.2381) < quality threshold 
FINISHED: .mat files have been written to: /data/FAC/FBM/DBC/sbergman/retina/UKBiob/fundus/REVIEW//CLRIS/
execution time: 1913 sec
