------------------------------------------
Setting up environment variables
---
LD_LIBRARY_PATH is .:/software/Development/Languages/Matlab_Compiler_Runtime/96/runtime/glnxa64:/software/Development/Languages/Matlab_Compiler_Runtime/96/bin/glnxa64:/software/Development/Languages/Matlab_Compiler_Runtime/96/sys/os/glnxa64:/software/Development/Languages/Matlab_Compiler_Runtime/96/sys/opengl/lib/glnxa64
Running vessel measurements...
processing: 3816235_21016_0_0.png
processing: 3816235_21015_0_0.png
processing: 3816177_21016_0_1.png
  SKIPPING IMAGE: tot amount of vasculature (597.4986) < quality threshold 
processing: 3816177_21016_0_0.png
  SKIPPING IMAGE: tot amount of vasculature (2052.7615) < quality threshold 
processing: 3816177_21015_0_0.png
  SKIPPING IMAGE: tot amount of vasculature (7159.4344) < quality threshold 
processing: 3816118_21016_0_0.png
processing: 3816118_21015_0_0.png
processing: 3816097_21016_0_0.png
  SKIPPING IMAGE: tot amount of vasculature (8566.7672) < quality threshold 
processing: 3816097_21015_0_0.png
  SKIPPING IMAGE: tot amount of vasculature (2692.4186) < quality threshold 
processing: 3816083_21016_0_0.png
processing: 3816083_21015_0_0.png
processing: 3816009_21016_0_0.png
processing: 3816009_21015_0_0.png
processing: 3815875_21016_0_0.png
processing: 3815875_21015_0_0.png
processing: 3815776_21016_0_0.png
processing: 3815776_21015_0_0.png
processing: 3815745_21016_0_0.png
processing: 3815745_21015_0_0.png
processing: 3815734_21016_0_0.png
processing: 3815734_21015_0_0.png
  SKIPPING IMAGE: tot amount of vasculature (9505.9883) < quality threshold 
processing: 3815571_21016_0_0.png
processing: 3815571_21015_0_0.png
processing: 3815568_21016_0_0.png
processing: 3815568_21015_0_0.png
processing: 3815547_21016_0_0.png
processing: 3815547_21015_0_0.png
processing: 3815516_21016_0_0.png
processing: 3815516_21015_0_0.png
processing: 3815466_21016_0_0.png
  SKIPPING IMAGE: tot amount of vasculature (10342.2926) < quality threshold 
processing: 3815466_21015_0_0.png
  SKIPPING IMAGE: tot amount of vasculature (2981.2978) < quality threshold 
processing: 3815350_21016_1_0.png
processing: 3815350_21016_0_0.png
processing: 3815350_21015_1_0.png
processing: 3815350_21015_0_0.png
processing: 3815343_21016_0_0.png
processing: 3815343_21015_0_0.png
processing: 3815272_21016_0_0.png
processing: 3815272_21015_0_0.png
processing: 3815224_21016_1_0.png
  SKIPPING IMAGE: tot amount of vasculature (5753.9184) < quality threshold 
processing: 3815224_21015_1_0.png
  SKIPPING IMAGE: tot amount of vasculature (10639.3967) < quality threshold 
processing: 3815173_21016_0_0.png
  SKIPPING IMAGE: tot amount of vasculature (10704.8748) < quality threshold 
processing: 3815173_21015_0_0.png
  SKIPPING IMAGE: tot amount of vasculature (4533.5112) < quality threshold 
processing: 3815089_21016_0_0.png
processing: 3815089_21015_0_0.png
processing: 3814908_21016_0_0.png
processing: 3814908_21015_0_0.png
processing: 3814897_21016_0_0.png
processing: 3814897_21015_0_0.png
processing: 3814860_21016_0_0.png
processing: 3814860_21015_0_0.png
processing: 3814852_21016_0_0.png
  SKIPPING IMAGE: tot amount of vasculature (1233.6097) < quality threshold 
processing: 3814852_21015_0_0.png
  SKIPPING IMAGE: tot amount of vasculature (6758.5478) < quality threshold 
processing: 3814828_21016_0_0.png
  SKIPPING IMAGE: tot amount of vasculature (987.7877) < quality threshold 
processing: 3814828_21015_0_0.png
  SKIPPING IMAGE: tot amount of vasculature (8659.031) < quality threshold 
processing: 3814811_21016_0_0.png
  SKIPPING IMAGE: tot amount of vasculature (9543.7202) < quality threshold 
processing: 3814811_21015_0_0.png
  SKIPPING IMAGE: tot amount of vasculature (9400.452) < quality threshold 
processing: 3814754_21016_0_0.png
processing: 3814754_21015_0_0.png
processing: 3814687_21016_0_0.png
  SKIPPING IMAGE: tot amount of vasculature (7940.3505) < quality threshold 
processing: 3814687_21015_0_0.png
  SKIPPING IMAGE: tot amount of vasculature (7284.9975) < quality threshold 
processing: 3814675_21016_0_0.png
  SKIPPING IMAGE: tot amount of vasculature (7717.8773) < quality threshold 
processing: 3814675_21015_0_0.png
  SKIPPING IMAGE: tot amount of vasculature (7942.8812) < quality threshold 
processing: 3814669_21016_1_0.png
processing: 3814669_21015_1_0.png
processing: 3814562_21016_1_0.png
  SKIPPING IMAGE: tot amount of vasculature (7619.83) < quality threshold 
processing: 3814562_21015_1_0.png
processing: 3814484_21016_0_0.png
processing: 3814484_21015_0_0.png
processing: 3814349_21016_1_0.png
processing: 3814349_21015_1_0.png
processing: 3814312_21016_0_0.png
  SKIPPING IMAGE: tot amount of vasculature (8813.8915) < quality threshold 
processing: 3814312_21015_0_0.png
  SKIPPING IMAGE: tot amount of vasculature (25.3455) < quality threshold 
processing: 3814179_21016_0_0.png
processing: 3814179_21015_0_0.png
processing: 3814140_21016_0_0.png
processing: 3814140_21015_0_0.png
processing: 3814001_21016_0_0.png
  SKIPPING IMAGE: tot amount of vasculature (7397.9301) < quality threshold 
processing: 3814001_21015_0_0.png
processing: 3813987_21016_1_0.png
processing: 3813987_21015_1_0.png
processing: 3813910_21016_0_0.png
  SKIPPING IMAGE: tot amount of vasculature (8595.1753) < quality threshold 
processing: 3813910_21015_0_0.png
  SKIPPING IMAGE: tot amount of vasculature (9734.567) < quality threshold 
processing: 3813831_21016_0_0.png
  SKIPPING IMAGE: tot amount of vasculature (4252.9646) < quality threshold 
processing: 3813831_21015_0_1.png
  SKIPPING IMAGE: tot amount of vasculature (4231.8662) < quality threshold 
processing: 3813831_21015_0_0.png
processing: 3813773_21016_1_0.png
processing: 3813773_21015_1_0.png
processing: 3813730_21016_1_0.png
processing: 3813730_21015_1_0.png
processing: 3813712_21016_1_0.png
  SKIPPING IMAGE: tot amount of vasculature (5327.3696) < quality threshold 
processing: 3813712_21016_0_0.png
processing: 3813712_21015_1_0.png
processing: 3813712_21015_0_0.png
  SKIPPING IMAGE: tot amount of vasculature (2786.9491) < quality threshold 
processing: 3813670_21016_0_0.png
processing: 3813670_21015_0_0.png
  SKIPPING IMAGE: tot amount of vasculature (8729.8041) < quality threshold 
processing: 3813608_21016_0_0.png
  SKIPPING IMAGE: tot amount of vasculature (1326.198) < quality threshold 
processing: 3813608_21015_0_0.png
  SKIPPING IMAGE: tot amount of vasculature (730.003) < quality threshold 
processing: 3813572_21016_0_0.png
processing: 3813572_21015_0_0.png
processing: 3813555_21016_1_0.png
  SKIPPING IMAGE: tot amount of vasculature (2142.7963) < quality threshold 
processing: 3813555_21015_1_0.png
  SKIPPING IMAGE: tot amount of vasculature (18.9639) < quality threshold 
processing: 3813284_21016_0_0.png
processing: 3813284_21015_0_0.png
processing: 3813183_21016_0_0.png
processing: 3813183_21015_0_0.png
processing: 3813160_21016_0_0.png
  SKIPPING IMAGE: tot amount of vasculature (2304.7051) < quality threshold 
processing: 3813111_21016_0_0.png
processing: 3813111_21015_0_0.png
processing: 3813043_21016_1_0.png
processing: 3813043_21015_1_0.png
processing: 3812736_21016_0_0.png
processing: 3812736_21015_0_0.png
processing: 3812713_21016_0_0.png
  SKIPPING IMAGE: tot amount of vasculature (10715.1986) < quality threshold 
processing: 3812713_21015_0_0.png
  SKIPPING IMAGE: tot amount of vasculature (9697.841) < quality threshold 
processing: 3812676_21016_1_0.png
processing: 3812676_21015_1_0.png
processing: 3812573_21016_0_0.png
processing: 3812573_21015_0_0.png
processing: 3812551_21016_0_0.png
processing: 3812551_21015_0_0.png
processing: 3812485_21016_0_0.png
processing: 3812485_21015_0_0.png
processing: 3812477_21016_1_0.png
processing: 3812477_21015_1_0.png
processing: 3812443_21016_0_0.png
processing: 3812443_21015_0_0.png
processing: 3812404_21016_1_0.png
  SKIPPING IMAGE: No vessels found
processing: 3812404_21015_1_0.png
  SKIPPING IMAGE: tot amount of vasculature (8917.2006) < quality threshold 
processing: 3812340_21016_0_0.png
processing: 3812340_21015_0_0.png
processing: 3812287_21016_1_0.png
  SKIPPING IMAGE: tot amount of vasculature (1384.2471) < quality threshold 
processing: 3812287_21015_1_0.png
  SKIPPING IMAGE: tot amount of vasculature (9544.4039) < quality threshold 
processing: 3812232_21016_0_0.png
processing: 3812232_21015_0_0.png
processing: 3812182_21016_0_0.png
processing: 3812182_21015_0_0.png
  SKIPPING IMAGE: tot amount of vasculature (10575.7982) < quality threshold 
processing: 3812108_21016_0_0.png
processing: 3812108_21015_0_0.png
processing: 3812081_21016_1_0.png
processing: 3812081_21015_1_1.png
  SKIPPING IMAGE: tot amount of vasculature (10544.6317) < quality threshold 
processing: 3812081_21015_1_0.png
