------------------------------------------
Setting up environment variables
---
LD_LIBRARY_PATH is .:/software/Development/Languages/Matlab_Compiler_Runtime/96/runtime/glnxa64:/software/Development/Languages/Matlab_Compiler_Runtime/96/bin/glnxa64:/software/Development/Languages/Matlab_Compiler_Runtime/96/sys/os/glnxa64:/software/Development/Languages/Matlab_Compiler_Runtime/96/sys/opengl/lib/glnxa64
Running vessel measurements...
processing: 5690881_21016_1_0.png
  SKIPPING IMAGE: tot amount of vasculature (9643.1992) < quality threshold 
processing: 5690881_21015_1_0.png
  SKIPPING IMAGE: tot amount of vasculature (8457.1514) < quality threshold 
processing: 5690838_21016_1_0.png
processing: 5690838_21016_0_0.png
processing: 5690838_21015_1_0.png
processing: 5690838_21015_0_0.png
processing: 5690819_21016_0_0.png
  SKIPPING IMAGE: tot amount of vasculature (8261.9628) < quality threshold 
processing: 5690819_21015_0_0.png
  SKIPPING IMAGE: tot amount of vasculature (7417.8857) < quality threshold 
processing: 5690791_21016_0_0.png
processing: 5690791_21015_0_0.png
processing: 5690726_21016_0_0.png
  SKIPPING IMAGE: tot amount of vasculature (7715.0042) < quality threshold 
processing: 5690726_21015_0_0.png
  SKIPPING IMAGE: tot amount of vasculature (9748.0415) < quality threshold 
processing: 5690613_21016_0_0.png
processing: 5690613_21015_0_0.png
processing: 5690582_21016_0_0.png
  SKIPPING IMAGE: tot amount of vasculature (5821.0853) < quality threshold 
processing: 5690582_21015_0_0.png
  SKIPPING IMAGE: tot amount of vasculature (6492.3158) < quality threshold 
processing: 5690553_21016_0_0.png
processing: 5690553_21015_0_0.png
processing: 5690293_21016_1_0.png
processing: 5690293_21015_1_0.png
processing: 5690254_21016_0_0.png
processing: 5690254_21015_0_0.png
  SKIPPING IMAGE: tot amount of vasculature (10362.0708) < quality threshold 
processing: 5690143_21016_0_0.png
processing: 5690143_21015_0_0.png
processing: 5690139_21016_0_0.png
processing: 5690139_21015_0_0.png
processing: 5690121_21016_0_0.png
processing: 5690121_21015_0_0.png
  SKIPPING IMAGE: tot amount of vasculature (9988.4789) < quality threshold 
processing: 5690118_21016_0_0.png
processing: 5690118_21015_0_0.png
processing: 5690083_21016_0_0.png
processing: 5690083_21015_0_0.png
processing: 5690076_21016_1_0.png
  SKIPPING IMAGE: tot amount of vasculature (6693.0366) < quality threshold 
processing: 5690076_21015_1_0.png
  SKIPPING IMAGE: tot amount of vasculature (5367.3765) < quality threshold 
processing: 5690060_21016_0_0.png
processing: 5690060_21015_0_0.png
processing: 5690052_21016_0_0.png
processing: 5690052_21015_0_0.png
processing: 5689950_21016_1_0.png
  SKIPPING IMAGE: tot amount of vasculature (2950.6747) < quality threshold 
processing: 5689950_21015_1_0.png
processing: 5689921_21016_0_0.png
processing: 5689921_21015_0_0.png
processing: 5689801_21016_0_0.png
processing: 5689801_21015_0_0.png
processing: 5689756_21016_0_0.png
processing: 5689756_21015_0_0.png
processing: 5689742_21016_0_0.png
processing: 5689742_21015_0_0.png
processing: 5689689_21016_0_0.png
processing: 5689689_21015_0_0.png
processing: 5689654_21016_0_0.png
processing: 5689654_21015_0_0.png
  SKIPPING IMAGE: tot amount of vasculature (8667.1149) < quality threshold 
processing: 5689646_21016_0_0.png
processing: 5689646_21015_0_0.png
processing: 5689579_21016_1_0.png
  SKIPPING IMAGE: tot amount of vasculature (3162.75) < quality threshold 
processing: 5689579_21015_1_0.png
processing: 5689557_21016_0_0.png
processing: 5689557_21015_0_0.png
processing: 5689540_21016_0_0.png
processing: 5689540_21015_0_0.png
processing: 5689514_21016_0_0.png
processing: 5689514_21015_0_0.png
processing: 5689412_21016_1_0.png
  SKIPPING IMAGE: tot amount of vasculature (4267.2023) < quality threshold 
processing: 5689412_21015_1_0.png
  SKIPPING IMAGE: tot amount of vasculature (5924.0647) < quality threshold 
processing: 5689382_21016_0_0.png
processing: 5689382_21015_0_0.png
processing: 5689337_21016_0_0.png
processing: 5689337_21015_0_0.png
processing: 5689276_21016_0_0.png
processing: 5689276_21015_0_0.png
processing: 5689260_21016_0_0.png
processing: 5689260_21015_0_0.png
processing: 5689211_21016_0_0.png
processing: 5689211_21015_0_0.png
processing: 5689209_21016_0_0.png
processing: 5689209_21015_0_0.png
processing: 5689133_21016_0_0.png
  SKIPPING IMAGE: tot amount of vasculature (1845.6905) < quality threshold 
processing: 5689133_21015_0_0.png
  SKIPPING IMAGE: tot amount of vasculature (6006.5734) < quality threshold 
processing: 5688934_21016_1_0.png
  SKIPPING IMAGE: tot amount of vasculature (2985.6746) < quality threshold 
processing: 5688934_21015_1_0.png
processing: 5688870_21016_1_0.png
processing: 5688870_21015_1_0.png
processing: 5688853_21016_0_0.png
  SKIPPING IMAGE: tot amount of vasculature (5423.5846) < quality threshold 
processing: 5688853_21015_0_0.png
  SKIPPING IMAGE: tot amount of vasculature (1376.6475) < quality threshold 
processing: 5688740_21016_0_0.png
processing: 5688740_21015_0_0.png
processing: 5688706_21016_0_0.png
  SKIPPING IMAGE: tot amount of vasculature (1371.1616) < quality threshold 
processing: 5688706_21015_0_0.png
  SKIPPING IMAGE: tot amount of vasculature (4252.3792) < quality threshold 
processing: 5688671_21016_0_0.png
processing: 5688671_21015_0_0.png
processing: 5688602_21016_1_0.png
  SKIPPING IMAGE: tot amount of vasculature (258.5813) < quality threshold 
processing: 5688602_21015_1_0.png
processing: 5688590_21016_0_0.png
processing: 5688590_21015_0_0.png
processing: 5688563_21016_0_0.png
  SKIPPING IMAGE: tot amount of vasculature (8191.084) < quality threshold 
processing: 5688563_21015_0_0.png
  SKIPPING IMAGE: tot amount of vasculature (9895.8937) < quality threshold 
processing: 5688372_21016_0_0.png
processing: 5688372_21015_0_0.png
processing: 5688355_21016_0_0.png
processing: 5688355_21015_0_0.png
processing: 5688348_21016_1_0.png
processing: 5688348_21015_1_0.png
processing: 5688336_21016_0_0.png
processing: 5688336_21015_0_0.png
processing: 5688324_21016_0_0.png
processing: 5688324_21015_0_0.png
processing: 5688313_21016_0_0.png
  SKIPPING IMAGE: tot amount of vasculature (637.1361) < quality threshold 
processing: 5688313_21015_0_0.png
  SKIPPING IMAGE: tot amount of vasculature (1031.6162) < quality threshold 
processing: 5688250_21016_0_0.png
  SKIPPING IMAGE: tot amount of vasculature (7292.28) < quality threshold 
processing: 5688250_21015_0_0.png
  SKIPPING IMAGE: tot amount of vasculature (8665.9611) < quality threshold 
processing: 5688221_21016_0_0.png
processing: 5688221_21015_0_0.png
processing: 5688218_21016_0_0.png
processing: 5688218_21015_0_0.png
processing: 5688189_21016_0_0.png
processing: 5688189_21015_0_0.png
processing: 5688154_21016_1_0.png
  SKIPPING IMAGE: tot amount of vasculature (200.972) < quality threshold 
processing: 5688154_21015_1_0.png
  SKIPPING IMAGE: tot amount of vasculature (2472.8248) < quality threshold 
processing: 5687992_21016_1_0.png
processing: 5687992_21015_1_0.png
processing: 5687923_21016_0_0.png
processing: 5687923_21015_0_0.png
processing: 5687887_21016_1_0.png
processing: 5687887_21015_1_0.png
processing: 5687875_21016_0_0.png
  SKIPPING IMAGE: tot amount of vasculature (6793.5442) < quality threshold 
processing: 5687875_21015_0_0.png
processing: 5687858_21016_1_0.png
  SKIPPING IMAGE: tot amount of vasculature (4310.924) < quality threshold 
processing: 5687858_21016_0_0.png
processing: 5687858_21015_1_0.png
  SKIPPING IMAGE: tot amount of vasculature (4358.7195) < quality threshold 
processing: 5687858_21015_0_0.png
processing: 5687844_21016_0_0.png
processing: 5687844_21015_0_0.png
  SKIPPING IMAGE: tot amount of vasculature (8087.948) < quality threshold 
processing: 5687734_21016_0_0.png
processing: 5687734_21015_0_0.png
processing: 5687619_21016_0_0.png
  SKIPPING IMAGE: tot amount of vasculature (3882.6744) < quality threshold 
processing: 5687619_21015_0_0.png
  SKIPPING IMAGE: tot amount of vasculature (7996.8246) < quality threshold 
processing: 5687584_21016_0_0.png
processing: 5687584_21015_0_0.png
processing: 5687520_21016_1_0.png
  SKIPPING IMAGE: tot amount of vasculature (9721.8146) < quality threshold 
processing: 5687520_21015_1_0.png
  SKIPPING IMAGE: tot amount of vasculature (4059.2749) < quality threshold 
processing: 5687516_21016_0_0.png
processing: 5687516_21015_0_0.png
processing: 5687396_21016_0_0.png
processing: 5687396_21015_0_0.png
processing: 5687377_21016_0_0.png
processing: 5687377_21015_0_0.png
  SKIPPING IMAGE: tot amount of vasculature (2663.6013) < quality threshold 
processing: 5687318_21016_1_0.png
  SKIPPING IMAGE: tot amount of vasculature (12.5501) < quality threshold 
processing: 5687318_21015_1_0.png
  SKIPPING IMAGE: tot amount of vasculature (760.1791) < quality threshold 
processing: 5687173_21016_0_0.png
processing: 5687173_21015_0_0.png
processing: 5687035_21016_0_1.png
  SKIPPING IMAGE: tot amount of vasculature (290.5538) < quality threshold 
processing: 5687035_21016_0_0.png
  SKIPPING IMAGE: tot amount of vasculature (305.186) < quality threshold 
processing: 5687035_21015_0_0.png
  SKIPPING IMAGE: tot amount of vasculature (6699.9537) < quality threshold 
processing: 5686975_21016_0_0.png
  SKIPPING IMAGE: No vessels found
processing: 5686975_21015_0_0.png
  SKIPPING IMAGE: tot amount of vasculature (9333.6676) < quality threshold 
processing: 5686958_21016_0_0.png
processing: 5686958_21015_0_0.png
processing: 5686926_21016_1_0.png
processing: 5686926_21015_1_0.png
processing: 5686814_21016_0_0.png
  SKIPPING IMAGE: tot amount of vasculature (9911.7553) < quality threshold 
processing: 5686814_21015_0_0.png
processing: 5686764_21016_1_0.png
  SKIPPING IMAGE: tot amount of vasculature (10059.1394) < quality threshold 
processing: 5686764_21016_0_0.png
processing: 5686764_21015_1_0.png
  SKIPPING IMAGE: tot amount of vasculature (4777.4592) < quality threshold 
processing: 5686764_21015_0_0.png
processing: 5686682_21016_0_0.png
processing: 5686682_21015_0_0.png
processing: 5686637_21016_1_0.png
  SKIPPING IMAGE: tot amount of vasculature (7663.3378) < quality threshold 
processing: 5686637_21015_1_0.png
  SKIPPING IMAGE: tot amount of vasculature (4840.288) < quality threshold 
processing: 5686629_21016_0_0.png
processing: 5686629_21015_0_0.png
processing: 5686615_21016_0_0.png
processing: 5686615_21015_0_0.png
processing: 5686599_21016_0_0.png
processing: 5686599_21015_0_0.png
processing: 5686567_21016_0_0.png
  SKIPPING IMAGE: tot amount of vasculature (8156.6822) < quality threshold 
processing: 5686567_21015_0_0.png
processing: 5686490_21016_0_0.png
  SKIPPING IMAGE: tot amount of vasculature (2997.7697) < quality threshold 
processing: 5686490_21015_0_0.png
  SKIPPING IMAGE: tot amount of vasculature (4250.3952) < quality threshold 
processing: 5686419_21016_0_0.png
  SKIPPING IMAGE: tot amount of vasculature (129.5528) < quality threshold 
processing: 5686419_21015_0_0.png
  SKIPPING IMAGE: tot amount of vasculature (4223.7561) < quality threshold 
processing: 5686407_21016_0_0.png
  SKIPPING IMAGE: tot amount of vasculature (9736.0369) < quality threshold 
processing: 5686407_21015_0_0.png
  SKIPPING IMAGE: tot amount of vasculature (9283.4152) < quality threshold 
processing: 5686378_21016_0_0.png
processing: 5686378_21015_0_0.png
processing: 5686247_21016_0_0.png
  SKIPPING IMAGE: tot amount of vasculature (9067.2319) < quality threshold 
processing: 5686247_21015_0_0.png
  SKIPPING IMAGE: tot amount of vasculature (5943.9291) < quality threshold 
processing: 5686202_21016_0_0.png
  SKIPPING IMAGE: tot amount of vasculature (296.5919) < quality threshold 
processing: 5686202_21015_0_0.png
  SKIPPING IMAGE: No vessels found
processing: 5686183_21016_0_0.png
  SKIPPING IMAGE: tot amount of vasculature (992.5756) < quality threshold 
processing: 5686183_21015_0_0.png
  SKIPPING IMAGE: tot amount of vasculature (7197.8257) < quality threshold 
processing: 5686176_21016_0_0.png
processing: 5686176_21015_0_0.png
processing: 5686109_21016_0_0.png
processing: 5686109_21015_0_0.png
processing: 5686050_21016_1_0.png
processing: 5686050_21015_1_0.png
  SKIPPING IMAGE: tot amount of vasculature (9619.7384) < quality threshold 
processing: 5685925_21016_0_0.png
processing: 5685925_21015_0_0.png
processing: 5685886_21016_1_0.png
  SKIPPING IMAGE: tot amount of vasculature (2262.7664) < quality threshold 
processing: 5685886_21015_1_0.png
  SKIPPING IMAGE: No vessels found
processing: 5685851_21016_1_0.png
processing: 5685851_21015_1_0.png
processing: 5685812_21016_0_0.png
processing: 5685812_21015_0_0.png
  SKIPPING IMAGE: tot amount of vasculature (10277.211) < quality threshold 
processing: 5685623_21016_0_0.png
processing: 5685623_21015_0_0.png
processing: 5685606_21016_0_0.png
processing: 5685606_21015_0_0.png
  SKIPPING IMAGE: tot amount of vasculature (9938.6287) < quality threshold 
processing: 5685554_21016_0_0.png
  SKIPPING IMAGE: tot amount of vasculature (6730.5886) < quality threshold 
processing: 5685554_21015_0_0.png
  SKIPPING IMAGE: tot amount of vasculature (1535.1114) < quality threshold 
processing: 5685499_21016_1_0.png
  SKIPPING IMAGE: tot amount of vasculature (2498.7444) < quality threshold 
processing: 5685499_21015_1_0.png
processing: 5685472_21016_1_0.png
processing: 5685472_21015_1_0.png
processing: 5685467_21016_0_0.png
processing: 5685467_21015_0_0.png
processing: 5685345_21016_0_0.png
processing: 5685345_21015_0_1.png
processing: 5685345_21015_0_0.png
processing: 5685270_21016_0_0.png
processing: 5685270_21015_0_0.png
processing: 5685208_21016_1_0.png
processing: 5685208_21015_1_0.png
processing: 5685110_21016_0_0.png
processing: 5685110_21015_0_0.png
  SKIPPING IMAGE: tot amount of vasculature (3411.8627) < quality threshold 
processing: 5685103_21016_0_0.png
processing: 5685103_21015_0_0.png
processing: 5685068_21016_0_0.png
processing: 5685068_21015_0_0.png
processing: 5685059_21016_0_0.png
processing: 5685059_21015_0_0.png
processing: 5684980_21016_0_0.png
processing: 5684980_21015_0_0.png
processing: 5684955_21016_1_0.png
processing: 5684862_21016_0_0.png
processing: 5684862_21015_0_0.png
  SKIPPING IMAGE: tot amount of vasculature (3269.3118) < quality threshold 
processing: 5684768_21016_0_0.png
processing: 5684768_21015_0_0.png
  SKIPPING IMAGE: tot amount of vasculature (10669.2391) < quality threshold 
processing: 5684759_21016_0_0.png
processing: 5684759_21015_0_0.png
processing: 5684720_21016_0_0.png
processing: 5684720_21015_0_0.png
processing: 5684686_21016_1_0.png
  SKIPPING IMAGE: tot amount of vasculature (6964.2379) < quality threshold 
processing: 5684686_21015_1_0.png
  SKIPPING IMAGE: tot amount of vasculature (8645.3928) < quality threshold 
processing: 5684597_21016_0_0.png
processing: 5684597_21015_0_0.png
processing: 5684583_21016_0_0.png
processing: 5684583_21015_0_0.png
  SKIPPING IMAGE: tot amount of vasculature (7793.4006) < quality threshold 
processing: 5684528_21016_0_0.png
processing: 5684528_21015_0_0.png
processing: 5684454_21016_0_0.png
processing: 5684454_21015_0_0.png
processing: 5684422_21016_0_0.png
  SKIPPING IMAGE: tot amount of vasculature (4433.8338) < quality threshold 
processing: 5684422_21015_0_0.png
  SKIPPING IMAGE: tot amount of vasculature (5988.8469) < quality threshold 
processing: 5684369_21016_0_0.png
processing: 5684369_21015_0_0.png
processing: 5684344_21016_0_0.png
  SKIPPING IMAGE: tot amount of vasculature (10884.0927) < quality threshold 
processing: 5684344_21015_0_0.png
processing: 5684292_21016_0_0.png
processing: 5684292_21015_0_0.png
processing: 5684240_21016_0_0.png
  SKIPPING IMAGE: tot amount of vasculature (1665.2091) < quality threshold 
processing: 5684231_21016_1_0.png
processing: 5684231_21015_1_0.png
processing: 5684206_21016_0_0.png
  SKIPPING IMAGE: tot amount of vasculature (2890.2624) < quality threshold 
processing: 5684206_21015_0_0.png
  SKIPPING IMAGE: tot amount of vasculature (10242.9844) < quality threshold 
processing: 5684070_21016_1_0.png
  SKIPPING IMAGE: tot amount of vasculature (7732.7458) < quality threshold 
processing: 5684070_21015_1_0.png
  SKIPPING IMAGE: tot amount of vasculature (10374.8172) < quality threshold 
processing: 5683986_21016_1_0.png
processing: 5683986_21015_1_0.png
processing: 5683951_21016_0_0.png
processing: 5683951_21015_0_0.png
processing: 5683912_21016_0_0.png
  SKIPPING IMAGE: tot amount of vasculature (3538.4008) < quality threshold 
processing: 5683912_21015_0_0.png
  SKIPPING IMAGE: tot amount of vasculature (2467.4807) < quality threshold 
processing: 5683787_21016_0_0.png
  SKIPPING IMAGE: tot amount of vasculature (6766.6408) < quality threshold 
processing: 5683787_21015_0_0.png
  SKIPPING IMAGE: tot amount of vasculature (7848.9207) < quality threshold 
processing: 5683744_21016_0_0.png
processing: 5683744_21015_0_0.png
  SKIPPING IMAGE: tot amount of vasculature (7643.629) < quality threshold 
processing: 5683680_21016_1_0.png
  SKIPPING IMAGE: tot amount of vasculature (6423.8943) < quality threshold 
processing: 5683680_21015_1_0.png
  SKIPPING IMAGE: tot amount of vasculature (3870.2999) < quality threshold 
processing: 5683601_21016_0_0.png
processing: 5683601_21015_0_0.png
processing: 5683553_21016_0_0.png
processing: 5683553_21015_0_0.png
processing: 5683541_21016_0_0.png
processing: 5683541_21015_0_0.png
processing: 5683529_21016_0_0.png
processing: 5683529_21015_0_0.png
processing: 5683492_21016_0_0.png
  SKIPPING IMAGE: tot amount of vasculature (6.5481) < quality threshold 
processing: 5683492_21015_0_0.png
  SKIPPING IMAGE: tot amount of vasculature (5493.7269) < quality threshold 
processing: 5683488_21016_0_0.png
processing: 5683488_21015_0_0.png
processing: 5683465_21016_0_0.png
processing: 5683465_21015_0_0.png
processing: 5683431_21016_0_0.png
  SKIPPING IMAGE: tot amount of vasculature (3565.6325) < quality threshold 
processing: 5683431_21015_0_0.png
  SKIPPING IMAGE: tot amount of vasculature (6409.2845) < quality threshold 
processing: 5683414_21016_1_0.png
  SKIPPING IMAGE: tot amount of vasculature (4473.8586) < quality threshold 
processing: 5683414_21015_1_0.png
processing: 5683333_21016_0_0.png
processing: 5683333_21015_0_0.png
FINISHED: .mat files have been written to: /data/FAC/FBM/DBC/sbergman/retina/UKBiob/fundus/REVIEW//CLRIS/
execution time: 1699 sec
