------------------------------------------
Setting up environment variables
---
LD_LIBRARY_PATH is .:/software/Development/Languages/Matlab_Compiler_Runtime/96/runtime/glnxa64:/software/Development/Languages/Matlab_Compiler_Runtime/96/bin/glnxa64:/software/Development/Languages/Matlab_Compiler_Runtime/96/sys/os/glnxa64:/software/Development/Languages/Matlab_Compiler_Runtime/96/sys/opengl/lib/glnxa64
Running vessel measurements...
processing: 5386297_21016_0_0.png
processing: 5386297_21015_0_0.png
processing: 5386283_21016_1_0.png
processing: 5386283_21015_1_0.png
  SKIPPING IMAGE: tot amount of vasculature (9200.1112) < quality threshold 
processing: 5386171_21016_0_0.png
processing: 5386171_21015_0_0.png
processing: 5386102_21016_0_0.png
processing: 5386102_21015_0_0.png
processing: 5386091_21016_0_0.png
processing: 5386091_21015_0_0.png
processing: 5385838_21016_0_1.png
  SKIPPING IMAGE: tot amount of vasculature (5820.6478) < quality threshold 
processing: 5385838_21016_0_0.png
  SKIPPING IMAGE: tot amount of vasculature (9159.6396) < quality threshold 
processing: 5385838_21015_0_1.png
  SKIPPING IMAGE: tot amount of vasculature (7913.4326) < quality threshold 
processing: 5385838_21015_0_0.png
  SKIPPING IMAGE: tot amount of vasculature (3322.7282) < quality threshold 
processing: 5385636_21016_0_0.png
processing: 5385636_21015_0_0.png
processing: 5385553_21016_1_0.png
processing: 5385553_21015_1_0.png
processing: 5385541_21016_0_0.png
  SKIPPING IMAGE: tot amount of vasculature (7790.246) < quality threshold 
processing: 5385541_21015_0_0.png
processing: 5385431_21016_0_0.png
processing: 5385431_21015_0_0.png
processing: 5385423_21016_0_0.png
processing: 5385423_21015_0_0.png
  SKIPPING IMAGE: tot amount of vasculature (8815.781) < quality threshold 
processing: 5385384_21016_0_0.png
  SKIPPING IMAGE: tot amount of vasculature (7995.1228) < quality threshold 
processing: 5385384_21015_0_0.png
  SKIPPING IMAGE: tot amount of vasculature (4527.6567) < quality threshold 
processing: 5385371_21016_0_0.png
processing: 5385371_21015_0_0.png
processing: 5385333_21016_0_0.png
processing: 5385333_21015_0_0.png
processing: 5385320_21016_0_0.png
processing: 5385320_21015_0_0.png
processing: 5385293_21016_0_0.png
processing: 5385293_21015_0_0.png
processing: 5385185_21016_0_0.png
processing: 5385185_21015_0_0.png
processing: 5385143_21016_0_0.png
  SKIPPING IMAGE: tot amount of vasculature (10747.285) < quality threshold 
processing: 5385143_21015_0_0.png
processing: 5385097_21016_0_0.png
  SKIPPING IMAGE: tot amount of vasculature (10607.4107) < quality threshold 
processing: 5385097_21015_0_0.png
processing: 5384965_21016_0_0.png
processing: 5384965_21015_0_0.png
processing: 5384906_21016_0_0.png
processing: 5384906_21015_0_0.png
  SKIPPING IMAGE: tot amount of vasculature (9396.6968) < quality threshold 
processing: 5384858_21016_0_0.png
processing: 5384858_21015_0_0.png
processing: 5384797_21016_1_0.png
processing: 5384797_21015_1_0.png
processing: 5384711_21016_0_0.png
processing: 5384711_21015_0_0.png
processing: 5384690_21016_1_0.png
  SKIPPING IMAGE: tot amount of vasculature (3193.5313) < quality threshold 
processing: 5384690_21015_1_0.png
  SKIPPING IMAGE: tot amount of vasculature (10025.524) < quality threshold 
processing: 5384607_21016_0_0.png
processing: 5384607_21015_0_0.png
processing: 5384595_21016_0_0.png
processing: 5384595_21015_0_0.png
processing: 5384516_21016_0_0.png
  SKIPPING IMAGE: tot amount of vasculature (1374.0213) < quality threshold 
processing: 5384516_21015_0_0.png
  SKIPPING IMAGE: tot amount of vasculature (10244.5985) < quality threshold 
processing: 5384470_21016_1_0.png
processing: 5384470_21015_1_0.png
processing: 5384339_21016_0_0.png
processing: 5384339_21015_0_0.png
processing: 5384127_21016_0_0.png
processing: 5384127_21015_0_0.png
processing: 5384112_21016_0_0.png
  SKIPPING IMAGE: tot amount of vasculature (5836.5863) < quality threshold 
processing: 5384112_21015_0_0.png
  SKIPPING IMAGE: tot amount of vasculature (6943.2207) < quality threshold 
processing: 5383981_21016_0_0.png
processing: 5383981_21015_0_0.png
processing: 5383938_21016_1_0.png
processing: 5383938_21015_1_0.png
  SKIPPING IMAGE: tot amount of vasculature (10020.7483) < quality threshold 
processing: 5383919_21016_1_0.png
processing: 5383919_21015_1_0.png
processing: 5383898_21016_0_0.png
processing: 5383898_21015_0_0.png
processing: 5383805_21016_0_0.png
processing: 5383805_21015_0_0.png
processing: 5383762_21016_1_0.png
  SKIPPING IMAGE: tot amount of vasculature (2436.3448) < quality threshold 
processing: 5383762_21015_1_0.png
  SKIPPING IMAGE: tot amount of vasculature (8170.4414) < quality threshold 
processing: 5383718_21016_1_0.png
  SKIPPING IMAGE: tot amount of vasculature (664.6367) < quality threshold 
processing: 5383718_21015_1_0.png
  SKIPPING IMAGE: tot amount of vasculature (6518.9042) < quality threshold 
processing: 5383704_21016_0_0.png
  SKIPPING IMAGE: tot amount of vasculature (10719.9773) < quality threshold 
processing: 5383704_21015_0_0.png
  SKIPPING IMAGE: tot amount of vasculature (6662.9537) < quality threshold 
processing: 5383657_21016_1_0.png
  SKIPPING IMAGE: tot amount of vasculature (10205.5541) < quality threshold 
processing: 5383657_21015_1_0.png
  SKIPPING IMAGE: tot amount of vasculature (7103.7713) < quality threshold 
processing: 5383640_21016_1_0.png
  SKIPPING IMAGE: tot amount of vasculature (6072.1325) < quality threshold 
processing: 5383640_21015_1_0.png
  SKIPPING IMAGE: tot amount of vasculature (6206.0318) < quality threshold 
processing: 5383623_21016_0_0.png
processing: 5383623_21015_0_0.png
processing: 5383606_21016_1_0.png
  SKIPPING IMAGE: tot amount of vasculature (4159.0664) < quality threshold 
processing: 5383606_21015_1_0.png
  SKIPPING IMAGE: tot amount of vasculature (6068.6221) < quality threshold 
processing: 5383448_21016_1_0.png
  SKIPPING IMAGE: tot amount of vasculature (397.7536) < quality threshold 
processing: 5383448_21016_0_0.png
  SKIPPING IMAGE: tot amount of vasculature (5415.5609) < quality threshold 
processing: 5383448_21015_1_0.png
  SKIPPING IMAGE: tot amount of vasculature (5041.242) < quality threshold 
processing: 5383448_21015_0_0.png
  SKIPPING IMAGE: tot amount of vasculature (9512.9226) < quality threshold 
processing: 5383401_21016_0_0.png
processing: 5383401_21015_0_0.png
processing: 5383309_21016_1_0.png
processing: 5383309_21015_1_0.png
  SKIPPING IMAGE: tot amount of vasculature (10114.1232) < quality threshold 
processing: 5383191_21016_0_0.png
processing: 5383191_21015_0_0.png
  SKIPPING IMAGE: tot amount of vasculature (9418.0435) < quality threshold 
processing: 5383144_21016_0_0.png
processing: 5383144_21015_0_0.png
processing: 5383033_21016_0_0.png
  SKIPPING IMAGE: tot amount of vasculature (10612.0849) < quality threshold 
processing: 5383033_21015_0_0.png
  SKIPPING IMAGE: tot amount of vasculature (7047.4888) < quality threshold 
processing: 5383020_21016_0_0.png
processing: 5383020_21015_0_0.png
processing: 5382994_21016_0_0.png
processing: 5382994_21015_0_0.png
  SKIPPING IMAGE: tot amount of vasculature (7077.2986) < quality threshold 
processing: 5382966_21016_0_0.png
  SKIPPING IMAGE: tot amount of vasculature (1370.538) < quality threshold 
processing: 5382966_21015_0_0.png
  SKIPPING IMAGE: tot amount of vasculature (6038.4783) < quality threshold 
processing: 5382929_21016_0_0.png
  SKIPPING IMAGE: tot amount of vasculature (4492.3621) < quality threshold 
processing: 5382929_21015_0_0.png
processing: 5382897_21016_0_0.png
  SKIPPING IMAGE: tot amount of vasculature (8476.2741) < quality threshold 
processing: 5382897_21015_0_0.png
  SKIPPING IMAGE: tot amount of vasculature (1502.255) < quality threshold 
processing: 5382700_21016_0_0.png
  SKIPPING IMAGE: tot amount of vasculature (4791.4219) < quality threshold 
processing: 5382700_21015_0_0.png
  SKIPPING IMAGE: tot amount of vasculature (3076.4041) < quality threshold 
processing: 5382603_21016_0_0.png
processing: 5382603_21015_0_0.png
processing: 5382518_21016_1_0.png
  SKIPPING IMAGE: tot amount of vasculature (3065.0424) < quality threshold 
processing: 5382518_21015_1_0.png
  SKIPPING IMAGE: tot amount of vasculature (8736.2903) < quality threshold 
processing: 5382495_21016_0_0.png
  SKIPPING IMAGE: tot amount of vasculature (454.8573) < quality threshold 
processing: 5382495_21015_0_0.png
processing: 5382416_21016_0_0.png
processing: 5382416_21015_0_0.png
processing: 5382330_21016_0_0.png
processing: 5382330_21015_0_0.png
processing: 5382219_21016_0_0.png
processing: 5382219_21015_0_0.png
  SKIPPING IMAGE: tot amount of vasculature (4252.3976) < quality threshold 
processing: 5382192_21016_0_0.png
  SKIPPING IMAGE: tot amount of vasculature (9663.0545) < quality threshold 
processing: 5382192_21015_0_0.png
  SKIPPING IMAGE: tot amount of vasculature (7191.0682) < quality threshold 
processing: 5382131_21016_0_0.png
  SKIPPING IMAGE: tot amount of vasculature (5638.9637) < quality threshold 
processing: 5382131_21015_0_0.png
processing: 5382114_21016_0_0.png
processing: 5382114_21015_0_0.png
processing: 5381954_21016_0_0.png
processing: 5381954_21015_0_0.png
processing: 5381895_21016_0_0.png
processing: 5381895_21015_0_0.png
processing: 5381782_21016_0_0.png
  SKIPPING IMAGE: tot amount of vasculature (6629.7593) < quality threshold 
processing: 5381782_21015_0_0.png
  SKIPPING IMAGE: tot amount of vasculature (6954.94) < quality threshold 
processing: 5381766_21016_0_0.png
processing: 5381766_21015_0_0.png
  SKIPPING IMAGE: tot amount of vasculature (9743.2937) < quality threshold 
processing: 5381753_21016_1_0.png
processing: 5381753_21015_1_0.png
processing: 5381715_21016_0_0.png
  SKIPPING IMAGE: tot amount of vasculature (3280.8282) < quality threshold 
processing: 5381715_21015_0_0.png
  SKIPPING IMAGE: tot amount of vasculature (8042.4737) < quality threshold 
processing: 5381643_21016_0_1.png
Warning: No vessels found in 5381643_21016_0_1
> In Vessel_Data_IO.load_from_file (line 183)
  In REVIEW_evaluate_diameter_measurements (line 125)
  In ARIA_run_tests (line 209)
  SKIPPING IMAGE: No vessels found
processing: 5381643_21016_0_0.png
  SKIPPING IMAGE: No vessels found
processing: 5381643_21015_0_0.png
  SKIPPING IMAGE: tot amount of vasculature (764.9951) < quality threshold 
processing: 5381575_21016_0_0.png
processing: 5381575_21015_0_0.png
processing: 5381558_21016_0_0.png
processing: 5381558_21015_0_0.png
processing: 5381532_21016_0_0.png
processing: 5381532_21015_0_0.png
processing: 5381483_21016_0_0.png
  SKIPPING IMAGE: tot amount of vasculature (3049.5308) < quality threshold 
processing: 5381483_21015_0_0.png
  SKIPPING IMAGE: tot amount of vasculature (129.9977) < quality threshold 
processing: 5381460_21016_0_0.png
processing: 5381460_21015_0_0.png
processing: 5381428_21016_0_0.png
  SKIPPING IMAGE: tot amount of vasculature (4123.198) < quality threshold 
processing: 5381428_21015_0_0.png
  SKIPPING IMAGE: tot amount of vasculature (2012.3535) < quality threshold 
processing: 5381390_21016_0_0.png
  SKIPPING IMAGE: tot amount of vasculature (7436.0059) < quality threshold 
processing: 5381390_21015_0_0.png
  SKIPPING IMAGE: tot amount of vasculature (8024.8576) < quality threshold 
processing: 5381374_21016_0_0.png
  SKIPPING IMAGE: tot amount of vasculature (9521.1682) < quality threshold 
processing: 5381374_21015_0_0.png
  SKIPPING IMAGE: tot amount of vasculature (7646.5738) < quality threshold 
processing: 5381338_21016_1_0.png
  SKIPPING IMAGE: tot amount of vasculature (8181.4929) < quality threshold 
processing: 5381338_21016_0_0.png
processing: 5381338_21015_1_0.png
  SKIPPING IMAGE: tot amount of vasculature (10419.46) < quality threshold 
processing: 5381338_21015_0_0.png
processing: 5381319_21016_0_0.png
processing: 5381319_21015_0_0.png
processing: 5381264_21016_0_0.png
processing: 5381264_21015_0_0.png
processing: 5381251_21016_0_0.png
  SKIPPING IMAGE: tot amount of vasculature (10949.023) < quality threshold 
processing: 5381251_21015_0_0.png
processing: 5381205_21016_1_0.png
processing: 5381205_21016_0_0.png
processing: 5381205_21015_1_0.png
processing: 5381205_21015_0_0.png
processing: 5381167_21016_0_0.png
processing: 5381113_21016_0_0.png
  SKIPPING IMAGE: tot amount of vasculature (7610.2475) < quality threshold 
processing: 5381113_21015_0_0.png
  SKIPPING IMAGE: tot amount of vasculature (4225.7461) < quality threshold 
processing: 5380997_21016_0_0.png
processing: 5380997_21015_0_0.png
processing: 5380740_21016_0_0.png
processing: 5380740_21015_0_0.png
processing: 5380684_21016_0_0.png
processing: 5380684_21015_0_0.png
processing: 5380469_21016_0_0.png
processing: 5380444_21016_0_0.png
processing: 5380444_21015_0_0.png
processing: 5380380_21016_0_0.png
processing: 5380380_21015_0_0.png
processing: 5380218_21016_0_0.png
processing: 5380218_21015_0_0.png
processing: 5380161_21016_0_0.png
processing: 5380161_21015_0_0.png
processing: 5380146_21016_0_0.png
  SKIPPING IMAGE: tot amount of vasculature (2666.622) < quality threshold 
processing: 5380146_21015_0_0.png
processing: 5380100_21016_0_0.png
processing: 5380100_21015_0_0.png
  SKIPPING IMAGE: tot amount of vasculature (9821.4996) < quality threshold 
processing: 5380005_21016_1_0.png
processing: 5380005_21015_1_0.png
processing: 5379993_21016_0_0.png
processing: 5379993_21015_0_0.png
  SKIPPING IMAGE: tot amount of vasculature (9674.4984) < quality threshold 
processing: 5379989_21016_1_0.png
  SKIPPING IMAGE: tot amount of vasculature (10127.4252) < quality threshold 
processing: 5379989_21015_1_0.png
processing: 5379859_21016_0_0.png
processing: 5379859_21015_0_0.png
  SKIPPING IMAGE: tot amount of vasculature (10663.3971) < quality threshold 
processing: 5379816_21016_0_0.png
processing: 5379816_21015_0_0.png
processing: 5379753_21016_0_0.png
  SKIPPING IMAGE: tot amount of vasculature (4802.6328) < quality threshold 
processing: 5379753_21015_0_0.png
  SKIPPING IMAGE: tot amount of vasculature (2429.6728) < quality threshold 
processing: 5379696_21016_0_0.png
processing: 5379696_21015_0_0.png
processing: 5379662_21016_0_0.png
processing: 5379662_21015_0_0.png
processing: 5379650_21016_1_0.png
processing: 5379650_21015_1_0.png
processing: 5379643_21016_1_0.png
processing: 5379643_21015_1_0.png
processing: 5379575_21016_1_0.png
processing: 5379575_21015_1_0.png
processing: 5379460_21016_0_0.png
processing: 5379460_21015_0_0.png
processing: 5379445_21016_1_0.png
processing: 5379445_21016_0_0.png
processing: 5379445_21015_1_0.png
processing: 5379445_21015_0_0.png
processing: 5379411_21016_0_0.png
processing: 5379411_21015_0_0.png
  SKIPPING IMAGE: tot amount of vasculature (9963.3374) < quality threshold 
processing: 5379338_21016_0_0.png
processing: 5379338_21015_0_0.png
processing: 5379325_21016_0_0.png
processing: 5379325_21015_0_0.png
processing: 5379230_21016_0_0.png
processing: 5379230_21015_0_0.png
processing: 5379199_21016_0_0.png
processing: 5379199_21015_0_0.png
processing: 5379136_21016_0_0.png
processing: 5379136_21015_0_0.png
processing: 5379092_21016_0_0.png
  SKIPPING IMAGE: tot amount of vasculature (10548.0901) < quality threshold 
processing: 5379092_21015_0_0.png
processing: 5379031_21016_0_0.png
processing: 5379031_21015_0_0.png
processing: 5378986_21016_1_0.png
processing: 5378986_21016_0_0.png
processing: 5378986_21015_1_0.png
processing: 5378986_21015_0_0.png
processing: 5378930_21016_0_0.png
  SKIPPING IMAGE: tot amount of vasculature (10064.3121) < quality threshold 
processing: 5378930_21015_0_0.png
processing: 5378874_21016_0_0.png
  SKIPPING IMAGE: tot amount of vasculature (10670.771) < quality threshold 
processing: 5378874_21015_0_0.png
processing: 5378856_21016_1_0.png
  SKIPPING IMAGE: tot amount of vasculature (1549.7685) < quality threshold 
processing: 5378856_21015_1_0.png
  SKIPPING IMAGE: tot amount of vasculature (2050.6686) < quality threshold 
processing: 5378842_21016_0_0.png
processing: 5378842_21015_0_0.png
processing: 5378819_21016_0_0.png
  SKIPPING IMAGE: tot amount of vasculature (8021.4426) < quality threshold 
processing: 5378819_21015_0_0.png
  SKIPPING IMAGE: tot amount of vasculature (3768.2017) < quality threshold 
processing: 5378726_21016_1_0.png
processing: 5378726_21015_1_0.png
processing: 5378601_21016_0_0.png
  SKIPPING IMAGE: tot amount of vasculature (4572.9753) < quality threshold 
processing: 5378601_21015_0_0.png
  SKIPPING IMAGE: tot amount of vasculature (599.0817) < quality threshold 
processing: 5378488_21016_0_0.png
processing: 5378488_21015_0_0.png
processing: 5378431_21016_0_0.png
processing: 5378431_21015_0_0.png
processing: 5378347_21016_0_0.png
  SKIPPING IMAGE: tot amount of vasculature (5021.8815) < quality threshold 
processing: 5378347_21015_0_0.png
  SKIPPING IMAGE: tot amount of vasculature (2806.4112) < quality threshold 
processing: 5378333_21016_0_0.png
  SKIPPING IMAGE: tot amount of vasculature (9918.0876) < quality threshold 
processing: 5378333_21015_0_0.png
processing: 5378217_21016_0_0.png
processing: 5378217_21015_0_0.png
processing: 5378150_21016_0_0.png
processing: 5378150_21015_0_0.png
processing: 5378121_21016_0_0.png
processing: 5378121_21015_0_0.png
processing: 5378104_21016_0_0.png
  SKIPPING IMAGE: tot amount of vasculature (8073.8191) < quality threshold 
processing: 5378104_21015_0_0.png
  SKIPPING IMAGE: tot amount of vasculature (4198.5224) < quality threshold 
processing: 5378052_21016_0_0.png
  SKIPPING IMAGE: tot amount of vasculature (7577.7328) < quality threshold 
processing: 5378052_21015_0_0.png
  SKIPPING IMAGE: tot amount of vasculature (10421.7244) < quality threshold 
processing: 5378045_21016_0_0.png
processing: 5378045_21015_0_0.png
processing: 5377903_21016_0_0.png
  SKIPPING IMAGE: tot amount of vasculature (3523.8257) < quality threshold 
processing: 5377903_21015_0_0.png
  SKIPPING IMAGE: tot amount of vasculature (2146.7144) < quality threshold 
processing: 5377865_21016_0_0.png
processing: 5377865_21015_0_0.png
processing: 5377730_21016_0_0.png
  SKIPPING IMAGE: tot amount of vasculature (9637.6057) < quality threshold 
processing: 5377730_21015_0_0.png
  SKIPPING IMAGE: tot amount of vasculature (6549.7229) < quality threshold 
processing: 5377712_21016_0_0.png
  SKIPPING IMAGE: tot amount of vasculature (1507.0655) < quality threshold 
processing: 5377712_21015_0_0.png
  SKIPPING IMAGE: tot amount of vasculature (7815.559) < quality threshold 
processing: 5377572_21016_0_0.png
processing: 5377572_21015_0_0.png
processing: 5377536_21016_0_0.png
processing: 5377536_21015_0_0.png
  SKIPPING IMAGE: tot amount of vasculature (9349.3401) < quality threshold 
processing: 5377524_21016_0_0.png
processing: 5377524_21015_0_0.png
processing: 5377474_21016_0_0.png
  SKIPPING IMAGE: tot amount of vasculature (9754.9142) < quality threshold 
processing: 5377474_21015_0_0.png
  SKIPPING IMAGE: tot amount of vasculature (10952.5665) < quality threshold 
processing: 5377463_21016_0_0.png
FINISHED: .mat files have been written to: /data/FAC/FBM/DBC/sbergman/retina/UKBiob/fundus/REVIEW//CLRIS/
execution time: 1597 sec
