------------------------------------------
Setting up environment variables
---
LD_LIBRARY_PATH is .:/software/Development/Languages/Matlab_Compiler_Runtime/96/runtime/glnxa64:/software/Development/Languages/Matlab_Compiler_Runtime/96/bin/glnxa64:/software/Development/Languages/Matlab_Compiler_Runtime/96/sys/os/glnxa64:/software/Development/Languages/Matlab_Compiler_Runtime/96/sys/opengl/lib/glnxa64
Running vessel measurements...
processing: 5421055_21016_0_0.png
processing: 5421055_21015_0_0.png
processing: 5421048_21016_0_0.png
processing: 5421048_21015_0_0.png
processing: 5420995_21016_0_0.png
  SKIPPING IMAGE: tot amount of vasculature (8998.1723) < quality threshold 
processing: 5420995_21015_0_0.png
processing: 5420947_21016_0_0.png
processing: 5420947_21015_0_0.png
  SKIPPING IMAGE: tot amount of vasculature (6997.8843) < quality threshold 
processing: 5420846_21016_0_0.png
processing: 5420846_21015_0_0.png
processing: 5420586_21016_0_0.png
processing: 5420586_21015_0_0.png
processing: 5420477_21016_0_0.png
  SKIPPING IMAGE: tot amount of vasculature (9595.207) < quality threshold 
processing: 5420477_21015_0_0.png
processing: 5420421_21016_0_0.png
processing: 5420421_21015_0_0.png
processing: 5420287_21016_0_0.png
processing: 5420287_21015_0_0.png
processing: 5420141_21016_0_0.png
processing: 5420141_21015_0_0.png
processing: 5420137_21016_1_0.png
  SKIPPING IMAGE: tot amount of vasculature (5748.7913) < quality threshold 
processing: 5420137_21015_1_0.png
  SKIPPING IMAGE: tot amount of vasculature (9137.3254) < quality threshold 
processing: 5420115_21016_1_0.png
processing: 5420115_21015_1_0.png
processing: 5420081_21016_1_0.png
processing: 5420081_21015_1_0.png
processing: 5420074_21016_0_0.png
processing: 5420074_21015_0_0.png
processing: 5419978_21016_0_0.png
processing: 5419978_21015_0_0.png
processing: 5419961_21016_0_0.png
processing: 5419961_21015_0_0.png
  SKIPPING IMAGE: tot amount of vasculature (6419.4816) < quality threshold 
processing: 5419871_21016_0_0.png
processing: 5419871_21015_0_0.png
processing: 5419820_21016_0_0.png
  SKIPPING IMAGE: tot amount of vasculature (543.8604) < quality threshold 
processing: 5419820_21015_0_0.png
processing: 5419794_21016_1_0.png
  SKIPPING IMAGE: tot amount of vasculature (314.9798) < quality threshold 
processing: 5419794_21015_1_0.png
  SKIPPING IMAGE: tot amount of vasculature (2683.2197) < quality threshold 
processing: 5419741_21016_0_0.png
processing: 5419741_21015_0_0.png
processing: 5419696_21016_0_0.png
  SKIPPING IMAGE: tot amount of vasculature (8129.2519) < quality threshold 
processing: 5419696_21015_0_0.png
  SKIPPING IMAGE: tot amount of vasculature (2176.409) < quality threshold 
processing: 5419604_21016_0_0.png
  SKIPPING IMAGE: tot amount of vasculature (5489.0931) < quality threshold 
processing: 5419604_21015_0_0.png
  SKIPPING IMAGE: tot amount of vasculature (5225.415) < quality threshold 
processing: 5419476_21016_0_0.png
  SKIPPING IMAGE: tot amount of vasculature (4397.0252) < quality threshold 
processing: 5419476_21015_0_0.png
  SKIPPING IMAGE: tot amount of vasculature (2400.065) < quality threshold 
processing: 5419460_21016_0_0.png
processing: 5419460_21015_0_0.png
processing: 5419411_21016_0_0.png
processing: 5419411_21015_0_0.png
processing: 5419381_21016_0_0.png
  SKIPPING IMAGE: tot amount of vasculature (10190.4884) < quality threshold 
processing: 5419381_21015_0_0.png
processing: 5419338_21016_1_0.png
  SKIPPING IMAGE: tot amount of vasculature (3089.3016) < quality threshold 
processing: 5419338_21015_1_0.png
  SKIPPING IMAGE: tot amount of vasculature (3156.2669) < quality threshold 
processing: 5419325_21016_0_0.png
  SKIPPING IMAGE: tot amount of vasculature (123.9217) < quality threshold 
processing: 5419325_21015_0_0.png
  SKIPPING IMAGE: tot amount of vasculature (7.0235) < quality threshold 
processing: 5419227_21016_0_0.png
processing: 5419227_21015_0_0.png
processing: 5419199_21016_0_0.png
processing: 5419199_21015_0_0.png
processing: 5419180_21016_0_0.png
processing: 5419180_21015_0_0.png
processing: 5419172_21016_0_0.png
processing: 5419172_21015_0_0.png
processing: 5419065_21016_1_0.png
processing: 5419065_21015_1_0.png
processing: 5419057_21016_1_0.png
processing: 5419057_21015_1_0.png
processing: 5419023_21016_0_0.png
processing: 5419023_21015_0_0.png
processing: 5418973_21016_1_0.png
  SKIPPING IMAGE: tot amount of vasculature (2567.3508) < quality threshold 
processing: 5418973_21015_1_0.png
  SKIPPING IMAGE: tot amount of vasculature (15.8792) < quality threshold 
processing: 5418912_21016_0_0.png
  SKIPPING IMAGE: tot amount of vasculature (7142.6014) < quality threshold 
processing: 5418912_21015_0_0.png
processing: 5418874_21016_0_0.png
processing: 5418874_21015_0_0.png
  SKIPPING IMAGE: tot amount of vasculature (10215.9004) < quality threshold 
processing: 5418856_21016_0_0.png
processing: 5418856_21015_0_0.png
processing: 5418825_21016_0_0.png
  SKIPPING IMAGE: tot amount of vasculature (7318.8401) < quality threshold 
processing: 5418825_21015_0_0.png
  SKIPPING IMAGE: tot amount of vasculature (10018.6302) < quality threshold 
processing: 5418703_21016_0_0.png
processing: 5418703_21015_0_0.png
processing: 5418680_21016_0_0.png
processing: 5418680_21015_0_0.png
processing: 5418655_21016_0_0.png
processing: 5418655_21015_0_0.png
processing: 5418636_21016_1_0.png
  SKIPPING IMAGE: tot amount of vasculature (2867.3797) < quality threshold 
processing: 5418636_21015_1_0.png
  SKIPPING IMAGE: tot amount of vasculature (2971.2677) < quality threshold 
processing: 5418529_21016_0_0.png
  SKIPPING IMAGE: tot amount of vasculature (9448.2318) < quality threshold 
processing: 5418529_21015_0_0.png
processing: 5418515_21016_0_0.png
processing: 5418515_21015_0_0.png
processing: 5418508_21016_1_0.png
processing: 5418508_21015_1_0.png
processing: 5418479_21016_0_0.png
  SKIPPING IMAGE: tot amount of vasculature (8815.2843) < quality threshold 
processing: 5418479_21015_0_0.png
processing: 5418457_21016_0_0.png
processing: 5418457_21015_0_0.png
processing: 5418423_21016_0_0.png
processing: 5418423_21015_0_0.png
processing: 5418395_21016_0_0.png
  SKIPPING IMAGE: tot amount of vasculature (9459.5255) < quality threshold 
processing: 5418395_21015_0_0.png
processing: 5418371_21016_0_0.png
processing: 5418371_21015_0_0.png
processing: 5418359_21016_0_0.png
processing: 5418359_21015_0_0.png
processing: 5418289_21016_0_0.png
Warning: No vessels found in 5418289_21016_0_0
> In Vessel_Data_IO.load_from_file (line 183)
  In REVIEW_evaluate_diameter_measurements (line 125)
  In ARIA_run_tests (line 209)
  SKIPPING IMAGE: No vessels found
processing: 5418289_21015_0_0.png
processing: 5418235_21016_0_0.png
processing: 5418235_21015_0_0.png
processing: 5418185_21016_0_0.png
processing: 5418185_21015_0_0.png
  SKIPPING IMAGE: tot amount of vasculature (9327.018) < quality threshold 
processing: 5418177_21016_0_1.png
processing: 5418177_21016_0_0.png
processing: 5418177_21015_0_0.png
processing: 5418150_21016_0_0.png
processing: 5418150_21015_0_0.png
processing: 5418083_21016_0_0.png
processing: 5418083_21015_0_0.png
  SKIPPING IMAGE: tot amount of vasculature (8206.8862) < quality threshold 
processing: 5417975_21016_0_0.png
processing: 5417975_21015_0_0.png
processing: 5417958_21016_1_0.png
  SKIPPING IMAGE: tot amount of vasculature (2194.3946) < quality threshold 
processing: 5417958_21015_1_0.png
  SKIPPING IMAGE: tot amount of vasculature (6526.7606) < quality threshold 
processing: 5417879_21016_0_0.png
processing: 5417879_21015_0_0.png
processing: 5417831_21016_0_0.png
  SKIPPING IMAGE: tot amount of vasculature (4417.8938) < quality threshold 
processing: 5417831_21015_0_0.png
  SKIPPING IMAGE: No vessels found
processing: 5417814_21016_0_0.png
  SKIPPING IMAGE: tot amount of vasculature (529.8701) < quality threshold 
processing: 5417814_21015_0_0.png
  SKIPPING IMAGE: tot amount of vasculature (2661.8623) < quality threshold 
processing: 5417751_21016_0_0.png
processing: 5417751_21015_0_0.png
processing: 5417727_21016_0_0.png
processing: 5417727_21015_0_0.png
processing: 5417712_21016_0_0.png
  SKIPPING IMAGE: tot amount of vasculature (10741.7427) < quality threshold 
processing: 5417712_21015_0_0.png
processing: 5417670_21016_0_0.png
processing: 5417670_21015_0_0.png
processing: 5417580_21016_0_0.png
processing: 5417580_21015_0_0.png
processing: 5417490_21016_0_0.png
processing: 5417490_21015_0_0.png
processing: 5417474_21016_0_0.png
processing: 5417474_21015_0_0.png
processing: 5417438_21016_0_0.png
processing: 5417438_21015_0_0.png
processing: 5417378_21016_1_0.png
processing: 5417378_21015_1_0.png
processing: 5417346_21016_0_0.png
processing: 5417346_21015_0_0.png
processing: 5417247_21016_0_0.png
processing: 5417247_21015_0_0.png
processing: 5417202_21016_0_0.png
processing: 5417202_21015_0_0.png
processing: 5417197_21016_1_0.png
processing: 5417197_21015_1_0.png
processing: 5417160_21016_1_0.png
processing: 5417160_21015_1_0.png
processing: 5417096_21016_0_0.png
processing: 5417096_21015_0_0.png
processing: 5417062_21016_0_0.png
  SKIPPING IMAGE: tot amount of vasculature (2857.3395) < quality threshold 
processing: 5417062_21015_0_0.png
  SKIPPING IMAGE: tot amount of vasculature (7887.5623) < quality threshold 
processing: 5417050_21016_0_0.png
processing: 5417050_21015_0_0.png
processing: 5417018_21016_0_0.png
  SKIPPING IMAGE: tot amount of vasculature (7464.6781) < quality threshold 
processing: 5417018_21015_0_0.png
  SKIPPING IMAGE: tot amount of vasculature (8248.4741) < quality threshold 
processing: 5416979_21016_0_0.png
processing: 5416979_21015_0_0.png
processing: 5416914_21016_0_0.png
  SKIPPING IMAGE: tot amount of vasculature (10963.9025) < quality threshold 
processing: 5416914_21015_0_0.png
  SKIPPING IMAGE: tot amount of vasculature (8194.6378) < quality threshold 
processing: 5416810_21016_0_0.png
processing: 5416810_21015_0_0.png
processing: 5416797_21016_0_0.png
  SKIPPING IMAGE: tot amount of vasculature (6364.1444) < quality threshold 
processing: 5416797_21015_0_0.png
processing: 5416728_21016_0_0.png
processing: 5416728_21015_0_0.png
processing: 5416656_21016_0_0.png
processing: 5416656_21015_0_0.png
  SKIPPING IMAGE: tot amount of vasculature (4809.9661) < quality threshold 
processing: 5416571_21016_0_0.png
processing: 5416571_21015_0_0.png
  SKIPPING IMAGE: tot amount of vasculature (10834.9608) < quality threshold 
processing: 5416568_21016_0_0.png
processing: 5416568_21015_0_0.png
processing: 5416466_21016_0_0.png
processing: 5416466_21015_0_0.png
processing: 5416437_21016_0_0.png
  SKIPPING IMAGE: tot amount of vasculature (183.6748) < quality threshold 
processing: 5416437_21015_0_0.png
  SKIPPING IMAGE: tot amount of vasculature (4961.3102) < quality threshold 
processing: 5416299_21016_1_0.png
  SKIPPING IMAGE: tot amount of vasculature (10925.6796) < quality threshold 
processing: 5416299_21015_1_0.png
processing: 5416280_21016_1_0.png
processing: 5416280_21015_1_0.png
processing: 5416267_21016_0_0.png
processing: 5416267_21015_0_0.png
processing: 5416255_21016_0_0.png
processing: 5416255_21015_0_0.png
processing: 5416093_21016_0_0.png
processing: 5416093_21015_0_0.png
processing: 5416054_21016_0_0.png
  SKIPPING IMAGE: tot amount of vasculature (8496.3875) < quality threshold 
processing: 5416054_21015_0_0.png
  SKIPPING IMAGE: tot amount of vasculature (10049.1233) < quality threshold 
processing: 5416035_21016_0_0.png
processing: 5416035_21015_0_0.png
processing: 5415937_21016_1_0.png
processing: 5415937_21015_1_0.png
processing: 5415811_21016_1_0.png
processing: 5415811_21015_1_0.png
processing: 5415669_21016_0_0.png
  SKIPPING IMAGE: tot amount of vasculature (4884.8745) < quality threshold 
processing: 5415669_21015_0_0.png
  SKIPPING IMAGE: tot amount of vasculature (2664.2454) < quality threshold 
processing: 5415644_21016_0_0.png
processing: 5415644_21015_0_0.png
processing: 5415585_21016_0_0.png
  SKIPPING IMAGE: tot amount of vasculature (7129.5402) < quality threshold 
processing: 5415585_21015_0_0.png
  SKIPPING IMAGE: tot amount of vasculature (10005.1605) < quality threshold 
processing: 5415495_21016_0_0.png
  SKIPPING IMAGE: tot amount of vasculature (2307.0127) < quality threshold 
processing: 5415495_21015_0_0.png
  SKIPPING IMAGE: tot amount of vasculature (667.8288) < quality threshold 
processing: 5415447_21016_0_0.png
processing: 5415447_21015_0_0.png
  SKIPPING IMAGE: tot amount of vasculature (9129.3981) < quality threshold 
processing: 5415398_21016_0_0.png
  SKIPPING IMAGE: tot amount of vasculature (10811.9238) < quality threshold 
processing: 5415398_21015_0_0.png
processing: 5415238_21016_0_0.png
processing: 5415238_21015_0_0.png
processing: 5415225_21016_0_0.png
  SKIPPING IMAGE: tot amount of vasculature (645.7496) < quality threshold 
processing: 5415225_21015_0_0.png
processing: 5415219_21016_0_1.png
  SKIPPING IMAGE: tot amount of vasculature (462.4663) < quality threshold 
processing: 5415219_21016_0_0.png
  SKIPPING IMAGE: tot amount of vasculature (8987.8889) < quality threshold 
processing: 5415219_21015_0_0.png
processing: 5415192_21016_0_0.png
processing: 5415192_21015_0_0.png
processing: 5415157_21016_0_0.png
processing: 5415157_21015_0_0.png
processing: 5415106_21016_0_0.png
processing: 5415106_21015_0_0.png
processing: 5414995_21016_0_0.png
processing: 5414995_21015_0_0.png
processing: 5414933_21016_1_0.png
  SKIPPING IMAGE: tot amount of vasculature (1503.7863) < quality threshold 
processing: 5414933_21015_1_0.png
  SKIPPING IMAGE: tot amount of vasculature (4575.8486) < quality threshold 
processing: 5414799_21016_0_0.png
processing: 5414799_21015_0_0.png
processing: 5414683_21016_0_0.png
processing: 5414683_21015_0_0.png
processing: 5414652_21016_0_0.png
processing: 5414652_21015_0_0.png
processing: 5414573_21016_0_0.png
processing: 5414573_21015_0_0.png
processing: 5414551_21016_0_0.png
processing: 5414551_21015_0_0.png
processing: 5414496_21016_0_0.png
processing: 5414496_21015_0_0.png
processing: 5414462_21016_0_0.png
  SKIPPING IMAGE: tot amount of vasculature (8586.6921) < quality threshold 
processing: 5414404_21016_0_0.png
processing: 5414404_21015_0_0.png
processing: 5414392_21016_1_0.png
processing: 5414392_21015_1_0.png
  SKIPPING IMAGE: tot amount of vasculature (9956.3054) < quality threshold 
processing: 5414340_21016_0_0.png
processing: 5414340_21015_0_0.png
processing: 5414331_21016_0_0.png
  SKIPPING IMAGE: tot amount of vasculature (10517.8915) < quality threshold 
processing: 5414331_21015_0_0.png
processing: 5414323_21016_0_0.png
processing: 5414323_21015_0_0.png
processing: 5414287_21016_0_0.png
  SKIPPING IMAGE: tot amount of vasculature (10841.9253) < quality threshold 
processing: 5414275_21016_0_0.png
processing: 5414275_21015_0_0.png
processing: 5414194_21016_0_0.png
  SKIPPING IMAGE: tot amount of vasculature (6725.5287) < quality threshold 
processing: 5414194_21015_0_0.png
  SKIPPING IMAGE: tot amount of vasculature (9105.7252) < quality threshold 
processing: 5414170_21016_0_0.png
processing: 5414170_21015_0_0.png
  SKIPPING IMAGE: tot amount of vasculature (6203.7549) < quality threshold 
processing: 5414129_21016_0_0.png
  SKIPPING IMAGE: tot amount of vasculature (5505.8413) < quality threshold 
processing: 5414129_21015_0_0.png
  SKIPPING IMAGE: tot amount of vasculature (5078.9784) < quality threshold 
processing: 5414115_21016_0_0.png
processing: 5414115_21015_0_0.png
processing: 5413960_21016_0_0.png
processing: 5413960_21015_0_0.png
processing: 5413853_21016_0_0.png
  SKIPPING IMAGE: tot amount of vasculature (1128.2174) < quality threshold 
processing: 5413853_21015_0_0.png
  SKIPPING IMAGE: tot amount of vasculature (1886.0887) < quality threshold 
processing: 5413723_21016_0_0.png
processing: 5413723_21015_0_0.png
processing: 5413695_21016_0_0.png
processing: 5413602_21016_0_0.png
processing: 5413602_21015_0_0.png
  SKIPPING IMAGE: tot amount of vasculature (8356.7032) < quality threshold 
processing: 5413563_21016_0_0.png
  SKIPPING IMAGE: tot amount of vasculature (7540.1382) < quality threshold 
processing: 5413563_21015_0_0.png
  SKIPPING IMAGE: tot amount of vasculature (1336.7815) < quality threshold 
processing: 5413432_21016_1_0.png
  SKIPPING IMAGE: tot amount of vasculature (4646.1181) < quality threshold 
processing: 5413432_21015_1_0.png
  SKIPPING IMAGE: tot amount of vasculature (40.1682) < quality threshold 
processing: 5413262_21016_1_0.png
  SKIPPING IMAGE: tot amount of vasculature (4400.3542) < quality threshold 
processing: 5413262_21015_1_0.png
  SKIPPING IMAGE: tot amount of vasculature (10410.7156) < quality threshold 
processing: 5413012_21016_0_0.png
processing: 5413012_21015_0_0.png
processing: 5413005_21016_0_0.png
  SKIPPING IMAGE: tot amount of vasculature (7000.7548) < quality threshold 
processing: 5413005_21015_0_0.png
  SKIPPING IMAGE: tot amount of vasculature (8890.9107) < quality threshold 
processing: 5412950_21016_0_0.png
processing: 5412950_21015_0_0.png
  SKIPPING IMAGE: tot amount of vasculature (8321.9848) < quality threshold 
processing: 5412774_21016_0_0.png
processing: 5412774_21015_0_0.png
processing: 5412498_21016_0_0.png
processing: 5412498_21015_0_0.png
  SKIPPING IMAGE: tot amount of vasculature (10560.5652) < quality threshold 
processing: 5412486_21016_0_0.png
  SKIPPING IMAGE: tot amount of vasculature (2411.5396) < quality threshold 
processing: 5412486_21015_0_0.png
  SKIPPING IMAGE: tot amount of vasculature (2542.9381) < quality threshold 
processing: 5412464_21016_0_0.png
processing: 5412464_21015_0_0.png
processing: 5412449_21016_0_0.png
  SKIPPING IMAGE: tot amount of vasculature (10126.4668) < quality threshold 
processing: 5412449_21015_0_0.png
  SKIPPING IMAGE: tot amount of vasculature (6541.6776) < quality threshold 
processing: 5412405_21016_0_0.png
processing: 5412405_21015_0_0.png
processing: 5412366_21016_1_0.png
FINISHED: .mat files have been written to: /data/FAC/FBM/DBC/sbergman/retina/UKBiob/fundus/REVIEW//CLRIS/
execution time: 1591 sec
