------------------------------------------
Setting up environment variables
---
LD_LIBRARY_PATH is .:/software/Development/Languages/Matlab_Compiler_Runtime/96/runtime/glnxa64:/software/Development/Languages/Matlab_Compiler_Runtime/96/bin/glnxa64:/software/Development/Languages/Matlab_Compiler_Runtime/96/sys/os/glnxa64:/software/Development/Languages/Matlab_Compiler_Runtime/96/sys/opengl/lib/glnxa64
Running vessel measurements...
processing: 1961856_21016_0_0.png
processing: 1961856_21015_0_0.png
processing: 1961769_21016_0_0.png
processing: 1961769_21015_0_0.png
  SKIPPING IMAGE: tot amount of vasculature (9485.6413) < quality threshold 
processing: 1961726_21016_0_0.png
processing: 1961726_21015_0_0.png
processing: 1961601_21016_0_0.png
  SKIPPING IMAGE: tot amount of vasculature (10394.8365) < quality threshold 
processing: 1961601_21015_0_0.png
  SKIPPING IMAGE: tot amount of vasculature (2592.2366) < quality threshold 
processing: 1961541_21016_0_0.png
processing: 1961541_21015_0_0.png
processing: 1961515_21016_0_0.png
processing: 1961515_21015_0_0.png
processing: 1961488_21016_0_0.png
  SKIPPING IMAGE: tot amount of vasculature (10797.4864) < quality threshold 
processing: 1961488_21015_0_0.png
  SKIPPING IMAGE: tot amount of vasculature (5062.6082) < quality threshold 
processing: 1961440_21016_0_0.png
  SKIPPING IMAGE: tot amount of vasculature (6540.8857) < quality threshold 
processing: 1961440_21015_0_0.png
processing: 1961423_21016_1_0.png
  SKIPPING IMAGE: No vessels found
processing: 1961423_21015_1_0.png
  SKIPPING IMAGE: tot amount of vasculature (540.4022) < quality threshold 
processing: 1961371_21016_0_0.png
processing: 1961371_21015_0_0.png
processing: 1961333_21016_1_0.png
  SKIPPING IMAGE: tot amount of vasculature (2446.6753) < quality threshold 
processing: 1961333_21015_1_0.png
  SKIPPING IMAGE: tot amount of vasculature (3029.6882) < quality threshold 
processing: 1961254_21016_1_0.png
processing: 1961254_21015_1_0.png
processing: 1961222_21016_0_0.png
processing: 1961222_21015_0_0.png
  SKIPPING IMAGE: tot amount of vasculature (4620.1989) < quality threshold 
processing: 1961185_21016_1_0.png
processing: 1961185_21015_1_0.png
processing: 1961083_21016_0_0.png
processing: 1961083_21015_0_0.png
processing: 1961034_21016_0_0.png
processing: 1961034_21015_0_0.png
processing: 1961028_21016_0_0.png
processing: 1961028_21015_0_0.png
processing: 1960931_21016_1_0.png
  SKIPPING IMAGE: tot amount of vasculature (7193.89) < quality threshold 
processing: 1960931_21015_1_0.png
processing: 1960891_21016_0_0.png
  SKIPPING IMAGE: tot amount of vasculature (4212.8774) < quality threshold 
processing: 1960891_21015_0_0.png
  SKIPPING IMAGE: tot amount of vasculature (5717.3561) < quality threshold 
processing: 1960752_21016_0_0.png
processing: 1960752_21015_0_0.png
processing: 1960728_21016_0_0.png
processing: 1960728_21015_0_0.png
processing: 1960674_21016_1_0.png
processing: 1960674_21015_1_0.png
processing: 1960663_21016_1_0.png
  SKIPPING IMAGE: tot amount of vasculature (3124.64) < quality threshold 
processing: 1960663_21016_0_0.png
  SKIPPING IMAGE: tot amount of vasculature (3953.5528) < quality threshold 
processing: 1960663_21015_1_0.png
processing: 1960663_21015_0_0.png
  SKIPPING IMAGE: tot amount of vasculature (8544.4676) < quality threshold 
processing: 1960607_21016_0_0.png
processing: 1960607_21015_0_0.png
processing: 1960584_21016_1_0.png
processing: 1960584_21015_1_0.png
processing: 1960547_21016_0_0.png
processing: 1960547_21015_0_0.png
  SKIPPING IMAGE: tot amount of vasculature (8850.2686) < quality threshold 
processing: 1960470_21016_0_0.png
  SKIPPING IMAGE: tot amount of vasculature (145.6959) < quality threshold 
processing: 1960470_21015_0_0.png
  SKIPPING IMAGE: tot amount of vasculature (10020.3385) < quality threshold 
processing: 1960408_21016_0_0.png
  SKIPPING IMAGE: tot amount of vasculature (8298.9279) < quality threshold 
processing: 1960408_21015_0_0.png
  SKIPPING IMAGE: tot amount of vasculature (4222.842) < quality threshold 
processing: 1960318_21016_1_0.png
  SKIPPING IMAGE: tot amount of vasculature (8186.47) < quality threshold 
processing: 1960318_21015_1_0.png
  SKIPPING IMAGE: tot amount of vasculature (2072.9769) < quality threshold 
processing: 1960299_21016_0_0.png
  SKIPPING IMAGE: tot amount of vasculature (4827.5406) < quality threshold 
processing: 1960299_21015_0_0.png
  SKIPPING IMAGE: tot amount of vasculature (3221.0241) < quality threshold 
processing: 1960267_21016_0_0.png
processing: 1960267_21015_0_0.png
processing: 1960236_21016_0_0.png
processing: 1960236_21015_0_0.png
processing: 1960173_21016_1_0.png
processing: 1960173_21016_0_0.png
processing: 1960173_21015_1_0.png
processing: 1960173_21015_0_0.png
processing: 1960164_21016_1_0.png
  SKIPPING IMAGE: tot amount of vasculature (4033.5426) < quality threshold 
processing: 1960164_21015_1_0.png
  SKIPPING IMAGE: tot amount of vasculature (2905.2716) < quality threshold 
processing: 1960112_21016_0_0.png
processing: 1960112_21015_0_0.png
processing: 1960061_21016_1_0.png
processing: 1960061_21015_1_0.png
processing: 1960035_21016_1_0.png
processing: 1960035_21015_1_0.png
processing: 1959998_21016_0_0.png
processing: 1959998_21015_0_0.png
processing: 1959951_21016_0_0.png
  SKIPPING IMAGE: tot amount of vasculature (7922.5069) < quality threshold 
processing: 1959951_21015_0_0.png
processing: 1959863_21016_1_0.png
  SKIPPING IMAGE: tot amount of vasculature (8354.2482) < quality threshold 
processing: 1959863_21016_0_0.png
processing: 1959863_21015_1_0.png
processing: 1959863_21015_0_0.png
processing: 1959807_21016_0_0.png
processing: 1959807_21015_0_0.png
processing: 1959775_21016_1_0.png
  SKIPPING IMAGE: tot amount of vasculature (9012.8131) < quality threshold 
processing: 1959775_21016_0_0.png
processing: 1959775_21015_1_0.png
processing: 1959775_21015_0_0.png
processing: 1959744_21016_0_0.png
processing: 1959744_21015_0_0.png
processing: 1959680_21016_0_0.png
processing: 1959680_21015_0_0.png
processing: 1959655_21016_0_0.png
processing: 1959655_21015_0_0.png
processing: 1959613_21016_0_0.png
processing: 1959613_21015_0_0.png
processing: 1959594_21016_0_0.png
processing: 1959594_21015_0_0.png
  SKIPPING IMAGE: tot amount of vasculature (10614.0269) < quality threshold 
processing: 1959529_21016_0_0.png
processing: 1959529_21015_0_0.png
processing: 1959515_21016_0_0.png
processing: 1959515_21015_0_0.png
  SKIPPING IMAGE: tot amount of vasculature (8829.4799) < quality threshold 
processing: 1959465_21016_0_0.png
processing: 1959465_21015_0_0.png
processing: 1959414_21016_0_0.png
processing: 1959414_21015_0_0.png
processing: 1959359_21016_0_0.png
processing: 1959359_21015_0_0.png
processing: 1959254_21016_0_0.png
  SKIPPING IMAGE: tot amount of vasculature (9193.3339) < quality threshold 
processing: 1959254_21015_0_0.png
processing: 1959177_21016_0_0.png
processing: 1959177_21015_0_0.png
  SKIPPING IMAGE: tot amount of vasculature (9780.2774) < quality threshold 
processing: 1959104_21016_0_0.png
processing: 1959104_21015_0_0.png
processing: 1958935_21016_0_0.png
processing: 1958935_21015_0_0.png
processing: 1958917_21016_1_0.png
  SKIPPING IMAGE: tot amount of vasculature (3919.8988) < quality threshold 
processing: 1958917_21015_1_0.png
  SKIPPING IMAGE: tot amount of vasculature (7993.2999) < quality threshold 
processing: 1958900_21016_0_0.png
processing: 1958900_21015_0_0.png
processing: 1958868_21016_0_0.png
processing: 1958868_21015_0_0.png
  SKIPPING IMAGE: tot amount of vasculature (2115.7919) < quality threshold 
processing: 1958859_21016_0_0.png
processing: 1958859_21015_0_0.png
processing: 1958847_21016_0_0.png
processing: 1958847_21015_0_0.png
processing: 1958820_21016_0_0.png
  SKIPPING IMAGE: tot amount of vasculature (8383.2892) < quality threshold 
processing: 1958820_21015_0_0.png
processing: 1958770_21016_1_0.png
