------------------------------------------
Setting up environment variables
---
LD_LIBRARY_PATH is .:/software/Development/Languages/Matlab_Compiler_Runtime/96/runtime/glnxa64:/software/Development/Languages/Matlab_Compiler_Runtime/96/bin/glnxa64:/software/Development/Languages/Matlab_Compiler_Runtime/96/sys/os/glnxa64:/software/Development/Languages/Matlab_Compiler_Runtime/96/sys/opengl/lib/glnxa64
Running vessel measurements...
processing: 4164568_21016_0_0.png
  SKIPPING IMAGE: tot amount of vasculature (8757.8096) < quality threshold 
processing: 4164568_21015_0_0.png
processing: 4164533_21016_1_0.png
processing: 4164533_21015_1_0.png
  SKIPPING IMAGE: tot amount of vasculature (6515.8462) < quality threshold 
processing: 4164502_21016_1_0.png
  SKIPPING IMAGE: tot amount of vasculature (7683.8799) < quality threshold 
processing: 4164502_21015_1_0.png
  SKIPPING IMAGE: tot amount of vasculature (5602.0422) < quality threshold 
processing: 4164466_21016_0_0.png
processing: 4164466_21015_0_0.png
processing: 4164408_21016_0_0.png
  SKIPPING IMAGE: tot amount of vasculature (8161.7324) < quality threshold 
processing: 4164408_21015_0_0.png
  SKIPPING IMAGE: tot amount of vasculature (449.7953) < quality threshold 
processing: 4164396_21016_1_0.png
processing: 4164396_21015_1_0.png
processing: 4164318_21016_0_0.png
processing: 4164318_21015_0_0.png
processing: 4164280_21016_0_0.png
processing: 4164280_21015_0_0.png
processing: 4164236_21016_0_0.png
  SKIPPING IMAGE: tot amount of vasculature (2184.2647) < quality threshold 
processing: 4164236_21015_0_0.png
  SKIPPING IMAGE: tot amount of vasculature (9190.0488) < quality threshold 
processing: 4164173_21016_0_0.png
processing: 4164173_21015_0_0.png
processing: 4164164_21016_1_0.png
  SKIPPING IMAGE: tot amount of vasculature (5455.6255) < quality threshold 
processing: 4164164_21016_0_0.png
  SKIPPING IMAGE: tot amount of vasculature (9399.1208) < quality threshold 
processing: 4164164_21015_1_0.png
  SKIPPING IMAGE: tot amount of vasculature (4197.8817) < quality threshold 
processing: 4164164_21015_0_0.png
  SKIPPING IMAGE: tot amount of vasculature (4795.6153) < quality threshold 
processing: 4164130_21016_0_0.png
processing: 4164130_21015_0_0.png
processing: 4164127_21016_1_0.png
processing: 4164127_21015_1_0.png
processing: 4163938_21016_1_0.png
processing: 4163938_21015_1_0.png
processing: 4163925_21016_0_0.png
processing: 4163925_21015_0_0.png
processing: 4163907_21016_0_0.png
  SKIPPING IMAGE: tot amount of vasculature (9390.7051) < quality threshold 
processing: 4163907_21015_0_1.png
  SKIPPING IMAGE: tot amount of vasculature (9761.3343) < quality threshold 
processing: 4163907_21015_0_0.png
  SKIPPING IMAGE: tot amount of vasculature (6982.9232) < quality threshold 
processing: 4163762_21016_0_0.png
processing: 4163762_21015_0_0.png
  SKIPPING IMAGE: tot amount of vasculature (6264.3136) < quality threshold 
processing: 4163743_21016_1_0.png
processing: 4163743_21015_1_0.png
  SKIPPING IMAGE: tot amount of vasculature (10130.6978) < quality threshold 
processing: 4163739_21016_0_0.png
processing: 4163739_21015_0_0.png
processing: 4163692_21016_1_0.png
  SKIPPING IMAGE: tot amount of vasculature (5967.0857) < quality threshold 
processing: 4163692_21015_1_0.png
  SKIPPING IMAGE: tot amount of vasculature (3779.9217) < quality threshold 
processing: 4163606_21016_0_0.png
processing: 4163606_21015_0_0.png
processing: 4163578_21016_1_0.png
processing: 4163578_21015_1_0.png
processing: 4163561_21016_1_0.png
processing: 4163561_21016_0_0.png
processing: 4163561_21015_1_0.png
processing: 4163561_21015_0_0.png
processing: 4163499_21016_0_0.png
processing: 4163499_21015_0_0.png
processing: 4163480_21016_1_0.png
processing: 4163480_21015_1_0.png
processing: 4163467_21016_0_0.png
processing: 4163467_21015_0_0.png
processing: 4163448_21016_1_0.png
  SKIPPING IMAGE: tot amount of vasculature (6087.7744) < quality threshold 
processing: 4163448_21015_1_0.png
processing: 4163397_21016_0_0.png
processing: 4163397_21015_0_0.png
processing: 4163237_21016_1_0.png
processing: 4163237_21015_1_0.png
processing: 4163215_21016_0_0.png
processing: 4163215_21015_0_0.png
processing: 4163068_21016_0_0.png
  SKIPPING IMAGE: tot amount of vasculature (9188.2315) < quality threshold 
processing: 4163068_21015_0_0.png
processing: 4162982_21016_0_0.png
processing: 4162982_21015_0_0.png
processing: 4162966_21016_1_0.png
processing: 4162966_21015_1_0.png
processing: 4162915_21016_0_0.png
  SKIPPING IMAGE: tot amount of vasculature (9939.5145) < quality threshold 
processing: 4162915_21015_0_0.png
  SKIPPING IMAGE: tot amount of vasculature (4819.0923) < quality threshold 
processing: 4162811_21016_0_0.png
  SKIPPING IMAGE: tot amount of vasculature (7785.9079) < quality threshold 
processing: 4162811_21015_0_0.png
  SKIPPING IMAGE: tot amount of vasculature (9461.4827) < quality threshold 
processing: 4162778_21016_0_0.png
processing: 4162778_21015_0_0.png
  SKIPPING IMAGE: tot amount of vasculature (5834.8771) < quality threshold 
processing: 4162754_21016_1_0.png
processing: 4162754_21016_0_0.png
processing: 4162754_21015_1_0.png
processing: 4162754_21015_0_0.png
processing: 4162658_21016_0_0.png
processing: 4162658_21015_0_0.png
processing: 4162644_21016_0_0.png
processing: 4162644_21015_0_0.png
processing: 4162585_21016_0_0.png
processing: 4162585_21015_0_0.png
processing: 4162543_21016_0_0.png
  SKIPPING IMAGE: tot amount of vasculature (9944.9038) < quality threshold 
processing: 4162543_21015_0_0.png
  SKIPPING IMAGE: tot amount of vasculature (8806.7088) < quality threshold 
processing: 4162471_21016_0_0.png
processing: 4162471_21015_0_0.png
processing: 4162386_21016_0_0.png
processing: 4162386_21015_0_0.png
processing: 4162327_21016_0_0.png
processing: 4162327_21015_0_1.png
  SKIPPING IMAGE: tot amount of vasculature (700.6919) < quality threshold 
processing: 4162327_21015_0_0.png
processing: 4162274_21016_0_0.png
processing: 4162274_21015_0_0.png
processing: 4162256_21016_0_0.png
processing: 4162256_21015_0_0.png
processing: 4162219_21016_1_0.png
processing: 4162219_21016_0_0.png
processing: 4162219_21015_1_0.png
processing: 4162219_21015_0_0.png
processing: 4162192_21016_0_0.png
processing: 4162192_21015_0_0.png
processing: 4161993_21016_0_0.png
  SKIPPING IMAGE: tot amount of vasculature (9055.4518) < quality threshold 
processing: 4161993_21015_0_0.png
  SKIPPING IMAGE: tot amount of vasculature (8506.9378) < quality threshold 
processing: 4161935_21016_0_0.png
  SKIPPING IMAGE: tot amount of vasculature (1485.7246) < quality threshold 
processing: 4161935_21015_0_0.png
  SKIPPING IMAGE: tot amount of vasculature (5276.4708) < quality threshold 
processing: 4161895_21016_0_0.png
processing: 4161895_21015_0_0.png
processing: 4161871_21016_0_0.png
processing: 4161871_21015_0_0.png
processing: 4161820_21015_1_0.png
  SKIPPING IMAGE: tot amount of vasculature (9545.6348) < quality threshold 
processing: 4161816_21016_0_0.png
processing: 4161816_21015_0_0.png
  SKIPPING IMAGE: tot amount of vasculature (4315.1644) < quality threshold 
processing: 4161802_21016_0_0.png
  SKIPPING IMAGE: tot amount of vasculature (9774.2317) < quality threshold 
processing: 4161802_21015_0_0.png
processing: 4161794_21016_0_0.png
processing: 4161794_21015_0_0.png
