------------------------------------------
Setting up environment variables
---
LD_LIBRARY_PATH is .:/software/Development/Languages/Matlab_Compiler_Runtime/96/runtime/glnxa64:/software/Development/Languages/Matlab_Compiler_Runtime/96/bin/glnxa64:/software/Development/Languages/Matlab_Compiler_Runtime/96/sys/os/glnxa64:/software/Development/Languages/Matlab_Compiler_Runtime/96/sys/opengl/lib/glnxa64
Running vessel measurements...
processing: 4674248_21015_1_0.png
processing: 4674236_21016_1_0.png
processing: 4674236_21015_1_0.png
  SKIPPING IMAGE: tot amount of vasculature (10692.8835) < quality threshold 
processing: 4674151_21016_0_0.png
processing: 4674151_21015_0_0.png
processing: 4674089_21016_0_0.png
processing: 4674089_21015_0_0.png
  SKIPPING IMAGE: tot amount of vasculature (1016.4268) < quality threshold 
processing: 4674054_21016_0_0.png
processing: 4674054_21015_0_0.png
processing: 4674022_21016_1_0.png
  SKIPPING IMAGE: No vessels found
processing: 4674022_21015_1_0.png
  SKIPPING IMAGE: tot amount of vasculature (1459.2629) < quality threshold 
processing: 4673925_21016_0_0.png
  SKIPPING IMAGE: tot amount of vasculature (10839.7024) < quality threshold 
processing: 4673925_21015_0_0.png
  SKIPPING IMAGE: tot amount of vasculature (6179.1237) < quality threshold 
processing: 4673873_21016_0_0.png
processing: 4673873_21015_0_0.png
processing: 4673812_21016_0_0.png
processing: 4673812_21015_0_0.png
processing: 4673623_21016_0_0.png
  SKIPPING IMAGE: tot amount of vasculature (1.939) < quality threshold 
processing: 4673623_21015_0_0.png
  SKIPPING IMAGE: tot amount of vasculature (4248.6803) < quality threshold 
processing: 4673546_21016_0_0.png
processing: 4673546_21015_0_0.png
processing: 4673535_21016_0_0.png
  SKIPPING IMAGE: tot amount of vasculature (4056.9357) < quality threshold 
processing: 4673535_21015_0_0.png
  SKIPPING IMAGE: tot amount of vasculature (8917.0535) < quality threshold 
processing: 4673467_21016_1_0.png
processing: 4673467_21015_1_0.png
processing: 4673376_21016_0_0.png
processing: 4673376_21015_0_0.png
processing: 4673360_21016_0_0.png
  SKIPPING IMAGE: tot amount of vasculature (1407.1619) < quality threshold 
processing: 4673360_21015_0_0.png
  SKIPPING IMAGE: tot amount of vasculature (6127.0116) < quality threshold 
processing: 4673345_21016_0_0.png
processing: 4673345_21015_0_0.png
processing: 4673270_21016_0_0.png
processing: 4673270_21015_0_0.png
processing: 4673253_21016_0_0.png
processing: 4673253_21015_0_0.png
processing: 4673175_21016_0_0.png
processing: 4673175_21015_0_0.png
processing: 4673169_21016_0_0.png
processing: 4673169_21015_0_0.png
processing: 4673158_21016_0_0.png
processing: 4673158_21015_0_0.png
processing: 4673126_21016_1_0.png
processing: 4673126_21016_0_0.png
processing: 4673126_21015_1_0.png
processing: 4673126_21015_0_0.png
processing: 4672966_21016_0_0.png
processing: 4672966_21015_0_0.png
processing: 4672941_21016_0_0.png
processing: 4672941_21015_0_0.png
processing: 4672897_21016_0_0.png
processing: 4672897_21015_0_0.png
processing: 4672852_21016_0_0.png
processing: 4672852_21015_0_0.png
processing: 4672811_21016_1_0.png
processing: 4672811_21015_1_0.png
processing: 4672793_21016_1_0.png
  SKIPPING IMAGE: tot amount of vasculature (8747.5238) < quality threshold 
processing: 4672793_21015_1_0.png
processing: 4672789_21016_1_0.png
processing: 4672789_21015_1_0.png
processing: 4672687_21016_0_0.png
processing: 4672687_21015_0_0.png
processing: 4672644_21016_0_0.png
processing: 4672644_21015_0_0.png
processing: 4672603_21016_0_0.png
processing: 4672603_21015_0_0.png
processing: 4672585_21016_0_0.png
processing: 4672585_21015_0_0.png
processing: 4672504_21016_0_0.png
processing: 4672504_21015_0_0.png
processing: 4672330_21016_0_0.png
processing: 4672330_21015_0_0.png
processing: 4672312_21015_0_0.png
processing: 4671782_21016_0_0.png
  SKIPPING IMAGE: tot amount of vasculature (3503.0036) < quality threshold 
processing: 4671782_21015_0_0.png
  SKIPPING IMAGE: tot amount of vasculature (2367.6811) < quality threshold 
processing: 4671729_21016_0_0.png
processing: 4671729_21015_0_0.png
processing: 4671639_21016_0_0.png
processing: 4671639_21015_0_0.png
processing: 4671618_21016_0_0.png
processing: 4671618_21015_0_0.png
processing: 4671591_21016_0_0.png
processing: 4671591_21015_0_0.png
processing: 4671544_21016_0_0.png
processing: 4671544_21015_0_0.png
  SKIPPING IMAGE: tot amount of vasculature (4144.9596) < quality threshold 
processing: 4671526_21016_1_0.png
processing: 4671526_21015_1_0.png
processing: 4671497_21016_0_0.png
  SKIPPING IMAGE: tot amount of vasculature (9012.7416) < quality threshold 
processing: 4671497_21015_0_0.png
  SKIPPING IMAGE: tot amount of vasculature (7385.3586) < quality threshold 
processing: 4671452_21016_0_0.png
  SKIPPING IMAGE: tot amount of vasculature (2643.4684) < quality threshold 
processing: 4671452_21015_0_0.png
  SKIPPING IMAGE: tot amount of vasculature (10206.2341) < quality threshold 
processing: 4671428_21016_0_0.png
  SKIPPING IMAGE: tot amount of vasculature (7432.6333) < quality threshold 
processing: 4671428_21015_0_0.png
  SKIPPING IMAGE: tot amount of vasculature (8805.9436) < quality threshold 
processing: 4671411_21016_0_0.png
processing: 4671390_21016_0_0.png
processing: 4671390_21015_0_0.png
processing: 4671374_21016_0_0.png
processing: 4671374_21015_0_0.png
processing: 4671363_21016_0_0.png
processing: 4671363_21015_0_0.png
processing: 4671342_21016_0_0.png
processing: 4671342_21015_0_0.png
processing: 4671319_21016_1_0.png
  SKIPPING IMAGE: tot amount of vasculature (2650.8063) < quality threshold 
processing: 4671319_21015_1_0.png
  SKIPPING IMAGE: tot amount of vasculature (1902.2854) < quality threshold 
processing: 4671249_21016_0_0.png
processing: 4671249_21015_0_0.png
processing: 4671205_21016_0_0.png
processing: 4671205_21015_0_0.png
processing: 4671136_21016_0_0.png
processing: 4671136_21015_0_0.png
processing: 4671113_21016_1_0.png
processing: 4671113_21015_1_0.png
processing: 4671057_21016_0_0.png
processing: 4671057_21015_0_0.png
  SKIPPING IMAGE: tot amount of vasculature (10679.3519) < quality threshold 
processing: 4671040_21016_0_0.png
processing: 4671040_21015_0_0.png
processing: 4671031_21016_0_0.png
processing: 4671031_21015_0_0.png
  SKIPPING IMAGE: tot amount of vasculature (5316.3959) < quality threshold 
processing: 4671014_21016_0_0.png
processing: 4671014_21015_0_0.png
processing: 4670952_21016_0_0.png
processing: 4670952_21015_0_0.png
processing: 4670894_21016_0_0.png
processing: 4670894_21015_0_0.png
processing: 4670829_21016_0_0.png
processing: 4670829_21015_0_0.png
processing: 4670684_21016_0_0.png
  SKIPPING IMAGE: tot amount of vasculature (5465.2831) < quality threshold 
processing: 4670684_21015_0_0.png
  SKIPPING IMAGE: tot amount of vasculature (3604.7451) < quality threshold 
processing: 4670620_21016_1_0.png
  SKIPPING IMAGE: tot amount of vasculature (9455.752) < quality threshold 
processing: 4670620_21015_1_0.png
  SKIPPING IMAGE: tot amount of vasculature (4295.1946) < quality threshold 
processing: 4670616_21016_0_0.png
processing: 4670616_21015_0_0.png
processing: 4670542_21016_0_0.png
processing: 4670542_21015_0_0.png
processing: 4670525_21016_0_0.png
processing: 4670525_21015_0_0.png
processing: 4670507_21016_0_1.png
  SKIPPING IMAGE: tot amount of vasculature (4402.7486) < quality threshold 
processing: 4670507_21016_0_0.png
  SKIPPING IMAGE: tot amount of vasculature (320.7473) < quality threshold 
processing: 4670507_21015_0_0.png
  SKIPPING IMAGE: tot amount of vasculature (4754.2235) < quality threshold 
processing: 4670491_21016_1_0.png
  SKIPPING IMAGE: tot amount of vasculature (10948.9677) < quality threshold 
processing: 4670491_21015_1_0.png
processing: 4670469_21016_0_0.png
processing: 4670469_21015_0_0.png
processing: 4670410_21016_1_0.png
processing: 4670410_21015_1_0.png
processing: 4670399_21016_0_0.png
processing: 4670399_21015_0_0.png
  SKIPPING IMAGE: tot amount of vasculature (8138.5789) < quality threshold 
processing: 4670372_21016_0_0.png
processing: 4670372_21015_0_0.png
processing: 4670324_21016_0_0.png
processing: 4670324_21015_0_0.png
  SKIPPING IMAGE: tot amount of vasculature (9788.7765) < quality threshold 
processing: 4670313_21016_0_0.png
processing: 4670313_21015_0_0.png
processing: 4670285_21016_0_0.png
processing: 4670285_21015_0_0.png
  SKIPPING IMAGE: tot amount of vasculature (9236.0284) < quality threshold 
processing: 4670221_21016_0_0.png
processing: 4670221_21015_0_0.png
  SKIPPING IMAGE: tot amount of vasculature (8918.7553) < quality threshold 
processing: 4670204_21016_0_0.png
processing: 4670204_21015_0_0.png
  SKIPPING IMAGE: tot amount of vasculature (6481.9793) < quality threshold 
processing: 4670161_21016_0_0.png
  SKIPPING IMAGE: tot amount of vasculature (237.9463) < quality threshold 
processing: 4670161_21015_0_0.png
  SKIPPING IMAGE: tot amount of vasculature (9973.0886) < quality threshold 
processing: 4670135_21016_0_0.png
processing: 4670135_21015_0_0.png
processing: 4670100_21016_0_0.png
  SKIPPING IMAGE: tot amount of vasculature (7604.1428) < quality threshold 
processing: 4670030_21016_0_0.png
  SKIPPING IMAGE: tot amount of vasculature (2418.629) < quality threshold 
processing: 4670030_21015_0_0.png
  SKIPPING IMAGE: tot amount of vasculature (8576.3993) < quality threshold 
processing: 4670012_21016_0_0.png
processing: 4670012_21015_0_0.png
processing: 4670005_21016_0_0.png
processing: 4670005_21015_0_0.png
processing: 4669855_21016_0_0.png
processing: 4669855_21015_0_0.png
processing: 4669824_21016_0_0.png
  SKIPPING IMAGE: tot amount of vasculature (8574.5969) < quality threshold 
processing: 4669824_21015_0_0.png
processing: 4669801_21016_0_0.png
  SKIPPING IMAGE: tot amount of vasculature (7816.041) < quality threshold 
processing: 4669801_21015_0_0.png
  SKIPPING IMAGE: tot amount of vasculature (3846.3349) < quality threshold 
processing: 4669774_21016_0_0.png
processing: 4669774_21015_0_0.png
processing: 4669738_21016_0_0.png
processing: 4669738_21015_0_0.png
  SKIPPING IMAGE: tot amount of vasculature (7122.9963) < quality threshold 
processing: 4669719_21016_0_0.png
processing: 4669719_21015_0_0.png
processing: 4669617_21016_1_0.png
  SKIPPING IMAGE: tot amount of vasculature (10404.493) < quality threshold 
processing: 4669617_21016_0_0.png
processing: 4669617_21015_1_0.png
  SKIPPING IMAGE: tot amount of vasculature (5960.1804) < quality threshold 
processing: 4669617_21015_0_0.png
processing: 4669540_21016_0_0.png
processing: 4669486_21016_0_0.png
processing: 4669486_21015_0_0.png
processing: 4669297_21016_1_0.png
processing: 4669297_21015_1_0.png
  SKIPPING IMAGE: tot amount of vasculature (9955.3626) < quality threshold 
processing: 4669116_21016_1_0.png
  SKIPPING IMAGE: tot amount of vasculature (10778.4863) < quality threshold 
processing: 4669116_21015_1_0.png
  SKIPPING IMAGE: tot amount of vasculature (311.5261) < quality threshold 
processing: 4669091_21016_0_0.png
processing: 4669091_21015_0_0.png
processing: 4669044_21016_1_0.png
processing: 4669044_21016_0_0.png
processing: 4669044_21015_1_0.png
processing: 4669044_21015_0_0.png
processing: 4669010_21016_0_0.png
  SKIPPING IMAGE: tot amount of vasculature (9542.5238) < quality threshold 
processing: 4669010_21015_0_0.png
  SKIPPING IMAGE: tot amount of vasculature (8685.8157) < quality threshold 
processing: 4668952_21016_0_0.png
  SKIPPING IMAGE: tot amount of vasculature (7886.1658) < quality threshold 
processing: 4668952_21015_0_0.png
  SKIPPING IMAGE: tot amount of vasculature (10440.2759) < quality threshold 
processing: 4668928_21016_1_0.png
  SKIPPING IMAGE: tot amount of vasculature (10293.214) < quality threshold 
processing: 4668928_21015_1_0.png
processing: 4668866_21016_0_0.png
processing: 4668866_21015_0_0.png
processing: 4668815_21016_1_0.png
processing: 4668815_21015_1_0.png
processing: 4668714_21016_1_0.png
  SKIPPING IMAGE: tot amount of vasculature (4389.2625) < quality threshold 
processing: 4668714_21015_1_0.png
  SKIPPING IMAGE: tot amount of vasculature (3123.6868) < quality threshold 
processing: 4668695_21016_0_0.png
processing: 4668695_21015_0_0.png
processing: 4668671_21016_1_0.png
  SKIPPING IMAGE: tot amount of vasculature (3933.407) < quality threshold 
processing: 4668671_21015_1_0.png
  SKIPPING IMAGE: tot amount of vasculature (525.1903) < quality threshold 
processing: 4668659_21016_0_0.png
processing: 4668659_21015_0_0.png
processing: 4668647_21016_0_0.png
processing: 4668647_21015_0_0.png
processing: 4668525_21016_0_0.png
  SKIPPING IMAGE: tot amount of vasculature (9581.6649) < quality threshold 
processing: 4668525_21015_0_0.png
  SKIPPING IMAGE: tot amount of vasculature (10199.2191) < quality threshold 
processing: 4668380_21016_0_0.png
processing: 4668380_21015_0_0.png
processing: 4668313_21016_0_0.png
  SKIPPING IMAGE: tot amount of vasculature (10944.9291) < quality threshold 
processing: 4668313_21015_0_0.png
  SKIPPING IMAGE: tot amount of vasculature (1724.7476) < quality threshold 
processing: 4668218_21016_0_0.png
  SKIPPING IMAGE: tot amount of vasculature (7094.0323) < quality threshold 
processing: 4668218_21015_0_0.png
  SKIPPING IMAGE: tot amount of vasculature (2751.5636) < quality threshold 
processing: 4668161_21016_0_0.png
processing: 4668161_21015_0_0.png
processing: 4668146_21016_0_0.png
processing: 4668146_21015_0_0.png
processing: 4668135_21016_0_0.png
processing: 4668135_21015_0_0.png
processing: 4668086_21016_0_0.png
  SKIPPING IMAGE: tot amount of vasculature (9071.2994) < quality threshold 
processing: 4668086_21015_0_0.png
processing: 4668012_21016_0_0.png
  SKIPPING IMAGE: tot amount of vasculature (7867.7157) < quality threshold 
processing: 4668012_21015_0_0.png
processing: 4667979_21016_1_0.png
processing: 4667979_21015_1_0.png
processing: 4667914_21016_1_0.png
processing: 4667914_21015_1_0.png
processing: 4667906_21016_1_0.png
processing: 4667906_21015_1_0.png
processing: 4667875_21016_1_0.png
processing: 4667875_21015_1_0.png
processing: 4667681_21016_0_0.png
processing: 4667681_21015_0_0.png
processing: 4667663_21016_0_0.png
processing: 4667663_21015_0_0.png
processing: 4667571_21016_1_0.png
  SKIPPING IMAGE: tot amount of vasculature (10229.5016) < quality threshold 
processing: 4667571_21015_1_0.png
processing: 4667520_21016_0_0.png
processing: 4667520_21015_0_0.png
processing: 4667494_21016_0_0.png
processing: 4667494_21015_0_0.png
processing: 4667429_21016_1_0.png
processing: 4667429_21015_1_0.png
processing: 4667408_21016_0_0.png
processing: 4667408_21015_0_0.png
processing: 4667396_21016_0_0.png
  SKIPPING IMAGE: tot amount of vasculature (7630.7666) < quality threshold 
processing: 4667396_21015_0_0.png
processing: 4667267_21016_0_0.png
processing: 4667267_21015_0_0.png
processing: 4667236_21016_0_0.png
processing: 4667236_21015_0_0.png
  SKIPPING IMAGE: tot amount of vasculature (9082.7324) < quality threshold 
processing: 4667198_21016_1_0.png
processing: 4667198_21015_1_0.png
processing: 4667105_21016_1_0.png
processing: 4667105_21015_1_0.png
processing: 4667089_21016_0_0.png
processing: 4667089_21015_0_0.png
processing: 4667078_21016_0_0.png
processing: 4667078_21015_0_0.png
processing: 4667061_21016_1_0.png
  SKIPPING IMAGE: tot amount of vasculature (6108.3107) < quality threshold 
processing: 4667061_21015_1_0.png
  SKIPPING IMAGE: tot amount of vasculature (4051.2864) < quality threshold 
processing: 4667054_21016_0_0.png
processing: 4667054_21015_0_0.png
processing: 4666987_21016_0_0.png
processing: 4666987_21015_0_0.png
processing: 4666932_21016_0_0.png
processing: 4666932_21015_0_0.png
processing: 4666926_21016_1_0.png
  SKIPPING IMAGE: tot amount of vasculature (3101.6125) < quality threshold 
processing: 4666926_21015_1_0.png
  SKIPPING IMAGE: tot amount of vasculature (7705.7019) < quality threshold 
processing: 4666910_21016_0_0.png
  SKIPPING IMAGE: tot amount of vasculature (5477.4025) < quality threshold 
processing: 4666910_21015_0_0.png
  SKIPPING IMAGE: tot amount of vasculature (6950.8728) < quality threshold 
processing: 4666798_21016_0_0.png
processing: 4666798_21015_0_0.png
processing: 4666670_21016_0_0.png
processing: 4666670_21015_0_0.png
processing: 4666653_21016_1_0.png
processing: 4666653_21016_0_0.png
processing: 4666653_21015_1_0.png
processing: 4666653_21015_0_0.png
processing: 4666637_21016_0_0.png
  SKIPPING IMAGE: tot amount of vasculature (1590.7865) < quality threshold 
processing: 4666637_21015_0_0.png
  SKIPPING IMAGE: tot amount of vasculature (10421.5127) < quality threshold 
processing: 4666599_21016_0_0.png
  SKIPPING IMAGE: tot amount of vasculature (8822.2672) < quality threshold 
processing: 4666599_21015_0_0.png
processing: 4666548_21016_1_0.png
  SKIPPING IMAGE: tot amount of vasculature (2106.1091) < quality threshold 
processing: 4666548_21015_1_0.png
Warning: No vessels found in 4666548_21015_1_0
> In Vessel_Data_IO.load_from_file (line 183)
  In REVIEW_evaluate_diameter_measurements (line 125)
  In ARIA_run_tests (line 209)
  SKIPPING IMAGE: No vessels found
processing: 4666536_21016_1_0.png
  SKIPPING IMAGE: tot amount of vasculature (10992.928) < quality threshold 
processing: 4666536_21015_1_0.png
  SKIPPING IMAGE: tot amount of vasculature (3028.9774) < quality threshold 
FINISHED: .mat files have been written to: /data/FAC/FBM/DBC/sbergman/retina/UKBiob/fundus/REVIEW//CLRIS/
execution time: 2117 sec
