------------------------------------------
Setting up environment variables
---
LD_LIBRARY_PATH is .:/software/Development/Languages/Matlab_Compiler_Runtime/96/runtime/glnxa64:/software/Development/Languages/Matlab_Compiler_Runtime/96/bin/glnxa64:/software/Development/Languages/Matlab_Compiler_Runtime/96/sys/os/glnxa64:/software/Development/Languages/Matlab_Compiler_Runtime/96/sys/opengl/lib/glnxa64
Running vessel measurements...
processing: 5635975_21016_0_0.png
processing: 5635975_21015_0_0.png
processing: 5635958_21016_0_0.png
processing: 5635958_21015_0_0.png
processing: 5635831_21016_0_0.png
processing: 5635831_21015_0_0.png
processing: 5635786_21016_0_0.png
  SKIPPING IMAGE: tot amount of vasculature (9810.0185) < quality threshold 
processing: 5635786_21015_0_0.png
  SKIPPING IMAGE: tot amount of vasculature (6770.4324) < quality threshold 
processing: 5635705_21016_0_0.png
processing: 5635705_21015_0_0.png
processing: 5635608_21016_0_0.png
  SKIPPING IMAGE: tot amount of vasculature (6775.7232) < quality threshold 
processing: 5635608_21015_0_0.png
  SKIPPING IMAGE: tot amount of vasculature (5767.209) < quality threshold 
processing: 5635572_21016_0_0.png
processing: 5635572_21015_0_0.png
processing: 5635548_21016_0_0.png
processing: 5635548_21015_0_0.png
processing: 5635419_21016_1_0.png
processing: 5635419_21015_1_0.png
processing: 5635233_21016_0_0.png
processing: 5635233_21015_0_0.png
processing: 5635152_21016_0_0.png
processing: 5635152_21015_0_0.png
processing: 5635109_21016_0_0.png
  SKIPPING IMAGE: tot amount of vasculature (161.2285) < quality threshold 
processing: 5635109_21015_0_0.png
  SKIPPING IMAGE: tot amount of vasculature (3274.1547) < quality threshold 
processing: 5635077_21016_0_0.png
processing: 5635077_21015_0_0.png
processing: 5635062_21016_0_0.png
processing: 5635062_21015_0_0.png
processing: 5635021_21016_1_0.png
processing: 5635021_21015_1_0.png
processing: 5634938_21016_0_0.png
processing: 5634938_21015_0_0.png
  SKIPPING IMAGE: tot amount of vasculature (7979.172) < quality threshold 
processing: 5634805_21016_0_0.png
processing: 5634805_21015_0_0.png
processing: 5634796_21016_0_0.png
processing: 5634796_21015_0_0.png
processing: 5634750_21016_0_0.png
processing: 5634750_21015_0_0.png
processing: 5634606_21016_0_0.png
processing: 5634606_21015_0_0.png
processing: 5634554_21016_0_0.png
processing: 5634554_21015_0_0.png
  SKIPPING IMAGE: tot amount of vasculature (7514.1761) < quality threshold 
processing: 5634517_21016_1_0.png
processing: 5634517_21016_0_0.png
processing: 5634517_21015_1_0.png
processing: 5634517_21015_0_0.png
processing: 5634500_21016_0_0.png
processing: 5634500_21015_0_0.png
processing: 5634472_21016_1_0.png
  SKIPPING IMAGE: tot amount of vasculature (3954.7713) < quality threshold 
processing: 5634472_21015_1_0.png
  SKIPPING IMAGE: tot amount of vasculature (6562.4734) < quality threshold 
processing: 5634383_21016_0_0.png
processing: 5634383_21015_0_0.png
processing: 5634345_21016_0_0.png
processing: 5634345_21015_0_0.png
processing: 5634334_21016_0_0.png
  SKIPPING IMAGE: tot amount of vasculature (8168.0389) < quality threshold 
processing: 5634334_21015_0_0.png
  SKIPPING IMAGE: tot amount of vasculature (6840.4093) < quality threshold 
processing: 5634270_21016_0_0.png
processing: 5634270_21015_0_0.png
processing: 5634241_21016_0_0.png
processing: 5634241_21015_0_0.png
processing: 5634158_21016_0_0.png
processing: 5634158_21015_0_0.png
processing: 5634068_21016_0_0.png
  SKIPPING IMAGE: tot amount of vasculature (85.077) < quality threshold 
processing: 5634068_21015_0_0.png
  SKIPPING IMAGE: tot amount of vasculature (3128.5735) < quality threshold 
processing: 5634033_21016_0_0.png
processing: 5634033_21015_0_0.png
processing: 5633931_21016_0_0.png
processing: 5633931_21015_0_0.png
  SKIPPING IMAGE: tot amount of vasculature (7972.3459) < quality threshold 
processing: 5633887_21016_0_0.png
processing: 5633887_21015_0_0.png
processing: 5633875_21016_1_0.png
  SKIPPING IMAGE: tot amount of vasculature (10670.2035) < quality threshold 
processing: 5633875_21016_0_0.png
processing: 5633875_21015_1_0.png
  SKIPPING IMAGE: tot amount of vasculature (10964.3) < quality threshold 
processing: 5633875_21015_0_0.png
processing: 5633844_21016_0_0.png
processing: 5633844_21015_0_0.png
processing: 5633810_21016_0_0.png
  SKIPPING IMAGE: tot amount of vasculature (729.2525) < quality threshold 
processing: 5633810_21015_0_0.png
processing: 5633752_21016_0_0.png
processing: 5633752_21015_0_0.png
processing: 5633711_21016_0_0.png
processing: 5633711_21015_0_0.png
processing: 5633656_21016_1_0.png
processing: 5633656_21015_1_0.png
processing: 5633625_21016_0_0.png
processing: 5633625_21015_0_0.png
processing: 5633502_21016_0_1.png
  SKIPPING IMAGE: No vessels found
processing: 5633502_21016_0_0.png
  SKIPPING IMAGE: No vessels found
processing: 5633502_21015_0_0.png
  SKIPPING IMAGE: tot amount of vasculature (9014.9276) < quality threshold 
processing: 5633408_21016_1_0.png
  SKIPPING IMAGE: tot amount of vasculature (10312.9186) < quality threshold 
processing: 5633408_21015_1_0.png
processing: 5633343_21016_0_0.png
processing: 5633343_21015_0_0.png
processing: 5633318_21016_0_0.png
processing: 5633318_21015_0_0.png
processing: 5633267_21016_0_0.png
  SKIPPING IMAGE: tot amount of vasculature (10239.3561) < quality threshold 
processing: 5633267_21015_0_0.png
  SKIPPING IMAGE: tot amount of vasculature (10046.5743) < quality threshold 
processing: 5633164_21016_0_0.png
processing: 5633164_21015_0_0.png
processing: 5633054_21016_0_0.png
processing: 5633054_21015_0_0.png
  SKIPPING IMAGE: tot amount of vasculature (4934.9168) < quality threshold 
processing: 5632821_21016_0_0.png
processing: 5632821_21015_0_0.png
processing: 5632605_21016_0_0.png
processing: 5632605_21015_0_0.png
processing: 5632417_21016_0_0.png
processing: 5632417_21015_0_0.png
processing: 5632332_21016_0_0.png
  SKIPPING IMAGE: tot amount of vasculature (467.9403) < quality threshold 
processing: 5632332_21015_0_0.png
  SKIPPING IMAGE: tot amount of vasculature (6734.9753) < quality threshold 
processing: 5632265_21016_0_0.png
processing: 5632265_21015_0_0.png
processing: 5632223_21016_1_0.png
processing: 5632223_21015_1_0.png
processing: 5632214_21016_0_0.png
processing: 5632214_21015_0_0.png
processing: 5632125_21016_0_0.png
processing: 5632125_21015_0_0.png
  SKIPPING IMAGE: tot amount of vasculature (319.5894) < quality threshold 
processing: 5631995_21016_1_0.png
processing: 5631995_21015_1_0.png
  SKIPPING IMAGE: tot amount of vasculature (6635.1197) < quality threshold 
processing: 5631854_21016_0_0.png
  SKIPPING IMAGE: tot amount of vasculature (9340.5042) < quality threshold 
processing: 5631854_21015_0_0.png
  SKIPPING IMAGE: tot amount of vasculature (368.7612) < quality threshold 
processing: 5631780_21016_0_0.png
processing: 5631780_21015_0_0.png
processing: 5631772_21016_0_0.png
processing: 5631772_21015_0_0.png
processing: 5631755_21016_0_0.png
processing: 5631755_21015_0_0.png
processing: 5631652_21016_0_0.png
processing: 5631652_21015_0_0.png
processing: 5631628_21016_0_0.png
processing: 5631628_21015_0_0.png
processing: 5631611_21016_1_0.png
processing: 5631611_21015_1_0.png
processing: 5631598_21016_0_0.png
processing: 5631598_21015_0_0.png
processing: 5631586_21016_1_0.png
processing: 5631586_21015_1_0.png
processing: 5631392_21016_0_0.png
  SKIPPING IMAGE: tot amount of vasculature (4848.1811) < quality threshold 
processing: 5631392_21015_0_1.png
  SKIPPING IMAGE: tot amount of vasculature (3497.1018) < quality threshold 
processing: 5631392_21015_0_0.png
  SKIPPING IMAGE: tot amount of vasculature (6068.6415) < quality threshold 
processing: 5631340_21016_0_0.png
processing: 5631340_21015_0_0.png
  SKIPPING IMAGE: tot amount of vasculature (4124.4641) < quality threshold 
processing: 5631306_21016_0_0.png
processing: 5631306_21015_0_0.png
processing: 5631287_21016_0_0.png
processing: 5631287_21015_0_0.png
processing: 5631153_21016_0_0.png
processing: 5631153_21015_0_0.png
processing: 5631056_21016_0_0.png
processing: 5631056_21015_0_0.png
processing: 5631038_21016_1_0.png
processing: 5631038_21015_1_0.png
processing: 5631007_21016_0_0.png
processing: 5631007_21015_0_0.png
processing: 5630848_21016_1_0.png
processing: 5630848_21015_1_0.png
  SKIPPING IMAGE: tot amount of vasculature (10274.0827) < quality threshold 
processing: 5630646_21016_0_0.png
processing: 5630646_21015_0_0.png
processing: 5630622_21016_0_0.png
processing: 5630622_21015_0_0.png
processing: 5630600_21016_0_0.png
processing: 5630600_21015_0_0.png
processing: 5630592_21016_0_0.png
  SKIPPING IMAGE: tot amount of vasculature (9248.8767) < quality threshold 
processing: 5630592_21015_0_0.png
  SKIPPING IMAGE: tot amount of vasculature (6002.8498) < quality threshold 
processing: 5630565_21016_1_0.png
  SKIPPING IMAGE: tot amount of vasculature (6519.2192) < quality threshold 
processing: 5630565_21015_1_0.png
processing: 5630531_21016_0_0.png
processing: 5630531_21015_0_0.png
processing: 5630523_21016_0_0.png
processing: 5630523_21015_0_0.png
processing: 5630449_21016_0_0.png
processing: 5630449_21015_0_0.png
  SKIPPING IMAGE: tot amount of vasculature (8478.4242) < quality threshold 
processing: 5630382_21016_0_0.png
processing: 5630382_21015_0_0.png
processing: 5630366_21016_1_0.png
processing: 5630366_21015_1_0.png
  SKIPPING IMAGE: tot amount of vasculature (10862.2062) < quality threshold 
processing: 5630260_21016_1_0.png
processing: 5630260_21015_1_0.png
processing: 5630245_21016_0_0.png
  SKIPPING IMAGE: tot amount of vasculature (4445.3521) < quality threshold 
processing: 5630245_21015_0_0.png
  SKIPPING IMAGE: tot amount of vasculature (411.1507) < quality threshold 
processing: 5630195_21016_0_0.png
processing: 5630195_21015_0_0.png
processing: 5630171_21016_1_0.png
processing: 5630171_21015_1_0.png
processing: 5629968_21016_0_0.png
processing: 5629968_21015_0_0.png
  SKIPPING IMAGE: tot amount of vasculature (33.1813) < quality threshold 
processing: 5629878_21016_0_0.png
processing: 5629878_21015_0_0.png
processing: 5629835_21016_0_0.png
processing: 5629835_21015_0_0.png
processing: 5629660_21016_0_0.png
  SKIPPING IMAGE: tot amount of vasculature (2581.4903) < quality threshold 
processing: 5629660_21015_0_0.png
  SKIPPING IMAGE: tot amount of vasculature (5661.5317) < quality threshold 
processing: 5629551_21016_1_0.png
  SKIPPING IMAGE: tot amount of vasculature (7269.4968) < quality threshold 
processing: 5629551_21015_1_0.png
  SKIPPING IMAGE: tot amount of vasculature (6791.062) < quality threshold 
processing: 5629450_21016_1_0.png
  SKIPPING IMAGE: tot amount of vasculature (10461.3867) < quality threshold 
processing: 5629450_21015_1_0.png
  SKIPPING IMAGE: tot amount of vasculature (9718.5534) < quality threshold 
processing: 5629306_21016_0_0.png
  SKIPPING IMAGE: tot amount of vasculature (8975.4068) < quality threshold 
processing: 5629306_21015_0_0.png
  SKIPPING IMAGE: tot amount of vasculature (6314.2092) < quality threshold 
processing: 5629291_21016_1_0.png
processing: 5629291_21016_0_0.png
processing: 5629291_21015_1_0.png
processing: 5629291_21015_0_0.png
processing: 5629210_21015_0_0.png
  SKIPPING IMAGE: tot amount of vasculature (7872.3377) < quality threshold 
processing: 5629170_21016_1_0.png
  SKIPPING IMAGE: tot amount of vasculature (3461.9256) < quality threshold 
processing: 5629170_21015_1_0.png
  SKIPPING IMAGE: tot amount of vasculature (9119.1526) < quality threshold 
processing: 5629081_21016_0_0.png
processing: 5629081_21015_0_0.png
processing: 5628958_21016_0_0.png
  SKIPPING IMAGE: tot amount of vasculature (10413.417) < quality threshold 
processing: 5628958_21015_0_0.png
  SKIPPING IMAGE: tot amount of vasculature (5522.8091) < quality threshold 
processing: 5628944_21016_0_0.png
processing: 5628944_21015_0_0.png
processing: 5628926_21016_0_0.png
processing: 5628831_21016_0_0.png
processing: 5628831_21015_0_0.png
processing: 5628749_21016_0_0.png
  SKIPPING IMAGE: tot amount of vasculature (10969.8452) < quality threshold 
processing: 5628653_21016_0_0.png
processing: 5628653_21015_0_0.png
processing: 5628524_21016_1_0.png
processing: 5628524_21015_1_0.png
  SKIPPING IMAGE: tot amount of vasculature (10582.7952) < quality threshold 
processing: 5628463_21016_1_0.png
processing: 5628463_21015_1_0.png
processing: 5628425_21016_0_0.png
processing: 5628425_21015_0_0.png
processing: 5628393_21016_0_0.png
processing: 5628393_21015_0_0.png
processing: 5628389_21016_0_0.png
processing: 5628389_21015_0_0.png
processing: 5628378_21016_0_0.png
  SKIPPING IMAGE: tot amount of vasculature (8990.2345) < quality threshold 
processing: 5628378_21015_0_0.png
  SKIPPING IMAGE: tot amount of vasculature (3465.5417) < quality threshold 
processing: 5628354_21016_0_0.png
processing: 5628354_21015_0_0.png
processing: 5628335_21016_0_0.png
  SKIPPING IMAGE: tot amount of vasculature (10294.1011) < quality threshold 
processing: 5628335_21015_0_0.png
processing: 5628300_21016_0_0.png
  SKIPPING IMAGE: tot amount of vasculature (8419.5516) < quality threshold 
processing: 5628300_21015_0_0.png
  SKIPPING IMAGE: tot amount of vasculature (4352.1836) < quality threshold 
processing: 5628247_21016_1_0.png
  SKIPPING IMAGE: tot amount of vasculature (1796.8769) < quality threshold 
processing: 5628247_21016_0_0.png
  SKIPPING IMAGE: tot amount of vasculature (1956.1291) < quality threshold 
processing: 5628247_21015_1_0.png
  SKIPPING IMAGE: tot amount of vasculature (2867.4938) < quality threshold 
processing: 5628247_21015_0_0.png
  SKIPPING IMAGE: tot amount of vasculature (4930.8562) < quality threshold 
processing: 5628220_21016_0_0.png
processing: 5628220_21015_0_0.png
processing: 5628176_21016_0_0.png
processing: 5628176_21015_0_0.png
processing: 5628085_21016_1_0.png
processing: 5628085_21016_0_0.png
processing: 5628085_21015_1_0.png
processing: 5628085_21015_0_0.png
processing: 5628018_21016_0_0.png
processing: 5628018_21015_0_0.png
processing: 5627964_21016_0_0.png
processing: 5627964_21015_0_0.png
processing: 5627856_21016_0_0.png
processing: 5627856_21015_0_0.png
  SKIPPING IMAGE: tot amount of vasculature (7691.8893) < quality threshold 
processing: 5627758_21016_0_0.png
processing: 5627758_21015_0_0.png
processing: 5627699_21016_0_0.png
processing: 5627699_21015_0_0.png
processing: 5627465_21016_0_0.png
processing: 5627465_21015_0_0.png
  SKIPPING IMAGE: tot amount of vasculature (10589.2864) < quality threshold 
processing: 5627414_21016_0_0.png
processing: 5627414_21015_0_0.png
processing: 5627395_21016_0_0.png
processing: 5627395_21015_0_0.png
processing: 5627347_21016_0_0.png
processing: 5627347_21015_0_0.png
processing: 5627320_21016_0_0.png
processing: 5627320_21015_0_0.png
processing: 5627316_21016_0_0.png
processing: 5627316_21015_0_0.png
processing: 5627254_21016_0_0.png
processing: 5627254_21015_0_0.png
processing: 5627121_21016_0_0.png
processing: 5627121_21015_0_0.png
processing: 5627104_21016_0_0.png
processing: 5627104_21015_0_0.png
processing: 5626827_21016_0_0.png
processing: 5626827_21015_0_0.png
processing: 5626777_21016_0_0.png
processing: 5626777_21015_0_0.png
processing: 5626554_21016_0_0.png
processing: 5626554_21015_0_0.png
processing: 5626480_21016_0_0.png
processing: 5626480_21015_0_0.png
processing: 5626448_21016_0_0.png
processing: 5626448_21015_0_0.png
processing: 5626309_21016_0_0.png
processing: 5626309_21015_0_0.png
processing: 5626175_21016_1_0.png
processing: 5626175_21015_1_0.png
processing: 5626103_21016_0_0.png
processing: 5626103_21015_0_0.png
  SKIPPING IMAGE: tot amount of vasculature (9949.4867) < quality threshold 
processing: 5626095_21016_0_0.png
processing: 5626095_21015_0_0.png
processing: 5626071_21016_1_0.png
  SKIPPING IMAGE: tot amount of vasculature (3764.2496) < quality threshold 
processing: 5626071_21015_1_0.png
  SKIPPING IMAGE: tot amount of vasculature (3559.0113) < quality threshold 
processing: 5625980_21016_0_0.png
processing: 5625980_21015_0_0.png
processing: 5625948_21016_0_0.png
processing: 5625948_21015_0_0.png
processing: 5625924_21016_0_0.png
FINISHED: .mat files have been written to: /data/FAC/FBM/DBC/sbergman/retina/UKBiob/fundus/REVIEW//CLRIS/
execution time: 1762 sec
