------------------------------------------
Setting up environment variables
---
LD_LIBRARY_PATH is .:/software/Development/Languages/Matlab_Compiler_Runtime/96/runtime/glnxa64:/software/Development/Languages/Matlab_Compiler_Runtime/96/bin/glnxa64:/software/Development/Languages/Matlab_Compiler_Runtime/96/sys/os/glnxa64:/software/Development/Languages/Matlab_Compiler_Runtime/96/sys/opengl/lib/glnxa64
Running vessel measurements...
processing: 3363907_21016_0_0.png
  SKIPPING IMAGE: tot amount of vasculature (7196.9582) < quality threshold 
processing: 3363907_21015_0_0.png
processing: 3363886_21016_0_0.png
  SKIPPING IMAGE: tot amount of vasculature (10591.154) < quality threshold 
processing: 3363886_21015_0_0.png
  SKIPPING IMAGE: tot amount of vasculature (3795.7235) < quality threshold 
processing: 3363864_21016_0_0.png
processing: 3363864_21015_0_0.png
processing: 3363777_21016_0_1.png
processing: 3363777_21016_0_0.png
processing: 3363777_21015_0_0.png
processing: 3363679_21016_1_0.png
processing: 3363679_21015_1_0.png
processing: 3363614_21016_0_0.png
processing: 3363614_21015_0_0.png
processing: 3363593_21016_0_0.png
processing: 3363593_21015_0_0.png
processing: 3363554_21016_0_0.png
processing: 3363554_21015_0_0.png
processing: 3363546_21016_0_0.png
processing: 3363546_21015_0_0.png
processing: 3363517_21016_1_0.png
  SKIPPING IMAGE: tot amount of vasculature (4727.8432) < quality threshold 
processing: 3363517_21015_1_0.png
  SKIPPING IMAGE: tot amount of vasculature (7559.4648) < quality threshold 
processing: 3363480_21016_0_0.png
  SKIPPING IMAGE: tot amount of vasculature (7630.8405) < quality threshold 
processing: 3363480_21015_0_0.png
  SKIPPING IMAGE: tot amount of vasculature (6805.7875) < quality threshold 
processing: 3363345_21016_0_0.png
processing: 3363345_21015_0_0.png
processing: 3363282_21016_1_0.png
processing: 3363282_21015_1_0.png
processing: 3363187_21016_1_0.png
processing: 3363187_21015_1_0.png
processing: 3363158_21016_0_0.png
  SKIPPING IMAGE: tot amount of vasculature (10472.1251) < quality threshold 
processing: 3363158_21015_0_0.png
processing: 3363126_21016_0_0.png
processing: 3363126_21015_0_0.png
processing: 3363095_21016_0_0.png
processing: 3363095_21015_0_0.png
  SKIPPING IMAGE: tot amount of vasculature (8700.6384) < quality threshold 
processing: 3362852_21016_0_0.png
processing: 3362852_21015_0_0.png
  SKIPPING IMAGE: tot amount of vasculature (10100.9933) < quality threshold 
processing: 3362828_21016_1_0.png
  SKIPPING IMAGE: tot amount of vasculature (9836.7103) < quality threshold 
processing: 3362828_21015_1_0.png
processing: 3362793_21016_0_0.png
processing: 3362793_21015_0_0.png
processing: 3362722_21016_0_0.png
processing: 3362722_21015_0_0.png
processing: 3362700_21016_1_0.png
processing: 3362700_21015_1_0.png
processing: 3362658_21016_0_0.png
processing: 3362658_21015_0_0.png
processing: 3362596_21016_0_0.png
processing: 3362596_21015_0_0.png
processing: 3362585_21016_0_0.png
processing: 3362585_21015_0_0.png
processing: 3362550_21016_1_0.png
processing: 3362550_21015_1_0.png
processing: 3362539_21016_0_0.png
processing: 3362539_21015_0_0.png
  SKIPPING IMAGE: tot amount of vasculature (9594.3178) < quality threshold 
processing: 3362495_21016_0_0.png
  SKIPPING IMAGE: tot amount of vasculature (10406.92) < quality threshold 
processing: 3362495_21015_0_0.png
  SKIPPING IMAGE: tot amount of vasculature (9576.4633) < quality threshold 
processing: 3362373_21016_1_0.png
  SKIPPING IMAGE: tot amount of vasculature (2038.7575) < quality threshold 
processing: 3362373_21015_1_0.png
  SKIPPING IMAGE: tot amount of vasculature (9173.8917) < quality threshold 
processing: 3362351_21016_0_0.png
  SKIPPING IMAGE: tot amount of vasculature (7992.0161) < quality threshold 
processing: 3362351_21015_0_0.png
  SKIPPING IMAGE: tot amount of vasculature (8551.3205) < quality threshold 
processing: 3362327_21016_1_0.png
  SKIPPING IMAGE: tot amount of vasculature (4402.9134) < quality threshold 
processing: 3362327_21015_1_0.png
  SKIPPING IMAGE: tot amount of vasculature (4837.339) < quality threshold 
processing: 3362305_21016_0_0.png
  SKIPPING IMAGE: tot amount of vasculature (9491.0464) < quality threshold 
processing: 3362305_21015_0_0.png
  SKIPPING IMAGE: tot amount of vasculature (8635.1112) < quality threshold 
processing: 3362238_21016_1_0.png
  SKIPPING IMAGE: tot amount of vasculature (2388.545) < quality threshold 
processing: 3362238_21015_1_0.png
  SKIPPING IMAGE: No vessels found
processing: 3362055_21016_0_0.png
processing: 3362055_21015_0_0.png
processing: 3361802_21016_1_0.png
processing: 3361802_21015_1_0.png
processing: 3361782_21016_0_0.png
processing: 3361782_21015_0_0.png
  SKIPPING IMAGE: tot amount of vasculature (7118.146) < quality threshold 
processing: 3361662_21016_0_0.png
  SKIPPING IMAGE: tot amount of vasculature (3366.5688) < quality threshold 
processing: 3361662_21015_0_0.png
  SKIPPING IMAGE: tot amount of vasculature (10174.2612) < quality threshold 
processing: 3361650_21016_1_0.png
  SKIPPING IMAGE: tot amount of vasculature (7263.03) < quality threshold 
processing: 3361650_21015_1_0.png
  SKIPPING IMAGE: tot amount of vasculature (59.0832) < quality threshold 
processing: 3361618_21016_0_0.png
  SKIPPING IMAGE: tot amount of vasculature (6613.7485) < quality threshold 
processing: 3361618_21015_0_0.png
  SKIPPING IMAGE: tot amount of vasculature (7326.2168) < quality threshold 
processing: 3361460_21016_1_0.png
processing: 3361460_21015_1_0.png
processing: 3361445_21016_0_0.png
processing: 3361445_21015_0_0.png
processing: 3361434_21016_0_0.png
processing: 3361434_21015_0_0.png
processing: 3361390_21016_0_0.png
processing: 3361390_21015_0_0.png
processing: 3361230_21016_0_0.png
processing: 3361230_21015_0_0.png
processing: 3361212_21016_0_0.png
processing: 3361212_21015_0_0.png
processing: 3361205_21016_1_0.png
processing: 3361205_21015_1_0.png
processing: 3361172_21016_1_0.png
  SKIPPING IMAGE: tot amount of vasculature (4371.8737) < quality threshold 
processing: 3361172_21015_1_0.png
  SKIPPING IMAGE: tot amount of vasculature (9202.6824) < quality threshold 
processing: 3361014_21016_0_0.png
processing: 3361014_21015_0_0.png
processing: 3360960_21016_0_0.png
processing: 3360960_21015_0_0.png
processing: 3360945_21016_0_0.png
  SKIPPING IMAGE: tot amount of vasculature (2138.0718) < quality threshold 
processing: 3360945_21015_0_0.png
  SKIPPING IMAGE: tot amount of vasculature (1494.0267) < quality threshold 
processing: 3360909_21016_0_0.png
processing: 3360909_21015_0_0.png
processing: 3360870_21016_0_0.png
  SKIPPING IMAGE: tot amount of vasculature (8102.2505) < quality threshold 
processing: 3360870_21015_0_0.png
  SKIPPING IMAGE: tot amount of vasculature (4609.1273) < quality threshold 
processing: 3360866_21016_0_0.png
  SKIPPING IMAGE: tot amount of vasculature (10938.7972) < quality threshold 
processing: 3360866_21015_0_0.png
processing: 3360757_21016_0_0.png
processing: 3360757_21015_0_0.png
  SKIPPING IMAGE: tot amount of vasculature (10351.5714) < quality threshold 
processing: 3360671_21016_0_0.png
processing: 3360671_21015_0_0.png
processing: 3360647_21016_0_0.png
processing: 3360647_21015_0_0.png
processing: 3360602_21016_0_0.png
  SKIPPING IMAGE: tot amount of vasculature (4271.9815) < quality threshold 
processing: 3360602_21015_0_0.png
  SKIPPING IMAGE: tot amount of vasculature (5607.2952) < quality threshold 
processing: 3360590_21016_0_0.png
processing: 3360590_21015_0_0.png
  SKIPPING IMAGE: tot amount of vasculature (8272.7672) < quality threshold 
processing: 3360519_21016_0_0.png
processing: 3360519_21015_0_0.png
