------------------------------------------
Setting up environment variables
---
LD_LIBRARY_PATH is .:/software/Development/Languages/Matlab_Compiler_Runtime/96/runtime/glnxa64:/software/Development/Languages/Matlab_Compiler_Runtime/96/bin/glnxa64:/software/Development/Languages/Matlab_Compiler_Runtime/96/sys/os/glnxa64:/software/Development/Languages/Matlab_Compiler_Runtime/96/sys/opengl/lib/glnxa64
Running vessel measurements...
processing: 2091657_21015_0_1.png
  SKIPPING IMAGE: tot amount of vasculature (3628.6986) < quality threshold 
processing: 2091657_21015_0_0.png
  SKIPPING IMAGE: tot amount of vasculature (2089.6212) < quality threshold 
processing: 2091517_21016_1_0.png
processing: 2091517_21015_1_0.png
processing: 2091472_21016_0_0.png
  SKIPPING IMAGE: tot amount of vasculature (6552.2309) < quality threshold 
processing: 2091472_21015_0_0.png
  SKIPPING IMAGE: tot amount of vasculature (10429.1403) < quality threshold 
processing: 2091383_21016_0_0.png
processing: 2091383_21015_0_0.png
processing: 2091334_21016_0_0.png
  SKIPPING IMAGE: tot amount of vasculature (5726.5985) < quality threshold 
processing: 2091334_21015_0_0.png
  SKIPPING IMAGE: tot amount of vasculature (7912.0057) < quality threshold 
processing: 2091126_21016_1_0.png
  SKIPPING IMAGE: tot amount of vasculature (6107.8447) < quality threshold 
processing: 2091126_21015_1_0.png
processing: 2090980_21016_0_0.png
processing: 2090980_21015_0_0.png
processing: 2090972_21016_0_0.png
processing: 2090972_21015_0_0.png
  SKIPPING IMAGE: tot amount of vasculature (501.0663) < quality threshold 
processing: 2090967_21016_0_0.png
processing: 2090967_21015_0_0.png
processing: 2090885_21016_0_0.png
processing: 2090885_21015_0_0.png
processing: 2090768_21016_0_0.png
processing: 2090768_21015_0_0.png
  SKIPPING IMAGE: tot amount of vasculature (3827.1835) < quality threshold 
processing: 2090651_21016_0_0.png
processing: 2090651_21015_0_0.png
processing: 2090583_21016_0_0.png
processing: 2090583_21015_0_0.png
processing: 2090552_21016_0_0.png
processing: 2090552_21015_0_0.png
processing: 2090534_21016_0_0.png
  SKIPPING IMAGE: tot amount of vasculature (9765.4881) < quality threshold 
processing: 2090534_21015_0_0.png
processing: 2090461_21016_1_0.png
processing: 2090461_21016_0_0.png
processing: 2090461_21015_1_0.png
  SKIPPING IMAGE: tot amount of vasculature (1845.334) < quality threshold 
processing: 2090461_21015_0_0.png
processing: 2090391_21016_1_0.png
  SKIPPING IMAGE: tot amount of vasculature (10077.6515) < quality threshold 
processing: 2090391_21016_0_0.png
  SKIPPING IMAGE: tot amount of vasculature (7745.4967) < quality threshold 
processing: 2090391_21015_1_0.png
  SKIPPING IMAGE: tot amount of vasculature (8367.1439) < quality threshold 
processing: 2090391_21015_0_0.png
  SKIPPING IMAGE: tot amount of vasculature (8170.3525) < quality threshold 
processing: 2090310_21016_0_0.png
processing: 2090310_21015_0_0.png
processing: 2090292_21016_1_0.png
  SKIPPING IMAGE: tot amount of vasculature (6617.659) < quality threshold 
processing: 2090292_21015_1_0.png
  SKIPPING IMAGE: tot amount of vasculature (6174.6725) < quality threshold 
processing: 2090265_21016_0_0.png
processing: 2090265_21015_0_0.png
processing: 2090206_21016_0_0.png
processing: 2090206_21015_0_0.png
processing: 2090163_21016_0_0.png
processing: 2090163_21015_0_0.png
processing: 2090066_21016_0_0.png
  SKIPPING IMAGE: tot amount of vasculature (4519.1288) < quality threshold 
processing: 2090066_21015_0_0.png
  SKIPPING IMAGE: tot amount of vasculature (2310.961) < quality threshold 
processing: 2090015_21016_0_0.png
processing: 2090015_21015_0_0.png
processing: 2089886_21016_0_0.png
processing: 2089886_21015_0_0.png
processing: 2089873_21016_0_0.png
processing: 2089873_21015_0_0.png
processing: 2089864_21016_0_0.png
processing: 2089864_21015_0_0.png
processing: 2089812_21016_1_0.png
processing: 2089812_21015_1_0.png
processing: 2089623_21016_0_0.png
processing: 2089623_21015_0_0.png
processing: 2089535_21016_1_0.png
  SKIPPING IMAGE: tot amount of vasculature (1393.5291) < quality threshold 
processing: 2089535_21015_1_0.png
  SKIPPING IMAGE: tot amount of vasculature (4964.6744) < quality threshold 
processing: 2089522_21016_1_0.png
  SKIPPING IMAGE: tot amount of vasculature (7326.0581) < quality threshold 
processing: 2089522_21015_1_0.png
  SKIPPING IMAGE: tot amount of vasculature (6253.1516) < quality threshold 
processing: 2089413_21016_0_0.png
processing: 2089413_21015_0_0.png
processing: 2089282_21016_0_0.png
  SKIPPING IMAGE: tot amount of vasculature (8905.0324) < quality threshold 
processing: 2089282_21015_0_0.png
  SKIPPING IMAGE: tot amount of vasculature (5295.1158) < quality threshold 
processing: 2089144_21016_0_0.png
processing: 2089144_21015_0_0.png
processing: 2089126_21016_0_0.png
processing: 2089126_21015_0_0.png
processing: 2089110_21016_0_0.png
processing: 2089110_21015_0_0.png
  SKIPPING IMAGE: tot amount of vasculature (2020.5021) < quality threshold 
processing: 2089016_21016_0_0.png
processing: 2089016_21015_0_0.png
  SKIPPING IMAGE: tot amount of vasculature (7253.2368) < quality threshold 
processing: 2088982_21016_0_0.png
processing: 2088982_21015_0_0.png
processing: 2088970_21016_0_0.png
  SKIPPING IMAGE: tot amount of vasculature (9385.2453) < quality threshold 
processing: 2088970_21015_0_0.png
  SKIPPING IMAGE: tot amount of vasculature (9003.0065) < quality threshold 
processing: 2088929_21016_0_0.png
  SKIPPING IMAGE: tot amount of vasculature (5111.8935) < quality threshold 
processing: 2088929_21015_0_0.png
  SKIPPING IMAGE: tot amount of vasculature (2384.407) < quality threshold 
processing: 2088897_21016_0_0.png
  SKIPPING IMAGE: tot amount of vasculature (3343.212) < quality threshold 
processing: 2088897_21015_0_0.png
  SKIPPING IMAGE: tot amount of vasculature (4659.9768) < quality threshold 
processing: 2088852_21016_1_0.png
processing: 2088746_21016_0_0.png
processing: 2088746_21015_0_0.png
processing: 2088700_21016_0_0.png
processing: 2088700_21015_0_0.png
processing: 2088626_21016_0_0.png
processing: 2088626_21015_0_0.png
processing: 2088596_21016_0_0.png
  SKIPPING IMAGE: tot amount of vasculature (10681.4551) < quality threshold 
processing: 2088596_21015_0_0.png
  SKIPPING IMAGE: tot amount of vasculature (9171.7374) < quality threshold 
processing: 2088459_21016_1_0.png
processing: 2088459_21015_1_0.png
processing: 2088447_21016_0_0.png
  SKIPPING IMAGE: tot amount of vasculature (6695.9709) < quality threshold 
processing: 2088447_21015_0_0.png
  SKIPPING IMAGE: tot amount of vasculature (1352.32) < quality threshold 
processing: 2088416_21016_0_0.png
  SKIPPING IMAGE: tot amount of vasculature (10989.1267) < quality threshold 
processing: 2088416_21015_0_0.png
processing: 2088373_21016_1_0.png
  SKIPPING IMAGE: tot amount of vasculature (8411.6515) < quality threshold 
processing: 2088373_21015_1_0.png
  SKIPPING IMAGE: tot amount of vasculature (9930.4377) < quality threshold 
processing: 2088349_21016_0_0.png
processing: 2088349_21015_0_0.png
processing: 2088238_21016_0_0.png
processing: 2088238_21015_0_0.png
processing: 2088225_21016_0_0.png
processing: 2088225_21015_0_0.png
processing: 2088207_21016_1_0.png
  SKIPPING IMAGE: tot amount of vasculature (7403.9844) < quality threshold 
processing: 2088207_21015_1_0.png
  SKIPPING IMAGE: tot amount of vasculature (3781.736) < quality threshold 
processing: 2088192_21016_0_0.png
  SKIPPING IMAGE: tot amount of vasculature (8628.1173) < quality threshold 
processing: 2088192_21015_0_0.png
  SKIPPING IMAGE: tot amount of vasculature (10092.6619) < quality threshold 
processing: 2088179_21016_0_0.png
processing: 2088179_21015_0_0.png
processing: 2088036_21016_1_0.png
  SKIPPING IMAGE: tot amount of vasculature (5406.1804) < quality threshold 
processing: 2088036_21015_1_0.png
processing: 2087989_21016_0_0.png
  SKIPPING IMAGE: tot amount of vasculature (220.5557) < quality threshold 
processing: 2087989_21015_0_0.png
processing: 2087794_21016_1_0.png
processing: 2087794_21016_0_0.png
processing: 2087794_21015_1_0.png
processing: 2087794_21015_0_0.png
