------------------------------------------
Setting up environment variables
---
LD_LIBRARY_PATH is .:/software/Development/Languages/Matlab_Compiler_Runtime/96/runtime/glnxa64:/software/Development/Languages/Matlab_Compiler_Runtime/96/bin/glnxa64:/software/Development/Languages/Matlab_Compiler_Runtime/96/sys/os/glnxa64:/software/Development/Languages/Matlab_Compiler_Runtime/96/sys/opengl/lib/glnxa64
Running vessel measurements...
processing: 2188432_21016_0_0.png
processing: 2188432_21015_0_0.png
processing: 2188410_21016_0_0.png
processing: 2188410_21015_0_0.png
processing: 2188372_21016_1_0.png
processing: 2188372_21016_0_0.png
processing: 2188372_21015_1_0.png
processing: 2188372_21015_0_0.png
processing: 2188367_21016_0_0.png
  SKIPPING IMAGE: tot amount of vasculature (8260.0728) < quality threshold 
processing: 2188367_21015_0_0.png
  SKIPPING IMAGE: tot amount of vasculature (6062.5617) < quality threshold 
processing: 2188348_21016_0_0.png
processing: 2188348_21015_0_0.png
processing: 2188262_21016_0_0.png
processing: 2188262_21015_0_0.png
processing: 2188204_21016_0_0.png
  SKIPPING IMAGE: tot amount of vasculature (2079.9397) < quality threshold 
processing: 2188204_21015_0_0.png
  SKIPPING IMAGE: tot amount of vasculature (8710.2542) < quality threshold 
processing: 2188135_21016_0_0.png
processing: 2188135_21015_0_0.png
processing: 2188073_21016_0_0.png
  SKIPPING IMAGE: tot amount of vasculature (95.2107) < quality threshold 
processing: 2188073_21015_0_0.png
  SKIPPING IMAGE: tot amount of vasculature (811.7753) < quality threshold 
processing: 2188012_21016_1_0.png
  SKIPPING IMAGE: tot amount of vasculature (8507.9277) < quality threshold 
processing: 2188012_21015_1_0.png
  SKIPPING IMAGE: tot amount of vasculature (5604.7388) < quality threshold 
processing: 2187988_21016_0_0.png
processing: 2187988_21015_0_0.png
processing: 2187914_21016_0_0.png
  SKIPPING IMAGE: tot amount of vasculature (9422.5102) < quality threshold 
processing: 2187914_21015_0_0.png
processing: 2187906_21016_0_0.png
processing: 2187906_21015_0_0.png
processing: 2187869_21016_0_0.png
processing: 2187869_21015_0_0.png
processing: 2187803_21016_0_0.png
processing: 2187803_21015_0_0.png
processing: 2187752_21016_1_0.png
  SKIPPING IMAGE: tot amount of vasculature (8334.2151) < quality threshold 
processing: 2187752_21015_1_0.png
processing: 2187728_21016_0_0.png
processing: 2187728_21015_0_0.png
processing: 2187711_21016_1_0.png
processing: 2187711_21015_1_0.png
processing: 2187638_21016_0_0.png
processing: 2187638_21015_0_0.png
processing: 2187607_21016_0_0.png
  SKIPPING IMAGE: tot amount of vasculature (2011.3297) < quality threshold 
processing: 2187607_21015_0_0.png
  SKIPPING IMAGE: tot amount of vasculature (4758.3137) < quality threshold 
processing: 2187595_21016_0_0.png
processing: 2187595_21015_0_0.png
processing: 2187584_21016_1_0.png
  SKIPPING IMAGE: tot amount of vasculature (8060.8777) < quality threshold 
processing: 2187584_21016_0_0.png
processing: 2187584_21015_1_0.png
  SKIPPING IMAGE: tot amount of vasculature (10816.366) < quality threshold 
processing: 2187584_21015_0_0.png
processing: 2187571_21016_1_0.png
  SKIPPING IMAGE: tot amount of vasculature (5053.3491) < quality threshold 
processing: 2187571_21015_1_0.png
  SKIPPING IMAGE: tot amount of vasculature (7523.0014) < quality threshold 
processing: 2187559_21016_0_0.png
processing: 2187559_21015_0_0.png
processing: 2187502_21016_1_0.png
processing: 2187502_21015_1_0.png
processing: 2187396_21016_0_0.png
processing: 2187396_21015_0_0.png
processing: 2187385_21016_0_0.png
processing: 2187385_21015_0_0.png
processing: 2187362_21016_0_0.png
processing: 2187362_21015_0_0.png
processing: 2187321_21016_0_0.png
  SKIPPING IMAGE: tot amount of vasculature (8228.1735) < quality threshold 
processing: 2187321_21015_0_0.png
  SKIPPING IMAGE: tot amount of vasculature (7179.5096) < quality threshold 
processing: 2187213_21016_0_0.png
processing: 2187213_21015_0_0.png
processing: 2187186_21016_0_0.png
processing: 2187186_21015_0_0.png
  SKIPPING IMAGE: tot amount of vasculature (6877.7103) < quality threshold 
processing: 2187173_21016_0_0.png
processing: 2187173_21015_0_0.png
processing: 2187164_21016_1_0.png
processing: 2187164_21015_1_0.png
processing: 2187130_21016_0_0.png
  SKIPPING IMAGE: tot amount of vasculature (6238.2605) < quality threshold 
processing: 2187130_21015_0_0.png
  SKIPPING IMAGE: tot amount of vasculature (8216.9643) < quality threshold 
processing: 2186991_21016_0_0.png
processing: 2186991_21015_0_0.png
processing: 2186975_21016_0_0.png
processing: 2186975_21015_0_0.png
processing: 2186969_21016_0_0.png
processing: 2186969_21015_0_0.png
processing: 2186958_21016_0_0.png
  SKIPPING IMAGE: tot amount of vasculature (4208.4501) < quality threshold 
processing: 2186958_21015_0_0.png
  SKIPPING IMAGE: tot amount of vasculature (5266.8188) < quality threshold 
processing: 2186926_21016_0_0.png
  SKIPPING IMAGE: tot amount of vasculature (1200.3416) < quality threshold 
processing: 2186926_21015_0_0.png
  SKIPPING IMAGE: No vessels found
processing: 2186892_21016_0_0.png
  SKIPPING IMAGE: tot amount of vasculature (7645.2277) < quality threshold 
processing: 2186892_21015_0_0.png
  SKIPPING IMAGE: tot amount of vasculature (5657.9907) < quality threshold 
processing: 2186857_21016_0_0.png
processing: 2186857_21015_0_0.png
processing: 2186831_21016_0_0.png
processing: 2186831_21015_0_0.png
processing: 2186730_21016_0_0.png
processing: 2186730_21015_0_0.png
processing: 2186727_21016_0_0.png
  SKIPPING IMAGE: tot amount of vasculature (1630.3239) < quality threshold 
processing: 2186727_21015_0_0.png
  SKIPPING IMAGE: tot amount of vasculature (7017.9081) < quality threshold 
processing: 2186666_21016_0_0.png
processing: 2186666_21015_0_0.png
  SKIPPING IMAGE: tot amount of vasculature (10070.4457) < quality threshold 
processing: 2186629_21016_1_0.png
  SKIPPING IMAGE: tot amount of vasculature (10795.3084) < quality threshold 
processing: 2186629_21015_1_0.png
  SKIPPING IMAGE: tot amount of vasculature (6752.6897) < quality threshold 
processing: 2186599_21016_1_0.png
  SKIPPING IMAGE: tot amount of vasculature (7124.0511) < quality threshold 
processing: 2186599_21015_1_0.png
  SKIPPING IMAGE: tot amount of vasculature (3111.5418) < quality threshold 
processing: 2186463_21016_0_0.png
processing: 2186463_21015_0_0.png
  SKIPPING IMAGE: tot amount of vasculature (4430.9191) < quality threshold 
processing: 2186389_21016_0_0.png
processing: 2186389_21015_0_0.png
processing: 2186346_21016_0_0.png
processing: 2186346_21015_0_0.png
  SKIPPING IMAGE: tot amount of vasculature (6586.8319) < quality threshold 
processing: 2186322_21016_1_0.png
  SKIPPING IMAGE: tot amount of vasculature (4662.6099) < quality threshold 
processing: 2186322_21015_1_0.png
  SKIPPING IMAGE: tot amount of vasculature (5444.2075) < quality threshold 
processing: 2186317_21016_0_0.png
processing: 2186317_21015_0_0.png
  SKIPPING IMAGE: tot amount of vasculature (205.2512) < quality threshold 
processing: 2186284_21016_0_0.png
  SKIPPING IMAGE: tot amount of vasculature (4731.1114) < quality threshold 
processing: 2186284_21015_0_0.png
processing: 2186268_21016_0_0.png
  SKIPPING IMAGE: tot amount of vasculature (5452.2792) < quality threshold 
processing: 2186268_21015_0_0.png
  SKIPPING IMAGE: tot amount of vasculature (4451.7919) < quality threshold 
processing: 2186216_21016_0_0.png
processing: 2186216_21015_0_0.png
processing: 2186197_21016_1_0.png
  SKIPPING IMAGE: tot amount of vasculature (3138.957) < quality threshold 
processing: 2186197_21015_1_0.png
  SKIPPING IMAGE: tot amount of vasculature (6844.1935) < quality threshold 
processing: 2186176_21016_1_0.png
processing: 2186176_21015_1_0.png
processing: 2186111_21016_0_0.png
processing: 2186111_21015_0_0.png
processing: 2186018_21016_0_0.png
processing: 2186018_21015_0_0.png
processing: 2185990_21016_0_0.png
processing: 2185990_21015_0_0.png
processing: 2185956_21016_0_0.png
