------------------------------------------
Setting up environment variables
---
LD_LIBRARY_PATH is .:/software/Development/Languages/Matlab_Compiler_Runtime/96/runtime/glnxa64:/software/Development/Languages/Matlab_Compiler_Runtime/96/bin/glnxa64:/software/Development/Languages/Matlab_Compiler_Runtime/96/sys/os/glnxa64:/software/Development/Languages/Matlab_Compiler_Runtime/96/sys/opengl/lib/glnxa64
Running vessel measurements...
processing: 1723847_21015_1_0.png
  SKIPPING IMAGE: tot amount of vasculature (10230.1759) < quality threshold 
processing: 1723833_21016_0_0.png
processing: 1723833_21015_0_0.png
processing: 1723708_21015_1_0.png
processing: 1723696_21016_0_0.png
  SKIPPING IMAGE: tot amount of vasculature (10897.3821) < quality threshold 
processing: 1723696_21015_0_0.png
  SKIPPING IMAGE: tot amount of vasculature (7207.4956) < quality threshold 
processing: 1723662_21016_0_0.png
processing: 1723662_21015_0_0.png
processing: 1723650_21016_1_0.png
processing: 1723650_21015_1_0.png
processing: 1723618_21016_1_0.png
processing: 1723618_21015_1_0.png
processing: 1723497_21016_0_0.png
  SKIPPING IMAGE: tot amount of vasculature (6503.1153) < quality threshold 
processing: 1723497_21015_0_0.png
  SKIPPING IMAGE: tot amount of vasculature (9488.6896) < quality threshold 
processing: 1723483_21016_1_0.png
processing: 1723483_21015_1_0.png
processing: 1723251_21016_0_0.png
processing: 1723251_21015_0_0.png
processing: 1723227_21016_0_0.png
  SKIPPING IMAGE: tot amount of vasculature (7609.8167) < quality threshold 
processing: 1723227_21015_0_0.png
  SKIPPING IMAGE: tot amount of vasculature (4986.7028) < quality threshold 
processing: 1723212_21016_0_0.png
processing: 1723212_21015_0_0.png
processing: 1723180_21016_0_0.png
  SKIPPING IMAGE: tot amount of vasculature (10970.8442) < quality threshold 
processing: 1723180_21015_0_0.png
  SKIPPING IMAGE: tot amount of vasculature (9873.6312) < quality threshold 
processing: 1723136_21016_1_0.png
  SKIPPING IMAGE: tot amount of vasculature (1582.5774) < quality threshold 
processing: 1723136_21016_0_0.png
  SKIPPING IMAGE: tot amount of vasculature (10732.214) < quality threshold 
processing: 1723136_21015_1_0.png
  SKIPPING IMAGE: tot amount of vasculature (4149.7469) < quality threshold 
processing: 1723136_21015_0_0.png
  SKIPPING IMAGE: tot amount of vasculature (10877.1747) < quality threshold 
processing: 1723079_21016_1_0.png
processing: 1723079_21015_1_0.png
processing: 1723057_21016_0_0.png
processing: 1723057_21015_0_0.png
processing: 1723023_21016_0_0.png
processing: 1723023_21015_0_0.png
processing: 1722973_21016_0_0.png
  SKIPPING IMAGE: tot amount of vasculature (10937.3707) < quality threshold 
processing: 1722973_21015_0_0.png
processing: 1722856_21016_0_0.png
processing: 1722856_21015_0_0.png
processing: 1722842_21016_0_0.png
processing: 1722842_21015_0_0.png
processing: 1722758_21016_1_0.png
processing: 1722758_21015_1_0.png
processing: 1722594_21016_1_0.png
processing: 1722594_21015_1_0.png
  SKIPPING IMAGE: tot amount of vasculature (8207.9823) < quality threshold 
processing: 1722492_21016_0_0.png
  SKIPPING IMAGE: tot amount of vasculature (10442.7478) < quality threshold 
processing: 1722492_21015_0_0.png
processing: 1722371_21016_0_0.png
  SKIPPING IMAGE: tot amount of vasculature (10672.5931) < quality threshold 
processing: 1722368_21016_0_0.png
processing: 1722368_21015_0_0.png
processing: 1722289_21016_0_0.png
processing: 1722289_21015_0_0.png
processing: 1722254_21016_1_0.png
processing: 1722254_21015_1_0.png
processing: 1722222_21016_0_0.png
processing: 1722222_21015_0_0.png
processing: 1722177_21016_0_0.png
processing: 1722177_21015_0_0.png
processing: 1722150_21016_1_0.png
  SKIPPING IMAGE: tot amount of vasculature (10840.7499) < quality threshold 
processing: 1722150_21015_1_0.png
  SKIPPING IMAGE: tot amount of vasculature (7266.8839) < quality threshold 
processing: 1722097_21016_0_0.png
  SKIPPING IMAGE: tot amount of vasculature (10502.5724) < quality threshold 
processing: 1722097_21015_0_0.png
  SKIPPING IMAGE: tot amount of vasculature (4808.5545) < quality threshold 
processing: 1722076_21016_0_0.png
processing: 1722076_21015_0_0.png
processing: 1722060_21016_0_0.png
processing: 1722060_21015_0_0.png
processing: 1722052_21016_0_0.png
  SKIPPING IMAGE: tot amount of vasculature (6079.6041) < quality threshold 
processing: 1722052_21015_0_0.png
  SKIPPING IMAGE: tot amount of vasculature (10919.2906) < quality threshold 
processing: 1722045_21016_1_0.png
  SKIPPING IMAGE: tot amount of vasculature (4299.8844) < quality threshold 
processing: 1722045_21015_1_0.png
  SKIPPING IMAGE: tot amount of vasculature (10916.1556) < quality threshold 
processing: 1721975_21016_0_0.png
  SKIPPING IMAGE: tot amount of vasculature (6059.9577) < quality threshold 
processing: 1721975_21015_0_0.png
  SKIPPING IMAGE: tot amount of vasculature (4836.8) < quality threshold 
processing: 1721969_21016_0_0.png
processing: 1721969_21015_0_0.png
processing: 1721958_21016_1_0.png
  SKIPPING IMAGE: tot amount of vasculature (10520.8412) < quality threshold 
processing: 1721958_21015_1_0.png
  SKIPPING IMAGE: tot amount of vasculature (3761.951) < quality threshold 
processing: 1721888_21016_0_0.png
processing: 1721888_21015_0_0.png
processing: 1721857_21016_0_0.png
processing: 1721857_21015_0_0.png
processing: 1721751_21016_0_0.png
processing: 1721751_21015_0_0.png
processing: 1721682_21016_0_0.png
processing: 1721682_21015_0_0.png
processing: 1721580_21016_0_0.png
processing: 1721580_21015_0_0.png
processing: 1721572_21016_0_0.png
  SKIPPING IMAGE: tot amount of vasculature (8263.5155) < quality threshold 
processing: 1721572_21015_0_0.png
  SKIPPING IMAGE: tot amount of vasculature (2623.6929) < quality threshold 
processing: 1721548_21016_1_0.png
processing: 1721548_21015_1_0.png
processing: 1721247_21016_0_0.png
processing: 1721247_21015_0_0.png
processing: 1721197_21016_0_0.png
  SKIPPING IMAGE: tot amount of vasculature (10515.0861) < quality threshold 
processing: 1721197_21015_0_0.png
  SKIPPING IMAGE: tot amount of vasculature (2114.813) < quality threshold 
processing: 1721160_21016_0_0.png
processing: 1721160_21015_0_0.png
processing: 1721134_21016_1_0.png
processing: 1721134_21015_1_0.png
processing: 1721050_21016_1_0.png
processing: 1721050_21015_1_0.png
processing: 1721043_21016_1_0.png
  SKIPPING IMAGE: tot amount of vasculature (711.0798) < quality threshold 
processing: 1721043_21015_1_0.png
  SKIPPING IMAGE: tot amount of vasculature (3623.2582) < quality threshold 
processing: 1720981_21016_1_0.png
processing: 1720981_21015_1_0.png
processing: 1720919_21016_0_0.png
  SKIPPING IMAGE: tot amount of vasculature (9261.7836) < quality threshold 
processing: 1720919_21015_0_0.png
processing: 1720796_21015_0_0.png
processing: 1720692_21016_1_0.png
processing: 1720692_21015_1_0.png
processing: 1720657_21016_0_0.png
processing: 1720657_21015_0_0.png
processing: 1720606_21016_0_0.png
processing: 1720606_21015_0_0.png
processing: 1720578_21016_0_0.png
processing: 1720578_21015_0_0.png
processing: 1720472_21016_0_0.png
  SKIPPING IMAGE: tot amount of vasculature (7444.3616) < quality threshold 
processing: 1720472_21015_0_0.png
  SKIPPING IMAGE: tot amount of vasculature (7732.418) < quality threshold 
processing: 1720424_21016_1_0.png
processing: 1720424_21015_1_0.png
processing: 1720334_21016_0_0.png
  SKIPPING IMAGE: tot amount of vasculature (259.1314) < quality threshold 
processing: 1720334_21015_0_0.png
  SKIPPING IMAGE: tot amount of vasculature (43.7767) < quality threshold 
processing: 1720215_21016_1_0.png
processing: 1720215_21015_1_0.png
processing: 1720126_21016_0_0.png
processing: 1720126_21015_0_0.png
  SKIPPING IMAGE: tot amount of vasculature (4789.8398) < quality threshold 
processing: 1719998_21016_0_0.png
  SKIPPING IMAGE: tot amount of vasculature (505.66) < quality threshold 
processing: 1719949_21016_0_0.png
processing: 1719949_21015_0_1.png
processing: 1719949_21015_0_0.png
processing: 1719927_21016_0_0.png
processing: 1719927_21015_0_0.png
processing: 1719825_21016_0_0.png
  SKIPPING IMAGE: tot amount of vasculature (9704.8961) < quality threshold 
processing: 1719825_21015_0_1.png
  SKIPPING IMAGE: tot amount of vasculature (493.2457) < quality threshold 
processing: 1719825_21015_0_0.png
  SKIPPING IMAGE: tot amount of vasculature (522.3907) < quality threshold 
processing: 1719775_21016_0_0.png
processing: 1719775_21015_0_0.png
processing: 1719758_21016_0_0.png
processing: 1719758_21015_0_0.png
processing: 1719699_21016_0_0.png
  SKIPPING IMAGE: tot amount of vasculature (4612.8317) < quality threshold 
processing: 1719699_21015_0_0.png
  SKIPPING IMAGE: tot amount of vasculature (8647.4531) < quality threshold 
processing: 1719648_21016_0_0.png
  SKIPPING IMAGE: tot amount of vasculature (10440.3515) < quality threshold 
processing: 1719648_21015_0_0.png
  SKIPPING IMAGE: tot amount of vasculature (3897.9799) < quality threshold 
processing: 1719537_21016_0_0.png
processing: 1719537_21015_0_0.png
  SKIPPING IMAGE: tot amount of vasculature (6397.1503) < quality threshold 
processing: 1719492_21016_0_0.png
processing: 1719492_21015_0_0.png
  SKIPPING IMAGE: tot amount of vasculature (2705.6485) < quality threshold 
processing: 1719488_21016_0_0.png
processing: 1719488_21015_0_0.png
processing: 1719431_21016_0_0.png
  SKIPPING IMAGE: tot amount of vasculature (8462.0761) < quality threshold 
processing: 1719431_21015_0_0.png
  SKIPPING IMAGE: tot amount of vasculature (7950.498) < quality threshold 
processing: 1719423_21016_0_0.png
  SKIPPING IMAGE: tot amount of vasculature (4976.844) < quality threshold 
processing: 1719423_21015_0_0.png
  SKIPPING IMAGE: tot amount of vasculature (7819.4103) < quality threshold 
processing: 1719406_21016_1_0.png
  SKIPPING IMAGE: tot amount of vasculature (454.1422) < quality threshold 
processing: 1719406_21015_1_0.png
  SKIPPING IMAGE: tot amount of vasculature (2261.4585) < quality threshold 
processing: 1719289_21016_0_0.png
  SKIPPING IMAGE: tot amount of vasculature (7790.87) < quality threshold 
processing: 1719289_21015_0_0.png
  SKIPPING IMAGE: tot amount of vasculature (9446.8773) < quality threshold 
processing: 1719246_21016_0_0.png
  SKIPPING IMAGE: tot amount of vasculature (7745.6386) < quality threshold 
processing: 1719246_21015_0_0.png
  SKIPPING IMAGE: tot amount of vasculature (10552.9671) < quality threshold 
processing: 1719235_21016_0_0.png
processing: 1719235_21015_0_0.png
processing: 1719185_21016_1_0.png
  SKIPPING IMAGE: tot amount of vasculature (9693.0826) < quality threshold 
processing: 1719185_21015_1_0.png
processing: 1719097_21016_0_0.png
processing: 1719097_21015_0_0.png
processing: 1719076_21016_0_0.png
processing: 1719076_21015_0_0.png
processing: 1719060_21016_1_0.png
  SKIPPING IMAGE: tot amount of vasculature (9862.9966) < quality threshold 
processing: 1719060_21016_0_0.png
processing: 1719060_21015_1_0.png
processing: 1719060_21015_0_0.png
processing: 1719052_21016_1_0.png
processing: 1719052_21015_1_0.png
processing: 1719009_21016_0_0.png
processing: 1719009_21015_0_0.png
processing: 1718989_21016_0_0.png
processing: 1718989_21015_0_0.png
processing: 1718935_21016_0_0.png
processing: 1718935_21015_0_0.png
processing: 1718922_21016_1_0.png
  SKIPPING IMAGE: No vessels found
processing: 1718922_21015_1_0.png
  SKIPPING IMAGE: tot amount of vasculature (9772.518) < quality threshold 
processing: 1718900_21016_0_0.png
processing: 1718900_21015_0_0.png
processing: 1718895_21016_0_0.png
  SKIPPING IMAGE: tot amount of vasculature (4974.6735) < quality threshold 
processing: 1718895_21015_0_0.png
  SKIPPING IMAGE: tot amount of vasculature (2427.6069) < quality threshold 
processing: 1718871_21016_0_0.png
processing: 1718871_21015_0_0.png
processing: 1718820_21016_0_0.png
processing: 1718820_21015_0_0.png
processing: 1718802_21016_0_0.png
processing: 1718802_21015_0_0.png
processing: 1718766_21016_0_0.png
processing: 1718766_21015_0_0.png
processing: 1718708_21016_0_0.png
  SKIPPING IMAGE: tot amount of vasculature (6458.4752) < quality threshold 
processing: 1718708_21015_0_0.png
  SKIPPING IMAGE: tot amount of vasculature (1533.1133) < quality threshold 
processing: 1718621_21016_0_0.png
processing: 1718621_21015_0_0.png
processing: 1718569_21016_0_0.png
processing: 1718569_21015_0_0.png
processing: 1718381_21016_0_0.png
  SKIPPING IMAGE: tot amount of vasculature (5020.9384) < quality threshold 
processing: 1718381_21015_0_1.png
  SKIPPING IMAGE: tot amount of vasculature (6326.0401) < quality threshold 
processing: 1718381_21015_0_0.png
  SKIPPING IMAGE: tot amount of vasculature (3795.1684) < quality threshold 
processing: 1718325_21016_0_0.png
processing: 1718325_21015_0_0.png
processing: 1718307_21016_0_0.png
processing: 1718307_21015_0_0.png
  SKIPPING IMAGE: tot amount of vasculature (8223.8871) < quality threshold 
processing: 1718251_21016_0_0.png
processing: 1718251_21015_0_0.png
processing: 1718079_21016_0_0.png
processing: 1718079_21015_0_0.png
processing: 1718006_21016_0_0.png
  SKIPPING IMAGE: tot amount of vasculature (9240.4596) < quality threshold 
processing: 1718006_21015_0_0.png
processing: 1717908_21016_0_0.png
processing: 1717908_21015_0_0.png
processing: 1717897_21016_0_0.png
processing: 1717852_21016_0_0.png
  SKIPPING IMAGE: tot amount of vasculature (6488.2453) < quality threshold 
processing: 1717852_21015_0_0.png
processing: 1717754_21016_1_0.png
  SKIPPING IMAGE: tot amount of vasculature (7360.899) < quality threshold 
processing: 1717754_21015_1_0.png
processing: 1717735_21016_1_0.png
processing: 1717735_21015_1_0.png
  SKIPPING IMAGE: tot amount of vasculature (8472.7603) < quality threshold 
processing: 1717722_21016_1_0.png
processing: 1717722_21015_1_0.png
processing: 1717691_21016_0_0.png
processing: 1717691_21015_0_0.png
  SKIPPING IMAGE: tot amount of vasculature (5831.2495) < quality threshold 
processing: 1717687_21016_0_0.png
processing: 1717687_21015_0_0.png
processing: 1717543_21016_0_0.png
  SKIPPING IMAGE: tot amount of vasculature (8484.039) < quality threshold 
processing: 1717543_21015_0_0.png
  SKIPPING IMAGE: tot amount of vasculature (862.0131) < quality threshold 
processing: 1717518_21016_1_0.png
processing: 1717518_21015_1_0.png
processing: 1717433_21016_0_0.png
processing: 1717433_21015_0_0.png
processing: 1717274_21016_0_0.png
  SKIPPING IMAGE: tot amount of vasculature (541.4763) < quality threshold 
processing: 1717274_21015_0_0.png
  SKIPPING IMAGE: tot amount of vasculature (2.7831) < quality threshold 
processing: 1717263_21016_0_0.png
processing: 1717263_21015_0_0.png
processing: 1717207_21016_0_0.png
processing: 1717207_21015_0_0.png
processing: 1717188_21016_1_0.png
  SKIPPING IMAGE: tot amount of vasculature (5272.9908) < quality threshold 
processing: 1717188_21015_1_0.png
  SKIPPING IMAGE: tot amount of vasculature (2709.5366) < quality threshold 
processing: 1717001_21016_0_0.png
  SKIPPING IMAGE: tot amount of vasculature (8734.5732) < quality threshold 
processing: 1717001_21015_0_0.png
  SKIPPING IMAGE: tot amount of vasculature (1074.585) < quality threshold 
processing: 1716928_21016_1_0.png
processing: 1716928_21015_1_0.png
processing: 1716882_21016_1_0.png
processing: 1716882_21015_1_0.png
processing: 1716837_21016_0_0.png
processing: 1716837_21015_0_0.png
processing: 1716779_21016_0_0.png
processing: 1716779_21015_0_0.png
processing: 1716757_21016_1_0.png
processing: 1716757_21015_1_0.png
processing: 1716706_21016_1_0.png
  SKIPPING IMAGE: tot amount of vasculature (665.1719) < quality threshold 
processing: 1716706_21015_1_0.png
  SKIPPING IMAGE: tot amount of vasculature (9849.9877) < quality threshold 
processing: 1716647_21016_0_0.png
processing: 1716647_21015_0_0.png
processing: 1716590_21016_0_0.png
processing: 1716590_21015_0_0.png
processing: 1716542_21016_0_0.png
processing: 1716542_21015_0_0.png
processing: 1716538_21016_0_0.png
processing: 1716538_21015_0_0.png
processing: 1716519_21016_0_0.png
processing: 1716519_21015_0_0.png
processing: 1716444_21016_0_0.png
processing: 1716444_21015_0_0.png
processing: 1716410_21016_0_0.png
processing: 1716410_21015_0_0.png
processing: 1716399_21016_0_0.png
processing: 1716399_21015_0_0.png
processing: 1716296_21016_0_0.png
processing: 1716296_21015_0_0.png
processing: 1716239_21016_0_0.png
processing: 1716239_21015_0_0.png
processing: 1716204_21016_0_0.png
processing: 1716204_21015_0_0.png
processing: 1716178_21016_0_0.png
  SKIPPING IMAGE: tot amount of vasculature (10016.1185) < quality threshold 
processing: 1716178_21015_0_0.png
processing: 1716100_21016_1_0.png
  SKIPPING IMAGE: tot amount of vasculature (9910.538) < quality threshold 
processing: 1716100_21015_1_0.png
processing: 1716073_21016_0_0.png
  SKIPPING IMAGE: tot amount of vasculature (9941.7382) < quality threshold 
processing: 1716073_21015_0_0.png
  SKIPPING IMAGE: tot amount of vasculature (7214.5586) < quality threshold 
processing: 1716030_21016_0_0.png
processing: 1716030_21015_0_0.png
processing: 1715975_21016_1_0.png
processing: 1715975_21015_1_0.png
processing: 1715926_21016_0_0.png
processing: 1715926_21015_0_0.png
processing: 1715814_21016_1_0.png
processing: 1715814_21015_1_0.png
processing: 1715806_21016_0_0.png
processing: 1715806_21015_0_0.png
processing: 1715764_21016_0_0.png
processing: 1715764_21015_0_0.png
processing: 1715727_21016_1_0.png
  SKIPPING IMAGE: tot amount of vasculature (10591.1784) < quality threshold 
processing: 1715727_21015_1_0.png
  SKIPPING IMAGE: tot amount of vasculature (10891.9058) < quality threshold 
processing: 1715712_21016_0_0.png
processing: 1715712_21015_0_0.png
processing: 1715653_21016_0_0.png
processing: 1715653_21015_0_0.png
processing: 1715463_21016_1_0.png
FINISHED: .mat files have been written to: /data/FAC/FBM/DBC/sbergman/retina/UKBiob/fundus/REVIEW//CLRIS/
execution time: 2121 sec
