------------------------------------------
Setting up environment variables
---
LD_LIBRARY_PATH is .:/software/Development/Languages/Matlab_Compiler_Runtime/96/runtime/glnxa64:/software/Development/Languages/Matlab_Compiler_Runtime/96/bin/glnxa64:/software/Development/Languages/Matlab_Compiler_Runtime/96/sys/os/glnxa64:/software/Development/Languages/Matlab_Compiler_Runtime/96/sys/opengl/lib/glnxa64
Running vessel measurements...
processing: 4472709_21015_0_0.png
  SKIPPING IMAGE: tot amount of vasculature (9522.4752) < quality threshold 
processing: 4472674_21016_0_0.png
processing: 4472674_21015_0_0.png
processing: 4472663_21016_0_0.png
processing: 4472663_21015_0_0.png
processing: 4472638_21016_0_0.png
processing: 4472638_21015_0_0.png
processing: 4472533_21016_0_0.png
  SKIPPING IMAGE: tot amount of vasculature (10758.1818) < quality threshold 
processing: 4472533_21015_0_0.png
processing: 4472520_21016_0_0.png
processing: 4472520_21015_0_0.png
processing: 4472466_21016_0_0.png
processing: 4472466_21015_0_0.png
processing: 4472453_21016_0_0.png
  SKIPPING IMAGE: tot amount of vasculature (9463.8026) < quality threshold 
processing: 4472453_21015_0_0.png
processing: 4472429_21016_1_0.png
processing: 4472429_21015_1_0.png
  SKIPPING IMAGE: tot amount of vasculature (5929.2684) < quality threshold 
processing: 4472415_21016_0_0.png
  SKIPPING IMAGE: tot amount of vasculature (9725.4564) < quality threshold 
processing: 4472415_21015_0_0.png
  SKIPPING IMAGE: tot amount of vasculature (8313.9924) < quality threshold 
processing: 4472408_21016_0_0.png
processing: 4472408_21015_0_0.png
processing: 4472377_21016_1_0.png
processing: 4472377_21015_1_0.png
processing: 4472343_21016_1_0.png
processing: 4472343_21015_1_0.png
processing: 4472339_21016_0_0.png
processing: 4472339_21015_0_0.png
processing: 4472272_21016_0_0.png
processing: 4472272_21015_0_0.png
processing: 4472201_21016_0_0.png
  SKIPPING IMAGE: tot amount of vasculature (10989.8586) < quality threshold 
processing: 4472201_21015_0_0.png
processing: 4472151_21016_0_0.png
processing: 4472151_21015_0_0.png
  SKIPPING IMAGE: tot amount of vasculature (10662.5521) < quality threshold 
processing: 4472127_21016_0_0.png
processing: 4472127_21015_0_0.png
processing: 4472112_21016_0_0.png
processing: 4472112_21015_0_0.png
processing: 4471894_21016_0_0.png
  SKIPPING IMAGE: No vessels found
processing: 4471894_21015_0_0.png
  SKIPPING IMAGE: tot amount of vasculature (2247.3953) < quality threshold 
processing: 4471815_21016_0_0.png
processing: 4471815_21015_0_0.png
processing: 4471668_21016_1_0.png
  SKIPPING IMAGE: tot amount of vasculature (1945.6929) < quality threshold 
processing: 4471668_21015_1_0.png
  SKIPPING IMAGE: tot amount of vasculature (9000.9031) < quality threshold 
processing: 4471647_21016_1_0.png
  SKIPPING IMAGE: tot amount of vasculature (4966.5801) < quality threshold 
processing: 4471647_21015_1_0.png
  SKIPPING IMAGE: tot amount of vasculature (6664.3519) < quality threshold 
processing: 4471633_21016_0_0.png
  SKIPPING IMAGE: tot amount of vasculature (9247.943) < quality threshold 
processing: 4471633_21015_0_0.png
  SKIPPING IMAGE: tot amount of vasculature (6739.0312) < quality threshold 
processing: 4471620_21016_1_0.png
processing: 4471620_21015_1_0.png
processing: 4471469_21016_0_0.png
processing: 4471469_21015_0_0.png
  SKIPPING IMAGE: tot amount of vasculature (10514.3131) < quality threshold 
processing: 4471426_21016_0_0.png
processing: 4471426_21015_0_0.png
processing: 4471410_21016_1_0.png
  SKIPPING IMAGE: tot amount of vasculature (9773.1285) < quality threshold 
processing: 4471410_21015_1_0.png
processing: 4471403_21016_0_0.png
processing: 4471403_21015_0_0.png
processing: 4471262_21016_0_0.png
  SKIPPING IMAGE: tot amount of vasculature (10640.1246) < quality threshold 
processing: 4471262_21015_0_0.png
  SKIPPING IMAGE: tot amount of vasculature (10626.2181) < quality threshold 
processing: 4471146_21016_0_0.png
processing: 4471146_21015_0_0.png
processing: 4471135_21016_0_0.png
processing: 4471135_21015_0_0.png
processing: 4471030_21016_0_0.png
processing: 4471030_21015_0_0.png
  SKIPPING IMAGE: tot amount of vasculature (6870.2953) < quality threshold 
processing: 4470892_21016_0_0.png
processing: 4470892_21015_0_0.png
processing: 4470806_21016_0_0.png
processing: 4470806_21015_0_0.png
processing: 4470786_21016_0_0.png
processing: 4470786_21015_0_0.png
processing: 4470749_21016_0_0.png
processing: 4470749_21015_0_0.png
processing: 4470653_21016_0_0.png
Warning: No vessels found in 4470653_21016_0_0
> In Vessel_Data_IO.load_from_file (line 183)
  In REVIEW_evaluate_diameter_measurements (line 125)
  In ARIA_run_tests (line 209)
  SKIPPING IMAGE: No vessels found
processing: 4470653_21015_0_0.png
processing: 4470608_21016_0_0.png
  SKIPPING IMAGE: tot amount of vasculature (996.5514) < quality threshold 
processing: 4470608_21015_0_0.png
  SKIPPING IMAGE: No vessels found
processing: 4470572_21016_0_0.png
  SKIPPING IMAGE: tot amount of vasculature (9409.9321) < quality threshold 
processing: 4470572_21015_0_0.png
processing: 4470501_21016_1_0.png
  SKIPPING IMAGE: tot amount of vasculature (8226.3854) < quality threshold 
processing: 4470501_21015_1_0.png
  SKIPPING IMAGE: tot amount of vasculature (9410.9557) < quality threshold 
processing: 4470456_21016_0_0.png
  SKIPPING IMAGE: tot amount of vasculature (8736.4822) < quality threshold 
processing: 4470456_21015_0_0.png
  SKIPPING IMAGE: tot amount of vasculature (9214.1587) < quality threshold 
processing: 4470438_21016_1_0.png
processing: 4470438_21015_1_0.png
processing: 4470389_21016_0_0.png
processing: 4470389_21015_0_0.png
  SKIPPING IMAGE: tot amount of vasculature (8624.7056) < quality threshold 
processing: 4470378_21016_0_0.png
processing: 4470378_21015_0_0.png
processing: 4470183_21016_0_0.png
processing: 4470183_21015_0_0.png
processing: 4470128_21016_0_0.png
processing: 4470128_21015_0_0.png
processing: 4470050_21016_0_0.png
processing: 4470050_21015_0_0.png
processing: 4469854_21016_0_0.png
  SKIPPING IMAGE: tot amount of vasculature (4779.122) < quality threshold 
processing: 4469854_21015_0_0.png
  SKIPPING IMAGE: tot amount of vasculature (10952.2732) < quality threshold 
processing: 4469736_21016_1_0.png
  SKIPPING IMAGE: tot amount of vasculature (10502.2197) < quality threshold 
processing: 4469736_21015_1_0.png
  SKIPPING IMAGE: tot amount of vasculature (402.1546) < quality threshold 
processing: 4469660_21016_0_0.png
processing: 4469660_21015_0_0.png
processing: 4469564_21016_0_0.png
processing: 4469564_21015_0_0.png
processing: 4469530_21016_0_0.png
processing: 4469530_21015_0_0.png
processing: 4469505_21016_0_0.png
processing: 4469505_21015_0_0.png
processing: 4469418_21016_0_0.png
processing: 4469418_21015_0_0.png
  SKIPPING IMAGE: tot amount of vasculature (10762.2157) < quality threshold 
processing: 4469379_21016_0_0.png
processing: 4469379_21015_0_0.png
processing: 4469331_21016_0_0.png
  SKIPPING IMAGE: tot amount of vasculature (1389.327) < quality threshold 
processing: 4469331_21015_0_0.png
  SKIPPING IMAGE: tot amount of vasculature (5874.4111) < quality threshold 
processing: 4469323_21016_1_0.png
processing: 4469323_21015_1_0.png
processing: 4469306_21016_0_1.png
  SKIPPING IMAGE: tot amount of vasculature (6690.224) < quality threshold 
processing: 4469306_21016_0_0.png
processing: 4469306_21015_0_0.png
processing: 4469287_21016_0_0.png
