------------------------------------------
Setting up environment variables
---
LD_LIBRARY_PATH is .:/software/Development/Languages/Matlab_Compiler_Runtime/96/runtime/glnxa64:/software/Development/Languages/Matlab_Compiler_Runtime/96/bin/glnxa64:/software/Development/Languages/Matlab_Compiler_Runtime/96/sys/os/glnxa64:/software/Development/Languages/Matlab_Compiler_Runtime/96/sys/opengl/lib/glnxa64
Running vessel measurements...
processing: 1541475_21016_0_0.png
processing: 1541475_21015_0_0.png
processing: 1541372_21016_0_0.png
processing: 1541372_21015_0_0.png
processing: 1541250_21016_0_0.png
processing: 1541250_21015_0_0.png
processing: 1541189_21016_1_0.png
  SKIPPING IMAGE: tot amount of vasculature (2998.7644) < quality threshold 
processing: 1541189_21015_1_0.png
  SKIPPING IMAGE: tot amount of vasculature (5204.9492) < quality threshold 
processing: 1541135_21016_0_0.png
processing: 1541135_21015_0_0.png
processing: 1540991_21016_0_0.png
processing: 1540991_21015_0_0.png
processing: 1540958_21016_0_0.png
  SKIPPING IMAGE: tot amount of vasculature (9493.3042) < quality threshold 
processing: 1540958_21015_0_0.png
  SKIPPING IMAGE: tot amount of vasculature (7615.0369) < quality threshold 
processing: 1540910_21016_0_0.png
processing: 1540910_21015_0_0.png
processing: 1540857_21016_0_0.png
processing: 1540857_21015_0_0.png
processing: 1540840_21016_0_0.png
  SKIPPING IMAGE: tot amount of vasculature (9613.2012) < quality threshold 
processing: 1540840_21015_0_0.png
  SKIPPING IMAGE: tot amount of vasculature (9286.1758) < quality threshold 
processing: 1540806_21016_0_0.png
processing: 1540806_21015_0_0.png
processing: 1540764_21016_0_0.png
processing: 1540764_21015_0_0.png
processing: 1540682_21016_0_0.png
processing: 1540682_21015_0_0.png
processing: 1540653_21016_0_0.png
processing: 1540653_21015_0_0.png
processing: 1540555_21016_1_0.png
  SKIPPING IMAGE: No vessels found
processing: 1540555_21015_1_0.png
  SKIPPING IMAGE: tot amount of vasculature (10351.4205) < quality threshold 
processing: 1540220_21016_0_0.png
processing: 1540220_21015_0_0.png
processing: 1540152_21016_0_0.png
  SKIPPING IMAGE: tot amount of vasculature (9906.6218) < quality threshold 
processing: 1540152_21015_0_0.png
processing: 1540145_21016_0_0.png
processing: 1540145_21015_0_0.png
processing: 1540043_21016_1_0.png
  SKIPPING IMAGE: No vessels found
processing: 1540043_21015_1_0.png
  SKIPPING IMAGE: tot amount of vasculature (438.3129) < quality threshold 
processing: 1540021_21016_0_0.png
  SKIPPING IMAGE: tot amount of vasculature (9222.6429) < quality threshold 
processing: 1540021_21015_0_0.png
  SKIPPING IMAGE: tot amount of vasculature (6518.7651) < quality threshold 
processing: 1539982_21016_0_0.png
  SKIPPING IMAGE: tot amount of vasculature (9686.7457) < quality threshold 
processing: 1539982_21015_0_0.png
  SKIPPING IMAGE: tot amount of vasculature (8693.8475) < quality threshold 
processing: 1539970_21016_1_0.png
  SKIPPING IMAGE: tot amount of vasculature (15.9981) < quality threshold 
processing: 1539970_21016_0_0.png
  SKIPPING IMAGE: tot amount of vasculature (6721.531) < quality threshold 
processing: 1539970_21015_1_0.png
  SKIPPING IMAGE: tot amount of vasculature (68.5747) < quality threshold 
processing: 1539970_21015_0_0.png
  SKIPPING IMAGE: tot amount of vasculature (3769.0307) < quality threshold 
processing: 1539929_21016_0_0.png
processing: 1539929_21015_0_0.png
processing: 1539828_21016_0_0.png
processing: 1539828_21015_0_0.png
processing: 1539778_21016_1_0.png
  SKIPPING IMAGE: tot amount of vasculature (4217.8247) < quality threshold 
processing: 1539778_21015_1_0.png
  SKIPPING IMAGE: tot amount of vasculature (2947.7751) < quality threshold 
processing: 1539746_21016_1_0.png
  SKIPPING IMAGE: tot amount of vasculature (376.3417) < quality threshold 
processing: 1539746_21015_1_0.png
  SKIPPING IMAGE: tot amount of vasculature (3755.9044) < quality threshold 
processing: 1539722_21016_0_0.png
processing: 1539722_21015_0_0.png
processing: 1539717_21016_0_0.png
processing: 1539717_21015_0_0.png
processing: 1539644_21016_1_0.png
  SKIPPING IMAGE: tot amount of vasculature (3569.2605) < quality threshold 
processing: 1539644_21015_1_0.png
  SKIPPING IMAGE: tot amount of vasculature (9542.4826) < quality threshold 
processing: 1539585_21016_0_0.png
processing: 1539585_21015_0_0.png
processing: 1539518_21016_0_0.png
processing: 1539518_21015_0_0.png
processing: 1539471_21016_0_0.png
  SKIPPING IMAGE: tot amount of vasculature (2530.8395) < quality threshold 
processing: 1539471_21015_0_0.png
  SKIPPING IMAGE: tot amount of vasculature (3406.3719) < quality threshold 
processing: 1539373_21016_0_0.png
processing: 1539373_21015_0_0.png
processing: 1539364_21016_0_0.png
processing: 1539364_21015_0_0.png
processing: 1539327_21016_0_0.png
  SKIPPING IMAGE: tot amount of vasculature (992.6915) < quality threshold 
processing: 1539327_21015_0_0.png
  SKIPPING IMAGE: tot amount of vasculature (1861.2742) < quality threshold 
processing: 1539312_21016_0_0.png
processing: 1539312_21015_0_0.png
processing: 1539290_21016_0_0.png
processing: 1539290_21015_0_0.png
processing: 1539263_21016_1_0.png
  SKIPPING IMAGE: tot amount of vasculature (5007.6) < quality threshold 
processing: 1539263_21015_1_0.png
processing: 1539238_21016_1_0.png
processing: 1539238_21015_1_0.png
processing: 1539165_21016_0_0.png
processing: 1539165_21015_0_0.png
processing: 1539123_21016_0_0.png
  SKIPPING IMAGE: tot amount of vasculature (799.0042) < quality threshold 
processing: 1539123_21015_0_0.png
processing: 1539067_21016_0_0.png
processing: 1539067_21015_0_0.png
processing: 1539055_21016_0_0.png
processing: 1539055_21015_0_0.png
  SKIPPING IMAGE: tot amount of vasculature (7739.4845) < quality threshold 
processing: 1539013_21016_0_0.png
processing: 1539013_21015_0_0.png
processing: 1539001_21016_1_0.png
processing: 1539001_21015_1_0.png
processing: 1538990_21016_0_0.png
  SKIPPING IMAGE: tot amount of vasculature (5673.5793) < quality threshold 
processing: 1538990_21015_0_0.png
  SKIPPING IMAGE: tot amount of vasculature (3182.0423) < quality threshold 
processing: 1538956_21016_1_0.png
processing: 1538956_21015_1_0.png
processing: 1538886_21016_0_0.png
processing: 1538886_21015_0_0.png
processing: 1538849_21016_0_0.png
  SKIPPING IMAGE: tot amount of vasculature (6653.6082) < quality threshold 
processing: 1538849_21015_0_0.png
  SKIPPING IMAGE: tot amount of vasculature (5864.0427) < quality threshold 
processing: 1538805_21016_0_0.png
processing: 1538805_21015_0_0.png
processing: 1538796_21016_0_0.png
processing: 1538796_21015_0_0.png
processing: 1538743_21016_1_0.png
  SKIPPING IMAGE: tot amount of vasculature (10468.8352) < quality threshold 
processing: 1538743_21015_1_0.png
processing: 1538704_21016_0_0.png
processing: 1538704_21015_0_0.png
processing: 1538631_21016_1_0.png
  SKIPPING IMAGE: tot amount of vasculature (10899.4759) < quality threshold 
processing: 1538631_21015_1_0.png
processing: 1538589_21016_1_0.png
  SKIPPING IMAGE: tot amount of vasculature (8083.6916) < quality threshold 
processing: 1538589_21015_1_0.png
  SKIPPING IMAGE: tot amount of vasculature (8061.7322) < quality threshold 
processing: 1538578_21016_0_0.png
processing: 1538578_21015_0_0.png
processing: 1538546_21016_0_0.png
  SKIPPING IMAGE: tot amount of vasculature (8003.452) < quality threshold 
processing: 1538546_21015_0_0.png
  SKIPPING IMAGE: tot amount of vasculature (10657.5976) < quality threshold 
processing: 1538535_21016_0_0.png
processing: 1538535_21015_0_0.png
processing: 1538472_21016_0_0.png
processing: 1538472_21015_0_0.png
processing: 1538413_21016_0_0.png
processing: 1538413_21015_0_0.png
processing: 1538401_21016_0_0.png
processing: 1538401_21015_0_0.png
processing: 1538397_21016_0_0.png
  SKIPPING IMAGE: tot amount of vasculature (129.2262) < quality threshold 
processing: 1538397_21015_0_0.png
  SKIPPING IMAGE: tot amount of vasculature (56.7416) < quality threshold 
processing: 1538376_21016_0_0.png
  SKIPPING IMAGE: tot amount of vasculature (2018.4602) < quality threshold 
processing: 1538376_21015_0_0.png
  SKIPPING IMAGE: tot amount of vasculature (6515.7761) < quality threshold 
processing: 1538334_21016_0_0.png
processing: 1538334_21015_0_0.png
processing: 1538309_21016_1_0.png
  SKIPPING IMAGE: tot amount of vasculature (1899.5774) < quality threshold 
processing: 1538309_21015_1_0.png
  SKIPPING IMAGE: tot amount of vasculature (7485.8726) < quality threshold 
processing: 1538282_21016_0_0.png
processing: 1538282_21015_0_0.png
processing: 1538270_21016_0_0.png
processing: 1538270_21015_0_0.png
processing: 1538241_21016_0_0.png
processing: 1538241_21015_0_0.png
processing: 1538191_21016_1_0.png
processing: 1538191_21016_0_0.png
processing: 1538191_21015_1_0.png
processing: 1538191_21015_0_0.png
processing: 1538187_21016_0_0.png
processing: 1538187_21015_0_0.png
processing: 1538020_21016_1_0.png
  SKIPPING IMAGE: tot amount of vasculature (10475.9192) < quality threshold 
processing: 1538020_21015_1_0.png
processing: 1537899_21016_0_0.png
processing: 1537899_21015_0_0.png
processing: 1537855_21016_0_0.png
  SKIPPING IMAGE: tot amount of vasculature (10612.572) < quality threshold 
processing: 1537855_21015_0_0.png
  SKIPPING IMAGE: tot amount of vasculature (6349.5235) < quality threshold 
processing: 1537756_21016_0_0.png
processing: 1537756_21015_0_0.png
processing: 1537719_21016_1_0.png
processing: 1537719_21015_1_0.png
processing: 1537635_21016_1_0.png
  SKIPPING IMAGE: tot amount of vasculature (4861.767) < quality threshold 
processing: 1537635_21015_1_0.png
  SKIPPING IMAGE: tot amount of vasculature (0.9859) < quality threshold 
processing: 1537617_21016_0_0.png
processing: 1537617_21015_0_0.png
processing: 1537600_21016_1_0.png
  SKIPPING IMAGE: tot amount of vasculature (97.0869) < quality threshold 
processing: 1537600_21015_1_0.png
  SKIPPING IMAGE: No vessels found
processing: 1537588_21016_0_0.png
processing: 1537588_21015_0_0.png
processing: 1537486_21016_0_0.png
  SKIPPING IMAGE: tot amount of vasculature (6484.9965) < quality threshold 
processing: 1537486_21015_0_0.png
processing: 1537315_21016_0_0.png
processing: 1537315_21015_0_0.png
  SKIPPING IMAGE: tot amount of vasculature (10020.6245) < quality threshold 
processing: 1537252_21016_1_0.png
  SKIPPING IMAGE: tot amount of vasculature (3127.5824) < quality threshold 
processing: 1537252_21015_1_0.png
  SKIPPING IMAGE: tot amount of vasculature (8033.1467) < quality threshold 
processing: 1537147_21016_1_0.png
  SKIPPING IMAGE: tot amount of vasculature (4727.6004) < quality threshold 
processing: 1537147_21015_1_0.png
  SKIPPING IMAGE: tot amount of vasculature (8986.4933) < quality threshold 
processing: 1537116_21016_1_0.png
  SKIPPING IMAGE: tot amount of vasculature (4892.5495) < quality threshold 
processing: 1537116_21015_1_0.png
  SKIPPING IMAGE: tot amount of vasculature (5104.1384) < quality threshold 
processing: 1537091_21016_0_0.png
  SKIPPING IMAGE: tot amount of vasculature (10815.1875) < quality threshold 
processing: 1537091_21015_0_0.png
processing: 1537058_21016_1_0.png
processing: 1537058_21015_1_0.png
processing: 1537026_21016_0_1.png
  SKIPPING IMAGE: tot amount of vasculature (2713.3512) < quality threshold 
processing: 1537026_21016_0_0.png
  SKIPPING IMAGE: tot amount of vasculature (458.4155) < quality threshold 
processing: 1537026_21015_0_0.png
  SKIPPING IMAGE: tot amount of vasculature (8416.1654) < quality threshold 
processing: 1537010_21016_0_0.png
  SKIPPING IMAGE: tot amount of vasculature (991.6674) < quality threshold 
processing: 1537010_21015_0_0.png
  SKIPPING IMAGE: tot amount of vasculature (1063.9723) < quality threshold 
processing: 1536972_21016_0_0.png
processing: 1536972_21015_0_0.png
processing: 1536967_21016_0_0.png
processing: 1536967_21015_0_0.png
  SKIPPING IMAGE: tot amount of vasculature (10999.8792) < quality threshold 
processing: 1536936_21016_0_0.png
  SKIPPING IMAGE: tot amount of vasculature (3984.3529) < quality threshold 
processing: 1536936_21015_0_0.png
processing: 1536901_21016_0_0.png
processing: 1536901_21015_0_0.png
processing: 1536862_21016_1_0.png
  SKIPPING IMAGE: tot amount of vasculature (7712.2755) < quality threshold 
processing: 1536862_21016_0_0.png
  SKIPPING IMAGE: tot amount of vasculature (5634.8888) < quality threshold 
processing: 1536862_21015_1_0.png
  SKIPPING IMAGE: tot amount of vasculature (4266.1223) < quality threshold 
processing: 1536862_21015_0_0.png
  SKIPPING IMAGE: tot amount of vasculature (2437.2472) < quality threshold 
processing: 1536850_21016_0_0.png
  SKIPPING IMAGE: tot amount of vasculature (9117.6084) < quality threshold 
processing: 1536850_21015_0_0.png
  SKIPPING IMAGE: tot amount of vasculature (8594.7906) < quality threshold 
processing: 1536818_21016_1_0.png
  SKIPPING IMAGE: tot amount of vasculature (3186.1259) < quality threshold 
processing: 1536818_21015_1_0.png
  SKIPPING IMAGE: tot amount of vasculature (4978.1354) < quality threshold 
processing: 1536784_21016_1_0.png
  SKIPPING IMAGE: tot amount of vasculature (5553.6383) < quality threshold 
processing: 1536784_21015_1_0.png
  SKIPPING IMAGE: tot amount of vasculature (4569.6534) < quality threshold 
processing: 1536747_21016_0_0.png
processing: 1536747_21015_0_0.png
  SKIPPING IMAGE: tot amount of vasculature (9640.379) < quality threshold 
processing: 1536716_21016_0_0.png
processing: 1536716_21015_0_0.png
processing: 1536702_21016_0_0.png
processing: 1536702_21015_0_0.png
  SKIPPING IMAGE: tot amount of vasculature (7849.3593) < quality threshold 
processing: 1536627_21016_0_0.png
processing: 1536627_21015_0_0.png
processing: 1536605_21016_0_0.png
processing: 1536605_21015_0_0.png
processing: 1536400_21016_0_0.png
  SKIPPING IMAGE: tot amount of vasculature (10553.375) < quality threshold 
processing: 1536400_21015_0_0.png
  SKIPPING IMAGE: tot amount of vasculature (10894.3005) < quality threshold 
processing: 1536387_21016_0_0.png
  SKIPPING IMAGE: tot amount of vasculature (7617.5146) < quality threshold 
processing: 1536387_21015_0_0.png
  SKIPPING IMAGE: tot amount of vasculature (6191.634) < quality threshold 
processing: 1536369_21016_1_0.png
processing: 1536369_21015_1_0.png
processing: 1536344_21016_0_0.png
  SKIPPING IMAGE: tot amount of vasculature (3449.1034) < quality threshold 
processing: 1536344_21015_0_0.png
  SKIPPING IMAGE: tot amount of vasculature (9183.7307) < quality threshold 
processing: 1536231_21016_1_0.png
  SKIPPING IMAGE: tot amount of vasculature (9283.2909) < quality threshold 
processing: 1536231_21015_1_0.png
  SKIPPING IMAGE: tot amount of vasculature (2393.4219) < quality threshold 
processing: 1536174_21016_1_0.png
processing: 1536174_21016_0_0.png
processing: 1536174_21015_1_0.png
processing: 1536174_21015_0_0.png
processing: 1536107_21016_0_0.png
  SKIPPING IMAGE: tot amount of vasculature (5681.04) < quality threshold 
processing: 1536107_21015_0_0.png
processing: 1535989_21016_0_0.png
  SKIPPING IMAGE: tot amount of vasculature (5164.3597) < quality threshold 
processing: 1535989_21015_0_0.png
processing: 1535847_21016_0_0.png
processing: 1535847_21015_0_0.png
processing: 1535802_21016_1_0.png
processing: 1535802_21015_1_0.png
processing: 1535766_21016_1_0.png
processing: 1535766_21015_1_0.png
  SKIPPING IMAGE: tot amount of vasculature (5756.0103) < quality threshold 
processing: 1535587_21016_0_0.png
processing: 1535587_21015_0_0.png
processing: 1535558_21016_0_0.png
  SKIPPING IMAGE: tot amount of vasculature (3294.004) < quality threshold 
processing: 1535503_21016_0_0.png
processing: 1535503_21015_0_0.png
processing: 1535452_21016_1_0.png
processing: 1535452_21015_1_0.png
processing: 1535381_21016_0_0.png
  SKIPPING IMAGE: tot amount of vasculature (10680.8039) < quality threshold 
processing: 1535381_21015_0_0.png
  SKIPPING IMAGE: tot amount of vasculature (7860.642) < quality threshold 
processing: 1535325_21016_0_0.png
  SKIPPING IMAGE: tot amount of vasculature (4836.6544) < quality threshold 
processing: 1535325_21015_0_0.png
  SKIPPING IMAGE: tot amount of vasculature (2934.6211) < quality threshold 
processing: 1535155_21016_1_0.png
processing: 1535155_21015_1_0.png
  SKIPPING IMAGE: tot amount of vasculature (8403.1764) < quality threshold 
processing: 1535079_21016_0_0.png
  SKIPPING IMAGE: tot amount of vasculature (1858.5977) < quality threshold 
processing: 1535079_21015_0_0.png
processing: 1535023_21016_0_0.png
  SKIPPING IMAGE: tot amount of vasculature (660.2292) < quality threshold 
processing: 1535023_21015_0_0.png
  SKIPPING IMAGE: tot amount of vasculature (6273.8527) < quality threshold 
processing: 1534837_21016_1_0.png
processing: 1534837_21015_1_0.png
processing: 1534659_21016_0_0.png
processing: 1534659_21015_0_0.png
processing: 1534602_21016_0_0.png
processing: 1534602_21015_0_0.png
processing: 1534581_21015_0_0.png
processing: 1534574_21016_1_0.png
  SKIPPING IMAGE: tot amount of vasculature (2561.183) < quality threshold 
processing: 1534574_21015_1_0.png
  SKIPPING IMAGE: tot amount of vasculature (4835.0248) < quality threshold 
processing: 1534538_21016_0_0.png
processing: 1534538_21015_0_0.png
processing: 1534491_21016_0_0.png
processing: 1534491_21015_0_0.png
processing: 1534432_21016_0_0.png
  SKIPPING IMAGE: tot amount of vasculature (10209.5079) < quality threshold 
processing: 1534432_21015_0_0.png
  SKIPPING IMAGE: tot amount of vasculature (6348.6878) < quality threshold 
processing: 1534348_21016_0_0.png
processing: 1534348_21015_0_0.png
processing: 1534336_21016_0_0.png
  SKIPPING IMAGE: tot amount of vasculature (10080.7933) < quality threshold 
processing: 1534336_21015_0_0.png
processing: 1534313_21016_1_0.png
  SKIPPING IMAGE: tot amount of vasculature (5579.2864) < quality threshold 
processing: 1534313_21015_1_0.png
  SKIPPING IMAGE: tot amount of vasculature (4915.7412) < quality threshold 
processing: 1534204_21016_0_0.png
processing: 1534204_21015_0_0.png
processing: 1534073_21016_1_0.png
processing: 1534073_21015_1_0.png
processing: 1534064_21016_0_0.png
  SKIPPING IMAGE: tot amount of vasculature (9320.575) < quality threshold 
processing: 1534064_21015_0_0.png
  SKIPPING IMAGE: tot amount of vasculature (9847.3008) < quality threshold 
processing: 1534027_21016_1_0.png
processing: 1534027_21015_1_0.png
processing: 1533959_21016_0_0.png
processing: 1533959_21015_0_0.png
processing: 1533835_21016_0_0.png
processing: 1533835_21015_0_0.png
processing: 1533800_21016_0_0.png
processing: 1533800_21015_0_0.png
processing: 1533780_21016_0_0.png
  SKIPPING IMAGE: tot amount of vasculature (7217.152) < quality threshold 
processing: 1533780_21015_0_0.png
  SKIPPING IMAGE: tot amount of vasculature (8601.1927) < quality threshold 
processing: 1533772_21016_0_0.png
processing: 1533772_21015_0_0.png
processing: 1533755_21016_0_0.png
processing: 1533755_21015_0_0.png
processing: 1533748_21016_1_0.png
processing: 1533748_21015_1_0.png
processing: 1533701_21016_0_0.png
processing: 1533701_21015_0_0.png
  SKIPPING IMAGE: tot amount of vasculature (6464.1277) < quality threshold 
processing: 1533586_21016_0_0.png
processing: 1533586_21015_0_0.png
processing: 1533573_21016_0_0.png
  SKIPPING IMAGE: tot amount of vasculature (8978.581) < quality threshold 
processing: 1533573_21015_0_0.png
processing: 1533392_21016_0_0.png
  SKIPPING IMAGE: tot amount of vasculature (6026.1787) < quality threshold 
FINISHED: .mat files have been written to: /data/FAC/FBM/DBC/sbergman/retina/UKBiob/fundus/REVIEW//CLRIS/
execution time: 2503 sec
