------------------------------------------
Setting up environment variables
---
LD_LIBRARY_PATH is .:/software/Development/Languages/Matlab_Compiler_Runtime/96/runtime/glnxa64:/software/Development/Languages/Matlab_Compiler_Runtime/96/bin/glnxa64:/software/Development/Languages/Matlab_Compiler_Runtime/96/sys/os/glnxa64:/software/Development/Languages/Matlab_Compiler_Runtime/96/sys/opengl/lib/glnxa64
Running vessel measurements...
processing: 3554570_21016_0_0.png
processing: 3554570_21015_0_0.png
processing: 3554529_21016_0_0.png
processing: 3554529_21015_0_0.png
processing: 3554508_21016_0_0.png
processing: 3554508_21015_0_0.png
processing: 3554414_21016_1_0.png
  SKIPPING IMAGE: tot amount of vasculature (4562.9018) < quality threshold 
processing: 3554414_21015_1_0.png
  SKIPPING IMAGE: tot amount of vasculature (5775.434) < quality threshold 
processing: 3554384_21016_1_0.png
Warning: No vessels found in 3554384_21016_1_0
> In Vessel_Data_IO.load_from_file (line 183)
  In REVIEW_evaluate_diameter_measurements (line 125)
  In ARIA_run_tests (line 209)
  SKIPPING IMAGE: No vessels found
processing: 3554384_21015_1_0.png
  SKIPPING IMAGE: tot amount of vasculature (6464.7199) < quality threshold 
processing: 3554320_21016_0_0.png
processing: 3554320_21015_0_0.png
  SKIPPING IMAGE: tot amount of vasculature (4397.6987) < quality threshold 
processing: 3554316_21016_0_0.png
processing: 3554316_21015_0_0.png
processing: 3554302_21016_1_0.png
  SKIPPING IMAGE: tot amount of vasculature (10482.2293) < quality threshold 
processing: 3554302_21015_1_0.png
processing: 3554289_21016_0_0.png
processing: 3554289_21015_0_0.png
processing: 3554261_21016_0_0.png
processing: 3554261_21015_0_0.png
processing: 3554139_21016_1_0.png
processing: 3554139_21015_1_0.png
processing: 3554097_21016_0_0.png
processing: 3554097_21015_0_0.png
processing: 3554052_21016_0_0.png
  SKIPPING IMAGE: tot amount of vasculature (10673.7703) < quality threshold 
processing: 3554052_21015_0_0.png
processing: 3553913_21016_1_0.png
  SKIPPING IMAGE: tot amount of vasculature (3381.6984) < quality threshold 
processing: 3553913_21016_0_0.png
  SKIPPING IMAGE: tot amount of vasculature (8433.3731) < quality threshold 
processing: 3553913_21015_1_0.png
  SKIPPING IMAGE: tot amount of vasculature (4396.2261) < quality threshold 
processing: 3553913_21015_0_0.png
processing: 3553843_21016_1_0.png
  SKIPPING IMAGE: tot amount of vasculature (2423.4283) < quality threshold 
processing: 3553843_21015_1_0.png
  SKIPPING IMAGE: tot amount of vasculature (1982.3477) < quality threshold 
processing: 3553804_21016_1_0.png
  SKIPPING IMAGE: tot amount of vasculature (2291.3695) < quality threshold 
processing: 3553804_21016_0_0.png
  SKIPPING IMAGE: tot amount of vasculature (9218.1977) < quality threshold 
processing: 3553804_21015_1_0.png
  SKIPPING IMAGE: tot amount of vasculature (4715.7962) < quality threshold 
processing: 3553804_21015_0_0.png
processing: 3553771_21016_0_0.png
processing: 3553771_21015_0_0.png
processing: 3553747_21016_1_1.png
  SKIPPING IMAGE: tot amount of vasculature (3728.21) < quality threshold 
processing: 3553747_21015_1_0.png
  SKIPPING IMAGE: tot amount of vasculature (540.907) < quality threshold 
processing: 3553716_21016_0_0.png
processing: 3553716_21015_0_0.png
processing: 3553605_21016_1_0.png
processing: 3553605_21015_1_0.png
processing: 3553597_21016_1_0.png
  SKIPPING IMAGE: tot amount of vasculature (4880.5429) < quality threshold 
processing: 3553597_21015_1_0.png
  SKIPPING IMAGE: tot amount of vasculature (10016.6922) < quality threshold 
processing: 3553509_21016_0_0.png
processing: 3553509_21015_0_0.png
processing: 3553422_21016_0_0.png
processing: 3553422_21015_0_0.png
processing: 3553417_21016_0_0.png
  SKIPPING IMAGE: tot amount of vasculature (2516.9827) < quality threshold 
processing: 3553417_21015_0_0.png
  SKIPPING IMAGE: tot amount of vasculature (5880.9321) < quality threshold 
processing: 3553387_21016_0_0.png
  SKIPPING IMAGE: tot amount of vasculature (3948.7448) < quality threshold 
processing: 3553387_21015_0_0.png
  SKIPPING IMAGE: tot amount of vasculature (1726.6052) < quality threshold 
processing: 3553265_21016_0_0.png
processing: 3553265_21015_0_0.png
processing: 3553240_21016_0_0.png
processing: 3553240_21015_0_0.png
processing: 3553214_21016_0_0.png
processing: 3553214_21015_0_0.png
  SKIPPING IMAGE: tot amount of vasculature (8444.7409) < quality threshold 
processing: 3552940_21016_0_0.png
processing: 3552940_21015_0_0.png
processing: 3552844_21016_1_0.png
processing: 3552844_21016_0_0.png
processing: 3552844_21015_1_0.png
processing: 3552844_21015_0_0.png
processing: 3552826_21016_0_0.png
  SKIPPING IMAGE: tot amount of vasculature (10870.0977) < quality threshold 
processing: 3552826_21015_0_0.png
processing: 3552797_21016_1_0.png
  SKIPPING IMAGE: tot amount of vasculature (9262.835) < quality threshold 
processing: 3552797_21015_1_0.png
processing: 3552709_21016_0_0.png
  SKIPPING IMAGE: tot amount of vasculature (6895.7892) < quality threshold 
processing: 3552709_21015_0_0.png
  SKIPPING IMAGE: tot amount of vasculature (4805.1654) < quality threshold 
processing: 3552674_21016_1_0.png
processing: 3552674_21015_1_0.png
processing: 3552638_21016_0_0.png
Warning: No vessels found in 3552638_21016_0_0
> In Vessel_Data_IO.load_from_file (line 183)
  In REVIEW_evaluate_diameter_measurements (line 125)
  In ARIA_run_tests (line 209)
  SKIPPING IMAGE: No vessels found
processing: 3552638_21015_0_0.png
processing: 3552625_21016_0_0.png
processing: 3552625_21015_0_0.png
  SKIPPING IMAGE: tot amount of vasculature (3844.4945) < quality threshold 
processing: 3552619_21015_0_0.png
  SKIPPING IMAGE: tot amount of vasculature (4070.2591) < quality threshold 
processing: 3552429_21016_1_0.png
  SKIPPING IMAGE: tot amount of vasculature (9618.8127) < quality threshold 
processing: 3552429_21015_1_0.png
  SKIPPING IMAGE: tot amount of vasculature (10016.8343) < quality threshold 
processing: 3552408_21016_0_0.png
processing: 3552408_21015_0_0.png
  SKIPPING IMAGE: tot amount of vasculature (8317.3914) < quality threshold 
processing: 3552385_21016_1_0.png
processing: 3552385_21015_1_0.png
processing: 3552362_21016_0_0.png
  SKIPPING IMAGE: tot amount of vasculature (10292.9473) < quality threshold 
processing: 3552362_21015_0_0.png
processing: 3552350_21016_0_0.png
processing: 3552350_21015_0_0.png
processing: 3552304_21016_0_0.png
processing: 3552304_21015_0_0.png
processing: 3552198_21016_0_0.png
  SKIPPING IMAGE: tot amount of vasculature (973.4718) < quality threshold 
processing: 3552198_21015_0_0.png
  SKIPPING IMAGE: tot amount of vasculature (14.1789) < quality threshold 
processing: 3552173_21016_0_0.png
processing: 3552173_21015_0_0.png
  SKIPPING IMAGE: tot amount of vasculature (9697.2376) < quality threshold 
processing: 3552149_21016_0_0.png
processing: 3552149_21015_0_0.png
processing: 3552112_21016_0_0.png
processing: 3552112_21015_0_0.png
processing: 3552089_21016_0_0.png
processing: 3552089_21015_0_0.png
processing: 3552061_21016_0_0.png
  SKIPPING IMAGE: tot amount of vasculature (2809.2851) < quality threshold 
processing: 3552061_21015_0_0.png
  SKIPPING IMAGE: tot amount of vasculature (2151.1122) < quality threshold 
processing: 3552035_21016_0_0.png
processing: 3552035_21015_0_0.png
processing: 3551829_21016_0_0.png
  SKIPPING IMAGE: tot amount of vasculature (8730.4645) < quality threshold 
processing: 3551829_21015_0_0.png
processing: 3551757_21016_0_0.png
  SKIPPING IMAGE: tot amount of vasculature (1314.1536) < quality threshold 
processing: 3551757_21015_0_0.png
  SKIPPING IMAGE: tot amount of vasculature (7340.0469) < quality threshold 
processing: 3551714_21016_1_0.png
  SKIPPING IMAGE: tot amount of vasculature (10980.9717) < quality threshold 
processing: 3551714_21016_0_0.png
  SKIPPING IMAGE: tot amount of vasculature (10715.8801) < quality threshold 
processing: 3551714_21015_1_0.png
processing: 3551714_21015_0_0.png
processing: 3551556_21016_0_0.png
processing: 3551556_21015_0_0.png
processing: 3551475_21016_0_0.png
processing: 3551475_21015_0_0.png
processing: 3551410_21016_0_0.png
  SKIPPING IMAGE: tot amount of vasculature (8733.4794) < quality threshold 
processing: 3551410_21015_0_0.png
  SKIPPING IMAGE: tot amount of vasculature (6687.5826) < quality threshold 
processing: 3551399_21016_0_0.png
processing: 3551399_21015_0_0.png
processing: 3551348_21016_1_0.png
processing: 3551348_21015_1_0.png
processing: 3551301_21016_1_0.png
  SKIPPING IMAGE: tot amount of vasculature (8546.8403) < quality threshold 
processing: 3551301_21016_0_0.png
processing: 3551301_21015_1_0.png
processing: 3551301_21015_0_0.png
