------------------------------------------
Setting up environment variables
---
LD_LIBRARY_PATH is .:/software/Development/Languages/Matlab_Compiler_Runtime/96/runtime/glnxa64:/software/Development/Languages/Matlab_Compiler_Runtime/96/bin/glnxa64:/software/Development/Languages/Matlab_Compiler_Runtime/96/sys/os/glnxa64:/software/Development/Languages/Matlab_Compiler_Runtime/96/sys/opengl/lib/glnxa64
Running vessel measurements...
processing: 1474179_21016_0_0.png
processing: 1474179_21015_0_0.png
processing: 1474140_21016_0_0.png
  SKIPPING IMAGE: tot amount of vasculature (6294.9254) < quality threshold 
processing: 1474140_21015_0_0.png
  SKIPPING IMAGE: tot amount of vasculature (3833.7026) < quality threshold 
processing: 1474123_21016_0_0.png
processing: 1474123_21015_0_0.png
processing: 1473975_21016_0_0.png
  SKIPPING IMAGE: tot amount of vasculature (10664.7545) < quality threshold 
processing: 1473975_21015_0_0.png
processing: 1473926_21016_0_0.png
processing: 1473926_21015_0_0.png
processing: 1473910_21016_0_0.png
processing: 1473910_21015_0_0.png
processing: 1473903_21016_0_0.png
  SKIPPING IMAGE: No vessels found
processing: 1473903_21015_0_0.png
  SKIPPING IMAGE: No vessels found
processing: 1473892_21016_0_0.png
processing: 1473892_21015_0_0.png
processing: 1473840_21016_0_0.png
processing: 1473840_21015_0_0.png
processing: 1473814_21016_0_0.png
processing: 1473814_21015_0_0.png
processing: 1473798_21016_0_0.png
processing: 1473798_21015_0_0.png
processing: 1473764_21016_0_0.png
  SKIPPING IMAGE: tot amount of vasculature (8652.0149) < quality threshold 
processing: 1473764_21015_0_0.png
processing: 1473751_21016_0_0.png
processing: 1473751_21015_0_0.png
processing: 1473393_21016_0_0.png
processing: 1473393_21015_0_0.png
processing: 1473378_21016_0_0.png
  SKIPPING IMAGE: tot amount of vasculature (7448.1784) < quality threshold 
processing: 1473378_21015_0_0.png
processing: 1473300_21016_0_0.png
  SKIPPING IMAGE: tot amount of vasculature (2539.1378) < quality threshold 
processing: 1473300_21015_0_0.png
  SKIPPING IMAGE: tot amount of vasculature (6752.3724) < quality threshold 
processing: 1473259_21016_1_0.png
processing: 1473259_21016_0_0.png
processing: 1473259_21015_1_0.png
processing: 1473259_21015_0_0.png
processing: 1473183_21016_0_0.png
processing: 1473183_21015_0_0.png
processing: 1473043_21016_0_0.png
processing: 1473043_21015_0_0.png
processing: 1472959_21016_0_0.png
processing: 1472959_21015_0_0.png
processing: 1472889_21016_0_0.png
  SKIPPING IMAGE: tot amount of vasculature (6925.3661) < quality threshold 
processing: 1472889_21015_0_0.png
  SKIPPING IMAGE: tot amount of vasculature (8335.7984) < quality threshold 
processing: 1472736_21016_1_0.png
  SKIPPING IMAGE: tot amount of vasculature (4479.9582) < quality threshold 
processing: 1472736_21015_1_0.png
  SKIPPING IMAGE: tot amount of vasculature (2556.389) < quality threshold 
processing: 1472701_21015_0_0.png
processing: 1472697_21016_0_0.png
  SKIPPING IMAGE: tot amount of vasculature (1352.0361) < quality threshold 
processing: 1472697_21015_0_0.png
  SKIPPING IMAGE: tot amount of vasculature (50.956) < quality threshold 
processing: 1472676_21016_1_0.png
processing: 1472676_21015_1_0.png
processing: 1472628_21016_0_0.png
processing: 1472628_21015_0_0.png
processing: 1472611_21016_0_0.png
  SKIPPING IMAGE: tot amount of vasculature (9769.1328) < quality threshold 
processing: 1472611_21015_0_0.png
  SKIPPING IMAGE: No vessels found
processing: 1472609_21016_0_0.png
processing: 1472609_21015_0_0.png
processing: 1472527_21016_1_0.png
processing: 1472527_21015_1_0.png
  SKIPPING IMAGE: tot amount of vasculature (23.6353) < quality threshold 
processing: 1472477_21016_0_0.png
processing: 1472477_21015_0_0.png
  SKIPPING IMAGE: tot amount of vasculature (8994.2566) < quality threshold 
processing: 1472291_21016_1_0.png
processing: 1472291_21015_1_0.png
processing: 1472244_21016_0_0.png
  SKIPPING IMAGE: tot amount of vasculature (9952.2773) < quality threshold 
processing: 1472244_21015_0_0.png
  SKIPPING IMAGE: tot amount of vasculature (9811.8969) < quality threshold 
processing: 1472210_21016_0_0.png
processing: 1472210_21015_0_0.png
processing: 1472090_21016_0_0.png
processing: 1472090_21015_0_0.png
processing: 1472074_21016_1_0.png
processing: 1472074_21015_1_0.png
processing: 1472042_21016_1_0.png
processing: 1472042_21015_1_0.png
processing: 1471955_21016_0_0.png
processing: 1471955_21015_0_0.png
processing: 1471896_21016_0_0.png
  SKIPPING IMAGE: tot amount of vasculature (5673.1268) < quality threshold 
processing: 1471896_21015_0_0.png
  SKIPPING IMAGE: tot amount of vasculature (6971.558) < quality threshold 
processing: 1471885_21016_0_0.png
  SKIPPING IMAGE: tot amount of vasculature (4618.923) < quality threshold 
processing: 1471885_21015_0_0.png
  SKIPPING IMAGE: tot amount of vasculature (9690.915) < quality threshold 
processing: 1471843_21016_0_0.png
processing: 1471843_21015_0_0.png
processing: 1471818_21016_0_0.png
processing: 1471818_21015_0_0.png
processing: 1471768_21016_0_0.png
processing: 1471768_21015_0_0.png
processing: 1471759_21016_0_0.png
  SKIPPING IMAGE: tot amount of vasculature (6044.7306) < quality threshold 
processing: 1471759_21015_0_0.png
processing: 1471747_21016_0_0.png
  SKIPPING IMAGE: tot amount of vasculature (3668.8082) < quality threshold 
processing: 1471747_21015_0_0.png
  SKIPPING IMAGE: tot amount of vasculature (2315.9292) < quality threshold 
processing: 1471686_21016_0_0.png
processing: 1471686_21015_0_0.png
processing: 1471664_21016_1_0.png
processing: 1471664_21015_1_0.png
processing: 1471649_21016_0_0.png
processing: 1471649_21015_0_0.png
  SKIPPING IMAGE: tot amount of vasculature (9912.1185) < quality threshold 
processing: 1471612_21016_0_0.png
processing: 1471612_21015_0_0.png
processing: 1471545_21016_1_0.png
  SKIPPING IMAGE: tot amount of vasculature (2875.5384) < quality threshold 
processing: 1471545_21016_0_0.png
  SKIPPING IMAGE: tot amount of vasculature (1496.235) < quality threshold 
processing: 1471545_21015_1_0.png
  SKIPPING IMAGE: tot amount of vasculature (2079.3984) < quality threshold 
processing: 1471545_21015_0_0.png
  SKIPPING IMAGE: tot amount of vasculature (2321.9064) < quality threshold 
processing: 1471528_21016_0_0.png
processing: 1471528_21015_0_0.png
processing: 1471511_21016_1_0.png
processing: 1471511_21015_1_0.png
processing: 1471509_21016_0_0.png
processing: 1471509_21015_0_0.png
processing: 1471375_21016_1_0.png
  SKIPPING IMAGE: tot amount of vasculature (3810.8295) < quality threshold 
processing: 1471375_21015_1_0.png
  SKIPPING IMAGE: tot amount of vasculature (4989.9581) < quality threshold 
processing: 1471326_21016_1_0.png
  SKIPPING IMAGE: tot amount of vasculature (5530.1567) < quality threshold 
processing: 1471326_21015_1_0.png
  SKIPPING IMAGE: tot amount of vasculature (4.6426) < quality threshold 
processing: 1471303_21016_0_0.png
processing: 1471303_21015_0_0.png
processing: 1471214_21016_0_0.png
processing: 1471214_21015_0_0.png
  SKIPPING IMAGE: tot amount of vasculature (3664.0786) < quality threshold 
processing: 1471181_21016_1_0.png
processing: 1471181_21015_1_0.png
processing: 1471156_21016_0_0.png
processing: 1471156_21015_0_0.png
processing: 1471041_21016_0_0.png
processing: 1471041_21015_0_0.png
processing: 1471008_21016_0_0.png
processing: 1471008_21015_0_0.png
processing: 1470922_21016_0_0.png
processing: 1470922_21015_0_0.png
processing: 1470895_21016_1_0.png
  SKIPPING IMAGE: tot amount of vasculature (4191.1991) < quality threshold 
processing: 1470895_21015_1_0.png
  SKIPPING IMAGE: tot amount of vasculature (5049.9326) < quality threshold 
processing: 1470859_21016_0_0.png
  SKIPPING IMAGE: tot amount of vasculature (7085.6407) < quality threshold 
processing: 1470859_21015_0_0.png
processing: 1470847_21016_0_0.png
processing: 1470847_21015_0_0.png
processing: 1470794_21016_0_0.png
processing: 1470794_21015_0_0.png
processing: 1470729_21016_0_0.png
processing: 1470729_21015_0_0.png
processing: 1470650_21016_0_0.png
processing: 1470650_21015_0_0.png
  SKIPPING IMAGE: tot amount of vasculature (6047.7628) < quality threshold 
processing: 1470532_21016_0_0.png
  SKIPPING IMAGE: tot amount of vasculature (9840.8136) < quality threshold 
processing: 1470532_21015_0_0.png
processing: 1470497_21016_0_0.png
processing: 1470497_21015_0_0.png
processing: 1470476_21016_0_0.png
processing: 1470476_21015_0_0.png
processing: 1470460_21016_1_0.png
  SKIPPING IMAGE: tot amount of vasculature (9958.8503) < quality threshold 
processing: 1470460_21015_1_0.png
processing: 1470445_21016_0_0.png
  SKIPPING IMAGE: tot amount of vasculature (9547.1002) < quality threshold 
processing: 1470445_21015_0_0.png
  SKIPPING IMAGE: tot amount of vasculature (9697.8499) < quality threshold 
processing: 1470411_21016_1_0.png
processing: 1470411_21015_1_0.png
processing: 1470363_21016_0_0.png
  SKIPPING IMAGE: tot amount of vasculature (5698.1477) < quality threshold 
processing: 1470363_21015_0_0.png
  SKIPPING IMAGE: tot amount of vasculature (4269.3591) < quality threshold 
processing: 1470325_21016_0_0.png
processing: 1470325_21015_0_0.png
processing: 1470251_21016_1_0.png
  SKIPPING IMAGE: tot amount of vasculature (8214.0072) < quality threshold 
processing: 1470251_21015_1_0.png
  SKIPPING IMAGE: tot amount of vasculature (10109.426) < quality threshold 
processing: 1470230_21016_0_0.png
processing: 1470230_21015_0_0.png
processing: 1470205_21016_0_0.png
processing: 1470205_21015_0_0.png
processing: 1470172_21016_0_0.png
processing: 1470172_21015_0_0.png
processing: 1470092_21016_0_0.png
processing: 1470092_21015_0_0.png
processing: 1470031_21016_0_0.png
  SKIPPING IMAGE: tot amount of vasculature (9.0549) < quality threshold 
processing: 1470031_21015_0_0.png
  SKIPPING IMAGE: tot amount of vasculature (4337.2206) < quality threshold 
processing: 1470023_21016_0_0.png
processing: 1470023_21015_0_0.png
processing: 1470006_21016_1_0.png
  SKIPPING IMAGE: tot amount of vasculature (3555.2263) < quality threshold 
processing: 1470006_21015_1_0.png
  SKIPPING IMAGE: tot amount of vasculature (9523.7788) < quality threshold 
processing: 1469927_21016_1_0.png
processing: 1469927_21015_1_0.png
processing: 1469769_21016_0_0.png
processing: 1469769_21015_0_0.png
processing: 1469680_21016_0_0.png
processing: 1469680_21015_0_0.png
  SKIPPING IMAGE: tot amount of vasculature (9873.6087) < quality threshold 
processing: 1469624_21016_0_0.png
processing: 1469624_21015_0_0.png
  SKIPPING IMAGE: tot amount of vasculature (8433.7396) < quality threshold 
processing: 1469601_21016_0_0.png
processing: 1469601_21015_0_0.png
processing: 1469570_21016_0_0.png
processing: 1469570_21015_0_0.png
processing: 1469423_21016_0_0.png
processing: 1469423_21015_0_0.png
processing: 1469414_21016_1_0.png
  SKIPPING IMAGE: tot amount of vasculature (7309.4919) < quality threshold 
processing: 1469414_21015_1_0.png
  SKIPPING IMAGE: tot amount of vasculature (8184.6759) < quality threshold 
processing: 1469261_21016_0_0.png
processing: 1469261_21015_0_0.png
processing: 1469254_21016_0_0.png
  SKIPPING IMAGE: tot amount of vasculature (9847.1504) < quality threshold 
processing: 1469254_21015_0_0.png
processing: 1469162_21016_0_0.png
  SKIPPING IMAGE: tot amount of vasculature (8057.3546) < quality threshold 
processing: 1469162_21015_0_0.png
processing: 1469150_21016_1_0.png
  SKIPPING IMAGE: tot amount of vasculature (9124.9299) < quality threshold 
processing: 1469150_21015_1_0.png
processing: 1469121_21016_0_0.png
processing: 1469121_21015_0_0.png
processing: 1469097_21016_0_0.png
processing: 1469097_21015_0_0.png
processing: 1469083_21016_1_0.png
  SKIPPING IMAGE: tot amount of vasculature (5025.1813) < quality threshold 
processing: 1469083_21015_1_0.png
  SKIPPING IMAGE: tot amount of vasculature (4143.6114) < quality threshold 
processing: 1469076_21016_0_0.png
processing: 1469076_21015_0_0.png
processing: 1469028_21016_0_0.png
processing: 1469028_21015_0_0.png
processing: 1468900_21016_0_0.png
  SKIPPING IMAGE: tot amount of vasculature (5158.2057) < quality threshold 
processing: 1468900_21015_0_0.png
  SKIPPING IMAGE: tot amount of vasculature (8891.5097) < quality threshold 
processing: 1468847_21016_0_0.png
  SKIPPING IMAGE: tot amount of vasculature (9227.8078) < quality threshold 
processing: 1468847_21015_0_0.png
  SKIPPING IMAGE: tot amount of vasculature (4320.3565) < quality threshold 
processing: 1468794_21016_0_0.png
  SKIPPING IMAGE: tot amount of vasculature (855.7451) < quality threshold 
processing: 1468794_21015_0_0.png
  SKIPPING IMAGE: tot amount of vasculature (6283.0964) < quality threshold 
processing: 1468715_21016_0_0.png
processing: 1468715_21015_0_0.png
processing: 1468708_21016_0_0.png
processing: 1468708_21015_0_0.png
processing: 1468677_21016_0_0.png
processing: 1468677_21015_0_0.png
  SKIPPING IMAGE: tot amount of vasculature (8767.019) < quality threshold 
processing: 1468662_21016_1_0.png
processing: 1468662_21015_1_0.png
processing: 1468621_21016_0_0.png
processing: 1468621_21015_0_0.png
  SKIPPING IMAGE: tot amount of vasculature (10995.401) < quality threshold 
processing: 1468591_21016_0_0.png
processing: 1468591_21015_0_0.png
processing: 1468569_21016_0_0.png
processing: 1468569_21015_0_0.png
processing: 1468497_21016_1_0.png
  SKIPPING IMAGE: tot amount of vasculature (4675.5141) < quality threshold 
processing: 1468497_21016_0_0.png
  SKIPPING IMAGE: tot amount of vasculature (9425.0927) < quality threshold 
processing: 1468497_21015_1_0.png
  SKIPPING IMAGE: tot amount of vasculature (8775.869) < quality threshold 
processing: 1468497_21015_0_0.png
  SKIPPING IMAGE: tot amount of vasculature (7981.0403) < quality threshold 
processing: 1468452_21016_1_0.png
  SKIPPING IMAGE: tot amount of vasculature (9908.9624) < quality threshold 
processing: 1468452_21015_1_0.png
processing: 1468390_21016_1_0.png
processing: 1468390_21015_1_0.png
processing: 1468319_21016_0_0.png
  SKIPPING IMAGE: tot amount of vasculature (3191.1467) < quality threshold 
processing: 1468319_21015_0_0.png
  SKIPPING IMAGE: tot amount of vasculature (2297.3957) < quality threshold 
processing: 1468307_21016_1_0.png
processing: 1468307_21015_1_0.png
processing: 1468298_21016_1_0.png
Warning: No vessels found in 1468298_21016_1_0
> In Vessel_Data_IO.load_from_file (line 183)
  In REVIEW_evaluate_diameter_measurements (line 125)
  In ARIA_run_tests (line 209)
  SKIPPING IMAGE: No vessels found
processing: 1468298_21016_0_0.png
  SKIPPING IMAGE: tot amount of vasculature (8405.3465) < quality threshold 
processing: 1468298_21015_1_0.png
  SKIPPING IMAGE: tot amount of vasculature (1158.6155) < quality threshold 
processing: 1468298_21015_0_0.png
  SKIPPING IMAGE: tot amount of vasculature (10304.8403) < quality threshold 
processing: 1468172_21016_1_0.png
processing: 1468172_21015_1_0.png
processing: 1468155_21016_0_0.png
processing: 1468155_21015_0_0.png
processing: 1468065_21016_0_0.png
processing: 1468065_21015_0_0.png
processing: 1468014_21016_1_0.png
  SKIPPING IMAGE: tot amount of vasculature (8677.8696) < quality threshold 
processing: 1468014_21015_1_0.png
  SKIPPING IMAGE: tot amount of vasculature (10063.0491) < quality threshold 
processing: 1467994_21016_1_0.png
processing: 1467994_21015_1_0.png
processing: 1467982_21016_0_0.png
processing: 1467982_21015_0_0.png
processing: 1467966_21016_0_0.png
  SKIPPING IMAGE: tot amount of vasculature (2666.7284) < quality threshold 
processing: 1467966_21015_0_0.png
  SKIPPING IMAGE: tot amount of vasculature (301.8616) < quality threshold 
processing: 1467883_21016_0_0.png
processing: 1467883_21015_0_0.png
processing: 1467793_21016_0_0.png
processing: 1467793_21015_0_0.png
processing: 1467543_21016_0_0.png
processing: 1467543_21015_0_0.png
processing: 1467539_21016_0_0.png
processing: 1467539_21015_0_0.png
processing: 1467290_21016_0_0.png
processing: 1467290_21015_0_0.png
processing: 1467188_21016_0_0.png
processing: 1467188_21015_0_0.png
processing: 1467123_21016_0_0.png
processing: 1467123_21015_0_0.png
processing: 1467055_21016_0_0.png
processing: 1467055_21015_0_0.png
processing: 1466983_21016_0_0.png
  SKIPPING IMAGE: tot amount of vasculature (3679.9146) < quality threshold 
processing: 1466983_21015_0_0.png
  SKIPPING IMAGE: tot amount of vasculature (10875.448) < quality threshold 
processing: 1466960_21016_0_0.png
processing: 1466960_21015_0_0.png
processing: 1466841_21016_1_0.png
  SKIPPING IMAGE: tot amount of vasculature (4608.0349) < quality threshold 
processing: 1466841_21015_1_0.png
  SKIPPING IMAGE: tot amount of vasculature (3201.7502) < quality threshold 
processing: 1466779_21016_0_0.png
  SKIPPING IMAGE: tot amount of vasculature (5992.3396) < quality threshold 
processing: 1466779_21015_0_0.png
  SKIPPING IMAGE: tot amount of vasculature (7194.8912) < quality threshold 
processing: 1466757_21016_0_0.png
processing: 1466757_21015_0_0.png
processing: 1466695_21016_0_0.png
processing: 1466695_21015_0_0.png
processing: 1466671_21016_0_0.png
processing: 1466671_21015_0_0.png
processing: 1466647_21016_0_0.png
processing: 1466647_21015_0_0.png
  SKIPPING IMAGE: tot amount of vasculature (9996.1057) < quality threshold 
processing: 1466602_21016_0_0.png
processing: 1466602_21015_0_0.png
  SKIPPING IMAGE: tot amount of vasculature (10013.5889) < quality threshold 
processing: 1466542_21016_0_0.png
processing: 1466542_21015_0_0.png
processing: 1466538_21016_1_0.png
processing: 1466538_21015_1_0.png
processing: 1466491_21016_0_0.png
processing: 1466491_21015_0_0.png
processing: 1466475_21016_0_0.png
  SKIPPING IMAGE: tot amount of vasculature (6646.5922) < quality threshold 
processing: 1466475_21015_0_0.png
  SKIPPING IMAGE: tot amount of vasculature (3472.2328) < quality threshold 
processing: 1466432_21016_0_0.png
processing: 1466432_21015_0_0.png
processing: 1466403_21016_1_0.png
  SKIPPING IMAGE: tot amount of vasculature (2815.2334) < quality threshold 
processing: 1466403_21015_1_0.png
  SKIPPING IMAGE: tot amount of vasculature (9925.3062) < quality threshold 
processing: 1466336_21016_0_0.png
FINISHED: .mat files have been written to: /data/FAC/FBM/DBC/sbergman/retina/UKBiob/fundus/REVIEW//CLRIS/
execution time: 2657 sec
