------------------------------------------
Setting up environment variables
---
LD_LIBRARY_PATH is .:/software/Development/Languages/Matlab_Compiler_Runtime/96/runtime/glnxa64:/software/Development/Languages/Matlab_Compiler_Runtime/96/bin/glnxa64:/software/Development/Languages/Matlab_Compiler_Runtime/96/sys/os/glnxa64:/software/Development/Languages/Matlab_Compiler_Runtime/96/sys/opengl/lib/glnxa64
Running vessel measurements...
processing: 1835673_21015_0_0.png
  SKIPPING IMAGE: tot amount of vasculature (9460.2887) < quality threshold 
processing: 1835651_21016_0_0.png
processing: 1835651_21015_0_0.png
processing: 1835627_21016_0_0.png
processing: 1835627_21015_0_0.png
processing: 1835552_21016_0_0.png
processing: 1835552_21015_0_0.png
processing: 1835528_21016_0_0.png
processing: 1835528_21015_0_0.png
processing: 1835332_21016_0_0.png
processing: 1835332_21015_0_0.png
processing: 1835231_21016_0_0.png
processing: 1835231_21015_0_0.png
  SKIPPING IMAGE: tot amount of vasculature (8351.824) < quality threshold 
processing: 1835190_21016_0_0.png
processing: 1835190_21015_0_0.png
processing: 1835163_21016_0_0.png
processing: 1835163_21015_0_0.png
processing: 1835107_21016_1_0.png
processing: 1835107_21015_1_0.png
processing: 1835094_21016_0_0.png
processing: 1835094_21015_0_0.png
  SKIPPING IMAGE: tot amount of vasculature (9693.5865) < quality threshold 
processing: 1835053_21016_0_0.png
processing: 1835053_21015_0_0.png
processing: 1835037_21016_0_0.png
processing: 1835037_21015_0_0.png
processing: 1834993_21016_0_0.png
processing: 1834993_21015_0_0.png
processing: 1834935_21016_0_0.png
processing: 1834935_21015_0_0.png
  SKIPPING IMAGE: tot amount of vasculature (9238.3757) < quality threshold 
processing: 1834900_21016_1_0.png
processing: 1834900_21015_1_0.png
processing: 1834859_21016_0_0.png
processing: 1834859_21015_0_0.png
processing: 1834833_21016_0_0.png
  SKIPPING IMAGE: tot amount of vasculature (7.7349) < quality threshold 
processing: 1834833_21015_0_0.png
  SKIPPING IMAGE: tot amount of vasculature (48.3978) < quality threshold 
processing: 1834820_21016_1_0.png
  SKIPPING IMAGE: tot amount of vasculature (4146.0254) < quality threshold 
processing: 1834820_21015_1_0.png
  SKIPPING IMAGE: tot amount of vasculature (4366.131) < quality threshold 
processing: 1834816_21016_1_0.png
  SKIPPING IMAGE: tot amount of vasculature (10307.0341) < quality threshold 
processing: 1834816_21015_1_0.png
processing: 1834802_21016_0_0.png
processing: 1834802_21015_0_0.png
processing: 1834737_21016_0_0.png
processing: 1834737_21015_0_0.png
processing: 1834715_21016_0_0.png
processing: 1834715_21015_0_0.png
processing: 1834677_21016_1_0.png
  SKIPPING IMAGE: tot amount of vasculature (3287.729) < quality threshold 
processing: 1834677_21015_1_0.png
  SKIPPING IMAGE: tot amount of vasculature (7965.2469) < quality threshold 
processing: 1834650_21016_1_0.png
processing: 1834650_21015_1_0.png
  SKIPPING IMAGE: tot amount of vasculature (8742.752) < quality threshold 
processing: 1834643_21016_0_0.png
processing: 1834643_21015_0_0.png
processing: 1834374_21016_0_0.png
processing: 1834374_21015_0_0.png
  SKIPPING IMAGE: tot amount of vasculature (3788.5438) < quality threshold 
processing: 1834325_21016_1_0.png
processing: 1834325_21015_1_0.png
  SKIPPING IMAGE: tot amount of vasculature (7844.6901) < quality threshold 
processing: 1834307_21016_0_0.png
processing: 1834307_21015_0_0.png
processing: 1834264_21016_0_0.png
  SKIPPING IMAGE: tot amount of vasculature (655.5163) < quality threshold 
processing: 1834264_21015_0_0.png
  SKIPPING IMAGE: tot amount of vasculature (2847.2632) < quality threshold 
processing: 1834113_21016_1_0.png
processing: 1834113_21015_1_0.png
processing: 1834040_21016_0_0.png
  SKIPPING IMAGE: tot amount of vasculature (9576.8001) < quality threshold 
processing: 1834040_21015_0_0.png
processing: 1834006_21016_0_0.png
  SKIPPING IMAGE: tot amount of vasculature (4744.3602) < quality threshold 
processing: 1834006_21015_0_0.png
  SKIPPING IMAGE: tot amount of vasculature (4165.0877) < quality threshold 
processing: 1833943_21016_0_0.png
  SKIPPING IMAGE: tot amount of vasculature (5433.8166) < quality threshold 
processing: 1833943_21015_0_0.png
processing: 1833939_21016_0_0.png
processing: 1833939_21015_0_0.png
processing: 1833880_21016_0_0.png
processing: 1833880_21015_0_0.png
  SKIPPING IMAGE: tot amount of vasculature (7634.4421) < quality threshold 
processing: 1833836_21016_0_0.png
processing: 1833836_21015_0_0.png
processing: 1833813_21016_0_0.png
processing: 1833813_21015_0_0.png
processing: 1833763_21016_0_0.png
processing: 1833763_21015_0_0.png
processing: 1833738_21016_0_0.png
processing: 1833738_21015_0_0.png
processing: 1833678_21016_0_0.png
processing: 1833678_21015_0_0.png
processing: 1833654_21016_0_0.png
processing: 1833654_21015_0_0.png
processing: 1833646_21016_1_0.png
  SKIPPING IMAGE: tot amount of vasculature (3784.9103) < quality threshold 
processing: 1833646_21016_0_0.png
  SKIPPING IMAGE: tot amount of vasculature (10016.808) < quality threshold 
processing: 1833646_21015_1_0.png
  SKIPPING IMAGE: tot amount of vasculature (2660.3133) < quality threshold 
processing: 1833646_21015_0_0.png
  SKIPPING IMAGE: tot amount of vasculature (8721.2405) < quality threshold 
processing: 1833498_21016_1_0.png
  SKIPPING IMAGE: tot amount of vasculature (9313.2462) < quality threshold 
processing: 1833498_21015_1_0.png
  SKIPPING IMAGE: tot amount of vasculature (3329.261) < quality threshold 
processing: 1833464_21016_0_0.png
processing: 1833464_21015_0_0.png
processing: 1833449_21016_1_0.png
processing: 1833449_21015_1_0.png
  SKIPPING IMAGE: tot amount of vasculature (7282.3191) < quality threshold 
processing: 1833245_21016_0_0.png
processing: 1833245_21015_0_0.png
processing: 1833234_21016_1_0.png
processing: 1833234_21015_1_0.png
processing: 1833211_21016_0_0.png
processing: 1833211_21015_0_0.png
processing: 1833087_21016_0_0.png
processing: 1833087_21015_0_0.png
processing: 1833026_21016_0_0.png
processing: 1833026_21015_0_0.png
processing: 1832976_21016_0_0.png
processing: 1832976_21015_0_0.png
  SKIPPING IMAGE: tot amount of vasculature (6870.4512) < quality threshold 
processing: 1832960_21016_0_0.png
processing: 1832960_21015_0_0.png
processing: 1832928_21016_1_0.png
processing: 1832928_21015_1_0.png
processing: 1832853_21016_1_0.png
processing: 1832853_21015_1_0.png
processing: 1832740_21016_0_0.png
processing: 1832740_21015_0_0.png
processing: 1832731_21016_0_0.png
processing: 1832731_21015_0_0.png
  SKIPPING IMAGE: tot amount of vasculature (6099.8221) < quality threshold 
processing: 1832695_21016_0_0.png
processing: 1832695_21015_0_0.png
processing: 1832633_21016_0_0.png
processing: 1832633_21015_0_0.png
processing: 1832590_21016_0_0.png
processing: 1832590_21015_0_0.png
  SKIPPING IMAGE: tot amount of vasculature (8681.7233) < quality threshold 
processing: 1832410_21016_0_0.png
processing: 1832410_21015_0_0.png
processing: 1832301_21016_1_0.png
processing: 1832301_21015_1_0.png
processing: 1832285_21016_0_0.png
  SKIPPING IMAGE: tot amount of vasculature (10963.2962) < quality threshold 
processing: 1832285_21015_0_0.png
processing: 1832262_21016_0_0.png
  SKIPPING IMAGE: tot amount of vasculature (1463.0219) < quality threshold 
processing: 1832262_21015_0_0.png
  SKIPPING IMAGE: tot amount of vasculature (1486.3789) < quality threshold 
processing: 1832204_21016_0_0.png
processing: 1832204_21015_0_0.png
processing: 1832135_21016_0_0.png
processing: 1832135_21015_0_0.png
processing: 1832122_21016_0_0.png
processing: 1832122_21015_0_0.png
processing: 1832100_21016_0_0.png
  SKIPPING IMAGE: tot amount of vasculature (5.0195) < quality threshold 
processing: 1832100_21015_0_0.png
  SKIPPING IMAGE: tot amount of vasculature (9143.305) < quality threshold 
processing: 1832098_21016_0_0.png
processing: 1832098_21015_0_0.png
processing: 1832027_21016_1_0.png
