------------------------------------------
Setting up environment variables
---
LD_LIBRARY_PATH is .:/software/Development/Languages/Matlab_Compiler_Runtime/96/runtime/glnxa64:/software/Development/Languages/Matlab_Compiler_Runtime/96/bin/glnxa64:/software/Development/Languages/Matlab_Compiler_Runtime/96/sys/os/glnxa64:/software/Development/Languages/Matlab_Compiler_Runtime/96/sys/opengl/lib/glnxa64
Running vessel measurements...
processing: 3434299_21016_0_0.png
processing: 3434299_21015_0_0.png
processing: 3434201_21016_1_0.png
processing: 3434201_21015_1_0.png
processing: 3434078_21016_0_0.png
processing: 3434078_21015_0_0.png
processing: 3434061_21016_1_0.png
processing: 3434061_21015_1_0.png
  SKIPPING IMAGE: tot amount of vasculature (8131.4939) < quality threshold 
processing: 3433938_21016_0_0.png
processing: 3433938_21015_0_0.png
  SKIPPING IMAGE: tot amount of vasculature (9180.7226) < quality threshold 
processing: 3433851_21016_0_1.png
  SKIPPING IMAGE: tot amount of vasculature (7884.4207) < quality threshold 
processing: 3433851_21016_0_0.png
  SKIPPING IMAGE: tot amount of vasculature (7250.3458) < quality threshold 
processing: 3433851_21015_0_0.png
  SKIPPING IMAGE: tot amount of vasculature (9604.4079) < quality threshold 
processing: 3433812_21016_0_0.png
Warning: No vessels found in 3433812_21016_0_0
> In Vessel_Data_IO.load_from_file (line 183)
  In REVIEW_evaluate_diameter_measurements (line 125)
  In ARIA_run_tests (line 209)
  SKIPPING IMAGE: No vessels found
processing: 3433812_21015_0_0.png
  SKIPPING IMAGE: tot amount of vasculature (1658.6476) < quality threshold 
processing: 3433805_21016_0_0.png
processing: 3433805_21015_0_0.png
processing: 3433721_21016_0_0.png
processing: 3433721_21015_0_0.png
processing: 3433718_21016_0_0.png
processing: 3433718_21015_0_0.png
processing: 3433704_21016_0_0.png
processing: 3433704_21015_0_0.png
  SKIPPING IMAGE: tot amount of vasculature (7125.6747) < quality threshold 
processing: 3433679_21016_0_0.png
  SKIPPING IMAGE: tot amount of vasculature (9956.6568) < quality threshold 
processing: 3433679_21015_0_0.png
processing: 3433554_21016_0_0.png
processing: 3433554_21015_0_0.png
  SKIPPING IMAGE: tot amount of vasculature (7431.1231) < quality threshold 
processing: 3433517_21016_1_0.png
  SKIPPING IMAGE: tot amount of vasculature (3300.0863) < quality threshold 
processing: 3433517_21015_1_0.png
  SKIPPING IMAGE: tot amount of vasculature (9514.57) < quality threshold 
processing: 3433467_21016_1_0.png
  SKIPPING IMAGE: tot amount of vasculature (9922.5477) < quality threshold 
processing: 3433467_21015_1_0.png
  SKIPPING IMAGE: tot amount of vasculature (10256.7499) < quality threshold 
processing: 3433424_21016_0_0.png
processing: 3433424_21015_0_0.png
processing: 3433401_21016_0_0.png
processing: 3433401_21015_0_0.png
processing: 3433352_21016_0_0.png
processing: 3433352_21015_0_0.png
processing: 3433282_21016_0_0.png
processing: 3433282_21015_0_0.png
processing: 3433191_21016_0_0.png
processing: 3433191_21015_0_0.png
processing: 3433144_21016_0_0.png
  SKIPPING IMAGE: tot amount of vasculature (3647.2448) < quality threshold 
processing: 3433144_21015_0_0.png
  SKIPPING IMAGE: tot amount of vasculature (7089.3714) < quality threshold 
processing: 3433068_21016_0_0.png
  SKIPPING IMAGE: tot amount of vasculature (9004.0846) < quality threshold 
processing: 3433068_21015_0_0.png
  SKIPPING IMAGE: tot amount of vasculature (7297.1683) < quality threshold 
processing: 3432941_21016_0_0.png
processing: 3432941_21015_0_0.png
processing: 3432860_21016_0_0.png
processing: 3432860_21015_0_0.png
processing: 3432778_21016_0_0.png
processing: 3432778_21015_0_0.png
processing: 3432722_21016_0_0.png
processing: 3432722_21015_0_0.png
processing: 3432632_21016_0_0.png
processing: 3432632_21015_0_0.png
processing: 3432562_21016_0_0.png
processing: 3432562_21015_0_0.png
processing: 3432550_21016_0_0.png
  SKIPPING IMAGE: tot amount of vasculature (8285.8649) < quality threshold 
processing: 3432550_21015_0_0.png
processing: 3432521_21016_0_0.png
processing: 3432521_21015_0_0.png
processing: 3432471_21016_0_0.png
processing: 3432471_21015_0_0.png
processing: 3432420_21016_0_0.png
processing: 3432416_21016_0_0.png
  SKIPPING IMAGE: tot amount of vasculature (10128.6677) < quality threshold 
processing: 3432416_21015_0_0.png
  SKIPPING IMAGE: tot amount of vasculature (7925.442) < quality threshold 
processing: 3432402_21016_0_0.png
  SKIPPING IMAGE: tot amount of vasculature (9057.8884) < quality threshold 
processing: 3432402_21015_0_0.png
  SKIPPING IMAGE: tot amount of vasculature (7926.5463) < quality threshold 
processing: 3432349_21016_0_0.png
processing: 3432349_21015_0_0.png
processing: 3432330_21016_0_0.png
  SKIPPING IMAGE: tot amount of vasculature (8321.6628) < quality threshold 
processing: 3432330_21015_0_0.png
  SKIPPING IMAGE: tot amount of vasculature (9055.5496) < quality threshold 
processing: 3432327_21016_1_0.png
  SKIPPING IMAGE: tot amount of vasculature (10594.2053) < quality threshold 
processing: 3432327_21015_1_0.png
  SKIPPING IMAGE: tot amount of vasculature (10513.8001) < quality threshold 
processing: 3432256_21016_0_0.png
processing: 3432256_21015_0_0.png
processing: 3432238_21016_1_0.png
processing: 3432238_21015_1_0.png
processing: 3432207_21016_0_0.png
processing: 3432207_21015_0_0.png
processing: 3432188_21016_1_0.png
  SKIPPING IMAGE: tot amount of vasculature (5763.6954) < quality threshold 
processing: 3432188_21015_1_0.png
  SKIPPING IMAGE: tot amount of vasculature (7820.5088) < quality threshold 
processing: 3431900_21016_0_0.png
  SKIPPING IMAGE: tot amount of vasculature (577.9596) < quality threshold 
processing: 3431900_21015_0_1.png
  SKIPPING IMAGE: tot amount of vasculature (6870.332) < quality threshold 
processing: 3431900_21015_0_0.png
  SKIPPING IMAGE: tot amount of vasculature (4915.6826) < quality threshold 
processing: 3431868_21016_0_0.png
processing: 3431868_21015_0_0.png
processing: 3431802_21016_0_0.png
processing: 3431802_21015_0_0.png
processing: 3431770_21016_0_0.png
  SKIPPING IMAGE: tot amount of vasculature (3654.6048) < quality threshold 
processing: 3431770_21015_0_0.png
  SKIPPING IMAGE: tot amount of vasculature (4795.5043) < quality threshold 
processing: 3431708_21016_1_0.png
  SKIPPING IMAGE: tot amount of vasculature (1974.3765) < quality threshold 
processing: 3431708_21015_1_0.png
  SKIPPING IMAGE: tot amount of vasculature (6719.8623) < quality threshold 
processing: 3431696_21016_0_0.png
processing: 3431696_21015_0_0.png
processing: 3431526_21016_0_0.png
  SKIPPING IMAGE: tot amount of vasculature (10489.3311) < quality threshold 
processing: 3431526_21015_0_0.png
processing: 3431510_21016_1_0.png
  SKIPPING IMAGE: tot amount of vasculature (192.4087) < quality threshold 
processing: 3431510_21015_1_0.png
  SKIPPING IMAGE: tot amount of vasculature (3709.3992) < quality threshold 
processing: 3431497_21016_0_0.png
processing: 3431497_21015_0_0.png
processing: 3431476_21016_0_0.png
  SKIPPING IMAGE: tot amount of vasculature (10308.7129) < quality threshold 
processing: 3431476_21015_0_0.png
processing: 3431445_21016_0_0.png
processing: 3431445_21015_0_0.png
processing: 3431356_21016_0_0.png
  SKIPPING IMAGE: tot amount of vasculature (9985.1357) < quality threshold 
processing: 3431356_21015_0_0.png
processing: 3431273_21016_0_0.png
processing: 3431273_21015_0_0.png
processing: 3431212_21016_0_0.png
processing: 3431212_21015_0_0.png
processing: 3431180_21016_0_0.png
  SKIPPING IMAGE: tot amount of vasculature (10663.0098) < quality threshold 
processing: 3431180_21015_0_0.png
  SKIPPING IMAGE: tot amount of vasculature (8006.2068) < quality threshold 
processing: 3431040_21016_0_0.png
processing: 3431040_21015_0_0.png
processing: 3430911_21016_0_0.png
  SKIPPING IMAGE: tot amount of vasculature (9764.6406) < quality threshold 
processing: 3430911_21015_0_0.png
  SKIPPING IMAGE: tot amount of vasculature (8396.7116) < quality threshold 
processing: 3430870_21016_1_0.png
