------------------------------------------
Setting up environment variables
---
LD_LIBRARY_PATH is .:/software/Development/Languages/Matlab_Compiler_Runtime/96/runtime/glnxa64:/software/Development/Languages/Matlab_Compiler_Runtime/96/bin/glnxa64:/software/Development/Languages/Matlab_Compiler_Runtime/96/sys/os/glnxa64:/software/Development/Languages/Matlab_Compiler_Runtime/96/sys/opengl/lib/glnxa64
Running vessel measurements...
processing: 5645504_21015_0_0.png
processing: 5645471_21016_0_0.png
processing: 5645471_21015_0_0.png
processing: 5645420_21016_0_0.png
processing: 5645420_21015_0_0.png
processing: 5645416_21016_0_0.png
processing: 5645416_21015_0_0.png
processing: 5645398_21016_0_0.png
processing: 5645398_21015_0_0.png
processing: 5645290_21016_0_0.png
processing: 5645290_21015_0_0.png
processing: 5645274_21016_0_0.png
processing: 5645274_21015_0_0.png
processing: 5645188_21016_0_0.png
processing: 5645188_21015_0_0.png
  SKIPPING IMAGE: tot amount of vasculature (8550.6561) < quality threshold 
processing: 5645123_21016_0_0.png
processing: 5645123_21015_0_0.png
processing: 5644984_21016_0_0.png
  SKIPPING IMAGE: tot amount of vasculature (4684.1368) < quality threshold 
processing: 5644984_21015_0_0.png
processing: 5644822_21016_0_0.png
  SKIPPING IMAGE: tot amount of vasculature (2295.0156) < quality threshold 
processing: 5644822_21015_0_0.png
  SKIPPING IMAGE: tot amount of vasculature (1060.6918) < quality threshold 
processing: 5644799_21016_0_0.png
processing: 5644799_21015_0_0.png
processing: 5644780_21016_1_0.png
  SKIPPING IMAGE: tot amount of vasculature (4822.5632) < quality threshold 
processing: 5644780_21015_1_0.png
  SKIPPING IMAGE: tot amount of vasculature (7778.5928) < quality threshold 
processing: 5644736_21016_0_0.png
processing: 5644736_21015_0_0.png
processing: 5644713_21016_1_0.png
  SKIPPING IMAGE: tot amount of vasculature (7073.1846) < quality threshold 
processing: 5644713_21015_1_0.png
  SKIPPING IMAGE: tot amount of vasculature (8700.6235) < quality threshold 
processing: 5644660_21016_0_1.png
  SKIPPING IMAGE: tot amount of vasculature (1884.0157) < quality threshold 
processing: 5644660_21016_0_0.png
  SKIPPING IMAGE: tot amount of vasculature (7647.631) < quality threshold 
processing: 5644660_21015_0_0.png
processing: 5644634_21016_0_0.png
  SKIPPING IMAGE: tot amount of vasculature (9599.5682) < quality threshold 
processing: 5644634_21015_0_0.png
  SKIPPING IMAGE: tot amount of vasculature (10687.4418) < quality threshold 
processing: 5644388_21016_0_0.png
processing: 5644388_21015_0_0.png
  SKIPPING IMAGE: tot amount of vasculature (4245.9626) < quality threshold 
processing: 5644314_21016_0_0.png
processing: 5644314_21015_0_0.png
processing: 5644291_21016_0_0.png
processing: 5644291_21015_0_0.png
processing: 5644287_21016_1_0.png
processing: 5644287_21015_1_0.png
processing: 5644226_21016_1_0.png
processing: 5644226_21015_1_0.png
processing: 5644203_21016_0_0.png
processing: 5644203_21015_0_0.png
  SKIPPING IMAGE: tot amount of vasculature (5171.7261) < quality threshold 
processing: 5644090_21016_0_0.png
processing: 5644090_21015_0_0.png
  SKIPPING IMAGE: tot amount of vasculature (9476.5685) < quality threshold 
processing: 5644063_21016_0_0.png
  SKIPPING IMAGE: tot amount of vasculature (3433.7172) < quality threshold 
processing: 5644063_21015_0_0.png
  SKIPPING IMAGE: tot amount of vasculature (5563.7949) < quality threshold 
processing: 5644056_21016_0_0.png
  SKIPPING IMAGE: tot amount of vasculature (9220.0726) < quality threshold 
processing: 5644056_21015_0_0.png
  SKIPPING IMAGE: tot amount of vasculature (10523.43) < quality threshold 
processing: 5643792_21016_1_0.png
processing: 5643792_21015_1_0.png
processing: 5643779_21016_0_0.png
processing: 5643779_21015_0_0.png
processing: 5643706_21016_1_0.png
  SKIPPING IMAGE: tot amount of vasculature (4474.9188) < quality threshold 
processing: 5643706_21015_1_0.png
  SKIPPING IMAGE: tot amount of vasculature (1815.012) < quality threshold 
processing: 5643706_21015_0_0.png
  SKIPPING IMAGE: tot amount of vasculature (7846.8811) < quality threshold 
processing: 5643574_21016_1_0.png
processing: 5643574_21016_0_0.png
processing: 5643574_21015_1_0.png
processing: 5643574_21015_0_0.png
processing: 5643563_21016_0_0.png
processing: 5643563_21015_0_0.png
processing: 5643542_21016_0_0.png
processing: 5643542_21015_0_0.png
processing: 5643538_21016_0_0.png
processing: 5643538_21015_0_0.png
processing: 5643507_21016_0_0.png
processing: 5643507_21015_0_0.png
processing: 5643403_21016_0_0.png
  SKIPPING IMAGE: tot amount of vasculature (9093.2311) < quality threshold 
processing: 5643403_21015_0_0.png
  SKIPPING IMAGE: tot amount of vasculature (10793.9584) < quality threshold 
processing: 5643399_21016_0_0.png
processing: 5643399_21015_0_0.png
processing: 5643372_21016_1_0.png
  SKIPPING IMAGE: tot amount of vasculature (1226.6044) < quality threshold 
processing: 5643372_21015_1_0.png
  SKIPPING IMAGE: tot amount of vasculature (6562.313) < quality threshold 
processing: 5643324_21016_0_0.png
processing: 5643324_21015_0_0.png
processing: 5643204_21016_0_0.png
  SKIPPING IMAGE: tot amount of vasculature (9942.4655) < quality threshold 
processing: 5643204_21015_0_0.png
  SKIPPING IMAGE: tot amount of vasculature (8541.8432) < quality threshold 
processing: 5643189_21016_0_0.png
  SKIPPING IMAGE: tot amount of vasculature (4681.9543) < quality threshold 
processing: 5643189_21015_0_0.png
  SKIPPING IMAGE: tot amount of vasculature (5729.755) < quality threshold 
processing: 5643135_21016_0_0.png
processing: 5643135_21015_0_0.png
processing: 5643098_21016_0_0.png
processing: 5643098_21015_0_0.png
processing: 5642921_21016_0_0.png
processing: 5642921_21015_0_0.png
processing: 5642880_21016_1_0.png
  SKIPPING IMAGE: tot amount of vasculature (7245.347) < quality threshold 
processing: 5642880_21016_0_0.png
  SKIPPING IMAGE: tot amount of vasculature (10135.4349) < quality threshold 
processing: 5642880_21015_1_0.png
  SKIPPING IMAGE: tot amount of vasculature (7592.441) < quality threshold 
processing: 5642880_21015_0_0.png
  SKIPPING IMAGE: tot amount of vasculature (9009.0249) < quality threshold 
processing: 5642855_21016_0_0.png
processing: 5642855_21015_0_0.png
processing: 5642848_21016_0_0.png
  SKIPPING IMAGE: tot amount of vasculature (8137.7243) < quality threshold 
processing: 5642848_21015_0_0.png
  SKIPPING IMAGE: tot amount of vasculature (5939.0814) < quality threshold 
processing: 5642813_21016_0_0.png
  SKIPPING IMAGE: tot amount of vasculature (9748.342) < quality threshold 
processing: 5642813_21015_0_0.png
  SKIPPING IMAGE: tot amount of vasculature (6087.3697) < quality threshold 
processing: 5642725_21016_0_0.png
processing: 5642725_21015_0_0.png
processing: 5642719_21016_0_0.png
  SKIPPING IMAGE: tot amount of vasculature (10236.9811) < quality threshold 
processing: 5642719_21015_0_0.png
processing: 5642464_21016_0_0.png
  SKIPPING IMAGE: tot amount of vasculature (9652.4588) < quality threshold 
processing: 5642464_21015_0_0.png
  SKIPPING IMAGE: tot amount of vasculature (424.9273) < quality threshold 
processing: 5642228_21016_1_0.png
processing: 5642228_21015_1_0.png
processing: 5642209_21016_0_0.png
processing: 5642209_21015_0_0.png
processing: 5642116_21016_0_0.png
  SKIPPING IMAGE: tot amount of vasculature (9826.8551) < quality threshold 
processing: 5642116_21015_0_0.png
  SKIPPING IMAGE: tot amount of vasculature (10777.4116) < quality threshold 
processing: 5642102_21016_0_0.png
processing: 5642102_21015_0_0.png
processing: 5642091_21016_0_0.png
  SKIPPING IMAGE: tot amount of vasculature (9842.3737) < quality threshold 
processing: 5642091_21015_0_0.png
  SKIPPING IMAGE: tot amount of vasculature (10898.3427) < quality threshold 
processing: 5642026_21016_0_0.png
processing: 5642026_21015_0_0.png
processing: 5641956_21016_1_0.png
processing: 5641956_21015_1_0.png
processing: 5641739_21016_0_0.png
  SKIPPING IMAGE: tot amount of vasculature (10843.5853) < quality threshold 
processing: 5641739_21015_0_0.png
  SKIPPING IMAGE: tot amount of vasculature (970.9418) < quality threshold 
processing: 5641718_21016_1_0.png
  SKIPPING IMAGE: tot amount of vasculature (10965.5832) < quality threshold 
processing: 5641718_21015_1_0.png
processing: 5641704_21016_0_0.png
  SKIPPING IMAGE: tot amount of vasculature (10223.0316) < quality threshold 
processing: 5641704_21015_0_0.png
  SKIPPING IMAGE: tot amount of vasculature (7374.6024) < quality threshold 
processing: 5641679_21016_0_0.png
processing: 5641679_21015_0_0.png
processing: 5641631_21016_0_0.png
processing: 5641631_21015_0_0.png
processing: 5641578_21016_1_0.png
  SKIPPING IMAGE: tot amount of vasculature (2126.9278) < quality threshold 
processing: 5641578_21015_1_0.png
  SKIPPING IMAGE: tot amount of vasculature (5405.1919) < quality threshold 
processing: 5641413_21016_0_0.png
processing: 5641413_21015_0_0.png
processing: 5641397_21016_0_0.png
  SKIPPING IMAGE: tot amount of vasculature (4749.8233) < quality threshold 
processing: 5641397_21015_0_0.png
  SKIPPING IMAGE: tot amount of vasculature (2489.5577) < quality threshold 
processing: 5641383_21016_1_0.png
processing: 5641383_21015_1_0.png
processing: 5641376_21016_1_0.png
  SKIPPING IMAGE: tot amount of vasculature (9412.8385) < quality threshold 
processing: 5641376_21015_1_0.png
processing: 5641241_21016_0_0.png
processing: 5641241_21015_0_0.png
processing: 5641132_21016_1_0.png
processing: 5641132_21015_1_0.png
processing: 5641126_21016_0_0.png
processing: 5641126_21015_0_0.png
processing: 5640967_21016_0_0.png
processing: 5640967_21015_0_0.png
processing: 5640821_21016_0_0.png
processing: 5640821_21015_0_0.png
processing: 5640759_21016_0_0.png
processing: 5640759_21015_0_0.png
processing: 5640686_21016_0_0.png
processing: 5640686_21015_0_0.png
processing: 5640651_21016_0_0.png
processing: 5640651_21015_0_0.png
processing: 5640612_21016_0_0.png
processing: 5640612_21015_0_0.png
processing: 5640597_21016_0_0.png
processing: 5640597_21015_0_0.png
processing: 5640583_21016_0_0.png
processing: 5640583_21015_0_0.png
  SKIPPING IMAGE: tot amount of vasculature (10649.2296) < quality threshold 
processing: 5640545_21016_0_0.png
processing: 5640545_21015_0_0.png
processing: 5640528_21016_1_0.png
processing: 5640528_21015_1_0.png
processing: 5640454_21016_1_0.png
  SKIPPING IMAGE: tot amount of vasculature (3966.1214) < quality threshold 
processing: 5640454_21015_1_0.png
  SKIPPING IMAGE: tot amount of vasculature (3341.4058) < quality threshold 
processing: 5640326_21016_1_0.png
processing: 5640326_21015_1_0.png
processing: 5640292_21016_1_0.png
  SKIPPING IMAGE: tot amount of vasculature (8343.7276) < quality threshold 
processing: 5640292_21015_1_0.png
  SKIPPING IMAGE: tot amount of vasculature (7730.5594) < quality threshold 
processing: 5640288_21016_0_0.png
processing: 5640288_21015_0_0.png
processing: 5640223_21016_0_0.png
  SKIPPING IMAGE: tot amount of vasculature (533.9571) < quality threshold 
processing: 5640223_21015_0_0.png
  SKIPPING IMAGE: tot amount of vasculature (3299.3813) < quality threshold 
processing: 5640190_21016_0_0.png
processing: 5640190_21015_0_0.png
processing: 5640070_21016_0_0.png
processing: 5640070_21015_0_0.png
processing: 5640029_21016_1_0.png
  SKIPPING IMAGE: tot amount of vasculature (1157.911) < quality threshold 
processing: 5640029_21015_1_0.png
  SKIPPING IMAGE: tot amount of vasculature (2662.4738) < quality threshold 
processing: 5639998_21016_0_0.png
processing: 5639998_21015_0_0.png
processing: 5639807_21016_0_0.png
processing: 5639807_21015_0_0.png
  SKIPPING IMAGE: tot amount of vasculature (1544.8114) < quality threshold 
processing: 5639758_21016_0_0.png
  SKIPPING IMAGE: tot amount of vasculature (12.8325) < quality threshold 
processing: 5639758_21015_0_0.png
  SKIPPING IMAGE: tot amount of vasculature (3636.8439) < quality threshold 
processing: 5639726_21016_0_0.png
  SKIPPING IMAGE: tot amount of vasculature (2437.3242) < quality threshold 
processing: 5639726_21015_0_0.png
  SKIPPING IMAGE: tot amount of vasculature (6771.3489) < quality threshold 
processing: 5639672_21016_1_0.png
processing: 5639672_21015_1_0.png
processing: 5639648_21016_0_0.png
processing: 5639648_21015_0_0.png
  SKIPPING IMAGE: tot amount of vasculature (7182.3891) < quality threshold 
processing: 5639624_21016_0_0.png
processing: 5639624_21015_0_0.png
processing: 5639440_21016_0_0.png
processing: 5639440_21015_0_0.png
processing: 5639293_21016_0_0.png
processing: 5639293_21015_0_0.png
  SKIPPING IMAGE: tot amount of vasculature (9506.2234) < quality threshold 
processing: 5639200_21016_0_0.png
  SKIPPING IMAGE: tot amount of vasculature (10138.573) < quality threshold 
processing: 5639200_21015_0_0.png
processing: 5639185_21016_0_0.png
processing: 5639185_21015_0_0.png
processing: 5639034_21016_0_0.png
  SKIPPING IMAGE: tot amount of vasculature (4725.9366) < quality threshold 
processing: 5639034_21015_0_0.png
  SKIPPING IMAGE: tot amount of vasculature (3281.9583) < quality threshold 
processing: 5638922_21016_0_0.png
processing: 5638922_21015_0_0.png
  SKIPPING IMAGE: tot amount of vasculature (9150.6399) < quality threshold 
processing: 5638871_21016_0_0.png
processing: 5638871_21015_0_0.png
processing: 5638677_21016_1_0.png
processing: 5638677_21015_1_0.png
processing: 5638503_21016_0_0.png
  SKIPPING IMAGE: tot amount of vasculature (4901.5152) < quality threshold 
processing: 5638503_21015_0_0.png
  SKIPPING IMAGE: tot amount of vasculature (6553.792) < quality threshold 
processing: 5638483_21016_0_0.png
processing: 5638483_21015_0_0.png
processing: 5638460_21016_0_0.png
processing: 5638460_21015_0_0.png
processing: 5638356_21016_0_0.png
  SKIPPING IMAGE: tot amount of vasculature (9933.0033) < quality threshold 
processing: 5638356_21015_0_0.png
  SKIPPING IMAGE: tot amount of vasculature (7693.0223) < quality threshold 
processing: 5638307_21016_0_0.png
processing: 5638307_21015_0_0.png
processing: 5638264_21016_1_0.png
processing: 5638264_21015_1_0.png
  SKIPPING IMAGE: tot amount of vasculature (10551.9861) < quality threshold 
processing: 5638230_21016_1_0.png
  SKIPPING IMAGE: tot amount of vasculature (8320.5878) < quality threshold 
processing: 5638230_21015_1_0.png
  SKIPPING IMAGE: tot amount of vasculature (10049.153) < quality threshold 
processing: 5638212_21016_0_0.png
  SKIPPING IMAGE: tot amount of vasculature (5275.3075) < quality threshold 
processing: 5638212_21015_0_0.png
  SKIPPING IMAGE: tot amount of vasculature (6560.5933) < quality threshold 
processing: 5638205_21016_0_0.png
processing: 5638205_21015_0_0.png
processing: 5638180_21016_0_0.png
processing: 5638180_21015_0_0.png
processing: 5638148_21016_0_0.png
processing: 5638148_21015_0_0.png
processing: 5638057_21016_0_0.png
processing: 5638057_21015_0_0.png
  SKIPPING IMAGE: tot amount of vasculature (8189.9663) < quality threshold 
processing: 5637953_21015_0_0.png
  SKIPPING IMAGE: tot amount of vasculature (8968.3945) < quality threshold 
processing: 5637834_21016_0_0.png
processing: 5637834_21015_0_0.png
processing: 5637778_21016_0_0.png
  SKIPPING IMAGE: tot amount of vasculature (1415.7262) < quality threshold 
processing: 5637778_21015_0_0.png
  SKIPPING IMAGE: tot amount of vasculature (9365.0531) < quality threshold 
processing: 5637722_21016_0_0.png
processing: 5637722_21015_0_0.png
processing: 5637691_21016_0_0.png
processing: 5637691_21015_0_0.png
processing: 5637632_21016_0_0.png
processing: 5637632_21015_0_0.png
processing: 5637596_21016_1_0.png
  SKIPPING IMAGE: tot amount of vasculature (9172.0243) < quality threshold 
processing: 5637596_21015_1_0.png
  SKIPPING IMAGE: tot amount of vasculature (8139.6976) < quality threshold 
processing: 5637543_21016_0_0.png
  SKIPPING IMAGE: tot amount of vasculature (6351.2834) < quality threshold 
processing: 5637543_21015_0_0.png
processing: 5637386_21016_0_0.png
processing: 5637386_21015_0_0.png
processing: 5637373_21016_0_0.png
processing: 5637373_21015_0_0.png
processing: 5637274_21016_0_0.png
  SKIPPING IMAGE: tot amount of vasculature (2716.1723) < quality threshold 
processing: 5637274_21015_0_0.png
  SKIPPING IMAGE: tot amount of vasculature (6222.3129) < quality threshold 
processing: 5637256_21016_0_0.png
  SKIPPING IMAGE: tot amount of vasculature (8987.1051) < quality threshold 
processing: 5637256_21015_0_0.png
processing: 5637225_21016_0_0.png
processing: 5637225_21015_0_0.png
processing: 5637192_21016_1_0.png
  SKIPPING IMAGE: tot amount of vasculature (10.8954) < quality threshold 
processing: 5637192_21015_1_0.png
  SKIPPING IMAGE: tot amount of vasculature (7942.9966) < quality threshold 
processing: 5637048_21016_0_0.png
processing: 5637048_21015_0_0.png
processing: 5636997_21016_1_0.png
processing: 5636997_21015_1_0.png
processing: 5636911_21016_0_0.png
processing: 5636911_21015_0_0.png
processing: 5636870_21016_0_0.png
processing: 5636870_21015_0_0.png
processing: 5636837_21016_0_0.png
processing: 5636837_21015_0_0.png
processing: 5636808_21016_0_0.png
processing: 5636808_21015_0_0.png
processing: 5636757_21016_1_0.png
processing: 5636757_21015_1_0.png
  SKIPPING IMAGE: tot amount of vasculature (4525.2493) < quality threshold 
processing: 5636714_21016_0_0.png
processing: 5636714_21015_0_0.png
processing: 5636590_21016_0_0.png
processing: 5636590_21015_0_0.png
processing: 5636507_21016_1_0.png
  SKIPPING IMAGE: tot amount of vasculature (6068.2483) < quality threshold 
processing: 5636507_21015_1_0.png
processing: 5636469_21016_0_0.png
  SKIPPING IMAGE: tot amount of vasculature (8572.7774) < quality threshold 
processing: 5636469_21015_0_0.png
  SKIPPING IMAGE: tot amount of vasculature (8965.2447) < quality threshold 
processing: 5636432_21016_1_0.png
  SKIPPING IMAGE: tot amount of vasculature (2708.8353) < quality threshold 
processing: 5636432_21015_1_0.png
  SKIPPING IMAGE: tot amount of vasculature (7084.9979) < quality threshold 
processing: 5636410_21016_0_0.png
processing: 5636410_21015_0_0.png
processing: 5636403_21016_1_0.png
processing: 5636403_21015_1_0.png
processing: 5636399_21016_1_0.png
  SKIPPING IMAGE: tot amount of vasculature (7893.2039) < quality threshold 
processing: 5636399_21015_1_0.png
  SKIPPING IMAGE: tot amount of vasculature (232.645) < quality threshold 
processing: 5636367_21016_1_0.png
processing: 5636367_21016_0_0.png
  SKIPPING IMAGE: tot amount of vasculature (10558.6256) < quality threshold 
processing: 5636367_21015_1_0.png
  SKIPPING IMAGE: tot amount of vasculature (8459.6016) < quality threshold 
processing: 5636367_21015_0_0.png
processing: 5636204_21016_0_0.png
processing: 5636204_21015_0_0.png
  SKIPPING IMAGE: tot amount of vasculature (8572.633) < quality threshold 
processing: 5636051_21016_0_0.png
processing: 5636051_21015_0_0.png
FINISHED: .mat files have been written to: /data/FAC/FBM/DBC/sbergman/retina/UKBiob/fundus/REVIEW//CLRIS/
execution time: 1730 sec
