------------------------------------------
Setting up environment variables
---
LD_LIBRARY_PATH is .:/software/Development/Languages/Matlab_Compiler_Runtime/96/runtime/glnxa64:/software/Development/Languages/Matlab_Compiler_Runtime/96/bin/glnxa64:/software/Development/Languages/Matlab_Compiler_Runtime/96/sys/os/glnxa64:/software/Development/Languages/Matlab_Compiler_Runtime/96/sys/opengl/lib/glnxa64
Running vessel measurements...
processing: 2600566_21016_0_0.png
  SKIPPING IMAGE: tot amount of vasculature (8269.0139) < quality threshold 
processing: 2600566_21015_0_0.png
  SKIPPING IMAGE: tot amount of vasculature (4814.9177) < quality threshold 
processing: 2600431_21016_0_0.png
processing: 2600431_21015_0_0.png
processing: 2600371_21016_0_0.png
processing: 2600371_21015_0_0.png
  SKIPPING IMAGE: tot amount of vasculature (10291.5868) < quality threshold 
processing: 2600347_21016_0_0.png
processing: 2600347_21015_0_0.png
processing: 2600254_21016_0_0.png
  SKIPPING IMAGE: tot amount of vasculature (5904.1541) < quality threshold 
processing: 2600254_21015_0_0.png
  SKIPPING IMAGE: tot amount of vasculature (2624.9243) < quality threshold 
processing: 2600196_21016_0_0.png
  SKIPPING IMAGE: tot amount of vasculature (7230.1231) < quality threshold 
processing: 2600196_21015_0_0.png
processing: 2600185_21016_1_0.png
processing: 2600185_21015_1_0.png
processing: 2600118_21016_1_0.png
processing: 2600118_21015_1_0.png
processing: 2600034_21016_0_0.png
processing: 2600034_21015_0_0.png
  SKIPPING IMAGE: tot amount of vasculature (6824.7995) < quality threshold 
processing: 2599921_21016_1_0.png
processing: 2599921_21015_1_0.png
processing: 2599904_21016_0_0.png
  SKIPPING IMAGE: tot amount of vasculature (9599.7729) < quality threshold 
processing: 2599904_21015_0_0.png
  SKIPPING IMAGE: tot amount of vasculature (7900.9529) < quality threshold 
processing: 2599899_21016_1_0.png
processing: 2599899_21015_1_0.png
processing: 2599855_21016_1_0.png
  SKIPPING IMAGE: tot amount of vasculature (7907.2777) < quality threshold 
processing: 2599855_21015_1_0.png
processing: 2599790_21016_0_0.png
  SKIPPING IMAGE: tot amount of vasculature (10893.251) < quality threshold 
processing: 2599790_21015_0_0.png
processing: 2599725_21016_0_0.png
processing: 2599725_21015_0_0.png
processing: 2599707_21016_0_0.png
processing: 2599707_21015_0_0.png
  SKIPPING IMAGE: tot amount of vasculature (10421.161) < quality threshold 
processing: 2599693_21016_0_0.png
processing: 2599693_21015_0_0.png
processing: 2599678_21016_0_0.png
processing: 2599678_21015_0_0.png
processing: 2599654_21016_1_0.png
processing: 2599654_21015_1_0.png
processing: 2599557_21016_0_0.png
  SKIPPING IMAGE: tot amount of vasculature (9587.3748) < quality threshold 
processing: 2599557_21015_0_0.png
  SKIPPING IMAGE: tot amount of vasculature (302.2061) < quality threshold 
processing: 2599514_21016_0_0.png
processing: 2599514_21015_0_0.png
processing: 2599473_21016_0_0.png
processing: 2599473_21015_0_0.png
processing: 2599451_21016_0_0.png
processing: 2599451_21015_0_0.png
processing: 2599412_21016_0_0.png
processing: 2599412_21015_0_0.png
processing: 2599405_21016_0_0.png
processing: 2599405_21015_0_0.png
processing: 2599329_21016_0_0.png
processing: 2599329_21015_0_0.png
processing: 2599315_21016_1_0.png
  SKIPPING IMAGE: tot amount of vasculature (8153.4546) < quality threshold 
processing: 2599315_21016_0_0.png
processing: 2599315_21015_1_0.png
  SKIPPING IMAGE: tot amount of vasculature (8553.6215) < quality threshold 
processing: 2599315_21015_0_0.png
processing: 2599252_21016_0_0.png
processing: 2599252_21015_0_0.png
processing: 2599234_21016_0_0.png
processing: 2599234_21015_0_0.png
processing: 2599195_21016_0_0.png
processing: 2599195_21015_0_0.png
processing: 2599159_21016_1_1.png
  SKIPPING IMAGE: tot amount of vasculature (18.627) < quality threshold 
processing: 2599159_21016_1_0.png
  SKIPPING IMAGE: tot amount of vasculature (2857.3306) < quality threshold 
processing: 2599159_21015_1_0.png
  SKIPPING IMAGE: tot amount of vasculature (37.8824) < quality threshold 
processing: 2599147_21016_1_0.png
processing: 2599147_21015_1_0.png
  SKIPPING IMAGE: tot amount of vasculature (10767.2597) < quality threshold 
processing: 2599058_21016_0_0.png
processing: 2599058_21015_0_0.png
processing: 2598976_21016_1_0.png
  SKIPPING IMAGE: tot amount of vasculature (62.3706) < quality threshold 
processing: 2598976_21015_1_0.png
  SKIPPING IMAGE: tot amount of vasculature (2486.19) < quality threshold 
processing: 2598945_21016_0_0.png
processing: 2598945_21015_0_0.png
  SKIPPING IMAGE: tot amount of vasculature (6523.8421) < quality threshold 
processing: 2598911_21016_0_0.png
processing: 2598911_21015_0_0.png
processing: 2598882_21016_0_0.png
processing: 2598882_21015_0_0.png
processing: 2598723_21016_0_0.png
processing: 2598723_21015_0_0.png
processing: 2598633_21016_0_0.png
processing: 2598633_21015_0_0.png
processing: 2598574_21016_1_0.png
processing: 2598574_21015_1_0.png
  SKIPPING IMAGE: tot amount of vasculature (6281.152) < quality threshold 
processing: 2598556_21016_1_0.png
processing: 2598556_21015_1_0.png
processing: 2598542_21016_0_0.png
processing: 2598542_21015_0_0.png
processing: 2598525_21016_1_0.png
  SKIPPING IMAGE: tot amount of vasculature (10037.3278) < quality threshold 
processing: 2598525_21015_1_0.png
processing: 2598507_21016_0_0.png
processing: 2598444_21016_0_0.png
processing: 2598444_21015_0_0.png
  SKIPPING IMAGE: tot amount of vasculature (1751.9174) < quality threshold 
processing: 2598403_21016_0_0.png
  SKIPPING IMAGE: tot amount of vasculature (7933.757) < quality threshold 
processing: 2598403_21015_0_0.png
  SKIPPING IMAGE: tot amount of vasculature (8071.798) < quality threshold 
processing: 2598380_21016_1_0.png
  SKIPPING IMAGE: tot amount of vasculature (6867.1089) < quality threshold 
processing: 2598380_21015_1_0.png
  SKIPPING IMAGE: tot amount of vasculature (8030.4192) < quality threshold 
processing: 2598243_21016_0_0.png
processing: 2598243_21015_0_0.png
processing: 2598178_21016_0_0.png
processing: 2598178_21015_0_0.png
processing: 2598098_21016_1_0.png
  SKIPPING IMAGE: tot amount of vasculature (2583.7977) < quality threshold 
processing: 2598098_21015_1_0.png
  SKIPPING IMAGE: tot amount of vasculature (2614.3726) < quality threshold 
processing: 2597957_21016_0_0.png
processing: 2597957_21015_0_0.png
processing: 2597940_21016_1_0.png
  SKIPPING IMAGE: tot amount of vasculature (106.4465) < quality threshold 
processing: 2597940_21015_1_0.png
  SKIPPING IMAGE: tot amount of vasculature (165.9632) < quality threshold 
processing: 2597931_21016_1_0.png
  SKIPPING IMAGE: tot amount of vasculature (2097.215) < quality threshold 
processing: 2597931_21015_1_0.png
  SKIPPING IMAGE: tot amount of vasculature (1493.1283) < quality threshold 
processing: 2597914_21016_1_0.png
processing: 2597914_21016_0_0.png
processing: 2597914_21015_1_0.png
  SKIPPING IMAGE: tot amount of vasculature (8706.3273) < quality threshold 
processing: 2597914_21015_0_0.png
processing: 2597858_21016_0_0.png
processing: 2597858_21015_0_0.png
processing: 2597810_21015_0_0.png
processing: 2597803_21016_0_0.png
  SKIPPING IMAGE: tot amount of vasculature (5841.4753) < quality threshold 
processing: 2597803_21015_0_0.png
  SKIPPING IMAGE: tot amount of vasculature (3654.237) < quality threshold 
processing: 2597752_21016_0_0.png
processing: 2597752_21015_0_0.png
processing: 2597642_21016_0_0.png
processing: 2597642_21015_0_0.png
processing: 2597547_21016_0_0.png
  SKIPPING IMAGE: tot amount of vasculature (8395.0319) < quality threshold 
processing: 2597547_21015_0_0.png
processing: 2597520_21016_1_0.png
processing: 2597520_21015_1_0.png
processing: 2597482_21016_0_0.png
processing: 2597482_21015_0_0.png
processing: 2597453_21016_0_0.png
processing: 2597453_21015_0_0.png
processing: 2597429_21016_0_0.png
processing: 2597429_21015_0_0.png
processing: 2597304_21016_1_0.png
processing: 2597304_21015_1_0.png
  SKIPPING IMAGE: tot amount of vasculature (10841.1948) < quality threshold 
processing: 2597255_21016_0_0.png
processing: 2597255_21015_0_0.png
processing: 2597173_21016_1_0.png
processing: 2597173_21015_1_0.png
  SKIPPING IMAGE: tot amount of vasculature (5548.7191) < quality threshold 
processing: 2597149_21016_1_0.png
  SKIPPING IMAGE: tot amount of vasculature (10871.0623) < quality threshold 
processing: 2597149_21015_1_0.png
  SKIPPING IMAGE: tot amount of vasculature (9292.2383) < quality threshold 
processing: 2597105_21016_1_0.png
  SKIPPING IMAGE: tot amount of vasculature (10568.7573) < quality threshold 
processing: 2597105_21015_1_0.png
processing: 2597089_21016_0_0.png
processing: 2597089_21015_0_0.png
