------------------------------------------
Setting up environment variables
---
LD_LIBRARY_PATH is .:/software/Development/Languages/Matlab_Compiler_Runtime/96/runtime/glnxa64:/software/Development/Languages/Matlab_Compiler_Runtime/96/bin/glnxa64:/software/Development/Languages/Matlab_Compiler_Runtime/96/sys/os/glnxa64:/software/Development/Languages/Matlab_Compiler_Runtime/96/sys/opengl/lib/glnxa64
Running vessel measurements...
processing: 4318746_21016_0_0.png
  SKIPPING IMAGE: No vessels found
processing: 4318746_21015_0_1.png
  SKIPPING IMAGE: tot amount of vasculature (8708.4897) < quality threshold 
processing: 4318746_21015_0_0.png
  SKIPPING IMAGE: tot amount of vasculature (1197.4162) < quality threshold 
processing: 4318644_21016_1_0.png
  SKIPPING IMAGE: tot amount of vasculature (4823.7621) < quality threshold 
processing: 4318644_21016_0_0.png
processing: 4318644_21015_1_0.png
  SKIPPING IMAGE: tot amount of vasculature (4168.6989) < quality threshold 
processing: 4318644_21015_0_0.png
  SKIPPING IMAGE: tot amount of vasculature (4546.8931) < quality threshold 
processing: 4318626_21016_0_0.png
  SKIPPING IMAGE: tot amount of vasculature (6946.9247) < quality threshold 
processing: 4318626_21015_0_0.png
  SKIPPING IMAGE: tot amount of vasculature (9362.7855) < quality threshold 
processing: 4318610_21016_0_0.png
processing: 4318610_21015_0_0.png
processing: 4318539_21016_0_0.png
  SKIPPING IMAGE: tot amount of vasculature (6590.2138) < quality threshold 
processing: 4318539_21015_0_0.png
processing: 4318471_21016_0_1.png
processing: 4318471_21016_0_0.png
processing: 4318471_21015_0_0.png
processing: 4318330_21016_1_0.png
processing: 4318330_21015_1_0.png
processing: 4318157_21016_0_0.png
processing: 4318157_21015_0_0.png
processing: 4318106_21016_0_0.png
processing: 4318106_21015_0_0.png
processing: 4317922_21016_0_0.png
processing: 4317922_21015_0_0.png
processing: 4317884_21016_0_0.png
processing: 4317884_21015_0_0.png
processing: 4317483_21016_0_0.png
processing: 4317483_21015_0_0.png
processing: 4317476_21016_0_0.png
processing: 4317476_21015_0_0.png
processing: 4317381_21016_1_0.png
  SKIPPING IMAGE: tot amount of vasculature (9580.0177) < quality threshold 
processing: 4317381_21015_1_0.png
  SKIPPING IMAGE: tot amount of vasculature (6888.4013) < quality threshold 
processing: 4317199_21016_0_0.png
processing: 4317199_21015_0_0.png
  SKIPPING IMAGE: tot amount of vasculature (10436.5327) < quality threshold 
processing: 4317031_21016_0_0.png
processing: 4317031_21015_0_0.png
processing: 4316916_21016_0_0.png
processing: 4316916_21015_0_0.png
processing: 4316902_21016_0_0.png
processing: 4316902_21015_0_0.png
processing: 4316772_21016_0_0.png
processing: 4316772_21015_0_0.png
processing: 4316755_21016_0_0.png
processing: 4316755_21015_0_0.png
processing: 4316724_21016_0_0.png
processing: 4316724_21015_0_0.png
processing: 4316697_21016_0_0.png
  SKIPPING IMAGE: tot amount of vasculature (5.4122) < quality threshold 
processing: 4316697_21015_0_0.png
  SKIPPING IMAGE: tot amount of vasculature (3443.4523) < quality threshold 
processing: 4316660_21016_0_0.png
processing: 4316660_21015_0_0.png
processing: 4316628_21016_1_0.png
  SKIPPING IMAGE: tot amount of vasculature (1234.9691) < quality threshold 
processing: 4316628_21016_0_0.png
  SKIPPING IMAGE: tot amount of vasculature (5153.782) < quality threshold 
processing: 4316628_21015_1_0.png
  SKIPPING IMAGE: tot amount of vasculature (10690.0836) < quality threshold 
processing: 4316628_21015_0_0.png
processing: 4316598_21016_0_0.png
processing: 4316598_21015_0_0.png
processing: 4316485_21016_0_0.png
processing: 4316485_21015_0_0.png
processing: 4316462_21016_0_0.png
processing: 4316462_21015_0_0.png
processing: 4316379_21016_0_0.png
processing: 4316379_21015_0_0.png
processing: 4316365_21016_0_0.png
  SKIPPING IMAGE: tot amount of vasculature (8523.4758) < quality threshold 
processing: 4316365_21015_0_0.png
  SKIPPING IMAGE: tot amount of vasculature (7878.6585) < quality threshold 
processing: 4316357_21016_1_0.png
processing: 4316357_21015_1_0.png
processing: 4316287_21016_1_0.png
processing: 4316287_21015_1_0.png
  SKIPPING IMAGE: tot amount of vasculature (9701.0479) < quality threshold 
processing: 4316232_21016_0_0.png
processing: 4316232_21015_0_0.png
processing: 4316210_21016_0_0.png
processing: 4316210_21015_0_0.png
processing: 4316141_21016_0_0.png
processing: 4316141_21015_0_0.png
  SKIPPING IMAGE: tot amount of vasculature (7217.6272) < quality threshold 
processing: 4316129_21016_0_0.png
processing: 4316129_21015_0_0.png
processing: 4316056_21016_0_0.png
processing: 4316056_21015_0_0.png
  SKIPPING IMAGE: tot amount of vasculature (10417.4864) < quality threshold 
processing: 4316007_21016_0_0.png
processing: 4316007_21015_0_0.png
  SKIPPING IMAGE: tot amount of vasculature (2076.0872) < quality threshold 
processing: 4315943_21016_0_0.png
processing: 4315943_21015_0_0.png
processing: 4315921_21016_0_0.png
processing: 4315921_21015_0_0.png
processing: 4315880_21016_1_0.png
  SKIPPING IMAGE: tot amount of vasculature (3557.0973) < quality threshold 
processing: 4315880_21015_1_0.png
  SKIPPING IMAGE: tot amount of vasculature (8529.1987) < quality threshold 
processing: 4315867_21016_0_0.png
processing: 4315867_21015_0_0.png
processing: 4315836_21016_0_0.png
  SKIPPING IMAGE: tot amount of vasculature (3727.7542) < quality threshold 
processing: 4315836_21015_0_0.png
  SKIPPING IMAGE: tot amount of vasculature (5799.6827) < quality threshold 
processing: 4315763_21016_0_0.png
processing: 4315763_21015_0_0.png
processing: 4315689_21016_1_0.png
  SKIPPING IMAGE: tot amount of vasculature (1707.8506) < quality threshold 
processing: 4315689_21016_0_0.png
  SKIPPING IMAGE: tot amount of vasculature (8813.2604) < quality threshold 
processing: 4315689_21015_1_0.png
  SKIPPING IMAGE: tot amount of vasculature (5036.88) < quality threshold 
processing: 4315689_21015_0_0.png
processing: 4315617_21016_0_0.png
  SKIPPING IMAGE: tot amount of vasculature (9750.597) < quality threshold 
processing: 4315617_21015_0_0.png
processing: 4315498_21016_0_0.png
  SKIPPING IMAGE: tot amount of vasculature (10319.1541) < quality threshold 
processing: 4315498_21015_0_0.png
processing: 4315473_21016_1_0.png
processing: 4315473_21015_1_0.png
processing: 4315405_21016_0_0.png
processing: 4315405_21015_0_0.png
processing: 4315370_21016_0_0.png
processing: 4315370_21015_0_0.png
processing: 4315308_21016_0_0.png
  SKIPPING IMAGE: tot amount of vasculature (7443.221) < quality threshold 
processing: 4315308_21015_0_0.png
  SKIPPING IMAGE: tot amount of vasculature (9450.608) < quality threshold 
processing: 4315276_21016_0_0.png
processing: 4315276_21015_0_0.png
processing: 4315252_21016_0_0.png
processing: 4315252_21015_0_0.png
processing: 4315209_21016_0_0.png
  SKIPPING IMAGE: tot amount of vasculature (10155.5462) < quality threshold 
processing: 4315209_21015_0_1.png
  SKIPPING IMAGE: tot amount of vasculature (7873.9809) < quality threshold 
processing: 4315209_21015_0_0.png
processing: 4315159_21016_0_0.png
