------------------------------------------
Setting up environment variables
---
LD_LIBRARY_PATH is .:/software/Development/Languages/Matlab_Compiler_Runtime/96/runtime/glnxa64:/software/Development/Languages/Matlab_Compiler_Runtime/96/bin/glnxa64:/software/Development/Languages/Matlab_Compiler_Runtime/96/sys/os/glnxa64:/software/Development/Languages/Matlab_Compiler_Runtime/96/sys/opengl/lib/glnxa64
Running vessel measurements...
processing: 5674659_21016_0_0.png
processing: 5674659_21015_0_0.png
processing: 5674616_21016_0_0.png
  SKIPPING IMAGE: tot amount of vasculature (9513.6475) < quality threshold 
processing: 5674616_21015_0_0.png
  SKIPPING IMAGE: tot amount of vasculature (10638.4637) < quality threshold 
processing: 5674491_21016_0_0.png
processing: 5674491_21015_0_0.png
processing: 5674458_21016_0_0.png
  SKIPPING IMAGE: tot amount of vasculature (7151.1326) < quality threshold 
processing: 5674458_21015_0_0.png
  SKIPPING IMAGE: tot amount of vasculature (717.0755) < quality threshold 
processing: 5674444_21016_0_0.png
processing: 5674444_21015_0_0.png
processing: 5674403_21016_0_0.png
processing: 5674403_21015_0_0.png
processing: 5674399_21016_0_0.png
processing: 5674399_21015_0_0.png
  SKIPPING IMAGE: tot amount of vasculature (10424.5502) < quality threshold 
processing: 5674355_21016_0_0.png
processing: 5674355_21015_0_0.png
processing: 5674348_21016_0_0.png
processing: 5674348_21015_0_0.png
processing: 5674189_21016_0_0.png
  SKIPPING IMAGE: tot amount of vasculature (8234.4248) < quality threshold 
processing: 5674189_21015_0_0.png
processing: 5674146_21016_0_0.png
processing: 5674146_21015_0_0.png
processing: 5674064_21016_0_0.png
processing: 5674064_21015_0_0.png
processing: 5673995_21016_0_0.png
processing: 5673995_21015_0_0.png
processing: 5673959_21016_0_0.png
processing: 5673959_21015_0_0.png
processing: 5673822_21016_0_0.png
processing: 5673822_21015_0_0.png
processing: 5673800_21016_0_0.png
processing: 5673800_21015_0_0.png
processing: 5673780_21016_0_0.png
processing: 5673780_21015_0_0.png
processing: 5673772_21016_0_0.png
processing: 5673772_21015_0_0.png
processing: 5673683_21016_0_0.png
processing: 5673683_21015_0_0.png
processing: 5673676_21016_1_0.png
processing: 5673676_21015_1_0.png
  SKIPPING IMAGE: tot amount of vasculature (8495.771) < quality threshold 
processing: 5673660_21016_0_0.png
processing: 5673660_21015_0_0.png
processing: 5673609_21016_1_0.png
  SKIPPING IMAGE: tot amount of vasculature (5066.7448) < quality threshold 
processing: 5673609_21015_1_0.png
  SKIPPING IMAGE: tot amount of vasculature (3143.7019) < quality threshold 
processing: 5673598_21016_0_0.png
processing: 5673598_21015_0_0.png
processing: 5673485_21016_0_0.png
processing: 5673485_21015_0_0.png
  SKIPPING IMAGE: tot amount of vasculature (8853.5153) < quality threshold 
processing: 5673450_21016_0_0.png
processing: 5673450_21015_0_0.png
  SKIPPING IMAGE: tot amount of vasculature (10504.1534) < quality threshold 
processing: 5673392_21016_1_0.png
processing: 5673392_21016_0_0.png
processing: 5673392_21015_1_0.png
processing: 5673392_21015_0_0.png
processing: 5673365_21016_0_0.png
processing: 5673365_21015_0_0.png
processing: 5673291_21016_0_0.png
processing: 5673291_21015_0_0.png
processing: 5673269_21016_1_0.png
processing: 5673269_21015_1_0.png
processing: 5673129_21016_0_0.png
processing: 5673129_21015_0_0.png
processing: 5673115_21016_0_0.png
processing: 5673115_21015_0_0.png
  SKIPPING IMAGE: tot amount of vasculature (7196.7928) < quality threshold 
processing: 5672892_21016_0_0.png
processing: 5672892_21015_0_0.png
processing: 5672814_21016_0_0.png
processing: 5672814_21015_0_0.png
processing: 5672798_21016_0_0.png
processing: 5672798_21015_0_0.png
processing: 5672682_21016_0_0.png
processing: 5672682_21015_0_0.png
processing: 5672666_21016_0_0.png
processing: 5672666_21015_0_0.png
  SKIPPING IMAGE: tot amount of vasculature (1112.2161) < quality threshold 
processing: 5672548_21016_0_0.png
processing: 5672548_21015_0_0.png
processing: 5672456_21016_0_0.png
processing: 5672456_21015_0_0.png
processing: 5672346_21016_1_0.png
processing: 5672346_21015_1_0.png
processing: 5672271_21016_1_0.png
processing: 5672271_21015_1_0.png
processing: 5672197_21016_1_0.png
processing: 5672197_21015_1_0.png
processing: 5672152_21016_0_0.png
processing: 5672152_21015_0_0.png
processing: 5672077_21016_0_0.png
processing: 5672077_21015_0_0.png
processing: 5672050_21016_1_0.png
processing: 5672050_21015_1_0.png
  SKIPPING IMAGE: tot amount of vasculature (6355.3572) < quality threshold 
processing: 5672039_21016_0_0.png
processing: 5672039_21015_0_0.png
processing: 5671998_21016_0_0.png
processing: 5671998_21015_0_0.png
processing: 5671930_21016_0_0.png
  SKIPPING IMAGE: tot amount of vasculature (2736.9291) < quality threshold 
processing: 5671930_21015_0_0.png
  SKIPPING IMAGE: tot amount of vasculature (6078.593) < quality threshold 
processing: 5671912_21016_1_0.png
processing: 5671912_21015_1_0.png
processing: 5671905_21016_1_0.png
processing: 5671905_21015_1_0.png
  SKIPPING IMAGE: tot amount of vasculature (10844.4619) < quality threshold 
processing: 5671890_21016_0_0.png
processing: 5671890_21015_0_0.png
processing: 5671769_21016_1_0.png
processing: 5671769_21015_1_0.png
processing: 5671594_21016_1_0.png
  SKIPPING IMAGE: tot amount of vasculature (560.764) < quality threshold 
processing: 5671594_21015_1_0.png
  SKIPPING IMAGE: No vessels found
processing: 5671553_21016_0_0.png
  SKIPPING IMAGE: tot amount of vasculature (8043.3045) < quality threshold 
processing: 5671553_21015_0_0.png
  SKIPPING IMAGE: tot amount of vasculature (8453.4061) < quality threshold 
processing: 5671537_21016_0_0.png
  SKIPPING IMAGE: tot amount of vasculature (1755.4897) < quality threshold 
processing: 5671537_21015_0_0.png
  SKIPPING IMAGE: tot amount of vasculature (4580.5965) < quality threshold 
processing: 5671515_21016_0_0.png
processing: 5671515_21015_0_0.png
processing: 5671508_21016_0_0.png
processing: 5671508_21015_0_0.png
processing: 5671492_21016_0_0.png
processing: 5671492_21015_0_0.png
processing: 5671347_21016_0_0.png
processing: 5671347_21015_0_0.png
processing: 5671302_21016_1_0.png
  SKIPPING IMAGE: No vessels found
processing: 5671302_21015_1_0.png
  SKIPPING IMAGE: tot amount of vasculature (5288.3416) < quality threshold 
processing: 5671217_21016_0_0.png
processing: 5671217_21015_0_0.png
processing: 5671162_21016_0_0.png
  SKIPPING IMAGE: tot amount of vasculature (9511.0013) < quality threshold 
processing: 5671162_21015_0_0.png
processing: 5671150_21016_0_0.png
  SKIPPING IMAGE: tot amount of vasculature (2979.3332) < quality threshold 
processing: 5671150_21015_0_0.png
  SKIPPING IMAGE: tot amount of vasculature (6575.5809) < quality threshold 
processing: 5671143_21016_0_0.png
processing: 5671143_21015_0_0.png
processing: 5671097_21016_0_0.png
processing: 5671097_21015_0_0.png
processing: 5671009_21016_0_0.png
  SKIPPING IMAGE: tot amount of vasculature (8692.6733) < quality threshold 
processing: 5671009_21015_0_0.png
  SKIPPING IMAGE: tot amount of vasculature (10031.4226) < quality threshold 
processing: 5670965_21016_0_0.png
processing: 5670965_21015_0_0.png
processing: 5670887_21016_1_0.png
processing: 5670887_21015_1_0.png
  SKIPPING IMAGE: tot amount of vasculature (9241.709) < quality threshold 
processing: 5670869_21016_0_0.png
processing: 5670869_21015_0_0.png
processing: 5670826_21016_0_0.png
processing: 5670826_21015_0_0.png
processing: 5670681_21016_0_0.png
processing: 5670681_21015_0_0.png
processing: 5670638_21016_0_0.png
  SKIPPING IMAGE: tot amount of vasculature (4226.6578) < quality threshold 
processing: 5670437_21016_0_0.png
  SKIPPING IMAGE: tot amount of vasculature (7535.7168) < quality threshold 
processing: 5670437_21015_0_0.png
  SKIPPING IMAGE: tot amount of vasculature (1443.1764) < quality threshold 
processing: 5670415_21016_1_0.png
  SKIPPING IMAGE: tot amount of vasculature (548.4933) < quality threshold 
processing: 5670415_21015_1_0.png
  SKIPPING IMAGE: tot amount of vasculature (1464.925) < quality threshold 
processing: 5670396_21016_0_0.png
processing: 5670396_21015_0_0.png
processing: 5670343_21016_0_0.png
processing: 5670343_21015_0_0.png
processing: 5670321_21016_0_0.png
processing: 5670321_21015_0_0.png
processing: 5670248_21016_0_0.png
processing: 5670248_21015_0_0.png
processing: 5670164_21016_0_0.png
processing: 5670164_21015_0_0.png
processing: 5670000_21016_1_0.png
  SKIPPING IMAGE: tot amount of vasculature (10042.0484) < quality threshold 
processing: 5670000_21015_1_0.png
processing: 5669999_21016_0_0.png
  SKIPPING IMAGE: tot amount of vasculature (10935.2188) < quality threshold 
processing: 5669999_21015_0_0.png
processing: 5669972_21016_0_0.png
  SKIPPING IMAGE: tot amount of vasculature (6277.8122) < quality threshold 
processing: 5669972_21015_0_0.png
  SKIPPING IMAGE: tot amount of vasculature (6340.2918) < quality threshold 
processing: 5669924_21016_0_0.png
processing: 5669924_21015_0_0.png
processing: 5669896_21016_1_0.png
  SKIPPING IMAGE: tot amount of vasculature (2131.2229) < quality threshold 
processing: 5669896_21015_1_0.png
  SKIPPING IMAGE: tot amount of vasculature (6388.1511) < quality threshold 
processing: 5669885_21016_0_0.png
  SKIPPING IMAGE: tot amount of vasculature (8732.913) < quality threshold 
processing: 5669885_21015_0_0.png
  SKIPPING IMAGE: tot amount of vasculature (7363.2713) < quality threshold 
processing: 5669747_21016_0_0.png
  SKIPPING IMAGE: tot amount of vasculature (5828.0833) < quality threshold 
processing: 5669747_21015_0_0.png
  SKIPPING IMAGE: tot amount of vasculature (8971.8957) < quality threshold 
processing: 5669733_21016_0_0.png
processing: 5669733_21015_0_0.png
processing: 5669664_21016_0_0.png
  SKIPPING IMAGE: tot amount of vasculature (162.0537) < quality threshold 
processing: 5669664_21015_0_1.png
  SKIPPING IMAGE: tot amount of vasculature (7315.8724) < quality threshold 
processing: 5669664_21015_0_0.png
processing: 5669534_21016_0_0.png
processing: 5669534_21015_0_0.png
processing: 5669511_21016_0_0.png
  SKIPPING IMAGE: tot amount of vasculature (1073.9913) < quality threshold 
processing: 5669511_21015_0_0.png
  SKIPPING IMAGE: tot amount of vasculature (3460.1684) < quality threshold 
processing: 5669422_21016_1_0.png
processing: 5669288_21016_1_0.png
  SKIPPING IMAGE: tot amount of vasculature (6306.7197) < quality threshold 
processing: 5669288_21015_1_0.png
  SKIPPING IMAGE: tot amount of vasculature (9057.6811) < quality threshold 
processing: 5669206_21016_1_0.png
processing: 5669206_21015_1_0.png
processing: 5669190_21016_1_0.png
  SKIPPING IMAGE: tot amount of vasculature (5249.3737) < quality threshold 
processing: 5669190_21015_1_0.png
processing: 5669156_21016_0_0.png
processing: 5669156_21015_0_0.png
processing: 5669142_21016_0_0.png
processing: 5669142_21015_0_0.png
processing: 5668992_21016_0_0.png
processing: 5668992_21015_0_0.png
processing: 5668869_21016_0_0.png
  SKIPPING IMAGE: tot amount of vasculature (142.5483) < quality threshold 
processing: 5668869_21015_0_0.png
  SKIPPING IMAGE: No vessels found
processing: 5668844_21016_1_0.png
processing: 5668844_21015_1_0.png
processing: 5668803_21016_0_0.png
  SKIPPING IMAGE: tot amount of vasculature (4464.4185) < quality threshold 
processing: 5668803_21015_0_0.png
  SKIPPING IMAGE: tot amount of vasculature (2914.9753) < quality threshold 
processing: 5668709_21016_0_0.png
processing: 5668709_21015_0_0.png
processing: 5668681_21016_1_0.png
processing: 5668681_21015_1_0.png
processing: 5668625_21016_1_0.png
  SKIPPING IMAGE: tot amount of vasculature (1416.8429) < quality threshold 
processing: 5668625_21015_1_0.png
  SKIPPING IMAGE: tot amount of vasculature (3679.6225) < quality threshold 
processing: 5668584_21016_0_0.png
processing: 5668584_21015_0_0.png
processing: 5668568_21016_0_0.png
processing: 5668568_21015_0_0.png
processing: 5668547_21016_0_0.png
processing: 5668547_21015_0_0.png
processing: 5668520_21016_0_0.png
  SKIPPING IMAGE: tot amount of vasculature (4163.1613) < quality threshold 
processing: 5668520_21015_0_0.png
  SKIPPING IMAGE: tot amount of vasculature (9893.8857) < quality threshold 
processing: 5668516_21016_0_0.png
processing: 5668516_21015_0_0.png
processing: 5668470_21016_0_0.png
processing: 5668470_21015_0_0.png
processing: 5668437_21016_0_0.png
processing: 5668437_21015_0_0.png
processing: 5668408_21016_0_0.png
processing: 5668408_21015_0_0.png
processing: 5668362_21016_0_0.png
processing: 5668362_21015_0_0.png
processing: 5668236_21016_1_0.png
processing: 5668236_21016_0_0.png
processing: 5668236_21015_1_0.png
processing: 5668236_21015_0_0.png
processing: 5668201_21016_1_0.png
  SKIPPING IMAGE: tot amount of vasculature (10118.5613) < quality threshold 
processing: 5668201_21015_1_0.png
processing: 5668198_21016_0_0.png
  SKIPPING IMAGE: tot amount of vasculature (7584.7478) < quality threshold 
processing: 5668198_21015_0_0.png
  SKIPPING IMAGE: tot amount of vasculature (8548.4384) < quality threshold 
processing: 5668130_21016_0_0.png
processing: 5668130_21015_0_0.png
processing: 5667997_21016_0_0.png
processing: 5667997_21015_0_0.png
processing: 5667928_21016_0_0.png
processing: 5667928_21015_0_0.png
  SKIPPING IMAGE: tot amount of vasculature (4070.5073) < quality threshold 
processing: 5667894_21016_0_0.png
processing: 5667894_21015_0_0.png
processing: 5667870_21016_0_0.png
  SKIPPING IMAGE: tot amount of vasculature (2160.1883) < quality threshold 
processing: 5667870_21015_0_0.png
processing: 5667837_21016_0_0.png
processing: 5667837_21015_0_0.png
processing: 5667808_21016_1_0.png
  SKIPPING IMAGE: tot amount of vasculature (10669.7862) < quality threshold 
processing: 5667808_21015_1_0.png
  SKIPPING IMAGE: tot amount of vasculature (8544.0315) < quality threshold 
processing: 5667757_21016_0_0.png
processing: 5667757_21015_0_0.png
  SKIPPING IMAGE: tot amount of vasculature (3478.7196) < quality threshold 
processing: 5667525_21016_0_0.png
  SKIPPING IMAGE: tot amount of vasculature (8496.1322) < quality threshold 
processing: 5667525_21015_0_0.png
  SKIPPING IMAGE: tot amount of vasculature (6108.936) < quality threshold 
processing: 5667475_21016_0_0.png
processing: 5667475_21015_0_0.png
processing: 5667469_21016_0_0.png
processing: 5667469_21015_0_0.png
processing: 5667403_21016_0_0.png
processing: 5667403_21015_0_0.png
processing: 5667348_21016_0_0.png
  SKIPPING IMAGE: tot amount of vasculature (2775.3166) < quality threshold 
processing: 5667348_21015_0_0.png
processing: 5667324_21016_0_0.png
  SKIPPING IMAGE: tot amount of vasculature (3213.4606) < quality threshold 
processing: 5667324_21015_0_0.png
  SKIPPING IMAGE: tot amount of vasculature (4958.6283) < quality threshold 
processing: 5667301_21016_0_0.png
processing: 5667301_21015_0_0.png
processing: 5667178_21016_0_0.png
processing: 5667178_21015_0_0.png
processing: 5667161_21016_0_0.png
  SKIPPING IMAGE: tot amount of vasculature (6998.1574) < quality threshold 
processing: 5667161_21015_0_0.png
  SKIPPING IMAGE: tot amount of vasculature (10136.3446) < quality threshold 
processing: 5667146_21016_0_0.png
  SKIPPING IMAGE: tot amount of vasculature (8687.4116) < quality threshold 
processing: 5667146_21015_0_0.png
processing: 5667122_21016_0_0.png
processing: 5667122_21015_0_0.png
processing: 5667098_21016_0_0.png
processing: 5667098_21015_0_0.png
processing: 5667086_21016_0_1.png
processing: 5667086_21016_0_0.png
processing: 5667086_21015_0_0.png
processing: 5667030_21016_0_0.png
processing: 5667030_21015_0_0.png
processing: 5667012_21016_0_0.png
processing: 5667012_21015_0_0.png
processing: 5666982_21016_1_0.png
  SKIPPING IMAGE: tot amount of vasculature (8440.4715) < quality threshold 
processing: 5666982_21015_1_0.png
  SKIPPING IMAGE: tot amount of vasculature (4231.5374) < quality threshold 
processing: 5666953_21016_0_0.png
processing: 5666953_21015_0_0.png
processing: 5666937_21016_0_0.png
processing: 5666937_21015_0_0.png
processing: 5666915_21016_0_0.png
  SKIPPING IMAGE: tot amount of vasculature (8043.2847) < quality threshold 
processing: 5666915_21015_0_0.png
  SKIPPING IMAGE: tot amount of vasculature (3876.7834) < quality threshold 
processing: 5666883_21016_1_0.png
  SKIPPING IMAGE: tot amount of vasculature (10336.5779) < quality threshold 
processing: 5666883_21016_0_0.png
processing: 5666883_21015_1_0.png
  SKIPPING IMAGE: tot amount of vasculature (8354.0708) < quality threshold 
processing: 5666883_21015_0_0.png
  SKIPPING IMAGE: tot amount of vasculature (10883.6073) < quality threshold 
processing: 5666675_21016_0_0.png
processing: 5666675_21015_0_0.png
processing: 5666550_21016_1_0.png
processing: 5666550_21015_1_0.png
processing: 5666539_21016_0_0.png
processing: 5666539_21015_0_0.png
processing: 5666402_21016_0_0.png
processing: 5666402_21015_0_0.png
processing: 5666364_21016_0_0.png
processing: 5666364_21015_0_0.png
FINISHED: .mat files have been written to: /data/FAC/FBM/DBC/sbergman/retina/UKBiob/fundus/REVIEW//CLRIS/
execution time: 1734 sec
