------------------------------------------
Setting up environment variables
---
LD_LIBRARY_PATH is .:/software/Development/Languages/Matlab_Compiler_Runtime/96/runtime/glnxa64:/software/Development/Languages/Matlab_Compiler_Runtime/96/bin/glnxa64:/software/Development/Languages/Matlab_Compiler_Runtime/96/sys/os/glnxa64:/software/Development/Languages/Matlab_Compiler_Runtime/96/sys/opengl/lib/glnxa64
Running vessel measurements...
processing: 3251085_21016_1_0.png
  SKIPPING IMAGE: tot amount of vasculature (4074.174) < quality threshold 
processing: 3251085_21015_1_0.png
  SKIPPING IMAGE: tot amount of vasculature (4567.7031) < quality threshold 
processing: 3250956_21016_0_0.png
processing: 3250956_21015_0_0.png
processing: 3250849_21016_0_0.png
  SKIPPING IMAGE: tot amount of vasculature (10795.1177) < quality threshold 
processing: 3250849_21015_0_0.png
processing: 3250796_21016_0_0.png
processing: 3250796_21015_0_0.png
processing: 3250743_21016_1_0.png
processing: 3250743_21016_0_0.png
processing: 3250743_21015_1_0.png
processing: 3250743_21015_0_0.png
processing: 3250718_21016_0_0.png
  SKIPPING IMAGE: tot amount of vasculature (9236.3543) < quality threshold 
processing: 3250718_21015_0_0.png
  SKIPPING IMAGE: tot amount of vasculature (9395.8938) < quality threshold 
processing: 3250606_21016_1_0.png
  SKIPPING IMAGE: tot amount of vasculature (55.6118) < quality threshold 
processing: 3250606_21015_1_0.png
  SKIPPING IMAGE: tot amount of vasculature (1755.8338) < quality threshold 
processing: 3250561_21016_0_0.png
  SKIPPING IMAGE: tot amount of vasculature (10767.7383) < quality threshold 
processing: 3250561_21015_0_0.png
processing: 3250522_21016_1_0.png
  SKIPPING IMAGE: tot amount of vasculature (9778.849) < quality threshold 
processing: 3250522_21015_1_0.png
processing: 3250499_21016_0_0.png
processing: 3250499_21015_0_0.png
processing: 3250480_21016_0_0.png
processing: 3250480_21015_0_0.png
processing: 3250383_21016_0_0.png
  SKIPPING IMAGE: tot amount of vasculature (1853.3041) < quality threshold 
processing: 3250383_21015_0_0.png
  SKIPPING IMAGE: tot amount of vasculature (717.4231) < quality threshold 
processing: 3250376_21016_0_0.png
processing: 3250376_21015_0_0.png
  SKIPPING IMAGE: tot amount of vasculature (9566.6703) < quality threshold 
processing: 3250309_21016_0_0.png
processing: 3250309_21015_0_0.png
processing: 3250241_21016_0_0.png
processing: 3250241_21015_0_0.png
processing: 3250208_21016_0_0.png
processing: 3250208_21015_0_0.png
processing: 3250110_21016_1_0.png
processing: 3250110_21016_0_0.png
processing: 3250110_21015_1_0.png
processing: 3250110_21015_0_0.png
processing: 3250071_21016_0_0.png
processing: 3250071_21015_0_0.png
processing: 3250002_21016_0_0.png
processing: 3250002_21015_0_0.png
processing: 3249969_21016_0_0.png
  SKIPPING IMAGE: tot amount of vasculature (7731.8466) < quality threshold 
processing: 3249969_21015_0_0.png
  SKIPPING IMAGE: tot amount of vasculature (5103.6394) < quality threshold 
processing: 3249944_21016_0_0.png
processing: 3249944_21015_0_0.png
processing: 3249903_21016_1_0.png
  SKIPPING IMAGE: tot amount of vasculature (7808.2404) < quality threshold 
processing: 3249903_21015_1_0.png
  SKIPPING IMAGE: tot amount of vasculature (10171.9568) < quality threshold 
processing: 3249865_21016_0_0.png
processing: 3249865_21015_0_0.png
processing: 3249823_21016_0_0.png
  SKIPPING IMAGE: tot amount of vasculature (4500.9356) < quality threshold 
processing: 3249823_21015_0_0.png
  SKIPPING IMAGE: tot amount of vasculature (7773.5851) < quality threshold 
processing: 3249764_21016_1_0.png
  SKIPPING IMAGE: tot amount of vasculature (10108.1706) < quality threshold 
processing: 3249764_21015_1_0.png
processing: 3249730_21016_0_0.png
processing: 3249730_21015_0_0.png
processing: 3249694_21016_0_0.png
processing: 3249694_21015_0_0.png
processing: 3249548_21016_1_0.png
processing: 3249548_21015_1_0.png
processing: 3249474_21016_0_0.png
processing: 3249474_21015_0_0.png
  SKIPPING IMAGE: tot amount of vasculature (10474.2225) < quality threshold 
processing: 3249425_21016_0_0.png
processing: 3249425_21015_0_0.png
processing: 3249419_21016_0_0.png
processing: 3249419_21015_0_0.png
processing: 3249393_21016_0_0.png
processing: 3249393_21015_0_0.png
processing: 3249284_21016_0_0.png
processing: 3249284_21015_0_0.png
processing: 3249268_21016_0_0.png
processing: 3249268_21015_0_0.png
processing: 3249233_21016_0_0.png
  SKIPPING IMAGE: tot amount of vasculature (393.6268) < quality threshold 
processing: 3249233_21015_0_0.png
processing: 3249183_21016_0_0.png
  SKIPPING IMAGE: tot amount of vasculature (1345.0928) < quality threshold 
processing: 3249183_21015_0_0.png
  SKIPPING IMAGE: tot amount of vasculature (5003.34) < quality threshold 
processing: 3249109_21016_0_0.png
  SKIPPING IMAGE: tot amount of vasculature (4440.0583) < quality threshold 
processing: 3249109_21015_0_0.png
processing: 3249062_21016_0_0.png
  SKIPPING IMAGE: tot amount of vasculature (1651.9353) < quality threshold 
processing: 3249062_21015_0_0.png
  SKIPPING IMAGE: tot amount of vasculature (3176.5215) < quality threshold 
processing: 3249039_21016_0_0.png
  SKIPPING IMAGE: tot amount of vasculature (69.4763) < quality threshold 
processing: 3249039_21015_0_0.png
  SKIPPING IMAGE: tot amount of vasculature (1329.6517) < quality threshold 
processing: 3248968_21016_0_0.png
  SKIPPING IMAGE: tot amount of vasculature (1622.266) < quality threshold 
processing: 3248968_21015_0_0.png
  SKIPPING IMAGE: tot amount of vasculature (8731.0748) < quality threshold 
processing: 3248835_21016_1_0.png
  SKIPPING IMAGE: tot amount of vasculature (10530.9478) < quality threshold 
processing: 3248835_21015_1_0.png
  SKIPPING IMAGE: tot amount of vasculature (8925.899) < quality threshold 
processing: 3248736_21016_0_0.png
processing: 3248736_21015_0_0.png
  SKIPPING IMAGE: tot amount of vasculature (4492.1901) < quality threshold 
processing: 3248676_21016_0_0.png
  SKIPPING IMAGE: tot amount of vasculature (2680.8883) < quality threshold 
processing: 3248676_21015_0_0.png
  SKIPPING IMAGE: tot amount of vasculature (10163.1603) < quality threshold 
processing: 3248660_21016_0_0.png
processing: 3248660_21015_0_0.png
  SKIPPING IMAGE: tot amount of vasculature (10128.1868) < quality threshold 
processing: 3248634_21016_0_0.png
  SKIPPING IMAGE: tot amount of vasculature (5004.3587) < quality threshold 
processing: 3248634_21015_0_0.png
  SKIPPING IMAGE: tot amount of vasculature (2402.4056) < quality threshold 
processing: 3248551_21016_0_0.png
  SKIPPING IMAGE: tot amount of vasculature (1852.8214) < quality threshold 
processing: 3248551_21015_0_0.png
  SKIPPING IMAGE: tot amount of vasculature (6829.1676) < quality threshold 
processing: 3248530_21016_0_0.png
processing: 3248530_21015_0_0.png
processing: 3248496_21016_0_0.png
processing: 3248496_21015_0_0.png
processing: 3248392_21016_0_0.png
processing: 3248392_21015_0_0.png
  SKIPPING IMAGE: tot amount of vasculature (10911.8511) < quality threshold 
processing: 3248388_21016_0_0.png
  SKIPPING IMAGE: tot amount of vasculature (9222.0962) < quality threshold 
processing: 3248388_21015_0_0.png
  SKIPPING IMAGE: tot amount of vasculature (10737.1201) < quality threshold 
processing: 3248357_21016_0_0.png
processing: 3248357_21015_0_0.png
processing: 3248194_21016_0_0.png
processing: 3248194_21015_0_0.png
processing: 3248153_21016_0_0.png
processing: 3248153_21015_0_0.png
  SKIPPING IMAGE: tot amount of vasculature (9048.0588) < quality threshold 
processing: 3248115_21016_0_0.png
processing: 3248115_21015_0_0.png
processing: 3247955_21016_0_0.png
processing: 3247955_21015_0_0.png
processing: 3247885_21016_0_0.png
  SKIPPING IMAGE: tot amount of vasculature (10547.0335) < quality threshold 
processing: 3247885_21015_0_0.png
  SKIPPING IMAGE: tot amount of vasculature (554.3869) < quality threshold 
processing: 3247843_21016_0_0.png
  SKIPPING IMAGE: tot amount of vasculature (7799.067) < quality threshold 
processing: 3247843_21015_0_0.png
  SKIPPING IMAGE: tot amount of vasculature (4517.1934) < quality threshold 
processing: 3247768_21016_0_0.png
processing: 3247768_21015_0_0.png
processing: 3247759_21016_0_0.png
processing: 3247759_21015_0_0.png
  SKIPPING IMAGE: tot amount of vasculature (10999.3134) < quality threshold 
processing: 3247702_21016_0_0.png
processing: 3247702_21015_0_0.png
processing: 3247664_21016_0_0.png
processing: 3247664_21015_0_0.png
processing: 3247597_21016_0_0.png
processing: 3247597_21015_0_0.png
processing: 3247552_21016_0_0.png
processing: 3247552_21015_0_0.png
processing: 3247489_21016_0_0.png
processing: 3247489_21015_0_0.png
processing: 3247344_21016_0_0.png
