------------------------------------------
Setting up environment variables
---
LD_LIBRARY_PATH is .:/software/Development/Languages/Matlab_Compiler_Runtime/96/runtime/glnxa64:/software/Development/Languages/Matlab_Compiler_Runtime/96/bin/glnxa64:/software/Development/Languages/Matlab_Compiler_Runtime/96/sys/os/glnxa64:/software/Development/Languages/Matlab_Compiler_Runtime/96/sys/opengl/lib/glnxa64
Running vessel measurements...
processing: 2508118_21015_0_0.png
  SKIPPING IMAGE: tot amount of vasculature (10835.8003) < quality threshold 
processing: 2508104_21016_0_0.png
  SKIPPING IMAGE: tot amount of vasculature (10733.109) < quality threshold 
processing: 2508104_21015_0_0.png
  SKIPPING IMAGE: tot amount of vasculature (2107.2299) < quality threshold 
processing: 2508045_21016_0_0.png
processing: 2508045_21015_0_0.png
processing: 2508034_21016_1_0.png
processing: 2508034_21015_1_0.png
  SKIPPING IMAGE: tot amount of vasculature (6199.6288) < quality threshold 
processing: 2507975_21016_0_0.png
processing: 2507975_21015_0_0.png
processing: 2507786_21016_1_0.png
  SKIPPING IMAGE: tot amount of vasculature (23.1968) < quality threshold 
processing: 2507786_21015_1_0.png
  SKIPPING IMAGE: tot amount of vasculature (1813.7749) < quality threshold 
processing: 2507773_21016_0_0.png
  SKIPPING IMAGE: tot amount of vasculature (7846.1761) < quality threshold 
processing: 2507773_21015_0_1.png
  SKIPPING IMAGE: tot amount of vasculature (8106.0081) < quality threshold 
processing: 2507773_21015_0_0.png
  SKIPPING IMAGE: tot amount of vasculature (4806.6453) < quality threshold 
processing: 2507712_21016_1_0.png
  SKIPPING IMAGE: tot amount of vasculature (9466.4948) < quality threshold 
processing: 2507712_21015_1_0.png
  SKIPPING IMAGE: tot amount of vasculature (5521.9225) < quality threshold 
processing: 2507694_21016_0_0.png
processing: 2507694_21015_0_0.png
processing: 2507641_21016_1_0.png
processing: 2507641_21015_1_0.png
processing: 2507490_21016_1_0.png
  SKIPPING IMAGE: tot amount of vasculature (7.9178) < quality threshold 
processing: 2507490_21016_0_0.png
  SKIPPING IMAGE: tot amount of vasculature (7811.9609) < quality threshold 
processing: 2507490_21015_1_0.png
  SKIPPING IMAGE: tot amount of vasculature (4387.6612) < quality threshold 
processing: 2507490_21015_0_0.png
  SKIPPING IMAGE: tot amount of vasculature (4120.4162) < quality threshold 
processing: 2507425_21016_0_0.png
processing: 2507425_21015_0_0.png
processing: 2507407_21016_0_0.png
  SKIPPING IMAGE: tot amount of vasculature (7079.917) < quality threshold 
processing: 2507407_21015_0_0.png
processing: 2507247_21016_1_0.png
  SKIPPING IMAGE: tot amount of vasculature (9849.7773) < quality threshold 
processing: 2507247_21015_1_0.png
  SKIPPING IMAGE: tot amount of vasculature (10977.1534) < quality threshold 
processing: 2507220_21016_1_0.png
  SKIPPING IMAGE: tot amount of vasculature (6207.078) < quality threshold 
processing: 2507220_21015_1_0.png
  SKIPPING IMAGE: tot amount of vasculature (10127.2528) < quality threshold 
processing: 2507160_21016_1_0.png
processing: 2507160_21015_1_0.png
processing: 2507111_21016_0_0.png
  SKIPPING IMAGE: tot amount of vasculature (10893.9861) < quality threshold 
processing: 2507111_21015_0_0.png
processing: 2507077_21016_0_0.png
processing: 2507077_21015_0_0.png
processing: 2507039_21016_0_0.png
processing: 2507039_21015_0_0.png
processing: 2506988_21016_1_0.png
  SKIPPING IMAGE: tot amount of vasculature (3072.228) < quality threshold 
processing: 2506988_21015_1_0.png
  SKIPPING IMAGE: tot amount of vasculature (7203.3336) < quality threshold 
processing: 2506914_21016_1_0.png
processing: 2506914_21015_1_0.png
processing: 2506875_21016_0_0.png
  SKIPPING IMAGE: tot amount of vasculature (2321.4705) < quality threshold 
processing: 2506875_21015_0_0.png
  SKIPPING IMAGE: tot amount of vasculature (4786.1797) < quality threshold 
processing: 2506844_21016_0_0.png
processing: 2506844_21015_0_0.png
processing: 2506709_21016_0_0.png
processing: 2506709_21015_0_0.png
processing: 2506690_21016_0_0.png
processing: 2506690_21015_0_0.png
processing: 2506619_21016_0_0.png
  SKIPPING IMAGE: tot amount of vasculature (2736.5027) < quality threshold 
processing: 2506619_21015_0_0.png
  SKIPPING IMAGE: tot amount of vasculature (4814.7571) < quality threshold 
processing: 2506571_21016_1_0.png
processing: 2506571_21015_1_0.png
processing: 2506568_21016_0_0.png
processing: 2506568_21015_0_0.png
processing: 2506470_21016_0_0.png
  SKIPPING IMAGE: tot amount of vasculature (221.5242) < quality threshold 
processing: 2506470_21015_0_0.png
  SKIPPING IMAGE: tot amount of vasculature (7196.313) < quality threshold 
processing: 2506441_21016_0_0.png
processing: 2506441_21015_0_0.png
processing: 2506385_21016_0_0.png
processing: 2506385_21015_0_0.png
processing: 2506377_21016_0_0.png
processing: 2506377_21015_0_0.png
  SKIPPING IMAGE: tot amount of vasculature (9452.5067) < quality threshold 
processing: 2506350_21016_0_0.png
processing: 2506350_21015_0_0.png
processing: 2506304_21016_0_0.png
processing: 2506304_21015_0_0.png
processing: 2506267_21016_0_0.png
processing: 2506267_21015_0_0.png
processing: 2506201_21016_0_0.png
processing: 2506201_21015_0_0.png
processing: 2506000_21016_0_0.png
processing: 2506000_21015_0_0.png
processing: 2505941_21016_0_0.png
processing: 2505941_21015_0_0.png
processing: 2505735_21016_1_0.png
  SKIPPING IMAGE: tot amount of vasculature (2782.3561) < quality threshold 
processing: 2505735_21015_1_0.png
  SKIPPING IMAGE: tot amount of vasculature (8545.0603) < quality threshold 
processing: 2505691_21016_0_0.png
processing: 2505691_21015_0_0.png
processing: 2505543_21016_0_0.png
  SKIPPING IMAGE: tot amount of vasculature (9392.2813) < quality threshold 
processing: 2505543_21015_0_0.png
processing: 2505349_21016_0_0.png
processing: 2505349_21015_0_0.png
processing: 2505242_21016_0_0.png
processing: 2505242_21015_0_0.png
processing: 2505165_21016_0_0.png
processing: 2505165_21015_0_0.png
processing: 2505140_21016_0_0.png
processing: 2505140_21015_0_0.png
processing: 2505055_21016_0_0.png
processing: 2505055_21015_0_0.png
processing: 2505048_21016_0_0.png
processing: 2505048_21015_0_0.png
processing: 2505001_21016_0_1.png
processing: 2505001_21016_0_0.png
processing: 2505001_21015_0_0.png
processing: 2504971_21016_0_0.png
processing: 2504971_21015_0_0.png
processing: 2504959_21016_0_0.png
processing: 2504959_21015_0_0.png
processing: 2504920_21016_1_0.png
  SKIPPING IMAGE: tot amount of vasculature (8132.5544) < quality threshold 
processing: 2504920_21015_1_0.png
processing: 2504916_21016_1_0.png
  SKIPPING IMAGE: tot amount of vasculature (26.0248) < quality threshold 
processing: 2504916_21015_1_0.png
  SKIPPING IMAGE: tot amount of vasculature (3941.1041) < quality threshold 
processing: 2504854_21016_1_0.png
processing: 2504854_21015_1_0.png
processing: 2504835_21016_0_0.png
processing: 2504835_21015_0_0.png
processing: 2504780_21016_0_0.png
processing: 2504780_21015_0_0.png
processing: 2504755_21016_0_0.png
  SKIPPING IMAGE: tot amount of vasculature (7507.7601) < quality threshold 
processing: 2504755_21015_0_0.png
processing: 2504701_21016_1_0.png
processing: 2504701_21016_0_0.png
processing: 2504701_21015_1_0.png
processing: 2504701_21015_0_0.png
processing: 2504634_21016_0_0.png
processing: 2504634_21015_0_0.png
processing: 2504598_21016_0_0.png
processing: 2504598_21015_0_0.png
processing: 2504439_21016_1_0.png
processing: 2504439_21015_1_0.png
processing: 2504404_21016_0_0.png
processing: 2504404_21015_0_0.png
processing: 2504331_21016_0_0.png
processing: 2504331_21015_0_0.png
processing: 2504306_21016_0_0.png
processing: 2504306_21015_0_0.png
processing: 2504291_21016_0_0.png
processing: 2504291_21015_0_0.png
processing: 2504170_21016_0_0.png
processing: 2504170_21015_0_0.png
  SKIPPING IMAGE: tot amount of vasculature (8637.8623) < quality threshold 
processing: 2504129_21016_1_0.png
processing: 2504129_21016_0_0.png
processing: 2504129_21015_1_0.png
processing: 2504129_21015_0_0.png
processing: 2504108_21016_1_0.png
processing: 2504108_21015_1_0.png
  SKIPPING IMAGE: tot amount of vasculature (8299.6795) < quality threshold 
processing: 2504090_21016_0_0.png
processing: 2504090_21015_0_0.png
