------------------------------------------
Setting up environment variables
---
LD_LIBRARY_PATH is .:/software/Development/Languages/Matlab_Compiler_Runtime/96/runtime/glnxa64:/software/Development/Languages/Matlab_Compiler_Runtime/96/bin/glnxa64:/software/Development/Languages/Matlab_Compiler_Runtime/96/sys/os/glnxa64:/software/Development/Languages/Matlab_Compiler_Runtime/96/sys/opengl/lib/glnxa64
Running vessel measurements...
processing: 1533392_21015_0_0.png
  SKIPPING IMAGE: tot amount of vasculature (2909.8963) < quality threshold 
processing: 1533323_21016_0_0.png
processing: 1533323_21015_0_0.png
processing: 1533275_21016_0_0.png
processing: 1533275_21015_0_0.png
processing: 1533153_21016_0_0.png
processing: 1533153_21015_0_0.png
processing: 1532932_21016_1_0.png
  SKIPPING IMAGE: tot amount of vasculature (9972.6235) < quality threshold 
processing: 1532932_21015_1_0.png
  SKIPPING IMAGE: tot amount of vasculature (10321.435) < quality threshold 
processing: 1532903_21016_0_0.png
  SKIPPING IMAGE: tot amount of vasculature (2378.5344) < quality threshold 
processing: 1532903_21015_0_0.png
  SKIPPING IMAGE: tot amount of vasculature (5479.841) < quality threshold 
processing: 1532831_21016_1_0.png
  SKIPPING IMAGE: tot amount of vasculature (10859.2691) < quality threshold 
processing: 1532831_21015_1_0.png
  SKIPPING IMAGE: tot amount of vasculature (8589.6066) < quality threshold 
processing: 1532641_21016_0_0.png
processing: 1532641_21015_0_0.png
processing: 1532637_21016_0_0.png
processing: 1532637_21015_0_0.png
  SKIPPING IMAGE: tot amount of vasculature (6277.9652) < quality threshold 
processing: 1532456_21016_0_0.png
  SKIPPING IMAGE: tot amount of vasculature (7923.6008) < quality threshold 
processing: 1532456_21015_0_0.png
  SKIPPING IMAGE: tot amount of vasculature (10329.6535) < quality threshold 
processing: 1532438_21016_0_0.png
processing: 1532438_21015_0_0.png
processing: 1532389_21016_0_0.png
processing: 1532389_21015_0_0.png
processing: 1532335_21016_0_0.png
  SKIPPING IMAGE: tot amount of vasculature (859.1367) < quality threshold 
processing: 1532335_21015_0_0.png
  SKIPPING IMAGE: tot amount of vasculature (8223.2509) < quality threshold 
processing: 1532295_21016_0_0.png
processing: 1532295_21015_0_0.png
processing: 1532268_21016_0_0.png
processing: 1532268_21015_0_0.png
processing: 1532176_21016_0_0.png
  SKIPPING IMAGE: tot amount of vasculature (6438.672) < quality threshold 
processing: 1532176_21015_0_0.png
  SKIPPING IMAGE: tot amount of vasculature (5513.2543) < quality threshold 
processing: 1532021_21016_0_0.png
processing: 1532021_21015_0_0.png
processing: 1531986_21016_1_0.png
  SKIPPING IMAGE: tot amount of vasculature (12.8567) < quality threshold 
processing: 1531986_21015_1_0.png
  SKIPPING IMAGE: tot amount of vasculature (3339.0344) < quality threshold 
processing: 1531927_21016_0_0.png
processing: 1531927_21015_0_0.png
processing: 1531912_21016_0_0.png
processing: 1531912_21015_0_0.png
  SKIPPING IMAGE: tot amount of vasculature (6350.0145) < quality threshold 
processing: 1531856_21016_0_0.png
  SKIPPING IMAGE: tot amount of vasculature (10984.9625) < quality threshold 
processing: 1531856_21015_0_0.png
processing: 1531791_21016_0_0.png
  SKIPPING IMAGE: tot amount of vasculature (9461.8757) < quality threshold 
processing: 1531791_21015_0_0.png
processing: 1531787_21016_0_0.png
processing: 1531787_21015_0_0.png
processing: 1531744_21016_0_0.png
  SKIPPING IMAGE: tot amount of vasculature (4038.9393) < quality threshold 
processing: 1531744_21015_0_0.png
  SKIPPING IMAGE: tot amount of vasculature (9927.0728) < quality threshold 
processing: 1531624_21016_0_0.png
  SKIPPING IMAGE: tot amount of vasculature (3028.7962) < quality threshold 
processing: 1531624_21015_0_0.png
  SKIPPING IMAGE: tot amount of vasculature (3476.4796) < quality threshold 
processing: 1531488_21016_1_0.png
processing: 1531488_21015_1_0.png
  SKIPPING IMAGE: tot amount of vasculature (8452.0684) < quality threshold 
processing: 1531431_21016_1_0.png
processing: 1531431_21015_1_0.png
processing: 1531359_21016_0_0.png
processing: 1531359_21015_0_0.png
processing: 1531254_21016_0_0.png
processing: 1531254_21015_0_0.png
processing: 1531235_21016_0_0.png
processing: 1531235_21015_0_0.png
processing: 1531196_21016_0_0.png
processing: 1531196_21015_0_0.png
processing: 1531083_21016_1_0.png
processing: 1531083_21015_1_0.png
processing: 1531076_21016_0_0.png
processing: 1531076_21015_0_0.png
processing: 1531052_21016_0_0.png
processing: 1531052_21015_0_0.png
processing: 1531034_21016_0_0.png
processing: 1531034_21015_0_0.png
processing: 1530957_21016_1_0.png
processing: 1530957_21015_1_0.png
processing: 1530810_21016_0_0.png
processing: 1530810_21015_0_0.png
processing: 1530663_21016_1_0.png
  SKIPPING IMAGE: tot amount of vasculature (1886.3152) < quality threshold 
processing: 1530663_21015_1_0.png
  SKIPPING IMAGE: tot amount of vasculature (3827.391) < quality threshold 
processing: 1530638_21016_0_0.png
processing: 1530638_21015_0_0.png
processing: 1530559_21016_1_0.png
processing: 1530559_21015_1_0.png
processing: 1530547_21016_0_0.png
processing: 1530547_21015_0_0.png
  SKIPPING IMAGE: tot amount of vasculature (10296.0601) < quality threshold 
processing: 1530470_21016_0_0.png
processing: 1530470_21015_0_0.png
processing: 1530339_21016_1_0.png
  SKIPPING IMAGE: tot amount of vasculature (7327.8112) < quality threshold 
processing: 1530339_21015_1_0.png
  SKIPPING IMAGE: tot amount of vasculature (4769.2013) < quality threshold 
processing: 1530321_21016_1_0.png
  SKIPPING IMAGE: tot amount of vasculature (10665.5826) < quality threshold 
processing: 1530321_21015_1_0.png
processing: 1530299_21016_0_0.png
processing: 1530299_21015_0_0.png
processing: 1530236_21016_0_0.png
processing: 1530236_21015_0_0.png
  SKIPPING IMAGE: tot amount of vasculature (7027.6462) < quality threshold 
processing: 1530198_21016_0_0.png
processing: 1530054_21016_0_0.png
  SKIPPING IMAGE: tot amount of vasculature (7134.3197) < quality threshold 
processing: 1530054_21015_0_0.png
  SKIPPING IMAGE: tot amount of vasculature (1794.3866) < quality threshold 
processing: 1529998_21016_0_0.png
processing: 1529998_21015_0_0.png
processing: 1529964_21016_0_0.png
processing: 1529964_21015_0_0.png
processing: 1529807_21016_1_0.png
  SKIPPING IMAGE: tot amount of vasculature (10374.9853) < quality threshold 
processing: 1529807_21015_1_0.png
processing: 1529791_21016_0_0.png
  SKIPPING IMAGE: tot amount of vasculature (6451.0477) < quality threshold 
processing: 1529791_21015_0_0.png
processing: 1529775_21016_1_0.png
processing: 1529775_21015_1_0.png
processing: 1529769_21016_0_0.png
  SKIPPING IMAGE: tot amount of vasculature (8204.1389) < quality threshold 
processing: 1529769_21015_0_0.png
  SKIPPING IMAGE: tot amount of vasculature (4377.5782) < quality threshold 
processing: 1529758_21016_1_0.png
processing: 1529758_21015_1_0.png
  SKIPPING IMAGE: tot amount of vasculature (10954.7067) < quality threshold 
processing: 1529672_21016_1_0.png
  SKIPPING IMAGE: tot amount of vasculature (3098.5286) < quality threshold 
processing: 1529672_21015_1_0.png
  SKIPPING IMAGE: tot amount of vasculature (4940.2079) < quality threshold 
processing: 1529667_21016_0_0.png
  SKIPPING IMAGE: tot amount of vasculature (6964.2682) < quality threshold 
processing: 1529667_21015_0_0.png
  SKIPPING IMAGE: tot amount of vasculature (6745.3103) < quality threshold 
processing: 1529648_21016_0_0.png
  SKIPPING IMAGE: tot amount of vasculature (9633.1388) < quality threshold 
processing: 1529648_21015_0_0.png
  SKIPPING IMAGE: tot amount of vasculature (8939.5699) < quality threshold 
processing: 1529636_21016_0_0.png
processing: 1529636_21015_0_0.png
processing: 1529488_21016_0_0.png
processing: 1529488_21015_0_1.png
  SKIPPING IMAGE: tot amount of vasculature (5005.3717) < quality threshold 
processing: 1529488_21015_0_0.png
  SKIPPING IMAGE: tot amount of vasculature (5535.4593) < quality threshold 
processing: 1529222_21016_0_0.png
  SKIPPING IMAGE: tot amount of vasculature (2689.4105) < quality threshold 
processing: 1529222_21015_0_0.png
  SKIPPING IMAGE: No vessels found
processing: 1529139_21016_0_0.png
processing: 1529139_21015_0_0.png
processing: 1529118_21016_0_0.png
  SKIPPING IMAGE: tot amount of vasculature (10152.9859) < quality threshold 
processing: 1529118_21015_0_0.png
  SKIPPING IMAGE: tot amount of vasculature (10522.8128) < quality threshold 
processing: 1529052_21016_0_0.png
processing: 1529052_21015_0_0.png
  SKIPPING IMAGE: tot amount of vasculature (10129.4438) < quality threshold 
processing: 1528868_21016_0_0.png
processing: 1528868_21015_0_0.png
processing: 1528708_21016_0_0.png
  SKIPPING IMAGE: tot amount of vasculature (5133.1631) < quality threshold 
processing: 1528708_21015_0_0.png
  SKIPPING IMAGE: tot amount of vasculature (4675.4386) < quality threshold 
processing: 1528696_21016_0_0.png
processing: 1528696_21015_0_0.png
  SKIPPING IMAGE: tot amount of vasculature (5131.3048) < quality threshold 
processing: 1528677_21016_0_0.png
  SKIPPING IMAGE: tot amount of vasculature (8183.3051) < quality threshold 
processing: 1528677_21015_0_0.png
processing: 1528411_21016_0_0.png
processing: 1528411_21015_0_0.png
processing: 1528342_21016_0_0.png
processing: 1528342_21015_0_0.png
processing: 1528273_21016_1_0.png
processing: 1528273_21015_1_0.png
processing: 1528249_21016_0_0.png
  SKIPPING IMAGE: tot amount of vasculature (8573.1923) < quality threshold 
processing: 1528249_21015_0_0.png
  SKIPPING IMAGE: tot amount of vasculature (6263.5851) < quality threshold 
processing: 1528092_21016_0_0.png
processing: 1528092_21015_0_0.png
processing: 1528088_21016_0_0.png
processing: 1528088_21015_0_0.png
processing: 1528057_21016_1_0.png
processing: 1528057_21015_1_0.png
  SKIPPING IMAGE: tot amount of vasculature (9414.4867) < quality threshold 
processing: 1528023_21016_0_0.png
processing: 1528023_21015_0_0.png
processing: 1527915_21016_1_0.png
processing: 1527915_21016_0_0.png
processing: 1527915_21015_1_0.png
processing: 1527915_21015_0_0.png
processing: 1527852_21016_1_0.png
processing: 1527852_21015_1_0.png
processing: 1527793_21016_0_0.png
processing: 1527793_21015_0_0.png
processing: 1527735_21016_0_0.png
processing: 1527735_21015_0_0.png
processing: 1527603_21016_0_0.png
processing: 1527603_21015_0_0.png
  SKIPPING IMAGE: tot amount of vasculature (4058.7183) < quality threshold 
processing: 1527585_21016_0_0.png
processing: 1527585_21015_0_0.png
  SKIPPING IMAGE: tot amount of vasculature (5086.3544) < quality threshold 
processing: 1527543_21016_0_0.png
processing: 1527543_21015_0_0.png
processing: 1527539_21016_0_0.png
processing: 1527539_21015_0_0.png
processing: 1527263_21016_0_0.png
  SKIPPING IMAGE: tot amount of vasculature (3815.2255) < quality threshold 
processing: 1527263_21015_0_0.png
  SKIPPING IMAGE: tot amount of vasculature (5615.727) < quality threshold 
processing: 1527256_21016_0_0.png
  SKIPPING IMAGE: tot amount of vasculature (4260.7475) < quality threshold 
processing: 1527256_21015_0_0.png
  SKIPPING IMAGE: tot amount of vasculature (7594.2743) < quality threshold 
processing: 1527179_21016_0_0.png
processing: 1527179_21015_0_0.png
processing: 1527106_21016_0_0.png
  SKIPPING IMAGE: tot amount of vasculature (6792.7915) < quality threshold 
processing: 1527106_21015_0_0.png
  SKIPPING IMAGE: tot amount of vasculature (10135.5941) < quality threshold 
processing: 1527099_21016_0_0.png
processing: 1527099_21015_0_0.png
  SKIPPING IMAGE: tot amount of vasculature (10438.85) < quality threshold 
processing: 1526928_21016_0_0.png
processing: 1526928_21015_0_0.png
processing: 1526866_21016_0_0.png
processing: 1526866_21015_0_0.png
processing: 1526853_21016_0_0.png
  SKIPPING IMAGE: tot amount of vasculature (8516.8585) < quality threshold 
processing: 1526853_21015_0_0.png
  SKIPPING IMAGE: tot amount of vasculature (9189.7719) < quality threshold 
processing: 1526815_21016_0_0.png
  SKIPPING IMAGE: tot amount of vasculature (7600.9732) < quality threshold 
processing: 1526815_21015_0_0.png
  SKIPPING IMAGE: tot amount of vasculature (9795.3122) < quality threshold 
processing: 1526757_21016_0_0.png
processing: 1526757_21015_0_0.png
processing: 1526706_21016_0_0.png
processing: 1526706_21015_0_0.png
processing: 1526668_21016_1_0.png
processing: 1526668_21015_1_0.png
  SKIPPING IMAGE: tot amount of vasculature (8633.5654) < quality threshold 
processing: 1526620_21016_0_0.png
processing: 1526620_21015_0_0.png
processing: 1526563_21016_0_0.png
processing: 1526563_21015_0_0.png
  SKIPPING IMAGE: tot amount of vasculature (9564.5554) < quality threshold 
processing: 1526542_21016_0_0.png
  SKIPPING IMAGE: tot amount of vasculature (4576.4715) < quality threshold 
processing: 1526542_21015_0_0.png
  SKIPPING IMAGE: tot amount of vasculature (3998.3478) < quality threshold 
processing: 1526458_21016_0_0.png
  SKIPPING IMAGE: tot amount of vasculature (9154.6259) < quality threshold 
processing: 1526458_21015_0_0.png
  SKIPPING IMAGE: tot amount of vasculature (249.8951) < quality threshold 
processing: 1526380_21016_0_0.png
  SKIPPING IMAGE: tot amount of vasculature (3513.804) < quality threshold 
processing: 1526380_21015_0_0.png
  SKIPPING IMAGE: tot amount of vasculature (4919.2508) < quality threshold 
processing: 1526372_21016_0_0.png
  SKIPPING IMAGE: tot amount of vasculature (8086.6239) < quality threshold 
processing: 1526372_21015_0_0.png
processing: 1526336_21016_0_0.png
processing: 1526336_21015_0_0.png
processing: 1526324_21016_1_0.png
processing: 1526324_21015_1_0.png
processing: 1526262_21016_0_0.png
processing: 1526262_21015_0_0.png
processing: 1526154_21016_0_0.png
processing: 1526154_21015_0_0.png
processing: 1526064_21016_1_0.png
processing: 1526064_21015_1_0.png
processing: 1526051_21016_0_0.png
  SKIPPING IMAGE: tot amount of vasculature (5643.4892) < quality threshold 
processing: 1526051_21015_0_0.png
processing: 1526005_21016_0_0.png
  SKIPPING IMAGE: tot amount of vasculature (3843.5787) < quality threshold 
processing: 1526005_21015_0_0.png
  SKIPPING IMAGE: tot amount of vasculature (7665.8948) < quality threshold 
processing: 1525991_21016_0_0.png
processing: 1525991_21015_0_0.png
processing: 1525969_21016_0_0.png
processing: 1525969_21015_0_0.png
processing: 1525958_21016_0_0.png
processing: 1525958_21015_0_0.png
processing: 1525786_21016_1_0.png
  SKIPPING IMAGE: No vessels found
processing: 1525786_21015_1_0.png
  SKIPPING IMAGE: tot amount of vasculature (5515.8737) < quality threshold 
processing: 1525730_21016_1_0.png
  SKIPPING IMAGE: tot amount of vasculature (212.9609) < quality threshold 
processing: 1525730_21015_1_0.png
  SKIPPING IMAGE: tot amount of vasculature (197.597) < quality threshold 
processing: 1525670_21016_0_0.png
processing: 1525670_21015_0_0.png
  SKIPPING IMAGE: tot amount of vasculature (752.9158) < quality threshold 
processing: 1525629_21016_0_0.png
processing: 1525629_21015_0_0.png
  SKIPPING IMAGE: tot amount of vasculature (10972.0452) < quality threshold 
processing: 1525555_21016_0_0.png
processing: 1525555_21015_0_0.png
  SKIPPING IMAGE: tot amount of vasculature (9618.7499) < quality threshold 
processing: 1525536_21016_0_0.png
processing: 1525536_21015_0_0.png
processing: 1525456_21016_0_0.png
processing: 1525456_21015_0_0.png
  SKIPPING IMAGE: tot amount of vasculature (9890.8339) < quality threshold 
processing: 1525361_21016_0_0.png
processing: 1525361_21015_0_0.png
processing: 1525335_21016_0_0.png
processing: 1525335_21015_0_0.png
  SKIPPING IMAGE: tot amount of vasculature (5626.6085) < quality threshold 
processing: 1525300_21016_1_0.png
processing: 1525300_21015_1_0.png
processing: 1525295_21016_0_0.png
  SKIPPING IMAGE: tot amount of vasculature (6754.3287) < quality threshold 
processing: 1525295_21015_0_0.png
processing: 1525176_21016_0_0.png
  SKIPPING IMAGE: tot amount of vasculature (10382.1256) < quality threshold 
processing: 1525176_21015_0_0.png
processing: 1525152_21016_0_0.png
processing: 1525152_21015_0_0.png
processing: 1525077_21016_0_0.png
processing: 1525077_21015_0_0.png
processing: 1525050_21016_0_0.png
processing: 1525050_21015_0_0.png
processing: 1525021_21016_0_0.png
processing: 1525021_21015_0_0.png
processing: 1525018_21016_1_0.png
  SKIPPING IMAGE: tot amount of vasculature (8684.5448) < quality threshold 
processing: 1525018_21015_1_0.png
processing: 1524974_21016_0_0.png
processing: 1524942_21016_0_0.png
processing: 1524942_21015_0_0.png
  SKIPPING IMAGE: tot amount of vasculature (10759.1091) < quality threshold 
processing: 1524938_21016_0_0.png
  SKIPPING IMAGE: tot amount of vasculature (9830.2425) < quality threshold 
processing: 1524938_21015_0_0.png
  SKIPPING IMAGE: tot amount of vasculature (9167.9598) < quality threshold 
processing: 1524721_21016_0_0.png
processing: 1524721_21015_0_0.png
processing: 1524692_21016_0_0.png
processing: 1524692_21015_0_0.png
processing: 1524665_21016_0_0.png
processing: 1524665_21015_0_0.png
processing: 1524657_21016_0_0.png
  SKIPPING IMAGE: tot amount of vasculature (13.5627) < quality threshold 
processing: 1524657_21015_0_0.png
  SKIPPING IMAGE: tot amount of vasculature (5225.3764) < quality threshold 
processing: 1524606_21016_1_0.png
processing: 1524606_21015_1_0.png
processing: 1524546_21016_1_0.png
processing: 1524546_21015_1_0.png
processing: 1524467_21016_1_0.png
  SKIPPING IMAGE: tot amount of vasculature (8043.034) < quality threshold 
processing: 1524467_21015_1_0.png
processing: 1524328_21016_1_0.png
  SKIPPING IMAGE: tot amount of vasculature (4169.5286) < quality threshold 
processing: 1524328_21015_1_0.png
  SKIPPING IMAGE: tot amount of vasculature (2362.5233) < quality threshold 
processing: 1524311_21016_0_0.png
  SKIPPING IMAGE: tot amount of vasculature (1781.38) < quality threshold 
processing: 1524311_21015_0_0.png
  SKIPPING IMAGE: tot amount of vasculature (7382.7011) < quality threshold 
processing: 1524309_21016_0_0.png
processing: 1524309_21015_0_0.png
  SKIPPING IMAGE: tot amount of vasculature (7884.1821) < quality threshold 
processing: 1524241_21015_0_0.png
  SKIPPING IMAGE: tot amount of vasculature (8685.2324) < quality threshold 
processing: 1524237_21016_1_0.png
  SKIPPING IMAGE: tot amount of vasculature (8659.766) < quality threshold 
processing: 1524237_21015_1_0.png
processing: 1524175_21016_1_0.png
  SKIPPING IMAGE: tot amount of vasculature (8069.4161) < quality threshold 
processing: 1524175_21015_1_0.png
  SKIPPING IMAGE: tot amount of vasculature (9998.1749) < quality threshold 
processing: 1524132_21016_0_0.png
processing: 1524132_21015_0_0.png
  SKIPPING IMAGE: tot amount of vasculature (8795.8212) < quality threshold 
processing: 1524059_21016_0_0.png
processing: 1524059_21015_0_0.png
processing: 1523965_21016_0_0.png
processing: 1523965_21015_0_0.png
processing: 1523783_21016_1_0.png
  SKIPPING IMAGE: tot amount of vasculature (4116.6253) < quality threshold 
processing: 1523783_21016_0_0.png
  SKIPPING IMAGE: tot amount of vasculature (7306.8022) < quality threshold 
processing: 1523783_21015_1_0.png
  SKIPPING IMAGE: tot amount of vasculature (3399.7878) < quality threshold 
processing: 1523783_21015_0_0.png
  SKIPPING IMAGE: tot amount of vasculature (1283.7203) < quality threshold 
processing: 1523709_21016_0_0.png
FINISHED: .mat files have been written to: /data/FAC/FBM/DBC/sbergman/retina/UKBiob/fundus/REVIEW//CLRIS/
execution time: 2620 sec
