------------------------------------------
Setting up environment variables
---
LD_LIBRARY_PATH is .:/software/Development/Languages/Matlab_Compiler_Runtime/96/runtime/glnxa64:/software/Development/Languages/Matlab_Compiler_Runtime/96/bin/glnxa64:/software/Development/Languages/Matlab_Compiler_Runtime/96/sys/os/glnxa64:/software/Development/Languages/Matlab_Compiler_Runtime/96/sys/opengl/lib/glnxa64
Running vessel measurements...
processing: 3798744_21015_0_0.png
processing: 3798613_21016_0_0.png
processing: 3798613_21015_0_0.png
processing: 3798601_21016_0_0.png
  SKIPPING IMAGE: tot amount of vasculature (5934.7067) < quality threshold 
processing: 3798601_21015_0_0.png
  SKIPPING IMAGE: tot amount of vasculature (7151.6746) < quality threshold 
processing: 3798566_21016_1_0.png
  SKIPPING IMAGE: tot amount of vasculature (10416.2397) < quality threshold 
processing: 3798566_21015_1_0.png
  SKIPPING IMAGE: tot amount of vasculature (10736.7642) < quality threshold 
processing: 3798553_21016_1_0.png
  SKIPPING IMAGE: tot amount of vasculature (15.9349) < quality threshold 
processing: 3798553_21015_1_0.png
  SKIPPING IMAGE: tot amount of vasculature (704.8206) < quality threshold 
processing: 3798515_21016_1_0.png
processing: 3798515_21015_1_0.png
processing: 3798406_21016_1_0.png
  SKIPPING IMAGE: tot amount of vasculature (10506.9739) < quality threshold 
processing: 3798406_21016_0_0.png
  SKIPPING IMAGE: tot amount of vasculature (7426.6643) < quality threshold 
processing: 3798406_21015_1_0.png
processing: 3798406_21015_0_0.png
processing: 3798347_21016_1_0.png
processing: 3798347_21015_1_0.png
processing: 3798316_21016_1_0.png
  SKIPPING IMAGE: tot amount of vasculature (6384.5595) < quality threshold 
processing: 3798316_21015_1_0.png
  SKIPPING IMAGE: tot amount of vasculature (7707.0001) < quality threshold 
processing: 3798302_21016_0_0.png
processing: 3798302_21015_0_0.png
processing: 3798293_21016_0_1.png
processing: 3798293_21016_0_0.png
  SKIPPING IMAGE: tot amount of vasculature (8467.8219) < quality threshold 
processing: 3798293_21015_0_1.png
processing: 3798293_21015_0_0.png
  SKIPPING IMAGE: tot amount of vasculature (10768.4687) < quality threshold 
processing: 3798289_21016_0_0.png
processing: 3798289_21015_0_0.png
processing: 3798143_21016_0_0.png
  SKIPPING IMAGE: tot amount of vasculature (9047.3932) < quality threshold 
processing: 3798143_21015_0_0.png
  SKIPPING IMAGE: tot amount of vasculature (7606.9928) < quality threshold 
processing: 3798097_21016_0_0.png
processing: 3798097_21015_0_0.png
  SKIPPING IMAGE: tot amount of vasculature (2628.8198) < quality threshold 
processing: 3798045_21016_0_0.png
processing: 3798045_21015_0_0.png
processing: 3798009_21016_0_0.png
processing: 3798009_21015_0_0.png
processing: 3797926_21016_1_0.png
processing: 3797926_21016_0_0.png
processing: 3797926_21015_1_0.png
processing: 3797926_21015_0_0.png
processing: 3797865_21016_1_0.png
processing: 3797865_21016_0_0.png
processing: 3797865_21015_1_0.png
processing: 3797865_21015_0_0.png
processing: 3797730_21016_0_0.png
processing: 3797730_21015_0_0.png
processing: 3797727_21016_0_0.png
processing: 3797727_21015_0_0.png
  SKIPPING IMAGE: tot amount of vasculature (7999.4209) < quality threshold 
processing: 3797666_21016_0_0.png
processing: 3797666_21015_0_0.png
  SKIPPING IMAGE: tot amount of vasculature (10554.3835) < quality threshold 
processing: 3797653_21016_0_0.png
processing: 3797653_21015_0_0.png
processing: 3797580_21016_0_0.png
processing: 3797580_21015_0_0.png
processing: 3797567_21016_0_0.png
processing: 3797567_21015_0_0.png
processing: 3797463_21016_1_0.png
  SKIPPING IMAGE: tot amount of vasculature (4507.4792) < quality threshold 
processing: 3797463_21015_1_0.png
  SKIPPING IMAGE: tot amount of vasculature (6728.1283) < quality threshold 
processing: 3797425_21016_0_0.png
processing: 3797425_21015_0_0.png
  SKIPPING IMAGE: tot amount of vasculature (8017.521) < quality threshold 
processing: 3797419_21016_0_0.png
processing: 3797419_21015_0_0.png
processing: 3797361_21016_0_0.png
processing: 3797361_21015_0_0.png
processing: 3797354_21016_0_0.png
  SKIPPING IMAGE: tot amount of vasculature (2506.4249) < quality threshold 
processing: 3797354_21015_0_0.png
  SKIPPING IMAGE: tot amount of vasculature (6780.0953) < quality threshold 
processing: 3797335_21016_0_0.png
processing: 3797335_21015_0_0.png
processing: 3797300_21016_0_0.png
processing: 3797300_21015_0_0.png
processing: 3797268_21016_1_0.png
processing: 3797268_21015_1_0.png
processing: 3797134_21016_1_0.png
processing: 3797134_21016_0_0.png
processing: 3797134_21015_1_0.png
processing: 3797134_21015_0_0.png
processing: 3797096_21016_0_0.png
processing: 3797096_21015_0_0.png
processing: 3797050_21016_1_0.png
processing: 3797050_21015_1_0.png
processing: 3796988_21016_1_0.png
  SKIPPING IMAGE: tot amount of vasculature (2259.6746) < quality threshold 
processing: 3796988_21015_1_0.png
processing: 3796957_21016_0_0.png
  SKIPPING IMAGE: tot amount of vasculature (8368.7364) < quality threshold 
processing: 3796957_21015_0_0.png
  SKIPPING IMAGE: tot amount of vasculature (8625.6645) < quality threshold 
processing: 3796906_21016_0_0.png
processing: 3796906_21015_0_0.png
  SKIPPING IMAGE: tot amount of vasculature (8279.1493) < quality threshold 
processing: 3796797_21016_0_0.png
processing: 3796797_21015_0_0.png
processing: 3796674_21016_0_0.png
processing: 3796674_21015_0_0.png
processing: 3796408_21016_0_0.png
processing: 3796408_21015_0_0.png
processing: 3796362_21016_0_0.png
processing: 3796362_21015_0_0.png
processing: 3796255_21016_0_0.png
processing: 3796255_21015_0_0.png
processing: 3796164_21016_1_0.png
  SKIPPING IMAGE: tot amount of vasculature (10596.3237) < quality threshold 
processing: 3796164_21015_1_0.png
  SKIPPING IMAGE: tot amount of vasculature (9549.6642) < quality threshold 
processing: 3796149_21016_0_0.png
processing: 3796149_21015_0_0.png
processing: 3796046_21016_1_0.png
processing: 3796017_21016_1_0.png
  SKIPPING IMAGE: tot amount of vasculature (10050.3697) < quality threshold 
processing: 3796017_21015_1_0.png
  SKIPPING IMAGE: tot amount of vasculature (147.4614) < quality threshold 
processing: 3796000_21016_0_0.png
processing: 3796000_21015_0_0.png
processing: 3795994_21016_0_0.png
processing: 3795994_21015_0_0.png
processing: 3795897_21016_0_0.png
processing: 3795897_21015_0_0.png
processing: 3795828_21016_0_0.png
processing: 3795828_21015_0_0.png
processing: 3795809_21016_1_0.png
  SKIPPING IMAGE: tot amount of vasculature (8359.0049) < quality threshold 
processing: 3795809_21015_1_0.png
