------------------------------------------
Setting up environment variables
---
LD_LIBRARY_PATH is .:/software/Development/Languages/Matlab_Compiler_Runtime/96/runtime/glnxa64:/software/Development/Languages/Matlab_Compiler_Runtime/96/bin/glnxa64:/software/Development/Languages/Matlab_Compiler_Runtime/96/sys/os/glnxa64:/software/Development/Languages/Matlab_Compiler_Runtime/96/sys/opengl/lib/glnxa64
Running vessel measurements...
processing: 1204520_21015_0_0.png
  SKIPPING IMAGE: tot amount of vasculature (5496.0012) < quality threshold 
processing: 1204516_21016_0_0.png
processing: 1204516_21015_0_0.png
processing: 1204441_21016_1_0.png
  SKIPPING IMAGE: tot amount of vasculature (9493.9494) < quality threshold 
processing: 1204441_21015_1_0.png
processing: 1204437_21016_1_0.png
processing: 1204437_21016_0_0.png
processing: 1204437_21015_1_0.png
processing: 1204437_21015_0_0.png
processing: 1204396_21016_1_0.png
  SKIPPING IMAGE: tot amount of vasculature (3907.2495) < quality threshold 
processing: 1204396_21015_1_0.png
  SKIPPING IMAGE: tot amount of vasculature (7449.2722) < quality threshold 
processing: 1204362_21016_0_0.png
processing: 1204362_21015_0_0.png
processing: 1204321_21016_0_0.png
processing: 1204321_21015_0_0.png
  SKIPPING IMAGE: tot amount of vasculature (10378.8506) < quality threshold 
processing: 1204000_21016_0_0.png
processing: 1204000_21015_0_0.png
processing: 1203956_21016_0_0.png
  SKIPPING IMAGE: tot amount of vasculature (10434.6688) < quality threshold 
processing: 1203956_21015_0_0.png
  SKIPPING IMAGE: tot amount of vasculature (10737.1474) < quality threshold 
processing: 1203942_21016_0_0.png
processing: 1203942_21015_0_0.png
processing: 1203938_21016_0_0.png
processing: 1203938_21015_0_0.png
processing: 1203925_21016_0_0.png
processing: 1203925_21015_0_0.png
processing: 1203919_21016_0_0.png
processing: 1203919_21015_0_0.png
processing: 1203907_21016_0_0.png
processing: 1203907_21015_0_0.png
processing: 1203886_21016_0_0.png
processing: 1203886_21015_0_0.png
processing: 1203864_21016_0_0.png
  SKIPPING IMAGE: tot amount of vasculature (3717.9366) < quality threshold 
processing: 1203864_21015_0_0.png
  SKIPPING IMAGE: tot amount of vasculature (9320.8323) < quality threshold 
processing: 1203830_21016_1_0.png
  SKIPPING IMAGE: tot amount of vasculature (5773.8964) < quality threshold 
processing: 1203830_21015_1_0.png
  SKIPPING IMAGE: tot amount of vasculature (6617.7521) < quality threshold 
processing: 1203777_21016_0_0.png
processing: 1203777_21015_0_0.png
processing: 1203762_21016_0_0.png
processing: 1203762_21015_0_0.png
processing: 1203401_21016_0_0.png
  SKIPPING IMAGE: tot amount of vasculature (10325.896) < quality threshold 
processing: 1203401_21015_0_0.png
  SKIPPING IMAGE: tot amount of vasculature (3881.4425) < quality threshold 
processing: 1203334_21016_1_0.png
processing: 1203334_21016_0_0.png
processing: 1203334_21015_1_0.png
processing: 1203334_21015_0_0.png
processing: 1203294_21016_1_0.png
  SKIPPING IMAGE: tot amount of vasculature (6720.0214) < quality threshold 
processing: 1203294_21015_1_0.png
  SKIPPING IMAGE: tot amount of vasculature (9151.5242) < quality threshold 
processing: 1203266_21016_0_0.png
processing: 1203266_21015_0_0.png
processing: 1202953_21016_0_0.png
processing: 1202953_21015_0_0.png
processing: 1202883_21016_0_0.png
processing: 1202883_21015_0_0.png
processing: 1202876_21016_0_0.png
processing: 1202876_21015_0_0.png
  SKIPPING IMAGE: tot amount of vasculature (7240.0053) < quality threshold 
processing: 1202834_21016_0_0.png
processing: 1202834_21015_0_0.png
processing: 1202793_21016_0_0.png
processing: 1202793_21015_0_0.png
processing: 1202761_21016_1_0.png
  SKIPPING IMAGE: tot amount of vasculature (7433.0164) < quality threshold 
processing: 1202761_21015_1_0.png
  SKIPPING IMAGE: tot amount of vasculature (186.7467) < quality threshold 
processing: 1202735_21016_1_0.png
  SKIPPING IMAGE: No vessels found
processing: 1202735_21015_1_0.png
  SKIPPING IMAGE: tot amount of vasculature (5971.2859) < quality threshold 
processing: 1202687_21016_0_0.png
processing: 1202687_21015_0_0.png
processing: 1202669_21016_0_0.png
processing: 1202669_21015_0_0.png
processing: 1202543_21016_0_1.png
  SKIPPING IMAGE: No vessels found
processing: 1202543_21016_0_0.png
  SKIPPING IMAGE: tot amount of vasculature (169.3899) < quality threshold 
processing: 1202543_21015_0_0.png
  SKIPPING IMAGE: tot amount of vasculature (455.0978) < quality threshold 
processing: 1202495_21016_0_0.png
processing: 1202495_21015_0_0.png
processing: 1202471_21016_0_0.png
processing: 1202471_21015_0_0.png
processing: 1202327_21016_0_0.png
processing: 1202327_21015_0_0.png
processing: 1202263_21016_1_0.png
processing: 1202263_21015_1_0.png
  SKIPPING IMAGE: tot amount of vasculature (287.9439) < quality threshold 
processing: 1202067_21016_1_0.png
processing: 1202067_21016_0_0.png
processing: 1202067_21015_1_0.png
processing: 1202067_21015_0_0.png
processing: 1202024_21016_1_0.png
  SKIPPING IMAGE: tot amount of vasculature (2839.6317) < quality threshold 
processing: 1202024_21015_1_0.png
processing: 1202001_21016_0_0.png
processing: 1202001_21015_0_0.png
processing: 1201961_21016_0_0.png
processing: 1201961_21015_0_0.png
processing: 1201946_21016_0_0.png
processing: 1201946_21015_0_0.png
processing: 1201766_21016_0_0.png
  SKIPPING IMAGE: tot amount of vasculature (5380.3286) < quality threshold 
processing: 1201766_21015_0_0.png
processing: 1201729_21016_0_0.png
processing: 1201729_21015_0_0.png
processing: 1201544_21016_0_0.png
processing: 1201544_21015_0_0.png
processing: 1201497_21016_0_0.png
processing: 1201497_21015_0_0.png
processing: 1201476_21016_0_0.png
processing: 1201476_21015_0_1.png
processing: 1201476_21015_0_0.png
processing: 1201363_21016_0_0.png
processing: 1201363_21015_0_0.png
processing: 1201319_21016_0_0.png
processing: 1201319_21015_0_0.png
processing: 1201286_21016_0_0.png
processing: 1201286_21015_0_0.png
processing: 1201212_21016_0_0.png
  SKIPPING IMAGE: tot amount of vasculature (2207.8934) < quality threshold 
processing: 1201212_21015_0_0.png
  SKIPPING IMAGE: tot amount of vasculature (10340.4947) < quality threshold 
processing: 1201167_21016_1_0.png
processing: 1201167_21015_1_0.png
processing: 1201136_21016_0_0.png
processing: 1201136_21015_0_0.png
  SKIPPING IMAGE: tot amount of vasculature (10539.0092) < quality threshold 
processing: 1201124_21016_0_0.png
processing: 1201124_21015_0_0.png
processing: 1201088_21016_0_0.png
processing: 1201088_21015_0_0.png
processing: 1201065_21016_0_0.png
processing: 1201065_21015_0_0.png
processing: 1201006_21016_0_0.png
processing: 1201006_21015_0_0.png
processing: 1200997_21016_0_0.png
processing: 1200997_21015_0_0.png
processing: 1200909_21016_0_0.png
processing: 1200909_21015_0_0.png
processing: 1200870_21016_1_0.png
  SKIPPING IMAGE: tot amount of vasculature (8520.3358) < quality threshold 
processing: 1200870_21015_1_0.png
  SKIPPING IMAGE: tot amount of vasculature (7845.9451) < quality threshold 
processing: 1200808_21016_0_0.png
processing: 1200808_21015_0_1.png
  SKIPPING IMAGE: tot amount of vasculature (2717.4067) < quality threshold 
processing: 1200808_21015_0_0.png
  SKIPPING IMAGE: tot amount of vasculature (215.9185) < quality threshold 
processing: 1200740_21016_0_0.png
processing: 1200740_21015_0_0.png
processing: 1200731_21016_1_0.png
  SKIPPING IMAGE: tot amount of vasculature (2939.893) < quality threshold 
processing: 1200731_21016_0_0.png
  SKIPPING IMAGE: tot amount of vasculature (33.9991) < quality threshold 
processing: 1200731_21015_1_0.png
  SKIPPING IMAGE: tot amount of vasculature (2760.2216) < quality threshold 
processing: 1200731_21015_0_0.png
  SKIPPING IMAGE: tot amount of vasculature (7657.6196) < quality threshold 
processing: 1200556_21016_0_0.png
processing: 1200556_21015_0_0.png
  SKIPPING IMAGE: tot amount of vasculature (6716.9462) < quality threshold 
processing: 1200519_21016_0_0.png
processing: 1200519_21015_0_0.png
  SKIPPING IMAGE: tot amount of vasculature (10589.0955) < quality threshold 
processing: 1200458_21016_0_0.png
processing: 1200458_21015_0_0.png
processing: 1200380_21016_0_0.png
  SKIPPING IMAGE: tot amount of vasculature (5026.1508) < quality threshold 
processing: 1200380_21015_0_0.png
  SKIPPING IMAGE: tot amount of vasculature (8762.7381) < quality threshold 
processing: 1200367_21016_0_0.png
processing: 1200367_21015_0_0.png
processing: 1200239_21016_0_0.png
processing: 1200239_21015_0_0.png
processing: 1200154_21016_0_0.png
processing: 1200154_21015_0_0.png
  SKIPPING IMAGE: tot amount of vasculature (7815.0516) < quality threshold 
processing: 1200064_21016_0_0.png
processing: 1200064_21015_0_0.png
processing: 1200049_21016_0_0.png
processing: 1200049_21015_0_0.png
processing: 1200030_21016_0_0.png
processing: 1200030_21015_0_0.png
processing: 1200005_21016_1_0.png
processing: 1200005_21015_1_0.png
processing: 1199912_21016_0_0.png
processing: 1199912_21015_0_0.png
processing: 1199905_21016_0_0.png
  SKIPPING IMAGE: tot amount of vasculature (10985.2637) < quality threshold 
processing: 1199905_21015_0_0.png
processing: 1199874_21016_0_0.png
  SKIPPING IMAGE: tot amount of vasculature (3027.4105) < quality threshold 
processing: 1199791_21016_0_0.png
  SKIPPING IMAGE: tot amount of vasculature (7501.4294) < quality threshold 
processing: 1199791_21015_0_0.png
processing: 1199775_21016_0_0.png
processing: 1199775_21015_0_0.png
processing: 1199744_21016_0_0.png
  SKIPPING IMAGE: tot amount of vasculature (10854.3629) < quality threshold 
processing: 1199744_21015_0_0.png
processing: 1199680_21016_0_0.png
processing: 1199680_21015_0_0.png
processing: 1199541_21016_0_1.png
  SKIPPING IMAGE: tot amount of vasculature (10490.7195) < quality threshold 
processing: 1199541_21016_0_0.png
processing: 1199541_21015_0_1.png
  SKIPPING IMAGE: tot amount of vasculature (10180.256) < quality threshold 
processing: 1199541_21015_0_0.png
  SKIPPING IMAGE: tot amount of vasculature (1510.5069) < quality threshold 
processing: 1199302_21016_0_0.png
processing: 1199302_21015_0_0.png
  SKIPPING IMAGE: tot amount of vasculature (10340.8522) < quality threshold 
processing: 1199293_21016_0_0.png
processing: 1199293_21015_0_0.png
processing: 1199139_21016_0_0.png
  SKIPPING IMAGE: tot amount of vasculature (9560.195) < quality threshold 
processing: 1199139_21015_0_0.png
  SKIPPING IMAGE: tot amount of vasculature (6822.2709) < quality threshold 
processing: 1198989_21016_1_0.png
  SKIPPING IMAGE: tot amount of vasculature (5605.9405) < quality threshold 
processing: 1198989_21015_1_0.png
  SKIPPING IMAGE: tot amount of vasculature (8265.5537) < quality threshold 
processing: 1198737_21016_0_0.png
processing: 1198737_21015_0_0.png
processing: 1198650_21016_1_0.png
processing: 1198650_21015_1_0.png
processing: 1198639_21016_1_0.png
  SKIPPING IMAGE: tot amount of vasculature (7070.376) < quality threshold 
processing: 1198639_21015_1_0.png
processing: 1198532_21016_0_0.png
processing: 1198532_21015_0_0.png
  SKIPPING IMAGE: tot amount of vasculature (10063.2825) < quality threshold 
processing: 1198526_21016_0_0.png
processing: 1198526_21015_0_0.png
processing: 1198503_21016_0_0.png
processing: 1198503_21015_0_0.png
processing: 1198497_21016_0_0.png
processing: 1198497_21015_0_0.png
processing: 1198452_21016_0_0.png
  SKIPPING IMAGE: tot amount of vasculature (10814.7271) < quality threshold 
processing: 1198452_21015_0_0.png
processing: 1198342_21016_0_0.png
processing: 1198342_21015_0_0.png
processing: 1198273_21016_0_0.png
  SKIPPING IMAGE: tot amount of vasculature (2823.4552) < quality threshold 
processing: 1198273_21015_0_0.png
  SKIPPING IMAGE: tot amount of vasculature (8279.0353) < quality threshold 
processing: 1198264_21016_0_0.png
processing: 1198264_21015_0_0.png
processing: 1198092_21016_0_0.png
processing: 1198092_21015_0_0.png
processing: 1197915_21016_0_0.png
processing: 1197915_21015_0_0.png
processing: 1197754_21016_1_0.png
  SKIPPING IMAGE: tot amount of vasculature (5296.6779) < quality threshold 
processing: 1197754_21015_1_0.png
  SKIPPING IMAGE: tot amount of vasculature (525.2794) < quality threshold 
processing: 1197700_21016_0_0.png
processing: 1197700_21015_0_0.png
processing: 1197603_21016_0_0.png
processing: 1197603_21015_0_0.png
processing: 1197550_21016_1_0.png
  SKIPPING IMAGE: tot amount of vasculature (345.6961) < quality threshold 
processing: 1197550_21015_1_0.png
  SKIPPING IMAGE: tot amount of vasculature (1406.8874) < quality threshold 
processing: 1197471_21016_1_0.png
processing: 1197471_21015_1_0.png
  SKIPPING IMAGE: tot amount of vasculature (10618.4966) < quality threshold 
processing: 1197447_21016_0_0.png
processing: 1197447_21015_0_0.png
processing: 1197327_21016_0_0.png
  SKIPPING IMAGE: tot amount of vasculature (395.1892) < quality threshold 
processing: 1197327_21015_0_0.png
  SKIPPING IMAGE: tot amount of vasculature (3716.3899) < quality threshold 
processing: 1197312_21016_0_0.png
processing: 1197312_21015_0_0.png
processing: 1197305_21016_0_0.png
processing: 1197305_21015_0_0.png
processing: 1197274_21016_0_0.png
  SKIPPING IMAGE: tot amount of vasculature (8242.484) < quality threshold 
processing: 1197274_21015_0_0.png
  SKIPPING IMAGE: tot amount of vasculature (1121.8562) < quality threshold 
processing: 1197238_21016_0_0.png
  SKIPPING IMAGE: tot amount of vasculature (4594.2577) < quality threshold 
processing: 1197238_21015_0_0.png
  SKIPPING IMAGE: tot amount of vasculature (10990.0821) < quality threshold 
processing: 1197188_21016_0_0.png
processing: 1197188_21015_0_0.png
processing: 1197099_21016_0_0.png
processing: 1197099_21015_0_0.png
processing: 1196997_21016_0_0.png
  SKIPPING IMAGE: tot amount of vasculature (8279.6462) < quality threshold 
processing: 1196997_21015_0_0.png
processing: 1196909_21016_0_0.png
processing: 1196909_21015_0_0.png
  SKIPPING IMAGE: tot amount of vasculature (10801.1216) < quality threshold 
processing: 1196894_21016_0_0.png
processing: 1196894_21015_0_0.png
processing: 1196695_21016_0_0.png
processing: 1196581_21016_0_0.png
  SKIPPING IMAGE: tot amount of vasculature (8215.4566) < quality threshold 
processing: 1196581_21015_0_0.png
  SKIPPING IMAGE: tot amount of vasculature (9276.7349) < quality threshold 
processing: 1196432_21016_1_0.png
processing: 1196432_21015_1_0.png
  SKIPPING IMAGE: tot amount of vasculature (10235.0705) < quality threshold 
processing: 1196380_21016_0_0.png
processing: 1196380_21015_0_0.png
processing: 1196367_21016_0_0.png
processing: 1196367_21015_0_0.png
processing: 1196324_21016_0_0.png
processing: 1196324_21015_0_0.png
processing: 1196250_21016_0_0.png
processing: 1196250_21015_0_0.png
processing: 1196221_21016_0_0.png
  SKIPPING IMAGE: tot amount of vasculature (2974.8284) < quality threshold 
processing: 1196221_21015_0_0.png
  SKIPPING IMAGE: tot amount of vasculature (7006.6763) < quality threshold 
processing: 1196122_21016_1_0.png
processing: 1196122_21015_1_0.png
processing: 1196117_21016_0_0.png
processing: 1196117_21015_0_0.png
  SKIPPING IMAGE: tot amount of vasculature (8246.7282) < quality threshold 
processing: 1196073_21016_1_0.png
processing: 1196073_21016_0_0.png
processing: 1196073_21015_1_0.png
processing: 1196073_21015_0_0.png
  SKIPPING IMAGE: tot amount of vasculature (9706.5534) < quality threshold 
processing: 1196051_21016_0_0.png
  SKIPPING IMAGE: tot amount of vasculature (8734.3078) < quality threshold 
processing: 1196051_21015_0_0.png
processing: 1196005_21016_0_0.png
processing: 1196005_21015_0_0.png
processing: 1195987_21016_0_0.png
processing: 1195987_21015_0_0.png
processing: 1195831_21016_0_0.png
processing: 1195831_21015_0_0.png
processing: 1195773_21016_1_0.png
  SKIPPING IMAGE: tot amount of vasculature (1.1085) < quality threshold 
processing: 1195773_21015_1_0.png
  SKIPPING IMAGE: tot amount of vasculature (4215.745) < quality threshold 
processing: 1195727_21016_0_0.png
  SKIPPING IMAGE: tot amount of vasculature (2239.853) < quality threshold 
processing: 1195727_21015_0_0.png
  SKIPPING IMAGE: tot amount of vasculature (1150.909) < quality threshold 
processing: 1195666_21016_0_0.png
processing: 1195666_21015_0_0.png
processing: 1195629_21016_0_0.png
processing: 1195629_21015_0_0.png
processing: 1195572_21016_0_0.png
processing: 1195572_21015_0_0.png
processing: 1195501_21016_0_0.png
processing: 1195501_21015_0_0.png
processing: 1195490_21016_0_0.png
processing: 1195490_21015_0_0.png
processing: 1195378_21016_0_0.png
processing: 1195378_21015_0_0.png
processing: 1195361_21016_0_1.png
  SKIPPING IMAGE: tot amount of vasculature (10772.4164) < quality threshold 
processing: 1195361_21016_0_0.png
  SKIPPING IMAGE: tot amount of vasculature (8635.3658) < quality threshold 
processing: 1195361_21015_0_1.png
  SKIPPING IMAGE: tot amount of vasculature (9260.9814) < quality threshold 
processing: 1195361_21015_0_0.png
  SKIPPING IMAGE: tot amount of vasculature (715.5357) < quality threshold 
processing: 1195354_21016_1_0.png
processing: 1195354_21015_1_0.png
processing: 1195346_21016_0_0.png
processing: 1195346_21015_0_0.png
processing: 1195300_21016_0_0.png
  SKIPPING IMAGE: tot amount of vasculature (4082.9278) < quality threshold 
processing: 1195300_21015_0_0.png
  SKIPPING IMAGE: tot amount of vasculature (4467.8255) < quality threshold 
processing: 1195233_21016_1_0.png
processing: 1195233_21016_0_0.png
FINISHED: .mat files have been written to: /data/FAC/FBM/DBC/sbergman/retina/UKBiob/fundus/REVIEW//CLRIS/
execution time: 2129 sec
