------------------------------------------
Setting up environment variables
---
LD_LIBRARY_PATH is .:/software/Development/Languages/Matlab_Compiler_Runtime/96/runtime/glnxa64:/software/Development/Languages/Matlab_Compiler_Runtime/96/bin/glnxa64:/software/Development/Languages/Matlab_Compiler_Runtime/96/sys/os/glnxa64:/software/Development/Languages/Matlab_Compiler_Runtime/96/sys/opengl/lib/glnxa64
Running vessel measurements...
processing: 5470131_21015_0_0.png
processing: 5470106_21016_1_0.png
processing: 5470106_21016_0_0.png
processing: 5470106_21015_1_0.png
processing: 5470106_21015_0_0.png
processing: 5469974_21016_0_0.png
processing: 5469974_21015_0_0.png
processing: 5469849_21016_0_0.png
processing: 5469849_21015_0_0.png
processing: 5469827_21016_1_0.png
  SKIPPING IMAGE: tot amount of vasculature (7709.5372) < quality threshold 
processing: 5469827_21015_1_0.png
  SKIPPING IMAGE: tot amount of vasculature (2379.2718) < quality threshold 
processing: 5469718_21016_0_0.png
processing: 5469718_21015_0_0.png
processing: 5469614_21016_0_0.png
  SKIPPING IMAGE: tot amount of vasculature (6240.6237) < quality threshold 
processing: 5469614_21015_0_0.png
  SKIPPING IMAGE: tot amount of vasculature (253.4586) < quality threshold 
processing: 5469578_21016_0_0.png
processing: 5469578_21015_0_0.png
processing: 5469424_21016_0_0.png
  SKIPPING IMAGE: tot amount of vasculature (2790.8167) < quality threshold 
processing: 5469424_21015_0_0.png
processing: 5469401_21016_0_0.png
processing: 5469401_21015_0_0.png
processing: 5469383_21016_0_0.png
processing: 5469383_21015_0_0.png
processing: 5469360_21016_0_0.png
processing: 5469360_21015_0_0.png
processing: 5469352_21016_0_0.png
processing: 5469352_21015_0_0.png
processing: 5469345_21016_1_0.png
processing: 5469345_21015_1_0.png
processing: 5469241_21016_0_0.png
  SKIPPING IMAGE: tot amount of vasculature (4936.454) < quality threshold 
processing: 5469241_21015_0_0.png
  SKIPPING IMAGE: tot amount of vasculature (6218.627) < quality threshold 
processing: 5469187_21016_0_0.png
processing: 5469187_21015_0_0.png
processing: 5469084_21016_0_0.png
processing: 5469084_21015_0_0.png
processing: 5469020_21016_0_0.png
  SKIPPING IMAGE: tot amount of vasculature (2459.781) < quality threshold 
processing: 5469020_21015_0_0.png
processing: 5468908_21016_0_0.png
  SKIPPING IMAGE: tot amount of vasculature (7859.876) < quality threshold 
processing: 5468908_21015_0_0.png
  SKIPPING IMAGE: tot amount of vasculature (9705.731) < quality threshold 
processing: 5468883_21016_0_0.png
processing: 5468883_21015_0_0.png
processing: 5468876_21016_0_0.png
processing: 5468876_21015_0_0.png
processing: 5468860_21016_0_0.png
  SKIPPING IMAGE: tot amount of vasculature (8199.147) < quality threshold 
processing: 5468860_21015_0_0.png
processing: 5468789_21016_0_0.png
processing: 5468789_21015_0_0.png
processing: 5468778_21016_0_0.png
  SKIPPING IMAGE: tot amount of vasculature (7367.1949) < quality threshold 
processing: 5468778_21015_0_0.png
processing: 5468761_21016_0_0.png
processing: 5468761_21015_0_0.png
  SKIPPING IMAGE: tot amount of vasculature (4659.1052) < quality threshold 
processing: 5468644_21016_0_0.png
processing: 5468644_21015_0_0.png
processing: 5468596_21016_0_0.png
processing: 5468596_21015_0_0.png
processing: 5468543_21016_0_0.png
processing: 5468543_21015_0_0.png
processing: 5468386_21016_0_0.png
  SKIPPING IMAGE: tot amount of vasculature (8039.225) < quality threshold 
processing: 5468386_21015_0_0.png
  SKIPPING IMAGE: tot amount of vasculature (10982.4233) < quality threshold 
processing: 5468327_21016_1_0.png
processing: 5468327_21015_1_0.png
processing: 5468165_21016_0_0.png
processing: 5468165_21015_0_0.png
processing: 5468140_21016_0_0.png
processing: 5468140_21015_0_0.png
processing: 5468106_21016_1_0.png
processing: 5468106_21016_0_0.png
processing: 5468106_21015_1_0.png
processing: 5468106_21015_0_0.png
processing: 5468024_21016_1_0.png
  SKIPPING IMAGE: tot amount of vasculature (2868.3386) < quality threshold 
processing: 5468024_21015_1_0.png
  SKIPPING IMAGE: tot amount of vasculature (3018.0206) < quality threshold 
processing: 5467993_21016_0_0.png
processing: 5467993_21015_0_0.png
processing: 5467954_21016_0_0.png
processing: 5467954_21015_0_0.png
  SKIPPING IMAGE: tot amount of vasculature (10062.4321) < quality threshold 
processing: 5467847_21016_0_0.png
  SKIPPING IMAGE: tot amount of vasculature (5132.7069) < quality threshold 
processing: 5467847_21015_0_0.png
  SKIPPING IMAGE: tot amount of vasculature (4875.8848) < quality threshold 
processing: 5467782_21016_0_0.png
processing: 5467782_21015_0_0.png
processing: 5467708_21016_0_0.png
processing: 5467708_21015_0_0.png
processing: 5467696_21016_0_0.png
  SKIPPING IMAGE: No vessels found
processing: 5467696_21015_0_0.png
  SKIPPING IMAGE: tot amount of vasculature (3375.0356) < quality threshold 
processing: 5467621_21016_0_0.png
  SKIPPING IMAGE: tot amount of vasculature (7780.5469) < quality threshold 
processing: 5467621_21015_0_0.png
  SKIPPING IMAGE: tot amount of vasculature (10368.7831) < quality threshold 
processing: 5467532_21016_0_0.png
processing: 5467532_21015_0_0.png
  SKIPPING IMAGE: tot amount of vasculature (10554.8211) < quality threshold 
processing: 5467510_21016_0_0.png
  SKIPPING IMAGE: tot amount of vasculature (6920.244) < quality threshold 
processing: 5467510_21015_0_0.png
  SKIPPING IMAGE: tot amount of vasculature (10329.3781) < quality threshold 
processing: 5467460_21016_1_0.png
processing: 5467460_21015_1_0.png
processing: 5467374_21016_1_0.png
  SKIPPING IMAGE: tot amount of vasculature (900.3696) < quality threshold 
processing: 5467374_21015_1_0.png
  SKIPPING IMAGE: tot amount of vasculature (1556.0659) < quality threshold 
processing: 5467342_21016_0_0.png
processing: 5467342_21015_0_0.png
processing: 5467338_21016_1_0.png
  SKIPPING IMAGE: tot amount of vasculature (248.1186) < quality threshold 
processing: 5467338_21016_0_0.png
processing: 5467338_21015_1_0.png
  SKIPPING IMAGE: tot amount of vasculature (10144.2807) < quality threshold 
processing: 5467338_21015_0_0.png
  SKIPPING IMAGE: tot amount of vasculature (5205.3586) < quality threshold 
processing: 5467273_21016_0_0.png
processing: 5467273_21015_0_0.png
processing: 5467124_21016_0_0.png
processing: 5467124_21015_0_0.png
processing: 5467088_21016_0_0.png
processing: 5467088_21015_0_0.png
processing: 5467014_21016_0_0.png
processing: 5467014_21015_0_0.png
processing: 5466995_21016_0_0.png
processing: 5466995_21015_0_0.png
processing: 5466822_21016_0_0.png
processing: 5466822_21015_0_0.png
processing: 5466767_21016_0_0.png
processing: 5466767_21015_0_0.png
  SKIPPING IMAGE: tot amount of vasculature (10026.6243) < quality threshold 
processing: 5466697_21016_1_0.png
processing: 5466697_21015_1_0.png
processing: 5466652_21016_0_0.png
processing: 5466652_21015_0_0.png
processing: 5466634_21016_0_0.png
processing: 5466634_21015_0_0.png
  SKIPPING IMAGE: tot amount of vasculature (10121.8243) < quality threshold 
processing: 5466628_21016_0_0.png
processing: 5466628_21015_0_0.png
processing: 5466611_21016_0_0.png
processing: 5466611_21015_0_0.png
  SKIPPING IMAGE: tot amount of vasculature (8931.1271) < quality threshold 
processing: 5466564_21016_1_0.png
  SKIPPING IMAGE: tot amount of vasculature (6232.1344) < quality threshold 
processing: 5466564_21016_0_0.png
processing: 5466564_21015_1_0.png
processing: 5466564_21015_0_0.png
processing: 5466485_21016_0_0.png
processing: 5466485_21015_0_0.png
processing: 5466365_21016_0_0.png
processing: 5466365_21015_0_0.png
processing: 5466357_21016_1_0.png
  SKIPPING IMAGE: tot amount of vasculature (3811.7483) < quality threshold 
processing: 5466357_21015_1_0.png
  SKIPPING IMAGE: tot amount of vasculature (3782.201) < quality threshold 
processing: 5466331_21016_0_0.png
processing: 5466331_21015_0_0.png
  SKIPPING IMAGE: tot amount of vasculature (9324.5991) < quality threshold 
processing: 5466232_21016_1_0.png
  SKIPPING IMAGE: tot amount of vasculature (2215.4521) < quality threshold 
processing: 5466232_21015_1_0.png
  SKIPPING IMAGE: tot amount of vasculature (687.1179) < quality threshold 
processing: 5466210_21016_0_0.png
processing: 5466210_21015_0_0.png
processing: 5466166_21016_0_0.png
processing: 5466166_21015_0_0.png
processing: 5466141_21016_0_0.png
processing: 5466141_21015_0_0.png
processing: 5466137_21016_0_0.png
  SKIPPING IMAGE: tot amount of vasculature (9226.1148) < quality threshold 
processing: 5466137_21015_0_0.png
  SKIPPING IMAGE: tot amount of vasculature (8732.1179) < quality threshold 
processing: 5465977_21016_0_0.png
processing: 5465977_21015_0_0.png
processing: 5465943_21016_0_0.png
  SKIPPING IMAGE: tot amount of vasculature (10432.1757) < quality threshold 
processing: 5465943_21015_0_0.png
  SKIPPING IMAGE: tot amount of vasculature (4861.3964) < quality threshold 
processing: 5465939_21016_0_0.png
processing: 5465939_21015_0_0.png
processing: 5465921_21016_0_0.png
processing: 5465921_21015_0_0.png
processing: 5465880_21016_0_0.png
processing: 5465880_21015_0_0.png
processing: 5465824_21016_0_0.png
processing: 5465824_21015_0_0.png
processing: 5465763_21016_0_0.png
processing: 5465763_21015_0_0.png
processing: 5465514_21016_0_0.png
  SKIPPING IMAGE: tot amount of vasculature (9720.0045) < quality threshold 
processing: 5465514_21015_0_0.png
processing: 5465405_21016_0_0.png
processing: 5465405_21015_0_0.png
processing: 5465341_21016_0_0.png
processing: 5465341_21015_0_0.png
  SKIPPING IMAGE: tot amount of vasculature (10924.8862) < quality threshold 
processing: 5465297_21016_0_0.png
processing: 5465297_21015_0_0.png
processing: 5465283_21016_0_0.png
  SKIPPING IMAGE: tot amount of vasculature (9073.7121) < quality threshold 
processing: 5465283_21015_0_0.png
  SKIPPING IMAGE: tot amount of vasculature (9436.2665) < quality threshold 
processing: 5465276_21016_0_0.png
processing: 5465276_21015_0_0.png
processing: 5465211_21016_0_0.png
processing: 5465211_21015_0_0.png
processing: 5465209_21016_0_0.png
processing: 5465209_21015_0_0.png
processing: 5465102_21016_0_0.png
processing: 5465102_21015_0_0.png
processing: 5465069_21016_0_0.png
processing: 5465069_21015_0_0.png
processing: 5465010_21016_1_0.png
processing: 5465010_21015_1_0.png
processing: 5464905_21016_0_0.png
  SKIPPING IMAGE: tot amount of vasculature (1899.8976) < quality threshold 
processing: 5464905_21015_0_0.png
processing: 5464680_21016_0_0.png
processing: 5464680_21015_0_0.png
  SKIPPING IMAGE: tot amount of vasculature (3712.2506) < quality threshold 
processing: 5464529_21016_0_0.png
processing: 5464529_21015_0_0.png
processing: 5464333_21016_1_0.png
processing: 5464333_21016_0_0.png
processing: 5464333_21015_1_0.png
processing: 5464333_21015_0_0.png
processing: 5464235_21016_0_0.png
processing: 5464235_21015_0_0.png
processing: 5464222_21016_1_0.png
  SKIPPING IMAGE: tot amount of vasculature (1646.4846) < quality threshold 
processing: 5464222_21015_1_0.png
  SKIPPING IMAGE: tot amount of vasculature (1876.0237) < quality threshold 
processing: 5464196_21016_0_0.png
processing: 5464196_21015_0_0.png
processing: 5464162_21016_0_0.png
processing: 5464162_21015_0_0.png
processing: 5464060_21016_0_0.png
processing: 5464060_21015_0_0.png
processing: 5464034_21016_0_0.png
processing: 5464034_21015_0_0.png
processing: 5463850_21016_1_0.png
processing: 5463850_21015_1_0.png
processing: 5463839_21016_0_0.png
  SKIPPING IMAGE: tot amount of vasculature (8630.127) < quality threshold 
processing: 5463839_21015_0_0.png
  SKIPPING IMAGE: tot amount of vasculature (8901.4184) < quality threshold 
processing: 5463795_21016_1_0.png
processing: 5463795_21015_1_0.png
processing: 5463784_21016_0_0.png
processing: 5463784_21015_0_0.png
processing: 5463768_21016_0_0.png
processing: 5463768_21015_0_0.png
processing: 5463733_21016_0_0.png
processing: 5463733_21015_0_0.png
processing: 5463720_21016_0_0.png
  SKIPPING IMAGE: tot amount of vasculature (2007.1075) < quality threshold 
processing: 5463720_21015_0_0.png
  SKIPPING IMAGE: tot amount of vasculature (8660.6803) < quality threshold 
processing: 5463698_21016_0_0.png
processing: 5463698_21015_0_0.png
processing: 5463649_21016_0_0.png
  SKIPPING IMAGE: tot amount of vasculature (5716.3472) < quality threshold 
processing: 5463649_21015_0_0.png
  SKIPPING IMAGE: tot amount of vasculature (9989.1707) < quality threshold 
processing: 5463534_21016_0_0.png
  SKIPPING IMAGE: tot amount of vasculature (1805.4691) < quality threshold 
processing: 5463534_21015_0_0.png
  SKIPPING IMAGE: tot amount of vasculature (1.9172) < quality threshold 
processing: 5463511_21016_0_0.png
processing: 5463511_21015_0_0.png
processing: 5463391_21016_1_0.png
  SKIPPING IMAGE: tot amount of vasculature (6644.6811) < quality threshold 
processing: 5463391_21015_1_0.png
  SKIPPING IMAGE: tot amount of vasculature (284.1064) < quality threshold 
processing: 5463387_21016_1_0.png
  SKIPPING IMAGE: tot amount of vasculature (4378.6463) < quality threshold 
processing: 5463387_21015_1_0.png
  SKIPPING IMAGE: tot amount of vasculature (99.3191) < quality threshold 
processing: 5463358_21016_0_0.png
processing: 5463358_21015_0_0.png
processing: 5463303_21016_0_0.png
processing: 5463303_21015_0_0.png
processing: 5463190_21016_0_0.png
  SKIPPING IMAGE: tot amount of vasculature (7791.2614) < quality threshold 
processing: 5463190_21015_0_0.png
  SKIPPING IMAGE: tot amount of vasculature (3909.8768) < quality threshold 
processing: 5463119_21016_0_0.png
processing: 5463119_21015_0_0.png
processing: 5463107_21016_0_0.png
processing: 5463107_21015_0_0.png
processing: 5463029_21016_0_0.png
processing: 5463029_21015_0_0.png
processing: 5462940_21016_0_0.png
processing: 5462940_21015_0_0.png
processing: 5462891_21016_1_0.png
processing: 5462891_21015_1_0.png
processing: 5462887_21016_0_0.png
  SKIPPING IMAGE: tot amount of vasculature (9404.774) < quality threshold 
processing: 5462887_21015_0_0.png
processing: 5462875_21016_0_0.png
  SKIPPING IMAGE: tot amount of vasculature (6939.1954) < quality threshold 
processing: 5462875_21015_0_0.png
  SKIPPING IMAGE: tot amount of vasculature (8199.4213) < quality threshold 
processing: 5462826_21016_0_0.png
  SKIPPING IMAGE: tot amount of vasculature (2943.3831) < quality threshold 
processing: 5462826_21015_0_0.png
  SKIPPING IMAGE: tot amount of vasculature (5490.3959) < quality threshold 
processing: 5462810_21016_0_0.png
processing: 5462810_21015_0_0.png
processing: 5462776_21016_1_0.png
processing: 5462776_21015_1_0.png
processing: 5462760_21016_0_0.png
processing: 5462760_21015_0_0.png
processing: 5462745_21016_1_0.png
processing: 5462745_21015_1_0.png
processing: 5462547_21016_1_0.png
processing: 5462547_21015_1_0.png
  SKIPPING IMAGE: tot amount of vasculature (9959.3113) < quality threshold 
processing: 5462415_21016_0_0.png
  SKIPPING IMAGE: tot amount of vasculature (10946.5098) < quality threshold 
processing: 5462415_21015_0_0.png
processing: 5462377_21016_0_0.png
  SKIPPING IMAGE: tot amount of vasculature (8049.94) < quality threshold 
processing: 5462377_21015_0_0.png
  SKIPPING IMAGE: tot amount of vasculature (9831.2984) < quality threshold 
processing: 5462255_21016_0_0.png
processing: 5462255_21015_0_0.png
processing: 5462151_21016_0_0.png
  SKIPPING IMAGE: tot amount of vasculature (6304.6125) < quality threshold 
processing: 5462151_21015_0_0.png
processing: 5462112_21016_0_0.png
processing: 5462112_21015_0_0.png
  SKIPPING IMAGE: tot amount of vasculature (3269.4133) < quality threshold 
processing: 5462089_21016_0_0.png
  SKIPPING IMAGE: tot amount of vasculature (2073.8682) < quality threshold 
processing: 5462089_21015_0_0.png
  SKIPPING IMAGE: tot amount of vasculature (10039.7381) < quality threshold 
processing: 5462078_21016_0_0.png
processing: 5462078_21015_0_0.png
processing: 5461952_21016_0_0.png
  SKIPPING IMAGE: tot amount of vasculature (5287.2842) < quality threshold 
processing: 5461952_21015_0_0.png
  SKIPPING IMAGE: tot amount of vasculature (8128.7507) < quality threshold 
processing: 5461928_21016_1_0.png
  SKIPPING IMAGE: tot amount of vasculature (7631.9574) < quality threshold 
processing: 5461928_21015_1_0.png
  SKIPPING IMAGE: tot amount of vasculature (3154.4002) < quality threshold 
processing: 5461837_21016_0_0.png
processing: 5461837_21015_0_0.png
processing: 5461829_21016_0_0.png
processing: 5461829_21015_0_0.png
processing: 5461731_21016_1_0.png
processing: 5461731_21015_1_0.png
processing: 5461668_21016_0_0.png
processing: 5461668_21015_0_0.png
processing: 5461659_21016_1_0.png
  SKIPPING IMAGE: tot amount of vasculature (10387.2393) < quality threshold 
processing: 5461659_21015_1_0.png
  SKIPPING IMAGE: tot amount of vasculature (9643.2886) < quality threshold 
processing: 5461647_21016_0_0.png
processing: 5461647_21015_0_0.png
processing: 5461616_21016_1_0.png
  SKIPPING IMAGE: tot amount of vasculature (1547.6541) < quality threshold 
processing: 5461616_21015_1_0.png
  SKIPPING IMAGE: tot amount of vasculature (9083.7773) < quality threshold 
processing: 5461581_21016_0_0.png
processing: 5461581_21015_0_0.png
processing: 5461574_21016_0_0.png
processing: 5461574_21015_0_0.png
processing: 5461538_21016_0_0.png
processing: 5461538_21015_0_0.png
processing: 5461507_21016_1_0.png
FINISHED: .mat files have been written to: /data/FAC/FBM/DBC/sbergman/retina/UKBiob/fundus/REVIEW//CLRIS/
execution time: 1706 sec
