------------------------------------------
Setting up environment variables
---
LD_LIBRARY_PATH is .:/software/Development/Languages/Matlab_Compiler_Runtime/96/runtime/glnxa64:/software/Development/Languages/Matlab_Compiler_Runtime/96/bin/glnxa64:/software/Development/Languages/Matlab_Compiler_Runtime/96/sys/os/glnxa64:/software/Development/Languages/Matlab_Compiler_Runtime/96/sys/opengl/lib/glnxa64
Running vessel measurements...
processing: 3979111_21015_0_0.png
  SKIPPING IMAGE: tot amount of vasculature (6057.8036) < quality threshold 
processing: 3979039_21016_0_0.png
processing: 3979039_21015_0_0.png
processing: 3978902_21016_0_0.png
processing: 3978902_21015_0_0.png
processing: 3978889_21016_0_0.png
processing: 3978889_21015_0_0.png
processing: 3978800_21016_1_0.png
  SKIPPING IMAGE: tot amount of vasculature (4028.1994) < quality threshold 
processing: 3978800_21016_0_0.png
processing: 3978800_21015_1_0.png
  SKIPPING IMAGE: tot amount of vasculature (8998.7397) < quality threshold 
processing: 3978800_21015_0_0.png
processing: 3978772_21016_0_0.png
processing: 3978772_21015_0_0.png
processing: 3978505_21016_0_0.png
processing: 3978505_21015_0_0.png
  SKIPPING IMAGE: tot amount of vasculature (10734.0758) < quality threshold 
processing: 3978439_21016_0_0.png
processing: 3978439_21015_0_0.png
processing: 3978365_21016_0_0.png
processing: 3978365_21015_0_0.png
processing: 3978323_21016_0_0.png
processing: 3978323_21015_0_0.png
processing: 3978291_21016_1_0.png
processing: 3978291_21015_1_0.png
processing: 3978287_21016_1_0.png
  SKIPPING IMAGE: tot amount of vasculature (8594.9726) < quality threshold 
processing: 3978232_21016_0_0.png
processing: 3978232_21015_0_0.png
processing: 3978210_21016_0_0.png
  SKIPPING IMAGE: tot amount of vasculature (1396.8548) < quality threshold 
processing: 3978210_21015_0_0.png
  SKIPPING IMAGE: tot amount of vasculature (3328.0844) < quality threshold 
processing: 3978166_21016_0_0.png
processing: 3978166_21015_0_0.png
processing: 3978081_21016_1_0.png
  SKIPPING IMAGE: tot amount of vasculature (10601.4448) < quality threshold 
processing: 3978081_21015_1_0.png
  SKIPPING IMAGE: tot amount of vasculature (2013.643) < quality threshold 
processing: 3978056_21016_0_0.png
processing: 3978056_21015_0_0.png
processing: 3978007_21016_0_0.png
processing: 3978007_21015_0_0.png
processing: 3977967_21016_0_0.png
  SKIPPING IMAGE: tot amount of vasculature (5705.2203) < quality threshold 
processing: 3977967_21015_0_0.png
  SKIPPING IMAGE: tot amount of vasculature (6682.9181) < quality threshold 
processing: 3977948_21016_0_0.png
processing: 3977948_21015_0_0.png
processing: 3977843_21016_0_0.png
  SKIPPING IMAGE: tot amount of vasculature (2036.4359) < quality threshold 
processing: 3977843_21015_0_0.png
  SKIPPING IMAGE: tot amount of vasculature (9794.2121) < quality threshold 
processing: 3977771_21016_0_0.png
processing: 3977771_21015_0_0.png
processing: 3977605_21016_0_0.png
processing: 3977605_21015_0_0.png
processing: 3977597_21016_0_0.png
processing: 3977597_21015_0_0.png
processing: 3977560_21016_0_0.png
processing: 3977560_21015_0_0.png
processing: 3977478_21016_0_0.png
processing: 3977478_21015_0_0.png
  SKIPPING IMAGE: tot amount of vasculature (8904.5304) < quality threshold 
processing: 3977422_21016_1_0.png
processing: 3977422_21015_1_0.png
processing: 3977387_21016_0_0.png
processing: 3977387_21015_0_0.png
  SKIPPING IMAGE: tot amount of vasculature (6673.8561) < quality threshold 
processing: 3977375_21016_0_0.png
processing: 3977375_21015_0_0.png
processing: 3977344_21016_1_0.png
processing: 3977344_21015_1_0.png
processing: 3977279_21015_0_0.png
  SKIPPING IMAGE: tot amount of vasculature (10389.4386) < quality threshold 
processing: 3977142_21016_0_0.png
  SKIPPING IMAGE: tot amount of vasculature (3062.587) < quality threshold 
processing: 3977142_21015_0_0.png
  SKIPPING IMAGE: tot amount of vasculature (3463.5758) < quality threshold 
processing: 3977138_21016_1_0.png
  SKIPPING IMAGE: tot amount of vasculature (8752.0956) < quality threshold 
processing: 3977138_21015_1_0.png
  SKIPPING IMAGE: No vessels found
processing: 3977125_21016_0_0.png
  SKIPPING IMAGE: tot amount of vasculature (10263.8489) < quality threshold 
processing: 3977125_21015_0_0.png
processing: 3977107_21016_0_0.png
  SKIPPING IMAGE: tot amount of vasculature (9856.8341) < quality threshold 
processing: 3977107_21015_0_0.png
  SKIPPING IMAGE: tot amount of vasculature (8815.3842) < quality threshold 
processing: 3977037_21016_0_0.png
processing: 3977037_21015_0_0.png
processing: 3976918_21016_0_0.png
processing: 3976918_21015_0_0.png
processing: 3976836_21016_1_0.png
processing: 3976836_21015_1_0.png
  SKIPPING IMAGE: tot amount of vasculature (7696.1683) < quality threshold 
processing: 3976738_21016_0_0.png
  SKIPPING IMAGE: tot amount of vasculature (10553.3741) < quality threshold 
processing: 3976738_21015_0_0.png
processing: 3976725_21016_0_0.png
processing: 3976725_21015_0_0.png
processing: 3976693_21016_0_0.png
  SKIPPING IMAGE: tot amount of vasculature (711.7053) < quality threshold 
processing: 3976693_21015_0_0.png
  SKIPPING IMAGE: tot amount of vasculature (6032.5201) < quality threshold 
processing: 3976523_21016_0_0.png
  SKIPPING IMAGE: tot amount of vasculature (6338.9263) < quality threshold 
processing: 3976523_21015_0_0.png
  SKIPPING IMAGE: tot amount of vasculature (3698.5505) < quality threshold 
processing: 3976427_21016_0_0.png
processing: 3976427_21015_0_0.png
processing: 3976283_21016_0_0.png
processing: 3976283_21015_0_0.png
processing: 3976159_21016_0_0.png
processing: 3976159_21015_0_0.png
  SKIPPING IMAGE: tot amount of vasculature (9032.4882) < quality threshold 
processing: 3976044_21016_0_0.png
processing: 3976044_21015_0_0.png
processing: 3976032_21016_1_0.png
processing: 3976032_21015_1_0.png
processing: 3975951_21016_0_0.png
  SKIPPING IMAGE: tot amount of vasculature (6300.3038) < quality threshold 
processing: 3975951_21015_0_0.png
  SKIPPING IMAGE: tot amount of vasculature (7881.5769) < quality threshold 
processing: 3975930_21016_0_0.png
processing: 3975930_21015_0_0.png
processing: 3975825_21016_0_0.png
processing: 3975825_21015_0_0.png
processing: 3975775_21016_1_0.png
processing: 3975775_21015_1_0.png
processing: 3975769_21016_0_0.png
processing: 3975769_21015_0_0.png
processing: 3975703_21016_0_0.png
processing: 3975703_21015_0_0.png
processing: 3975636_21016_1_0.png
  SKIPPING IMAGE: tot amount of vasculature (988.2559) < quality threshold 
processing: 3975636_21015_1_0.png
  SKIPPING IMAGE: tot amount of vasculature (2487.0673) < quality threshold 
processing: 3975582_21016_0_0.png
processing: 3975582_21015_0_0.png
processing: 3975570_21016_1_0.png
  SKIPPING IMAGE: tot amount of vasculature (761.4005) < quality threshold 
processing: 3975570_21015_1_0.png
  SKIPPING IMAGE: tot amount of vasculature (7956.1723) < quality threshold 
processing: 3975508_21016_0_0.png
processing: 3975508_21015_0_0.png
  SKIPPING IMAGE: tot amount of vasculature (7588.6199) < quality threshold 
processing: 3975196_21016_1_0.png
processing: 3975196_21016_0_0.png
processing: 3975196_21015_1_0.png
processing: 3975196_21015_0_0.png
processing: 3975143_21016_1_0.png
processing: 3975143_21015_1_0.png
processing: 3975097_21016_0_0.png
