------------------------------------------
Setting up environment variables
---
LD_LIBRARY_PATH is .:/software/Development/Languages/Matlab_Compiler_Runtime/96/runtime/glnxa64:/software/Development/Languages/Matlab_Compiler_Runtime/96/bin/glnxa64:/software/Development/Languages/Matlab_Compiler_Runtime/96/sys/os/glnxa64:/software/Development/Languages/Matlab_Compiler_Runtime/96/sys/opengl/lib/glnxa64
Running vessel measurements...
processing: 3856147_21015_0_0.png
processing: 3856133_21016_0_0.png
processing: 3856133_21015_0_0.png
processing: 3856091_21016_0_0.png
processing: 3856091_21015_0_0.png
processing: 3856032_21016_0_0.png
processing: 3856032_21015_0_0.png
processing: 3856026_21016_0_0.png
  SKIPPING IMAGE: tot amount of vasculature (3860.3651) < quality threshold 
processing: 3856026_21015_0_0.png
  SKIPPING IMAGE: tot amount of vasculature (3576.9055) < quality threshold 
processing: 3855998_21016_0_0.png
processing: 3855998_21015_0_0.png
processing: 3855986_21016_0_0.png
processing: 3855986_21015_0_0.png
  SKIPPING IMAGE: tot amount of vasculature (2604.0133) < quality threshold 
processing: 3855951_21016_1_0.png
  SKIPPING IMAGE: tot amount of vasculature (7497.5577) < quality threshold 
processing: 3855951_21015_1_0.png
  SKIPPING IMAGE: tot amount of vasculature (3190.2218) < quality threshold 
processing: 3855905_21016_0_0.png
processing: 3855905_21015_0_0.png
processing: 3855710_21016_0_0.png
processing: 3855710_21015_0_1.png
  SKIPPING IMAGE: tot amount of vasculature (8022.4385) < quality threshold 
processing: 3855710_21015_0_0.png
processing: 3855636_21016_0_0.png
  SKIPPING IMAGE: tot amount of vasculature (10210.5987) < quality threshold 
processing: 3855636_21015_0_0.png
processing: 3855566_21016_0_0.png
processing: 3855566_21015_0_0.png
processing: 3855541_21016_0_0.png
processing: 3855541_21015_0_0.png
  SKIPPING IMAGE: tot amount of vasculature (10494.1122) < quality threshold 
processing: 3855508_21016_1_0.png
processing: 3855508_21015_1_0.png
processing: 3855440_21016_0_0.png
  SKIPPING IMAGE: tot amount of vasculature (10050.3242) < quality threshold 
processing: 3855440_21015_0_0.png
processing: 3855371_21016_0_0.png
processing: 3855371_21015_0_0.png
processing: 3855222_21016_1_0.png
  SKIPPING IMAGE: tot amount of vasculature (7925.9874) < quality threshold 
processing: 3855222_21015_1_0.png
  SKIPPING IMAGE: tot amount of vasculature (6640.0306) < quality threshold 
processing: 3855185_21016_0_0.png
processing: 3855185_21015_0_0.png
processing: 3855177_21016_1_0.png
  SKIPPING IMAGE: tot amount of vasculature (4127.8131) < quality threshold 
processing: 3855177_21016_0_0.png
processing: 3855177_21015_1_0.png
  SKIPPING IMAGE: tot amount of vasculature (9156.744) < quality threshold 
processing: 3855177_21015_0_0.png
processing: 3855162_21016_0_0.png
processing: 3855162_21015_0_0.png
processing: 3855143_21016_0_0.png
processing: 3855143_21015_0_0.png
processing: 3855121_21016_1_0.png
  SKIPPING IMAGE: tot amount of vasculature (5066.9055) < quality threshold 
processing: 3855121_21015_1_0.png
  SKIPPING IMAGE: tot amount of vasculature (4817.6584) < quality threshold 
processing: 3855083_21016_0_0.png
processing: 3855083_21015_0_0.png
processing: 3855076_21016_0_0.png
  SKIPPING IMAGE: tot amount of vasculature (10353.5776) < quality threshold 
processing: 3855076_21015_0_0.png
  SKIPPING IMAGE: tot amount of vasculature (10171.0333) < quality threshold 
processing: 3854979_21016_0_0.png
processing: 3854979_21015_0_0.png
processing: 3854957_21016_0_0.png
processing: 3854957_21015_0_0.png
  SKIPPING IMAGE: tot amount of vasculature (3830.1065) < quality threshold 
processing: 3854914_21016_0_0.png
processing: 3854914_21015_0_0.png
  SKIPPING IMAGE: tot amount of vasculature (8357.971) < quality threshold 
processing: 3854906_21016_0_0.png
processing: 3854906_21015_0_0.png
  SKIPPING IMAGE: tot amount of vasculature (6542.3944) < quality threshold 
processing: 3854858_21016_1_0.png
processing: 3854858_21015_1_0.png
processing: 3854826_21016_0_0.png
processing: 3854826_21015_0_0.png
processing: 3854803_21016_1_0.png
processing: 3854803_21016_0_0.png
processing: 3854803_21015_1_0.png
processing: 3854803_21015_0_0.png
processing: 3854783_21016_0_0.png
processing: 3854783_21015_0_0.png
processing: 3854642_21016_0_0.png
  SKIPPING IMAGE: tot amount of vasculature (3.1189) < quality threshold 
processing: 3854642_21015_0_0.png
  SKIPPING IMAGE: tot amount of vasculature (487.6093) < quality threshold 
processing: 3854619_21016_0_0.png
  SKIPPING IMAGE: No vessels found
processing: 3854619_21015_0_0.png
  SKIPPING IMAGE: tot amount of vasculature (1300.6506) < quality threshold 
processing: 3854559_21016_0_0.png
processing: 3854559_21015_0_0.png
processing: 3854408_21016_0_0.png
  SKIPPING IMAGE: tot amount of vasculature (10677.2537) < quality threshold 
processing: 3854408_21015_0_0.png
  SKIPPING IMAGE: tot amount of vasculature (9302.4857) < quality threshold 
processing: 3854377_21016_0_0.png
processing: 3854377_21015_0_0.png
processing: 3854304_21016_1_0.png
  SKIPPING IMAGE: tot amount of vasculature (5422.4415) < quality threshold 
processing: 3854304_21016_0_0.png
  SKIPPING IMAGE: tot amount of vasculature (9737.2537) < quality threshold 
processing: 3854304_21015_1_0.png
  SKIPPING IMAGE: tot amount of vasculature (3193.2882) < quality threshold 
processing: 3854304_21015_0_0.png
  SKIPPING IMAGE: tot amount of vasculature (10456.0374) < quality threshold 
processing: 3854272_21016_1_0.png
  SKIPPING IMAGE: tot amount of vasculature (6911.0417) < quality threshold 
processing: 3854272_21015_1_0.png
  SKIPPING IMAGE: tot amount of vasculature (6915.0346) < quality threshold 
processing: 3854213_21016_0_0.png
processing: 3854213_21015_0_0.png
  SKIPPING IMAGE: tot amount of vasculature (7462.0952) < quality threshold 
processing: 3854173_21016_0_0.png
  SKIPPING IMAGE: tot amount of vasculature (8221.7486) < quality threshold 
processing: 3854173_21015_0_0.png
  SKIPPING IMAGE: tot amount of vasculature (6522.7257) < quality threshold 
processing: 3854164_21016_0_0.png
processing: 3854164_21015_0_0.png
processing: 3854149_21016_0_0.png
  SKIPPING IMAGE: tot amount of vasculature (10214.9221) < quality threshold 
processing: 3854149_21015_0_0.png
  SKIPPING IMAGE: tot amount of vasculature (9410.56) < quality threshold 
processing: 3854112_21016_0_0.png
processing: 3854112_21015_0_0.png
processing: 3854022_21016_0_0.png
processing: 3854022_21015_0_0.png
processing: 3853956_21016_0_0.png
  SKIPPING IMAGE: tot amount of vasculature (6613.24) < quality threshold 
processing: 3853956_21015_0_0.png
  SKIPPING IMAGE: tot amount of vasculature (7444.5114) < quality threshold 
processing: 3853873_21016_0_0.png
processing: 3853873_21015_0_0.png
processing: 3853864_21016_1_0.png
  SKIPPING IMAGE: tot amount of vasculature (5438.0183) < quality threshold 
processing: 3853864_21016_0_0.png
  SKIPPING IMAGE: tot amount of vasculature (9909.4315) < quality threshold 
processing: 3853864_21015_1_0.png
  SKIPPING IMAGE: tot amount of vasculature (5997.4485) < quality threshold 
processing: 3853864_21015_0_0.png
  SKIPPING IMAGE: tot amount of vasculature (7063.2123) < quality threshold 
processing: 3853830_21016_0_0.png
processing: 3853830_21015_0_0.png
processing: 3853785_21016_0_0.png
processing: 3853785_21015_0_0.png
processing: 3853665_21016_0_0.png
processing: 3853665_21015_0_0.png
processing: 3853480_21016_0_0.png
processing: 3853480_21015_0_0.png
processing: 3853472_21016_0_0.png
processing: 3853472_21015_0_0.png
processing: 3853360_21016_1_0.png
processing: 3853360_21015_1_0.png
processing: 3853294_21016_0_0.png
processing: 3853294_21015_0_0.png
processing: 3853253_21016_0_0.png
processing: 3853253_21015_0_0.png
  SKIPPING IMAGE: tot amount of vasculature (9330.333) < quality threshold 
processing: 3853191_21016_0_0.png
processing: 3853191_21015_0_0.png
processing: 3853158_21016_0_0.png
processing: 3853158_21015_0_0.png
processing: 3853033_21016_0_0.png
processing: 3853033_21015_0_0.png
processing: 3853002_21016_1_0.png
processing: 3853002_21016_0_0.png
processing: 3853002_21015_1_0.png
processing: 3853002_21015_0_0.png
