------------------------------------------
Setting up environment variables
---
LD_LIBRARY_PATH is .:/software/Development/Languages/Matlab_Compiler_Runtime/96/runtime/glnxa64:/software/Development/Languages/Matlab_Compiler_Runtime/96/bin/glnxa64:/software/Development/Languages/Matlab_Compiler_Runtime/96/sys/os/glnxa64:/software/Development/Languages/Matlab_Compiler_Runtime/96/sys/opengl/lib/glnxa64
Running vessel measurements...
processing: 4871089_21015_0_0.png
processing: 4870970_21016_1_0.png
processing: 4870970_21016_0_0.png
processing: 4870970_21015_1_0.png
processing: 4870970_21015_0_0.png
processing: 4870915_21016_0_0.png
processing: 4870915_21015_0_0.png
processing: 4870669_21016_0_0.png
processing: 4870669_21015_0_0.png
processing: 4870658_21016_0_0.png
processing: 4870658_21015_0_0.png
  SKIPPING IMAGE: tot amount of vasculature (8954.9501) < quality threshold 
processing: 4870585_21016_0_0.png
  SKIPPING IMAGE: tot amount of vasculature (5722.6932) < quality threshold 
processing: 4870585_21015_0_0.png
processing: 4870543_21016_0_0.png
processing: 4870543_21015_0_0.png
processing: 4870539_21016_1_0.png
  SKIPPING IMAGE: tot amount of vasculature (678.0157) < quality threshold 
processing: 4870539_21015_1_0.png
  SKIPPING IMAGE: tot amount of vasculature (5055.4366) < quality threshold 
processing: 4870468_21016_0_0.png
processing: 4870468_21015_0_0.png
processing: 4870420_21016_0_0.png
  SKIPPING IMAGE: tot amount of vasculature (9967.0942) < quality threshold 
processing: 4870420_21015_0_0.png
processing: 4870416_21016_0_0.png
  SKIPPING IMAGE: tot amount of vasculature (8928.1183) < quality threshold 
processing: 4870416_21015_0_0.png
  SKIPPING IMAGE: tot amount of vasculature (7400.2243) < quality threshold 
processing: 4870364_21016_1_0.png
  SKIPPING IMAGE: tot amount of vasculature (4630.0788) < quality threshold 
processing: 4870364_21015_1_0.png
  SKIPPING IMAGE: tot amount of vasculature (6822.4073) < quality threshold 
processing: 4870123_21016_1_0.png
  SKIPPING IMAGE: tot amount of vasculature (9355.0608) < quality threshold 
processing: 4870123_21016_0_1.png
processing: 4870123_21016_0_0.png
processing: 4870123_21015_1_0.png
processing: 4870123_21015_0_0.png
processing: 4870106_21016_0_0.png
processing: 4870106_21015_0_0.png
processing: 4870099_21016_1_0.png
processing: 4870099_21015_1_0.png
processing: 4870048_21016_0_0.png
processing: 4870048_21015_0_0.png
processing: 4870013_21016_1_0.png
processing: 4870013_21015_1_0.png
processing: 4869981_21016_0_0.png
processing: 4869981_21015_0_0.png
processing: 4869886_21016_0_0.png
processing: 4869886_21015_0_0.png
processing: 4869785_21016_0_0.png
processing: 4869785_21015_0_0.png
processing: 4869554_21016_0_0.png
processing: 4869554_21015_0_0.png
processing: 4869517_21016_0_0.png
processing: 4869517_21015_0_0.png
processing: 4869500_21016_0_0.png
  SKIPPING IMAGE: tot amount of vasculature (10422.1752) < quality threshold 
processing: 4869500_21015_0_0.png
  SKIPPING IMAGE: tot amount of vasculature (8253.3022) < quality threshold 
processing: 4869436_21016_0_0.png
processing: 4869436_21015_0_0.png
  SKIPPING IMAGE: tot amount of vasculature (8223.7387) < quality threshold 
processing: 4869345_21016_0_0.png
processing: 4869345_21015_0_0.png
processing: 4869311_21016_0_0.png
processing: 4869311_21015_0_0.png
  SKIPPING IMAGE: tot amount of vasculature (8969.7748) < quality threshold 
processing: 4869215_21016_0_0.png
processing: 4869215_21015_0_0.png
processing: 4869191_21016_0_0.png
processing: 4869191_21015_0_0.png
processing: 4869103_21016_0_0.png
processing: 4869103_21015_0_0.png
processing: 4869016_21016_1_0.png
processing: 4869016_21015_1_0.png
processing: 4868966_21016_0_0.png
processing: 4868966_21015_0_0.png
processing: 4868937_21016_0_0.png
  SKIPPING IMAGE: tot amount of vasculature (8594.5498) < quality threshold 
processing: 4868937_21015_0_0.png
  SKIPPING IMAGE: tot amount of vasculature (5783.383) < quality threshold 
processing: 4868915_21016_0_0.png
processing: 4868915_21015_0_0.png
processing: 4868908_21016_0_0.png
processing: 4868908_21015_0_0.png
processing: 4868811_21016_0_0.png
  SKIPPING IMAGE: tot amount of vasculature (10649.8091) < quality threshold 
processing: 4868811_21015_0_0.png
processing: 4868700_21016_0_0.png
processing: 4868700_21015_0_0.png
processing: 4868669_21016_0_0.png
processing: 4868669_21015_0_0.png
processing: 4868610_21016_0_0.png
processing: 4868610_21015_0_0.png
processing: 4868577_21016_0_0.png
processing: 4868577_21015_0_0.png
processing: 4868495_21016_0_0.png
processing: 4868495_21015_0_0.png
processing: 4868468_21016_1_0.png
processing: 4868468_21015_1_0.png
  SKIPPING IMAGE: tot amount of vasculature (48.249) < quality threshold 
processing: 4868459_21016_0_0.png
processing: 4868459_21015_0_0.png
processing: 4868447_21016_0_0.png
processing: 4868447_21015_0_0.png
processing: 4868305_21016_1_0.png
  SKIPPING IMAGE: tot amount of vasculature (3453.3327) < quality threshold 
processing: 4868305_21015_1_0.png
  SKIPPING IMAGE: tot amount of vasculature (5180.8762) < quality threshold 
processing: 4868219_21016_1_0.png
processing: 4868219_21015_1_0.png
processing: 4868114_21016_0_0.png
processing: 4868114_21015_0_0.png
processing: 4868072_21016_0_0.png
processing: 4868072_21015_0_0.png
processing: 4868055_21016_1_0.png
  SKIPPING IMAGE: tot amount of vasculature (7017.4841) < quality threshold 
processing: 4868055_21015_1_0.png
  SKIPPING IMAGE: tot amount of vasculature (5463.8389) < quality threshold 
processing: 4867935_21016_0_0.png
processing: 4867935_21015_0_0.png
processing: 4867802_21016_0_1.png
  SKIPPING IMAGE: tot amount of vasculature (5056.2938) < quality threshold 
processing: 4867802_21016_0_0.png
processing: 4867802_21015_0_0.png
  SKIPPING IMAGE: tot amount of vasculature (6503.3578) < quality threshold 
processing: 4867708_21016_1_0.png
processing: 4867708_21015_1_0.png
processing: 4867696_21016_0_0.png
processing: 4867696_21015_0_0.png
processing: 4867685_21016_1_0.png
processing: 4867685_21015_1_0.png
processing: 4867587_21016_0_0.png
processing: 4867587_21015_0_0.png
processing: 4867575_21016_1_0.png
  SKIPPING IMAGE: tot amount of vasculature (1793.3335) < quality threshold 
processing: 4867575_21015_1_0.png
  SKIPPING IMAGE: tot amount of vasculature (3247.3457) < quality threshold 
processing: 4867544_21016_0_0.png
processing: 4867544_21015_0_0.png
processing: 4867510_21016_1_0.png
processing: 4867510_21015_1_0.png
processing: 4867483_21016_1_0.png
  SKIPPING IMAGE: tot amount of vasculature (8244.9161) < quality threshold 
processing: 4867483_21015_1_0.png
  SKIPPING IMAGE: tot amount of vasculature (7825.1227) < quality threshold 
processing: 4867342_21016_1_0.png
processing: 4867342_21015_1_0.png
processing: 4867264_21016_1_0.png
  SKIPPING IMAGE: tot amount of vasculature (65.0378) < quality threshold 
processing: 4867264_21015_1_0.png
  SKIPPING IMAGE: tot amount of vasculature (4156.6857) < quality threshold 
processing: 4867180_21016_1_0.png
  SKIPPING IMAGE: tot amount of vasculature (107.1708) < quality threshold 
processing: 4867180_21015_1_0.png
  SKIPPING IMAGE: tot amount of vasculature (139.0576) < quality threshold 
processing: 4867092_21016_0_0.png
processing: 4867092_21015_0_0.png
processing: 4867079_21016_0_0.png
  SKIPPING IMAGE: tot amount of vasculature (2376.4395) < quality threshold 
processing: 4867079_21015_0_0.png
  SKIPPING IMAGE: tot amount of vasculature (3310.4438) < quality threshold 
processing: 4867031_21016_0_0.png
processing: 4867031_21015_0_0.png
processing: 4867014_21016_0_0.png
processing: 4867014_21015_0_0.png
processing: 4866971_21015_0_0.png
processing: 4866878_21016_0_0.png
processing: 4866878_21015_0_0.png
processing: 4866835_21016_0_0.png
processing: 4866835_21015_0_0.png
  SKIPPING IMAGE: tot amount of vasculature (9674.9504) < quality threshold 
processing: 4866800_21016_0_1.png
  SKIPPING IMAGE: tot amount of vasculature (3902.6812) < quality threshold 
processing: 4866800_21016_0_0.png
  SKIPPING IMAGE: tot amount of vasculature (2660.9417) < quality threshold 
processing: 4866800_21015_0_1.png
  SKIPPING IMAGE: tot amount of vasculature (3522.8192) < quality threshold 
processing: 4866800_21015_0_0.png
  SKIPPING IMAGE: tot amount of vasculature (2788.8115) < quality threshold 
processing: 4866799_21016_0_0.png
processing: 4866799_21015_0_0.png
  SKIPPING IMAGE: tot amount of vasculature (6165.1112) < quality threshold 
processing: 4866713_21016_1_0.png
processing: 4866713_21015_1_0.png
processing: 4866701_21016_1_0.png
processing: 4866701_21015_1_0.png
processing: 4866652_21016_0_0.png
processing: 4866652_21015_0_0.png
processing: 4866634_21016_1_0.png
  SKIPPING IMAGE: tot amount of vasculature (5187.3544) < quality threshold 
processing: 4866634_21016_0_0.png
  SKIPPING IMAGE: tot amount of vasculature (1574.7828) < quality threshold 
processing: 4866634_21015_1_0.png
processing: 4866634_21015_0_0.png
  SKIPPING IMAGE: tot amount of vasculature (4646.2893) < quality threshold 
processing: 4866611_21016_0_0.png
processing: 4866611_21015_0_0.png
processing: 4866573_21016_1_0.png
  SKIPPING IMAGE: tot amount of vasculature (8734.1506) < quality threshold 
processing: 4866573_21015_1_0.png
  SKIPPING IMAGE: tot amount of vasculature (7515.2155) < quality threshold 
processing: 4866392_21016_0_0.png
  SKIPPING IMAGE: tot amount of vasculature (1381.3604) < quality threshold 
processing: 4866392_21015_0_0.png
  SKIPPING IMAGE: tot amount of vasculature (1920.5742) < quality threshold 
processing: 4866331_21016_1_0.png
processing: 4866331_21015_1_0.png
processing: 4866323_21016_1_0.png
  SKIPPING IMAGE: tot amount of vasculature (5823.2051) < quality threshold 
processing: 4866323_21015_1_0.png
  SKIPPING IMAGE: tot amount of vasculature (10518.5501) < quality threshold 
processing: 4866275_21016_0_0.png
processing: 4866275_21015_0_0.png
processing: 4866258_21016_0_0.png
  SKIPPING IMAGE: tot amount of vasculature (6107.3572) < quality threshold 
processing: 4866258_21015_0_0.png
  SKIPPING IMAGE: tot amount of vasculature (209.9009) < quality threshold 
processing: 4866182_21016_0_0.png
processing: 4866182_21015_0_0.png
processing: 4866090_21016_0_0.png
processing: 4866090_21015_0_0.png
processing: 4866074_21016_0_0.png
  SKIPPING IMAGE: tot amount of vasculature (8530.8352) < quality threshold 
processing: 4866074_21015_0_0.png
  SKIPPING IMAGE: tot amount of vasculature (5659.7702) < quality threshold 
processing: 4866063_21016_0_0.png
processing: 4866063_21015_0_0.png
processing: 4866042_21016_0_0.png
processing: 4866042_21015_0_0.png
processing: 4865950_21016_0_0.png
  SKIPPING IMAGE: tot amount of vasculature (9675.3928) < quality threshold 
processing: 4865950_21015_0_0.png
processing: 4865867_21016_0_0.png
  SKIPPING IMAGE: tot amount of vasculature (7735.2611) < quality threshold 
processing: 4865867_21015_0_0.png
  SKIPPING IMAGE: tot amount of vasculature (7247.84) < quality threshold 
processing: 4865790_21016_1_0.png
  SKIPPING IMAGE: tot amount of vasculature (9599.1309) < quality threshold 
processing: 4865790_21015_1_0.png
processing: 4865738_21016_0_0.png
processing: 4865738_21015_0_0.png
processing: 4865725_21016_0_0.png
processing: 4865725_21015_0_0.png
processing: 4865689_21016_1_0.png
processing: 4865689_21015_1_0.png
processing: 4865678_21016_0_0.png
processing: 4865678_21015_0_0.png
processing: 4865617_21016_0_0.png
processing: 4865617_21015_0_0.png
processing: 4865565_21016_0_0.png
  SKIPPING IMAGE: tot amount of vasculature (8192.7118) < quality threshold 
processing: 4865565_21015_0_0.png
  SKIPPING IMAGE: tot amount of vasculature (1377.3744) < quality threshold 
processing: 4865283_21016_0_0.png
processing: 4865283_21015_0_0.png
processing: 4865276_21016_0_0.png
processing: 4865276_21015_0_0.png
processing: 4865260_21016_0_0.png
  SKIPPING IMAGE: tot amount of vasculature (6953.5306) < quality threshold 
processing: 4865260_21015_0_0.png
  SKIPPING IMAGE: tot amount of vasculature (123.306) < quality threshold 
processing: 4865228_21016_0_0.png
processing: 4865228_21015_0_0.png
processing: 4865209_21016_0_0.png
processing: 4865209_21015_0_0.png
processing: 4865171_21016_0_0.png
processing: 4865171_21015_0_0.png
processing: 4865087_21016_0_0.png
processing: 4865087_21015_0_0.png
processing: 4865058_21016_0_0.png
processing: 4865058_21015_0_0.png
  SKIPPING IMAGE: tot amount of vasculature (8953.4553) < quality threshold 
processing: 4864927_21016_1_0.png
  SKIPPING IMAGE: tot amount of vasculature (5907.937) < quality threshold 
processing: 4864927_21015_1_0.png
processing: 4864787_21016_0_0.png
processing: 4864787_21015_0_0.png
processing: 4864703_21016_0_0.png
  SKIPPING IMAGE: tot amount of vasculature (8309.7148) < quality threshold 
processing: 4864703_21015_0_0.png
processing: 4864601_21016_0_0.png
processing: 4864601_21015_0_0.png
processing: 4864594_21016_1_0.png
processing: 4864594_21015_1_0.png
  SKIPPING IMAGE: tot amount of vasculature (7878.7916) < quality threshold 
processing: 4864570_21016_1_0.png
processing: 4864570_21015_1_0.png
processing: 4864515_21016_0_0.png
processing: 4864515_21015_0_0.png
processing: 4864440_21016_0_0.png
processing: 4864440_21015_0_0.png
processing: 4864359_21016_0_0.png
processing: 4864359_21015_0_0.png
processing: 4864246_21016_0_0.png
processing: 4864246_21015_0_0.png
processing: 4864235_21016_0_0.png
  SKIPPING IMAGE: tot amount of vasculature (7889.6236) < quality threshold 
processing: 4863999_21016_1_0.png
processing: 4863999_21015_1_0.png
processing: 4863980_21016_0_0.png
processing: 4863980_21015_0_0.png
  SKIPPING IMAGE: tot amount of vasculature (464.687) < quality threshold 
processing: 4863936_21016_0_0.png
processing: 4863936_21015_0_0.png
processing: 4863818_21016_0_0.png
processing: 4863818_21015_0_0.png
processing: 4863795_21016_0_0.png
processing: 4863795_21015_0_0.png
processing: 4863784_21016_0_0.png
  SKIPPING IMAGE: tot amount of vasculature (3192.6275) < quality threshold 
processing: 4863759_21016_0_0.png
  SKIPPING IMAGE: tot amount of vasculature (7860.6601) < quality threshold 
processing: 4863759_21015_0_0.png
processing: 4863747_21016_0_1.png
  SKIPPING IMAGE: tot amount of vasculature (9138.8533) < quality threshold 
processing: 4863747_21016_0_0.png
  SKIPPING IMAGE: tot amount of vasculature (3043.0362) < quality threshold 
processing: 4863747_21015_0_0.png
  SKIPPING IMAGE: tot amount of vasculature (2483.5183) < quality threshold 
processing: 4863733_21016_0_0.png
processing: 4863733_21015_0_0.png
processing: 4863664_21016_0_0.png
processing: 4863664_21015_0_0.png
processing: 4863576_21016_0_0.png
processing: 4863576_21015_0_0.png
  SKIPPING IMAGE: tot amount of vasculature (10945.8869) < quality threshold 
processing: 4863387_21016_0_0.png
processing: 4863387_21015_0_0.png
  SKIPPING IMAGE: tot amount of vasculature (10072.5421) < quality threshold 
processing: 4863082_21016_0_0.png
  SKIPPING IMAGE: tot amount of vasculature (10026.5575) < quality threshold 
processing: 4863082_21015_0_0.png
processing: 4863070_21016_1_0.png
  SKIPPING IMAGE: tot amount of vasculature (8759.1883) < quality threshold 
processing: 4863070_21015_1_0.png
processing: 4863053_21016_1_0.png
  SKIPPING IMAGE: tot amount of vasculature (2844.8866) < quality threshold 
processing: 4863053_21015_1_0.png
  SKIPPING IMAGE: tot amount of vasculature (4844.1586) < quality threshold 
processing: 4863037_21016_1_0.png
  SKIPPING IMAGE: tot amount of vasculature (8000.8374) < quality threshold 
processing: 4863037_21015_1_0.png
  SKIPPING IMAGE: tot amount of vasculature (7007.3291) < quality threshold 
processing: 4863008_21016_0_0.png
processing: 4863008_21015_0_0.png
processing: 4862965_21016_0_0.png
processing: 4862965_21015_0_0.png
processing: 4862957_21016_0_0.png
  SKIPPING IMAGE: tot amount of vasculature (8269.5939) < quality threshold 
processing: 4862957_21015_0_0.png
processing: 4862931_21016_0_0.png
processing: 4862931_21015_0_0.png
processing: 4862914_21016_0_0.png
processing: 4862914_21015_0_0.png
processing: 4862891_21016_0_0.png
processing: 4862891_21015_0_0.png
processing: 4862797_21016_0_0.png
processing: 4862797_21015_0_0.png
processing: 4862752_21016_0_0.png
processing: 4862752_21015_0_0.png
  SKIPPING IMAGE: tot amount of vasculature (6413.3862) < quality threshold 
processing: 4862674_21016_0_0.png
  SKIPPING IMAGE: tot amount of vasculature (3922.0101) < quality threshold 
processing: 4862674_21015_0_0.png
  SKIPPING IMAGE: tot amount of vasculature (3827.5999) < quality threshold 
processing: 4862619_21016_0_0.png
processing: 4862619_21015_0_0.png
processing: 4862547_21016_0_0.png
  SKIPPING IMAGE: tot amount of vasculature (7724.2155) < quality threshold 
processing: 4862547_21015_0_0.png
  SKIPPING IMAGE: tot amount of vasculature (4727.0891) < quality threshold 
processing: 4862520_21016_0_0.png
  SKIPPING IMAGE: tot amount of vasculature (10186.5717) < quality threshold 
processing: 4862520_21015_0_0.png
processing: 4862482_21016_0_0.png
processing: 4862482_21015_0_0.png
processing: 4862437_21016_0_0.png
processing: 4862437_21015_0_0.png
processing: 4862429_21016_0_0.png
processing: 4862429_21015_0_0.png
processing: 4862415_21016_1_0.png
processing: 4862415_21015_1_0.png
processing: 4862343_21016_0_0.png
FINISHED: .mat files have been written to: /data/FAC/FBM/DBC/sbergman/retina/UKBiob/fundus/REVIEW//CLRIS/
execution time: 2042 sec
