------------------------------------------
Setting up environment variables
---
LD_LIBRARY_PATH is .:/software/Development/Languages/Matlab_Compiler_Runtime/96/runtime/glnxa64:/software/Development/Languages/Matlab_Compiler_Runtime/96/bin/glnxa64:/software/Development/Languages/Matlab_Compiler_Runtime/96/sys/os/glnxa64:/software/Development/Languages/Matlab_Compiler_Runtime/96/sys/opengl/lib/glnxa64
Running vessel measurements...
processing: 1160528_21015_0_0.png
processing: 1160446_21016_1_0.png
processing: 1160446_21015_1_0.png
  SKIPPING IMAGE: tot amount of vasculature (10110.9053) < quality threshold 
processing: 1160435_21016_1_0.png
  SKIPPING IMAGE: No vessels found
processing: 1160435_21015_1_0.png
  SKIPPING IMAGE: tot amount of vasculature (1375.9845) < quality threshold 
processing: 1160417_21016_0_0.png
processing: 1160417_21015_0_0.png
  SKIPPING IMAGE: tot amount of vasculature (5465.2707) < quality threshold 
processing: 1160400_21015_0_0.png
  SKIPPING IMAGE: tot amount of vasculature (10616.1299) < quality threshold 
processing: 1160326_21016_1_0.png
  SKIPPING IMAGE: tot amount of vasculature (9974.2678) < quality threshold 
processing: 1160326_21015_1_0.png
processing: 1160257_21016_0_0.png
processing: 1160257_21015_0_0.png
processing: 1160231_21016_0_0.png
  SKIPPING IMAGE: tot amount of vasculature (272.7183) < quality threshold 
processing: 1160231_21015_0_0.png
  SKIPPING IMAGE: tot amount of vasculature (1564.665) < quality threshold 
processing: 1160223_21016_0_0.png
processing: 1160223_21015_0_0.png
  SKIPPING IMAGE: tot amount of vasculature (6113.8474) < quality threshold 
processing: 1160082_21016_0_0.png
processing: 1160082_21015_0_0.png
processing: 1160029_21016_0_0.png
processing: 1160029_21015_0_0.png
processing: 1159990_21016_0_0.png
processing: 1159990_21015_0_0.png
processing: 1159956_21016_1_0.png
processing: 1159956_21016_0_0.png
processing: 1159956_21015_1_0.png
processing: 1159956_21015_0_0.png
processing: 1159938_21016_1_0.png
  SKIPPING IMAGE: tot amount of vasculature (9188.5982) < quality threshold 
processing: 1159938_21016_0_0.png
  SKIPPING IMAGE: tot amount of vasculature (6452.5115) < quality threshold 
processing: 1159938_21015_1_0.png
  SKIPPING IMAGE: tot amount of vasculature (3577.0821) < quality threshold 
processing: 1159938_21015_0_0.png
  SKIPPING IMAGE: tot amount of vasculature (418.846) < quality threshold 
processing: 1159898_21016_0_0.png
processing: 1159898_21015_0_0.png
  SKIPPING IMAGE: tot amount of vasculature (10946.7187) < quality threshold 
processing: 1159851_21016_0_0.png
processing: 1159851_21015_0_0.png
processing: 1159827_21016_0_0.png
processing: 1159827_21015_0_0.png
processing: 1159805_21016_1_0.png
  SKIPPING IMAGE: tot amount of vasculature (7295.6254) < quality threshold 
processing: 1159805_21015_1_0.png
  SKIPPING IMAGE: tot amount of vasculature (6431.1046) < quality threshold 
processing: 1159743_21016_0_0.png
  SKIPPING IMAGE: tot amount of vasculature (10860.6092) < quality threshold 
processing: 1159743_21015_0_0.png
  SKIPPING IMAGE: tot amount of vasculature (2475.0236) < quality threshold 
processing: 1159665_21016_0_0.png
processing: 1159665_21015_0_0.png
processing: 1159657_21016_0_0.png
processing: 1159657_21015_0_0.png
processing: 1159640_21016_1_0.png
processing: 1159640_21015_1_0.png
processing: 1159554_21016_0_0.png
processing: 1159554_21015_0_0.png
processing: 1159401_21016_0_0.png
  SKIPPING IMAGE: tot amount of vasculature (3684.9714) < quality threshold 
processing: 1159383_21016_0_0.png
  SKIPPING IMAGE: tot amount of vasculature (5628.1066) < quality threshold 
processing: 1159383_21015_0_0.png
  SKIPPING IMAGE: tot amount of vasculature (1023.3666) < quality threshold 
processing: 1159187_21016_0_1.png
  SKIPPING IMAGE: tot amount of vasculature (1776.9811) < quality threshold 
processing: 1159187_21016_0_0.png
  SKIPPING IMAGE: tot amount of vasculature (3332.0632) < quality threshold 
processing: 1159187_21015_0_0.png
  SKIPPING IMAGE: tot amount of vasculature (2337.4511) < quality threshold 
processing: 1159169_21016_0_0.png
processing: 1159169_21015_0_0.png
processing: 1159158_21016_1_0.png
  SKIPPING IMAGE: tot amount of vasculature (5856.218) < quality threshold 
processing: 1159158_21015_1_0.png
processing: 1159126_21016_0_0.png
processing: 1159126_21015_0_0.png
processing: 1159095_21016_0_0.png
  SKIPPING IMAGE: tot amount of vasculature (3225.062) < quality threshold 
processing: 1159095_21015_0_0.png
  SKIPPING IMAGE: tot amount of vasculature (329.4897) < quality threshold 
processing: 1159068_21016_1_0.png
  SKIPPING IMAGE: tot amount of vasculature (10826.8855) < quality threshold 
processing: 1159068_21015_1_0.png
  SKIPPING IMAGE: tot amount of vasculature (4617.7699) < quality threshold 
processing: 1159016_21016_1_0.png
processing: 1159016_21015_1_0.png
  SKIPPING IMAGE: tot amount of vasculature (7761.6029) < quality threshold 
processing: 1158994_21016_0_0.png
processing: 1158994_21015_0_0.png
processing: 1158970_21016_0_0.png
processing: 1158970_21015_0_0.png
processing: 1158953_21016_0_0.png
  SKIPPING IMAGE: tot amount of vasculature (3005.6058) < quality threshold 
processing: 1158953_21015_0_0.png
  SKIPPING IMAGE: tot amount of vasculature (33.3449) < quality threshold 
processing: 1158908_21016_0_0.png
processing: 1158908_21015_0_0.png
processing: 1158834_21016_0_0.png
  SKIPPING IMAGE: tot amount of vasculature (9699.1091) < quality threshold 
processing: 1158834_21015_0_0.png
  SKIPPING IMAGE: tot amount of vasculature (9742.5733) < quality threshold 
processing: 1158809_21016_1_0.png
  SKIPPING IMAGE: tot amount of vasculature (9614.5308) < quality threshold 
processing: 1158809_21015_1_0.png
  SKIPPING IMAGE: tot amount of vasculature (3753.749) < quality threshold 
processing: 1158687_21016_0_0.png
processing: 1158687_21015_0_0.png
processing: 1158585_21016_1_0.png
processing: 1158585_21016_0_0.png
processing: 1158585_21015_1_0.png
processing: 1158585_21015_0_0.png
processing: 1158504_21016_1_0.png
  SKIPPING IMAGE: tot amount of vasculature (3593.5152) < quality threshold 
processing: 1158504_21015_1_0.png
  SKIPPING IMAGE: tot amount of vasculature (448.1123) < quality threshold 
processing: 1158495_21016_1_0.png
  SKIPPING IMAGE: tot amount of vasculature (9809.9381) < quality threshold 
processing: 1158495_21015_1_0.png
processing: 1158459_21016_0_0.png
processing: 1158459_21015_0_0.png
processing: 1158402_21016_0_0.png
processing: 1158402_21015_0_0.png
processing: 1158330_21016_1_0.png
processing: 1158330_21015_1_0.png
processing: 1158157_21016_0_0.png
processing: 1158157_21015_0_0.png
processing: 1158072_21016_0_0.png
  SKIPPING IMAGE: tot amount of vasculature (7957.539) < quality threshold 
processing: 1158072_21015_0_0.png
  SKIPPING IMAGE: tot amount of vasculature (6838.1359) < quality threshold 
processing: 1157989_21016_1_0.png
processing: 1157989_21015_1_0.png
processing: 1157978_21016_0_0.png
processing: 1157978_21015_0_0.png
processing: 1157961_21016_0_0.png
processing: 1157961_21015_0_0.png
processing: 1157935_21016_0_0.png
processing: 1157935_21015_0_0.png
processing: 1157922_21016_1_0.png
  SKIPPING IMAGE: tot amount of vasculature (10550.9201) < quality threshold 
processing: 1157922_21015_1_0.png
  SKIPPING IMAGE: tot amount of vasculature (8963.9133) < quality threshold 
processing: 1157895_21016_0_0.png
  SKIPPING IMAGE: tot amount of vasculature (7575.3796) < quality threshold 
processing: 1157895_21015_0_0.png
  SKIPPING IMAGE: tot amount of vasculature (3519.1944) < quality threshold 
processing: 1157847_21016_0_0.png
  SKIPPING IMAGE: tot amount of vasculature (620.724) < quality threshold 
processing: 1157847_21015_0_0.png
  SKIPPING IMAGE: tot amount of vasculature (10028.0267) < quality threshold 
processing: 1157802_21016_1_0.png
processing: 1157802_21015_1_0.png
processing: 1157737_21016_0_0.png
processing: 1157737_21015_0_0.png
processing: 1157729_21016_0_0.png
processing: 1157729_21015_0_0.png
processing: 1157696_21016_0_0.png
processing: 1157696_21015_0_0.png
processing: 1157532_21016_0_0.png
processing: 1157532_21015_0_0.png
processing: 1157526_21016_0_0.png
processing: 1157526_21015_0_0.png
  SKIPPING IMAGE: tot amount of vasculature (10481.493) < quality threshold 
processing: 1157434_21016_0_0.png
processing: 1157434_21015_0_0.png
processing: 1157249_21016_0_0.png
processing: 1157249_21015_0_0.png
processing: 1157148_21016_0_0.png
processing: 1157148_21015_0_0.png
processing: 1157136_21016_1_0.png
  SKIPPING IMAGE: tot amount of vasculature (2082.8885) < quality threshold 
processing: 1157136_21015_1_0.png
processing: 1157079_21016_0_0.png
processing: 1157079_21015_0_0.png
processing: 1157023_21016_0_0.png
processing: 1157023_21015_0_0.png
processing: 1156984_21016_0_0.png
processing: 1156984_21015_0_0.png
  SKIPPING IMAGE: tot amount of vasculature (9494.0967) < quality threshold 
processing: 1156947_21016_1_0.png
  SKIPPING IMAGE: tot amount of vasculature (5644.0809) < quality threshold 
processing: 1156947_21015_1_0.png
  SKIPPING IMAGE: tot amount of vasculature (2412.0544) < quality threshold 
processing: 1156916_21016_0_0.png
processing: 1156916_21015_0_0.png
processing: 1156822_21016_1_0.png
  SKIPPING IMAGE: tot amount of vasculature (5529.5236) < quality threshold 
processing: 1156767_21016_0_0.png
processing: 1156767_21015_0_0.png
processing: 1156724_21016_0_0.png
  SKIPPING IMAGE: tot amount of vasculature (10090.2717) < quality threshold 
processing: 1156609_21016_1_0.png
  SKIPPING IMAGE: tot amount of vasculature (4346.718) < quality threshold 
processing: 1156609_21015_1_0.png
processing: 1156549_21016_0_0.png
processing: 1156549_21015_0_0.png
  SKIPPING IMAGE: tot amount of vasculature (9189.1244) < quality threshold 
processing: 1156530_21016_1_0.png
  SKIPPING IMAGE: tot amount of vasculature (9066.5508) < quality threshold 
processing: 1156530_21015_1_0.png
processing: 1156462_21016_0_0.png
processing: 1156462_21015_0_0.png
  SKIPPING IMAGE: tot amount of vasculature (3999.6994) < quality threshold 
processing: 1156421_21016_0_0.png
processing: 1156421_21015_0_0.png
processing: 1156357_21016_1_0.png
  SKIPPING IMAGE: tot amount of vasculature (9761.8336) < quality threshold 
processing: 1156357_21015_1_0.png
processing: 1156323_21016_0_0.png
processing: 1156323_21015_0_0.png
  SKIPPING IMAGE: tot amount of vasculature (4354.7808) < quality threshold 
processing: 1156269_21016_0_0.png
processing: 1156269_21015_0_0.png
processing: 1156194_21016_1_0.png
processing: 1156194_21015_1_0.png
processing: 1156129_21016_1_0.png
processing: 1156129_21015_1_0.png
processing: 1155977_21016_1_0.png
  SKIPPING IMAGE: tot amount of vasculature (2312.1389) < quality threshold 
processing: 1155977_21016_0_0.png
processing: 1155977_21015_1_0.png
processing: 1155977_21015_0_0.png
processing: 1155939_21016_1_0.png
  SKIPPING IMAGE: tot amount of vasculature (6758.1461) < quality threshold 
processing: 1155939_21015_1_0.png
  SKIPPING IMAGE: tot amount of vasculature (6164.3372) < quality threshold 
processing: 1155872_21016_0_0.png
processing: 1155872_21015_0_0.png
processing: 1155781_21016_1_0.png
processing: 1155781_21016_0_0.png
processing: 1155781_21015_1_0.png
processing: 1155781_21015_0_0.png
processing: 1155774_21016_0_0.png
processing: 1155774_21015_0_0.png
processing: 1155763_21016_0_0.png
  SKIPPING IMAGE: tot amount of vasculature (3146.6512) < quality threshold 
processing: 1155763_21015_0_0.png
  SKIPPING IMAGE: tot amount of vasculature (9457.4895) < quality threshold 
processing: 1155725_21016_0_0.png
processing: 1155725_21015_0_0.png
processing: 1155707_21016_0_0.png
processing: 1155707_21015_0_0.png
processing: 1155678_21016_1_0.png
  SKIPPING IMAGE: tot amount of vasculature (4814.024) < quality threshold 
processing: 1155678_21015_1_0.png
  SKIPPING IMAGE: tot amount of vasculature (3959.9061) < quality threshold 
processing: 1155661_21016_0_0.png
processing: 1155661_21015_0_0.png
processing: 1155654_21016_0_0.png
processing: 1155654_21015_0_0.png
  SKIPPING IMAGE: tot amount of vasculature (5607.4545) < quality threshold 
processing: 1155635_21016_0_0.png
processing: 1155635_21015_0_0.png
processing: 1155514_21016_1_0.png
processing: 1155514_21016_0_0.png
processing: 1155514_21015_1_0.png
processing: 1155514_21015_0_0.png
processing: 1155506_21016_0_0.png
  SKIPPING IMAGE: tot amount of vasculature (5444.6661) < quality threshold 
processing: 1155506_21015_0_0.png
  SKIPPING IMAGE: tot amount of vasculature (210.4861) < quality threshold 
processing: 1155315_21016_0_0.png
  SKIPPING IMAGE: tot amount of vasculature (2126.1323) < quality threshold 
processing: 1155315_21015_0_0.png
  SKIPPING IMAGE: tot amount of vasculature (481.2896) < quality threshold 
processing: 1155308_21016_1_0.png
  SKIPPING IMAGE: tot amount of vasculature (9481.2016) < quality threshold 
processing: 1155308_21016_0_0.png
  SKIPPING IMAGE: tot amount of vasculature (9704.3396) < quality threshold 
processing: 1155308_21015_1_0.png
  SKIPPING IMAGE: tot amount of vasculature (9094.8925) < quality threshold 
processing: 1155308_21015_0_1.png
  SKIPPING IMAGE: tot amount of vasculature (8125.1227) < quality threshold 
processing: 1155308_21015_0_0.png
  SKIPPING IMAGE: tot amount of vasculature (8586.0281) < quality threshold 
processing: 1155234_21016_0_0.png
  SKIPPING IMAGE: tot amount of vasculature (1970.1842) < quality threshold 
processing: 1155234_21015_0_0.png
processing: 1155228_21016_0_0.png
processing: 1155228_21015_0_0.png
processing: 1155211_21016_0_0.png
processing: 1155211_21015_0_0.png
processing: 1155184_21016_1_0.png
processing: 1155184_21015_1_0.png
processing: 1155133_21016_1_0.png
processing: 1155133_21015_1_0.png
processing: 1155087_21016_0_0.png
  SKIPPING IMAGE: tot amount of vasculature (1014.0997) < quality threshold 
processing: 1155087_21015_0_0.png
processing: 1155032_21016_1_0.png
processing: 1155032_21015_1_0.png
processing: 1155010_21016_0_0.png
processing: 1155010_21015_0_0.png
processing: 1154986_21016_0_0.png
processing: 1154986_21015_0_0.png
processing: 1154964_21016_0_0.png
processing: 1154964_21015_0_0.png
processing: 1154905_21016_0_0.png
processing: 1154905_21015_0_0.png
processing: 1154874_21016_0_0.png
processing: 1154874_21015_0_0.png
processing: 1154775_21016_1_0.png
  SKIPPING IMAGE: tot amount of vasculature (10088.6854) < quality threshold 
processing: 1154775_21015_1_0.png
  SKIPPING IMAGE: tot amount of vasculature (6143.9161) < quality threshold 
processing: 1154726_21016_0_0.png
processing: 1154726_21015_0_0.png
processing: 1154667_21016_1_0.png
  SKIPPING IMAGE: No vessels found
processing: 1154667_21015_1_0.png
  SKIPPING IMAGE: tot amount of vasculature (3223.1148) < quality threshold 
processing: 1154582_21016_0_0.png
processing: 1154582_21015_0_0.png
processing: 1154541_21016_0_0.png
  SKIPPING IMAGE: tot amount of vasculature (1304.559) < quality threshold 
processing: 1154541_21015_0_0.png
  SKIPPING IMAGE: tot amount of vasculature (2411.9122) < quality threshold 
processing: 1154457_21016_0_0.png
  SKIPPING IMAGE: tot amount of vasculature (2073.0743) < quality threshold 
processing: 1154457_21015_0_0.png
  SKIPPING IMAGE: tot amount of vasculature (2101.1146) < quality threshold 
processing: 1154293_21016_1_0.png
processing: 1154293_21015_1_0.png
processing: 1154289_21016_0_0.png
  SKIPPING IMAGE: tot amount of vasculature (9111.6224) < quality threshold 
processing: 1154289_21015_0_0.png
  SKIPPING IMAGE: tot amount of vasculature (10993.913) < quality threshold 
processing: 1154222_21016_0_0.png
processing: 1154222_21015_0_0.png
processing: 1154162_21016_1_0.png
processing: 1154162_21015_1_0.png
processing: 1154121_21016_0_0.png
processing: 1154121_21015_0_0.png
processing: 1154118_21016_0_0.png
processing: 1154118_21015_0_0.png
  SKIPPING IMAGE: tot amount of vasculature (2501.9937) < quality threshold 
processing: 1154060_21016_0_0.png
processing: 1154060_21015_0_0.png
processing: 1153972_21016_0_0.png
  SKIPPING IMAGE: tot amount of vasculature (10061.3734) < quality threshold 
processing: 1153972_21015_0_1.png
  SKIPPING IMAGE: tot amount of vasculature (3463.2572) < quality threshold 
processing: 1153972_21015_0_0.png
processing: 1153948_21016_0_0.png
processing: 1153948_21015_0_0.png
processing: 1153924_21016_0_0.png
processing: 1153924_21015_0_0.png
processing: 1153901_21016_0_0.png
  SKIPPING IMAGE: tot amount of vasculature (9771.3749) < quality threshold 
processing: 1153901_21015_0_0.png
  SKIPPING IMAGE: tot amount of vasculature (10651.2448) < quality threshold 
processing: 1153896_21016_0_0.png
processing: 1153896_21015_0_0.png
processing: 1153885_21016_0_0.png
processing: 1153885_21015_0_0.png
processing: 1153698_21016_0_0.png
processing: 1153698_21015_0_0.png
processing: 1153686_21016_0_0.png
processing: 1153686_21015_0_0.png
  SKIPPING IMAGE: tot amount of vasculature (9604.5045) < quality threshold 
processing: 1153649_21016_0_0.png
  SKIPPING IMAGE: tot amount of vasculature (3809.9274) < quality threshold 
processing: 1153649_21015_0_0.png
  SKIPPING IMAGE: tot amount of vasculature (8344.7691) < quality threshold 
processing: 1153583_21016_0_0.png
processing: 1153583_21015_0_0.png
processing: 1153493_21016_0_0.png
  SKIPPING IMAGE: tot amount of vasculature (8631.4997) < quality threshold 
processing: 1153493_21015_0_0.png
  SKIPPING IMAGE: tot amount of vasculature (5892.8144) < quality threshold 
processing: 1153422_21016_0_0.png
processing: 1153422_21015_0_0.png
processing: 1153417_21016_0_0.png
processing: 1153417_21015_0_0.png
processing: 1153332_21016_0_0.png
  SKIPPING IMAGE: tot amount of vasculature (7884.1248) < quality threshold 
processing: 1153332_21015_0_0.png
  SKIPPING IMAGE: tot amount of vasculature (8208.2451) < quality threshold 
processing: 1153310_21016_0_0.png
processing: 1153310_21015_0_0.png
processing: 1153265_21016_0_0.png
processing: 1153265_21015_0_0.png
processing: 1153206_21016_0_0.png
  SKIPPING IMAGE: tot amount of vasculature (10249.2103) < quality threshold 
processing: 1153206_21015_0_0.png
processing: 1153190_21016_0_0.png
processing: 1153190_21015_0_0.png
processing: 1153181_21016_0_0.png
processing: 1153138_21016_0_0.png
processing: 1153138_21015_0_0.png
processing: 1153125_21016_1_0.png
processing: 1153125_21015_1_0.png
processing: 1152988_21016_0_0.png
  SKIPPING IMAGE: tot amount of vasculature (9832.8787) < quality threshold 
FINISHED: .mat files have been written to: /data/FAC/FBM/DBC/sbergman/retina/UKBiob/fundus/REVIEW//CLRIS/
execution time: 2255 sec
