------------------------------------------
Setting up environment variables
---
LD_LIBRARY_PATH is .:/software/Development/Languages/Matlab_Compiler_Runtime/96/runtime/glnxa64:/software/Development/Languages/Matlab_Compiler_Runtime/96/bin/glnxa64:/software/Development/Languages/Matlab_Compiler_Runtime/96/sys/os/glnxa64:/software/Development/Languages/Matlab_Compiler_Runtime/96/sys/opengl/lib/glnxa64
Running vessel measurements...
processing: 5207035_21015_0_0.png
processing: 5206944_21016_0_0.png
  SKIPPING IMAGE: tot amount of vasculature (5458.5343) < quality threshold 
processing: 5206944_21015_0_0.png
  SKIPPING IMAGE: tot amount of vasculature (5127.4641) < quality threshold 
processing: 5206892_21016_0_0.png
processing: 5206892_21015_0_0.png
processing: 5206798_21016_0_0.png
processing: 5206798_21015_0_0.png
processing: 5206615_21016_0_0.png
processing: 5206615_21015_0_0.png
processing: 5206567_21016_0_0.png
processing: 5206567_21015_0_0.png
  SKIPPING IMAGE: tot amount of vasculature (8034.1117) < quality threshold 
processing: 5206548_21016_0_0.png
processing: 5206548_21015_0_0.png
processing: 5206536_21016_0_0.png
processing: 5206536_21015_0_0.png
processing: 5206524_21016_0_0.png
  SKIPPING IMAGE: tot amount of vasculature (8615.0848) < quality threshold 
processing: 5206524_21015_0_0.png
processing: 5206513_21016_0_0.png
processing: 5206513_21015_0_0.png
processing: 5206474_21016_0_0.png
processing: 5206474_21015_0_0.png
processing: 5206438_21016_1_0.png
processing: 5206438_21015_1_0.png
processing: 5206361_21016_0_0.png
  SKIPPING IMAGE: tot amount of vasculature (10781.5725) < quality threshold 
processing: 5206361_21015_0_0.png
  SKIPPING IMAGE: tot amount of vasculature (10137.326) < quality threshold 
processing: 5206322_21016_0_0.png
processing: 5206322_21015_0_0.png
processing: 5206300_21016_0_0.png
processing: 5206300_21015_0_0.png
processing: 5206271_21016_0_0.png
  SKIPPING IMAGE: tot amount of vasculature (3975.4136) < quality threshold 
processing: 5206271_21015_0_0.png
  SKIPPING IMAGE: tot amount of vasculature (3517.1296) < quality threshold 
processing: 5206233_21016_0_0.png
processing: 5206233_21015_0_0.png
processing: 5206197_21016_0_0.png
  SKIPPING IMAGE: tot amount of vasculature (6704.0228) < quality threshold 
processing: 5206197_21015_0_0.png
  SKIPPING IMAGE: tot amount of vasculature (65.1028) < quality threshold 
processing: 5206109_21016_0_0.png
processing: 5206109_21015_0_0.png
processing: 5206077_21016_1_0.png
processing: 5206077_21015_1_0.png
processing: 5206050_21016_0_0.png
processing: 5206050_21015_0_0.png
  SKIPPING IMAGE: tot amount of vasculature (10829.4738) < quality threshold 
processing: 5206021_21016_0_0.png
processing: 5206021_21015_0_0.png
processing: 5205963_21016_1_0.png
  SKIPPING IMAGE: tot amount of vasculature (10662.1441) < quality threshold 
processing: 5205963_21015_1_0.png
processing: 5205925_21016_0_0.png
processing: 5205925_21015_0_0.png
processing: 5205827_21016_1_0.png
processing: 5205827_21015_1_0.png
processing: 5205777_21016_0_0.png
  SKIPPING IMAGE: tot amount of vasculature (245.1322) < quality threshold 
processing: 5205777_21015_0_0.png
  SKIPPING IMAGE: tot amount of vasculature (521.242) < quality threshold 
processing: 5205739_21016_0_0.png
  SKIPPING IMAGE: tot amount of vasculature (5412.884) < quality threshold 
processing: 5205739_21015_0_0.png
processing: 5205593_21016_0_0.png
processing: 5205593_21015_0_0.png
processing: 5205578_21016_0_0.png
processing: 5205578_21015_0_0.png
processing: 5205499_21016_0_0.png
  SKIPPING IMAGE: tot amount of vasculature (10177.4193) < quality threshold 
processing: 5205499_21015_0_0.png
processing: 5205472_21016_0_0.png
  SKIPPING IMAGE: tot amount of vasculature (10091.0344) < quality threshold 
processing: 5205472_21015_0_0.png
  SKIPPING IMAGE: tot amount of vasculature (8838.6437) < quality threshold 
processing: 5205467_21016_0_0.png
processing: 5205467_21015_0_0.png
processing: 5205383_21016_0_0.png
processing: 5205383_21015_0_0.png
processing: 5205334_21016_0_0.png
processing: 5205334_21015_0_0.png
processing: 5205311_21016_0_0.png
processing: 5205311_21015_0_0.png
processing: 5205282_21016_0_0.png
processing: 5205282_21015_0_0.png
processing: 5205253_21016_0_0.png
processing: 5205253_21015_0_0.png
processing: 5205229_21016_0_0.png
processing: 5205229_21015_0_0.png
processing: 5205110_21016_1_0.png
processing: 5205110_21015_1_0.png
processing: 5205095_21016_0_0.png
processing: 5205095_21015_0_0.png
processing: 5205016_21016_1_0.png
  SKIPPING IMAGE: tot amount of vasculature (13.6693) < quality threshold 
processing: 5205016_21015_1_0.png
  SKIPPING IMAGE: tot amount of vasculature (6210.1384) < quality threshold 
processing: 5204901_21016_0_1.png
Warning: No vessels found in 5204901_21016_0_1
> In Vessel_Data_IO.load_from_file (line 183)
  In REVIEW_evaluate_diameter_measurements (line 125)
  In ARIA_run_tests (line 209)
  SKIPPING IMAGE: No vessels found
processing: 5204901_21016_0_0.png
  SKIPPING IMAGE: tot amount of vasculature (2696.9096) < quality threshold 
processing: 5204901_21015_0_0.png
  SKIPPING IMAGE: tot amount of vasculature (427.9952) < quality threshold 
processing: 5204702_21016_0_0.png
processing: 5204702_21015_0_0.png
processing: 5204673_21016_0_0.png
processing: 5204673_21015_0_0.png
processing: 5204664_21016_0_0.png
processing: 5204664_21015_0_0.png
processing: 5204649_21016_1_0.png
  SKIPPING IMAGE: tot amount of vasculature (5053.8621) < quality threshold 
processing: 5204649_21016_0_0.png
processing: 5204649_21015_1_0.png
  SKIPPING IMAGE: tot amount of vasculature (4762.3412) < quality threshold 
processing: 5204649_21015_0_0.png
  SKIPPING IMAGE: tot amount of vasculature (5839.4789) < quality threshold 
processing: 5204605_21016_0_0.png
processing: 5204605_21015_0_0.png
processing: 5204560_21016_1_0.png
  SKIPPING IMAGE: tot amount of vasculature (10519.1261) < quality threshold 
processing: 5204560_21015_1_0.png
processing: 5204552_21016_0_0.png
processing: 5204552_21015_0_0.png
  SKIPPING IMAGE: tot amount of vasculature (9784.0894) < quality threshold 
processing: 5204478_21016_0_0.png
processing: 5204478_21015_0_0.png
processing: 5204400_21016_0_0.png
processing: 5204400_21015_0_0.png
processing: 5204387_21016_0_0.png
processing: 5204387_21015_0_0.png
processing: 5204326_21016_0_0.png
  SKIPPING IMAGE: tot amount of vasculature (9865.5887) < quality threshold 
processing: 5204326_21015_0_0.png
  SKIPPING IMAGE: tot amount of vasculature (5386.4082) < quality threshold 
processing: 5204279_21016_0_0.png
processing: 5204279_21015_0_0.png
processing: 5204181_21016_0_0.png
processing: 5204181_21015_0_0.png
processing: 5203863_21016_0_0.png
processing: 5203863_21015_0_0.png
processing: 5203732_21016_0_0.png
processing: 5203732_21015_0_0.png
processing: 5203667_21016_0_0.png
  SKIPPING IMAGE: tot amount of vasculature (3849.8034) < quality threshold 
processing: 5203667_21015_0_0.png
  SKIPPING IMAGE: tot amount of vasculature (7058.6483) < quality threshold 
processing: 5203613_21016_0_0.png
processing: 5203566_21016_0_0.png
  SKIPPING IMAGE: tot amount of vasculature (5660.6562) < quality threshold 
processing: 5203566_21015_0_0.png
processing: 5203488_21016_0_0.png
  SKIPPING IMAGE: tot amount of vasculature (7363.6773) < quality threshold 
processing: 5203488_21015_0_0.png
  SKIPPING IMAGE: tot amount of vasculature (4466.1432) < quality threshold 
processing: 5203414_21016_0_0.png
  SKIPPING IMAGE: tot amount of vasculature (4435.421) < quality threshold 
processing: 5203414_21015_0_0.png
processing: 5203320_21016_0_0.png
  SKIPPING IMAGE: tot amount of vasculature (10624.5991) < quality threshold 
processing: 5203320_21015_0_0.png
  SKIPPING IMAGE: tot amount of vasculature (8080.3754) < quality threshold 
processing: 5203254_21016_0_0.png
processing: 5203254_21015_0_0.png
processing: 5203222_21016_0_0.png
processing: 5203222_21015_0_0.png
  SKIPPING IMAGE: tot amount of vasculature (7582.4123) < quality threshold 
processing: 5203217_21016_0_0.png
processing: 5203217_21015_0_0.png
processing: 5203200_21016_1_0.png
processing: 5203200_21015_1_0.png
processing: 5203162_21016_0_0.png
processing: 5203162_21015_0_0.png
processing: 5203139_21016_0_0.png
  SKIPPING IMAGE: tot amount of vasculature (8455.481) < quality threshold 
processing: 5203139_21015_0_0.png
processing: 5203104_21016_1_0.png
processing: 5203104_21015_1_0.png
processing: 5203076_21016_0_0.png
processing: 5203076_21015_0_0.png
processing: 5203052_21015_0_0.png
  SKIPPING IMAGE: tot amount of vasculature (4801.9351) < quality threshold 
processing: 5203011_21016_0_0.png
processing: 5203011_21015_0_0.png
processing: 5203009_21016_0_0.png
processing: 5203009_21015_0_0.png
processing: 5202954_21016_0_0.png
processing: 5202954_21015_0_0.png
  SKIPPING IMAGE: tot amount of vasculature (9288.8671) < quality threshold 
processing: 5202922_21016_1_0.png
processing: 5202922_21015_1_0.png
processing: 5202900_21016_0_0.png
  SKIPPING IMAGE: tot amount of vasculature (4676.677) < quality threshold 
processing: 5202900_21015_0_0.png
  SKIPPING IMAGE: tot amount of vasculature (4346.005) < quality threshold 
processing: 5202782_21016_0_0.png
processing: 5202782_21015_0_0.png
processing: 5202770_21016_0_0.png
processing: 5202770_21015_0_0.png
processing: 5202753_21016_0_0.png
processing: 5202753_21015_0_0.png
processing: 5202741_21016_1_0.png
  SKIPPING IMAGE: tot amount of vasculature (9533.881) < quality threshold 
processing: 5202741_21015_1_0.png
  SKIPPING IMAGE: tot amount of vasculature (4284.3397) < quality threshold 
processing: 5202729_21016_0_0.png
processing: 5202729_21015_0_0.png
processing: 5202685_21016_0_0.png
processing: 5202685_21015_0_0.png
processing: 5202662_21016_0_0.png
processing: 5202662_21015_0_0.png
processing: 5202558_21016_1_0.png
processing: 5202558_21015_1_0.png
processing: 5202532_21016_1_0.png
  SKIPPING IMAGE: tot amount of vasculature (8602.0038) < quality threshold 
processing: 5202532_21015_1_0.png
  SKIPPING IMAGE: tot amount of vasculature (10929.8499) < quality threshold 
processing: 5202510_21016_1_0.png
processing: 5202510_21015_1_0.png
processing: 5202483_21016_1_0.png
processing: 5202483_21015_1_0.png
processing: 5202476_21016_1_0.png
processing: 5202476_21015_1_0.png
processing: 5202460_21016_0_0.png
  SKIPPING IMAGE: tot amount of vasculature (1804.0765) < quality threshold 
processing: 5202460_21015_0_0.png
  SKIPPING IMAGE: tot amount of vasculature (3232.0532) < quality threshold 
processing: 5202445_21016_0_0.png
processing: 5202445_21015_0_0.png
  SKIPPING IMAGE: tot amount of vasculature (5963.7476) < quality threshold 
processing: 5202381_21016_0_0.png
processing: 5202381_21015_0_0.png
processing: 5202356_21016_0_0.png
  SKIPPING IMAGE: tot amount of vasculature (672.0519) < quality threshold 
processing: 5202356_21015_0_0.png
processing: 5202298_21016_0_0.png
  SKIPPING IMAGE: tot amount of vasculature (5581.3657) < quality threshold 
processing: 5202298_21015_0_0.png
  SKIPPING IMAGE: tot amount of vasculature (2287.7886) < quality threshold 
processing: 5202199_21016_0_0.png
processing: 5202199_21015_0_0.png
processing: 5201845_21016_1_0.png
  SKIPPING IMAGE: tot amount of vasculature (38.2821) < quality threshold 
processing: 5201845_21015_1_0.png
  SKIPPING IMAGE: tot amount of vasculature (8938.792) < quality threshold 
processing: 5201669_21016_1_0.png
processing: 5201669_21015_1_0.png
processing: 5201644_21016_1_0.png
processing: 5201644_21015_1_0.png
processing: 5201610_21016_0_0.png
  SKIPPING IMAGE: tot amount of vasculature (4937.1714) < quality threshold 
processing: 5201610_21015_0_0.png
  SKIPPING IMAGE: tot amount of vasculature (6023.765) < quality threshold 
processing: 5201585_21016_0_0.png
  SKIPPING IMAGE: tot amount of vasculature (10799.1797) < quality threshold 
processing: 5201585_21015_0_0.png
  SKIPPING IMAGE: tot amount of vasculature (9366.5577) < quality threshold 
processing: 5201539_21016_0_0.png
processing: 5201539_21015_0_0.png
processing: 5201420_21016_0_0.png
  SKIPPING IMAGE: tot amount of vasculature (8329.8293) < quality threshold 
processing: 5201420_21015_0_0.png
  SKIPPING IMAGE: tot amount of vasculature (3810.7201) < quality threshold 
processing: 5201416_21016_1_0.png
  SKIPPING IMAGE: tot amount of vasculature (2255.3139) < quality threshold 
processing: 5201416_21015_1_0.png
  SKIPPING IMAGE: tot amount of vasculature (6911.8475) < quality threshold 
processing: 5201402_21016_0_0.png
  SKIPPING IMAGE: tot amount of vasculature (9404.8938) < quality threshold 
processing: 5201402_21015_0_0.png
  SKIPPING IMAGE: tot amount of vasculature (8693.571) < quality threshold 
processing: 5201312_21016_0_0.png
processing: 5201312_21015_0_0.png
processing: 5201305_21016_0_0.png
  SKIPPING IMAGE: tot amount of vasculature (7519.6958) < quality threshold 
processing: 5201305_21015_0_0.png
  SKIPPING IMAGE: tot amount of vasculature (2749.5682) < quality threshold 
processing: 5201242_21016_0_0.png
  SKIPPING IMAGE: tot amount of vasculature (3593.2916) < quality threshold 
processing: 5201242_21015_0_0.png
  SKIPPING IMAGE: tot amount of vasculature (8221.881) < quality threshold 
processing: 5201219_21016_0_0.png
processing: 5201219_21015_0_0.png
processing: 5201188_21016_0_0.png
  SKIPPING IMAGE: tot amount of vasculature (9359.0783) < quality threshold 
processing: 5201188_21015_0_0.png
processing: 5201179_21016_1_0.png
processing: 5201179_21015_1_0.png
processing: 5201048_21016_1_0.png
  SKIPPING IMAGE: tot amount of vasculature (1653.3714) < quality threshold 
processing: 5201048_21015_1_0.png
processing: 5201013_21016_1_0.png
  SKIPPING IMAGE: tot amount of vasculature (2407.2599) < quality threshold 
processing: 5201013_21015_1_0.png
  SKIPPING IMAGE: tot amount of vasculature (1395.8096) < quality threshold 
processing: 5200984_21016_0_0.png
processing: 5200984_21015_0_0.png
processing: 5200971_21016_0_0.png
processing: 5200971_21015_0_0.png
processing: 5200947_21016_1_0.png
  SKIPPING IMAGE: tot amount of vasculature (1433.4688) < quality threshold 
processing: 5200947_21015_1_0.png
  SKIPPING IMAGE: tot amount of vasculature (5371.5325) < quality threshold 
processing: 5200920_21016_0_0.png
processing: 5200920_21015_0_0.png
processing: 5200916_21016_0_0.png
  SKIPPING IMAGE: tot amount of vasculature (6194.3058) < quality threshold 
processing: 5200916_21015_0_0.png
  SKIPPING IMAGE: tot amount of vasculature (59.9357) < quality threshold 
processing: 5200878_21016_1_0.png
  SKIPPING IMAGE: tot amount of vasculature (7497.987) < quality threshold 
processing: 5200878_21016_0_0.png
processing: 5200878_21015_1_0.png
processing: 5200878_21015_0_0.png
processing: 5200780_21016_0_0.png
processing: 5200780_21015_0_0.png
  SKIPPING IMAGE: tot amount of vasculature (10133.894) < quality threshold 
processing: 5200772_21016_0_0.png
processing: 5200772_21015_0_0.png
processing: 5200652_21016_0_0.png
processing: 5200652_21015_0_0.png
processing: 5200611_21016_1_0.png
processing: 5200611_21015_1_0.png
processing: 5200549_21016_0_0.png
processing: 5200549_21015_0_0.png
processing: 5200512_21016_0_0.png
processing: 5200512_21015_0_0.png
processing: 5200505_21016_1_0.png
processing: 5200505_21015_1_0.png
processing: 5200421_21016_1_0.png
  SKIPPING IMAGE: tot amount of vasculature (9232.8257) < quality threshold 
processing: 5200421_21015_1_0.png
processing: 5200418_21016_0_0.png
  SKIPPING IMAGE: tot amount of vasculature (10553.8046) < quality threshold 
processing: 5200418_21015_0_0.png
  SKIPPING IMAGE: tot amount of vasculature (10366.3479) < quality threshold 
processing: 5200404_21016_0_0.png
processing: 5200404_21015_0_0.png
processing: 5200392_21016_0_0.png
processing: 5200392_21015_0_0.png
processing: 5200365_21016_0_0.png
  SKIPPING IMAGE: tot amount of vasculature (1141.773) < quality threshold 
processing: 5200365_21015_0_0.png
  SKIPPING IMAGE: tot amount of vasculature (455.7868) < quality threshold 
processing: 5200357_21016_0_0.png
processing: 5200357_21015_0_0.png
processing: 5200314_21016_0_0.png
processing: 5200314_21015_0_0.png
processing: 5200306_21016_0_0.png
processing: 5200306_21015_0_0.png
processing: 5200291_21016_0_0.png
  SKIPPING IMAGE: tot amount of vasculature (8461.376) < quality threshold 
processing: 5200291_21015_0_0.png
  SKIPPING IMAGE: tot amount of vasculature (8879.396) < quality threshold 
processing: 5200287_21016_0_0.png
processing: 5200287_21015_0_0.png
processing: 5200232_21016_0_0.png
processing: 5200232_21015_0_0.png
processing: 5200210_21016_0_0.png
processing: 5200210_21015_0_0.png
processing: 5200170_21016_0_0.png
processing: 5200170_21015_0_0.png
  SKIPPING IMAGE: tot amount of vasculature (7201.144) < quality threshold 
processing: 5200153_21016_0_0.png
  SKIPPING IMAGE: tot amount of vasculature (3408.1419) < quality threshold 
processing: 5200153_21015_0_0.png
  SKIPPING IMAGE: tot amount of vasculature (3661.975) < quality threshold 
processing: 5200141_21016_0_0.png
processing: 5200141_21015_0_0.png
processing: 5200019_21016_0_0.png
processing: 5200019_21015_0_0.png
processing: 5199990_21016_0_0.png
  SKIPPING IMAGE: tot amount of vasculature (7737.0082) < quality threshold 
processing: 5199990_21015_0_0.png
processing: 5199981_21016_0_0.png
processing: 5199981_21015_0_0.png
  SKIPPING IMAGE: tot amount of vasculature (1567.3192) < quality threshold 
processing: 5199974_21016_0_0.png
processing: 5199974_21015_0_0.png
processing: 5199938_21016_0_0.png
processing: 5199938_21015_0_0.png
processing: 5199796_21016_1_0.png
processing: 5199796_21015_1_0.png
  SKIPPING IMAGE: tot amount of vasculature (6228.6133) < quality threshold 
processing: 5199785_21016_0_0.png
processing: 5199785_21015_0_0.png
processing: 5199762_21016_0_0.png
  SKIPPING IMAGE: tot amount of vasculature (9048.9759) < quality threshold 
processing: 5199762_21015_0_0.png
  SKIPPING IMAGE: tot amount of vasculature (1688.9178) < quality threshold 
processing: 5199750_21016_0_0.png
processing: 5199750_21015_0_0.png
FINISHED: .mat files have been written to: /data/FAC/FBM/DBC/sbergman/retina/UKBiob/fundus/REVIEW//CLRIS/
execution time: 1895 sec
