------------------------------------------
Setting up environment variables
---
LD_LIBRARY_PATH is .:/software/Development/Languages/Matlab_Compiler_Runtime/96/runtime/glnxa64:/software/Development/Languages/Matlab_Compiler_Runtime/96/bin/glnxa64:/software/Development/Languages/Matlab_Compiler_Runtime/96/sys/os/glnxa64:/software/Development/Languages/Matlab_Compiler_Runtime/96/sys/opengl/lib/glnxa64
Running vessel measurements...
processing: 5523896_21016_0_0.png
processing: 5523896_21015_0_0.png
processing: 5523784_21016_0_0.png
processing: 5523784_21015_0_1.png
  SKIPPING IMAGE: tot amount of vasculature (7656.6393) < quality threshold 
processing: 5523784_21015_0_0.png
processing: 5523651_21016_0_0.png
  SKIPPING IMAGE: tot amount of vasculature (7919.7021) < quality threshold 
processing: 5523651_21015_0_0.png
processing: 5523627_21016_1_0.png
processing: 5523627_21015_1_0.png
processing: 5523387_21016_0_0.png
  SKIPPING IMAGE: tot amount of vasculature (9913.0649) < quality threshold 
processing: 5523387_21015_0_0.png
  SKIPPING IMAGE: tot amount of vasculature (9788.2222) < quality threshold 
processing: 5523344_21016_1_0.png
processing: 5523344_21015_1_0.png
  SKIPPING IMAGE: tot amount of vasculature (10575.7112) < quality threshold 
processing: 5523332_21016_0_0.png
processing: 5523332_21015_0_0.png
processing: 5523310_21016_0_0.png
processing: 5523310_21015_0_0.png
processing: 5523156_21016_0_0.png
  SKIPPING IMAGE: tot amount of vasculature (5990.5549) < quality threshold 
processing: 5523156_21015_0_0.png
  SKIPPING IMAGE: tot amount of vasculature (8978.9139) < quality threshold 
processing: 5523070_21016_0_0.png
  SKIPPING IMAGE: tot amount of vasculature (1679.4232) < quality threshold 
processing: 5523070_21015_0_0.png
  SKIPPING IMAGE: tot amount of vasculature (10410.5291) < quality threshold 
processing: 5523015_21016_0_0.png
  SKIPPING IMAGE: tot amount of vasculature (2908.6498) < quality threshold 
processing: 5523015_21015_0_0.png
  SKIPPING IMAGE: tot amount of vasculature (380.2682) < quality threshold 
processing: 5522957_21016_0_0.png
processing: 5522957_21015_0_0.png
processing: 5522642_21016_1_0.png
  SKIPPING IMAGE: tot amount of vasculature (2425.4389) < quality threshold 
processing: 5522642_21015_1_0.png
  SKIPPING IMAGE: tot amount of vasculature (432.6315) < quality threshold 
processing: 5522607_21016_0_0.png
processing: 5522607_21015_0_0.png
processing: 5522559_21016_0_0.png
processing: 5522559_21015_0_0.png
processing: 5522547_21016_0_0.png
  SKIPPING IMAGE: tot amount of vasculature (2260.837) < quality threshold 
processing: 5522547_21015_0_0.png
  SKIPPING IMAGE: tot amount of vasculature (7617.3708) < quality threshold 
processing: 5522533_21016_0_0.png
processing: 5522533_21015_0_0.png
  SKIPPING IMAGE: tot amount of vasculature (8333.4818) < quality threshold 
processing: 5522520_21016_0_0.png
processing: 5522520_21015_0_0.png
processing: 5522502_21016_0_0.png
processing: 5522502_21015_0_0.png
processing: 5522482_21016_0_0.png
processing: 5522482_21015_0_0.png
processing: 5522453_21016_0_0.png
processing: 5522453_21015_0_0.png
processing: 5522272_21016_0_0.png
processing: 5522272_21015_0_0.png
  SKIPPING IMAGE: tot amount of vasculature (10969.2662) < quality threshold 
processing: 5522255_21016_0_0.png
processing: 5522255_21015_0_0.png
  SKIPPING IMAGE: tot amount of vasculature (3747.9134) < quality threshold 
processing: 5522201_21016_0_0.png
processing: 5522201_21015_0_0.png
  SKIPPING IMAGE: tot amount of vasculature (7545.5557) < quality threshold 
processing: 5522186_21016_0_0.png
processing: 5522186_21015_0_0.png
processing: 5522151_21016_0_0.png
processing: 5522151_21015_0_0.png
processing: 5522149_21016_0_0.png
processing: 5522149_21015_0_0.png
processing: 5522105_21016_0_0.png
processing: 5522105_21015_0_0.png
processing: 5522093_21016_0_0.png
processing: 5522093_21015_0_0.png
  SKIPPING IMAGE: tot amount of vasculature (342.0731) < quality threshold 
processing: 5521952_21016_0_0.png
  SKIPPING IMAGE: tot amount of vasculature (2980.5787) < quality threshold 
processing: 5521952_21015_0_0.png
processing: 5521866_21016_1_0.png
processing: 5521866_21015_1_0.png
processing: 5521731_21016_0_0.png
  SKIPPING IMAGE: tot amount of vasculature (1900.7508) < quality threshold 
processing: 5521731_21015_0_0.png
  SKIPPING IMAGE: tot amount of vasculature (8655.9128) < quality threshold 
processing: 5521723_21016_0_0.png
processing: 5521723_21015_0_0.png
processing: 5521706_21016_0_0.png
  SKIPPING IMAGE: tot amount of vasculature (10231.1088) < quality threshold 
processing: 5521706_21015_0_0.png
  SKIPPING IMAGE: tot amount of vasculature (4287.5062) < quality threshold 
processing: 5521668_21016_1_0.png
processing: 5521668_21016_0_0.png
processing: 5521668_21015_1_0.png
processing: 5521668_21015_0_0.png
processing: 5521659_21016_0_0.png
processing: 5521659_21015_0_0.png
processing: 5521556_21016_0_0.png
  SKIPPING IMAGE: tot amount of vasculature (7782.3036) < quality threshold 
processing: 5521556_21015_0_0.png
processing: 5521542_21016_0_0.png
  SKIPPING IMAGE: tot amount of vasculature (9656.6011) < quality threshold 
processing: 5521475_21016_0_0.png
processing: 5521475_21015_0_0.png
processing: 5521410_21016_0_0.png
  SKIPPING IMAGE: tot amount of vasculature (7969.1198) < quality threshold 
processing: 5521410_21015_0_0.png
  SKIPPING IMAGE: tot amount of vasculature (7638.1187) < quality threshold 
processing: 5521403_21016_0_0.png
  SKIPPING IMAGE: tot amount of vasculature (8289.3273) < quality threshold 
processing: 5521399_21016_0_0.png
processing: 5521399_21015_0_0.png
  SKIPPING IMAGE: tot amount of vasculature (8999.3618) < quality threshold 
processing: 5521367_21016_0_0.png
processing: 5521367_21015_0_0.png
processing: 5521348_21016_0_0.png
processing: 5521348_21015_0_0.png
processing: 5521301_21016_0_0.png
  SKIPPING IMAGE: tot amount of vasculature (8816.5436) < quality threshold 
processing: 5521301_21015_0_0.png
processing: 5521296_21016_1_0.png
processing: 5521296_21015_1_0.png
processing: 5521154_21016_0_0.png
processing: 5521154_21015_0_0.png
processing: 5521049_21016_0_0.png
  SKIPPING IMAGE: tot amount of vasculature (8032.5707) < quality threshold 
processing: 5521049_21015_0_0.png
  SKIPPING IMAGE: tot amount of vasculature (8704.712) < quality threshold 
processing: 5520991_21016_0_0.png
  SKIPPING IMAGE: tot amount of vasculature (1147.8999) < quality threshold 
processing: 5520991_21015_0_0.png
  SKIPPING IMAGE: tot amount of vasculature (9346.5199) < quality threshold 
processing: 5520969_21016_1_0.png
  SKIPPING IMAGE: tot amount of vasculature (7172.3049) < quality threshold 
processing: 5520969_21015_1_0.png
  SKIPPING IMAGE: tot amount of vasculature (8908.5926) < quality threshold 
processing: 5520944_21016_1_0.png
  SKIPPING IMAGE: tot amount of vasculature (8351.8377) < quality threshold 
processing: 5520944_21015_1_0.png
  SKIPPING IMAGE: tot amount of vasculature (7134.5235) < quality threshold 
processing: 5520892_21016_0_0.png
processing: 5520892_21015_0_0.png
processing: 5520806_21016_0_0.png
  SKIPPING IMAGE: tot amount of vasculature (112.6335) < quality threshold 
processing: 5520806_21015_0_0.png
  SKIPPING IMAGE: tot amount of vasculature (2815.4176) < quality threshold 
processing: 5520653_21016_1_0.png
  SKIPPING IMAGE: tot amount of vasculature (6847.1287) < quality threshold 
processing: 5520653_21015_1_0.png
  SKIPPING IMAGE: tot amount of vasculature (3888.1655) < quality threshold 
processing: 5520567_21016_0_0.png
processing: 5520567_21015_0_0.png
processing: 5520354_21016_0_0.png
Warning: No vessels found in 5520354_21016_0_0
> In Vessel_Data_IO.load_from_file (line 183)
  In REVIEW_evaluate_diameter_measurements (line 125)
  In ARIA_run_tests (line 209)
  SKIPPING IMAGE: No vessels found
processing: 5520354_21015_0_0.png
Warning: No vessels found in 5520354_21015_0_0
> In Vessel_Data_IO.load_from_file (line 183)
  In REVIEW_evaluate_diameter_measurements (line 125)
  In ARIA_run_tests (line 209)
  SKIPPING IMAGE: No vessels found
processing: 5520109_21016_0_0.png
  SKIPPING IMAGE: tot amount of vasculature (10304.0778) < quality threshold 
processing: 5520109_21015_0_0.png
processing: 5520050_21016_0_0.png
processing: 5520050_21015_0_0.png
processing: 5520039_21016_0_0.png
processing: 5520039_21015_0_0.png
processing: 5519923_21016_0_0.png
processing: 5519923_21015_0_0.png
processing: 5519906_21016_0_0.png
  SKIPPING IMAGE: tot amount of vasculature (6406.9502) < quality threshold 
processing: 5519906_21015_0_0.png
  SKIPPING IMAGE: tot amount of vasculature (3189.1858) < quality threshold 
processing: 5519858_21016_0_0.png
processing: 5519858_21015_0_0.png
processing: 5519728_21016_1_0.png
  SKIPPING IMAGE: tot amount of vasculature (3827.446) < quality threshold 
processing: 5519728_21015_1_0.png
  SKIPPING IMAGE: tot amount of vasculature (3813.7565) < quality threshold 
processing: 5519711_21016_1_0.png
  SKIPPING IMAGE: tot amount of vasculature (1551.4345) < quality threshold 
processing: 5519711_21015_1_0.png
  SKIPPING IMAGE: tot amount of vasculature (2856.3434) < quality threshold 
processing: 5519690_21016_1_0.png
processing: 5519690_21015_1_0.png
processing: 5519638_21016_1_0.png
processing: 5519638_21015_1_0.png
processing: 5519607_21016_0_0.png
processing: 5519607_21015_0_0.png
processing: 5519595_21016_0_0.png
  SKIPPING IMAGE: tot amount of vasculature (6810.7789) < quality threshold 
processing: 5519595_21015_0_0.png
  SKIPPING IMAGE: tot amount of vasculature (1122.5205) < quality threshold 
processing: 5519584_21016_0_0.png
  SKIPPING IMAGE: tot amount of vasculature (8774.9381) < quality threshold 
processing: 5519584_21015_0_0.png
  SKIPPING IMAGE: tot amount of vasculature (10271.44) < quality threshold 
processing: 5519571_21016_0_0.png
processing: 5519571_21015_0_0.png
processing: 5519568_21016_0_0.png
  SKIPPING IMAGE: tot amount of vasculature (9353.217) < quality threshold 
processing: 5519568_21015_0_0.png
  SKIPPING IMAGE: tot amount of vasculature (7292.0769) < quality threshold 
processing: 5519437_21016_0_0.png
processing: 5519437_21015_0_0.png
processing: 5519415_21016_0_0.png
processing: 5519415_21015_0_0.png
processing: 5519339_21016_1_0.png
  SKIPPING IMAGE: tot amount of vasculature (8821.8006) < quality threshold 
processing: 5519339_21015_1_0.png
  SKIPPING IMAGE: tot amount of vasculature (8392.4255) < quality threshold 
processing: 5519318_21016_0_0.png
processing: 5519318_21015_0_0.png
processing: 5519304_21016_0_0.png
processing: 5519304_21015_0_0.png
processing: 5519280_21016_1_0.png
processing: 5519280_21015_1_0.png
processing: 5519198_21016_0_0.png
  SKIPPING IMAGE: tot amount of vasculature (10311.2385) < quality threshold 
processing: 5519198_21015_0_0.png
processing: 5519173_21016_0_0.png
processing: 5519173_21015_0_0.png
processing: 5519093_21016_1_0.png
  SKIPPING IMAGE: tot amount of vasculature (88.8883) < quality threshold 
processing: 5519078_21016_0_0.png
  SKIPPING IMAGE: tot amount of vasculature (7689.2766) < quality threshold 
processing: 5519078_21015_0_0.png
  SKIPPING IMAGE: tot amount of vasculature (3864.5572) < quality threshold 
processing: 5518936_21016_0_0.png
processing: 5518936_21015_0_0.png
processing: 5518913_21016_0_0.png
processing: 5518913_21015_0_0.png
processing: 5518896_21016_0_0.png
processing: 5518896_21015_0_0.png
processing: 5518759_21016_0_0.png
  SKIPPING IMAGE: tot amount of vasculature (7149.9176) < quality threshold 
processing: 5518759_21015_0_0.png
processing: 5518733_21016_0_0.png
processing: 5518733_21015_0_0.png
processing: 5518664_21016_1_0.png
  SKIPPING IMAGE: tot amount of vasculature (255.0178) < quality threshold 
processing: 5518664_21015_1_0.png
  SKIPPING IMAGE: tot amount of vasculature (5686.1527) < quality threshold 
processing: 5518651_21016_0_0.png
  SKIPPING IMAGE: tot amount of vasculature (5604.6768) < quality threshold 
processing: 5518651_21015_0_0.png
processing: 5518627_21016_1_0.png
  SKIPPING IMAGE: tot amount of vasculature (8925.8782) < quality threshold 
processing: 5518627_21015_1_0.png
  SKIPPING IMAGE: tot amount of vasculature (9810.0084) < quality threshold 
processing: 5518560_21016_0_0.png
  SKIPPING IMAGE: tot amount of vasculature (9674.0621) < quality threshold 
processing: 5518560_21015_0_0.png
  SKIPPING IMAGE: tot amount of vasculature (9626.737) < quality threshold 
processing: 5518552_21016_0_0.png
processing: 5518552_21015_0_0.png
processing: 5518391_21016_1_0.png
processing: 5518391_21015_1_0.png
processing: 5518375_21016_1_0.png
  SKIPPING IMAGE: tot amount of vasculature (3185.8324) < quality threshold 
processing: 5518375_21015_1_0.png
  SKIPPING IMAGE: tot amount of vasculature (6616.4448) < quality threshold 
processing: 5518326_21016_0_0.png
processing: 5518326_21015_0_0.png
processing: 5518310_21016_0_0.png
processing: 5518310_21015_0_0.png
  SKIPPING IMAGE: tot amount of vasculature (10685.963) < quality threshold 
processing: 5518265_21016_0_0.png
  SKIPPING IMAGE: tot amount of vasculature (8443.7468) < quality threshold 
processing: 5518265_21015_0_0.png
  SKIPPING IMAGE: tot amount of vasculature (68.4644) < quality threshold 
processing: 5518206_21016_0_0.png
processing: 5518206_21015_0_0.png
  SKIPPING IMAGE: tot amount of vasculature (10540.8494) < quality threshold 
processing: 5518070_21016_1_0.png
processing: 5518070_21015_1_0.png
processing: 5517984_21016_1_0.png
processing: 5517984_21015_1_0.png
processing: 5517947_21016_0_0.png
  SKIPPING IMAGE: tot amount of vasculature (4367.3988) < quality threshold 
processing: 5517947_21015_0_0.png
  SKIPPING IMAGE: tot amount of vasculature (322.3953) < quality threshold 
processing: 5517933_21016_0_0.png
processing: 5517933_21015_0_0.png
processing: 5517920_21016_0_0.png
processing: 5517920_21015_0_0.png
processing: 5517893_21016_0_0.png
  SKIPPING IMAGE: tot amount of vasculature (10640.6262) < quality threshold 
processing: 5517893_21015_0_0.png
processing: 5517822_21016_0_0.png
processing: 5517822_21015_0_0.png
  SKIPPING IMAGE: tot amount of vasculature (10218.0698) < quality threshold 
processing: 5517683_21016_0_0.png
processing: 5517683_21015_0_0.png
processing: 5517645_21016_0_0.png
processing: 5517645_21015_0_0.png
processing: 5517628_21016_1_0.png
  SKIPPING IMAGE: tot amount of vasculature (4763.0681) < quality threshold 
processing: 5517628_21015_1_0.png
  SKIPPING IMAGE: tot amount of vasculature (9155.0213) < quality threshold 
processing: 5517609_21016_1_0.png
processing: 5517609_21015_1_0.png
processing: 5517598_21016_1_0.png
  SKIPPING IMAGE: tot amount of vasculature (10021.4991) < quality threshold 
processing: 5517598_21016_0_0.png
processing: 5517598_21015_1_0.png
  SKIPPING IMAGE: tot amount of vasculature (5050.0515) < quality threshold 
processing: 5517598_21015_0_0.png
processing: 5517505_21015_0_0.png
processing: 5517496_21016_0_0.png
processing: 5517496_21015_0_0.png
processing: 5517462_21016_1_0.png
  SKIPPING IMAGE: tot amount of vasculature (44.4278) < quality threshold 
processing: 5517462_21015_1_0.png
  SKIPPING IMAGE: tot amount of vasculature (4452.9545) < quality threshold 
processing: 5517443_21016_0_0.png
processing: 5517443_21015_0_0.png
processing: 5517314_21016_0_0.png
processing: 5517314_21015_0_0.png
processing: 5517129_21016_0_0.png
processing: 5517129_21015_0_0.png
processing: 5517081_21016_1_0.png
processing: 5517081_21016_0_0.png
processing: 5517081_21015_1_0.png
processing: 5517081_21015_0_0.png
processing: 5517074_21016_0_0.png
processing: 5517074_21015_0_0.png
processing: 5517038_21016_0_0.png
  SKIPPING IMAGE: tot amount of vasculature (10011.8681) < quality threshold 
processing: 5517038_21015_0_0.png
  SKIPPING IMAGE: tot amount of vasculature (6664.0471) < quality threshold 
processing: 5516946_21016_0_0.png
processing: 5516946_21015_0_0.png
processing: 5516871_21016_0_0.png
processing: 5516871_21015_0_0.png
processing: 5516859_21016_1_0.png
processing: 5516859_21015_1_0.png
processing: 5516737_21016_0_0.png
processing: 5516737_21015_0_0.png
processing: 5516729_21016_0_0.png
processing: 5516729_21015_0_0.png
processing: 5516643_21016_0_0.png
processing: 5516643_21015_0_0.png
processing: 5516639_21016_0_0.png
processing: 5516639_21015_0_0.png
processing: 5516510_21016_0_0.png
processing: 5516510_21015_0_0.png
processing: 5516363_21016_0_0.png
processing: 5516363_21015_0_0.png
processing: 5516319_21016_0_0.png
processing: 5516319_21015_0_0.png
processing: 5516249_21016_0_0.png
processing: 5516249_21015_0_0.png
processing: 5516227_21016_0_0.png
  SKIPPING IMAGE: tot amount of vasculature (4481.5157) < quality threshold 
processing: 5516227_21015_0_0.png
  SKIPPING IMAGE: tot amount of vasculature (2281.6487) < quality threshold 
processing: 5516212_21016_1_0.png
  SKIPPING IMAGE: tot amount of vasculature (1481.2186) < quality threshold 
processing: 5516212_21015_1_0.png
  SKIPPING IMAGE: No vessels found
processing: 5516124_21016_0_0.png
processing: 5516124_21015_0_0.png
processing: 5515976_21016_0_0.png
processing: 5515976_21015_0_0.png
processing: 5515894_21016_0_0.png
processing: 5515894_21015_0_0.png
processing: 5515829_21016_0_0.png
  SKIPPING IMAGE: tot amount of vasculature (7967.2624) < quality threshold 
processing: 5515829_21015_0_0.png
  SKIPPING IMAGE: tot amount of vasculature (10156.193) < quality threshold 
processing: 5515765_21016_0_0.png
processing: 5515765_21015_0_0.png
processing: 5515731_21016_0_0.png
processing: 5515731_21015_0_0.png
processing: 5515633_21016_0_0.png
processing: 5515633_21015_0_0.png
processing: 5515519_21015_0_0.png
  SKIPPING IMAGE: tot amount of vasculature (3422.2531) < quality threshold 
processing: 5515487_21016_1_0.png
processing: 5515487_21015_1_0.png
processing: 5515475_21016_0_0.png
processing: 5515475_21015_0_0.png
processing: 5515469_21016_0_0.png
  SKIPPING IMAGE: tot amount of vasculature (4669.5222) < quality threshold 
processing: 5515469_21015_0_0.png
  SKIPPING IMAGE: tot amount of vasculature (8664.9799) < quality threshold 
processing: 5515444_21016_1_0.png
processing: 5515444_21015_1_0.png
processing: 5515380_21016_0_0.png
  SKIPPING IMAGE: tot amount of vasculature (10512.1661) < quality threshold 
processing: 5515380_21015_0_0.png
  SKIPPING IMAGE: tot amount of vasculature (8569.9196) < quality threshold 
processing: 5515348_21016_0_0.png
processing: 5515348_21015_0_0.png
processing: 5515204_21016_0_0.png
processing: 5515204_21015_0_0.png
processing: 5515135_21016_0_0.png
processing: 5515135_21015_0_0.png
  SKIPPING IMAGE: tot amount of vasculature (7951.5402) < quality threshold 
processing: 5515086_21016_0_0.png
processing: 5515086_21015_0_0.png
processing: 5514991_21016_1_0.png
processing: 5514975_21016_0_0.png
FINISHED: .mat files have been written to: /data/FAC/FBM/DBC/sbergman/retina/UKBiob/fundus/REVIEW//CLRIS/
execution time: 1681 sec
