------------------------------------------
Setting up environment variables
---
LD_LIBRARY_PATH is .:/software/Development/Languages/Matlab_Compiler_Runtime/96/runtime/glnxa64:/software/Development/Languages/Matlab_Compiler_Runtime/96/bin/glnxa64:/software/Development/Languages/Matlab_Compiler_Runtime/96/sys/os/glnxa64:/software/Development/Languages/Matlab_Compiler_Runtime/96/sys/opengl/lib/glnxa64
Running vessel measurements...
processing: 4103389_21016_1_0.png
processing: 4103389_21015_1_0.png
processing: 4103354_21016_0_0.png
processing: 4103354_21015_0_0.png
processing: 4103295_21016_0_0.png
processing: 4103295_21015_0_0.png
processing: 4103183_21016_0_0.png
processing: 4103183_21015_0_0.png
processing: 4103176_21016_0_0.png
  SKIPPING IMAGE: tot amount of vasculature (9546.5708) < quality threshold 
processing: 4103176_21015_0_0.png
processing: 4103128_21016_0_0.png
processing: 4103128_21015_0_0.png
processing: 4103109_21016_0_0.png
processing: 4103085_21016_0_0.png
processing: 4103085_21015_0_0.png
processing: 4103050_21016_0_0.png
  SKIPPING IMAGE: tot amount of vasculature (9316.9375) < quality threshold 
processing: 4103050_21015_0_0.png
  SKIPPING IMAGE: tot amount of vasculature (9251.8497) < quality threshold 
processing: 4103043_21016_0_0.png
  SKIPPING IMAGE: tot amount of vasculature (10719.9419) < quality threshold 
processing: 4103043_21015_0_0.png
processing: 4102971_21016_0_0.png
processing: 4102971_21015_0_0.png
processing: 4102889_21016_0_0.png
processing: 4102889_21015_0_0.png
processing: 4102817_21016_0_0.png
processing: 4102817_21015_0_0.png
processing: 4102701_21016_0_0.png
processing: 4102701_21015_0_0.png
processing: 4102697_21016_0_0.png
processing: 4102697_21015_0_0.png
processing: 4102598_21016_0_0.png
processing: 4102598_21015_0_0.png
processing: 4102549_21016_0_0.png
processing: 4102549_21015_0_0.png
processing: 4102485_21016_0_0.png
processing: 4102485_21015_0_0.png
processing: 4102439_21016_0_0.png
processing: 4102439_21015_0_0.png
processing: 4102210_21016_0_0.png
  SKIPPING IMAGE: tot amount of vasculature (10595.5245) < quality threshold 
processing: 4102210_21015_0_0.png
processing: 4102038_21016_0_0.png
processing: 4102038_21015_0_0.png
processing: 4101999_21016_0_0.png
  SKIPPING IMAGE: tot amount of vasculature (2589.2377) < quality threshold 
processing: 4101999_21015_0_0.png
  SKIPPING IMAGE: tot amount of vasculature (7257.5617) < quality threshold 
processing: 4101936_21016_0_0.png
processing: 4101936_21015_0_0.png
processing: 4101924_21016_0_0.png
processing: 4101924_21015_0_0.png
processing: 4101901_21016_0_0.png
  SKIPPING IMAGE: tot amount of vasculature (8151.0652) < quality threshold 
processing: 4101901_21015_0_0.png
  SKIPPING IMAGE: tot amount of vasculature (4712.7483) < quality threshold 
processing: 4101850_21016_0_0.png
processing: 4101850_21015_0_0.png
processing: 4101771_21016_0_0.png
processing: 4101771_21015_0_0.png
processing: 4101768_21016_1_0.png
  SKIPPING IMAGE: tot amount of vasculature (6083.0456) < quality threshold 
processing: 4101768_21015_1_0.png
  SKIPPING IMAGE: tot amount of vasculature (10358.2402) < quality threshold 
processing: 4101720_21016_0_0.png
processing: 4101720_21015_0_0.png
  SKIPPING IMAGE: tot amount of vasculature (9873.399) < quality threshold 
processing: 4101702_21016_0_0.png
processing: 4101702_21015_0_0.png
processing: 4101686_21016_0_0.png
  SKIPPING IMAGE: tot amount of vasculature (10917.6515) < quality threshold 
processing: 4101686_21015_0_0.png
  SKIPPING IMAGE: tot amount of vasculature (10349.5161) < quality threshold 
processing: 4101673_21016_0_0.png
processing: 4101673_21015_0_0.png
processing: 4101605_21016_1_0.png
processing: 4101605_21015_1_0.png
  SKIPPING IMAGE: tot amount of vasculature (8857.5245) < quality threshold 
processing: 4101597_21016_0_0.png
processing: 4101576_21016_0_0.png
  SKIPPING IMAGE: tot amount of vasculature (6870.325) < quality threshold 
processing: 4101288_21016_0_0.png
processing: 4101288_21015_0_0.png
processing: 4101206_21016_1_0.png
  SKIPPING IMAGE: tot amount of vasculature (7701.6299) < quality threshold 
processing: 4101206_21015_1_0.png
processing: 4101163_21016_0_0.png
  SKIPPING IMAGE: tot amount of vasculature (9497.2749) < quality threshold 
processing: 4101163_21015_0_0.png
processing: 4101119_21016_0_0.png
processing: 4101119_21015_0_0.png
processing: 4101082_21016_0_0.png
processing: 4101082_21015_0_0.png
processing: 4101070_21016_0_0.png
  SKIPPING IMAGE: tot amount of vasculature (7106.4425) < quality threshold 
processing: 4101070_21015_0_0.png
  SKIPPING IMAGE: tot amount of vasculature (4658.3143) < quality threshold 
processing: 4101053_21016_0_0.png
  SKIPPING IMAGE: tot amount of vasculature (5607.5907) < quality threshold 
processing: 4101053_21015_0_0.png
  SKIPPING IMAGE: tot amount of vasculature (8302.1426) < quality threshold 
processing: 4101041_21016_0_0.png
  SKIPPING IMAGE: tot amount of vasculature (9529.5413) < quality threshold 
processing: 4101041_21015_0_0.png
  SKIPPING IMAGE: tot amount of vasculature (4966.0946) < quality threshold 
processing: 4101037_21016_0_0.png
  SKIPPING IMAGE: tot amount of vasculature (2187.6922) < quality threshold 
processing: 4101037_21015_0_0.png
  SKIPPING IMAGE: tot amount of vasculature (10418.6502) < quality threshold 
processing: 4101029_21016_1_0.png
processing: 4101029_21015_1_0.png
processing: 4100993_21016_0_0.png
processing: 4100993_21015_0_0.png
processing: 4100978_21016_0_0.png
processing: 4100978_21015_0_0.png
processing: 4100961_21016_0_0.png
processing: 4100961_21015_0_0.png
processing: 4100935_21016_0_0.png
  SKIPPING IMAGE: tot amount of vasculature (2661.3711) < quality threshold 
processing: 4100935_21015_0_0.png
processing: 4100900_21016_0_0.png
processing: 4100900_21015_0_0.png
processing: 4100868_21016_0_0.png
processing: 4100868_21015_0_0.png
processing: 4100816_21016_0_0.png
processing: 4100816_21015_0_0.png
  SKIPPING IMAGE: tot amount of vasculature (2221.6951) < quality threshold 
processing: 4100753_21016_0_0.png
  SKIPPING IMAGE: tot amount of vasculature (3659.3118) < quality threshold 
processing: 4100753_21015_0_1.png
  SKIPPING IMAGE: tot amount of vasculature (2701.1684) < quality threshold 
processing: 4100753_21015_0_0.png
  SKIPPING IMAGE: tot amount of vasculature (5259.0778) < quality threshold 
processing: 4100650_21016_0_0.png
  SKIPPING IMAGE: tot amount of vasculature (7554.1721) < quality threshold 
processing: 4100650_21015_0_0.png
processing: 4100587_21016_0_0.png
processing: 4100587_21015_0_0.png
processing: 4100569_21016_0_0.png
processing: 4100569_21015_0_0.png
processing: 4100452_21016_1_0.png
processing: 4100452_21016_0_0.png
processing: 4100452_21015_1_0.png
processing: 4100452_21015_0_0.png
processing: 4100445_21016_0_0.png
processing: 4100445_21015_0_0.png
processing: 4100411_21016_1_0.png
processing: 4100411_21015_1_0.png
  SKIPPING IMAGE: tot amount of vasculature (7972.0069) < quality threshold 
processing: 4100342_21016_1_0.png
processing: 4100342_21015_1_0.png
processing: 4100307_21016_0_0.png
processing: 4100307_21015_0_0.png
  SKIPPING IMAGE: tot amount of vasculature (9683.5135) < quality threshold 
processing: 4100286_21016_0_0.png
processing: 4100286_21015_0_0.png
processing: 4100273_21016_0_0.png
processing: 4100273_21015_0_0.png
processing: 4100230_21016_0_0.png
processing: 4100230_21015_0_0.png
processing: 4100172_21016_0_0.png
processing: 4100172_21015_0_0.png
  SKIPPING IMAGE: tot amount of vasculature (10723.2403) < quality threshold 
processing: 4100148_21016_0_0.png
processing: 4100148_21015_0_0.png
  SKIPPING IMAGE: tot amount of vasculature (1268.7674) < quality threshold 
processing: 4100124_21016_0_0.png
  SKIPPING IMAGE: tot amount of vasculature (6182.884) < quality threshold 
processing: 4100124_21015_0_0.png
  SKIPPING IMAGE: tot amount of vasculature (1062.7442) < quality threshold 
processing: 4100079_21016_0_0.png
processing: 4100079_21015_0_0.png
processing: 4100065_21016_0_0.png
processing: 4100065_21015_0_0.png
processing: 4100040_21016_0_0.png
processing: 4100040_21015_0_0.png
  SKIPPING IMAGE: tot amount of vasculature (1782.0408) < quality threshold 
processing: 4099981_21016_0_0.png
processing: 4099981_21015_0_0.png
processing: 4099925_21016_0_0.png
