------------------------------------------
Setting up environment variables
---
LD_LIBRARY_PATH is .:/software/Development/Languages/Matlab_Compiler_Runtime/96/runtime/glnxa64:/software/Development/Languages/Matlab_Compiler_Runtime/96/bin/glnxa64:/software/Development/Languages/Matlab_Compiler_Runtime/96/sys/os/glnxa64:/software/Development/Languages/Matlab_Compiler_Runtime/96/sys/opengl/lib/glnxa64
Running vessel measurements...
processing: 4206349_21016_0_0.png
processing: 4206349_21015_0_0.png
  SKIPPING IMAGE: tot amount of vasculature (5482.8461) < quality threshold 
processing: 4206274_21016_1_0.png
processing: 4206274_21015_1_0.png
processing: 4206225_21016_0_0.png
processing: 4206225_21015_0_0.png
processing: 4206165_21016_0_0.png
processing: 4206165_21015_0_0.png
processing: 4206099_21016_0_0.png
processing: 4206099_21015_0_1.png
processing: 4206099_21015_0_0.png
processing: 4206036_21016_0_0.png
processing: 4206036_21015_0_0.png
processing: 4206024_21016_0_0.png
processing: 4206024_21015_0_0.png
  SKIPPING IMAGE: tot amount of vasculature (7083.3709) < quality threshold 
processing: 4206001_21016_0_0.png
processing: 4206001_21015_0_0.png
processing: 4205916_21016_0_0.png
processing: 4205916_21015_0_0.png
processing: 4205822_21016_0_0.png
processing: 4205822_21015_0_0.png
  SKIPPING IMAGE: tot amount of vasculature (10978.5209) < quality threshold 
processing: 4205767_21016_0_1.png
processing: 4205767_21016_0_0.png
processing: 4205767_21015_0_0.png
processing: 4205724_21016_1_0.png
  SKIPPING IMAGE: tot amount of vasculature (4232.3402) < quality threshold 
processing: 4205724_21016_0_0.png
  SKIPPING IMAGE: tot amount of vasculature (4275.4581) < quality threshold 
processing: 4205724_21015_1_0.png
  SKIPPING IMAGE: No vessels found
processing: 4205724_21015_0_0.png
  SKIPPING IMAGE: tot amount of vasculature (5286.1471) < quality threshold 
processing: 4205701_21016_0_0.png
processing: 4205701_21015_0_0.png
  SKIPPING IMAGE: tot amount of vasculature (10154.7229) < quality threshold 
processing: 4205697_21016_1_0.png
processing: 4205697_21015_1_0.png
processing: 4205609_21016_1_0.png
  SKIPPING IMAGE: tot amount of vasculature (2941.9799) < quality threshold 
processing: 4205609_21015_1_0.png
  SKIPPING IMAGE: tot amount of vasculature (2095.2212) < quality threshold 
processing: 4205462_21016_1_0.png
Warning: No vessels found in 4205462_21016_1_0
> In Vessel_Data_IO.load_from_file (line 183)
  In REVIEW_evaluate_diameter_measurements (line 125)
  In ARIA_run_tests (line 209)
  SKIPPING IMAGE: No vessels found
processing: 4205462_21015_1_0.png
  SKIPPING IMAGE: tot amount of vasculature (541.8333) < quality threshold 
processing: 4205439_21016_0_0.png
processing: 4205439_21015_0_0.png
processing: 4205421_21016_0_0.png
processing: 4205421_21015_0_0.png
processing: 4205323_21016_0_0.png
  SKIPPING IMAGE: tot amount of vasculature (7937.1503) < quality threshold 
processing: 4205323_21015_0_0.png
  SKIPPING IMAGE: tot amount of vasculature (5436.0487) < quality threshold 
processing: 4205232_21016_0_0.png
processing: 4205232_21015_0_0.png
processing: 4205063_21016_0_0.png
processing: 4204962_21016_0_0.png
processing: 4204855_21016_0_0.png
processing: 4204855_21015_0_0.png
processing: 4204813_21016_0_0.png
processing: 4204813_21015_0_0.png
processing: 4204790_21016_0_0.png
processing: 4204790_21015_0_0.png
processing: 4204600_21016_1_0.png
processing: 4204600_21016_0_0.png
processing: 4204600_21015_1_0.png
processing: 4204600_21015_0_0.png
processing: 4204523_21016_1_0.png
  SKIPPING IMAGE: tot amount of vasculature (3912.6472) < quality threshold 
processing: 4204523_21016_0_0.png
  SKIPPING IMAGE: tot amount of vasculature (9224.6261) < quality threshold 
processing: 4204523_21015_1_0.png
  SKIPPING IMAGE: tot amount of vasculature (6504.1837) < quality threshold 
processing: 4204523_21015_0_0.png
  SKIPPING IMAGE: tot amount of vasculature (8417.0031) < quality threshold 
processing: 4204430_21016_1_0.png
processing: 4204430_21015_1_0.png
processing: 4204370_21016_0_0.png
processing: 4204370_21015_0_0.png
processing: 4204315_21016_0_0.png
processing: 4204315_21015_0_0.png
processing: 4204245_21016_0_0.png
  SKIPPING IMAGE: tot amount of vasculature (10009.7989) < quality threshold 
processing: 4204245_21015_0_0.png
processing: 4204234_21016_1_0.png
  SKIPPING IMAGE: tot amount of vasculature (2087.5242) < quality threshold 
processing: 4204234_21015_1_0.png
  SKIPPING IMAGE: tot amount of vasculature (4600.3342) < quality threshold 
processing: 4204211_21016_0_0.png
processing: 4204211_21015_0_0.png
  SKIPPING IMAGE: tot amount of vasculature (7459.5896) < quality threshold 
processing: 4204168_21016_1_0.png
  SKIPPING IMAGE: tot amount of vasculature (9475.7707) < quality threshold 
processing: 4204168_21015_1_0.png
processing: 4204159_21016_0_0.png
processing: 4204159_21015_0_0.png
processing: 4204003_21016_0_0.png
processing: 4204003_21015_0_0.png
processing: 4203868_21016_0_0.png
processing: 4203868_21015_0_0.png
processing: 4203794_21016_0_0.png
  SKIPPING IMAGE: tot amount of vasculature (6335.7481) < quality threshold 
processing: 4203794_21015_0_0.png
  SKIPPING IMAGE: tot amount of vasculature (8092.2043) < quality threshold 
processing: 4203770_21016_1_0.png
processing: 4203770_21015_1_0.png
  SKIPPING IMAGE: tot amount of vasculature (5080.899) < quality threshold 
processing: 4203575_21016_0_0.png
processing: 4203575_21015_0_0.png
processing: 4203558_21016_1_0.png
  SKIPPING IMAGE: tot amount of vasculature (581.8361) < quality threshold 
processing: 4203558_21015_1_0.png
  SKIPPING IMAGE: tot amount of vasculature (76.738) < quality threshold 
processing: 4203460_21016_0_0.png
processing: 4203460_21015_0_0.png
processing: 4203434_21016_0_0.png
  SKIPPING IMAGE: tot amount of vasculature (7088.9247) < quality threshold 
processing: 4203434_21015_0_0.png
processing: 4203342_21016_0_0.png
  SKIPPING IMAGE: tot amount of vasculature (1506.8512) < quality threshold 
processing: 4203342_21015_0_0.png
  SKIPPING IMAGE: tot amount of vasculature (1009.3327) < quality threshold 
processing: 4203249_21016_1_0.png
processing: 4203249_21015_1_0.png
processing: 4203199_21016_0_0.png
processing: 4203199_21015_0_0.png
processing: 4203113_21016_0_0.png
processing: 4203113_21015_0_0.png
processing: 4203079_21016_0_0.png
processing: 4203079_21015_0_0.png
processing: 4203057_21016_1_0.png
processing: 4203057_21015_1_0.png
processing: 4202973_21016_1_0.png
  SKIPPING IMAGE: tot amount of vasculature (8634.2446) < quality threshold 
processing: 4202973_21015_1_0.png
  SKIPPING IMAGE: tot amount of vasculature (10525.5904) < quality threshold 
processing: 4202874_21016_1_0.png
processing: 4202874_21015_1_0.png
processing: 4202791_21016_0_0.png
processing: 4202791_21015_0_0.png
processing: 4202758_21016_0_0.png
  SKIPPING IMAGE: tot amount of vasculature (8219.9713) < quality threshold 
processing: 4202758_21015_0_0.png
processing: 4202710_21016_0_0.png
  SKIPPING IMAGE: tot amount of vasculature (533.6163) < quality threshold 
processing: 4202710_21015_0_0.png
  SKIPPING IMAGE: tot amount of vasculature (1387.9624) < quality threshold 
processing: 4202655_21016_1_0.png
  SKIPPING IMAGE: tot amount of vasculature (9681.8241) < quality threshold 
processing: 4202636_21016_0_0.png
  SKIPPING IMAGE: tot amount of vasculature (9619.1737) < quality threshold 
processing: 4202636_21015_0_0.png
  SKIPPING IMAGE: tot amount of vasculature (10982.8798) < quality threshold 
processing: 4202613_21016_1_0.png
processing: 4202613_21015_1_0.png
processing: 4202570_21016_0_0.png
processing: 4202570_21015_0_0.png
processing: 4202529_21016_0_0.png
  SKIPPING IMAGE: tot amount of vasculature (575.355) < quality threshold 
processing: 4202529_21015_0_0.png
