------------------------------------------
Setting up environment variables
---
LD_LIBRARY_PATH is .:/software/Development/Languages/Matlab_Compiler_Runtime/96/runtime/glnxa64:/software/Development/Languages/Matlab_Compiler_Runtime/96/bin/glnxa64:/software/Development/Languages/Matlab_Compiler_Runtime/96/sys/os/glnxa64:/software/Development/Languages/Matlab_Compiler_Runtime/96/sys/opengl/lib/glnxa64
Running vessel measurements...
processing: 3849409_21015_0_0.png
  SKIPPING IMAGE: tot amount of vasculature (1399.9739) < quality threshold 
processing: 3849227_21016_0_0.png
  SKIPPING IMAGE: tot amount of vasculature (6944.5621) < quality threshold 
processing: 3849227_21015_0_0.png
processing: 3849172_21016_0_0.png
  SKIPPING IMAGE: tot amount of vasculature (9246.0068) < quality threshold 
processing: 3849172_21015_0_0.png
processing: 3849155_21016_1_0.png
  SKIPPING IMAGE: tot amount of vasculature (7921.5552) < quality threshold 
processing: 3849155_21015_1_0.png
processing: 3849014_21016_0_0.png
  SKIPPING IMAGE: tot amount of vasculature (3569.651) < quality threshold 
processing: 3849014_21015_0_0.png
  SKIPPING IMAGE: tot amount of vasculature (7627.9012) < quality threshold 
processing: 3848998_21016_0_0.png
processing: 3848998_21015_0_0.png
processing: 3848964_21016_0_0.png
  SKIPPING IMAGE: tot amount of vasculature (7893.366) < quality threshold 
processing: 3848964_21015_0_0.png
  SKIPPING IMAGE: tot amount of vasculature (5332.9916) < quality threshold 
processing: 3848890_21016_0_0.png
processing: 3848890_21015_0_0.png
processing: 3848825_21016_0_0.png
processing: 3848825_21015_0_0.png
processing: 3848787_21016_0_0.png
processing: 3848787_21015_0_0.png
processing: 3848624_21016_0_0.png
processing: 3848624_21015_0_0.png
processing: 3848457_21016_0_0.png
  SKIPPING IMAGE: tot amount of vasculature (2301.2882) < quality threshold 
processing: 3848457_21015_0_0.png
  SKIPPING IMAGE: tot amount of vasculature (2418.8406) < quality threshold 
processing: 3848371_21016_0_0.png
  SKIPPING IMAGE: tot amount of vasculature (9607.2979) < quality threshold 
processing: 3848371_21015_0_0.png
  SKIPPING IMAGE: tot amount of vasculature (7197.8172) < quality threshold 
processing: 3848320_21016_0_0.png
  SKIPPING IMAGE: tot amount of vasculature (77.1438) < quality threshold 
processing: 3848320_21015_0_0.png
processing: 3848254_21016_0_0.png
processing: 3848254_21015_0_0.png
  SKIPPING IMAGE: tot amount of vasculature (2537.3639) < quality threshold 
processing: 3848235_21016_0_0.png
processing: 3848235_21015_0_0.png
processing: 3848150_21016_0_0.png
processing: 3848150_21015_0_0.png
  SKIPPING IMAGE: tot amount of vasculature (9417.9289) < quality threshold 
processing: 3848118_21016_0_0.png
processing: 3848118_21015_0_0.png
processing: 3848104_21016_0_0.png
  SKIPPING IMAGE: tot amount of vasculature (0.98466) < quality threshold 
processing: 3848104_21015_0_0.png
  SKIPPING IMAGE: tot amount of vasculature (4043.7594) < quality threshold 
processing: 3848097_21016_1_0.png
processing: 3848097_21015_1_0.png
processing: 3848076_21016_0_0.png
processing: 3848076_21015_0_0.png
processing: 3847991_21016_1_0.png
  SKIPPING IMAGE: tot amount of vasculature (8290.0604) < quality threshold 
processing: 3847991_21015_1_0.png
processing: 3847987_21016_0_0.png
processing: 3847987_21015_0_0.png
processing: 3847910_21016_0_0.png
processing: 3847910_21015_0_0.png
processing: 3847903_21016_0_0.png
processing: 3847903_21015_0_0.png
processing: 3847865_21016_0_0.png
processing: 3847865_21015_0_0.png
processing: 3847840_21016_1_0.png
processing: 3847840_21015_1_0.png
processing: 3847806_21016_0_0.png
processing: 3847806_21015_0_0.png
processing: 3847786_21016_0_0.png
processing: 3847786_21015_0_0.png
processing: 3847764_21016_0_0.png
processing: 3847764_21015_0_0.png
processing: 3847666_21016_0_0.png
processing: 3847666_21015_0_0.png
processing: 3847567_21016_0_0.png
processing: 3847567_21015_0_0.png
processing: 3847536_21016_0_0.png
processing: 3847536_21015_0_0.png
processing: 3847513_21016_0_0.png
processing: 3847513_21015_0_0.png
  SKIPPING IMAGE: tot amount of vasculature (7337.0772) < quality threshold 
processing: 3847442_21016_0_0.png
processing: 3847442_21015_0_0.png
processing: 3847438_21016_0_0.png
processing: 3847438_21015_0_0.png
processing: 3847335_21016_0_0.png
processing: 3847335_21015_0_0.png
processing: 3847322_21016_1_0.png
  SKIPPING IMAGE: tot amount of vasculature (9132.0506) < quality threshold 
processing: 3847322_21015_1_0.png
processing: 3847247_21016_1_0.png
processing: 3847247_21015_1_0.png
processing: 3847109_21016_0_0.png
processing: 3847109_21015_0_0.png
processing: 3847050_21016_0_0.png
processing: 3847050_21015_0_0.png
processing: 3847018_21016_0_0.png
  SKIPPING IMAGE: tot amount of vasculature (10683.0086) < quality threshold 
processing: 3847018_21015_0_0.png
  SKIPPING IMAGE: tot amount of vasculature (10674.2319) < quality threshold 
processing: 3847004_21016_0_0.png
processing: 3847004_21015_0_0.png
  SKIPPING IMAGE: tot amount of vasculature (10475.72) < quality threshold 
processing: 3846992_21016_1_0.png
processing: 3846992_21015_1_0.png
processing: 3846734_21016_0_0.png
processing: 3846734_21015_0_0.png
processing: 3846690_21016_0_0.png
processing: 3846690_21015_0_0.png
  SKIPPING IMAGE: tot amount of vasculature (5813.5901) < quality threshold 
processing: 3846681_21016_0_0.png
processing: 3846681_21015_0_0.png
processing: 3846595_21016_1_0.png
processing: 3846595_21015_1_0.png
processing: 3846571_21016_0_0.png
processing: 3846571_21015_0_0.png
processing: 3846466_21016_0_0.png
  SKIPPING IMAGE: tot amount of vasculature (9590.1238) < quality threshold 
processing: 3846466_21015_0_0.png
processing: 3846415_21016_1_0.png
  SKIPPING IMAGE: tot amount of vasculature (5442.5389) < quality threshold 
processing: 3846415_21015_1_0.png
processing: 3846396_21016_1_0.png
  SKIPPING IMAGE: tot amount of vasculature (1817.8651) < quality threshold 
processing: 3846396_21015_1_0.png
  SKIPPING IMAGE: tot amount of vasculature (421.7937) < quality threshold 
processing: 3846385_21016_1_0.png
processing: 3846385_21015_1_0.png
processing: 3846350_21016_1_0.png
  SKIPPING IMAGE: tot amount of vasculature (2302.423) < quality threshold 
processing: 3846350_21015_1_0.png
  SKIPPING IMAGE: tot amount of vasculature (287.4987) < quality threshold 
processing: 3846318_21016_0_0.png
  SKIPPING IMAGE: tot amount of vasculature (10493.9251) < quality threshold 
processing: 3846318_21015_0_0.png
  SKIPPING IMAGE: tot amount of vasculature (10408.0855) < quality threshold 
processing: 3846304_21016_0_0.png
processing: 3846304_21015_0_0.png
processing: 3846173_21016_0_0.png
processing: 3846173_21015_0_0.png
  SKIPPING IMAGE: tot amount of vasculature (8201.1553) < quality threshold 
processing: 3845941_21016_0_0.png
processing: 3845941_21015_0_0.png
processing: 3845908_21016_0_0.png
processing: 3845908_21015_0_0.png
processing: 3845897_21016_0_0.png
processing: 3845897_21015_0_0.png
processing: 3845789_21016_0_0.png
processing: 3845789_21015_0_0.png
processing: 3845687_21016_0_0.png
processing: 3845687_21015_0_0.png
processing: 3845669_21016_1_0.png
processing: 3845626_21016_1_0.png
processing: 3845626_21015_1_0.png
  SKIPPING IMAGE: tot amount of vasculature (8556.929) < quality threshold 
processing: 3845596_21016_0_0.png
processing: 3845596_21015_0_0.png
processing: 3845504_21016_1_0.png
processing: 3845504_21015_1_0.png
processing: 3845447_21016_0_0.png
processing: 3845447_21015_0_0.png
  SKIPPING IMAGE: tot amount of vasculature (4718.1808) < quality threshold 
processing: 3845281_21016_0_0.png
processing: 3845281_21015_0_0.png
  SKIPPING IMAGE: tot amount of vasculature (4751.7883) < quality threshold 
processing: 3845188_21016_1_0.png
processing: 3845188_21015_1_0.png
processing: 3844995_21016_0_0.png
processing: 3844995_21015_0_0.png
processing: 3844947_21016_0_0.png
processing: 3844947_21015_0_0.png
processing: 3844933_21016_0_0.png
processing: 3844933_21015_0_0.png
