------------------------------------------
Setting up environment variables
---
LD_LIBRARY_PATH is .:/software/Development/Languages/Matlab_Compiler_Runtime/96/runtime/glnxa64:/software/Development/Languages/Matlab_Compiler_Runtime/96/bin/glnxa64:/software/Development/Languages/Matlab_Compiler_Runtime/96/sys/os/glnxa64:/software/Development/Languages/Matlab_Compiler_Runtime/96/sys/opengl/lib/glnxa64
Running vessel measurements...
processing: 2491888_21016_0_0.png
processing: 2491888_21015_0_0.png
processing: 2491773_21016_0_0.png
processing: 2491773_21015_0_0.png
processing: 2491670_21016_0_0.png
  SKIPPING IMAGE: tot amount of vasculature (9362.5168) < quality threshold 
processing: 2491670_21015_0_0.png
processing: 2491608_21016_0_0.png
processing: 2491608_21015_0_0.png
processing: 2491548_21016_0_0.png
processing: 2491548_21015_0_0.png
processing: 2491268_21016_0_0.png
  SKIPPING IMAGE: tot amount of vasculature (10509.0615) < quality threshold 
processing: 2491268_21015_0_0.png
  SKIPPING IMAGE: tot amount of vasculature (9834.4703) < quality threshold 
processing: 2491216_21016_1_0.png
  SKIPPING IMAGE: tot amount of vasculature (4670.9805) < quality threshold 
processing: 2491216_21015_1_0.png
  SKIPPING IMAGE: No vessels found
processing: 2491062_21016_0_0.png
processing: 2491062_21015_0_0.png
  SKIPPING IMAGE: tot amount of vasculature (7642.7635) < quality threshold 
processing: 2490864_21016_0_0.png
  SKIPPING IMAGE: tot amount of vasculature (6843.5575) < quality threshold 
processing: 2490864_21015_0_0.png
  SKIPPING IMAGE: tot amount of vasculature (4422.4487) < quality threshold 
processing: 2490830_21016_0_0.png
  SKIPPING IMAGE: tot amount of vasculature (7820.0998) < quality threshold 
processing: 2490830_21015_0_0.png
processing: 2490812_21016_0_0.png
  SKIPPING IMAGE: tot amount of vasculature (9866.0705) < quality threshold 
processing: 2490812_21015_0_0.png
  SKIPPING IMAGE: tot amount of vasculature (8874.8298) < quality threshold 
processing: 2490762_21016_0_0.png
  SKIPPING IMAGE: tot amount of vasculature (2055.078) < quality threshold 
processing: 2490762_21015_0_0.png
  SKIPPING IMAGE: tot amount of vasculature (7011.2063) < quality threshold 
processing: 2490739_21016_0_0.png
processing: 2490739_21015_0_0.png
processing: 2490679_21016_0_0.png
processing: 2490679_21015_0_0.png
processing: 2490640_21016_0_0.png
  SKIPPING IMAGE: tot amount of vasculature (182.7373) < quality threshold 
processing: 2490640_21015_0_0.png
  SKIPPING IMAGE: tot amount of vasculature (2531.9435) < quality threshold 
processing: 2490631_21016_0_0.png
  SKIPPING IMAGE: tot amount of vasculature (5191.3912) < quality threshold 
processing: 2490631_21015_0_0.png
  SKIPPING IMAGE: tot amount of vasculature (5426.7589) < quality threshold 
processing: 2490614_21016_0_0.png
processing: 2490614_21015_0_0.png
  SKIPPING IMAGE: tot amount of vasculature (10025.1826) < quality threshold 
processing: 2490593_21016_0_0.png
processing: 2490593_21015_0_0.png
  SKIPPING IMAGE: tot amount of vasculature (5706.0266) < quality threshold 
processing: 2490554_21016_0_0.png
  SKIPPING IMAGE: tot amount of vasculature (8027.5205) < quality threshold 
processing: 2490554_21015_0_0.png
  SKIPPING IMAGE: tot amount of vasculature (9754.6616) < quality threshold 
processing: 2490480_21016_0_0.png
processing: 2490480_21015_0_0.png
processing: 2490472_21016_0_0.png
processing: 2490472_21015_0_0.png
processing: 2490467_21016_0_0.png
processing: 2490467_21015_0_0.png
  SKIPPING IMAGE: tot amount of vasculature (7435.003) < quality threshold 
processing: 2490455_21016_0_0.png
  SKIPPING IMAGE: tot amount of vasculature (8108.822) < quality threshold 
processing: 2490455_21015_0_0.png
processing: 2490360_21016_0_0.png
processing: 2490360_21015_0_0.png
processing: 2490215_21016_0_0.png
processing: 2490215_21015_0_0.png
processing: 2490191_21016_1_0.png
processing: 2490191_21015_1_0.png
processing: 2490126_21016_0_0.png
  SKIPPING IMAGE: tot amount of vasculature (9493.1438) < quality threshold 
processing: 2490126_21015_0_0.png
  SKIPPING IMAGE: tot amount of vasculature (5521.7315) < quality threshold 
processing: 2490047_21016_1_0.png
processing: 2490047_21015_1_0.png
processing: 2489670_21016_0_0.png
processing: 2489670_21015_0_0.png
processing: 2489666_21016_0_0.png
  SKIPPING IMAGE: tot amount of vasculature (4402.2703) < quality threshold 
processing: 2489666_21015_0_0.png
processing: 2489641_21016_0_0.png
processing: 2489641_21015_0_0.png
processing: 2489567_21016_1_0.png
  SKIPPING IMAGE: tot amount of vasculature (1635.4686) < quality threshold 
processing: 2489567_21015_1_0.png
processing: 2489555_21016_0_0.png
processing: 2489555_21015_0_0.png
processing: 2489322_21016_0_0.png
processing: 2489322_21015_0_0.png
processing: 2489284_21016_0_0.png
processing: 2489284_21015_0_0.png
processing: 2489062_21016_0_0.png
processing: 2489062_21015_0_0.png
processing: 2488995_21016_0_0.png
processing: 2488995_21015_0_0.png
processing: 2488916_21016_0_0.png
  SKIPPING IMAGE: tot amount of vasculature (2125.6905) < quality threshold 
processing: 2488916_21015_0_0.png
  SKIPPING IMAGE: tot amount of vasculature (5933.7782) < quality threshold 
processing: 2488893_21016_0_0.png
processing: 2488893_21015_0_0.png
processing: 2488822_21016_0_0.png
processing: 2488822_21015_0_0.png
processing: 2488683_21016_0_0.png
processing: 2488683_21015_0_0.png
processing: 2488676_21016_1_0.png
processing: 2488676_21015_1_0.png
processing: 2488645_21016_0_0.png
processing: 2488645_21015_0_0.png
processing: 2488634_21016_0_0.png
processing: 2488634_21015_0_0.png
processing: 2488573_21016_0_0.png
processing: 2488573_21015_0_0.png
processing: 2488549_21016_0_0.png
processing: 2488549_21015_0_0.png
processing: 2488512_21016_1_0.png
processing: 2488512_21015_1_0.png
processing: 2488462_21016_0_0.png
processing: 2488462_21015_0_0.png
  SKIPPING IMAGE: tot amount of vasculature (8113.0504) < quality threshold 
processing: 2488421_21016_0_0.png
processing: 2488421_21015_0_0.png
  SKIPPING IMAGE: tot amount of vasculature (9154.4283) < quality threshold 
processing: 2488404_21016_0_0.png
  SKIPPING IMAGE: tot amount of vasculature (1000.2434) < quality threshold 
processing: 2488404_21015_0_0.png
  SKIPPING IMAGE: tot amount of vasculature (2783.0038) < quality threshold 
processing: 2488388_21016_0_0.png
processing: 2488388_21015_0_0.png
processing: 2488365_21016_0_0.png
processing: 2488365_21015_0_0.png
processing: 2488291_21016_0_0.png
processing: 2488291_21015_0_0.png
processing: 2488258_21016_1_0.png
  SKIPPING IMAGE: tot amount of vasculature (2690.405) < quality threshold 
processing: 2488258_21015_1_0.png
  SKIPPING IMAGE: tot amount of vasculature (8389.6865) < quality threshold 
processing: 2488244_21016_0_0.png
processing: 2488244_21015_0_0.png
processing: 2488226_21016_0_0.png
processing: 2488226_21015_0_0.png
  SKIPPING IMAGE: tot amount of vasculature (10965.7889) < quality threshold 
processing: 2488210_21016_0_0.png
processing: 2488210_21015_0_0.png
processing: 2488081_21016_0_0.png
processing: 2488081_21015_0_0.png
  SKIPPING IMAGE: tot amount of vasculature (6680.7086) < quality threshold 
processing: 2488074_21016_0_0.png
processing: 2488074_21015_0_0.png
processing: 2488063_21016_0_0.png
processing: 2488063_21015_0_0.png
processing: 2487821_21016_1_0.png
processing: 2487821_21015_1_0.png
processing: 2487747_21016_0_0.png
processing: 2487747_21015_0_0.png
processing: 2487673_21016_0_0.png
processing: 2487673_21015_0_0.png
processing: 2487651_21016_0_0.png
processing: 2487651_21015_0_0.png
processing: 2487630_21016_0_0.png
  SKIPPING IMAGE: tot amount of vasculature (1731.319) < quality threshold 
processing: 2487630_21015_0_0.png
  SKIPPING IMAGE: tot amount of vasculature (7703.1122) < quality threshold 
processing: 2487597_21016_0_0.png
processing: 2487597_21015_0_0.png
processing: 2487509_21016_0_0.png
processing: 2487509_21015_0_0.png
processing: 2487288_21016_0_0.png
processing: 2487257_21016_0_0.png
processing: 2487257_21015_0_0.png
processing: 2487214_21016_0_0.png
processing: 2487214_21015_0_0.png
  SKIPPING IMAGE: tot amount of vasculature (10982.4048) < quality threshold 
processing: 2487190_21016_0_0.png
processing: 2487190_21015_0_0.png
