------------------------------------------
Setting up environment variables
---
LD_LIBRARY_PATH is .:/software/Development/Languages/Matlab_Compiler_Runtime/96/runtime/glnxa64:/software/Development/Languages/Matlab_Compiler_Runtime/96/bin/glnxa64:/software/Development/Languages/Matlab_Compiler_Runtime/96/sys/os/glnxa64:/software/Development/Languages/Matlab_Compiler_Runtime/96/sys/opengl/lib/glnxa64
Running vessel measurements...
processing: 3065250_21015_0_0.png
processing: 3065243_21016_0_0.png
  SKIPPING IMAGE: tot amount of vasculature (2850.3086) < quality threshold 
processing: 3065243_21015_0_0.png
  SKIPPING IMAGE: tot amount of vasculature (4895.9804) < quality threshold 
processing: 3065154_21016_1_0.png
  SKIPPING IMAGE: tot amount of vasculature (6365.8252) < quality threshold 
processing: 3065154_21015_1_0.png
processing: 3065135_21016_0_0.png
processing: 3065135_21015_0_0.png
processing: 3065098_21016_0_0.png
processing: 3065098_21015_0_0.png
  SKIPPING IMAGE: tot amount of vasculature (9481.1665) < quality threshold 
processing: 3064926_21016_0_0.png
processing: 3064926_21015_0_0.png
processing: 3064892_21016_0_0.png
processing: 3064892_21015_0_0.png
processing: 3064751_21016_0_0.png
processing: 3064751_21015_0_0.png
processing: 3064666_21016_0_0.png
processing: 3064666_21015_0_0.png
  SKIPPING IMAGE: tot amount of vasculature (10152.086) < quality threshold 
processing: 3064637_21016_1_0.png
  SKIPPING IMAGE: tot amount of vasculature (2462.117) < quality threshold 
processing: 3064637_21015_1_0.png
  SKIPPING IMAGE: tot amount of vasculature (10322.5828) < quality threshold 
processing: 3064615_21016_1_0.png
processing: 3064615_21015_1_0.png
processing: 3064572_21016_0_0.png
processing: 3064572_21015_0_0.png
  SKIPPING IMAGE: tot amount of vasculature (4918.9201) < quality threshold 
processing: 3064555_21016_0_0.png
processing: 3064555_21015_0_0.png
processing: 3064474_21016_0_0.png
processing: 3064474_21015_0_0.png
processing: 3064393_21016_0_0.png
  SKIPPING IMAGE: tot amount of vasculature (8736.8147) < quality threshold 
processing: 3064393_21015_0_0.png
  SKIPPING IMAGE: tot amount of vasculature (1397.778) < quality threshold 
processing: 3064335_21016_0_0.png
processing: 3064335_21015_0_0.png
  SKIPPING IMAGE: tot amount of vasculature (9932.1384) < quality threshold 
processing: 3064300_21016_1_0.png
processing: 3064300_21015_1_0.png
processing: 3064268_21016_1_0.png
  SKIPPING IMAGE: tot amount of vasculature (2373.4436) < quality threshold 
processing: 3064268_21015_1_0.png
  SKIPPING IMAGE: tot amount of vasculature (3576.7038) < quality threshold 
processing: 3064247_21016_1_0.png
  SKIPPING IMAGE: tot amount of vasculature (4381.2977) < quality threshold 
processing: 3064247_21016_0_0.png
processing: 3064247_21015_1_0.png
  SKIPPING IMAGE: tot amount of vasculature (2017.9746) < quality threshold 
processing: 3064247_21015_0_0.png
processing: 3064220_21016_0_0.png
processing: 3064220_21015_0_0.png
processing: 3064152_21016_0_0.png
  SKIPPING IMAGE: tot amount of vasculature (7903.3539) < quality threshold 
processing: 3064152_21015_0_0.png
  SKIPPING IMAGE: tot amount of vasculature (7817.199) < quality threshold 
processing: 3064004_21016_0_0.png
processing: 3064004_21015_0_0.png
processing: 3063982_21016_0_0.png
processing: 3063982_21015_0_0.png
processing: 3063953_21016_0_0.png
  SKIPPING IMAGE: tot amount of vasculature (6115.2871) < quality threshold 
processing: 3063953_21015_0_0.png
  SKIPPING IMAGE: tot amount of vasculature (6577.8263) < quality threshold 
processing: 3063915_21016_0_0.png
  SKIPPING IMAGE: tot amount of vasculature (549.0513) < quality threshold 
processing: 3063915_21015_0_0.png
  SKIPPING IMAGE: tot amount of vasculature (3578.3792) < quality threshold 
processing: 3063897_21016_0_0.png
processing: 3063897_21015_0_0.png
  SKIPPING IMAGE: tot amount of vasculature (4477.6601) < quality threshold 
processing: 3063852_21016_0_0.png
processing: 3063852_21015_0_0.png
  SKIPPING IMAGE: tot amount of vasculature (7759.9566) < quality threshold 
processing: 3063845_21016_0_0.png
processing: 3063845_21015_0_0.png
processing: 3063828_21016_0_0.png
processing: 3063828_21015_0_0.png
processing: 3063789_21016_0_0.png
  SKIPPING IMAGE: tot amount of vasculature (9444.4923) < quality threshold 
processing: 3063789_21015_0_0.png
  SKIPPING IMAGE: tot amount of vasculature (6536.9092) < quality threshold 
processing: 3063778_21016_0_0.png
  SKIPPING IMAGE: tot amount of vasculature (3095.7738) < quality threshold 
processing: 3063778_21015_0_0.png
  SKIPPING IMAGE: tot amount of vasculature (7906.5043) < quality threshold 
processing: 3063669_21016_0_0.png
  SKIPPING IMAGE: tot amount of vasculature (10098.6102) < quality threshold 
processing: 3063669_21015_0_0.png
processing: 3063539_21016_1_0.png
processing: 3063539_21015_1_0.png
processing: 3063495_21016_0_0.png
  SKIPPING IMAGE: tot amount of vasculature (10323.6957) < quality threshold 
processing: 3063495_21015_0_0.png
processing: 3063459_21016_1_0.png
  SKIPPING IMAGE: tot amount of vasculature (9211.2919) < quality threshold 
processing: 3063459_21016_0_0.png
  SKIPPING IMAGE: tot amount of vasculature (10673.6929) < quality threshold 
processing: 3063459_21015_1_0.png
processing: 3063459_21015_0_0.png
processing: 3063416_21016_0_0.png
processing: 3063416_21015_0_0.png
processing: 3063398_21016_0_0.png
processing: 3063398_21015_0_0.png
processing: 3063349_21016_0_0.png
  SKIPPING IMAGE: tot amount of vasculature (5941.4173) < quality threshold 
processing: 3063349_21015_0_0.png
processing: 3063290_21016_0_0.png
processing: 3063290_21015_0_0.png
  SKIPPING IMAGE: tot amount of vasculature (6638.1318) < quality threshold 
processing: 3063256_21016_0_0.png
  SKIPPING IMAGE: tot amount of vasculature (8749.6833) < quality threshold 
processing: 3063256_21015_0_0.png
  SKIPPING IMAGE: tot amount of vasculature (10963.2369) < quality threshold 
processing: 3063225_21016_0_0.png
processing: 3063225_21015_0_0.png
processing: 3063179_21016_1_0.png
processing: 3063179_21015_1_0.png
  SKIPPING IMAGE: tot amount of vasculature (8854.3093) < quality threshold 
processing: 3063140_21016_1_0.png
  SKIPPING IMAGE: tot amount of vasculature (4952.3364) < quality threshold 
processing: 3063140_21015_1_0.png
  SKIPPING IMAGE: tot amount of vasculature (4107.764) < quality threshold 
processing: 3063099_21016_0_0.png
processing: 3063099_21015_0_0.png
  SKIPPING IMAGE: tot amount of vasculature (4102.6318) < quality threshold 
processing: 3063055_21016_0_0.png
  SKIPPING IMAGE: tot amount of vasculature (9944.406) < quality threshold 
processing: 3063055_21015_0_0.png
  SKIPPING IMAGE: tot amount of vasculature (8911.9581) < quality threshold 
processing: 3063048_21016_1_0.png
processing: 3063048_21015_1_0.png
processing: 3063001_21016_0_0.png
  SKIPPING IMAGE: tot amount of vasculature (4249.2597) < quality threshold 
processing: 3063001_21015_0_0.png
  SKIPPING IMAGE: tot amount of vasculature (5372.3136) < quality threshold 
processing: 3062851_21016_0_0.png
processing: 3062851_21015_0_0.png
processing: 3062762_21016_0_0.png
  SKIPPING IMAGE: No vessels found
processing: 3062762_21015_0_0.png
  SKIPPING IMAGE: tot amount of vasculature (1741.7387) < quality threshold 
processing: 3062743_21016_0_0.png
processing: 3062743_21015_0_0.png
processing: 3062718_21016_0_0.png
  SKIPPING IMAGE: tot amount of vasculature (10270.5962) < quality threshold 
processing: 3062718_21015_0_0.png
  SKIPPING IMAGE: tot amount of vasculature (5738.6105) < quality threshold 
processing: 3062614_21016_1_0.png
processing: 3062614_21015_1_0.png
processing: 3062253_21016_0_0.png
processing: 3062253_21015_0_0.png
processing: 3062215_21016_1_0.png
processing: 3062215_21015_1_0.png
processing: 3062175_21016_1_0.png
processing: 3062175_21015_1_0.png
processing: 3062071_21016_0_0.png
processing: 3062071_21015_0_0.png
processing: 3061950_21016_0_0.png
processing: 3061950_21015_0_0.png
processing: 3061921_21016_0_0.png
processing: 3061921_21015_0_0.png
processing: 3061904_21016_0_0.png
