------------------------------------------
Setting up environment variables
---
LD_LIBRARY_PATH is .:/software/Development/Languages/Matlab_Compiler_Runtime/96/runtime/glnxa64:/software/Development/Languages/Matlab_Compiler_Runtime/96/bin/glnxa64:/software/Development/Languages/Matlab_Compiler_Runtime/96/sys/os/glnxa64:/software/Development/Languages/Matlab_Compiler_Runtime/96/sys/opengl/lib/glnxa64
Running vessel measurements...
processing: 1370267_21016_0_0.png
processing: 1370267_21015_0_0.png
processing: 1370151_21016_1_0.png
processing: 1370151_21015_1_0.png
processing: 1370093_21016_1_0.png
processing: 1370093_21015_1_0.png
processing: 1370061_21016_1_0.png
processing: 1370061_21015_1_0.png
processing: 1370017_21016_0_0.png
  SKIPPING IMAGE: tot amount of vasculature (1331.6876) < quality threshold 
processing: 1370017_21015_0_0.png
  SKIPPING IMAGE: tot amount of vasculature (7724.2533) < quality threshold 
processing: 1369901_21016_0_0.png
processing: 1369901_21015_0_0.png
processing: 1369862_21016_0_1.png
  SKIPPING IMAGE: tot amount of vasculature (477.3974) < quality threshold 
processing: 1369862_21016_0_0.png
  SKIPPING IMAGE: tot amount of vasculature (5966.427) < quality threshold 
processing: 1369862_21015_0_0.png
  SKIPPING IMAGE: tot amount of vasculature (6451.4835) < quality threshold 
processing: 1369839_21016_0_0.png
processing: 1369839_21015_0_0.png
processing: 1369649_21016_0_0.png
  SKIPPING IMAGE: tot amount of vasculature (8024.3745) < quality threshold 
processing: 1369649_21015_0_0.png
processing: 1369612_21016_0_0.png
processing: 1369612_21015_0_0.png
processing: 1369605_21016_0_0.png
processing: 1369605_21015_0_0.png
  SKIPPING IMAGE: tot amount of vasculature (10645.9341) < quality threshold 
processing: 1369560_21016_0_0.png
processing: 1369560_21015_0_0.png
processing: 1369446_21016_0_0.png
processing: 1369446_21015_0_0.png
processing: 1369422_21016_0_0.png
processing: 1369422_21015_0_0.png
processing: 1369417_21016_1_0.png
  SKIPPING IMAGE: tot amount of vasculature (10873.1207) < quality threshold 
processing: 1369417_21015_1_0.png
  SKIPPING IMAGE: tot amount of vasculature (9841.6177) < quality threshold 
processing: 1369344_21016_1_0.png
processing: 1369344_21015_1_0.png
processing: 1369257_21016_0_0.png
processing: 1369257_21015_0_0.png
processing: 1369231_21016_0_0.png
processing: 1369231_21015_0_0.png
processing: 1369053_21016_0_0.png
processing: 1369053_21015_0_0.png
processing: 1368965_21016_0_0.png
  SKIPPING IMAGE: tot amount of vasculature (540.9449) < quality threshold 
processing: 1368965_21015_0_0.png
  SKIPPING IMAGE: tot amount of vasculature (856.0585) < quality threshold 
processing: 1368832_21016_0_0.png
processing: 1368832_21015_0_0.png
processing: 1368826_21016_0_0.png
processing: 1368826_21015_0_0.png
processing: 1368638_21016_0_0.png
  SKIPPING IMAGE: tot amount of vasculature (4752.1041) < quality threshold 
processing: 1368638_21015_0_0.png
  SKIPPING IMAGE: tot amount of vasculature (6863.9219) < quality threshold 
processing: 1368547_21016_0_0.png
processing: 1368547_21015_0_0.png
processing: 1368520_21016_1_0.png
processing: 1368520_21015_1_0.png
processing: 1368415_21016_0_0.png
  SKIPPING IMAGE: tot amount of vasculature (7030.306) < quality threshold 
processing: 1368415_21015_0_0.png
  SKIPPING IMAGE: tot amount of vasculature (7335.3077) < quality threshold 
processing: 1368385_21016_0_0.png
processing: 1368385_21015_0_0.png
processing: 1368377_21016_1_0.png
  SKIPPING IMAGE: tot amount of vasculature (9710.6675) < quality threshold 
processing: 1368377_21015_1_0.png
  SKIPPING IMAGE: tot amount of vasculature (3725.8973) < quality threshold 
processing: 1368280_21016_0_0.png
processing: 1368280_21015_0_0.png
processing: 1368224_21016_0_0.png
processing: 1368224_21015_0_0.png
processing: 1368213_21016_0_0.png
processing: 1368213_21015_0_0.png
processing: 1368054_21016_1_0.png
  SKIPPING IMAGE: tot amount of vasculature (10718.4857) < quality threshold 
processing: 1368054_21015_1_0.png
processing: 1367997_21016_0_0.png
processing: 1367997_21015_0_0.png
processing: 1367983_21016_0_0.png
processing: 1367983_21015_0_0.png
processing: 1367853_21016_0_0.png
processing: 1367853_21015_0_0.png
processing: 1367808_21016_0_0.png
processing: 1367808_21015_0_0.png
processing: 1367668_21016_0_0.png
processing: 1367668_21015_0_0.png
processing: 1367620_21016_0_0.png
  SKIPPING IMAGE: No vessels found
processing: 1367620_21015_0_0.png
  SKIPPING IMAGE: tot amount of vasculature (2020.4236) < quality threshold 
processing: 1367590_21016_0_0.png
processing: 1367590_21015_0_0.png
processing: 1367542_21016_0_0.png
processing: 1367542_21015_0_0.png
processing: 1367475_21016_0_0.png
  SKIPPING IMAGE: tot amount of vasculature (7428.2005) < quality threshold 
processing: 1367475_21015_0_0.png
processing: 1367399_21016_0_0.png
processing: 1367399_21015_0_0.png
processing: 1367367_21016_0_0.png
  SKIPPING IMAGE: tot amount of vasculature (9464.7014) < quality threshold 
processing: 1367367_21015_0_0.png
  SKIPPING IMAGE: tot amount of vasculature (10867.8227) < quality threshold 
processing: 1367336_21016_0_0.png
processing: 1367336_21015_0_0.png
processing: 1367301_21016_0_0.png
  SKIPPING IMAGE: tot amount of vasculature (2693.4245) < quality threshold 
processing: 1367301_21015_0_0.png
processing: 1367012_21016_0_0.png
processing: 1367012_21015_0_0.png
processing: 1366929_21016_0_0.png
processing: 1366929_21015_0_0.png
processing: 1366860_21016_1_0.png
  SKIPPING IMAGE: tot amount of vasculature (7556.1257) < quality threshold 
processing: 1366860_21015_1_0.png
  SKIPPING IMAGE: tot amount of vasculature (8682.2359) < quality threshold 
processing: 1366811_21016_0_0.png
processing: 1366811_21015_0_0.png
processing: 1366809_21016_0_0.png
processing: 1366809_21015_0_0.png
processing: 1366761_21016_0_0.png
processing: 1366761_21015_0_0.png
processing: 1366669_21016_0_0.png
processing: 1366669_21015_0_0.png
processing: 1366263_21016_0_0.png
  SKIPPING IMAGE: tot amount of vasculature (7583.4727) < quality threshold 
processing: 1366188_21016_0_0.png
processing: 1366188_21015_0_0.png
processing: 1366072_21016_1_0.png
processing: 1366072_21016_0_0.png
processing: 1366072_21015_1_0.png
processing: 1366072_21015_0_0.png
processing: 1365995_21016_0_1.png
processing: 1365995_21016_0_0.png
  SKIPPING IMAGE: tot amount of vasculature (9170.6316) < quality threshold 
processing: 1365995_21015_0_0.png
processing: 1365959_21016_0_0.png
  SKIPPING IMAGE: tot amount of vasculature (2027.0846) < quality threshold 
processing: 1365959_21015_0_0.png
  SKIPPING IMAGE: tot amount of vasculature (4476.5957) < quality threshold 
processing: 1365835_21016_1_0.png
  SKIPPING IMAGE: tot amount of vasculature (39.5714) < quality threshold 
processing: 1365835_21015_1_0.png
  SKIPPING IMAGE: tot amount of vasculature (41.1009) < quality threshold 
processing: 1365799_21016_1_0.png
  SKIPPING IMAGE: tot amount of vasculature (7068.7696) < quality threshold 
processing: 1365799_21015_1_0.png
processing: 1365780_21016_0_0.png
processing: 1365780_21015_0_0.png
processing: 1365772_21016_0_0.png
processing: 1365772_21015_0_0.png
processing: 1365755_21016_0_0.png
  SKIPPING IMAGE: tot amount of vasculature (6153.1286) < quality threshold 
processing: 1365755_21015_0_0.png
  SKIPPING IMAGE: tot amount of vasculature (9779.5157) < quality threshold 
processing: 1365724_21016_0_0.png
processing: 1365724_21015_0_0.png
processing: 1365660_21016_0_0.png
  SKIPPING IMAGE: tot amount of vasculature (4737.5845) < quality threshold 
processing: 1365660_21015_0_0.png
  SKIPPING IMAGE: tot amount of vasculature (10654.1266) < quality threshold 
processing: 1365611_21016_0_0.png
processing: 1365611_21015_0_0.png
processing: 1365609_21016_0_0.png
  SKIPPING IMAGE: tot amount of vasculature (6529.607) < quality threshold 
processing: 1365609_21015_0_0.png
  SKIPPING IMAGE: tot amount of vasculature (6754.2855) < quality threshold 
processing: 1365598_21016_0_0.png
processing: 1365598_21015_0_0.png
processing: 1365512_21016_1_0.png
processing: 1365512_21015_1_0.png
processing: 1365477_21016_0_0.png
processing: 1365477_21015_0_0.png
processing: 1365443_21016_0_0.png
processing: 1365443_21015_0_0.png
processing: 1365365_21016_0_0.png
processing: 1365365_21015_0_0.png
processing: 1365357_21016_0_0.png
processing: 1365357_21015_0_0.png
processing: 1365275_21016_1_0.png
  SKIPPING IMAGE: tot amount of vasculature (3156.6085) < quality threshold 
processing: 1365275_21015_1_0.png
  SKIPPING IMAGE: tot amount of vasculature (4651.1273) < quality threshold 
processing: 1365244_21016_1_0.png
processing: 1365244_21015_1_0.png
processing: 1365203_21016_0_0.png
processing: 1365203_21015_0_0.png
processing: 1365153_21016_0_0.png
  SKIPPING IMAGE: tot amount of vasculature (8575.8357) < quality threshold 
processing: 1365153_21015_0_0.png
  SKIPPING IMAGE: tot amount of vasculature (10421.5192) < quality threshold 
processing: 1365129_21016_1_0.png
  SKIPPING IMAGE: tot amount of vasculature (3543.1606) < quality threshold 
processing: 1365129_21016_0_0.png
processing: 1365129_21015_1_0.png
  SKIPPING IMAGE: tot amount of vasculature (2929.571) < quality threshold 
processing: 1365129_21015_0_0.png
  SKIPPING IMAGE: tot amount of vasculature (2498.774) < quality threshold 
processing: 1365115_21016_0_0.png
processing: 1365115_21015_0_0.png
processing: 1365063_21016_0_0.png
processing: 1365063_21015_0_0.png
processing: 1365007_21016_0_0.png
processing: 1365007_21015_0_0.png
processing: 1364985_21016_0_0.png
processing: 1364985_21015_0_0.png
processing: 1364962_21016_0_0.png
processing: 1364962_21015_0_0.png
processing: 1364880_21016_0_0.png
processing: 1364880_21015_0_0.png
  SKIPPING IMAGE: tot amount of vasculature (4904.6266) < quality threshold 
processing: 1364824_21016_0_0.png
processing: 1364824_21015_0_0.png
processing: 1364790_21016_0_0.png
processing: 1364790_21015_0_0.png
  SKIPPING IMAGE: tot amount of vasculature (10178.8814) < quality threshold 
processing: 1364738_21016_0_0.png
processing: 1364738_21015_0_0.png
processing: 1364689_21016_1_0.png
processing: 1364689_21015_1_0.png
processing: 1364654_21016_0_0.png
processing: 1364654_21015_0_0.png
processing: 1364622_21016_0_0.png
processing: 1364622_21015_0_0.png
processing: 1364579_21016_0_0.png
processing: 1364579_21015_0_0.png
processing: 1364449_21016_0_0.png
processing: 1364449_21015_0_0.png
processing: 1364394_21016_0_0.png
processing: 1364394_21015_0_0.png
processing: 1364353_21016_0_0.png
processing: 1364353_21015_0_0.png
processing: 1364315_21016_1_0.png
processing: 1364315_21015_1_0.png
processing: 1364245_21016_0_0.png
  SKIPPING IMAGE: tot amount of vasculature (1886.2822) < quality threshold 
processing: 1364245_21015_0_0.png
  SKIPPING IMAGE: tot amount of vasculature (735.9609) < quality threshold 
processing: 1364211_21016_0_0.png
processing: 1364211_21015_0_0.png
processing: 1364168_21016_1_0.png
processing: 1364168_21015_1_0.png
processing: 1364102_21016_0_0.png
processing: 1364102_21015_0_0.png
processing: 1364044_21016_0_0.png
processing: 1364044_21015_0_0.png
processing: 1364003_21016_0_0.png
processing: 1364003_21015_0_0.png
processing: 1363884_21016_0_0.png
  SKIPPING IMAGE: tot amount of vasculature (10823.3765) < quality threshold 
processing: 1363884_21015_0_1.png
  SKIPPING IMAGE: tot amount of vasculature (3760.893) < quality threshold 
processing: 1363884_21015_0_0.png
  SKIPPING IMAGE: tot amount of vasculature (3432.5666) < quality threshold 
processing: 1363802_21016_0_0.png
processing: 1363802_21015_0_0.png
processing: 1363677_21016_0_0.png
processing: 1363677_21015_0_0.png
processing: 1363662_21016_0_0.png
processing: 1363662_21015_0_0.png
processing: 1363639_21016_0_0.png
  SKIPPING IMAGE: tot amount of vasculature (5809.1131) < quality threshold 
processing: 1363639_21015_0_0.png
  SKIPPING IMAGE: tot amount of vasculature (7439.2045) < quality threshold 
processing: 1363618_21016_1_0.png
processing: 1363618_21016_0_0.png
processing: 1363618_21015_1_0.png
processing: 1363618_21015_0_0.png
processing: 1363503_21016_0_0.png
  SKIPPING IMAGE: tot amount of vasculature (8783.8272) < quality threshold 
processing: 1363503_21015_0_0.png
  SKIPPING IMAGE: tot amount of vasculature (7338.6437) < quality threshold 
processing: 1363460_21016_1_0.png
  SKIPPING IMAGE: tot amount of vasculature (9528.2923) < quality threshold 
processing: 1363460_21016_0_0.png
processing: 1363460_21015_1_0.png
  SKIPPING IMAGE: tot amount of vasculature (1972.8172) < quality threshold 
processing: 1363460_21015_0_0.png
processing: 1363381_21016_1_0.png
processing: 1363381_21015_1_0.png
processing: 1363298_21016_0_0.png
processing: 1363298_21015_0_0.png
  SKIPPING IMAGE: tot amount of vasculature (8614.2049) < quality threshold 
processing: 1363273_21016_0_0.png
processing: 1363273_21015_0_0.png
processing: 1363249_21016_0_0.png
processing: 1363249_21015_0_0.png
processing: 1363230_21016_0_0.png
processing: 1363230_21015_0_0.png
processing: 1363148_21016_0_0.png
processing: 1363148_21015_0_0.png
processing: 1363079_21016_0_0.png
processing: 1363079_21015_0_0.png
processing: 1363057_21016_1_0.png
processing: 1363057_21015_1_0.png
processing: 1362863_21016_0_0.png
  SKIPPING IMAGE: tot amount of vasculature (8004.1369) < quality threshold 
processing: 1362863_21015_0_0.png
  SKIPPING IMAGE: tot amount of vasculature (1045.2103) < quality threshold 
processing: 1362825_21016_0_0.png
processing: 1362825_21015_0_0.png
processing: 1362758_21016_0_0.png
processing: 1362758_21015_0_0.png
processing: 1362732_21016_1_0.png
processing: 1362732_21015_1_0.png
  SKIPPING IMAGE: tot amount of vasculature (9429.8969) < quality threshold 
processing: 1362699_21016_1_0.png
processing: 1362699_21015_1_0.png
processing: 1362655_21016_0_0.png
  SKIPPING IMAGE: tot amount of vasculature (10136.533) < quality threshold 
processing: 1362655_21015_0_0.png
  SKIPPING IMAGE: tot amount of vasculature (10057.4766) < quality threshold 
processing: 1362648_21016_0_0.png
  SKIPPING IMAGE: tot amount of vasculature (2339.6334) < quality threshold 
processing: 1362648_21015_0_0.png
  SKIPPING IMAGE: tot amount of vasculature (7911.7657) < quality threshold 
processing: 1362541_21016_0_0.png
processing: 1362541_21015_0_0.png
  SKIPPING IMAGE: tot amount of vasculature (9373.0794) < quality threshold 
processing: 1362457_21016_0_0.png
  SKIPPING IMAGE: tot amount of vasculature (10470.1336) < quality threshold 
processing: 1362457_21015_0_0.png
processing: 1362431_21016_1_0.png
processing: 1362431_21015_1_0.png
processing: 1362316_21016_0_0.png
processing: 1362316_21015_0_0.png
processing: 1362293_21016_1_0.png
  SKIPPING IMAGE: tot amount of vasculature (8502.0644) < quality threshold 
processing: 1362293_21015_1_0.png
processing: 1362254_21016_0_0.png
processing: 1362254_21015_0_0.png
  SKIPPING IMAGE: tot amount of vasculature (5973.4446) < quality threshold 
processing: 1362217_21016_0_0.png
processing: 1362217_21015_0_0.png
processing: 1362200_21016_0_0.png
  SKIPPING IMAGE: tot amount of vasculature (2630.7879) < quality threshold 
processing: 1362200_21015_0_0.png
  SKIPPING IMAGE: tot amount of vasculature (0.98588) < quality threshold 
processing: 1362121_21016_0_0.png
processing: 1362121_21015_0_0.png
processing: 1362045_21016_0_0.png
  SKIPPING IMAGE: tot amount of vasculature (10686.4607) < quality threshold 
processing: 1362045_21015_0_0.png
processing: 1361958_21016_0_0.png
processing: 1361958_21015_0_0.png
processing: 1361926_21016_1_0.png
processing: 1361926_21015_1_0.png
processing: 1361892_21016_0_0.png
  SKIPPING IMAGE: tot amount of vasculature (10077.9166) < quality threshold 
processing: 1361892_21015_0_0.png
  SKIPPING IMAGE: tot amount of vasculature (10302.7942) < quality threshold 
processing: 1361786_21016_1_0.png
processing: 1361786_21015_1_0.png
processing: 1361641_21016_1_0.png
processing: 1361641_21016_0_0.png
processing: 1361641_21015_1_0.png
processing: 1361641_21015_0_0.png
processing: 1361572_21016_0_0.png
processing: 1361572_21015_0_0.png
processing: 1361442_21016_0_0.png
  SKIPPING IMAGE: tot amount of vasculature (160.0178) < quality threshold 
processing: 1361442_21015_0_0.png
  SKIPPING IMAGE: tot amount of vasculature (4376.9222) < quality threshold 
processing: 1361407_21016_0_0.png
processing: 1361407_21015_0_0.png
processing: 1361389_21016_1_0.png
processing: 1361389_21015_1_0.png
processing: 1361346_21016_1_0.png
  SKIPPING IMAGE: tot amount of vasculature (5125.118) < quality threshold 
processing: 1361346_21016_0_0.png
  SKIPPING IMAGE: tot amount of vasculature (4606.601) < quality threshold 
processing: 1361346_21015_1_0.png
  SKIPPING IMAGE: tot amount of vasculature (6328.5594) < quality threshold 
processing: 1361346_21015_0_0.png
  SKIPPING IMAGE: tot amount of vasculature (1546.7901) < quality threshold 
FINISHED: .mat files have been written to: /data/FAC/FBM/DBC/sbergman/retina/UKBiob/fundus/REVIEW//CLRIS/
execution time: 2714 sec
