------------------------------------------
Setting up environment variables
---
LD_LIBRARY_PATH is .:/software/Development/Languages/Matlab_Compiler_Runtime/96/runtime/glnxa64:/software/Development/Languages/Matlab_Compiler_Runtime/96/bin/glnxa64:/software/Development/Languages/Matlab_Compiler_Runtime/96/sys/os/glnxa64:/software/Development/Languages/Matlab_Compiler_Runtime/96/sys/opengl/lib/glnxa64
Running vessel measurements...
processing: 1919693_21015_0_0.png
processing: 1919678_21016_0_0.png
processing: 1919678_21015_0_0.png
processing: 1919661_21016_0_0.png
  SKIPPING IMAGE: tot amount of vasculature (5984.7332) < quality threshold 
processing: 1919661_21015_0_0.png
  SKIPPING IMAGE: tot amount of vasculature (7209.8525) < quality threshold 
processing: 1919579_21016_0_0.png
processing: 1919579_21015_0_0.png
processing: 1919486_21016_0_1.png
processing: 1919486_21016_0_0.png
processing: 1919486_21015_0_1.png
processing: 1919486_21015_0_0.png
processing: 1919366_21016_1_0.png
processing: 1919366_21016_0_0.png
processing: 1919366_21015_1_0.png
processing: 1919366_21015_0_0.png
  SKIPPING IMAGE: tot amount of vasculature (10862.9803) < quality threshold 
processing: 1919276_21016_1_0.png
processing: 1919276_21015_1_0.png
  SKIPPING IMAGE: tot amount of vasculature (6465.5065) < quality threshold 
processing: 1919252_21016_0_0.png
  SKIPPING IMAGE: tot amount of vasculature (9636.1571) < quality threshold 
processing: 1919252_21015_0_0.png
processing: 1919147_21016_0_0.png
processing: 1919147_21015_0_0.png
processing: 1919120_21016_0_0.png
processing: 1919120_21015_0_0.png
processing: 1919087_21016_0_0.png
  SKIPPING IMAGE: tot amount of vasculature (8641.081) < quality threshold 
processing: 1919087_21015_0_0.png
  SKIPPING IMAGE: tot amount of vasculature (8784.6941) < quality threshold 
processing: 1918945_21016_0_0.png
processing: 1918945_21015_0_0.png
  SKIPPING IMAGE: tot amount of vasculature (8680.897) < quality threshold 
processing: 1918837_21016_0_0.png
processing: 1918837_21015_0_0.png
processing: 1918829_21016_1_0.png
processing: 1918829_21015_1_0.png
  SKIPPING IMAGE: tot amount of vasculature (3886.1613) < quality threshold 
processing: 1918815_21016_1_0.png
  SKIPPING IMAGE: tot amount of vasculature (9378.2845) < quality threshold 
processing: 1918815_21015_1_0.png
  SKIPPING IMAGE: tot amount of vasculature (8510.1861) < quality threshold 
processing: 1918808_21016_0_0.png
  SKIPPING IMAGE: tot amount of vasculature (2610.2305) < quality threshold 
processing: 1918808_21015_0_0.png
processing: 1918731_21016_1_0.png
  SKIPPING IMAGE: tot amount of vasculature (10634.4429) < quality threshold 
processing: 1918731_21015_1_0.png
  SKIPPING IMAGE: tot amount of vasculature (7360.7931) < quality threshold 
processing: 1918706_21016_0_0.png
processing: 1918706_21015_0_0.png
processing: 1918659_21016_1_0.png
processing: 1918659_21016_0_0.png
processing: 1918659_21015_1_0.png
processing: 1918659_21015_0_0.png
processing: 1918581_21016_1_0.png
  SKIPPING IMAGE: tot amount of vasculature (9994.4612) < quality threshold 
processing: 1918581_21016_0_0.png
processing: 1918581_21015_1_0.png
processing: 1918581_21015_0_0.png
processing: 1918491_21016_0_0.png
  SKIPPING IMAGE: tot amount of vasculature (10113.7612) < quality threshold 
processing: 1918491_21015_0_0.png
  SKIPPING IMAGE: tot amount of vasculature (6309.6934) < quality threshold 
processing: 1918444_21016_1_0.png
  SKIPPING IMAGE: tot amount of vasculature (9704.2825) < quality threshold 
processing: 1918444_21015_1_0.png
  SKIPPING IMAGE: tot amount of vasculature (8100.1265) < quality threshold 
processing: 1918403_21016_1_0.png
  SKIPPING IMAGE: tot amount of vasculature (4596.0002) < quality threshold 
processing: 1918380_21016_0_0.png
processing: 1918380_21015_0_0.png
processing: 1918372_21016_0_0.png
  SKIPPING IMAGE: tot amount of vasculature (8994.3115) < quality threshold 
processing: 1918372_21015_0_0.png
processing: 1918336_21016_0_0.png
  SKIPPING IMAGE: tot amount of vasculature (7510.1525) < quality threshold 
processing: 1918336_21015_0_0.png
processing: 1918296_21016_0_0.png
processing: 1918296_21015_0_0.png
processing: 1918262_21016_0_0.png
processing: 1918262_21015_0_0.png
processing: 1918250_21016_1_0.png
  SKIPPING IMAGE: tot amount of vasculature (7942.07) < quality threshold 
processing: 1918250_21015_1_0.png
processing: 1918243_21016_0_0.png
  SKIPPING IMAGE: tot amount of vasculature (2190.3135) < quality threshold 
processing: 1918243_21015_0_0.png
  SKIPPING IMAGE: tot amount of vasculature (155.173) < quality threshold 
processing: 1918221_21016_0_0.png
processing: 1918221_21015_0_0.png
processing: 1918154_21016_0_0.png
processing: 1918154_21015_0_0.png
processing: 1918122_21016_1_0.png
processing: 1918122_21015_1_0.png
processing: 1917957_21016_0_0.png
  SKIPPING IMAGE: tot amount of vasculature (285.3516) < quality threshold 
processing: 1917957_21015_0_0.png
  SKIPPING IMAGE: tot amount of vasculature (4951.8171) < quality threshold 
processing: 1917914_21016_0_0.png
processing: 1917914_21015_0_0.png
processing: 1917858_21016_0_0.png
processing: 1917858_21015_0_0.png
processing: 1917826_21016_0_0.png
processing: 1917826_21015_0_0.png
processing: 1917803_21016_0_0.png
processing: 1917803_21015_0_0.png
processing: 1917776_21016_1_0.png
  SKIPPING IMAGE: tot amount of vasculature (10227.4038) < quality threshold 
processing: 1917776_21015_1_0.png
processing: 1917709_21016_0_0.png
processing: 1917709_21015_0_0.png
processing: 1917642_21016_0_0.png
processing: 1917642_21015_0_0.png
processing: 1917571_21016_0_0.png
processing: 1917437_21016_0_0.png
processing: 1917437_21015_0_0.png
processing: 1917408_21016_0_0.png
  SKIPPING IMAGE: tot amount of vasculature (10251.223) < quality threshold 
processing: 1917408_21015_0_0.png
  SKIPPING IMAGE: tot amount of vasculature (6022.4947) < quality threshold 
processing: 1917318_21016_0_0.png
processing: 1917318_21015_0_0.png
processing: 1917299_21016_0_0.png
processing: 1917299_21015_0_0.png
processing: 1917248_21016_0_0.png
processing: 1917248_21015_0_0.png
processing: 1917224_21016_0_0.png
processing: 1917224_21015_0_0.png
processing: 1917186_21016_0_0.png
  SKIPPING IMAGE: tot amount of vasculature (7100.4416) < quality threshold 
processing: 1917186_21015_0_0.png
  SKIPPING IMAGE: tot amount of vasculature (7087.6549) < quality threshold 
processing: 1916969_21016_0_0.png
processing: 1916969_21015_0_0.png
processing: 1916892_21016_1_0.png
processing: 1916892_21015_1_0.png
  SKIPPING IMAGE: tot amount of vasculature (9497.7722) < quality threshold 
processing: 1916712_21016_1_0.png
processing: 1916712_21015_1_0.png
processing: 1916653_21016_0_0.png
processing: 1916653_21015_0_0.png
processing: 1916615_21016_1_0.png
processing: 1916615_21015_1_0.png
  SKIPPING IMAGE: tot amount of vasculature (10401.9222) < quality threshold 
processing: 1916608_21016_0_0.png
processing: 1916608_21015_0_0.png
  SKIPPING IMAGE: tot amount of vasculature (10313.3359) < quality threshold 
processing: 1916580_21016_0_0.png
  SKIPPING IMAGE: tot amount of vasculature (9649.3226) < quality threshold 
processing: 1916580_21015_0_0.png
  SKIPPING IMAGE: tot amount of vasculature (9100.7012) < quality threshold 
processing: 1916555_21016_0_0.png
processing: 1916555_21015_0_0.png
processing: 1916456_21016_0_0.png
processing: 1916456_21015_0_0.png
  SKIPPING IMAGE: tot amount of vasculature (6436.4969) < quality threshold 
processing: 1916393_21016_0_0.png
processing: 1916393_21015_0_0.png
processing: 1916322_21015_0_0.png
processing: 1916271_21016_0_0.png
  SKIPPING IMAGE: tot amount of vasculature (412.5053) < quality threshold 
processing: 1916271_21015_0_0.png
  SKIPPING IMAGE: tot amount of vasculature (2446.1623) < quality threshold 
processing: 1916247_21016_0_0.png
processing: 1916247_21015_0_0.png
processing: 1916233_21016_0_0.png
processing: 1916233_21015_0_0.png
