------------------------------------------
Setting up environment variables
---
LD_LIBRARY_PATH is .:/software/Development/Languages/Matlab_Compiler_Runtime/96/runtime/glnxa64:/software/Development/Languages/Matlab_Compiler_Runtime/96/bin/glnxa64:/software/Development/Languages/Matlab_Compiler_Runtime/96/sys/os/glnxa64:/software/Development/Languages/Matlab_Compiler_Runtime/96/sys/opengl/lib/glnxa64
Running vessel measurements...
processing: 1635693_21015_0_0.png
  SKIPPING IMAGE: tot amount of vasculature (10537.3431) < quality threshold 
processing: 1635654_21016_1_0.png
processing: 1635654_21015_1_0.png
processing: 1635646_21016_0_0.png
  SKIPPING IMAGE: tot amount of vasculature (17.1053) < quality threshold 
processing: 1635646_21015_0_0.png
  SKIPPING IMAGE: tot amount of vasculature (10142.0828) < quality threshold 
processing: 1635635_21016_1_0.png
  SKIPPING IMAGE: tot amount of vasculature (2644.1424) < quality threshold 
processing: 1635635_21015_1_0.png
  SKIPPING IMAGE: tot amount of vasculature (3721.4675) < quality threshold 
processing: 1635622_21016_0_0.png
processing: 1635622_21015_0_0.png
processing: 1635464_21016_1_0.png
processing: 1635464_21015_1_0.png
processing: 1635405_21016_0_0.png
processing: 1635405_21015_0_0.png
  SKIPPING IMAGE: tot amount of vasculature (4556.0311) < quality threshold 
processing: 1635394_21016_1_0.png
processing: 1635394_21015_1_0.png
processing: 1635370_21016_0_0.png
processing: 1635370_21015_0_0.png
processing: 1635341_21016_1_0.png
  SKIPPING IMAGE: tot amount of vasculature (4178.5097) < quality threshold 
processing: 1635341_21015_1_0.png
  SKIPPING IMAGE: tot amount of vasculature (8510.8252) < quality threshold 
processing: 1635337_21016_0_0.png
processing: 1635337_21015_0_0.png
processing: 1635234_21016_0_0.png
  SKIPPING IMAGE: tot amount of vasculature (9355.5048) < quality threshold 
processing: 1635234_21015_0_0.png
  SKIPPING IMAGE: tot amount of vasculature (7784.2822) < quality threshold 
processing: 1635102_21016_1_0.png
processing: 1635102_21015_1_0.png
  SKIPPING IMAGE: tot amount of vasculature (10028.4117) < quality threshold 
processing: 1634998_21016_0_0.png
processing: 1634998_21015_0_0.png
processing: 1634856_21016_0_0.png
processing: 1634856_21015_0_0.png
processing: 1634791_21016_0_0.png
processing: 1634791_21015_0_0.png
processing: 1634758_21016_1_0.png
  SKIPPING IMAGE: tot amount of vasculature (6333.0975) < quality threshold 
processing: 1634758_21015_1_0.png
  SKIPPING IMAGE: tot amount of vasculature (7460.4775) < quality threshold 
processing: 1634744_21016_0_0.png
processing: 1634744_21015_0_0.png
processing: 1634726_21016_0_0.png
  SKIPPING IMAGE: tot amount of vasculature (8697.2166) < quality threshold 
processing: 1634726_21015_0_0.png
processing: 1634570_21016_1_0.png
processing: 1634570_21015_1_0.png
processing: 1634537_21016_1_0.png
  SKIPPING IMAGE: tot amount of vasculature (10959.0585) < quality threshold 
processing: 1634537_21015_1_0.png
processing: 1634515_21016_0_0.png
processing: 1634515_21015_0_0.png
processing: 1634177_21016_0_0.png
processing: 1634177_21015_0_0.png
processing: 1634034_21016_0_0.png
processing: 1634034_21015_0_0.png
processing: 1634028_21016_0_0.png
processing: 1634028_21015_0_0.png
processing: 1633936_21016_1_0.png
processing: 1633936_21015_1_0.png
processing: 1633913_21016_0_0.png
processing: 1633913_21015_0_0.png
processing: 1633862_21016_0_0.png
processing: 1633862_21015_0_0.png
processing: 1633804_21016_0_1.png
  SKIPPING IMAGE: tot amount of vasculature (4098.2836) < quality threshold 
processing: 1633804_21016_0_0.png
processing: 1633804_21015_0_0.png
  SKIPPING IMAGE: tot amount of vasculature (764.4988) < quality threshold 
processing: 1633768_21016_0_0.png
  SKIPPING IMAGE: tot amount of vasculature (9816.002) < quality threshold 
processing: 1633768_21015_0_0.png
  SKIPPING IMAGE: tot amount of vasculature (4735.4294) < quality threshold 
processing: 1633698_21016_0_0.png
processing: 1633698_21015_0_0.png
processing: 1633664_21016_0_0.png
processing: 1633664_21015_0_0.png
processing: 1633630_21016_0_0.png
processing: 1633630_21015_0_0.png
processing: 1633605_21016_0_0.png
  SKIPPING IMAGE: tot amount of vasculature (10799.3303) < quality threshold 
processing: 1633605_21015_0_0.png
processing: 1633509_21016_0_0.png
processing: 1633509_21015_0_0.png
processing: 1633478_21016_0_0.png
processing: 1633478_21015_0_0.png
processing: 1633400_21016_0_0.png
processing: 1633400_21015_0_0.png
processing: 1633344_21016_0_0.png
  SKIPPING IMAGE: tot amount of vasculature (10335.5991) < quality threshold 
processing: 1633344_21015_0_0.png
processing: 1633310_21016_0_0.png
processing: 1633310_21015_0_0.png
processing: 1633257_21016_0_0.png
  SKIPPING IMAGE: tot amount of vasculature (9241.8953) < quality threshold 
processing: 1633257_21015_0_0.png
  SKIPPING IMAGE: tot amount of vasculature (2702.3507) < quality threshold 
processing: 1633181_21016_0_0.png
processing: 1633181_21015_0_0.png
  SKIPPING IMAGE: tot amount of vasculature (9390.291) < quality threshold 
processing: 1633082_21016_1_0.png
processing: 1633082_21015_1_0.png
processing: 1632906_21016_0_0.png
  SKIPPING IMAGE: tot amount of vasculature (10319.876) < quality threshold 
processing: 1632906_21015_0_0.png
  SKIPPING IMAGE: tot amount of vasculature (10805.2211) < quality threshold 
processing: 1632887_21016_0_0.png
processing: 1632887_21015_0_0.png
processing: 1632709_21016_1_0.png
  SKIPPING IMAGE: tot amount of vasculature (4132.451) < quality threshold 
processing: 1632709_21015_1_0.png
processing: 1632674_21016_0_0.png
  SKIPPING IMAGE: tot amount of vasculature (6931.1595) < quality threshold 
processing: 1632674_21015_0_0.png
  SKIPPING IMAGE: tot amount of vasculature (9242.029) < quality threshold 
processing: 1632584_21016_1_0.png
  SKIPPING IMAGE: tot amount of vasculature (168.8217) < quality threshold 
processing: 1632584_21015_1_0.png
  SKIPPING IMAGE: tot amount of vasculature (5004.6036) < quality threshold 
processing: 1632571_21016_0_0.png
processing: 1632571_21015_0_0.png
processing: 1632568_21016_0_0.png
processing: 1632568_21015_0_0.png
processing: 1632482_21016_0_0.png
processing: 1632482_21015_0_0.png
processing: 1632470_21016_0_0.png
processing: 1632470_21015_0_0.png
processing: 1632396_21016_0_0.png
processing: 1632396_21015_0_0.png
processing: 1632377_21016_0_0.png
processing: 1632377_21015_0_0.png
processing: 1632362_21016_0_0.png
  SKIPPING IMAGE: tot amount of vasculature (1346.4691) < quality threshold 
processing: 1632362_21015_0_0.png
processing: 1632267_21016_0_0.png
processing: 1632267_21015_0_0.png
processing: 1632236_21016_0_0.png
processing: 1632236_21015_0_0.png
processing: 1632164_21016_1_0.png
  SKIPPING IMAGE: tot amount of vasculature (1003.5903) < quality threshold 
processing: 1632164_21016_0_0.png
  SKIPPING IMAGE: tot amount of vasculature (10955.1516) < quality threshold 
processing: 1632164_21015_1_0.png
  SKIPPING IMAGE: tot amount of vasculature (1448.9793) < quality threshold 
processing: 1632164_21015_0_0.png
  SKIPPING IMAGE: tot amount of vasculature (2886.4954) < quality threshold 
processing: 1632093_21016_0_0.png
processing: 1632093_21015_0_0.png
processing: 1631983_21016_0_0.png
processing: 1631983_21015_0_0.png
processing: 1631909_21016_1_0.png
processing: 1631909_21015_1_0.png
processing: 1631866_21016_0_0.png
processing: 1631866_21015_0_0.png
processing: 1631792_21016_0_0.png
  SKIPPING IMAGE: tot amount of vasculature (2663.3968) < quality threshold 
processing: 1631792_21015_0_0.png
  SKIPPING IMAGE: tot amount of vasculature (6357.1341) < quality threshold 
processing: 1631757_21016_0_0.png
processing: 1631757_21015_0_0.png
processing: 1631740_21016_0_0.png
processing: 1631740_21015_0_0.png
processing: 1631574_21016_0_0.png
processing: 1631574_21015_0_0.png
processing: 1631475_21016_1_0.png
  SKIPPING IMAGE: tot amount of vasculature (3144.9095) < quality threshold 
processing: 1631475_21015_1_0.png
  SKIPPING IMAGE: tot amount of vasculature (7654.2188) < quality threshold 
processing: 1631432_21016_0_0.png
processing: 1631432_21015_0_0.png
processing: 1631277_21016_1_0.png
  SKIPPING IMAGE: tot amount of vasculature (8348.5303) < quality threshold 
processing: 1631277_21015_1_0.png
  SKIPPING IMAGE: tot amount of vasculature (7935.3434) < quality threshold 
processing: 1631250_21016_0_0.png
  SKIPPING IMAGE: tot amount of vasculature (10665.1606) < quality threshold 
processing: 1631250_21015_0_0.png
processing: 1631221_21016_1_0.png
processing: 1631221_21015_1_0.png
processing: 1631218_21016_0_0.png
processing: 1631218_21015_0_0.png
  SKIPPING IMAGE: tot amount of vasculature (8789.9206) < quality threshold 
processing: 1631193_21016_0_0.png
processing: 1631193_21015_0_0.png
processing: 1631189_21016_0_0.png
processing: 1631189_21015_0_0.png
processing: 1631117_21016_0_0.png
  SKIPPING IMAGE: tot amount of vasculature (1370.7473) < quality threshold 
processing: 1631117_21015_0_0.png
  SKIPPING IMAGE: tot amount of vasculature (9430.5586) < quality threshold 
processing: 1631098_21016_0_0.png
  SKIPPING IMAGE: tot amount of vasculature (2577.9743) < quality threshold 
processing: 1631098_21015_0_0.png
  SKIPPING IMAGE: tot amount of vasculature (2865.0934) < quality threshold 
processing: 1631027_21016_0_0.png
processing: 1631027_21015_0_0.png
processing: 1631005_21016_0_0.png
  SKIPPING IMAGE: tot amount of vasculature (10322.4138) < quality threshold 
processing: 1631005_21015_0_0.png
  SKIPPING IMAGE: tot amount of vasculature (3664.8262) < quality threshold 
processing: 1630975_21016_0_0.png
processing: 1630975_21015_0_0.png
processing: 1630969_21016_0_0.png
processing: 1630969_21015_0_0.png
  SKIPPING IMAGE: tot amount of vasculature (9835.4908) < quality threshold 
processing: 1630831_21016_0_0.png
processing: 1630831_21015_0_0.png
processing: 1630694_21016_1_0.png
  SKIPPING IMAGE: tot amount of vasculature (1653.0452) < quality threshold 
processing: 1630694_21015_1_0.png
  SKIPPING IMAGE: tot amount of vasculature (256.2397) < quality threshold 
processing: 1630637_21016_0_0.png
processing: 1630637_21015_0_0.png
processing: 1630513_21016_0_0.png
processing: 1630513_21015_0_0.png
processing: 1630317_21016_0_0.png
processing: 1630317_21015_0_0.png
processing: 1630233_21016_0_0.png
  SKIPPING IMAGE: tot amount of vasculature (9222.9141) < quality threshold 
processing: 1630233_21015_0_0.png
processing: 1630197_21016_0_0.png
processing: 1630197_21015_0_0.png
processing: 1630128_21016_0_0.png
processing: 1630128_21015_0_0.png
processing: 1630062_21016_0_0.png
processing: 1630062_21015_0_0.png
processing: 1630021_21016_0_0.png
processing: 1630021_21015_0_0.png
processing: 1629983_21016_0_0.png
processing: 1629983_21015_0_0.png
processing: 1629928_21016_0_0.png
processing: 1629928_21015_0_0.png
processing: 1629853_21016_1_0.png
processing: 1629853_21015_1_0.png
processing: 1629788_21016_0_0.png
processing: 1629788_21015_0_0.png
processing: 1629602_21016_0_0.png
  SKIPPING IMAGE: tot amount of vasculature (8028.5376) < quality threshold 
processing: 1629602_21015_0_0.png
  SKIPPING IMAGE: tot amount of vasculature (10594.6723) < quality threshold 
processing: 1629491_21015_0_0.png
  SKIPPING IMAGE: tot amount of vasculature (5961.7778) < quality threshold 
processing: 1629426_21016_0_0.png
processing: 1629426_21015_0_0.png
processing: 1629324_21016_0_0.png
processing: 1629324_21015_0_0.png
  SKIPPING IMAGE: tot amount of vasculature (9273.0621) < quality threshold 
processing: 1629285_21016_1_0.png
  SKIPPING IMAGE: tot amount of vasculature (9166.1968) < quality threshold 
processing: 1629285_21016_0_0.png
processing: 1629285_21015_1_0.png
processing: 1629285_21015_0_0.png
processing: 1629277_21016_0_0.png
processing: 1629277_21015_0_0.png
processing: 1629262_21016_0_0.png
  SKIPPING IMAGE: tot amount of vasculature (8668.4384) < quality threshold 
processing: 1629262_21015_0_0.png
  SKIPPING IMAGE: tot amount of vasculature (4654.0808) < quality threshold 
processing: 1629178_21016_1_0.png
processing: 1629178_21015_1_0.png
processing: 1629064_21016_1_0.png
processing: 1629064_21015_1_0.png
processing: 1629049_21016_0_0.png
  SKIPPING IMAGE: tot amount of vasculature (7439.0185) < quality threshold 
processing: 1629049_21015_0_0.png
  SKIPPING IMAGE: tot amount of vasculature (5404.1102) < quality threshold 
processing: 1628921_21016_0_0.png
processing: 1628921_21015_0_0.png
processing: 1628918_21016_1_0.png
  SKIPPING IMAGE: tot amount of vasculature (3536.7146) < quality threshold 
processing: 1628918_21015_1_0.png
  SKIPPING IMAGE: tot amount of vasculature (9641.0363) < quality threshold 
processing: 1628872_21016_1_0.png
  SKIPPING IMAGE: tot amount of vasculature (1956.1671) < quality threshold 
processing: 1628872_21015_1_0.png
processing: 1628763_21016_0_0.png
  SKIPPING IMAGE: tot amount of vasculature (1436.244) < quality threshold 
processing: 1628763_21015_0_0.png
  SKIPPING IMAGE: tot amount of vasculature (5063.2404) < quality threshold 
processing: 1628742_21016_0_0.png
processing: 1628742_21015_0_0.png
processing: 1628557_21016_0_0.png
processing: 1628557_21015_0_0.png
processing: 1628353_21016_0_0.png
processing: 1628353_21015_0_0.png
processing: 1628315_21016_1_0.png
  SKIPPING IMAGE: tot amount of vasculature (5116.9379) < quality threshold 
processing: 1628315_21015_1_0.png
  SKIPPING IMAGE: tot amount of vasculature (3323.0187) < quality threshold 
processing: 1628245_21016_0_0.png
processing: 1628245_21015_0_0.png
  SKIPPING IMAGE: tot amount of vasculature (8229.2262) < quality threshold 
processing: 1628234_21016_1_0.png
processing: 1628234_21016_0_0.png
processing: 1628234_21015_1_0.png
processing: 1628234_21015_0_0.png
processing: 1628195_21016_0_0.png
  SKIPPING IMAGE: tot amount of vasculature (10170.6341) < quality threshold 
processing: 1628195_21015_0_0.png
  SKIPPING IMAGE: tot amount of vasculature (10055.0557) < quality threshold 
processing: 1628171_21016_0_0.png
processing: 1628171_21015_0_0.png
processing: 1628075_21016_1_0.png
  SKIPPING IMAGE: tot amount of vasculature (9726.5422) < quality threshold 
processing: 1628075_21015_1_0.png
processing: 1628044_21016_0_0.png
processing: 1628044_21015_0_0.png
processing: 1627873_21016_0_0.png
  SKIPPING IMAGE: tot amount of vasculature (6534.4442) < quality threshold 
processing: 1627873_21015_0_0.png
  SKIPPING IMAGE: tot amount of vasculature (10836.9324) < quality threshold 
processing: 1627827_21016_0_0.png
processing: 1627827_21015_0_0.png
processing: 1627777_21016_0_0.png
processing: 1627777_21015_0_0.png
processing: 1627762_21016_1_0.png
processing: 1627762_21015_1_0.png
processing: 1627721_21016_0_0.png
processing: 1627721_21015_0_0.png
processing: 1627718_21016_0_0.png
processing: 1627718_21015_0_0.png
processing: 1627688_21016_0_0.png
  SKIPPING IMAGE: tot amount of vasculature (10690.2541) < quality threshold 
processing: 1627688_21015_0_0.png
processing: 1627614_21016_0_0.png
processing: 1627614_21015_0_0.png
processing: 1627561_21016_1_0.png
  SKIPPING IMAGE: tot amount of vasculature (9948.3832) < quality threshold 
processing: 1627561_21015_1_0.png
  SKIPPING IMAGE: tot amount of vasculature (6047.6486) < quality threshold 
processing: 1627554_21016_0_0.png
processing: 1627554_21015_0_0.png
processing: 1627546_21016_0_0.png
processing: 1627546_21015_0_0.png
processing: 1627522_21016_1_0.png
  SKIPPING IMAGE: tot amount of vasculature (7523.2246) < quality threshold 
processing: 1627522_21015_1_0.png
processing: 1627500_21016_0_0.png
processing: 1627500_21015_0_0.png
processing: 1627413_21016_0_0.png
processing: 1627413_21015_0_0.png
processing: 1627328_21016_0_0.png
  SKIPPING IMAGE: tot amount of vasculature (1337.4071) < quality threshold 
processing: 1627328_21015_0_0.png
  SKIPPING IMAGE: tot amount of vasculature (9285.4443) < quality threshold 
processing: 1627309_21016_0_0.png
processing: 1627309_21015_0_0.png
processing: 1627282_21016_0_0.png
processing: 1627282_21015_0_0.png
processing: 1627229_21016_0_0.png
processing: 1627229_21015_0_0.png
processing: 1627187_21016_0_0.png
  SKIPPING IMAGE: tot amount of vasculature (9913.0628) < quality threshold 
processing: 1627187_21015_0_0.png
processing: 1627169_21016_1_0.png
processing: 1627169_21015_1_0.png
processing: 1627126_21016_0_0.png
  SKIPPING IMAGE: tot amount of vasculature (10648.6254) < quality threshold 
processing: 1627084_21016_1_0.png
processing: 1627084_21016_0_0.png
processing: 1627084_21015_1_0.png
processing: 1627084_21015_0_0.png
processing: 1626949_21016_0_0.png
processing: 1626949_21015_0_0.png
processing: 1626930_21016_0_0.png
processing: 1626930_21015_0_0.png
processing: 1626912_21016_1_0.png
  SKIPPING IMAGE: tot amount of vasculature (8657.8383) < quality threshold 
processing: 1626912_21016_0_0.png
processing: 1626912_21015_1_0.png
  SKIPPING IMAGE: tot amount of vasculature (3194.3731) < quality threshold 
processing: 1626912_21015_0_0.png
  SKIPPING IMAGE: tot amount of vasculature (10068.5934) < quality threshold 
processing: 1626758_21016_0_0.png
processing: 1626758_21015_0_0.png
processing: 1626726_21016_0_0.png
processing: 1626726_21015_0_0.png
processing: 1626613_21016_0_0.png
processing: 1626613_21015_0_0.png
processing: 1626601_21016_0_0.png
processing: 1626601_21015_0_0.png
FINISHED: .mat files have been written to: /data/FAC/FBM/DBC/sbergman/retina/UKBiob/fundus/REVIEW//CLRIS/
execution time: 2692 sec
