------------------------------------------
Setting up environment variables
---
LD_LIBRARY_PATH is .:/software/Development/Languages/Matlab_Compiler_Runtime/96/runtime/glnxa64:/software/Development/Languages/Matlab_Compiler_Runtime/96/bin/glnxa64:/software/Development/Languages/Matlab_Compiler_Runtime/96/sys/os/glnxa64:/software/Development/Languages/Matlab_Compiler_Runtime/96/sys/opengl/lib/glnxa64
Running vessel measurements...
processing: 1077156_21015_0_0.png
processing: 1077125_21016_0_0.png
processing: 1077125_21015_0_0.png
processing: 1076977_21016_0_0.png
processing: 1076977_21015_0_0.png
processing: 1076918_21016_0_0.png
processing: 1076918_21015_0_0.png
processing: 1076904_21016_0_0.png
processing: 1076904_21015_0_0.png
processing: 1076848_21016_0_0.png
processing: 1076848_21015_0_0.png
processing: 1076781_21016_0_0.png
processing: 1076781_21015_0_0.png
processing: 1076725_21016_0_0.png
processing: 1076725_21015_0_0.png
  SKIPPING IMAGE: tot amount of vasculature (10376.8124) < quality threshold 
processing: 1076719_21016_0_0.png
processing: 1076719_21015_0_0.png
processing: 1076689_21016_1_0.png
  SKIPPING IMAGE: tot amount of vasculature (10230.6985) < quality threshold 
processing: 1076689_21015_1_0.png
processing: 1076498_21016_0_0.png
  SKIPPING IMAGE: tot amount of vasculature (2795.3748) < quality threshold 
processing: 1076498_21015_0_0.png
  SKIPPING IMAGE: tot amount of vasculature (9605.236) < quality threshold 
processing: 1076430_21016_0_0.png
processing: 1076430_21015_0_0.png
processing: 1076260_21016_0_0.png
processing: 1076260_21015_0_0.png
  SKIPPING IMAGE: tot amount of vasculature (8432.1339) < quality threshold 
processing: 1076245_21016_0_0.png
processing: 1076044_21016_0_0.png
  SKIPPING IMAGE: tot amount of vasculature (7056.5201) < quality threshold 
processing: 1076044_21015_0_0.png
  SKIPPING IMAGE: tot amount of vasculature (8206.6839) < quality threshold 
processing: 1075791_21016_0_0.png
processing: 1075791_21015_0_0.png
processing: 1075699_21016_0_0.png
processing: 1075699_21015_0_0.png
processing: 1075672_21016_0_0.png
processing: 1075672_21015_0_0.png
processing: 1075613_21016_0_0.png
processing: 1075613_21015_0_0.png
processing: 1075566_21016_0_0.png
  SKIPPING IMAGE: tot amount of vasculature (10390.0504) < quality threshold 
processing: 1075566_21015_0_0.png
  SKIPPING IMAGE: tot amount of vasculature (7096.5969) < quality threshold 
processing: 1075465_21016_1_0.png
  SKIPPING IMAGE: tot amount of vasculature (2016.7976) < quality threshold 
processing: 1075465_21015_1_0.png
  SKIPPING IMAGE: tot amount of vasculature (7580.7812) < quality threshold 
processing: 1075457_21016_0_0.png
  SKIPPING IMAGE: tot amount of vasculature (10682.7694) < quality threshold 
processing: 1075457_21015_0_0.png
  SKIPPING IMAGE: tot amount of vasculature (4874.4643) < quality threshold 
processing: 1075440_21016_1_0.png
processing: 1075440_21015_1_0.png
  SKIPPING IMAGE: tot amount of vasculature (7858.5681) < quality threshold 
processing: 1075395_21016_0_0.png
processing: 1075395_21015_0_0.png
processing: 1075293_21016_0_0.png
processing: 1075293_21015_0_0.png
processing: 1075261_21016_0_0.png
processing: 1075261_21015_0_0.png
processing: 1075246_21016_0_0.png
  SKIPPING IMAGE: tot amount of vasculature (3941.7595) < quality threshold 
processing: 1075246_21015_0_0.png
  SKIPPING IMAGE: tot amount of vasculature (8682.1197) < quality threshold 
processing: 1075185_21016_0_0.png
processing: 1075185_21015_0_0.png
processing: 1075104_21016_0_0.png
processing: 1075104_21015_0_0.png
processing: 1075076_21016_0_0.png
processing: 1075076_21015_0_0.png
processing: 1075052_21016_0_1.png
processing: 1075052_21016_0_0.png
processing: 1075052_21015_0_0.png
  SKIPPING IMAGE: tot amount of vasculature (7607.549) < quality threshold 
processing: 1075011_21016_0_0.png
processing: 1075011_21015_0_0.png
processing: 1074957_21016_0_0.png
processing: 1074957_21015_0_0.png
processing: 1074887_21016_0_0.png
processing: 1074887_21015_0_0.png
processing: 1074752_21016_0_0.png
  SKIPPING IMAGE: tot amount of vasculature (10497.2342) < quality threshold 
processing: 1074752_21015_0_0.png
processing: 1074502_21016_1_0.png
processing: 1074502_21015_1_0.png
processing: 1074267_21016_0_0.png
processing: 1074267_21015_0_0.png
processing: 1074186_21016_1_0.png
processing: 1074186_21015_1_0.png
processing: 1074173_21016_0_0.png
processing: 1074173_21015_0_0.png
processing: 1074022_21016_0_0.png
processing: 1074022_21015_0_0.png
processing: 1073974_21016_0_0.png
processing: 1073963_21016_0_0.png
processing: 1073963_21015_0_0.png
processing: 1073942_21016_1_0.png
processing: 1073942_21015_1_0.png
processing: 1073919_21016_1_0.png
processing: 1073919_21015_1_0.png
processing: 1073864_21016_0_0.png
processing: 1073864_21015_0_0.png
processing: 1073812_21016_0_0.png
processing: 1073812_21015_0_0.png
processing: 1073762_21016_0_0.png
processing: 1073762_21015_0_0.png
processing: 1073704_21016_0_0.png
processing: 1073704_21015_0_0.png
processing: 1073665_21016_0_0.png
  SKIPPING IMAGE: tot amount of vasculature (10926.9141) < quality threshold 
processing: 1073665_21015_0_0.png
  SKIPPING IMAGE: tot amount of vasculature (8516.283) < quality threshold 
processing: 1073606_21016_1_0.png
  SKIPPING IMAGE: tot amount of vasculature (1786.2502) < quality threshold 
processing: 1073606_21015_1_0.png
processing: 1073345_21016_1_0.png
  SKIPPING IMAGE: tot amount of vasculature (3482.4205) < quality threshold 
processing: 1073345_21015_1_0.png
  SKIPPING IMAGE: tot amount of vasculature (6552.7481) < quality threshold 
processing: 1073328_21016_1_0.png
  SKIPPING IMAGE: tot amount of vasculature (5218.4549) < quality threshold 
processing: 1073328_21015_1_0.png
  SKIPPING IMAGE: tot amount of vasculature (4190.9362) < quality threshold 
processing: 1073132_21016_0_0.png
processing: 1073132_21015_0_0.png
processing: 1073047_21016_0_0.png
  SKIPPING IMAGE: tot amount of vasculature (4860.0955) < quality threshold 
processing: 1073047_21015_0_0.png
  SKIPPING IMAGE: tot amount of vasculature (6232.9683) < quality threshold 
processing: 1072883_21016_0_0.png
  SKIPPING IMAGE: tot amount of vasculature (5538.7074) < quality threshold 
processing: 1072883_21015_0_0.png
  SKIPPING IMAGE: tot amount of vasculature (2901.1982) < quality threshold 
processing: 1072789_21016_1_0.png
processing: 1072789_21015_1_0.png
  SKIPPING IMAGE: tot amount of vasculature (9088.8317) < quality threshold 
processing: 1072700_21016_0_0.png
processing: 1072700_21015_0_0.png
processing: 1072585_21016_0_0.png
  SKIPPING IMAGE: tot amount of vasculature (9437.4258) < quality threshold 
processing: 1072585_21015_0_0.png
processing: 1072543_21016_0_0.png
  SKIPPING IMAGE: tot amount of vasculature (8795.5419) < quality threshold 
processing: 1072543_21015_0_0.png
  SKIPPING IMAGE: tot amount of vasculature (6627.5756) < quality threshold 
processing: 1072521_21016_1_0.png
processing: 1072521_21015_1_0.png
processing: 1072495_21016_0_0.png
processing: 1072495_21015_0_0.png
processing: 1072471_21016_0_0.png
processing: 1072471_21015_0_0.png
processing: 1072468_21016_1_0.png
processing: 1072468_21015_1_0.png
processing: 1072402_21016_0_0.png
processing: 1072402_21015_0_0.png
processing: 1072349_21016_0_0.png
processing: 1072349_21015_0_0.png
processing: 1072327_21016_0_0.png
processing: 1072327_21015_0_0.png
processing: 1072281_21016_0_0.png
processing: 1072281_21015_0_0.png
processing: 1072263_21016_0_0.png
processing: 1072263_21015_0_0.png
processing: 1072207_21016_1_0.png
processing: 1072207_21015_1_0.png
processing: 1072165_21016_1_0.png
  SKIPPING IMAGE: tot amount of vasculature (2557.4407) < quality threshold 
processing: 1072165_21015_1_0.png
  SKIPPING IMAGE: tot amount of vasculature (9641.9857) < quality threshold 
processing: 1072114_21016_0_0.png
processing: 1072114_21015_0_0.png
processing: 1072080_21016_0_0.png
  SKIPPING IMAGE: tot amount of vasculature (9381.4834) < quality threshold 
processing: 1072080_21015_0_0.png
  SKIPPING IMAGE: tot amount of vasculature (10597.5117) < quality threshold 
processing: 1072067_21016_0_0.png
  SKIPPING IMAGE: tot amount of vasculature (9130.9603) < quality threshold 
processing: 1072067_21015_0_0.png
  SKIPPING IMAGE: tot amount of vasculature (1628.4091) < quality threshold 
processing: 1072036_21016_0_0.png
processing: 1072036_21015_0_0.png
processing: 1071978_21016_0_0.png
processing: 1071978_21015_0_0.png
processing: 1071900_21016_0_0.png
processing: 1071900_21015_0_0.png
processing: 1071859_21016_0_0.png
  SKIPPING IMAGE: tot amount of vasculature (10171.0372) < quality threshold 
processing: 1071859_21015_0_0.png
  SKIPPING IMAGE: tot amount of vasculature (7388.0948) < quality threshold 
processing: 1071820_21016_0_0.png
processing: 1071820_21015_0_0.png
processing: 1071766_21016_0_0.png
processing: 1071766_21015_0_0.png
processing: 1071708_21016_0_0.png
  SKIPPING IMAGE: tot amount of vasculature (8590.9915) < quality threshold 
processing: 1071708_21015_0_0.png
processing: 1071497_21016_0_0.png
  SKIPPING IMAGE: tot amount of vasculature (6688.6061) < quality threshold 
processing: 1071497_21015_0_0.png
processing: 1071460_21016_1_0.png
processing: 1071460_21015_1_0.png
  SKIPPING IMAGE: tot amount of vasculature (7261.9423) < quality threshold 
processing: 1071445_21016_0_0.png
processing: 1071445_21015_0_0.png
processing: 1071411_21016_0_0.png
processing: 1071411_21015_0_0.png
processing: 1071230_21016_1_0.png
  SKIPPING IMAGE: tot amount of vasculature (4178.2314) < quality threshold 
processing: 1071230_21015_1_0.png
  SKIPPING IMAGE: tot amount of vasculature (6853.9032) < quality threshold 
processing: 1071180_21016_1_0.png
processing: 1071148_21016_1_0.png
processing: 1071148_21015_1_0.png
processing: 1071065_21016_0_0.png
  SKIPPING IMAGE: tot amount of vasculature (3978.3572) < quality threshold 
processing: 1071065_21015_0_0.png
processing: 1071057_21016_1_0.png
processing: 1071057_21015_1_0.png
processing: 1071031_21016_0_0.png
processing: 1071031_21015_0_0.png
processing: 1070909_21016_0_0.png
  SKIPPING IMAGE: tot amount of vasculature (8617.2285) < quality threshold 
processing: 1070909_21015_0_0.png
  SKIPPING IMAGE: tot amount of vasculature (5048.6163) < quality threshold 
processing: 1070714_21016_1_0.png
processing: 1070714_21015_1_0.png
processing: 1070695_21016_1_0.png
  SKIPPING IMAGE: tot amount of vasculature (7878.3547) < quality threshold 
processing: 1070695_21016_0_0.png
  SKIPPING IMAGE: tot amount of vasculature (2251.1759) < quality threshold 
processing: 1070695_21015_1_0.png
  SKIPPING IMAGE: tot amount of vasculature (4629.4298) < quality threshold 
processing: 1070695_21015_0_0.png
  SKIPPING IMAGE: tot amount of vasculature (5528.6723) < quality threshold 
processing: 1070574_21016_0_0.png
  SKIPPING IMAGE: tot amount of vasculature (10267.0872) < quality threshold 
processing: 1070574_21015_0_0.png
  SKIPPING IMAGE: tot amount of vasculature (7293.6685) < quality threshold 
processing: 1070542_21016_0_0.png
  SKIPPING IMAGE: tot amount of vasculature (1399.2679) < quality threshold 
processing: 1070542_21015_0_0.png
  SKIPPING IMAGE: tot amount of vasculature (8702.1646) < quality threshold 
processing: 1070458_21016_0_0.png
processing: 1070458_21015_0_0.png
processing: 1070426_21016_0_1.png
processing: 1070426_21016_0_0.png
processing: 1070426_21015_0_0.png
processing: 1070410_21016_0_0.png
processing: 1070410_21015_0_0.png
processing: 1070399_21016_0_0.png
processing: 1070399_21015_0_0.png
processing: 1070380_21016_0_0.png
  SKIPPING IMAGE: tot amount of vasculature (7096.8904) < quality threshold 
processing: 1070380_21015_0_0.png
  SKIPPING IMAGE: tot amount of vasculature (5308.5415) < quality threshold 
processing: 1070324_21016_0_0.png
processing: 1070324_21015_0_0.png
processing: 1070250_21016_0_0.png
  SKIPPING IMAGE: tot amount of vasculature (9100.0515) < quality threshold 
processing: 1070250_21015_0_0.png
processing: 1070243_21016_0_1.png
  SKIPPING IMAGE: tot amount of vasculature (2075.2219) < quality threshold 
processing: 1070243_21016_0_0.png
  SKIPPING IMAGE: tot amount of vasculature (315.9614) < quality threshold 
processing: 1070243_21015_0_0.png
  SKIPPING IMAGE: tot amount of vasculature (3587.743) < quality threshold 
processing: 1070204_21016_1_0.png
processing: 1070204_21015_1_0.png
  SKIPPING IMAGE: tot amount of vasculature (10335.3531) < quality threshold 
processing: 1069899_21016_0_0.png
processing: 1069899_21015_0_0.png
processing: 1069813_21016_0_0.png
processing: 1069813_21015_0_0.png
processing: 1069763_21016_0_0.png
processing: 1069763_21015_0_0.png
processing: 1069646_21016_0_0.png
  SKIPPING IMAGE: tot amount of vasculature (6864.6019) < quality threshold 
processing: 1069646_21015_0_0.png
  SKIPPING IMAGE: tot amount of vasculature (31.8349) < quality threshold 
processing: 1069617_21016_1_0.png
processing: 1069617_21015_1_0.png
processing: 1069600_21016_0_0.png
processing: 1069600_21015_0_0.png
processing: 1069588_21016_0_0.png
processing: 1069588_21015_0_0.png
processing: 1069430_21016_0_0.png
processing: 1069430_21015_0_0.png
processing: 1069252_21016_0_0.png
  SKIPPING IMAGE: tot amount of vasculature (3804.3244) < quality threshold 
processing: 1069252_21015_0_0.png
  SKIPPING IMAGE: tot amount of vasculature (10147.6138) < quality threshold 
processing: 1069133_21016_0_0.png
processing: 1069133_21015_0_0.png
processing: 1069058_21016_0_0.png
processing: 1069058_21015_0_0.png
processing: 1069032_21016_0_0.png
  SKIPPING IMAGE: tot amount of vasculature (7757.1553) < quality threshold 
processing: 1069032_21015_0_0.png
  SKIPPING IMAGE: tot amount of vasculature (6040.54) < quality threshold 
processing: 1068960_21016_1_0.png
  SKIPPING IMAGE: tot amount of vasculature (1689.2351) < quality threshold 
processing: 1068960_21015_1_0.png
  SKIPPING IMAGE: tot amount of vasculature (4621.5032) < quality threshold 
processing: 1068952_21016_0_0.png
processing: 1068952_21015_0_0.png
processing: 1068911_21016_1_0.png
processing: 1068911_21015_1_0.png
processing: 1068870_21016_0_0.png
processing: 1068870_21015_0_0.png
processing: 1068837_21016_0_0.png
  SKIPPING IMAGE: tot amount of vasculature (8389.5783) < quality threshold 
processing: 1068837_21015_0_0.png
  SKIPPING IMAGE: tot amount of vasculature (7901.4916) < quality threshold 
processing: 1068829_21016_1_0.png
  SKIPPING IMAGE: tot amount of vasculature (2634.0809) < quality threshold 
processing: 1068829_21015_1_0.png
  SKIPPING IMAGE: tot amount of vasculature (2155.8754) < quality threshold 
processing: 1068788_21016_0_0.png
processing: 1068788_21015_0_0.png
processing: 1068616_21016_1_0.png
processing: 1068616_21016_0_0.png
  SKIPPING IMAGE: tot amount of vasculature (7559.6176) < quality threshold 
processing: 1068616_21015_1_0.png
  SKIPPING IMAGE: tot amount of vasculature (6752.1856) < quality threshold 
processing: 1068616_21015_0_0.png
  SKIPPING IMAGE: tot amount of vasculature (6904.4985) < quality threshold 
processing: 1068563_21016_1_0.png
  SKIPPING IMAGE: tot amount of vasculature (6108.7392) < quality threshold 
processing: 1068563_21015_1_0.png
processing: 1068538_21016_0_0.png
  SKIPPING IMAGE: tot amount of vasculature (9890.6994) < quality threshold 
processing: 1068538_21015_0_0.png
  SKIPPING IMAGE: tot amount of vasculature (7790.2598) < quality threshold 
processing: 1068491_21016_0_0.png
processing: 1068491_21015_0_0.png
processing: 1068487_21016_0_0.png
  SKIPPING IMAGE: tot amount of vasculature (8317.8903) < quality threshold 
processing: 1068487_21015_0_0.png
  SKIPPING IMAGE: tot amount of vasculature (10066.2218) < quality threshold 
processing: 1068469_21016_0_0.png
processing: 1068469_21015_0_0.png
processing: 1068444_21016_0_0.png
  SKIPPING IMAGE: tot amount of vasculature (2246.2892) < quality threshold 
processing: 1068444_21015_0_0.png
  SKIPPING IMAGE: tot amount of vasculature (661.578) < quality threshold 
processing: 1068426_21016_0_0.png
processing: 1068426_21015_0_0.png
processing: 1068403_21016_0_0.png
processing: 1068403_21015_0_0.png
processing: 1068380_21016_0_0.png
processing: 1068380_21015_0_0.png
processing: 1068367_21016_1_0.png
  SKIPPING IMAGE: tot amount of vasculature (1912.586) < quality threshold 
processing: 1068367_21015_1_0.png
  SKIPPING IMAGE: tot amount of vasculature (1684.3165) < quality threshold 
processing: 1068243_21016_0_0.png
processing: 1068243_21015_0_0.png
processing: 1068193_21016_1_0.png
processing: 1068193_21015_1_0.png
processing: 1068117_21016_1_0.png
  SKIPPING IMAGE: tot amount of vasculature (3287.3374) < quality threshold 
processing: 1068117_21015_1_0.png
  SKIPPING IMAGE: No vessels found
processing: 1068100_21016_0_0.png
  SKIPPING IMAGE: tot amount of vasculature (7865.6503) < quality threshold 
processing: 1068100_21015_0_0.png
  SKIPPING IMAGE: tot amount of vasculature (8748.3065) < quality threshold 
processing: 1068098_21016_1_0.png
processing: 1068098_21015_1_0.png
  SKIPPING IMAGE: tot amount of vasculature (4719.0338) < quality threshold 
processing: 1068051_21016_0_0.png
  SKIPPING IMAGE: tot amount of vasculature (10139.6401) < quality threshold 
processing: 1068051_21015_0_0.png
processing: 1068027_21016_0_0.png
processing: 1068027_21015_0_0.png
processing: 1068005_21016_1_0.png
  SKIPPING IMAGE: tot amount of vasculature (10144.2401) < quality threshold 
processing: 1068005_21015_1_0.png
processing: 1067957_21016_1_0.png
processing: 1067957_21016_0_0.png
processing: 1067957_21015_1_0.png
processing: 1067957_21015_0_0.png
processing: 1067940_21016_0_0.png
processing: 1067940_21015_0_0.png
processing: 1067858_21016_1_0.png
  SKIPPING IMAGE: tot amount of vasculature (5234.4403) < quality threshold 
processing: 1067858_21015_1_0.png
  SKIPPING IMAGE: tot amount of vasculature (3909.7944) < quality threshold 
processing: 1067826_21016_0_0.png
Warning: No vessels found in 1067826_21016_0_0
> In Vessel_Data_IO.load_from_file (line 183)
  In REVIEW_evaluate_diameter_measurements (line 125)
  In ARIA_run_tests (line 209)
  SKIPPING IMAGE: No vessels found
processing: 1067826_21015_0_0.png
  SKIPPING IMAGE: tot amount of vasculature (2198.883) < quality threshold 
processing: 1067663_21016_0_0.png
processing: 1067663_21015_0_0.png
processing: 1067638_21016_0_0.png
FINISHED: .mat files have been written to: /data/FAC/FBM/DBC/sbergman/retina/UKBiob/fundus/REVIEW//CLRIS/
execution time: 2248 sec
