------------------------------------------
Setting up environment variables
---
LD_LIBRARY_PATH is .:/software/Development/Languages/Matlab_Compiler_Runtime/96/runtime/glnxa64:/software/Development/Languages/Matlab_Compiler_Runtime/96/bin/glnxa64:/software/Development/Languages/Matlab_Compiler_Runtime/96/sys/os/glnxa64:/software/Development/Languages/Matlab_Compiler_Runtime/96/sys/opengl/lib/glnxa64
Running vessel measurements...
processing: 2132545_21016_0_0.png
processing: 2132545_21015_0_0.png
processing: 2132534_21016_0_0.png
processing: 2132534_21015_0_0.png
processing: 2132528_21016_0_0.png
processing: 2132528_21015_0_0.png
processing: 2132489_21016_0_0.png
  SKIPPING IMAGE: tot amount of vasculature (8744.5456) < quality threshold 
processing: 2132489_21015_0_0.png
processing: 2132478_21016_0_0.png
processing: 2132478_21015_0_0.png
processing: 2132454_21016_1_0.png
processing: 2132454_21015_1_0.png
  SKIPPING IMAGE: tot amount of vasculature (6044.429) < quality threshold 
processing: 2132446_21016_0_0.png
processing: 2132446_21015_0_0.png
processing: 2132435_21016_0_0.png
processing: 2132435_21015_0_0.png
processing: 2132369_21016_0_0.png
processing: 2132369_21015_0_0.png
processing: 2132344_21016_0_0.png
processing: 2132344_21015_0_0.png
processing: 2132292_21016_0_0.png
  SKIPPING IMAGE: tot amount of vasculature (8396.3203) < quality threshold 
processing: 2132292_21015_0_0.png
  SKIPPING IMAGE: tot amount of vasculature (10185.4909) < quality threshold 
processing: 2132240_21016_1_0.png
processing: 2132240_21015_1_0.png
processing: 2132206_21016_0_0.png
  SKIPPING IMAGE: tot amount of vasculature (426.927) < quality threshold 
processing: 2132206_21015_0_0.png
  SKIPPING IMAGE: tot amount of vasculature (10974.7585) < quality threshold 
processing: 2132094_21016_0_0.png
processing: 2132094_21015_0_0.png
processing: 2132082_21016_0_0.png
processing: 2132082_21015_0_0.png
processing: 2132066_21016_0_0.png
processing: 2132066_21015_0_1.png
processing: 2132066_21015_0_0.png
processing: 2132029_21016_0_0.png
processing: 2132029_21015_0_0.png
processing: 2131968_21016_1_0.png
processing: 2131968_21015_1_0.png
processing: 2131920_21016_1_0.png
processing: 2131920_21015_1_0.png
  SKIPPING IMAGE: tot amount of vasculature (7828.9497) < quality threshold 
processing: 2131916_21016_0_0.png
processing: 2131916_21015_0_0.png
processing: 2131902_21016_0_0.png
processing: 2131902_21015_0_0.png
processing: 2131861_21016_0_0.png
processing: 2131861_21015_0_0.png
processing: 2131822_21016_0_0.png
processing: 2131822_21015_0_0.png
processing: 2131748_21016_0_0.png
processing: 2131748_21015_0_0.png
processing: 2131462_21016_0_0.png
processing: 2131462_21015_0_0.png
processing: 2131379_21016_0_0.png
processing: 2131379_21015_0_0.png
processing: 2131340_21016_0_0.png
processing: 2131340_21015_0_0.png
  SKIPPING IMAGE: tot amount of vasculature (10900.2978) < quality threshold 
processing: 2131275_21016_0_0.png
processing: 2131275_21015_0_0.png
processing: 2131269_21016_0_0.png
processing: 2131269_21015_0_0.png
processing: 2131232_21016_1_0.png
processing: 2131232_21016_0_0.png
processing: 2131232_21015_1_0.png
processing: 2131232_21015_0_0.png
processing: 2131137_21016_0_0.png
processing: 2131137_21015_0_0.png
processing: 2131074_21016_1_0.png
processing: 2131074_21015_1_0.png
processing: 2131038_21016_0_0.png
processing: 2131038_21015_0_0.png
processing: 2130962_21016_1_0.png
  SKIPPING IMAGE: tot amount of vasculature (86.4915) < quality threshold 
processing: 2130962_21015_1_0.png
  SKIPPING IMAGE: tot amount of vasculature (2957.4851) < quality threshold 
processing: 2130899_21016_0_0.png
processing: 2130899_21015_0_0.png
  SKIPPING IMAGE: tot amount of vasculature (10838.2586) < quality threshold 
processing: 2130880_21016_0_0.png
processing: 2130880_21015_0_0.png
processing: 2130855_21016_0_0.png
processing: 2130855_21015_0_0.png
processing: 2130774_21016_0_0.png
processing: 2130774_21015_0_0.png
processing: 2130742_21016_0_0.png
processing: 2130742_21015_0_0.png
  SKIPPING IMAGE: tot amount of vasculature (10212.5803) < quality threshold 
processing: 2130738_21016_0_0.png
  SKIPPING IMAGE: tot amount of vasculature (10067.4178) < quality threshold 
processing: 2130738_21015_0_0.png
processing: 2130689_21016_1_0.png
  SKIPPING IMAGE: tot amount of vasculature (9324.0597) < quality threshold 
processing: 2130689_21015_1_0.png
  SKIPPING IMAGE: tot amount of vasculature (6765.2327) < quality threshold 
processing: 2130678_21016_0_0.png
  SKIPPING IMAGE: tot amount of vasculature (3281.6204) < quality threshold 
processing: 2130678_21015_0_0.png
processing: 2130661_21016_0_0.png
  SKIPPING IMAGE: tot amount of vasculature (64.0289) < quality threshold 
processing: 2130661_21015_0_0.png
  SKIPPING IMAGE: tot amount of vasculature (5204.6643) < quality threshold 
processing: 2130654_21016_1_0.png
processing: 2130654_21016_0_0.png
processing: 2130654_21015_1_0.png
processing: 2130654_21015_0_0.png
processing: 2130588_21016_0_0.png
processing: 2130588_21015_0_0.png
processing: 2130565_21016_0_0.png
processing: 2130565_21015_0_0.png
processing: 2130308_21016_0_0.png
Warning: No vessels found in 2130308_21016_0_0
> In Vessel_Data_IO.load_from_file (line 183)
  In REVIEW_evaluate_diameter_measurements (line 125)
  In ARIA_run_tests (line 209)
  SKIPPING IMAGE: No vessels found
processing: 2130308_21015_0_0.png
  SKIPPING IMAGE: tot amount of vasculature (908.7364) < quality threshold 
processing: 2130234_21016_0_0.png
processing: 2130234_21015_0_0.png
processing: 2130228_21016_1_0.png
processing: 2130228_21015_1_0.png
processing: 2130195_21016_1_0.png
processing: 2130195_21015_1_0.png
processing: 2130168_21016_0_0.png
processing: 2130168_21015_0_0.png
processing: 2130102_21016_0_0.png
processing: 2130102_21015_0_0.png
processing: 2130003_21016_0_0.png
processing: 2130003_21015_0_0.png
  SKIPPING IMAGE: tot amount of vasculature (10452.5772) < quality threshold 
processing: 2129959_21016_0_0.png
processing: 2129959_21015_0_0.png
processing: 2129920_21016_0_0.png
