------------------------------------------
Setting up environment variables
---
LD_LIBRARY_PATH is .:/software/Development/Languages/Matlab_Compiler_Runtime/96/runtime/glnxa64:/software/Development/Languages/Matlab_Compiler_Runtime/96/bin/glnxa64:/software/Development/Languages/Matlab_Compiler_Runtime/96/sys/os/glnxa64:/software/Development/Languages/Matlab_Compiler_Runtime/96/sys/opengl/lib/glnxa64
Running vessel measurements...
processing: 4649594_21015_0_0.png
processing: 4649570_21016_0_0.png
processing: 4649570_21015_0_0.png
processing: 4649566_21016_0_0.png
processing: 4649566_21015_0_0.png
processing: 4649406_21016_0_0.png
processing: 4649406_21015_0_0.png
processing: 4649320_21016_0_0.png
processing: 4649320_21015_0_0.png
  SKIPPING IMAGE: tot amount of vasculature (9038.0801) < quality threshold 
processing: 4649302_21016_1_0.png
processing: 4649302_21016_0_0.png
processing: 4649302_21015_1_0.png
processing: 4649302_21015_0_0.png
processing: 4649289_21016_0_0.png
processing: 4649289_21015_0_0.png
  SKIPPING IMAGE: tot amount of vasculature (8974.2492) < quality threshold 
processing: 4649222_21016_0_0.png
processing: 4649222_21015_0_0.png
processing: 4649045_21016_0_0.png
processing: 4649045_21015_0_0.png
processing: 4648989_21016_0_0.png
processing: 4648989_21015_0_0.png
processing: 4648954_21016_0_0.png
  SKIPPING IMAGE: tot amount of vasculature (9813.672) < quality threshold 
processing: 4648954_21015_0_0.png
processing: 4648935_21016_0_0.png
  SKIPPING IMAGE: tot amount of vasculature (2916.1725) < quality threshold 
processing: 4648935_21015_0_0.png
  SKIPPING IMAGE: tot amount of vasculature (8136.4093) < quality threshold 
processing: 4648900_21016_1_0.png
  SKIPPING IMAGE: tot amount of vasculature (8371.714) < quality threshold 
processing: 4648900_21015_1_0.png
processing: 4648895_21016_0_0.png
processing: 4648895_21015_0_0.png
processing: 4648871_21016_0_0.png
processing: 4648871_21015_0_0.png
processing: 4648859_21016_0_0.png
  SKIPPING IMAGE: tot amount of vasculature (7378.6737) < quality threshold 
processing: 4648859_21015_0_0.png
processing: 4648591_21016_0_0.png
processing: 4648591_21015_0_0.png
processing: 4648575_21016_0_0.png
processing: 4648575_21015_0_0.png
processing: 4648558_21016_0_0.png
processing: 4648558_21015_0_0.png
processing: 4648510_21016_1_0.png
  SKIPPING IMAGE: tot amount of vasculature (4973.5382) < quality threshold 
processing: 4648510_21015_1_0.png
  SKIPPING IMAGE: tot amount of vasculature (5335.7604) < quality threshold 
processing: 4648476_21016_1_0.png
processing: 4648476_21015_1_0.png
processing: 4648452_21016_0_0.png
processing: 4648452_21015_0_0.png
processing: 4648374_21016_0_0.png
processing: 4648374_21015_0_0.png
processing: 4648227_21016_0_0.png
processing: 4648227_21015_0_0.png
processing: 4648199_21016_0_0.png
processing: 4648199_21015_0_0.png
processing: 4648172_21016_0_0.png
processing: 4648172_21015_0_0.png
processing: 4648136_21016_1_0.png
processing: 4648136_21015_1_0.png
processing: 4647876_21016_0_0.png
processing: 4647876_21015_0_0.png
processing: 4647793_21016_0_0.png
processing: 4647793_21015_0_0.png
processing: 4647754_21016_0_0.png
processing: 4647754_21015_0_0.png
processing: 4647700_21016_1_0.png
  SKIPPING IMAGE: tot amount of vasculature (7253.7243) < quality threshold 
processing: 4647700_21015_1_0.png
  SKIPPING IMAGE: tot amount of vasculature (6861.6592) < quality threshold 
processing: 4647669_21016_1_0.png
processing: 4647669_21015_1_0.png
processing: 4647585_21016_0_0.png
processing: 4647585_21015_0_0.png
processing: 4647543_21016_0_0.png
  SKIPPING IMAGE: tot amount of vasculature (1872.1165) < quality threshold 
processing: 4647543_21015_0_0.png
  SKIPPING IMAGE: tot amount of vasculature (2425.944) < quality threshold 
processing: 4647484_21016_0_0.png
processing: 4647484_21015_0_0.png
processing: 4647468_21016_0_0.png
  SKIPPING IMAGE: tot amount of vasculature (10769.2476) < quality threshold 
processing: 4647468_21015_0_0.png
  SKIPPING IMAGE: tot amount of vasculature (8910.8367) < quality threshold 
processing: 4647416_21016_0_0.png
processing: 4647416_21015_0_0.png
processing: 4647402_21016_1_0.png
processing: 4647402_21015_1_0.png
processing: 4647238_21016_1_0.png
processing: 4647238_21015_1_0.png
processing: 4647188_21016_0_0.png
processing: 4647188_21015_0_0.png
processing: 4647131_21016_0_0.png
  SKIPPING IMAGE: tot amount of vasculature (5791.1921) < quality threshold 
processing: 4647131_21015_0_0.png
processing: 4647123_21016_0_0.png
processing: 4647123_21015_0_0.png
processing: 4647106_21016_0_0.png
  SKIPPING IMAGE: tot amount of vasculature (9573.0293) < quality threshold 
processing: 4647106_21015_0_0.png
  SKIPPING IMAGE: tot amount of vasculature (9077.8261) < quality threshold 
processing: 4647048_21016_0_0.png
processing: 4647048_21015_0_0.png
processing: 4647024_21016_0_0.png
  SKIPPING IMAGE: tot amount of vasculature (9742.6267) < quality threshold 
processing: 4647024_21015_0_0.png
processing: 4646997_21016_0_0.png
processing: 4646997_21015_0_0.png
processing: 4646894_21016_1_0.png
processing: 4646894_21015_1_0.png
processing: 4646853_21016_0_0.png
processing: 4646853_21015_0_0.png
processing: 4646837_21016_0_0.png
  SKIPPING IMAGE: tot amount of vasculature (6509.9388) < quality threshold 
processing: 4646837_21015_0_0.png
processing: 4646668_21016_0_0.png
processing: 4646668_21015_0_0.png
processing: 4646647_21016_0_0.png
processing: 4646647_21015_0_0.png
processing: 4646620_21016_0_0.png
processing: 4646620_21015_0_0.png
processing: 4646519_21016_1_0.png
  SKIPPING IMAGE: tot amount of vasculature (15.7082) < quality threshold 
processing: 4646519_21015_1_0.png
  SKIPPING IMAGE: tot amount of vasculature (1338.489) < quality threshold 
processing: 4646487_21016_0_0.png
processing: 4646487_21015_0_0.png
processing: 4646426_21016_1_0.png
processing: 4646426_21015_1_0.png
  SKIPPING IMAGE: tot amount of vasculature (4418.2254) < quality threshold 
processing: 4646403_21016_0_0.png
processing: 4646403_21015_0_0.png
processing: 4646204_21016_0_0.png
processing: 4646204_21015_0_0.png
processing: 4646178_21016_1_0.png
processing: 4646178_21016_0_0.png
processing: 4646178_21015_1_0.png
processing: 4646178_21015_0_0.png
processing: 4646122_21016_1_0.png
  SKIPPING IMAGE: tot amount of vasculature (9162.9518) < quality threshold 
processing: 4646122_21015_1_0.png
processing: 4646100_21016_0_0.png
processing: 4646100_21015_0_0.png
processing: 4646073_21016_1_0.png
  SKIPPING IMAGE: tot amount of vasculature (8655.3087) < quality threshold 
processing: 4646073_21015_1_0.png
  SKIPPING IMAGE: tot amount of vasculature (10774.2789) < quality threshold 
processing: 4646064_21016_0_0.png
  SKIPPING IMAGE: tot amount of vasculature (7945.0648) < quality threshold 
processing: 4646064_21015_0_0.png
  SKIPPING IMAGE: tot amount of vasculature (3594.2479) < quality threshold 
processing: 4645944_21016_1_0.png
processing: 4645944_21015_1_0.png
  SKIPPING IMAGE: tot amount of vasculature (6531.4366) < quality threshold 
processing: 4645857_21016_0_0.png
processing: 4645857_21015_0_0.png
processing: 4645840_21016_0_0.png
processing: 4645840_21015_0_0.png
processing: 4645798_21016_0_0.png
processing: 4645798_21015_0_0.png
processing: 4645786_21016_0_0.png
processing: 4645786_21015_0_0.png
processing: 4645705_21016_0_0.png
  SKIPPING IMAGE: tot amount of vasculature (6384.1529) < quality threshold 
processing: 4645705_21015_0_0.png
  SKIPPING IMAGE: tot amount of vasculature (4221.6917) < quality threshold 
processing: 4645548_21016_0_0.png
  SKIPPING IMAGE: No vessels found
processing: 4645548_21015_0_0.png
  SKIPPING IMAGE: tot amount of vasculature (3273.7834) < quality threshold 
processing: 4645536_21016_1_0.png
  SKIPPING IMAGE: tot amount of vasculature (1373.7953) < quality threshold 
processing: 4645536_21015_1_0.png
  SKIPPING IMAGE: tot amount of vasculature (1369.1264) < quality threshold 
processing: 4645474_21016_0_0.png
processing: 4645474_21015_0_0.png
processing: 4645442_21016_1_0.png
processing: 4645442_21015_1_0.png
processing: 4645425_21016_0_0.png
processing: 4645425_21015_0_0.png
processing: 4645346_21016_1_0.png
processing: 4645346_21016_0_0.png
processing: 4645346_21015_1_0.png
processing: 4645346_21015_0_0.png
processing: 4645284_21016_0_0.png
processing: 4645284_21015_0_0.png
  SKIPPING IMAGE: No vessels found
processing: 4645247_21016_1_0.png
  SKIPPING IMAGE: tot amount of vasculature (5064.6843) < quality threshold 
processing: 4645247_21016_0_0.png
  SKIPPING IMAGE: tot amount of vasculature (7105.691) < quality threshold 
processing: 4645247_21015_1_0.png
  SKIPPING IMAGE: tot amount of vasculature (2926.6994) < quality threshold 
processing: 4645247_21015_0_0.png
  SKIPPING IMAGE: tot amount of vasculature (5027.5382) < quality threshold 
processing: 4645233_21016_1_0.png
processing: 4645233_21016_0_0.png
processing: 4645233_21015_1_0.png
processing: 4645233_21015_0_0.png
processing: 4644981_21016_1_0.png
processing: 4644981_21015_1_0.png
processing: 4644942_21016_1_0.png
  SKIPPING IMAGE: tot amount of vasculature (1479.6211) < quality threshold 
processing: 4644942_21015_1_0.png
  SKIPPING IMAGE: tot amount of vasculature (1935.2626) < quality threshold 
processing: 4644873_21016_0_0.png
  SKIPPING IMAGE: tot amount of vasculature (1343.3283) < quality threshold 
processing: 4644873_21015_0_0.png
  SKIPPING IMAGE: tot amount of vasculature (10310.3614) < quality threshold 
processing: 4644827_21016_0_0.png
processing: 4644827_21015_0_0.png
processing: 4644721_21016_0_0.png
  SKIPPING IMAGE: tot amount of vasculature (8634.5968) < quality threshold 
processing: 4644721_21015_0_0.png
  SKIPPING IMAGE: tot amount of vasculature (10694.4663) < quality threshold 
processing: 4644718_21016_1_0.png
  SKIPPING IMAGE: tot amount of vasculature (2449.3774) < quality threshold 
processing: 4644718_21015_1_0.png
  SKIPPING IMAGE: tot amount of vasculature (5641.5664) < quality threshold 
processing: 4644704_21016_0_0.png
  SKIPPING IMAGE: tot amount of vasculature (9813.6921) < quality threshold 
processing: 4644704_21015_0_0.png
processing: 4644606_21016_0_0.png
processing: 4644606_21015_0_0.png
processing: 4644480_21016_0_0.png
processing: 4644480_21015_0_0.png
processing: 4644472_21016_0_0.png
processing: 4644472_21015_0_0.png
processing: 4644208_21016_1_0.png
processing: 4644208_21016_0_0.png
processing: 4644208_21015_1_0.png
processing: 4644208_21015_0_0.png
processing: 4644059_21016_0_0.png
processing: 4644059_21015_0_0.png
  SKIPPING IMAGE: tot amount of vasculature (8049.023) < quality threshold 
processing: 4643988_21016_1_0.png
processing: 4643988_21015_1_0.png
processing: 4643906_21016_0_0.png
processing: 4643906_21015_0_0.png
  SKIPPING IMAGE: tot amount of vasculature (8296.8042) < quality threshold 
processing: 4643891_21016_0_0.png
processing: 4643891_21015_0_0.png
processing: 4643875_21016_0_0.png
processing: 4643875_21015_0_0.png
processing: 4643797_21016_0_0.png
processing: 4643797_21015_0_0.png
processing: 4643711_21016_1_0.png
  SKIPPING IMAGE: tot amount of vasculature (10347.5384) < quality threshold 
processing: 4643711_21015_1_0.png
  SKIPPING IMAGE: tot amount of vasculature (5112.7528) < quality threshold 
processing: 4643656_21016_0_0.png
  SKIPPING IMAGE: tot amount of vasculature (9506.1209) < quality threshold 
processing: 4643656_21015_0_0.png
processing: 4643607_21016_0_0.png
processing: 4643607_21015_0_0.png
processing: 4643584_21016_0_0.png
processing: 4643584_21015_0_0.png
processing: 4643547_21016_0_0.png
processing: 4643547_21015_0_0.png
processing: 4643520_21016_1_0.png
processing: 4643520_21015_1_0.png
processing: 4643502_21016_1_0.png
  SKIPPING IMAGE: tot amount of vasculature (7131.1327) < quality threshold 
processing: 4643502_21015_1_0.png
processing: 4643494_21016_0_0.png
processing: 4643494_21015_0_0.png
  SKIPPING IMAGE: tot amount of vasculature (10767.043) < quality threshold 
processing: 4643429_21016_1_0.png
processing: 4643429_21015_1_0.png
processing: 4643415_21016_0_0.png
processing: 4643415_21015_0_0.png
processing: 4643396_21016_0_0.png
  SKIPPING IMAGE: tot amount of vasculature (5461.391) < quality threshold 
processing: 4643396_21015_0_0.png
  SKIPPING IMAGE: tot amount of vasculature (4410.303) < quality threshold 
processing: 4643385_21016_1_0.png
processing: 4643385_21015_1_0.png
processing: 4643377_21016_0_0.png
processing: 4643377_21015_0_0.png
processing: 4643339_21016_1_0.png
processing: 4643339_21015_1_0.png
  SKIPPING IMAGE: tot amount of vasculature (159.7036) < quality threshold 
processing: 4643272_21016_0_0.png
processing: 4643272_21015_0_0.png
processing: 4643236_21016_0_0.png
processing: 4643236_21015_0_0.png
  SKIPPING IMAGE: tot amount of vasculature (10750.1772) < quality threshold 
processing: 4643224_21016_0_0.png
processing: 4643224_21015_0_0.png
  SKIPPING IMAGE: tot amount of vasculature (10889.1214) < quality threshold 
processing: 4643130_21016_0_0.png
processing: 4643130_21015_0_0.png
  SKIPPING IMAGE: tot amount of vasculature (10861.6632) < quality threshold 
processing: 4643000_21016_0_0.png
processing: 4643000_21015_0_0.png
processing: 4642877_21016_0_0.png
processing: 4642877_21015_0_0.png
processing: 4642850_21016_0_0.png
processing: 4642850_21015_0_0.png
processing: 4642821_21016_0_0.png
processing: 4642821_21015_0_0.png
processing: 4642818_21016_0_0.png
processing: 4642804_21016_0_0.png
processing: 4642804_21015_0_0.png
processing: 4642795_21016_1_0.png
processing: 4642795_21015_1_0.png
processing: 4642759_21016_1_0.png
  SKIPPING IMAGE: tot amount of vasculature (7960.136) < quality threshold 
processing: 4642759_21015_1_0.png
processing: 4642716_21016_1_0.png
  SKIPPING IMAGE: tot amount of vasculature (1.0091) < quality threshold 
processing: 4642716_21015_1_0.png
  SKIPPING IMAGE: tot amount of vasculature (5775.5059) < quality threshold 
processing: 4642702_21016_1_0.png
  SKIPPING IMAGE: tot amount of vasculature (447.4534) < quality threshold 
processing: 4642702_21016_0_0.png
  SKIPPING IMAGE: tot amount of vasculature (3191.1438) < quality threshold 
processing: 4642702_21015_1_0.png
  SKIPPING IMAGE: tot amount of vasculature (4817.3894) < quality threshold 
processing: 4642702_21015_0_0.png
  SKIPPING IMAGE: tot amount of vasculature (3852.8992) < quality threshold 
processing: 4642698_21016_0_0.png
processing: 4642698_21015_0_0.png
processing: 4642651_21016_1_0.png
  SKIPPING IMAGE: tot amount of vasculature (6049.061) < quality threshold 
processing: 4642651_21015_1_0.png
processing: 4642292_21016_0_0.png
processing: 4642292_21015_0_0.png
processing: 4642070_21016_1_0.png
  SKIPPING IMAGE: tot amount of vasculature (7365.0692) < quality threshold 
processing: 4642070_21015_1_0.png
  SKIPPING IMAGE: tot amount of vasculature (10055.6481) < quality threshold 
processing: 4642015_21016_1_0.png
  SKIPPING IMAGE: tot amount of vasculature (7999.7018) < quality threshold 
processing: 4642015_21015_1_0.png
processing: 4641968_21016_1_0.png
processing: 4641968_21015_1_0.png
  SKIPPING IMAGE: tot amount of vasculature (3670.5483) < quality threshold 
processing: 4641947_21016_1_0.png
processing: 4641947_21015_1_0.png
processing: 4641878_21016_0_0.png
processing: 4641878_21015_0_0.png
  SKIPPING IMAGE: tot amount of vasculature (3708.7249) < quality threshold 
processing: 4641861_21016_0_0.png
processing: 4641861_21015_0_0.png
processing: 4641767_21016_0_0.png
processing: 4641767_21015_0_0.png
  SKIPPING IMAGE: tot amount of vasculature (8710.4472) < quality threshold 
processing: 4641724_21016_0_0.png
  SKIPPING IMAGE: tot amount of vasculature (9186.5782) < quality threshold 
processing: 4641724_21015_0_0.png
  SKIPPING IMAGE: tot amount of vasculature (2210.7671) < quality threshold 
processing: 4641713_21016_0_0.png
processing: 4641713_21015_0_0.png
processing: 4641676_21016_1_0.png
processing: 4641676_21015_1_0.png
processing: 4641628_21016_0_0.png
processing: 4641628_21015_0_0.png
processing: 4641609_21016_0_0.png
processing: 4641609_21015_0_0.png
processing: 4641496_21016_0_0.png
processing: 4641496_21015_0_0.png
processing: 4641462_21016_1_0.png
processing: 4641462_21015_1_0.png
processing: 4641450_21016_1_0.png
processing: 4641450_21015_1_0.png
  SKIPPING IMAGE: tot amount of vasculature (6736.5894) < quality threshold 
processing: 4641404_21016_1_0.png
processing: 4641404_21015_1_0.png
  SKIPPING IMAGE: tot amount of vasculature (9129.3293) < quality threshold 
processing: 4641392_21016_0_0.png
  SKIPPING IMAGE: tot amount of vasculature (3088.0305) < quality threshold 
processing: 4641392_21015_0_0.png
  SKIPPING IMAGE: tot amount of vasculature (9081.3532) < quality threshold 
processing: 4641258_21016_1_0.png
  SKIPPING IMAGE: tot amount of vasculature (2587.0241) < quality threshold 
processing: 4641258_21015_1_0.png
  SKIPPING IMAGE: tot amount of vasculature (8701.4601) < quality threshold 
processing: 4641194_21016_0_0.png
  SKIPPING IMAGE: tot amount of vasculature (4734.9432) < quality threshold 
processing: 4641194_21015_0_0.png
  SKIPPING IMAGE: tot amount of vasculature (2247.8963) < quality threshold 
FINISHED: .mat files have been written to: /data/FAC/FBM/DBC/sbergman/retina/UKBiob/fundus/REVIEW//CLRIS/
execution time: 2158 sec
