------------------------------------------
Setting up environment variables
---
LD_LIBRARY_PATH is .:/software/Development/Languages/Matlab_Compiler_Runtime/96/runtime/glnxa64:/software/Development/Languages/Matlab_Compiler_Runtime/96/bin/glnxa64:/software/Development/Languages/Matlab_Compiler_Runtime/96/sys/os/glnxa64:/software/Development/Languages/Matlab_Compiler_Runtime/96/sys/opengl/lib/glnxa64
Running vessel measurements...
processing: 2913385_21015_0_0.png
processing: 2913304_21016_0_0.png
processing: 2913304_21015_0_0.png
processing: 2913151_21016_0_0.png
processing: 2913151_21015_0_0.png
processing: 2913093_21016_1_0.png
  SKIPPING IMAGE: tot amount of vasculature (10646.7287) < quality threshold 
processing: 2913093_21015_1_0.png
processing: 2913089_21016_0_0.png
processing: 2913089_21015_0_0.png
processing: 2912980_21016_0_0.png
  SKIPPING IMAGE: tot amount of vasculature (10706.3451) < quality threshold 
processing: 2912980_21015_0_1.png
  SKIPPING IMAGE: tot amount of vasculature (9237.7743) < quality threshold 
processing: 2912980_21015_0_0.png
  SKIPPING IMAGE: tot amount of vasculature (3113.2276) < quality threshold 
processing: 2912896_21016_0_0.png
  SKIPPING IMAGE: tot amount of vasculature (8832.597) < quality threshold 
processing: 2912896_21015_0_0.png
  SKIPPING IMAGE: tot amount of vasculature (9277.1726) < quality threshold 
processing: 2912839_21016_0_0.png
processing: 2912839_21015_0_0.png
  SKIPPING IMAGE: tot amount of vasculature (7017.5938) < quality threshold 
processing: 2912818_21016_0_0.png
processing: 2912818_21015_0_0.png
processing: 2912651_21016_1_0.png
processing: 2912651_21015_1_0.png
processing: 2912630_21016_0_0.png
processing: 2912630_21015_0_0.png
processing: 2912627_21016_0_0.png
processing: 2912627_21015_0_0.png
processing: 2912597_21016_1_0.png
  SKIPPING IMAGE: tot amount of vasculature (436.6165) < quality threshold 
processing: 2912597_21015_1_0.png
  SKIPPING IMAGE: tot amount of vasculature (9128.1584) < quality threshold 
processing: 2912560_21016_0_0.png
processing: 2912560_21015_0_0.png
  SKIPPING IMAGE: tot amount of vasculature (8210.558) < quality threshold 
processing: 2912552_21016_1_0.png
processing: 2912552_21016_0_0.png
processing: 2912552_21015_1_0.png
processing: 2912552_21015_0_0.png
processing: 2912493_21016_0_0.png
  SKIPPING IMAGE: tot amount of vasculature (1961.0717) < quality threshold 
processing: 2912493_21015_0_0.png
  SKIPPING IMAGE: tot amount of vasculature (2713.1398) < quality threshold 
processing: 2912478_21016_0_0.png
processing: 2912478_21015_0_0.png
processing: 2912446_21016_0_0.png
processing: 2912446_21015_0_0.png
processing: 2912344_21016_0_0.png
processing: 2912344_21015_0_0.png
processing: 2912279_21016_0_0.png
processing: 2912279_21015_0_0.png
processing: 2912231_21016_0_0.png
processing: 2912231_21015_0_0.png
processing: 2912181_21016_0_0.png
processing: 2912181_21015_0_0.png
processing: 2912015_21016_0_0.png
processing: 2912015_21015_0_0.png
processing: 2912008_21016_0_0.png
processing: 2912008_21015_0_0.png
processing: 2911947_21016_1_0.png
processing: 2911947_21015_1_0.png
processing: 2911893_21016_0_0.png
processing: 2911893_21015_0_0.png
processing: 2911878_21016_0_0.png
processing: 2911878_21015_0_0.png
processing: 2911846_21016_1_0.png
  SKIPPING IMAGE: tot amount of vasculature (6238.8977) < quality threshold 
processing: 2911846_21015_1_0.png
  SKIPPING IMAGE: tot amount of vasculature (3805.7775) < quality threshold 
processing: 2911835_21016_0_0.png
processing: 2911835_21015_0_0.png
processing: 2911822_21016_0_0.png
processing: 2911822_21015_0_0.png
processing: 2911660_21016_1_0.png
  SKIPPING IMAGE: tot amount of vasculature (9503.3922) < quality threshold 
processing: 2911660_21015_1_0.png
  SKIPPING IMAGE: tot amount of vasculature (8555.2229) < quality threshold 
processing: 2911611_21016_0_0.png
processing: 2911611_21015_0_0.png
processing: 2911609_21016_0_0.png
processing: 2911609_21015_0_0.png
processing: 2911598_21016_0_0.png
  SKIPPING IMAGE: tot amount of vasculature (7269.6347) < quality threshold 
processing: 2911598_21015_0_0.png
  SKIPPING IMAGE: tot amount of vasculature (9632.8285) < quality threshold 
processing: 2911443_21016_0_0.png
processing: 2911443_21015_0_0.png
processing: 2911365_21016_0_0.png
  SKIPPING IMAGE: tot amount of vasculature (8656.5992) < quality threshold 
processing: 2911365_21015_0_0.png
processing: 2911331_21016_0_0.png
processing: 2911331_21015_0_0.png
processing: 2911306_21016_0_0.png
  SKIPPING IMAGE: tot amount of vasculature (9533.7408) < quality threshold 
processing: 2911306_21015_0_0.png
  SKIPPING IMAGE: tot amount of vasculature (9722.843) < quality threshold 
processing: 2911291_21016_0_0.png
Warning: No vessels found in 2911291_21016_0_0
> In Vessel_Data_IO.load_from_file (line 183)
  In REVIEW_evaluate_diameter_measurements (line 125)
  In ARIA_run_tests (line 209)
  SKIPPING IMAGE: No vessels found
processing: 2911291_21015_0_0.png
processing: 2911258_21016_1_0.png
processing: 2911258_21015_1_0.png
processing: 2911194_21016_1_0.png
  SKIPPING IMAGE: tot amount of vasculature (9645.485) < quality threshold 
processing: 2911194_21015_1_0.png
  SKIPPING IMAGE: tot amount of vasculature (3393.3961) < quality threshold 
processing: 2911141_21016_0_0.png
  SKIPPING IMAGE: tot amount of vasculature (9749.3458) < quality threshold 
processing: 2911141_21015_0_0.png
  SKIPPING IMAGE: tot amount of vasculature (6953.2757) < quality threshold 
processing: 2911137_21016_1_0.png
processing: 2911137_21015_1_0.png
processing: 2911108_21016_1_0.png
  SKIPPING IMAGE: tot amount of vasculature (8653.6811) < quality threshold 
processing: 2911108_21016_0_0.png
processing: 2911108_21015_1_0.png
processing: 2911108_21015_0_0.png
processing: 2911019_21016_0_0.png
processing: 2911019_21015_0_0.png
processing: 2910977_21016_0_0.png
  SKIPPING IMAGE: tot amount of vasculature (2815.5199) < quality threshold 
processing: 2910977_21015_0_0.png
  SKIPPING IMAGE: tot amount of vasculature (980.2054) < quality threshold 
processing: 2910939_21016_1_0.png
processing: 2910939_21015_1_0.png
processing: 2910921_21016_1_0.png
  SKIPPING IMAGE: tot amount of vasculature (7814.3161) < quality threshold 
processing: 2910921_21015_1_0.png
  SKIPPING IMAGE: tot amount of vasculature (6122.6666) < quality threshold 
processing: 2910899_21016_1_0.png
  SKIPPING IMAGE: tot amount of vasculature (5672.9869) < quality threshold 
processing: 2910899_21015_1_0.png
  SKIPPING IMAGE: tot amount of vasculature (1951.0819) < quality threshold 
processing: 2910848_21016_0_0.png
processing: 2910848_21015_0_0.png
processing: 2910801_21016_0_0.png
processing: 2910801_21015_0_0.png
processing: 2910781_21016_0_0.png
processing: 2910781_21015_0_0.png
processing: 2910774_21016_0_0.png
processing: 2910774_21015_0_0.png
processing: 2910661_21016_1_0.png
processing: 2910661_21015_1_0.png
processing: 2910565_21016_0_0.png
  SKIPPING IMAGE: tot amount of vasculature (4794.3355) < quality threshold 
processing: 2910565_21015_0_0.png
  SKIPPING IMAGE: tot amount of vasculature (5415.5613) < quality threshold 
processing: 2910514_21016_0_0.png
