------------------------------------------
Setting up environment variables
---
LD_LIBRARY_PATH is .:/software/Development/Languages/Matlab_Compiler_Runtime/96/runtime/glnxa64:/software/Development/Languages/Matlab_Compiler_Runtime/96/bin/glnxa64:/software/Development/Languages/Matlab_Compiler_Runtime/96/sys/os/glnxa64:/software/Development/Languages/Matlab_Compiler_Runtime/96/sys/opengl/lib/glnxa64
Running vessel measurements...
processing: 3790597_21016_1_0.png
  SKIPPING IMAGE: tot amount of vasculature (48.2813) < quality threshold 
processing: 3790597_21016_0_0.png
  SKIPPING IMAGE: tot amount of vasculature (2817.1673) < quality threshold 
processing: 3790597_21015_1_0.png
  SKIPPING IMAGE: tot amount of vasculature (2902.6615) < quality threshold 
processing: 3790597_21015_0_0.png
  SKIPPING IMAGE: tot amount of vasculature (2803.1583) < quality threshold 
processing: 3790528_21016_0_0.png
  SKIPPING IMAGE: tot amount of vasculature (6002.0982) < quality threshold 
processing: 3790528_21015_0_0.png
  SKIPPING IMAGE: tot amount of vasculature (9250.8641) < quality threshold 
processing: 3790511_21016_0_0.png
  SKIPPING IMAGE: tot amount of vasculature (10220.0098) < quality threshold 
processing: 3790511_21015_0_0.png
  SKIPPING IMAGE: tot amount of vasculature (5421.2251) < quality threshold 
processing: 3790478_21016_1_0.png
  SKIPPING IMAGE: tot amount of vasculature (7083.5649) < quality threshold 
processing: 3790478_21015_1_0.png
  SKIPPING IMAGE: tot amount of vasculature (8377.0068) < quality threshold 
processing: 3790417_21016_0_0.png
processing: 3790417_21015_0_0.png
processing: 3790391_21016_0_0.png
processing: 3790391_21015_0_0.png
processing: 3790358_21016_0_0.png
  SKIPPING IMAGE: tot amount of vasculature (2279.977) < quality threshold 
processing: 3790358_21015_0_0.png
  SKIPPING IMAGE: tot amount of vasculature (2023.1722) < quality threshold 
processing: 3790214_21016_0_0.png
processing: 3790214_21015_0_0.png
processing: 3790190_21016_1_0.png
processing: 3790190_21015_1_0.png
processing: 3790119_21016_0_0.png
  SKIPPING IMAGE: tot amount of vasculature (10188.1391) < quality threshold 
processing: 3790119_21015_0_0.png
  SKIPPING IMAGE: tot amount of vasculature (7458.6633) < quality threshold 
processing: 3789990_21016_0_0.png
  SKIPPING IMAGE: tot amount of vasculature (4613.7927) < quality threshold 
processing: 3789990_21015_0_0.png
  SKIPPING IMAGE: tot amount of vasculature (8811.1172) < quality threshold 
processing: 3789963_21016_0_0.png
processing: 3789963_21015_0_0.png
processing: 3789956_21016_1_0.png
processing: 3789956_21015_1_0.png
processing: 3789805_21016_0_0.png
processing: 3789805_21015_0_0.png
processing: 3789777_21016_0_0.png
processing: 3789777_21015_0_0.png
processing: 3789762_21016_0_0.png
processing: 3789762_21015_0_0.png
processing: 3789743_21016_0_0.png
processing: 3789743_21015_0_1.png
  SKIPPING IMAGE: tot amount of vasculature (9806.9789) < quality threshold 
processing: 3789743_21015_0_0.png
processing: 3789704_21016_0_0.png
processing: 3789704_21015_0_0.png
processing: 3789679_21016_0_0.png
processing: 3789679_21015_0_0.png
processing: 3789631_21016_0_0.png
processing: 3789631_21015_0_0.png
processing: 3789623_21016_0_0.png
processing: 3789623_21015_0_0.png
processing: 3789554_21016_0_0.png
  SKIPPING IMAGE: tot amount of vasculature (3344.723) < quality threshold 
processing: 3789554_21015_0_0.png
  SKIPPING IMAGE: tot amount of vasculature (1840.6501) < quality threshold 
processing: 3789535_21016_1_0.png
processing: 3789535_21015_1_0.png
processing: 3789517_21016_1_0.png
  SKIPPING IMAGE: tot amount of vasculature (3219.8515) < quality threshold 
processing: 3789517_21015_1_0.png
processing: 3789499_21016_1_0.png
  SKIPPING IMAGE: tot amount of vasculature (6656.2175) < quality threshold 
processing: 3789499_21016_0_0.png
processing: 3789499_21015_1_0.png
processing: 3789499_21015_0_0.png
processing: 3789413_21016_0_0.png
processing: 3789413_21015_0_0.png
processing: 3789397_21016_0_0.png
processing: 3789397_21015_0_0.png
processing: 3789328_21016_0_0.png
processing: 3789328_21015_0_0.png
processing: 3789241_21016_0_0.png
processing: 3789241_21015_0_0.png
processing: 3789237_21016_0_0.png
  SKIPPING IMAGE: tot amount of vasculature (8666.7225) < quality threshold 
processing: 3789237_21015_0_0.png
processing: 3789084_21016_0_0.png
processing: 3789084_21015_0_0.png
processing: 3788994_21016_1_0.png
  SKIPPING IMAGE: tot amount of vasculature (9718.32) < quality threshold 
processing: 3788994_21016_0_0.png
processing: 3788994_21015_1_0.png
processing: 3788994_21015_0_0.png
processing: 3788811_21016_0_0.png
  SKIPPING IMAGE: tot amount of vasculature (3829.4837) < quality threshold 
processing: 3788811_21015_0_0.png
processing: 3788789_21016_1_0.png
processing: 3788789_21015_1_0.png
processing: 3788761_21016_1_0.png
processing: 3788761_21016_0_0.png
processing: 3788761_21015_1_0.png
  SKIPPING IMAGE: tot amount of vasculature (10401.8954) < quality threshold 
processing: 3788761_21015_0_0.png
processing: 3788658_21016_0_0.png
  SKIPPING IMAGE: tot amount of vasculature (3710.9806) < quality threshold 
processing: 3788658_21015_0_0.png
  SKIPPING IMAGE: tot amount of vasculature (5226.022) < quality threshold 
processing: 3788603_21016_0_0.png
  SKIPPING IMAGE: tot amount of vasculature (3237.8462) < quality threshold 
processing: 3788603_21015_0_0.png
  SKIPPING IMAGE: tot amount of vasculature (2727.5803) < quality threshold 
processing: 3788495_21016_0_0.png
processing: 3788495_21015_0_0.png
processing: 3788398_21016_1_0.png
  SKIPPING IMAGE: tot amount of vasculature (6594.1501) < quality threshold 
processing: 3788398_21015_1_0.png
  SKIPPING IMAGE: tot amount of vasculature (10459.9614) < quality threshold 
processing: 3788349_21016_0_0.png
  SKIPPING IMAGE: tot amount of vasculature (8835.942) < quality threshold 
processing: 3788349_21015_0_0.png
  SKIPPING IMAGE: tot amount of vasculature (10030.4155) < quality threshold 
processing: 3788312_21016_0_0.png
processing: 3788312_21015_0_0.png
  SKIPPING IMAGE: tot amount of vasculature (8351.0973) < quality threshold 
processing: 3788274_21016_1_0.png
processing: 3788274_21015_1_0.png
processing: 3788131_21016_1_0.png
processing: 3788131_21015_1_0.png
processing: 3787993_21016_1_0.png
  SKIPPING IMAGE: tot amount of vasculature (10617.4246) < quality threshold 
processing: 3787993_21015_1_0.png
processing: 3787954_21016_0_0.png
processing: 3787954_21015_0_0.png
processing: 3787922_21016_0_0.png
processing: 3787922_21015_0_0.png
processing: 3787884_21016_1_0.png
  SKIPPING IMAGE: tot amount of vasculature (1241.5102) < quality threshold 
processing: 3787884_21015_1_0.png
  SKIPPING IMAGE: tot amount of vasculature (1694.2694) < quality threshold 
processing: 3787871_21016_0_0.png
processing: 3787871_21015_0_0.png
processing: 3787847_21016_0_0.png
  SKIPPING IMAGE: tot amount of vasculature (76.5101) < quality threshold 
processing: 3787847_21015_0_0.png
processing: 3787816_21016_1_0.png
processing: 3787816_21015_1_0.png
processing: 3787766_21016_0_0.png
processing: 3787766_21015_0_0.png
processing: 3787753_21016_1_0.png
  SKIPPING IMAGE: tot amount of vasculature (8323.1514) < quality threshold 
processing: 3787753_21015_1_0.png
  SKIPPING IMAGE: tot amount of vasculature (8729.7704) < quality threshold 
processing: 3787677_21016_0_0.png
processing: 3787677_21015_0_0.png
