------------------------------------------
Setting up environment variables
---
LD_LIBRARY_PATH is .:/software/Development/Languages/Matlab_Compiler_Runtime/96/runtime/glnxa64:/software/Development/Languages/Matlab_Compiler_Runtime/96/bin/glnxa64:/software/Development/Languages/Matlab_Compiler_Runtime/96/sys/os/glnxa64:/software/Development/Languages/Matlab_Compiler_Runtime/96/sys/opengl/lib/glnxa64
Running vessel measurements...
processing: 2516025_21015_1_0.png
processing: 2516007_21016_1_0.png
processing: 2516007_21015_1_0.png
processing: 2515962_21016_0_0.png
processing: 2515962_21015_0_0.png
processing: 2515918_21016_1_0.png
  SKIPPING IMAGE: tot amount of vasculature (11.0541) < quality threshold 
processing: 2515918_21015_1_0.png
  SKIPPING IMAGE: tot amount of vasculature (8.8971) < quality threshold 
processing: 2515867_21016_0_0.png
  SKIPPING IMAGE: tot amount of vasculature (10224.4166) < quality threshold 
processing: 2515867_21015_0_0.png
processing: 2515738_21016_1_0.png
  SKIPPING IMAGE: tot amount of vasculature (3646.0457) < quality threshold 
processing: 2515738_21015_1_0.png
  SKIPPING IMAGE: tot amount of vasculature (3393.0509) < quality threshold 
processing: 2515693_21016_0_0.png
  SKIPPING IMAGE: tot amount of vasculature (6643.7727) < quality threshold 
processing: 2515693_21015_0_0.png
  SKIPPING IMAGE: tot amount of vasculature (9800.7859) < quality threshold 
processing: 2515654_21016_1_0.png
processing: 2515654_21015_1_0.png
processing: 2515600_21016_0_0.png
  SKIPPING IMAGE: tot amount of vasculature (4819.5306) < quality threshold 
processing: 2515600_21015_0_0.png
  SKIPPING IMAGE: tot amount of vasculature (7827.7966) < quality threshold 
processing: 2515540_21016_0_0.png
processing: 2515540_21015_0_0.png
processing: 2515523_21016_0_0.png
processing: 2515523_21015_0_0.png
processing: 2515451_21016_0_0.png
processing: 2515451_21015_0_0.png
processing: 2515032_21016_0_0.png
processing: 2515032_21015_0_0.png
processing: 2515010_21016_0_0.png
processing: 2515010_21015_0_0.png
processing: 2514949_21016_0_0.png
processing: 2514949_21015_0_0.png
  SKIPPING IMAGE: tot amount of vasculature (10432.3827) < quality threshold 
processing: 2514912_21016_1_0.png
processing: 2514912_21015_1_0.png
processing: 2514890_21015_0_0.png
processing: 2514819_21016_1_0.png
processing: 2514819_21015_1_0.png
processing: 2514775_21015_0_0.png
processing: 2514732_21016_0_0.png
processing: 2514732_21015_0_0.png
processing: 2514624_21016_0_0.png
processing: 2514624_21015_0_0.png
processing: 2514566_21016_0_0.png
  SKIPPING IMAGE: tot amount of vasculature (6509.4142) < quality threshold 
processing: 2514566_21015_0_0.png
  SKIPPING IMAGE: tot amount of vasculature (6494.2549) < quality threshold 
processing: 2514508_21016_0_0.png
processing: 2514508_21015_0_0.png
processing: 2514488_21016_1_0.png
processing: 2514488_21015_1_0.png
processing: 2514414_21016_1_0.png
  SKIPPING IMAGE: tot amount of vasculature (1512.0523) < quality threshold 
processing: 2514414_21015_1_0.png
  SKIPPING IMAGE: tot amount of vasculature (3014.7879) < quality threshold 
processing: 2514139_21016_1_0.png
processing: 2514139_21015_1_0.png
processing: 2514104_21016_0_0.png
processing: 2514104_21015_0_0.png
  SKIPPING IMAGE: tot amount of vasculature (8085.092) < quality threshold 
processing: 2514097_21016_0_0.png
processing: 2514097_21015_0_0.png
processing: 2514060_21016_0_1.png
  SKIPPING IMAGE: tot amount of vasculature (6913.5754) < quality threshold 
processing: 2514060_21016_0_0.png
Warning: No vessels found in 2514060_21016_0_0
> In Vessel_Data_IO.load_from_file (line 183)
  In REVIEW_evaluate_diameter_measurements (line 125)
  In ARIA_run_tests (line 209)
  SKIPPING IMAGE: No vessels found
processing: 2514060_21015_0_0.png
  SKIPPING IMAGE: tot amount of vasculature (3043.4174) < quality threshold 
processing: 2514028_21016_0_0.png
processing: 2514028_21015_0_0.png
processing: 2514011_21016_0_0.png
  SKIPPING IMAGE: tot amount of vasculature (10950.8796) < quality threshold 
processing: 2514011_21015_0_0.png
processing: 2514009_21016_0_0.png
  SKIPPING IMAGE: tot amount of vasculature (9057.7329) < quality threshold 
processing: 2514009_21015_0_0.png
  SKIPPING IMAGE: tot amount of vasculature (14.6127) < quality threshold 
processing: 2513885_21016_0_0.png
  SKIPPING IMAGE: tot amount of vasculature (8608.4339) < quality threshold 
processing: 2513885_21015_0_0.png
  SKIPPING IMAGE: tot amount of vasculature (4893.7759) < quality threshold 
processing: 2513850_21016_0_0.png
processing: 2513850_21015_0_0.png
processing: 2513821_21016_0_0.png
processing: 2513821_21015_0_0.png
processing: 2513747_21016_0_0.png
processing: 2513747_21015_0_0.png
processing: 2513733_21016_0_0.png
processing: 2513733_21015_0_0.png
processing: 2513702_21016_0_0.png
processing: 2513702_21015_0_0.png
processing: 2513627_21016_0_0.png
  SKIPPING IMAGE: tot amount of vasculature (6673.1482) < quality threshold 
processing: 2513627_21015_0_0.png
  SKIPPING IMAGE: tot amount of vasculature (9316.0234) < quality threshold 
processing: 2513605_21016_1_0.png
processing: 2513605_21015_1_0.png
processing: 2513583_21016_0_0.png
processing: 2513583_21015_0_0.png
processing: 2513528_21016_0_0.png
processing: 2513528_21015_0_0.png
processing: 2513489_21016_0_0.png
  SKIPPING IMAGE: tot amount of vasculature (6686.4073) < quality threshold 
processing: 2513489_21015_0_0.png
  SKIPPING IMAGE: tot amount of vasculature (2101.9179) < quality threshold 
processing: 2513400_21016_0_0.png
processing: 2513400_21015_0_0.png
processing: 2513391_21016_0_0.png
processing: 2513391_21015_0_0.png
processing: 2513387_21016_0_0.png
processing: 2513387_21015_0_0.png
processing: 2513326_21016_1_0.png
  SKIPPING IMAGE: tot amount of vasculature (8408.0906) < quality threshold 
processing: 2513326_21015_1_0.png
processing: 2513303_21016_0_0.png
processing: 2513303_21015_0_0.png
processing: 2513265_21016_0_0.png
processing: 2513265_21015_0_0.png
processing: 2513240_21016_0_0.png
  SKIPPING IMAGE: tot amount of vasculature (6471.8595) < quality threshold 
processing: 2513240_21015_0_0.png
processing: 2513206_21016_0_0.png
processing: 2513206_21015_0_0.png
processing: 2513181_21016_1_0.png
  SKIPPING IMAGE: tot amount of vasculature (9984.0122) < quality threshold 
processing: 2513181_21015_1_0.png
processing: 2513174_21016_0_0.png
processing: 2513174_21015_0_0.png
processing: 2513119_21016_0_0.png
processing: 2513119_21015_0_0.png
processing: 2513107_21016_1_0.png
processing: 2513107_21015_1_0.png
processing: 2513015_21016_0_0.png
  SKIPPING IMAGE: tot amount of vasculature (10121.6869) < quality threshold 
processing: 2513015_21015_0_0.png
processing: 2512875_21016_0_0.png
processing: 2512875_21015_0_0.png
  SKIPPING IMAGE: tot amount of vasculature (10417.5267) < quality threshold 
processing: 2512797_21016_0_0.png
processing: 2512797_21015_0_0.png
  SKIPPING IMAGE: tot amount of vasculature (8728.1395) < quality threshold 
processing: 2512776_21016_0_0.png
  SKIPPING IMAGE: tot amount of vasculature (10682.5599) < quality threshold 
processing: 2512776_21015_0_0.png
  SKIPPING IMAGE: tot amount of vasculature (7743.1487) < quality threshold 
processing: 2512745_21016_1_0.png
processing: 2512745_21016_0_0.png
processing: 2512745_21015_1_0.png
processing: 2512745_21015_0_0.png
processing: 2512607_21016_0_0.png
processing: 2512607_21015_0_0.png
processing: 2512533_21016_0_0.png
processing: 2512533_21015_0_0.png
processing: 2512516_21016_0_0.png
processing: 2512516_21015_0_0.png
processing: 2512453_21016_1_0.png
processing: 2512453_21015_1_0.png
processing: 2512429_21016_0_0.png
  SKIPPING IMAGE: tot amount of vasculature (30.0431) < quality threshold 
processing: 2512429_21015_0_0.png
  SKIPPING IMAGE: tot amount of vasculature (1.1874) < quality threshold 
processing: 2512280_21016_0_0.png
processing: 2512280_21015_0_0.png
processing: 2512201_21016_0_0.png
processing: 2512201_21015_0_0.png
processing: 2512198_21016_0_0.png
  SKIPPING IMAGE: tot amount of vasculature (7703.653) < quality threshold 
processing: 2512198_21015_0_0.png
  SKIPPING IMAGE: tot amount of vasculature (7119.3139) < quality threshold 
processing: 2512164_21016_0_0.png
processing: 2512164_21015_0_0.png
processing: 2512151_21016_0_0.png
