------------------------------------------
Setting up environment variables
---
LD_LIBRARY_PATH is .:/software/Development/Languages/Matlab_Compiler_Runtime/96/runtime/glnxa64:/software/Development/Languages/Matlab_Compiler_Runtime/96/bin/glnxa64:/software/Development/Languages/Matlab_Compiler_Runtime/96/sys/os/glnxa64:/software/Development/Languages/Matlab_Compiler_Runtime/96/sys/opengl/lib/glnxa64
Running vessel measurements...
processing: 3824621_21015_0_0.png
processing: 3824618_21016_0_0.png
processing: 3824618_21015_0_0.png
processing: 3824591_21016_0_0.png
  SKIPPING IMAGE: tot amount of vasculature (6643.5629) < quality threshold 
processing: 3824591_21015_0_0.png
processing: 3824587_21016_0_0.png
  SKIPPING IMAGE: tot amount of vasculature (8603.1022) < quality threshold 
processing: 3824587_21015_0_0.png
  SKIPPING IMAGE: tot amount of vasculature (9535.0535) < quality threshold 
processing: 3824503_21016_0_0.png
  SKIPPING IMAGE: tot amount of vasculature (6285.865) < quality threshold 
processing: 3824503_21015_0_0.png
  SKIPPING IMAGE: tot amount of vasculature (9488.0042) < quality threshold 
processing: 3824460_21016_0_0.png
processing: 3824460_21015_0_0.png
processing: 3824434_21016_1_0.png
  SKIPPING IMAGE: tot amount of vasculature (7504.5505) < quality threshold 
processing: 3824434_21015_1_0.png
  SKIPPING IMAGE: tot amount of vasculature (1088.9018) < quality threshold 
processing: 3824428_21016_0_0.png
processing: 3824428_21015_0_0.png
processing: 3824411_21016_1_0.png
  SKIPPING IMAGE: tot amount of vasculature (9059.0657) < quality threshold 
processing: 3824411_21015_1_0.png
processing: 3824390_21016_0_0.png
processing: 3824390_21015_0_0.png
  SKIPPING IMAGE: tot amount of vasculature (9506.0705) < quality threshold 
processing: 3824356_21016_1_0.png
  SKIPPING IMAGE: tot amount of vasculature (6669.5375) < quality threshold 
processing: 3824356_21015_1_0.png
  SKIPPING IMAGE: tot amount of vasculature (2931.5753) < quality threshold 
processing: 3824319_21016_1_0.png
processing: 3824319_21016_0_0.png
processing: 3824319_21015_1_0.png
  SKIPPING IMAGE: tot amount of vasculature (8419.3147) < quality threshold 
processing: 3824319_21015_0_0.png
  SKIPPING IMAGE: tot amount of vasculature (8301.1771) < quality threshold 
processing: 3824172_21016_1_0.png
  SKIPPING IMAGE: tot amount of vasculature (8211.7502) < quality threshold 
processing: 3824172_21015_1_0.png
  SKIPPING IMAGE: tot amount of vasculature (9810.5646) < quality threshold 
processing: 3824167_21016_0_0.png
  SKIPPING IMAGE: tot amount of vasculature (7513.599) < quality threshold 
processing: 3824167_21015_0_0.png
  SKIPPING IMAGE: tot amount of vasculature (4585.0423) < quality threshold 
processing: 3824092_21016_1_0.png
processing: 3824092_21016_0_0.png
processing: 3824092_21015_1_0.png
processing: 3824092_21015_0_0.png
processing: 3824065_21016_0_0.png
  SKIPPING IMAGE: tot amount of vasculature (5111.4493) < quality threshold 
processing: 3824065_21015_0_0.png
  SKIPPING IMAGE: tot amount of vasculature (8866.1095) < quality threshold 
processing: 3824031_21016_0_0.png
processing: 3824031_21015_0_0.png
processing: 3823962_21016_0_0.png
processing: 3823962_21015_0_0.png
processing: 3823918_21016_0_0.png
  SKIPPING IMAGE: tot amount of vasculature (6530.4829) < quality threshold 
processing: 3823918_21015_0_0.png
processing: 3823790_21016_0_0.png
processing: 3823790_21015_0_0.png
processing: 3823781_21016_0_0.png
processing: 3823781_21015_0_0.png
processing: 3823756_21016_0_0.png
processing: 3823756_21015_0_0.png
processing: 3823557_21016_0_0.png
processing: 3823557_21015_0_0.png
processing: 3823506_21016_0_0.png
  SKIPPING IMAGE: tot amount of vasculature (8915.3218) < quality threshold 
processing: 3823506_21015_0_0.png
  SKIPPING IMAGE: tot amount of vasculature (9790.3323) < quality threshold 
processing: 3823464_21016_1_0.png
  SKIPPING IMAGE: tot amount of vasculature (2020.1889) < quality threshold 
processing: 3823464_21015_1_0.png
  SKIPPING IMAGE: tot amount of vasculature (10708.1351) < quality threshold 
processing: 3823430_21016_0_0.png
processing: 3823430_21015_0_0.png
processing: 3823394_21015_0_0.png
processing: 3823283_21016_0_0.png
processing: 3823283_21015_0_0.png
processing: 3823234_21016_1_0.png
  SKIPPING IMAGE: tot amount of vasculature (8210.8788) < quality threshold 
processing: 3823234_21015_1_0.png
  SKIPPING IMAGE: tot amount of vasculature (8783.1245) < quality threshold 
processing: 3823228_21016_0_0.png
processing: 3823228_21015_0_0.png
processing: 3823209_21016_0_0.png
processing: 3823209_21015_0_0.png
processing: 3823168_21016_1_0.png
processing: 3823168_21015_1_0.png
processing: 3823133_21016_0_0.png
processing: 3823133_21015_0_0.png
processing: 3823075_21016_1_0.png
processing: 3823075_21015_1_0.png
processing: 3823069_21016_0_0.png
processing: 3823069_21015_0_0.png
processing: 3822976_21016_1_0.png
processing: 3822976_21015_1_0.png
processing: 3822960_21016_0_0.png
processing: 3822960_21015_0_0.png
processing: 3822945_21016_1_0.png
processing: 3822945_21015_1_0.png
processing: 3822837_21016_0_0.png
processing: 3822837_21015_0_0.png
processing: 3822788_21016_0_0.png
processing: 3822788_21015_0_0.png
processing: 3822731_21016_1_0.png
  SKIPPING IMAGE: tot amount of vasculature (3807.397) < quality threshold 
processing: 3822731_21015_1_0.png
  SKIPPING IMAGE: tot amount of vasculature (7377.6234) < quality threshold 
processing: 3822659_21016_0_0.png
  SKIPPING IMAGE: tot amount of vasculature (10770.2583) < quality threshold 
processing: 3822659_21015_0_0.png
processing: 3822647_21016_1_0.png
  SKIPPING IMAGE: tot amount of vasculature (6233.3546) < quality threshold 
processing: 3822647_21015_1_0.png
  SKIPPING IMAGE: tot amount of vasculature (1975.2858) < quality threshold 
processing: 3822620_21016_0_0.png
processing: 3822620_21015_0_0.png
processing: 3822491_21016_0_0.png
processing: 3822491_21015_0_0.png
processing: 3822372_21016_0_0.png
processing: 3822372_21015_0_0.png
processing: 3822336_21016_1_0.png
  SKIPPING IMAGE: tot amount of vasculature (2069.0167) < quality threshold 
processing: 3822336_21015_1_0.png
  SKIPPING IMAGE: tot amount of vasculature (6202.1837) < quality threshold 
processing: 3822262_21016_1_0.png
  SKIPPING IMAGE: tot amount of vasculature (6883.0719) < quality threshold 
processing: 3822262_21015_1_0.png
  SKIPPING IMAGE: tot amount of vasculature (4392.0214) < quality threshold 
processing: 3822250_21016_0_0.png
  SKIPPING IMAGE: tot amount of vasculature (10053.3246) < quality threshold 
processing: 3822250_21015_0_0.png
processing: 3822239_21016_0_0.png
  SKIPPING IMAGE: tot amount of vasculature (8424.299) < quality threshold 
processing: 3822239_21015_0_0.png
  SKIPPING IMAGE: tot amount of vasculature (5913.553) < quality threshold 
processing: 3822221_21016_0_0.png
  SKIPPING IMAGE: tot amount of vasculature (4582.4746) < quality threshold 
processing: 3822221_21015_0_0.png
  SKIPPING IMAGE: tot amount of vasculature (10456.872) < quality threshold 
processing: 3822189_21016_0_0.png
processing: 3822189_21015_0_0.png
processing: 3822178_21016_0_0.png
processing: 3822178_21015_0_0.png
  SKIPPING IMAGE: tot amount of vasculature (8503.3818) < quality threshold 
processing: 3822100_21016_0_0.png
processing: 3822100_21015_0_0.png
processing: 3821965_21016_0_0.png
processing: 3821965_21015_0_0.png
processing: 3821891_21016_0_0.png
  SKIPPING IMAGE: No vessels found
processing: 3821891_21015_0_0.png
  SKIPPING IMAGE: tot amount of vasculature (4099.1507) < quality threshold 
processing: 3821858_21016_0_0.png
processing: 3821858_21015_0_0.png
