------------------------------------------
Setting up environment variables
---
LD_LIBRARY_PATH is .:/software/Development/Languages/Matlab_Compiler_Runtime/96/runtime/glnxa64:/software/Development/Languages/Matlab_Compiler_Runtime/96/bin/glnxa64:/software/Development/Languages/Matlab_Compiler_Runtime/96/sys/os/glnxa64:/software/Development/Languages/Matlab_Compiler_Runtime/96/sys/opengl/lib/glnxa64
Running vessel measurements...
processing: 4224829_21016_0_0.png
  SKIPPING IMAGE: tot amount of vasculature (2992.66) < quality threshold 
processing: 4224829_21015_0_0.png
  SKIPPING IMAGE: tot amount of vasculature (4602.147) < quality threshold 
processing: 4224808_21016_0_0.png
processing: 4224808_21015_0_0.png
  SKIPPING IMAGE: tot amount of vasculature (8696.3837) < quality threshold 
processing: 4224788_21016_0_0.png
processing: 4224788_21015_0_0.png
processing: 4224714_21016_0_0.png
processing: 4224714_21015_0_0.png
processing: 4224590_21016_0_0.png
processing: 4224590_21015_0_0.png
processing: 4224581_21016_0_0.png
processing: 4224581_21015_0_0.png
processing: 4224556_21016_0_0.png
processing: 4224556_21015_0_0.png
processing: 4224538_21016_0_0.png
  SKIPPING IMAGE: tot amount of vasculature (4333.074) < quality threshold 
processing: 4224538_21015_0_0.png
  SKIPPING IMAGE: tot amount of vasculature (5637.6681) < quality threshold 
processing: 4224525_21016_0_0.png
processing: 4224525_21015_0_0.png
processing: 4224519_21016_0_0.png
processing: 4224519_21015_0_0.png
processing: 4224487_21016_0_0.png
processing: 4224487_21015_0_0.png
processing: 4224367_21016_0_0.png
processing: 4224367_21015_0_0.png
  SKIPPING IMAGE: tot amount of vasculature (3834.4686) < quality threshold 
processing: 4224301_21016_0_0.png
processing: 4224301_21015_0_0.png
processing: 4224250_21016_0_0.png
  SKIPPING IMAGE: tot amount of vasculature (2786.0692) < quality threshold 
processing: 4224250_21015_0_0.png
  SKIPPING IMAGE: tot amount of vasculature (6764.7456) < quality threshold 
processing: 4224221_21016_0_0.png
processing: 4224221_21015_0_0.png
processing: 4224146_21016_1_0.png
  SKIPPING IMAGE: tot amount of vasculature (2919.2568) < quality threshold 
processing: 4224146_21015_1_0.png
  SKIPPING IMAGE: tot amount of vasculature (6164.8532) < quality threshold 
processing: 4224100_21016_0_0.png
processing: 4224100_21015_0_0.png
processing: 4224086_21016_0_0.png
processing: 4224086_21015_0_0.png
processing: 4224005_21016_0_0.png
processing: 4224005_21015_0_0.png
  SKIPPING IMAGE: tot amount of vasculature (10002.5103) < quality threshold 
processing: 4223968_21016_0_0.png
  SKIPPING IMAGE: tot amount of vasculature (322.4218) < quality threshold 
processing: 4223968_21015_0_1.png
  SKIPPING IMAGE: tot amount of vasculature (755.6221) < quality threshold 
processing: 4223968_21015_0_0.png
  SKIPPING IMAGE: tot amount of vasculature (293.0058) < quality threshold 
processing: 4223947_21016_1_0.png
  SKIPPING IMAGE: tot amount of vasculature (3642.1738) < quality threshold 
processing: 4223947_21015_1_0.png
  SKIPPING IMAGE: tot amount of vasculature (2975.6173) < quality threshold 
processing: 4223902_21016_1_0.png
  SKIPPING IMAGE: tot amount of vasculature (9678.6478) < quality threshold 
processing: 4223902_21015_1_0.png
  SKIPPING IMAGE: tot amount of vasculature (5781.0807) < quality threshold 
processing: 4223854_21016_1_0.png
  SKIPPING IMAGE: No vessels found
processing: 4223854_21015_1_0.png
  SKIPPING IMAGE: tot amount of vasculature (33.793) < quality threshold 
processing: 4223835_21016_0_0.png
processing: 4223835_21015_0_0.png
processing: 4223800_21016_0_0.png
processing: 4223800_21015_0_0.png
processing: 4223767_21016_1_0.png
processing: 4223767_21015_1_0.png
processing: 4223713_21016_0_0.png
processing: 4223713_21015_0_0.png
processing: 4223652_21016_0_0.png
processing: 4223652_21015_0_0.png
processing: 4223628_21016_0_0.png
processing: 4223628_21015_0_0.png
processing: 4223505_21016_1_0.png
  SKIPPING IMAGE: tot amount of vasculature (1436.5692) < quality threshold 
processing: 4223505_21015_1_0.png
  SKIPPING IMAGE: tot amount of vasculature (9096.8915) < quality threshold 
processing: 4223392_21016_0_0.png
  SKIPPING IMAGE: tot amount of vasculature (165.1403) < quality threshold 
processing: 4223392_21015_0_0.png
  SKIPPING IMAGE: tot amount of vasculature (2577.3305) < quality threshold 
processing: 4223244_21016_0_0.png
processing: 4223244_21015_0_0.png
  SKIPPING IMAGE: tot amount of vasculature (9467.7861) < quality threshold 
processing: 4223210_21016_1_0.png
processing: 4223210_21015_1_0.png
processing: 4223038_21016_0_0.png
processing: 4223038_21015_0_0.png
processing: 4222991_21016_0_0.png
processing: 4222991_21015_0_0.png
processing: 4222910_21016_0_0.png
processing: 4222910_21015_0_0.png
  SKIPPING IMAGE: tot amount of vasculature (10593.47) < quality threshold 
processing: 4222599_21016_0_0.png
processing: 4222599_21015_0_0.png
processing: 4222555_21016_0_0.png
processing: 4222555_21015_0_0.png
processing: 4222548_21016_0_0.png
processing: 4222548_21015_0_0.png
  SKIPPING IMAGE: tot amount of vasculature (4537.4621) < quality threshold 
processing: 4222524_21016_0_0.png
  SKIPPING IMAGE: tot amount of vasculature (777.8619) < quality threshold 
processing: 4222524_21015_0_0.png
  SKIPPING IMAGE: tot amount of vasculature (10412.7762) < quality threshold 
processing: 4222438_21016_1_0.png
  SKIPPING IMAGE: tot amount of vasculature (3034.2215) < quality threshold 
processing: 4222438_21015_1_0.png
  SKIPPING IMAGE: tot amount of vasculature (4369.1205) < quality threshold 
processing: 4222317_21016_0_0.png
processing: 4222317_21015_0_0.png
processing: 4222197_21016_0_0.png
  SKIPPING IMAGE: tot amount of vasculature (6463.4016) < quality threshold 
processing: 4222197_21015_0_0.png
  SKIPPING IMAGE: tot amount of vasculature (4825.27) < quality threshold 
processing: 4222183_21016_0_0.png
  SKIPPING IMAGE: tot amount of vasculature (9505.3868) < quality threshold 
processing: 4222183_21015_0_0.png
  SKIPPING IMAGE: tot amount of vasculature (4883.9292) < quality threshold 
processing: 4222062_21016_0_0.png
  SKIPPING IMAGE: tot amount of vasculature (7245.3861) < quality threshold 
processing: 4222062_21015_0_0.png
  SKIPPING IMAGE: tot amount of vasculature (8812.1214) < quality threshold 
processing: 4222039_21016_0_0.png
  SKIPPING IMAGE: tot amount of vasculature (7703.4525) < quality threshold 
processing: 4222039_21015_0_0.png
  SKIPPING IMAGE: tot amount of vasculature (256.8909) < quality threshold 
processing: 4221998_21016_0_0.png
processing: 4221998_21015_0_0.png
processing: 4221927_21016_1_0.png
processing: 4221927_21015_1_0.png
processing: 4221905_21016_0_0.png
processing: 4221905_21015_0_0.png
processing: 4221680_21016_0_0.png
  SKIPPING IMAGE: tot amount of vasculature (8362.4847) < quality threshold 
processing: 4221680_21015_0_0.png
  SKIPPING IMAGE: tot amount of vasculature (6463.0012) < quality threshold 
processing: 4221515_21016_0_0.png
processing: 4221515_21015_0_0.png
processing: 4221488_21016_0_0.png
processing: 4221488_21015_0_0.png
processing: 4221465_21016_0_0.png
  SKIPPING IMAGE: tot amount of vasculature (10191.3852) < quality threshold 
processing: 4221465_21015_0_0.png
processing: 4221457_21016_0_0.png
  SKIPPING IMAGE: tot amount of vasculature (9291.0131) < quality threshold 
processing: 4221457_21015_0_0.png
processing: 4221395_21016_0_0.png
processing: 4221395_21015_0_0.png
processing: 4221254_21016_1_0.png
processing: 4221254_21015_1_0.png
processing: 4221196_21016_1_0.png
  SKIPPING IMAGE: tot amount of vasculature (7775.6835) < quality threshold 
processing: 4221196_21015_1_0.png
processing: 4221143_21016_0_0.png
processing: 4221143_21015_0_0.png
processing: 4221121_21016_0_0.png
processing: 4221121_21015_0_0.png
processing: 4221052_21016_0_0.png
processing: 4221052_21015_0_0.png
processing: 4220979_21016_1_0.png
