------------------------------------------
Setting up environment variables
---
LD_LIBRARY_PATH is .:/software/Development/Languages/Matlab_Compiler_Runtime/96/runtime/glnxa64:/software/Development/Languages/Matlab_Compiler_Runtime/96/bin/glnxa64:/software/Development/Languages/Matlab_Compiler_Runtime/96/sys/os/glnxa64:/software/Development/Languages/Matlab_Compiler_Runtime/96/sys/opengl/lib/glnxa64
Running vessel measurements...
processing: 3911069_21015_0_0.png
processing: 3910949_21016_0_0.png
  SKIPPING IMAGE: tot amount of vasculature (2745.2639) < quality threshold 
processing: 3910949_21015_0_0.png
  SKIPPING IMAGE: tot amount of vasculature (1563.6203) < quality threshold 
processing: 3910710_21016_0_0.png
processing: 3910710_21015_0_0.png
processing: 3910541_21016_0_0.png
processing: 3910541_21015_0_0.png
processing: 3910492_21016_0_0.png
processing: 3910492_21015_0_0.png
processing: 3910440_21016_0_0.png
processing: 3910440_21015_0_0.png
processing: 3910431_21016_0_0.png
  SKIPPING IMAGE: tot amount of vasculature (4102.5878) < quality threshold 
processing: 3910431_21015_0_0.png
  SKIPPING IMAGE: tot amount of vasculature (5438.9917) < quality threshold 
processing: 3910414_21016_0_0.png
  SKIPPING IMAGE: tot amount of vasculature (7353.4188) < quality threshold 
processing: 3910414_21015_0_0.png
processing: 3910395_21016_0_0.png
processing: 3910395_21015_0_0.png
processing: 3910384_21016_0_0.png
processing: 3910384_21015_0_0.png
processing: 3910368_21016_0_0.png
processing: 3910368_21015_0_0.png
processing: 3910316_21016_0_0.png
processing: 3910316_21015_0_0.png
processing: 3910235_21016_0_0.png
processing: 3910235_21015_0_1.png
processing: 3910235_21015_0_0.png
processing: 3910222_21016_0_0.png
processing: 3910222_21015_0_0.png
processing: 3910196_21016_1_0.png
  SKIPPING IMAGE: tot amount of vasculature (7250.2487) < quality threshold 
processing: 3910196_21015_1_0.png
  SKIPPING IMAGE: tot amount of vasculature (7944.758) < quality threshold 
processing: 3910011_21016_1_0.png
  SKIPPING IMAGE: tot amount of vasculature (1168.6236) < quality threshold 
processing: 3910011_21015_1_0.png
  SKIPPING IMAGE: tot amount of vasculature (7467.5312) < quality threshold 
processing: 3909748_21016_0_0.png
processing: 3909748_21015_0_0.png
processing: 3909724_21016_0_0.png
processing: 3909724_21015_0_0.png
processing: 3909652_21016_0_0.png
processing: 3909652_21015_0_0.png
processing: 3909628_21016_0_0.png
processing: 3909628_21015_0_0.png
processing: 3909609_21016_1_0.png
processing: 3909609_21015_1_0.png
  SKIPPING IMAGE: tot amount of vasculature (10601.9224) < quality threshold 
processing: 3909512_21016_1_0.png
processing: 3909512_21016_0_0.png
processing: 3909512_21015_1_0.png
processing: 3909512_21015_0_0.png
  SKIPPING IMAGE: tot amount of vasculature (7775.0734) < quality threshold 
processing: 3909496_21016_0_0.png
processing: 3909496_21015_0_0.png
  SKIPPING IMAGE: tot amount of vasculature (6357.4634) < quality threshold 
processing: 3909485_21016_0_0.png
processing: 3909485_21015_0_0.png
processing: 3909418_21016_0_0.png
processing: 3909418_21015_0_0.png
processing: 3909314_21016_1_0.png
processing: 3909314_21015_1_0.png
  SKIPPING IMAGE: tot amount of vasculature (8060.4882) < quality threshold 
processing: 3909210_21016_0_0.png
processing: 3909210_21015_0_0.png
  SKIPPING IMAGE: tot amount of vasculature (5012.0401) < quality threshold 
processing: 3909203_21016_1_0.png
processing: 3909203_21015_1_0.png
processing: 3909194_21016_1_0.png
  SKIPPING IMAGE: tot amount of vasculature (8919.5467) < quality threshold 
processing: 3909194_21015_1_0.png
  SKIPPING IMAGE: tot amount of vasculature (6024.9031) < quality threshold 
processing: 3909108_21016_0_0.png
  SKIPPING IMAGE: tot amount of vasculature (7474.3107) < quality threshold 
processing: 3909108_21015_0_0.png
processing: 3908932_21016_1_0.png
processing: 3908932_21016_0_0.png
processing: 3908932_21015_1_0.png
processing: 3908932_21015_0_0.png
processing: 3908840_21016_0_0.png
processing: 3908840_21015_0_0.png
  SKIPPING IMAGE: tot amount of vasculature (2931.2612) < quality threshold 
processing: 3908806_21016_1_0.png
  SKIPPING IMAGE: tot amount of vasculature (8916.44) < quality threshold 
processing: 3908806_21015_1_0.png
processing: 3908682_21016_1_0.png
processing: 3908682_21015_1_0.png
processing: 3908572_21016_1_0.png
  SKIPPING IMAGE: tot amount of vasculature (3325.8919) < quality threshold 
processing: 3908572_21015_1_0.png
  SKIPPING IMAGE: tot amount of vasculature (4830.0164) < quality threshold 
processing: 3908548_21016_0_0.png
processing: 3908548_21015_0_0.png
processing: 3908481_21016_0_0.png
processing: 3908481_21015_0_0.png
processing: 3908378_21016_1_0.png
  SKIPPING IMAGE: tot amount of vasculature (5367.745) < quality threshold 
processing: 3908378_21015_1_0.png
  SKIPPING IMAGE: tot amount of vasculature (8968.7326) < quality threshold 
processing: 3908259_21016_0_0.png
  SKIPPING IMAGE: tot amount of vasculature (4061.1698) < quality threshold 
processing: 3908259_21015_0_0.png
  SKIPPING IMAGE: tot amount of vasculature (5239.9946) < quality threshold 
processing: 3908202_21016_0_0.png
processing: 3908202_21015_0_0.png
processing: 3908039_21016_0_0.png
processing: 3908039_21015_0_0.png
processing: 3907912_21016_0_0.png
processing: 3907912_21015_0_0.png
processing: 3907856_21016_0_0.png
  SKIPPING IMAGE: tot amount of vasculature (7363.1516) < quality threshold 
processing: 3907856_21015_0_0.png
  SKIPPING IMAGE: tot amount of vasculature (4171.6626) < quality threshold 
processing: 3907807_21016_1_0.png
  SKIPPING IMAGE: tot amount of vasculature (2500.3283) < quality threshold 
processing: 3907807_21015_1_0.png
processing: 3907787_21016_0_0.png
processing: 3907787_21015_0_0.png
processing: 3907758_21016_1_0.png
  SKIPPING IMAGE: tot amount of vasculature (4549.5264) < quality threshold 
processing: 3907758_21015_1_0.png
processing: 3907672_21015_0_0.png
  SKIPPING IMAGE: tot amount of vasculature (6113.8194) < quality threshold 
processing: 3907648_21016_0_0.png
processing: 3907648_21015_0_0.png
processing: 3907594_21016_0_0.png
processing: 3907594_21015_0_0.png
processing: 3907083_21015_0_1.png
processing: 3907083_21015_0_0.png
  SKIPPING IMAGE: tot amount of vasculature (10278.9246) < quality threshold 
processing: 3907028_21016_0_0.png
processing: 3907028_21015_0_0.png
processing: 3906886_21016_1_0.png
  SKIPPING IMAGE: tot amount of vasculature (9422.2524) < quality threshold 
processing: 3906886_21015_1_0.png
  SKIPPING IMAGE: tot amount of vasculature (9567.5302) < quality threshold 
processing: 3906777_21016_1_0.png
processing: 3906777_21015_1_0.png
processing: 3906762_21016_0_0.png
processing: 3906762_21015_0_0.png
  SKIPPING IMAGE: tot amount of vasculature (8932.0563) < quality threshold 
processing: 3906499_21016_1_0.png
processing: 3906499_21015_1_0.png
processing: 3906480_21016_1_0.png
  SKIPPING IMAGE: tot amount of vasculature (7150.6942) < quality threshold 
processing: 3906480_21015_1_0.png
  SKIPPING IMAGE: tot amount of vasculature (7777.0595) < quality threshold 
processing: 3906397_21016_0_0.png
  SKIPPING IMAGE: tot amount of vasculature (3045.1421) < quality threshold 
processing: 3906397_21015_0_0.png
  SKIPPING IMAGE: tot amount of vasculature (5748.6794) < quality threshold 
processing: 3906360_21016_0_0.png
processing: 3906360_21015_0_0.png
processing: 3906352_21016_0_0.png
  SKIPPING IMAGE: tot amount of vasculature (9133.948) < quality threshold 
processing: 3906352_21015_0_0.png
  SKIPPING IMAGE: tot amount of vasculature (8161.02) < quality threshold 
processing: 3906345_21016_1_0.png
processing: 3906345_21015_1_0.png
processing: 3906311_21016_1_0.png
processing: 3906311_21015_1_0.png
processing: 3906266_21016_0_1.png
  SKIPPING IMAGE: tot amount of vasculature (9584.6141) < quality threshold 
processing: 3906266_21016_0_0.png
  SKIPPING IMAGE: tot amount of vasculature (8800.759) < quality threshold 
processing: 3906266_21015_0_0.png
processing: 3906253_21016_0_0.png
processing: 3906253_21015_0_0.png
processing: 3906208_21016_0_1.png
processing: 3906208_21016_0_0.png
processing: 3906208_21015_0_0.png
processing: 3906144_21016_0_0.png
  SKIPPING IMAGE: No vessels found
processing: 3906144_21015_0_0.png
  SKIPPING IMAGE: tot amount of vasculature (7195.0669) < quality threshold 
processing: 3906020_21016_0_0.png
