------------------------------------------
Setting up environment variables
---
LD_LIBRARY_PATH is .:/software/Development/Languages/Matlab_Compiler_Runtime/96/runtime/glnxa64:/software/Development/Languages/Matlab_Compiler_Runtime/96/bin/glnxa64:/software/Development/Languages/Matlab_Compiler_Runtime/96/sys/os/glnxa64:/software/Development/Languages/Matlab_Compiler_Runtime/96/sys/opengl/lib/glnxa64
Running vessel measurements...
processing: 4707504_21016_1_0.png
processing: 4707504_21015_1_0.png
processing: 4707471_21016_0_0.png
processing: 4707471_21015_0_0.png
processing: 4707447_21016_0_0.png
processing: 4707447_21015_0_0.png
processing: 4707238_21016_0_0.png
processing: 4707238_21015_0_0.png
processing: 4707225_21016_0_0.png
processing: 4707225_21015_0_0.png
processing: 4707179_21016_0_0.png
  SKIPPING IMAGE: tot amount of vasculature (4444.6744) < quality threshold 
processing: 4707179_21015_0_0.png
  SKIPPING IMAGE: tot amount of vasculature (2831.3057) < quality threshold 
processing: 4707001_21016_0_0.png
processing: 4707001_21015_0_0.png
processing: 4706997_21016_0_0.png
processing: 4706997_21015_0_0.png
processing: 4706983_21016_0_0.png
processing: 4706983_21015_0_0.png
processing: 4706952_21016_0_0.png
  SKIPPING IMAGE: tot amount of vasculature (3224.929) < quality threshold 
processing: 4706952_21015_0_0.png
  SKIPPING IMAGE: tot amount of vasculature (3392.19) < quality threshold 
processing: 4706934_21016_0_0.png
processing: 4706934_21015_0_0.png
processing: 4706911_21016_0_0.png
processing: 4706911_21015_0_0.png
processing: 4706882_21016_0_0.png
processing: 4706882_21015_0_0.png
processing: 4706866_21016_1_0.png
processing: 4706866_21015_1_0.png
processing: 4706837_21016_0_0.png
  SKIPPING IMAGE: tot amount of vasculature (9374.1706) < quality threshold 
processing: 4706837_21015_0_0.png
  SKIPPING IMAGE: tot amount of vasculature (4995.0222) < quality threshold 
processing: 4706765_21015_1_0.png
  SKIPPING IMAGE: tot amount of vasculature (28.7133) < quality threshold 
processing: 4706706_21016_0_0.png
processing: 4706706_21015_0_0.png
processing: 4706616_21016_0_0.png
  SKIPPING IMAGE: tot amount of vasculature (6061.9874) < quality threshold 
processing: 4706616_21015_0_0.png
  SKIPPING IMAGE: tot amount of vasculature (10778.7318) < quality threshold 
processing: 4706542_21016_1_0.png
processing: 4706542_21015_1_0.png
processing: 4706525_21016_0_0.png
  SKIPPING IMAGE: tot amount of vasculature (10683.0636) < quality threshold 
processing: 4706525_21015_0_0.png
  SKIPPING IMAGE: tot amount of vasculature (9441.2399) < quality threshold 
processing: 4706487_21016_1_0.png
  SKIPPING IMAGE: tot amount of vasculature (1331.6651) < quality threshold 
processing: 4706487_21015_1_0.png
  SKIPPING IMAGE: tot amount of vasculature (4819.836) < quality threshold 
processing: 4706475_21016_0_0.png
processing: 4706475_21015_0_0.png
processing: 4706432_21016_0_0.png
processing: 4706432_21015_0_0.png
  SKIPPING IMAGE: tot amount of vasculature (7393.3773) < quality threshold 
processing: 4706399_21016_0_0.png
processing: 4706399_21015_0_0.png
processing: 4706262_21016_0_0.png
processing: 4706262_21015_0_0.png
  SKIPPING IMAGE: tot amount of vasculature (2617.2437) < quality threshold 
processing: 4706243_21016_1_0.png
processing: 4706243_21015_1_0.png
processing: 4706239_21016_1_0.png
  SKIPPING IMAGE: tot amount of vasculature (7138.1272) < quality threshold 
processing: 4706239_21015_1_0.png
  SKIPPING IMAGE: tot amount of vasculature (9595.0193) < quality threshold 
processing: 4706218_21016_0_0.png
  SKIPPING IMAGE: tot amount of vasculature (397.5215) < quality threshold 
processing: 4706218_21015_0_0.png
  SKIPPING IMAGE: tot amount of vasculature (5779.1447) < quality threshold 
processing: 4705987_21016_0_0.png
  SKIPPING IMAGE: tot amount of vasculature (6572.3271) < quality threshold 
processing: 4705987_21015_0_0.png
  SKIPPING IMAGE: tot amount of vasculature (7250.0186) < quality threshold 
processing: 4705926_21016_0_0.png
processing: 4705926_21015_0_0.png
processing: 4705865_21016_0_0.png
processing: 4705865_21015_0_0.png
processing: 4705857_21016_0_0.png
  SKIPPING IMAGE: tot amount of vasculature (2670.7764) < quality threshold 
processing: 4705857_21015_0_0.png
processing: 4705806_21016_0_0.png
  SKIPPING IMAGE: tot amount of vasculature (10917.6586) < quality threshold 
processing: 4705806_21015_0_0.png
  SKIPPING IMAGE: tot amount of vasculature (5329.546) < quality threshold 
processing: 4705773_21016_0_0.png
processing: 4705773_21015_0_0.png
processing: 4705764_21016_0_0.png
processing: 4705764_21015_0_0.png
processing: 4705751_21016_1_0.png
processing: 4705751_21015_1_0.png
  SKIPPING IMAGE: tot amount of vasculature (3359.0914) < quality threshold 
processing: 4705705_21016_1_0.png
processing: 4705705_21015_1_0.png
processing: 4705670_21016_0_0.png
  SKIPPING IMAGE: tot amount of vasculature (7464.8579) < quality threshold 
processing: 4705670_21015_0_0.png
  SKIPPING IMAGE: tot amount of vasculature (6779.6902) < quality threshold 
processing: 4705567_21016_0_0.png
processing: 4705567_21015_0_0.png
  SKIPPING IMAGE: tot amount of vasculature (8999.4876) < quality threshold 
processing: 4705481_21016_0_0.png
processing: 4705481_21015_0_0.png
processing: 4705456_21016_0_0.png
processing: 4705456_21015_0_0.png
processing: 4705183_21016_0_0.png
  SKIPPING IMAGE: tot amount of vasculature (1356.7758) < quality threshold 
processing: 4705183_21015_0_0.png
  SKIPPING IMAGE: No vessels found
processing: 4705111_21016_0_0.png
processing: 4705111_21015_0_0.png
processing: 4705062_21016_1_0.png
processing: 4705062_21015_1_0.png
processing: 4705043_21016_0_0.png
processing: 4705043_21015_0_0.png
  SKIPPING IMAGE: tot amount of vasculature (10328.6591) < quality threshold 
processing: 4704990_21016_0_0.png
  SKIPPING IMAGE: tot amount of vasculature (6335.9737) < quality threshold 
processing: 4704990_21015_0_0.png
processing: 4704925_21016_0_0.png
processing: 4704925_21015_0_0.png
  SKIPPING IMAGE: tot amount of vasculature (5204.3643) < quality threshold 
processing: 4704830_21016_0_0.png
processing: 4704830_21015_0_0.png
  SKIPPING IMAGE: tot amount of vasculature (10745.0016) < quality threshold 
processing: 4704718_21016_1_0.png
  SKIPPING IMAGE: tot amount of vasculature (4921.5473) < quality threshold 
processing: 4704704_21016_0_0.png
processing: 4704704_21015_0_0.png
processing: 4704679_21016_1_0.png
processing: 4704679_21015_1_0.png
processing: 4704640_21016_1_0.png
  SKIPPING IMAGE: tot amount of vasculature (73.1118) < quality threshold 
processing: 4704640_21015_1_0.png
  SKIPPING IMAGE: tot amount of vasculature (2254.8928) < quality threshold 
processing: 4704631_21016_0_0.png
processing: 4704631_21015_0_0.png
processing: 4704623_21016_0_0.png
processing: 4704623_21015_0_0.png
processing: 4704589_21016_0_0.png
  SKIPPING IMAGE: tot amount of vasculature (2800.7459) < quality threshold 
processing: 4704589_21015_0_0.png
  SKIPPING IMAGE: tot amount of vasculature (5207.0612) < quality threshold 
processing: 4704554_21016_0_0.png
processing: 4704554_21015_0_0.png
processing: 4704535_21016_0_0.png
processing: 4704535_21015_0_0.png
processing: 4704436_21016_0_0.png
processing: 4704436_21015_0_0.png
  SKIPPING IMAGE: tot amount of vasculature (9034.5076) < quality threshold 
processing: 4704328_21016_0_0.png
processing: 4704328_21015_0_0.png
processing: 4704270_21016_1_0.png
processing: 4704270_21015_1_0.png
processing: 4704208_21016_1_0.png
processing: 4704208_21015_1_0.png
processing: 4703923_21016_0_0.png
  SKIPPING IMAGE: tot amount of vasculature (7192.023) < quality threshold 
processing: 4703923_21015_0_0.png
processing: 4703858_21016_1_0.png
processing: 4703858_21015_1_0.png
processing: 4703832_21016_0_0.png
processing: 4703832_21015_0_0.png
  SKIPPING IMAGE: tot amount of vasculature (9394.2753) < quality threshold 
processing: 4703826_21016_0_0.png
  SKIPPING IMAGE: tot amount of vasculature (4994.6443) < quality threshold 
processing: 4703826_21015_0_0.png
  SKIPPING IMAGE: tot amount of vasculature (8225.4242) < quality threshold 
processing: 4703734_21016_0_0.png
processing: 4703734_21015_0_0.png
processing: 4703681_21016_0_0.png
processing: 4703681_21015_0_0.png
processing: 4703656_21016_1_0.png
  SKIPPING IMAGE: tot amount of vasculature (6891.3432) < quality threshold 
processing: 4703656_21015_1_0.png
processing: 4703607_21016_0_0.png
processing: 4703607_21015_0_0.png
processing: 4703520_21016_0_0.png
  SKIPPING IMAGE: tot amount of vasculature (8643.9878) < quality threshold 
processing: 4703520_21015_0_0.png
processing: 4703502_21016_1_0.png
  SKIPPING IMAGE: tot amount of vasculature (5928.7603) < quality threshold 
processing: 4703502_21015_1_0.png
processing: 4703437_21016_0_0.png
processing: 4703437_21015_0_0.png
processing: 4703429_21016_0_0.png
  SKIPPING IMAGE: tot amount of vasculature (8365.7386) < quality threshold 
processing: 4703429_21015_0_0.png
  SKIPPING IMAGE: tot amount of vasculature (9259.5649) < quality threshold 
processing: 4703408_21016_0_0.png
  SKIPPING IMAGE: tot amount of vasculature (9915.9095) < quality threshold 
processing: 4703408_21015_0_0.png
processing: 4703362_21016_0_0.png
processing: 4703362_21015_0_0.png
processing: 4703350_21016_0_0.png
processing: 4703350_21015_0_0.png
processing: 4703236_21016_1_0.png
  SKIPPING IMAGE: tot amount of vasculature (1980.0792) < quality threshold 
processing: 4703236_21015_1_0.png
  SKIPPING IMAGE: tot amount of vasculature (2901.6785) < quality threshold 
processing: 4703089_21016_0_0.png
  SKIPPING IMAGE: tot amount of vasculature (9905.5625) < quality threshold 
processing: 4703089_21015_0_0.png
  SKIPPING IMAGE: tot amount of vasculature (7088.4533) < quality threshold 
processing: 4703061_21016_0_0.png
processing: 4703061_21015_0_0.png
processing: 4703022_21016_0_0.png
processing: 4703022_21015_0_0.png
processing: 4702999_21016_0_1.png
processing: 4702999_21016_0_0.png
processing: 4702999_21015_0_0.png
processing: 4702936_21016_0_0.png
processing: 4702936_21015_0_0.png
processing: 4702901_21016_0_0.png
  SKIPPING IMAGE: tot amount of vasculature (9565.0657) < quality threshold 
processing: 4702901_21015_0_0.png
  SKIPPING IMAGE: tot amount of vasculature (9577.3044) < quality threshold 
processing: 4702839_21016_0_0.png
  SKIPPING IMAGE: tot amount of vasculature (5876.3037) < quality threshold 
processing: 4702839_21015_0_0.png
  SKIPPING IMAGE: tot amount of vasculature (1205.5272) < quality threshold 
processing: 4702784_21016_1_0.png
processing: 4702784_21015_1_0.png
processing: 4702673_21016_1_0.png
processing: 4702673_21015_1_0.png
processing: 4702630_21016_0_0.png
processing: 4702630_21015_0_0.png
processing: 4702597_21016_0_0.png
  SKIPPING IMAGE: tot amount of vasculature (6929.4146) < quality threshold 
processing: 4702597_21015_0_0.png
  SKIPPING IMAGE: tot amount of vasculature (2950.4326) < quality threshold 
processing: 4702509_21016_0_0.png
processing: 4702509_21015_0_0.png
processing: 4702461_21016_0_0.png
processing: 4702461_21015_0_0.png
  SKIPPING IMAGE: tot amount of vasculature (8908.0971) < quality threshold 
processing: 4702435_21016_0_0.png
processing: 4702435_21015_0_0.png
processing: 4702391_21016_1_0.png
processing: 4702391_21015_1_0.png
processing: 4702326_21016_0_0.png
  SKIPPING IMAGE: tot amount of vasculature (8705.1187) < quality threshold 
processing: 4702326_21015_0_0.png
processing: 4702303_21016_0_0.png
processing: 4702303_21015_0_0.png
processing: 4702156_21016_0_0.png
processing: 4702156_21015_0_1.png
processing: 4702156_21015_0_0.png
  SKIPPING IMAGE: tot amount of vasculature (6762.2818) < quality threshold 
processing: 4702119_21016_0_0.png
processing: 4702119_21015_0_0.png
processing: 4702094_21016_0_0.png
processing: 4702094_21015_0_0.png
processing: 4701878_21016_1_0.png
processing: 4701878_21015_1_0.png
processing: 4701854_21016_1_0.png
processing: 4701854_21015_1_0.png
processing: 4701835_21016_1_0.png
processing: 4701835_21015_1_0.png
processing: 4701800_21016_0_0.png
  SKIPPING IMAGE: tot amount of vasculature (1480.1636) < quality threshold 
processing: 4701800_21015_0_0.png
  SKIPPING IMAGE: tot amount of vasculature (7866.4882) < quality threshold 
processing: 4701736_21016_0_0.png
processing: 4701736_21015_0_0.png
processing: 4701573_21016_0_0.png
processing: 4701573_21015_0_0.png
  SKIPPING IMAGE: tot amount of vasculature (10212.1803) < quality threshold 
processing: 4701418_21016_0_0.png
processing: 4701418_21015_0_0.png
processing: 4701379_21016_0_0.png
processing: 4701379_21015_0_0.png
  SKIPPING IMAGE: tot amount of vasculature (9857.2576) < quality threshold 
processing: 4701314_21016_0_0.png
processing: 4701314_21015_0_0.png
processing: 4701226_21016_0_0.png
processing: 4701226_21015_0_0.png
processing: 4701129_21016_0_0.png
  SKIPPING IMAGE: tot amount of vasculature (7298.4027) < quality threshold 
processing: 4701129_21015_0_0.png
processing: 4701090_21016_0_0.png
processing: 4701090_21015_0_0.png
processing: 4701081_21016_0_1.png
  SKIPPING IMAGE: tot amount of vasculature (6.499) < quality threshold 
processing: 4701081_21016_0_0.png
processing: 4701081_21015_0_0.png
  SKIPPING IMAGE: tot amount of vasculature (290.736) < quality threshold 
processing: 4701074_21016_1_0.png
processing: 4701074_21015_1_0.png
processing: 4700985_21016_0_0.png
  SKIPPING IMAGE: tot amount of vasculature (8216.2944) < quality threshold 
processing: 4700985_21015_0_0.png
processing: 4700950_21016_0_0.png
  SKIPPING IMAGE: tot amount of vasculature (2311.9332) < quality threshold 
processing: 4700950_21015_0_0.png
processing: 4700904_21016_0_0.png
processing: 4700904_21015_0_0.png
processing: 4700801_21016_1_0.png
  SKIPPING IMAGE: tot amount of vasculature (2596.3319) < quality threshold 
processing: 4700790_21016_0_0.png
  SKIPPING IMAGE: tot amount of vasculature (9419.7299) < quality threshold 
processing: 4700790_21015_0_0.png
processing: 4700707_21016_0_0.png
  SKIPPING IMAGE: tot amount of vasculature (6346.295) < quality threshold 
processing: 4700707_21015_0_0.png
  SKIPPING IMAGE: tot amount of vasculature (5355.7787) < quality threshold 
processing: 4700689_21016_1_0.png
processing: 4700689_21015_1_0.png
processing: 4700661_21016_0_0.png
processing: 4700661_21015_0_0.png
processing: 4700646_21016_1_0.png
processing: 4700646_21015_1_0.png
processing: 4700617_21016_0_0.png
processing: 4700617_21015_0_0.png
processing: 4700540_21016_0_0.png
processing: 4700540_21015_0_0.png
  SKIPPING IMAGE: tot amount of vasculature (968.8359) < quality threshold 
processing: 4700523_21016_0_0.png
processing: 4700523_21015_0_0.png
processing: 4700486_21016_1_0.png
processing: 4700486_21015_1_0.png
processing: 4700451_21016_0_0.png
processing: 4700451_21015_0_0.png
processing: 4700412_21016_0_0.png
  SKIPPING IMAGE: tot amount of vasculature (4777.1716) < quality threshold 
processing: 4700412_21015_0_0.png
  SKIPPING IMAGE: tot amount of vasculature (3662.5835) < quality threshold 
processing: 4700382_21016_0_0.png
processing: 4700382_21015_0_0.png
processing: 4700370_21016_1_0.png
  SKIPPING IMAGE: tot amount of vasculature (2441.4203) < quality threshold 
processing: 4700370_21015_1_0.png
  SKIPPING IMAGE: tot amount of vasculature (372.5719) < quality threshold 
processing: 4700329_21016_0_0.png
processing: 4700329_21015_0_0.png
processing: 4700297_21016_1_0.png
processing: 4700297_21015_1_0.png
processing: 4700075_21016_0_0.png
  SKIPPING IMAGE: tot amount of vasculature (4731.2811) < quality threshold 
processing: 4700075_21015_0_0.png
  SKIPPING IMAGE: tot amount of vasculature (2738.9087) < quality threshold 
processing: 4700069_21016_0_0.png
processing: 4699668_21016_0_0.png
processing: 4699668_21015_0_0.png
processing: 4699590_21016_0_0.png
processing: 4699590_21015_0_0.png
processing: 4699574_21016_0_0.png
  SKIPPING IMAGE: tot amount of vasculature (3407.9331) < quality threshold 
processing: 4699574_21015_0_1.png
  SKIPPING IMAGE: No vessels found
processing: 4699574_21015_0_0.png
processing: 4699507_21016_0_0.png
processing: 4699507_21015_0_0.png
  SKIPPING IMAGE: tot amount of vasculature (4354.9103) < quality threshold 
processing: 4699475_21016_0_0.png
processing: 4699475_21015_0_0.png
processing: 4699444_21016_0_0.png
  SKIPPING IMAGE: tot amount of vasculature (9541.7806) < quality threshold 
processing: 4699444_21015_0_0.png
processing: 4699410_21016_1_0.png
processing: 4699410_21015_1_0.png
processing: 4699399_21016_1_0.png
processing: 4699399_21015_1_0.png
processing: 4699193_21016_0_0.png
processing: 4699193_21015_0_0.png
processing: 4699012_21016_0_0.png
processing: 4699012_21015_0_0.png
processing: 4698921_21016_0_0.png
processing: 4698921_21015_0_0.png
processing: 4698790_21016_1_0.png
  SKIPPING IMAGE: tot amount of vasculature (6055.7235) < quality threshold 
processing: 4698790_21015_1_0.png
  SKIPPING IMAGE: tot amount of vasculature (7342.9732) < quality threshold 
processing: 4698725_21016_1_0.png
processing: 4698725_21015_1_0.png
processing: 4698693_21016_0_0.png
  SKIPPING IMAGE: tot amount of vasculature (1029.6895) < quality threshold 
processing: 4698617_21016_1_0.png
processing: 4698617_21016_0_0.png
processing: 4698617_21015_1_0.png
processing: 4698617_21015_0_0.png
processing: 4698557_21016_0_0.png
processing: 4698557_21015_0_0.png
processing: 4698523_21016_0_0.png
processing: 4698523_21015_0_0.png
processing: 4698464_21016_1_0.png
  SKIPPING IMAGE: tot amount of vasculature (9505.0948) < quality threshold 
FINISHED: .mat files have been written to: /data/FAC/FBM/DBC/sbergman/retina/UKBiob/fundus/REVIEW//CLRIS/
execution time: 2088 sec
