------------------------------------------
Setting up environment variables
---
LD_LIBRARY_PATH is .:/software/Development/Languages/Matlab_Compiler_Runtime/96/runtime/glnxa64:/software/Development/Languages/Matlab_Compiler_Runtime/96/bin/glnxa64:/software/Development/Languages/Matlab_Compiler_Runtime/96/sys/os/glnxa64:/software/Development/Languages/Matlab_Compiler_Runtime/96/sys/opengl/lib/glnxa64
Running vessel measurements...
processing: 5122646_21016_0_0.png
processing: 5122646_21015_0_0.png
processing: 5122579_21016_0_0.png
processing: 5122579_21015_0_0.png
processing: 5122486_21016_0_0.png
processing: 5122486_21015_0_0.png
processing: 5122464_21016_0_0.png
processing: 5122464_21015_0_0.png
processing: 5122276_21016_0_0.png
processing: 5122276_21015_0_0.png
processing: 5122234_21016_1_0.png
processing: 5122234_21016_0_0.png
processing: 5122234_21015_1_0.png
processing: 5122234_21015_0_0.png
processing: 5122184_21016_1_0.png
processing: 5122184_21015_1_0.png
processing: 5122120_21016_0_0.png
processing: 5122120_21015_0_0.png
processing: 5122058_21016_0_0.png
  SKIPPING IMAGE: tot amount of vasculature (7790.2959) < quality threshold 
processing: 5122058_21015_0_0.png
  SKIPPING IMAGE: tot amount of vasculature (8914.6357) < quality threshold 
processing: 5122010_21016_0_0.png
processing: 5121956_21016_0_0.png
processing: 5121956_21015_0_0.png
processing: 5121942_21016_0_0.png
processing: 5121942_21015_0_0.png
processing: 5121886_21016_0_0.png
processing: 5121886_21015_0_0.png
processing: 5121739_21016_0_0.png
processing: 5121739_21015_0_0.png
processing: 5121704_21016_0_0.png
processing: 5121704_21015_0_0.png
processing: 5121614_21016_0_0.png
  SKIPPING IMAGE: tot amount of vasculature (3587.6196) < quality threshold 
processing: 5121614_21015_0_0.png
processing: 5121561_21016_1_0.png
  SKIPPING IMAGE: tot amount of vasculature (8129.0841) < quality threshold 
processing: 5121561_21015_1_0.png
  SKIPPING IMAGE: tot amount of vasculature (7854.0695) < quality threshold 
processing: 5121546_21016_0_0.png
processing: 5121546_21015_0_0.png
processing: 5121455_21016_1_0.png
  SKIPPING IMAGE: tot amount of vasculature (9510.5229) < quality threshold 
processing: 5121455_21015_1_0.png
processing: 5121376_21016_0_0.png
processing: 5121376_21015_0_0.png
processing: 5121282_21016_0_0.png
processing: 5121282_21015_0_0.png
processing: 5121270_21016_0_0.png
  SKIPPING IMAGE: tot amount of vasculature (7061.9729) < quality threshold 
processing: 5121270_21015_0_0.png
  SKIPPING IMAGE: tot amount of vasculature (10453.5322) < quality threshold 
processing: 5121253_21016_0_0.png
processing: 5121253_21015_0_0.png
  SKIPPING IMAGE: tot amount of vasculature (10349.0489) < quality threshold 
processing: 5121169_21016_0_0.png
processing: 5121169_21015_0_0.png
processing: 5121158_21016_0_0.png
  SKIPPING IMAGE: tot amount of vasculature (9086.0832) < quality threshold 
processing: 5121158_21015_0_0.png
  SKIPPING IMAGE: tot amount of vasculature (7986.6028) < quality threshold 
processing: 5121033_21016_1_0.png
  SKIPPING IMAGE: tot amount of vasculature (4593.4383) < quality threshold 
processing: 5121033_21015_1_0.png
  SKIPPING IMAGE: tot amount of vasculature (6648.8186) < quality threshold 
processing: 5121016_21016_1_0.png
  SKIPPING IMAGE: tot amount of vasculature (8435.2423) < quality threshold 
processing: 5121016_21015_1_0.png
  SKIPPING IMAGE: tot amount of vasculature (2967.4728) < quality threshold 
processing: 5120936_21016_0_0.png
processing: 5120936_21015_0_0.png
processing: 5120913_21016_0_0.png
processing: 5120913_21015_0_0.png
processing: 5120901_21016_1_0.png
processing: 5120901_21015_1_0.png
processing: 5120885_21016_0_0.png
processing: 5120885_21015_0_0.png
processing: 5120877_21016_1_0.png
processing: 5120877_21015_1_0.png
processing: 5120818_21016_0_0.png
processing: 5120818_21015_0_0.png
processing: 5120747_21016_1_0.png
  SKIPPING IMAGE: tot amount of vasculature (10009.8708) < quality threshold 
processing: 5120747_21016_0_0.png
processing: 5120747_21015_1_0.png
processing: 5120747_21015_0_0.png
processing: 5120698_21016_0_0.png
processing: 5120698_21015_0_0.png
processing: 5120686_21016_1_0.png
processing: 5120686_21016_0_0.png
processing: 5120686_21015_1_0.png
processing: 5120686_21015_0_0.png
processing: 5120649_21016_1_0.png
processing: 5120649_21015_1_0.png
processing: 5120545_21016_1_0.png
processing: 5120545_21015_1_0.png
processing: 5120435_21016_0_0.png
processing: 5120435_21015_0_0.png
processing: 5120422_21016_0_0.png
processing: 5120422_21015_0_0.png
processing: 5120400_21016_0_0.png
processing: 5120400_21015_0_0.png
  SKIPPING IMAGE: tot amount of vasculature (6767.2061) < quality threshold 
processing: 5120387_21016_0_0.png
processing: 5120387_21015_0_0.png
processing: 5120375_21016_0_0.png
processing: 5120375_21015_0_0.png
processing: 5120358_21016_0_0.png
processing: 5120358_21015_0_0.png
processing: 5120231_21016_0_0.png
processing: 5120231_21015_0_0.png
processing: 5120214_21016_0_0.png
processing: 5120214_21015_0_0.png
processing: 5120190_21016_0_0.png
  SKIPPING IMAGE: tot amount of vasculature (5362.7372) < quality threshold 
processing: 5120190_21015_0_0.png
  SKIPPING IMAGE: tot amount of vasculature (10798.1783) < quality threshold 
processing: 5120163_21016_1_0.png
processing: 5120163_21015_1_0.png
processing: 5120066_21016_0_0.png
processing: 5120066_21015_0_0.png
processing: 5120037_21016_0_0.png
processing: 5120037_21015_0_0.png
processing: 5119996_21016_0_0.png
processing: 5119996_21015_0_0.png
processing: 5119939_21016_0_0.png
processing: 5119939_21015_0_0.png
processing: 5119918_21016_1_0.png
processing: 5119918_21015_1_0.png
processing: 5119867_21016_0_0.png
  SKIPPING IMAGE: tot amount of vasculature (8068.4106) < quality threshold 
processing: 5119867_21015_0_0.png
  SKIPPING IMAGE: tot amount of vasculature (336.0724) < quality threshold 
processing: 5119848_21016_0_0.png
processing: 5119848_21015_0_0.png
processing: 5119801_21016_0_0.png
processing: 5119801_21015_0_0.png
processing: 5119781_21016_1_0.png
processing: 5119781_21015_1_0.png
processing: 5119756_21016_0_0.png
processing: 5119756_21015_0_0.png
processing: 5119738_21016_1_0.png
processing: 5119738_21015_1_0.png
processing: 5119725_21016_0_0.png
processing: 5119725_21015_0_0.png
processing: 5119592_21016_0_0.png
processing: 5119592_21015_0_0.png
processing: 5119579_21016_0_0.png
  SKIPPING IMAGE: tot amount of vasculature (10240.0576) < quality threshold 
processing: 5119579_21015_0_0.png
processing: 5119523_21016_0_0.png
processing: 5119523_21015_0_0.png
processing: 5119506_21016_0_0.png
processing: 5119506_21015_0_0.png
  SKIPPING IMAGE: tot amount of vasculature (9176.4454) < quality threshold 
processing: 5119405_21016_0_0.png
processing: 5119405_21015_0_0.png
  SKIPPING IMAGE: tot amount of vasculature (10817.9881) < quality threshold 
processing: 5119382_21016_1_0.png
  SKIPPING IMAGE: tot amount of vasculature (2391.6471) < quality threshold 
processing: 5119382_21015_1_0.png
  SKIPPING IMAGE: tot amount of vasculature (4726.4413) < quality threshold 
processing: 5119102_21016_0_0.png
processing: 5119102_21015_0_0.png
  SKIPPING IMAGE: tot amount of vasculature (6105.8918) < quality threshold 
processing: 5119087_21016_1_0.png
  SKIPPING IMAGE: tot amount of vasculature (7424.681) < quality threshold 
processing: 5119087_21016_0_0.png
processing: 5119087_21015_1_0.png
processing: 5119087_21015_0_0.png
  SKIPPING IMAGE: tot amount of vasculature (9556.3791) < quality threshold 
processing: 5118997_21016_0_0.png
processing: 5118997_21015_0_0.png
processing: 5118882_21016_1_0.png
processing: 5118882_21015_1_0.png
processing: 5118870_21016_1_0.png
processing: 5118870_21016_0_0.png
processing: 5118870_21015_1_0.png
  SKIPPING IMAGE: tot amount of vasculature (10314.6968) < quality threshold 
processing: 5118870_21015_0_0.png
processing: 5118757_21016_0_0.png
  SKIPPING IMAGE: tot amount of vasculature (1384.1572) < quality threshold 
processing: 5118757_21015_0_0.png
  SKIPPING IMAGE: tot amount of vasculature (9078.4766) < quality threshold 
processing: 5118668_21016_1_0.png
processing: 5118668_21015_1_0.png
processing: 5118574_21016_0_0.png
processing: 5118574_21015_0_0.png
processing: 5118475_21016_0_0.png
  SKIPPING IMAGE: tot amount of vasculature (2783.8513) < quality threshold 
processing: 5118475_21015_0_0.png
  SKIPPING IMAGE: tot amount of vasculature (2163.4012) < quality threshold 
processing: 5118372_21016_0_0.png
processing: 5118372_21015_0_0.png
processing: 5118324_21016_0_0.png
processing: 5118324_21015_0_0.png
  SKIPPING IMAGE: tot amount of vasculature (8464.9454) < quality threshold 
processing: 5118313_21016_1_0.png
processing: 5118313_21016_0_0.png
processing: 5118313_21015_1_0.png
processing: 5118313_21015_0_0.png
processing: 5118285_21016_0_0.png
  SKIPPING IMAGE: tot amount of vasculature (9489.8939) < quality threshold 
processing: 5118285_21015_0_0.png
  SKIPPING IMAGE: tot amount of vasculature (5782.0863) < quality threshold 
processing: 5118135_21016_0_0.png
  SKIPPING IMAGE: tot amount of vasculature (9298.3466) < quality threshold 
processing: 5118135_21015_0_0.png
  SKIPPING IMAGE: tot amount of vasculature (3016.1681) < quality threshold 
processing: 5118049_21016_1_0.png
  SKIPPING IMAGE: tot amount of vasculature (8822.4146) < quality threshold 
processing: 5118049_21015_1_0.png
  SKIPPING IMAGE: tot amount of vasculature (9363.2756) < quality threshold 
processing: 5117923_21016_0_0.png
processing: 5117923_21015_0_0.png
processing: 5117875_21016_0_0.png
  SKIPPING IMAGE: tot amount of vasculature (3337.4008) < quality threshold 
processing: 5117875_21015_0_0.png
  SKIPPING IMAGE: tot amount of vasculature (1132.0806) < quality threshold 
processing: 5117869_21016_0_0.png
processing: 5117869_21015_0_0.png
processing: 5117760_21016_0_0.png
processing: 5117760_21015_0_0.png
processing: 5117681_21016_0_0.png
processing: 5117681_21015_0_0.png
  SKIPPING IMAGE: tot amount of vasculature (6153.8653) < quality threshold 
processing: 5117674_21016_0_0.png
processing: 5117674_21015_0_0.png
processing: 5117656_21016_0_0.png
Warning: No vessels found in 5117656_21016_0_0
> In Vessel_Data_IO.load_from_file (line 183)
  In REVIEW_evaluate_diameter_measurements (line 125)
  In ARIA_run_tests (line 209)
  SKIPPING IMAGE: No vessels found
processing: 5117656_21015_0_0.png
  SKIPPING IMAGE: tot amount of vasculature (5107.3027) < quality threshold 
processing: 5117559_21016_1_0.png
processing: 5117559_21015_1_0.png
processing: 5117520_21016_1_0.png
  SKIPPING IMAGE: tot amount of vasculature (22.0762) < quality threshold 
processing: 5117520_21015_1_0.png
  SKIPPING IMAGE: tot amount of vasculature (22.872) < quality threshold 
processing: 5117482_21016_0_0.png
processing: 5117482_21015_0_0.png
processing: 5117466_21016_0_0.png
processing: 5117466_21015_0_0.png
processing: 5117437_21016_0_0.png
processing: 5117437_21015_0_0.png
processing: 5117343_21016_0_0.png
  SKIPPING IMAGE: tot amount of vasculature (8981.5925) < quality threshold 
processing: 5117343_21015_0_0.png
  SKIPPING IMAGE: tot amount of vasculature (6765.9747) < quality threshold 
processing: 5117318_21016_0_0.png
  SKIPPING IMAGE: tot amount of vasculature (5341.5778) < quality threshold 
processing: 5117318_21015_0_0.png
  SKIPPING IMAGE: tot amount of vasculature (1239.5137) < quality threshold 
processing: 5117255_21016_0_0.png
  SKIPPING IMAGE: tot amount of vasculature (10853.7945) < quality threshold 
processing: 5117255_21015_0_0.png
  SKIPPING IMAGE: tot amount of vasculature (10818.582) < quality threshold 
processing: 5116958_21016_0_0.png
processing: 5116958_21015_0_0.png
processing: 5116865_21016_0_0.png
processing: 5116865_21015_0_0.png
processing: 5116806_21016_0_0.png
processing: 5116806_21015_0_0.png
processing: 5116798_21016_0_0.png
processing: 5116798_21015_0_0.png
processing: 5116764_21016_0_0.png
processing: 5116764_21015_0_0.png
  SKIPPING IMAGE: tot amount of vasculature (8195.3654) < quality threshold 
processing: 5116727_21016_0_0.png
  SKIPPING IMAGE: tot amount of vasculature (1995.1688) < quality threshold 
processing: 5116727_21015_0_0.png
  SKIPPING IMAGE: tot amount of vasculature (5008.0042) < quality threshold 
processing: 5116682_21016_0_1.png
  SKIPPING IMAGE: tot amount of vasculature (713.9168) < quality threshold 
processing: 5116682_21016_0_0.png
  SKIPPING IMAGE: tot amount of vasculature (24.0832) < quality threshold 
processing: 5116682_21015_0_0.png
  SKIPPING IMAGE: tot amount of vasculature (8467.7044) < quality threshold 
processing: 5116637_21016_1_0.png
  SKIPPING IMAGE: tot amount of vasculature (10999.8166) < quality threshold 
processing: 5116637_21015_1_0.png
  SKIPPING IMAGE: tot amount of vasculature (6719.8199) < quality threshold 
processing: 5116513_21016_1_0.png
processing: 5116513_21015_1_0.png
processing: 5116490_21016_0_0.png
processing: 5116490_21015_0_0.png
processing: 5116474_21016_0_0.png
processing: 5116474_21015_0_0.png
processing: 5116438_21016_0_0.png
processing: 5116438_21015_0_0.png
processing: 5116284_21016_1_0.png
processing: 5116284_21015_1_0.png
processing: 5116197_21016_1_0.png
  SKIPPING IMAGE: tot amount of vasculature (270.9977) < quality threshold 
processing: 5116197_21015_1_0.png
  SKIPPING IMAGE: tot amount of vasculature (1618.2533) < quality threshold 
processing: 5116145_21016_0_0.png
  SKIPPING IMAGE: tot amount of vasculature (9055.4012) < quality threshold 
processing: 5116145_21015_0_0.png
  SKIPPING IMAGE: tot amount of vasculature (4881.5887) < quality threshold 
processing: 5116134_21016_0_0.png
processing: 5116134_21015_0_0.png
processing: 5116096_21016_0_0.png
processing: 5116096_21015_0_0.png
processing: 5116085_21016_0_0.png
processing: 5116085_21015_0_0.png
  SKIPPING IMAGE: tot amount of vasculature (6857.3037) < quality threshold 
processing: 5116050_21016_1_0.png
  SKIPPING IMAGE: tot amount of vasculature (5708.0355) < quality threshold 
processing: 5116050_21015_1_0.png
  SKIPPING IMAGE: tot amount of vasculature (4748.6998) < quality threshold 
processing: 5116039_21016_1_0.png
processing: 5116039_21015_1_0.png
processing: 5116018_21016_0_0.png
processing: 5116018_21015_0_0.png
processing: 5115942_21016_1_0.png
processing: 5115942_21015_1_0.png
processing: 5115777_21016_0_0.png
processing: 5115777_21015_0_0.png
processing: 5115743_21016_0_0.png
processing: 5115743_21015_0_0.png
processing: 5115688_21016_0_0.png
processing: 5115688_21015_0_0.png
  SKIPPING IMAGE: tot amount of vasculature (3318.9668) < quality threshold 
processing: 5115631_21016_0_0.png
  SKIPPING IMAGE: tot amount of vasculature (9212.9061) < quality threshold 
processing: 5115631_21015_0_0.png
  SKIPPING IMAGE: tot amount of vasculature (8893.1393) < quality threshold 
processing: 5115561_21016_0_0.png
processing: 5115561_21015_0_0.png
processing: 5115472_21016_1_0.png
processing: 5115472_21015_1_0.png
  SKIPPING IMAGE: tot amount of vasculature (4566.2121) < quality threshold 
processing: 5115413_21016_1_0.png
processing: 5115413_21016_0_0.png
processing: 5115413_21015_1_0.png
processing: 5115413_21015_0_0.png
processing: 5115270_21016_0_0.png
processing: 5115270_21015_0_0.png
processing: 5115241_21016_0_0.png
  SKIPPING IMAGE: tot amount of vasculature (10334.2193) < quality threshold 
processing: 5115241_21015_0_0.png
  SKIPPING IMAGE: tot amount of vasculature (8161.3857) < quality threshold 
processing: 5115208_21016_0_0.png
  SKIPPING IMAGE: tot amount of vasculature (5783.732) < quality threshold 
processing: 5115208_21015_0_0.png
  SKIPPING IMAGE: tot amount of vasculature (6519.214) < quality threshold 
processing: 5115175_21016_0_0.png
  SKIPPING IMAGE: tot amount of vasculature (10138.4242) < quality threshold 
processing: 5115175_21015_0_0.png
  SKIPPING IMAGE: tot amount of vasculature (4059.3423) < quality threshold 
processing: 5115169_21016_1_0.png
  SKIPPING IMAGE: tot amount of vasculature (6562.8571) < quality threshold 
processing: 5115169_21016_0_0.png
processing: 5115169_21015_1_0.png
  SKIPPING IMAGE: tot amount of vasculature (2605.8303) < quality threshold 
processing: 5115169_21015_0_0.png
processing: 5115059_21016_0_0.png
processing: 5115059_21015_0_0.png
processing: 5115020_21016_0_0.png
processing: 5115020_21015_0_0.png
processing: 5114967_21016_0_0.png
processing: 5114967_21015_0_0.png
  SKIPPING IMAGE: tot amount of vasculature (4905.0013) < quality threshold 
processing: 5114948_21016_1_0.png
processing: 5114948_21015_1_0.png
processing: 5114877_21016_0_0.png
processing: 5114877_21015_0_0.png
processing: 5114673_21016_0_0.png
  SKIPPING IMAGE: tot amount of vasculature (8922.5731) < quality threshold 
processing: 5114673_21015_0_0.png
  SKIPPING IMAGE: tot amount of vasculature (10645.4001) < quality threshold 
processing: 5114627_21016_0_0.png
processing: 5114627_21015_0_0.png
processing: 5114560_21016_0_0.png
  SKIPPING IMAGE: tot amount of vasculature (2747.7436) < quality threshold 
processing: 5114560_21015_0_0.png
processing: 5114528_21016_1_0.png
  SKIPPING IMAGE: tot amount of vasculature (6611.291) < quality threshold 
processing: 5114528_21015_1_0.png
  SKIPPING IMAGE: tot amount of vasculature (6356.8813) < quality threshold 
processing: 5114454_21016_0_0.png
processing: 5114454_21015_0_0.png
processing: 5114387_21016_0_0.png
processing: 5114387_21015_0_0.png
processing: 5114257_21016_0_0.png
processing: 5114257_21015_0_0.png
FINISHED: .mat files have been written to: /data/FAC/FBM/DBC/sbergman/retina/UKBiob/fundus/REVIEW//CLRIS/
execution time: 1996 sec
