------------------------------------------
Setting up environment variables
---
LD_LIBRARY_PATH is .:/software/Development/Languages/Matlab_Compiler_Runtime/96/runtime/glnxa64:/software/Development/Languages/Matlab_Compiler_Runtime/96/bin/glnxa64:/software/Development/Languages/Matlab_Compiler_Runtime/96/sys/os/glnxa64:/software/Development/Languages/Matlab_Compiler_Runtime/96/sys/opengl/lib/glnxa64
Running vessel measurements...
processing: 5360371_21015_0_0.png
processing: 5360359_21016_0_0.png
processing: 5360359_21015_0_0.png
processing: 5360177_21016_1_0.png
processing: 5360177_21015_1_0.png
processing: 5360034_21016_0_0.png
  SKIPPING IMAGE: tot amount of vasculature (8537.1564) < quality threshold 
processing: 5360034_21015_0_0.png
  SKIPPING IMAGE: tot amount of vasculature (4861.8943) < quality threshold 
processing: 5359921_21016_0_0.png
processing: 5359921_21015_0_0.png
processing: 5359813_21016_0_0.png
processing: 5359813_21015_0_0.png
  SKIPPING IMAGE: tot amount of vasculature (9131.927) < quality threshold 
processing: 5359781_21016_0_0.png
  SKIPPING IMAGE: tot amount of vasculature (7468.4493) < quality threshold 
processing: 5359781_21015_0_0.png
  SKIPPING IMAGE: tot amount of vasculature (7417.6869) < quality threshold 
processing: 5359774_21016_0_0.png
processing: 5359774_21015_0_0.png
processing: 5359579_21016_0_0.png
processing: 5359579_21015_0_0.png
processing: 5359498_21016_0_0.png
  SKIPPING IMAGE: tot amount of vasculature (7364.151) < quality threshold 
processing: 5359498_21015_0_0.png
processing: 5359449_21016_0_0.png
processing: 5359449_21015_0_0.png
  SKIPPING IMAGE: tot amount of vasculature (2956.467) < quality threshold 
processing: 5359337_21016_0_0.png
processing: 5359337_21015_0_0.png
processing: 5359276_21016_0_0.png
  SKIPPING IMAGE: tot amount of vasculature (10853.866) < quality threshold 
processing: 5359276_21015_0_0.png
processing: 5359252_21016_0_0.png
processing: 5359252_21015_0_0.png
processing: 5359209_21016_1_0.png
  SKIPPING IMAGE: tot amount of vasculature (3272.6093) < quality threshold 
processing: 5359209_21015_1_0.png
  SKIPPING IMAGE: tot amount of vasculature (2357.0418) < quality threshold 
processing: 5359195_21016_0_0.png
processing: 5359195_21015_0_0.png
processing: 5359159_21016_1_0.png
processing: 5359159_21015_1_0.png
processing: 5359147_21016_0_0.png
processing: 5359147_21015_0_0.png
processing: 5359133_21016_0_0.png
  SKIPPING IMAGE: tot amount of vasculature (3681.7596) < quality threshold 
processing: 5359133_21015_0_0.png
  SKIPPING IMAGE: tot amount of vasculature (10334.6434) < quality threshold 
processing: 5359087_21016_0_0.png
processing: 5359087_21015_0_0.png
  SKIPPING IMAGE: tot amount of vasculature (9329.2303) < quality threshold 
processing: 5359069_21016_0_0.png
  SKIPPING IMAGE: tot amount of vasculature (5676.7948) < quality threshold 
processing: 5359069_21015_0_1.png
  SKIPPING IMAGE: tot amount of vasculature (26.7423) < quality threshold 
processing: 5359069_21015_0_0.png
  SKIPPING IMAGE: tot amount of vasculature (264.4273) < quality threshold 
processing: 5359026_21016_0_0.png
processing: 5359026_21015_0_0.png
processing: 5359010_21016_0_0.png
processing: 5359010_21015_0_0.png
processing: 5359003_21016_0_0.png
processing: 5359003_21015_0_0.png
processing: 5358909_21016_0_0.png
  SKIPPING IMAGE: tot amount of vasculature (3196.3132) < quality threshold 
processing: 5358909_21015_0_0.png
  SKIPPING IMAGE: tot amount of vasculature (9822.0174) < quality threshold 
processing: 5358808_21016_1_0.png
  SKIPPING IMAGE: tot amount of vasculature (10270.7247) < quality threshold 
processing: 5358808_21015_1_0.png
  SKIPPING IMAGE: tot amount of vasculature (9264.9496) < quality threshold 
processing: 5358779_21016_0_0.png
  SKIPPING IMAGE: tot amount of vasculature (10470.1594) < quality threshold 
processing: 5358779_21015_0_0.png
processing: 5358757_21016_1_0.png
  SKIPPING IMAGE: tot amount of vasculature (9390.424) < quality threshold 
processing: 5358757_21015_1_0.png
  SKIPPING IMAGE: tot amount of vasculature (10917.0047) < quality threshold 
processing: 5358668_21016_0_0.png
processing: 5358668_21015_0_0.png
processing: 5358542_21016_0_0.png
processing: 5358542_21015_0_0.png
processing: 5358487_21016_0_0.png
processing: 5358487_21015_0_0.png
processing: 5358458_21016_1_0.png
  SKIPPING IMAGE: tot amount of vasculature (2058.3073) < quality threshold 
processing: 5358458_21015_1_0.png
processing: 5358324_21016_0_0.png
  SKIPPING IMAGE: tot amount of vasculature (2559.0424) < quality threshold 
processing: 5358324_21015_0_0.png
  SKIPPING IMAGE: tot amount of vasculature (5186.9997) < quality threshold 
processing: 5358100_21016_0_0.png
processing: 5358100_21015_0_0.png
processing: 5358064_21016_0_0.png
processing: 5358064_21015_0_0.png
processing: 5358051_21016_0_0.png
processing: 5358051_21015_0_0.png
processing: 5357992_21016_1_0.png
processing: 5357992_21015_1_0.png
  SKIPPING IMAGE: tot amount of vasculature (7125.1104) < quality threshold 
processing: 5357923_21016_0_0.png
processing: 5357923_21015_0_0.png
processing: 5357914_21016_0_0.png
processing: 5357914_21015_0_0.png
processing: 5357906_21016_0_0.png
processing: 5357906_21015_0_0.png
processing: 5357891_21016_0_0.png
processing: 5357891_21015_0_0.png
processing: 5357844_21016_0_0.png
processing: 5357844_21015_0_0.png
processing: 5357826_21016_0_0.png
processing: 5357803_21016_0_0.png
processing: 5357803_21015_0_0.png
processing: 5357797_21016_1_0.png
processing: 5357797_21015_1_0.png
processing: 5357728_21016_0_0.png
processing: 5357728_21015_0_0.png
processing: 5357547_21016_0_0.png
  SKIPPING IMAGE: tot amount of vasculature (5349.881) < quality threshold 
processing: 5357547_21015_0_0.png
  SKIPPING IMAGE: tot amount of vasculature (3147.8942) < quality threshold 
processing: 5357408_21016_0_0.png
processing: 5357408_21015_0_0.png
  SKIPPING IMAGE: tot amount of vasculature (8398.1688) < quality threshold 
processing: 5357267_21016_0_0.png
processing: 5357267_21015_0_0.png
processing: 5357198_21016_1_0.png
processing: 5357198_21015_1_0.png
processing: 5357105_21016_1_0.png
  SKIPPING IMAGE: tot amount of vasculature (765.5074) < quality threshold 
processing: 5357105_21015_1_0.png
  SKIPPING IMAGE: tot amount of vasculature (3640.2212) < quality threshold 
processing: 5357035_21016_0_0.png
processing: 5357035_21015_0_0.png
processing: 5356987_21016_0_0.png
  SKIPPING IMAGE: tot amount of vasculature (8429.8004) < quality threshold 
processing: 5356987_21015_0_0.png
  SKIPPING IMAGE: tot amount of vasculature (2543.6917) < quality threshold 
processing: 5356975_21016_0_0.png
processing: 5356975_21015_0_0.png
processing: 5356831_21016_0_0.png
processing: 5356831_21015_0_0.png
  SKIPPING IMAGE: tot amount of vasculature (9187.5816) < quality threshold 
processing: 5356705_21016_0_0.png
  SKIPPING IMAGE: tot amount of vasculature (116.2741) < quality threshold 
processing: 5356705_21015_0_0.png
  SKIPPING IMAGE: tot amount of vasculature (3982.0168) < quality threshold 
processing: 5356694_21016_0_0.png
  SKIPPING IMAGE: tot amount of vasculature (10560.9487) < quality threshold 
processing: 5356694_21015_0_0.png
  SKIPPING IMAGE: tot amount of vasculature (9972.0425) < quality threshold 
processing: 5356670_21016_0_0.png
processing: 5356670_21015_0_0.png
processing: 5356641_21016_1_0.png
processing: 5356641_21015_1_0.png
  SKIPPING IMAGE: tot amount of vasculature (10071.4043) < quality threshold 
processing: 5356637_21016_0_0.png
processing: 5356637_21015_0_0.png
processing: 5356580_21016_0_0.png
  SKIPPING IMAGE: tot amount of vasculature (7111.4095) < quality threshold 
processing: 5356580_21015_0_0.png
processing: 5356481_21016_0_0.png
  SKIPPING IMAGE: tot amount of vasculature (10710.0642) < quality threshold 
processing: 5356481_21015_0_0.png
processing: 5356419_21016_1_0.png
processing: 5356419_21015_1_0.png
processing: 5356393_21016_0_0.png
processing: 5356393_21015_0_0.png
processing: 5356271_21015_0_0.png
processing: 5356268_21016_0_0.png
processing: 5356268_21015_0_0.png
processing: 5356259_21016_0_0.png
processing: 5356259_21015_0_0.png
processing: 5356220_21016_0_0.png
processing: 5356220_21015_0_0.png
  SKIPPING IMAGE: tot amount of vasculature (10974.1244) < quality threshold 
processing: 5356160_21016_0_0.png
processing: 5356160_21015_0_0.png
processing: 5356134_21016_1_0.png
processing: 5356134_21015_1_0.png
processing: 5356128_21016_0_0.png
  SKIPPING IMAGE: tot amount of vasculature (6667.7022) < quality threshold 
processing: 5356128_21015_0_0.png
  SKIPPING IMAGE: tot amount of vasculature (8110.7503) < quality threshold 
processing: 5356111_21016_1_0.png
processing: 5356111_21015_1_0.png
processing: 5356004_21016_0_0.png
processing: 5356004_21015_0_0.png
processing: 5355938_21016_1_0.png
  SKIPPING IMAGE: tot amount of vasculature (5890.7361) < quality threshold 
processing: 5355938_21015_1_0.png
  SKIPPING IMAGE: tot amount of vasculature (8889.7078) < quality threshold 
processing: 5355919_21016_0_0.png
processing: 5355919_21015_0_1.png
  SKIPPING IMAGE: tot amount of vasculature (10888.8837) < quality threshold 
processing: 5355919_21015_0_0.png
processing: 5355907_21016_0_0.png
  SKIPPING IMAGE: tot amount of vasculature (10033.6269) < quality threshold 
processing: 5355907_21015_0_0.png
  SKIPPING IMAGE: tot amount of vasculature (5041.2372) < quality threshold 
processing: 5355886_21016_0_0.png
processing: 5355886_21015_0_0.png
processing: 5355777_21016_0_0.png
  SKIPPING IMAGE: tot amount of vasculature (10749.7196) < quality threshold 
processing: 5355777_21015_0_0.png
processing: 5355739_21016_1_0.png
processing: 5355739_21016_0_0.png
  SKIPPING IMAGE: tot amount of vasculature (572.7125) < quality threshold 
processing: 5355739_21015_1_0.png
processing: 5355739_21015_0_0.png
  SKIPPING IMAGE: tot amount of vasculature (3807.7786) < quality threshold 
processing: 5355721_21016_0_0.png
  SKIPPING IMAGE: tot amount of vasculature (108.6644) < quality threshold 
processing: 5355721_21015_0_0.png
  SKIPPING IMAGE: No vessels found
processing: 5355679_21016_1_0.png
  SKIPPING IMAGE: tot amount of vasculature (7045.9105) < quality threshold 
processing: 5355679_21016_0_0.png
processing: 5355679_21015_1_0.png
  SKIPPING IMAGE: tot amount of vasculature (2772.3052) < quality threshold 
processing: 5355679_21015_0_0.png
processing: 5355593_21016_0_0.png
  SKIPPING IMAGE: tot amount of vasculature (5491.1073) < quality threshold 
processing: 5355593_21015_0_0.png
  SKIPPING IMAGE: tot amount of vasculature (4358.1156) < quality threshold 
processing: 5355578_21016_0_0.png
processing: 5355578_21015_0_0.png
processing: 5355535_21016_1_0.png
processing: 5355535_21015_1_0.png
processing: 5355472_21016_0_0.png
  SKIPPING IMAGE: tot amount of vasculature (280.4689) < quality threshold 
processing: 5355472_21015_0_0.png
  SKIPPING IMAGE: tot amount of vasculature (5043.1043) < quality threshold 
processing: 5355467_21016_0_0.png
  SKIPPING IMAGE: tot amount of vasculature (10934.0816) < quality threshold 
processing: 5355467_21015_0_0.png
processing: 5355455_21016_0_0.png
processing: 5355455_21015_0_0.png
  SKIPPING IMAGE: tot amount of vasculature (10281.1662) < quality threshold 
processing: 5355448_21016_0_0.png
processing: 5355448_21015_0_0.png
processing: 5355397_21016_0_0.png
processing: 5355397_21015_0_0.png
processing: 5355352_21016_1_0.png
processing: 5355352_21015_1_0.png
processing: 5355334_21016_0_0.png
processing: 5355334_21015_0_0.png
processing: 5355328_21016_0_0.png
processing: 5355328_21015_0_0.png
processing: 5355294_21016_0_0.png
processing: 5355294_21015_0_0.png
processing: 5355253_21016_1_0.png
  SKIPPING IMAGE: tot amount of vasculature (3060.7752) < quality threshold 
processing: 5355253_21016_0_0.png
processing: 5355253_21015_1_0.png
processing: 5355253_21015_0_0.png
processing: 5355237_21016_1_0.png
  SKIPPING IMAGE: tot amount of vasculature (7577.0116) < quality threshold 
processing: 5355237_21015_1_0.png
  SKIPPING IMAGE: tot amount of vasculature (10276.0445) < quality threshold 
processing: 5355187_21016_0_0.png
  SKIPPING IMAGE: tot amount of vasculature (2423.4132) < quality threshold 
processing: 5355187_21015_0_0.png
  SKIPPING IMAGE: tot amount of vasculature (7104.7891) < quality threshold 
processing: 5355169_21016_0_0.png
  SKIPPING IMAGE: tot amount of vasculature (2137.0314) < quality threshold 
processing: 5355169_21015_0_0.png
  SKIPPING IMAGE: tot amount of vasculature (5589.8992) < quality threshold 
processing: 5355158_21016_0_0.png
  SKIPPING IMAGE: tot amount of vasculature (8625.4663) < quality threshold 
processing: 5355158_21015_0_0.png
  SKIPPING IMAGE: tot amount of vasculature (6265.6312) < quality threshold 
processing: 5355016_21016_0_0.png
processing: 5355016_21015_0_0.png
processing: 5355002_21016_0_0.png
processing: 5354980_21016_0_0.png
processing: 5354980_21015_0_0.png
processing: 5354896_21016_1_0.png
  SKIPPING IMAGE: tot amount of vasculature (1712.7979) < quality threshold 
processing: 5354896_21015_1_0.png
  SKIPPING IMAGE: tot amount of vasculature (59.1803) < quality threshold 
processing: 5354885_21016_0_0.png
processing: 5354885_21015_0_0.png
processing: 5354877_21016_0_0.png
processing: 5354877_21015_0_0.png
processing: 5354850_21016_0_0.png
processing: 5354850_21015_0_0.png
processing: 5354843_21016_0_0.png
processing: 5354843_21015_0_0.png
processing: 5354795_21016_0_0.png
processing: 5354795_21015_0_0.png
processing: 5354686_21016_0_0.png
processing: 5354686_21015_0_0.png
  SKIPPING IMAGE: tot amount of vasculature (6385.9901) < quality threshold 
processing: 5354605_21016_0_0.png
processing: 5354605_21015_0_0.png
processing: 5354552_21015_1_0.png
  SKIPPING IMAGE: tot amount of vasculature (9025.1234) < quality threshold 
processing: 5354446_21016_1_0.png
  SKIPPING IMAGE: tot amount of vasculature (7316.1273) < quality threshold 
processing: 5354446_21015_1_0.png
  SKIPPING IMAGE: tot amount of vasculature (6092.6481) < quality threshold 
processing: 5354358_21016_0_0.png
  SKIPPING IMAGE: tot amount of vasculature (9497.6086) < quality threshold 
processing: 5354358_21015_0_0.png
processing: 5354279_21016_0_0.png
processing: 5354279_21015_0_0.png
processing: 5354214_21016_1_0.png
processing: 5354214_21015_1_0.png
processing: 5354206_21016_0_0.png
processing: 5354206_21015_0_0.png
processing: 5354181_21016_1_0.png
  SKIPPING IMAGE: tot amount of vasculature (3767.2097) < quality threshold 
processing: 5354181_21015_1_0.png
  SKIPPING IMAGE: tot amount of vasculature (9690.135) < quality threshold 
processing: 5354156_21016_0_0.png
processing: 5354156_21015_0_0.png
processing: 5354119_21016_0_0.png
processing: 5354119_21015_0_0.png
processing: 5354015_21016_0_0.png
  SKIPPING IMAGE: tot amount of vasculature (8378.7108) < quality threshold 
processing: 5354015_21015_0_0.png
  SKIPPING IMAGE: tot amount of vasculature (5195.5062) < quality threshold 
processing: 5353998_21016_0_0.png
processing: 5353998_21015_0_0.png
processing: 5353949_21016_0_0.png
processing: 5353949_21015_0_0.png
processing: 5353874_21016_0_0.png
processing: 5353874_21015_0_0.png
processing: 5353856_21016_0_0.png
processing: 5353856_21015_0_0.png
processing: 5353842_21016_0_0.png
processing: 5353842_21015_0_0.png
processing: 5353703_21016_0_0.png
processing: 5353703_21015_0_0.png
  SKIPPING IMAGE: tot amount of vasculature (8810.7057) < quality threshold 
processing: 5353636_21016_0_0.png
  SKIPPING IMAGE: tot amount of vasculature (6910.398) < quality threshold 
processing: 5353636_21015_0_0.png
  SKIPPING IMAGE: tot amount of vasculature (7386.4449) < quality threshold 
processing: 5353553_21016_0_0.png
processing: 5353553_21015_0_0.png
processing: 5353302_21016_0_0.png
processing: 5353302_21015_0_0.png
processing: 5353254_21016_1_0.png
processing: 5353254_21015_1_0.png
processing: 5353097_21016_0_0.png
processing: 5353097_21015_0_0.png
processing: 5353076_21016_0_0.png
processing: 5353076_21015_0_0.png
  SKIPPING IMAGE: tot amount of vasculature (6536.3067) < quality threshold 
processing: 5353052_21016_0_0.png
processing: 5353052_21015_0_0.png
processing: 5353034_21016_0_0.png
processing: 5353034_21015_0_0.png
processing: 5352978_21016_0_0.png
processing: 5352978_21015_0_0.png
  SKIPPING IMAGE: tot amount of vasculature (3570.0216) < quality threshold 
processing: 5352954_21016_1_0.png
  SKIPPING IMAGE: tot amount of vasculature (38.8717) < quality threshold 
processing: 5352954_21015_1_0.png
  SKIPPING IMAGE: tot amount of vasculature (6827.7129) < quality threshold 
processing: 5352895_21016_0_0.png
processing: 5352895_21015_0_0.png
processing: 5352871_21016_0_0.png
  SKIPPING IMAGE: tot amount of vasculature (142.3901) < quality threshold 
processing: 5352871_21015_0_0.png
  SKIPPING IMAGE: tot amount of vasculature (1772.4826) < quality threshold 
processing: 5352770_21016_0_0.png
processing: 5352770_21015_0_0.png
processing: 5352737_21016_0_0.png
processing: 5352737_21015_0_0.png
processing: 5352677_21016_1_0.png
  SKIPPING IMAGE: tot amount of vasculature (10688.6556) < quality threshold 
processing: 5352677_21015_1_0.png
processing: 5352621_21016_0_0.png
processing: 5352621_21015_0_0.png
processing: 5352618_21016_0_0.png
processing: 5352618_21015_0_0.png
processing: 5352604_21016_0_0.png
processing: 5352604_21015_0_0.png
processing: 5352591_21016_0_0.png
processing: 5352591_21015_0_0.png
processing: 5352476_21016_1_0.png
  SKIPPING IMAGE: tot amount of vasculature (9148.931) < quality threshold 
processing: 5352476_21015_1_0.png
processing: 5352460_21016_0_0.png
processing: 5352460_21015_0_0.png
processing: 5352338_21016_0_0.png
processing: 5352338_21015_0_0.png
processing: 5352167_21016_1_0.png
  SKIPPING IMAGE: tot amount of vasculature (501.2757) < quality threshold 
processing: 5352167_21016_0_0.png
  SKIPPING IMAGE: tot amount of vasculature (6293.4016) < quality threshold 
processing: 5352167_21015_1_0.png
  SKIPPING IMAGE: tot amount of vasculature (5209.4135) < quality threshold 
FINISHED: .mat files have been written to: /data/FAC/FBM/DBC/sbergman/retina/UKBiob/fundus/REVIEW//CLRIS/
execution time: 1607 sec
