------------------------------------------
Setting up environment variables
---
LD_LIBRARY_PATH is .:/software/Development/Languages/Matlab_Compiler_Runtime/96/runtime/glnxa64:/software/Development/Languages/Matlab_Compiler_Runtime/96/bin/glnxa64:/software/Development/Languages/Matlab_Compiler_Runtime/96/sys/os/glnxa64:/software/Development/Languages/Matlab_Compiler_Runtime/96/sys/opengl/lib/glnxa64
Running vessel measurements...
processing: 4481679_21015_1_0.png
  SKIPPING IMAGE: tot amount of vasculature (10662.6667) < quality threshold 
processing: 4481665_21016_0_0.png
processing: 4481665_21015_0_0.png
processing: 4481623_21016_0_0.png
processing: 4481623_21015_0_0.png
processing: 4481424_21016_0_0.png
processing: 4481424_21015_0_0.png
processing: 4481383_21016_0_0.png
processing: 4481383_21015_0_0.png
processing: 4481241_21016_0_0.png
  SKIPPING IMAGE: tot amount of vasculature (9402.436) < quality threshold 
processing: 4481241_21015_0_0.png
processing: 4481208_21016_0_0.png
processing: 4481208_21015_0_0.png
processing: 4481191_21016_0_0.png
processing: 4481191_21015_0_0.png
processing: 4481175_21016_0_0.png
  SKIPPING IMAGE: tot amount of vasculature (3364.2727) < quality threshold 
processing: 4481175_21015_0_1.png
  SKIPPING IMAGE: tot amount of vasculature (1825.7191) < quality threshold 
processing: 4481175_21015_0_0.png
  SKIPPING IMAGE: tot amount of vasculature (717.5052) < quality threshold 
processing: 4481132_21016_0_0.png
processing: 4481132_21015_0_0.png
processing: 4481126_21016_0_0.png
processing: 4481126_21015_0_0.png
processing: 4481047_21016_0_0.png
processing: 4481047_21015_0_0.png
processing: 4480924_21016_0_0.png
processing: 4480924_21015_0_0.png
processing: 4480850_21016_0_0.png
  SKIPPING IMAGE: tot amount of vasculature (10168.8995) < quality threshold 
processing: 4480850_21015_0_0.png
  SKIPPING IMAGE: tot amount of vasculature (8799.963) < quality threshold 
processing: 4480771_21016_0_0.png
processing: 4480771_21015_0_0.png
processing: 4480759_21016_0_0.png
processing: 4480759_21015_0_0.png
processing: 4480686_21016_0_0.png
processing: 4480686_21015_0_0.png
processing: 4480583_21016_0_0.png
processing: 4480583_21015_0_0.png
processing: 4480576_21016_0_0.png
  SKIPPING IMAGE: tot amount of vasculature (10234.1038) < quality threshold 
processing: 4480576_21015_0_0.png
processing: 4480560_21016_0_0.png
processing: 4480560_21015_0_0.png
processing: 4480545_21016_1_0.png
processing: 4480545_21015_1_0.png
processing: 4480400_21016_0_0.png
processing: 4480400_21015_0_0.png
processing: 4480391_21016_0_0.png
  SKIPPING IMAGE: tot amount of vasculature (3257.0103) < quality threshold 
processing: 4480391_21015_0_0.png
processing: 4480387_21016_0_0.png
processing: 4480387_21015_0_0.png
processing: 4480332_21016_1_0.png
  SKIPPING IMAGE: tot amount of vasculature (18.8942) < quality threshold 
processing: 4480332_21015_1_0.png
  SKIPPING IMAGE: tot amount of vasculature (3400.3502) < quality threshold 
processing: 4480326_21016_1_0.png
processing: 4480326_21015_1_0.png
processing: 4480223_21016_0_0.png
processing: 4480223_21015_0_0.png
processing: 4480214_21016_0_0.png
  SKIPPING IMAGE: No vessels found
processing: 4480214_21015_0_0.png
  SKIPPING IMAGE: tot amount of vasculature (3510.8314) < quality threshold 
processing: 4480066_21016_0_0.png
processing: 4480066_21015_0_0.png
  SKIPPING IMAGE: tot amount of vasculature (5781.1701) < quality threshold 
processing: 4479777_21016_0_0.png
processing: 4479777_21015_0_0.png
processing: 4479593_21016_0_0.png
processing: 4479593_21015_0_0.png
processing: 4479578_21016_0_0.png
processing: 4479578_21015_0_0.png
processing: 4479554_21016_0_0.png
processing: 4479554_21015_0_0.png
processing: 4479424_21016_0_0.png
processing: 4479424_21015_0_0.png
processing: 4479413_21016_0_0.png
processing: 4479413_21015_0_0.png
processing: 4479270_21016_0_0.png
processing: 4479270_21015_0_0.png
processing: 4479215_21016_0_0.png
  SKIPPING IMAGE: tot amount of vasculature (5690.0951) < quality threshold 
processing: 4479215_21015_0_0.png
processing: 4479110_21016_0_0.png
  SKIPPING IMAGE: tot amount of vasculature (10501.5783) < quality threshold 
processing: 4479110_21015_0_0.png
processing: 4479059_21016_1_0.png
  SKIPPING IMAGE: tot amount of vasculature (6996.1875) < quality threshold 
processing: 4479059_21015_1_0.png
  SKIPPING IMAGE: tot amount of vasculature (6829.0281) < quality threshold 
processing: 4478994_21016_0_0.png
processing: 4478994_21015_0_0.png
  SKIPPING IMAGE: tot amount of vasculature (10381.3001) < quality threshold 
processing: 4478941_21016_0_0.png
processing: 4478941_21015_0_0.png
processing: 4478778_21016_0_0.png
  SKIPPING IMAGE: tot amount of vasculature (4566.5639) < quality threshold 
processing: 4478778_21015_0_0.png
  SKIPPING IMAGE: tot amount of vasculature (6369.985) < quality threshold 
processing: 4478735_21016_0_0.png
processing: 4478735_21015_0_0.png
processing: 4478669_21016_1_0.png
  SKIPPING IMAGE: tot amount of vasculature (10157.2258) < quality threshold 
processing: 4478669_21015_1_0.png
processing: 4478398_21016_0_0.png
processing: 4478398_21015_0_0.png
processing: 4478290_21016_0_0.png
processing: 4478290_21015_0_0.png
processing: 4478157_21016_0_0.png
processing: 4478157_21015_0_0.png
processing: 4478131_21016_0_0.png
  SKIPPING IMAGE: tot amount of vasculature (7336.0699) < quality threshold 
processing: 4478131_21015_0_0.png
  SKIPPING IMAGE: tot amount of vasculature (4902.2121) < quality threshold 
processing: 4478048_21016_0_0.png
processing: 4478048_21015_0_0.png
  SKIPPING IMAGE: tot amount of vasculature (4524.7026) < quality threshold 
processing: 4478036_21016_0_0.png
  SKIPPING IMAGE: tot amount of vasculature (5731.8088) < quality threshold 
processing: 4478036_21015_0_0.png
processing: 4477935_21016_0_0.png
processing: 4477935_21015_0_0.png
processing: 4477917_21016_0_0.png
processing: 4477917_21015_0_0.png
processing: 4477871_21016_0_0.png
processing: 4477871_21015_0_0.png
processing: 4477820_21016_0_0.png
processing: 4477820_21015_0_0.png
processing: 4477794_21016_0_0.png
  SKIPPING IMAGE: tot amount of vasculature (79.8256) < quality threshold 
processing: 4477794_21015_0_0.png
  SKIPPING IMAGE: tot amount of vasculature (303.6468) < quality threshold 
processing: 4477766_21016_1_0.png
  SKIPPING IMAGE: tot amount of vasculature (5716.9582) < quality threshold 
processing: 4477766_21015_1_0.png
  SKIPPING IMAGE: tot amount of vasculature (8017.7969) < quality threshold 
processing: 4477729_21016_0_0.png
processing: 4477729_21015_0_0.png
processing: 4477569_21016_0_0.png
processing: 4477569_21015_0_0.png
processing: 4477558_21016_1_0.png
  SKIPPING IMAGE: tot amount of vasculature (8145.4344) < quality threshold 
processing: 4477558_21015_1_0.png
  SKIPPING IMAGE: tot amount of vasculature (3605.1421) < quality threshold 
processing: 4477445_21016_0_0.png
  SKIPPING IMAGE: tot amount of vasculature (10064.5097) < quality threshold 
processing: 4477445_21015_0_0.png
  SKIPPING IMAGE: tot amount of vasculature (4011.0249) < quality threshold 
processing: 4477381_21016_0_0.png
processing: 4477381_21015_0_0.png
processing: 4477338_21016_0_0.png
  SKIPPING IMAGE: tot amount of vasculature (5607.3823) < quality threshold 
processing: 4477338_21015_0_0.png
