------------------------------------------
Setting up environment variables
---
LD_LIBRARY_PATH is .:/software/Development/Languages/Matlab_Compiler_Runtime/96/runtime/glnxa64:/software/Development/Languages/Matlab_Compiler_Runtime/96/bin/glnxa64:/software/Development/Languages/Matlab_Compiler_Runtime/96/sys/os/glnxa64:/software/Development/Languages/Matlab_Compiler_Runtime/96/sys/opengl/lib/glnxa64
Running vessel measurements...
processing: 3181854_21015_0_0.png
processing: 3181748_21016_0_0.png
  SKIPPING IMAGE: tot amount of vasculature (4434.8789) < quality threshold 
processing: 3181748_21015_0_0.png
processing: 3181736_21016_0_0.png
processing: 3181736_21015_0_0.png
processing: 3181713_21016_0_0.png
processing: 3181713_21015_0_0.png
processing: 3181609_21016_0_0.png
processing: 3181609_21015_0_0.png
processing: 3181586_21016_0_0.png
  SKIPPING IMAGE: tot amount of vasculature (8109.0954) < quality threshold 
processing: 3181586_21015_0_0.png
  SKIPPING IMAGE: tot amount of vasculature (4007.0889) < quality threshold 
processing: 3181564_21016_0_0.png
processing: 3181564_21015_0_0.png
processing: 3181551_21016_1_0.png
  SKIPPING IMAGE: tot amount of vasculature (9620.9841) < quality threshold 
processing: 3181551_21015_1_0.png
processing: 3181404_21016_0_0.png
processing: 3181404_21015_0_0.png
processing: 3181388_21016_0_0.png
processing: 3181388_21015_0_0.png
processing: 3181365_21016_0_0.png
  SKIPPING IMAGE: tot amount of vasculature (6711.4331) < quality threshold 
processing: 3181365_21015_0_0.png
  SKIPPING IMAGE: tot amount of vasculature (1967.4233) < quality threshold 
processing: 3181323_21016_0_0.png
  SKIPPING IMAGE: tot amount of vasculature (7526.2388) < quality threshold 
processing: 3181323_21015_0_0.png
  SKIPPING IMAGE: tot amount of vasculature (10317.4548) < quality threshold 
processing: 3181291_21016_0_0.png
  SKIPPING IMAGE: tot amount of vasculature (3873.8117) < quality threshold 
processing: 3181291_21015_0_0.png
processing: 3181287_21016_0_0.png
processing: 3181287_21015_0_0.png
  SKIPPING IMAGE: tot amount of vasculature (2939.8363) < quality threshold 
processing: 3181038_21016_0_0.png
processing: 3181038_21015_0_0.png
processing: 3181019_21016_0_0.png
processing: 3181019_21015_0_0.png
  SKIPPING IMAGE: tot amount of vasculature (5330.5971) < quality threshold 
processing: 3180977_21016_0_0.png
  SKIPPING IMAGE: tot amount of vasculature (9372.8957) < quality threshold 
processing: 3180977_21015_0_0.png
  SKIPPING IMAGE: tot amount of vasculature (7658.7202) < quality threshold 
processing: 3180962_21016_0_0.png
processing: 3180962_21015_0_0.png
processing: 3180899_21016_0_0.png
processing: 3180899_21015_0_0.png
processing: 3180872_21016_0_0.png
processing: 3180872_21015_0_0.png
processing: 3180867_21016_0_0.png
  SKIPPING IMAGE: tot amount of vasculature (10438.9296) < quality threshold 
processing: 3180867_21015_0_0.png
processing: 3180813_21016_0_0.png
processing: 3180813_21015_0_0.png
processing: 3180790_21016_0_0.png
processing: 3180790_21015_0_0.png
processing: 3180781_21016_0_0.png
  SKIPPING IMAGE: tot amount of vasculature (7179.8625) < quality threshold 
processing: 3180781_21015_0_0.png
  SKIPPING IMAGE: tot amount of vasculature (7234.1615) < quality threshold 
processing: 3180774_21016_1_0.png
  SKIPPING IMAGE: tot amount of vasculature (7452.8495) < quality threshold 
processing: 3180774_21015_1_0.png
processing: 3180725_21016_0_0.png
processing: 3180725_21015_0_0.png
processing: 3180707_21016_0_0.png
processing: 3180707_21015_0_0.png
processing: 3180689_21016_0_0.png
  SKIPPING IMAGE: tot amount of vasculature (190.5017) < quality threshold 
processing: 3180689_21015_0_0.png
  SKIPPING IMAGE: tot amount of vasculature (7111.1842) < quality threshold 
processing: 3180646_21016_0_0.png
processing: 3180646_21015_0_0.png
processing: 3180635_21016_1_0.png
processing: 3180635_21015_1_0.png
processing: 3180617_21016_0_0.png
  SKIPPING IMAGE: tot amount of vasculature (2510.1232) < quality threshold 
processing: 3180617_21015_0_0.png
processing: 3180600_21016_1_0.png
processing: 3180600_21015_1_0.png
processing: 3180565_21016_1_0.png
  SKIPPING IMAGE: tot amount of vasculature (5892.4409) < quality threshold 
processing: 3180565_21015_1_0.png
  SKIPPING IMAGE: tot amount of vasculature (399.6954) < quality threshold 
processing: 3180531_21016_0_0.png
  SKIPPING IMAGE: tot amount of vasculature (8399.7946) < quality threshold 
processing: 3180531_21015_0_0.png
  SKIPPING IMAGE: tot amount of vasculature (6341.5145) < quality threshold 
processing: 3180382_21016_0_0.png
  SKIPPING IMAGE: tot amount of vasculature (8034.9499) < quality threshold 
processing: 3180382_21015_0_0.png
processing: 3180366_21016_0_0.png
processing: 3180366_21015_0_0.png
processing: 3180353_21016_0_0.png
processing: 3180353_21015_0_0.png
processing: 3180329_21016_0_0.png
processing: 3180329_21015_0_0.png
processing: 3180260_21016_1_0.png
processing: 3180260_21015_1_0.png
processing: 3180252_21016_0_0.png
processing: 3180252_21015_0_0.png
processing: 3180211_21016_1_0.png
processing: 3180211_21015_1_0.png
processing: 3180159_21016_0_0.png
  SKIPPING IMAGE: tot amount of vasculature (9924.9883) < quality threshold 
processing: 3180159_21015_0_0.png
  SKIPPING IMAGE: tot amount of vasculature (10711.5818) < quality threshold 
processing: 3180147_21016_0_0.png
processing: 3180147_21015_0_0.png
  SKIPPING IMAGE: tot amount of vasculature (3255.9447) < quality threshold 
processing: 3180133_21016_0_0.png
processing: 3180133_21015_0_0.png
processing: 3180120_21016_0_0.png
  SKIPPING IMAGE: tot amount of vasculature (5845.9193) < quality threshold 
processing: 3180120_21015_0_0.png
processing: 3180116_21016_1_0.png
  SKIPPING IMAGE: tot amount of vasculature (10052.0787) < quality threshold 
processing: 3180116_21015_1_0.png
processing: 3179971_21016_1_0.png
  SKIPPING IMAGE: tot amount of vasculature (7804.0849) < quality threshold 
processing: 3179971_21015_1_0.png
processing: 3179893_21016_1_0.png
processing: 3179893_21015_1_0.png
processing: 3179889_21016_0_0.png
processing: 3179889_21015_0_0.png
processing: 3179822_21016_0_0.png
processing: 3179822_21015_0_0.png
processing: 3179817_21016_0_0.png
processing: 3179817_21015_0_0.png
processing: 3179800_21016_0_0.png
processing: 3179800_21015_0_0.png
processing: 3179772_21016_0_0.png
processing: 3179772_21015_0_0.png
processing: 3179767_21016_0_0.png
processing: 3179767_21015_0_0.png
processing: 3179748_21016_0_0.png
processing: 3179748_21015_0_0.png
processing: 3179628_21016_0_0.png
processing: 3179628_21015_0_0.png
processing: 3179586_21016_0_0.png
processing: 3179586_21015_0_0.png
processing: 3179549_21016_0_0.png
processing: 3179549_21015_0_0.png
processing: 3179530_21016_0_0.png
processing: 3179530_21015_0_0.png
processing: 3179477_21016_0_0.png
  SKIPPING IMAGE: tot amount of vasculature (9298.0895) < quality threshold 
processing: 3179477_21015_0_0.png
  SKIPPING IMAGE: tot amount of vasculature (8198.2547) < quality threshold 
processing: 3179388_21016_0_0.png
processing: 3179388_21015_0_0.png
processing: 3179379_21016_0_0.png
processing: 3179379_21015_0_0.png
processing: 3179194_21016_1_0.png
processing: 3179194_21015_1_0.png
processing: 3179170_21016_1_0.png
  SKIPPING IMAGE: tot amount of vasculature (3341.8008) < quality threshold 
processing: 3179170_21015_1_0.png
processing: 3179129_21016_1_0.png
processing: 3179129_21016_0_0.png
processing: 3179129_21015_1_0.png
processing: 3179129_21015_0_0.png
processing: 3179056_21016_0_0.png
processing: 3179056_21015_0_0.png
processing: 3178987_21016_0_0.png
