------------------------------------------
Setting up environment variables
---
LD_LIBRARY_PATH is .:/software/Development/Languages/Matlab_Compiler_Runtime/96/runtime/glnxa64:/software/Development/Languages/Matlab_Compiler_Runtime/96/bin/glnxa64:/software/Development/Languages/Matlab_Compiler_Runtime/96/sys/os/glnxa64:/software/Development/Languages/Matlab_Compiler_Runtime/96/sys/opengl/lib/glnxa64
Running vessel measurements...
processing: 3191488_21016_1_0.png
  SKIPPING IMAGE: tot amount of vasculature (5594.2341) < quality threshold 
processing: 3191488_21015_1_0.png
  SKIPPING IMAGE: tot amount of vasculature (4216.5703) < quality threshold 
processing: 3191302_21016_1_0.png
  SKIPPING IMAGE: tot amount of vasculature (10281.9718) < quality threshold 
processing: 3191302_21016_0_0.png
  SKIPPING IMAGE: tot amount of vasculature (361.8885) < quality threshold 
processing: 3191302_21015_1_0.png
  SKIPPING IMAGE: tot amount of vasculature (1988.7197) < quality threshold 
processing: 3191302_21015_0_0.png
  SKIPPING IMAGE: tot amount of vasculature (3990.7949) < quality threshold 
processing: 3191293_21016_1_0.png
processing: 3191293_21015_1_0.png
processing: 3191200_21016_1_0.png
  SKIPPING IMAGE: tot amount of vasculature (7350.1429) < quality threshold 
processing: 3191200_21015_1_0.png
  SKIPPING IMAGE: tot amount of vasculature (9328.78) < quality threshold 
processing: 3190992_21016_0_0.png
processing: 3190992_21015_0_0.png
processing: 3190931_21016_0_0.png
processing: 3190931_21015_0_0.png
processing: 3190887_21016_1_0.png
processing: 3190887_21015_1_0.png
processing: 3190832_21016_1_0.png
processing: 3190832_21015_1_0.png
processing: 3190619_21016_1_0.png
  SKIPPING IMAGE: tot amount of vasculature (8320.4153) < quality threshold 
processing: 3190619_21015_1_0.png
  SKIPPING IMAGE: tot amount of vasculature (115.5943) < quality threshold 
processing: 3190607_21016_0_0.png
  SKIPPING IMAGE: tot amount of vasculature (1040.4574) < quality threshold 
processing: 3190607_21015_0_0.png
processing: 3190568_21016_1_0.png
processing: 3190568_21015_1_0.png
processing: 3190494_21016_0_0.png
processing: 3190494_21015_0_0.png
  SKIPPING IMAGE: tot amount of vasculature (10892.9362) < quality threshold 
processing: 3190470_21016_1_0.png
processing: 3190470_21016_0_0.png
processing: 3190470_21015_1_0.png
processing: 3190470_21015_0_0.png
processing: 3190441_21016_1_0.png
  SKIPPING IMAGE: tot amount of vasculature (5416.1409) < quality threshold 
processing: 3190441_21015_1_0.png
  SKIPPING IMAGE: tot amount of vasculature (6766.5924) < quality threshold 
processing: 3190408_21016_0_0.png
processing: 3190408_21015_0_0.png
processing: 3190362_21016_1_0.png
  SKIPPING IMAGE: tot amount of vasculature (8023.711) < quality threshold 
processing: 3190362_21015_1_0.png
  SKIPPING IMAGE: tot amount of vasculature (10843.8335) < quality threshold 
processing: 3190280_21016_0_0.png
processing: 3190280_21015_0_0.png
processing: 3190272_21016_0_0.png
processing: 3190272_21015_0_0.png
processing: 3190248_21016_1_0.png
  SKIPPING IMAGE: tot amount of vasculature (5715.391) < quality threshold 
processing: 3190248_21015_1_0.png
  SKIPPING IMAGE: tot amount of vasculature (9352.6722) < quality threshold 
processing: 3190201_21016_0_0.png
  SKIPPING IMAGE: tot amount of vasculature (6531.5194) < quality threshold 
processing: 3190201_21015_0_0.png
  SKIPPING IMAGE: tot amount of vasculature (5312.2493) < quality threshold 
processing: 3190089_21016_0_0.png
  SKIPPING IMAGE: tot amount of vasculature (10542.5435) < quality threshold 
processing: 3190089_21015_0_1.png
  SKIPPING IMAGE: tot amount of vasculature (7588.8895) < quality threshold 
processing: 3190089_21015_0_0.png
  SKIPPING IMAGE: tot amount of vasculature (3054.3183) < quality threshold 
processing: 3190054_21016_0_0.png
  SKIPPING IMAGE: tot amount of vasculature (2952.6719) < quality threshold 
processing: 3190054_21015_0_0.png
  SKIPPING IMAGE: tot amount of vasculature (3081.9128) < quality threshold 
processing: 3189986_21016_0_0.png
  SKIPPING IMAGE: tot amount of vasculature (2240.1164) < quality threshold 
processing: 3189986_21015_0_0.png
  SKIPPING IMAGE: tot amount of vasculature (1428.2826) < quality threshold 
processing: 3189951_21016_0_0.png
processing: 3189951_21015_0_0.png
processing: 3189927_21016_0_0.png
processing: 3189927_21015_0_0.png
processing: 3189905_21016_0_0.png
processing: 3189905_21015_0_0.png
  SKIPPING IMAGE: tot amount of vasculature (7200.2834) < quality threshold 
processing: 3189825_21016_0_0.png
processing: 3189825_21015_0_0.png
processing: 3189732_21016_1_0.png
  SKIPPING IMAGE: tot amount of vasculature (10355.9013) < quality threshold 
processing: 3189732_21015_1_0.png
processing: 3189414_21016_0_0.png
processing: 3189414_21015_0_0.png
  SKIPPING IMAGE: tot amount of vasculature (4002.5355) < quality threshold 
processing: 3189371_21016_0_0.png
  SKIPPING IMAGE: tot amount of vasculature (8349.0011) < quality threshold 
processing: 3189371_21015_0_0.png
  SKIPPING IMAGE: tot amount of vasculature (6836.6276) < quality threshold 
processing: 3189293_21016_0_0.png
processing: 3189293_21015_0_0.png
processing: 3189118_21016_0_0.png
processing: 3189118_21015_0_0.png
processing: 3189104_21016_0_0.png
processing: 3189104_21015_0_0.png
  SKIPPING IMAGE: tot amount of vasculature (10171.9094) < quality threshold 
processing: 3189060_21016_1_0.png
  SKIPPING IMAGE: tot amount of vasculature (7152.1304) < quality threshold 
processing: 3189060_21015_1_0.png
  SKIPPING IMAGE: tot amount of vasculature (9858.0987) < quality threshold 
processing: 3188961_21016_1_0.png
processing: 3188961_21015_1_0.png
processing: 3188900_21016_0_0.png
processing: 3188900_21015_0_0.png
processing: 3188802_21016_0_0.png
processing: 3188802_21015_0_0.png
processing: 3188770_21016_1_0.png
processing: 3188770_21015_1_0.png
processing: 3188677_21016_0_0.png
processing: 3188677_21015_0_0.png
processing: 3188643_21016_1_0.png
  SKIPPING IMAGE: tot amount of vasculature (2730.1542) < quality threshold 
processing: 3188643_21015_1_0.png
  SKIPPING IMAGE: tot amount of vasculature (4188.296) < quality threshold 
processing: 3188604_21016_0_0.png
processing: 3188604_21015_0_0.png
processing: 3188526_21016_0_0.png
processing: 3188526_21015_0_0.png
processing: 3188476_21016_0_0.png
processing: 3188476_21015_0_0.png
processing: 3188409_21016_0_0.png
processing: 3188409_21015_0_0.png
processing: 3188338_21016_0_0.png
processing: 3188338_21015_0_0.png
processing: 3188319_21016_0_0.png
  SKIPPING IMAGE: tot amount of vasculature (7576.7781) < quality threshold 
processing: 3188319_21015_0_0.png
processing: 3188136_21016_0_0.png
processing: 3188136_21015_0_0.png
processing: 3188113_21016_0_0.png
processing: 3188113_21015_0_0.png
processing: 3188079_21016_0_0.png
processing: 3188079_21015_0_0.png
processing: 3187897_21016_0_0.png
processing: 3187897_21015_0_0.png
  SKIPPING IMAGE: tot amount of vasculature (1968.9504) < quality threshold 
processing: 3187883_21016_0_0.png
  SKIPPING IMAGE: tot amount of vasculature (2229.954) < quality threshold 
processing: 3187883_21015_0_0.png
  SKIPPING IMAGE: tot amount of vasculature (6282.2782) < quality threshold 
processing: 3187845_21016_0_0.png
processing: 3187845_21015_0_0.png
processing: 3187828_21016_0_0.png
processing: 3187828_21015_0_0.png
  SKIPPING IMAGE: tot amount of vasculature (8716.1389) < quality threshold 
processing: 3187447_21016_0_0.png
processing: 3187447_21015_0_0.png
processing: 3187433_21016_0_0.png
processing: 3187433_21015_0_0.png
processing: 3187416_21016_0_0.png
processing: 3187416_21015_0_0.png
processing: 3187349_21016_0_0.png
processing: 3187349_21015_0_0.png
processing: 3187305_21016_1_0.png
processing: 3187305_21015_1_0.png
processing: 3187242_21016_1_0.png
  SKIPPING IMAGE: tot amount of vasculature (10073.5834) < quality threshold 
processing: 3187242_21015_1_0.png
