------------------------------------------
Setting up environment variables
---
LD_LIBRARY_PATH is .:/software/Development/Languages/Matlab_Compiler_Runtime/96/runtime/glnxa64:/software/Development/Languages/Matlab_Compiler_Runtime/96/bin/glnxa64:/software/Development/Languages/Matlab_Compiler_Runtime/96/sys/os/glnxa64:/software/Development/Languages/Matlab_Compiler_Runtime/96/sys/opengl/lib/glnxa64
Running vessel measurements...
processing: 5412366_21016_0_0.png
processing: 5412366_21015_1_0.png
processing: 5412366_21015_0_0.png
processing: 5412337_21016_0_0.png
processing: 5412337_21015_0_0.png
processing: 5412228_21016_0_0.png
  SKIPPING IMAGE: tot amount of vasculature (5767.1655) < quality threshold 
processing: 5412228_21015_0_0.png
processing: 5412195_21016_0_0.png
processing: 5412195_21015_0_0.png
processing: 5412087_21016_0_0.png
processing: 5412087_21015_0_0.png
  SKIPPING IMAGE: tot amount of vasculature (8940.8639) < quality threshold 
processing: 5412075_21016_1_0.png
processing: 5412075_21015_1_0.png
processing: 5412069_21016_0_0.png
processing: 5412069_21015_0_0.png
processing: 5412044_21016_0_0.png
  SKIPPING IMAGE: tot amount of vasculature (3953.4612) < quality threshold 
processing: 5412044_21015_0_0.png
  SKIPPING IMAGE: tot amount of vasculature (8589.2549) < quality threshold 
processing: 5412003_21016_1_0.png
processing: 5412003_21015_1_0.png
processing: 5411974_21016_1_0.png
processing: 5411974_21015_1_0.png
processing: 5411919_21016_0_0.png
  SKIPPING IMAGE: tot amount of vasculature (10002.503) < quality threshold 
processing: 5411919_21015_0_0.png
  SKIPPING IMAGE: tot amount of vasculature (6123.8075) < quality threshold 
processing: 5411812_21016_1_0.png
processing: 5411812_21015_1_0.png
processing: 5411657_21016_0_0.png
  SKIPPING IMAGE: tot amount of vasculature (2480.2931) < quality threshold 
processing: 5411657_21015_0_0.png
  SKIPPING IMAGE: tot amount of vasculature (2661.5211) < quality threshold 
processing: 5411614_21016_0_0.png
  SKIPPING IMAGE: tot amount of vasculature (9756.7265) < quality threshold 
processing: 5411614_21015_0_0.png
  SKIPPING IMAGE: tot amount of vasculature (7675.2006) < quality threshold 
processing: 5411517_21016_1_0.png
processing: 5411517_21016_0_0.png
processing: 5411517_21015_1_0.png
processing: 5411517_21015_0_0.png
processing: 5411448_21016_0_0.png
  SKIPPING IMAGE: tot amount of vasculature (6979.625) < quality threshold 
processing: 5411448_21015_0_0.png
  SKIPPING IMAGE: tot amount of vasculature (1679.0286) < quality threshold 
processing: 5411401_21016_0_0.png
  SKIPPING IMAGE: tot amount of vasculature (10977.7784) < quality threshold 
processing: 5411401_21015_0_0.png
  SKIPPING IMAGE: tot amount of vasculature (4023.3969) < quality threshold 
processing: 5411144_21016_0_0.png
processing: 5411144_21015_0_0.png
processing: 5411132_21016_1_0.png
processing: 5411132_21015_1_0.png
processing: 5411068_21016_0_0.png
  SKIPPING IMAGE: tot amount of vasculature (3521.2392) < quality threshold 
processing: 5411068_21015_0_0.png
processing: 5411020_21016_0_0.png
processing: 5411020_21015_0_0.png
processing: 5410972_21016_0_0.png
processing: 5410972_21015_0_0.png
  SKIPPING IMAGE: tot amount of vasculature (10868.8699) < quality threshold 
processing: 5410843_21016_0_0.png
processing: 5410843_21015_0_0.png
processing: 5410784_21016_0_0.png
processing: 5410784_21015_0_0.png
processing: 5410759_21016_1_0.png
processing: 5410759_21015_1_0.png
processing: 5410664_21016_0_0.png
processing: 5410664_21015_0_0.png
processing: 5410651_21016_0_0.png
processing: 5410651_21015_0_0.png
processing: 5410649_21016_0_0.png
processing: 5410649_21015_0_0.png
processing: 5410605_21016_1_0.png
processing: 5410605_21015_1_0.png
processing: 5410560_21016_0_0.png
processing: 5410560_21015_0_0.png
processing: 5410552_21016_0_0.png
  SKIPPING IMAGE: tot amount of vasculature (8625.5635) < quality threshold 
processing: 5410552_21015_0_0.png
  SKIPPING IMAGE: tot amount of vasculature (7201.476) < quality threshold 
processing: 5410478_21016_1_0.png
processing: 5410478_21016_0_0.png
processing: 5410478_21015_1_0.png
processing: 5410478_21015_0_0.png
processing: 5410454_21016_0_0.png
  SKIPPING IMAGE: tot amount of vasculature (9656.3966) < quality threshold 
processing: 5410454_21015_0_0.png
  SKIPPING IMAGE: tot amount of vasculature (6967.9186) < quality threshold 
processing: 5410446_21016_0_0.png
processing: 5410446_21015_0_0.png
  SKIPPING IMAGE: tot amount of vasculature (10159.7889) < quality threshold 
processing: 5410435_21016_0_0.png
processing: 5410435_21015_0_0.png
processing: 5410369_21016_0_0.png
processing: 5410369_21015_0_0.png
processing: 5410344_21016_0_0.png
processing: 5410344_21015_0_0.png
processing: 5410279_21016_0_0.png
processing: 5410279_21015_0_0.png
processing: 5410107_21016_0_0.png
processing: 5410107_21015_0_0.png
processing: 5410094_21016_0_0.png
processing: 5410094_21015_0_0.png
processing: 5410041_21016_0_0.png
processing: 5410041_21015_0_0.png
processing: 5410015_21016_0_0.png
processing: 5410015_21015_0_0.png
processing: 5410008_21016_1_0.png
processing: 5410008_21016_0_0.png
processing: 5410008_21015_1_0.png
  SKIPPING IMAGE: tot amount of vasculature (7453.5677) < quality threshold 
processing: 5410008_21015_0_0.png
  SKIPPING IMAGE: tot amount of vasculature (9296.1085) < quality threshold 
processing: 5409910_21016_1_0.png
processing: 5409910_21015_1_0.png
  SKIPPING IMAGE: tot amount of vasculature (2670.9867) < quality threshold 
processing: 5409764_21016_0_0.png
processing: 5409764_21015_0_0.png
processing: 5409751_21016_0_0.png
processing: 5409751_21015_0_0.png
processing: 5409727_21016_0_0.png
processing: 5409727_21015_0_0.png
  SKIPPING IMAGE: tot amount of vasculature (9178.0768) < quality threshold 
processing: 5409694_21016_0_0.png
  SKIPPING IMAGE: tot amount of vasculature (3385.7632) < quality threshold 
processing: 5409694_21015_0_0.png
processing: 5409572_21016_0_0.png
processing: 5409572_21015_0_0.png
processing: 5409536_21016_0_0.png
processing: 5409536_21015_0_0.png
processing: 5409513_21016_0_0.png
processing: 5409513_21015_0_0.png
processing: 5409407_21016_0_0.png
processing: 5409407_21015_0_0.png
processing: 5409378_21016_0_0.png
processing: 5409378_21015_0_0.png
processing: 5409300_21016_0_0.png
processing: 5409300_21015_0_0.png
  SKIPPING IMAGE: tot amount of vasculature (5719.9343) < quality threshold 
processing: 5409183_21016_0_0.png
processing: 5409183_21015_0_0.png
  SKIPPING IMAGE: tot amount of vasculature (7336.1217) < quality threshold 
processing: 5409152_21016_0_0.png
processing: 5409152_21015_0_0.png
processing: 5409111_21016_0_0.png
processing: 5409111_21015_0_0.png
processing: 5409021_21016_0_0.png
processing: 5409021_21015_0_0.png
processing: 5408968_21016_0_0.png
processing: 5408968_21015_0_0.png
processing: 5408916_21016_1_0.png
  SKIPPING IMAGE: tot amount of vasculature (9960.2163) < quality threshold 
processing: 5408916_21015_1_0.png
  SKIPPING IMAGE: tot amount of vasculature (10615.5617) < quality threshold 
processing: 5408817_21016_0_0.png
processing: 5408817_21015_0_0.png
  SKIPPING IMAGE: tot amount of vasculature (10726.2886) < quality threshold 
processing: 5408767_21016_0_0.png
processing: 5408736_21016_0_0.png
processing: 5408736_21015_0_0.png
processing: 5408549_21016_0_0.png
processing: 5408549_21015_0_0.png
processing: 5408496_21016_0_0.png
processing: 5408496_21015_0_0.png
processing: 5408357_21016_0_0.png
processing: 5408357_21015_0_0.png
  SKIPPING IMAGE: tot amount of vasculature (8722.0532) < quality threshold 
processing: 5408275_21016_1_0.png
  SKIPPING IMAGE: tot amount of vasculature (8116.5973) < quality threshold 
processing: 5408275_21015_1_0.png
processing: 5408203_21015_0_0.png
  SKIPPING IMAGE: tot amount of vasculature (9892.6101) < quality threshold 
processing: 5408182_21016_0_0.png
  SKIPPING IMAGE: No vessels found
processing: 5408182_21015_0_0.png
  SKIPPING IMAGE: tot amount of vasculature (10155.8997) < quality threshold 
processing: 5408170_21016_1_0.png
processing: 5408170_21016_0_0.png
processing: 5408170_21015_1_0.png
processing: 5408170_21015_0_0.png
processing: 5408153_21016_0_0.png
processing: 5408153_21015_0_0.png
processing: 5408056_21016_0_0.png
processing: 5408056_21015_0_0.png
processing: 5407955_21016_0_0.png
processing: 5407955_21015_0_0.png
processing: 5407948_21016_0_0.png
processing: 5407948_21015_0_0.png
processing: 5407924_21016_0_0.png
  SKIPPING IMAGE: tot amount of vasculature (1275.6587) < quality threshold 
processing: 5407924_21015_0_1.png
  SKIPPING IMAGE: tot amount of vasculature (4094.2996) < quality threshold 
processing: 5407924_21015_0_0.png
  SKIPPING IMAGE: tot amount of vasculature (396.4028) < quality threshold 
processing: 5407896_21016_0_0.png
  SKIPPING IMAGE: tot amount of vasculature (2437.2067) < quality threshold 
processing: 5407896_21015_0_0.png
  SKIPPING IMAGE: tot amount of vasculature (7744.708) < quality threshold 
processing: 5407877_21016_0_0.png
  SKIPPING IMAGE: tot amount of vasculature (3049.8518) < quality threshold 
processing: 5407877_21015_0_0.png
  SKIPPING IMAGE: tot amount of vasculature (6635.8789) < quality threshold 
processing: 5407850_21016_0_0.png
processing: 5407850_21015_0_0.png
processing: 5407795_21016_0_0.png
processing: 5407795_21015_0_0.png
processing: 5407784_21016_0_0.png
  SKIPPING IMAGE: tot amount of vasculature (9455.677) < quality threshold 
processing: 5407784_21015_0_0.png
processing: 5407747_21016_0_0.png
  SKIPPING IMAGE: tot amount of vasculature (3589.0968) < quality threshold 
processing: 5407747_21015_0_0.png
  SKIPPING IMAGE: tot amount of vasculature (2757.9434) < quality threshold 
processing: 5407716_21016_0_0.png
processing: 5407716_21015_0_0.png
processing: 5407702_21016_1_0.png
processing: 5407702_21016_0_0.png
processing: 5407702_21015_1_0.png
processing: 5407702_21015_0_0.png
processing: 5407630_21016_0_0.png
processing: 5407630_21015_0_0.png
processing: 5407545_21016_1_0.png
  SKIPPING IMAGE: tot amount of vasculature (7318.9268) < quality threshold 
processing: 5407545_21015_1_0.png
  SKIPPING IMAGE: tot amount of vasculature (3104.3201) < quality threshold 
processing: 5407454_21016_0_0.png
processing: 5407454_21015_0_0.png
processing: 5407446_21016_0_0.png
processing: 5407446_21015_0_0.png
  SKIPPING IMAGE: tot amount of vasculature (10423.2949) < quality threshold 
processing: 5407292_21016_0_0.png
processing: 5407292_21015_0_0.png
processing: 5407257_21016_0_0.png
processing: 5407257_21015_0_0.png
processing: 5407206_21016_0_0.png
processing: 5407206_21015_0_0.png
processing: 5407142_21016_0_0.png
processing: 5407142_21015_0_0.png
processing: 5406996_21016_0_0.png
processing: 5406996_21015_0_0.png
  SKIPPING IMAGE: tot amount of vasculature (10844.3359) < quality threshold 
processing: 5406950_21016_0_0.png
processing: 5406950_21015_0_0.png
processing: 5406939_21016_1_0.png
processing: 5406939_21015_1_0.png
processing: 5406921_21016_0_0.png
  SKIPPING IMAGE: tot amount of vasculature (9843.226) < quality threshold 
processing: 5406921_21015_0_0.png
  SKIPPING IMAGE: tot amount of vasculature (10422.3406) < quality threshold 
processing: 5406904_21016_1_0.png
processing: 5406904_21015_1_0.png
processing: 5406654_21016_1_0.png
processing: 5406654_21015_1_0.png
processing: 5406473_21016_0_0.png
  SKIPPING IMAGE: tot amount of vasculature (7246.4593) < quality threshold 
processing: 5406473_21015_0_0.png
processing: 5406464_21016_0_0.png
  SKIPPING IMAGE: tot amount of vasculature (8325.98) < quality threshold 
processing: 5406464_21015_0_0.png
  SKIPPING IMAGE: tot amount of vasculature (8177.5715) < quality threshold 
processing: 5406370_21016_0_0.png
  SKIPPING IMAGE: tot amount of vasculature (45.3478) < quality threshold 
processing: 5406370_21015_0_0.png
Warning: No vessels found in 5406370_21015_0_0
> In Vessel_Data_IO.load_from_file (line 183)
  In REVIEW_evaluate_diameter_measurements (line 125)
  In ARIA_run_tests (line 209)
  SKIPPING IMAGE: No vessels found
processing: 5406315_21016_0_0.png
processing: 5406315_21015_0_0.png
processing: 5406252_21016_1_0.png
processing: 5406252_21015_1_0.png
processing: 5406234_21016_0_0.png
processing: 5406234_21015_0_0.png
processing: 5406195_21016_1_0.png
  SKIPPING IMAGE: tot amount of vasculature (1573.0854) < quality threshold 
processing: 5406195_21015_1_0.png
  SKIPPING IMAGE: tot amount of vasculature (151.0672) < quality threshold 
processing: 5406184_21016_0_0.png
processing: 5406184_21015_0_0.png
processing: 5406044_21016_0_0.png
processing: 5406044_21015_0_0.png
  SKIPPING IMAGE: tot amount of vasculature (10453.1293) < quality threshold 
processing: 5405930_21016_0_0.png
processing: 5405930_21015_0_0.png
processing: 5405881_21016_1_0.png
processing: 5405881_21015_1_0.png
processing: 5405874_21016_1_0.png
  SKIPPING IMAGE: tot amount of vasculature (9669.4055) < quality threshold 
processing: 5405874_21015_1_0.png
  SKIPPING IMAGE: tot amount of vasculature (6665.6599) < quality threshold 
processing: 5405838_21016_1_0.png
processing: 5405838_21015_1_0.png
processing: 5405807_21016_0_0.png
processing: 5405807_21015_0_0.png
processing: 5405710_21016_0_0.png
processing: 5405710_21015_0_0.png
processing: 5405672_21016_0_0.png
processing: 5405672_21015_0_0.png
processing: 5405667_21016_0_0.png
processing: 5405667_21015_0_0.png
processing: 5405655_21016_0_0.png
processing: 5405655_21015_0_0.png
processing: 5405636_21016_0_0.png
processing: 5405636_21015_0_0.png
processing: 5405601_21016_0_0.png
processing: 5405601_21015_0_0.png
  SKIPPING IMAGE: tot amount of vasculature (10089.4828) < quality threshold 
processing: 5405553_21016_1_0.png
  SKIPPING IMAGE: tot amount of vasculature (951.2487) < quality threshold 
processing: 5405553_21016_0_0.png
processing: 5405553_21015_1_0.png
  SKIPPING IMAGE: tot amount of vasculature (6433.8161) < quality threshold 
processing: 5405553_21015_0_0.png
processing: 5405368_21016_0_0.png
processing: 5405368_21015_0_0.png
processing: 5405347_21016_0_0.png
processing: 5405347_21015_0_0.png
processing: 5405200_21016_0_0.png
  SKIPPING IMAGE: tot amount of vasculature (3160.7986) < quality threshold 
processing: 5405200_21015_0_0.png
  SKIPPING IMAGE: tot amount of vasculature (9554.3) < quality threshold 
processing: 5405196_21016_1_0.png
  SKIPPING IMAGE: tot amount of vasculature (2477.5671) < quality threshold 
processing: 5405196_21015_1_0.png
  SKIPPING IMAGE: tot amount of vasculature (238.1752) < quality threshold 
processing: 5405162_21016_0_0.png
  SKIPPING IMAGE: tot amount of vasculature (10035.1194) < quality threshold 
processing: 5405162_21015_0_0.png
processing: 5405139_21016_0_0.png
processing: 5405139_21015_0_0.png
processing: 5405118_21016_0_0.png
  SKIPPING IMAGE: tot amount of vasculature (9537.0008) < quality threshold 
processing: 5405118_21015_0_0.png
  SKIPPING IMAGE: tot amount of vasculature (6962.089) < quality threshold 
processing: 5405104_21016_0_0.png
processing: 5405104_21015_0_0.png
processing: 5405083_21016_1_0.png
processing: 5405083_21015_1_0.png
processing: 5405052_21016_0_0.png
processing: 5405052_21015_0_0.png
processing: 5404988_21016_1_0.png
processing: 5404988_21015_1_0.png
  SKIPPING IMAGE: tot amount of vasculature (9861.4274) < quality threshold 
processing: 5404858_21016_0_0.png
  SKIPPING IMAGE: tot amount of vasculature (10532.4224) < quality threshold 
processing: 5404858_21015_0_0.png
processing: 5404844_21016_1_0.png
  SKIPPING IMAGE: tot amount of vasculature (10178.0053) < quality threshold 
processing: 5404844_21015_1_0.png
  SKIPPING IMAGE: tot amount of vasculature (8777.7775) < quality threshold 
processing: 5404745_21016_0_0.png
processing: 5404745_21015_0_0.png
processing: 5404734_21016_0_0.png
  SKIPPING IMAGE: tot amount of vasculature (7017.311) < quality threshold 
processing: 5404734_21015_0_0.png
  SKIPPING IMAGE: tot amount of vasculature (7050.0418) < quality threshold 
processing: 5404690_21016_0_0.png
processing: 5404690_21015_0_0.png
processing: 5404619_21016_0_0.png
processing: 5404619_21015_0_0.png
  SKIPPING IMAGE: tot amount of vasculature (10833.5076) < quality threshold 
processing: 5404571_21016_0_0.png
processing: 5404571_21015_0_0.png
processing: 5404547_21016_0_0.png
processing: 5404547_21015_0_0.png
processing: 5404470_21016_0_0.png
processing: 5404470_21015_0_0.png
processing: 5404385_21016_1_0.png
  SKIPPING IMAGE: tot amount of vasculature (9743.0248) < quality threshold 
processing: 5404385_21015_1_0.png
processing: 5404318_21016_1_0.png
  SKIPPING IMAGE: tot amount of vasculature (9772.9323) < quality threshold 
processing: 5404318_21015_1_0.png
processing: 5404267_21016_0_0.png
processing: 5404267_21015_0_0.png
processing: 5404248_21016_0_0.png
processing: 5404248_21015_0_0.png
  SKIPPING IMAGE: tot amount of vasculature (10360.5088) < quality threshold 
processing: 5404130_21016_0_0.png
processing: 5404130_21015_0_0.png
processing: 5403974_21016_0_0.png
processing: 5403974_21015_0_0.png
  SKIPPING IMAGE: No vessels found
FINISHED: .mat files have been written to: /data/FAC/FBM/DBC/sbergman/retina/UKBiob/fundus/REVIEW//CLRIS/
execution time: 1630 sec
