------------------------------------------
Setting up environment variables
---
LD_LIBRARY_PATH is .:/software/Development/Languages/Matlab_Compiler_Runtime/96/runtime/glnxa64:/software/Development/Languages/Matlab_Compiler_Runtime/96/bin/glnxa64:/software/Development/Languages/Matlab_Compiler_Runtime/96/sys/os/glnxa64:/software/Development/Languages/Matlab_Compiler_Runtime/96/sys/opengl/lib/glnxa64
Running vessel measurements...
processing: 5446072_21016_1_0.png
  SKIPPING IMAGE: tot amount of vasculature (243.1812) < quality threshold 
processing: 5446072_21015_1_0.png
Warning: No vessels found in 5446072_21015_1_0
> In Vessel_Data_IO.load_from_file (line 183)
  In REVIEW_evaluate_diameter_measurements (line 125)
  In ARIA_run_tests (line 209)
  SKIPPING IMAGE: No vessels found
processing: 5446067_21016_0_0.png
  SKIPPING IMAGE: tot amount of vasculature (4995.1595) < quality threshold 
processing: 5446067_21015_0_0.png
  SKIPPING IMAGE: tot amount of vasculature (2408.9634) < quality threshold 
processing: 5445959_21016_0_0.png
processing: 5445959_21015_0_0.png
processing: 5445916_21016_1_0.png
  SKIPPING IMAGE: tot amount of vasculature (10.1698) < quality threshold 
processing: 5445916_21016_0_1.png
  SKIPPING IMAGE: No vessels found
processing: 5445916_21016_0_0.png
  SKIPPING IMAGE: tot amount of vasculature (5989.7623) < quality threshold 
processing: 5445916_21015_1_0.png
  SKIPPING IMAGE: tot amount of vasculature (5.907) < quality threshold 
processing: 5445916_21015_0_0.png
  SKIPPING IMAGE: tot amount of vasculature (2772.2642) < quality threshold 
processing: 5445772_21016_0_0.png
processing: 5445772_21015_0_0.png
processing: 5445634_21016_0_0.png
processing: 5445634_21015_0_0.png
processing: 5445611_21016_0_0.png
processing: 5445611_21015_0_0.png
processing: 5445549_21016_0_0.png
processing: 5445549_21015_0_0.png
processing: 5445512_21016_0_0.png
processing: 5445512_21015_0_0.png
processing: 5445485_21016_0_0.png
processing: 5445485_21015_0_0.png
processing: 5445418_21016_0_0.png
processing: 5445418_21015_0_0.png
processing: 5445340_21016_0_0.png
processing: 5445340_21015_0_0.png
processing: 5445306_21016_0_0.png
  SKIPPING IMAGE: tot amount of vasculature (5831.5595) < quality threshold 
processing: 5445306_21015_0_0.png
processing: 5445291_21016_0_0.png
processing: 5445291_21015_0_0.png
processing: 5445170_21016_1_0.png
processing: 5445170_21015_1_0.png
processing: 5445141_21016_0_0.png
processing: 5445141_21015_0_0.png
processing: 5445115_21016_0_0.png
processing: 5445115_21015_0_0.png
processing: 5445056_21016_0_0.png
processing: 5445056_21015_0_0.png
processing: 5445038_21016_0_0.png
  SKIPPING IMAGE: tot amount of vasculature (10750.9195) < quality threshold 
processing: 5445038_21015_0_0.png
  SKIPPING IMAGE: tot amount of vasculature (9708.6059) < quality threshold 
processing: 5444921_21016_1_0.png
processing: 5444921_21015_1_0.png
processing: 5444880_21016_0_0.png
processing: 5444880_21015_0_0.png
  SKIPPING IMAGE: tot amount of vasculature (10995.0151) < quality threshold 
processing: 5444867_21016_0_0.png
processing: 5444867_21015_0_0.png
processing: 5444848_21016_1_0.png
  SKIPPING IMAGE: tot amount of vasculature (6082.2179) < quality threshold 
processing: 5444848_21015_1_0.png
processing: 5444836_21016_0_0.png
processing: 5444836_21015_0_0.png
processing: 5444801_21016_0_0.png
processing: 5444801_21015_0_0.png
processing: 5444725_21016_0_0.png
processing: 5444725_21015_0_1.png
  SKIPPING IMAGE: tot amount of vasculature (0.97444) < quality threshold 
processing: 5444725_21015_0_0.png
  SKIPPING IMAGE: tot amount of vasculature (9883.8785) < quality threshold 
processing: 5444719_21016_0_0.png
processing: 5444719_21015_0_0.png
processing: 5444693_21016_1_0.png
  SKIPPING IMAGE: tot amount of vasculature (6893.0757) < quality threshold 
processing: 5444693_21016_0_0.png
  SKIPPING IMAGE: tot amount of vasculature (8812.5076) < quality threshold 
processing: 5444693_21015_1_0.png
  SKIPPING IMAGE: tot amount of vasculature (9939.6591) < quality threshold 
processing: 5444693_21015_0_0.png
  SKIPPING IMAGE: tot amount of vasculature (8291.4411) < quality threshold 
processing: 5444678_21016_1_0.png
processing: 5444678_21015_1_0.png
processing: 5444661_21016_1_0.png
  SKIPPING IMAGE: tot amount of vasculature (5751.6407) < quality threshold 
processing: 5444661_21015_1_0.png
  SKIPPING IMAGE: tot amount of vasculature (5500.6364) < quality threshold 
processing: 5444646_21016_0_0.png
processing: 5444646_21015_0_0.png
  SKIPPING IMAGE: tot amount of vasculature (10990.5634) < quality threshold 
processing: 5444588_21016_1_0.png
processing: 5444588_21015_1_0.png
  SKIPPING IMAGE: tot amount of vasculature (8897.0587) < quality threshold 
processing: 5444531_21016_0_0.png
processing: 5444531_21015_0_0.png
processing: 5444498_21016_0_0.png
processing: 5444498_21015_0_0.png
processing: 5444464_21016_0_0.png
processing: 5444464_21015_0_0.png
processing: 5444353_21016_1_0.png
processing: 5444353_21015_1_0.png
processing: 5444276_21016_0_0.png
processing: 5444276_21015_0_0.png
processing: 5444228_21016_0_0.png
processing: 5444228_21015_0_0.png
  SKIPPING IMAGE: tot amount of vasculature (8437.7388) < quality threshold 
processing: 5444168_21016_0_0.png
  SKIPPING IMAGE: tot amount of vasculature (9968.3604) < quality threshold 
processing: 5444168_21015_0_0.png
processing: 5444069_21016_0_0.png
  SKIPPING IMAGE: tot amount of vasculature (5890.1144) < quality threshold 
processing: 5444069_21015_0_0.png
processing: 5443917_21016_0_0.png
processing: 5443917_21015_0_0.png
processing: 5443895_21016_0_0.png
processing: 5443895_21015_0_0.png
processing: 5443816_21016_0_0.png
processing: 5443816_21015_0_0.png
processing: 5443766_21016_0_0.png
processing: 5443766_21015_0_0.png
processing: 5443741_21016_0_0.png
processing: 5443741_21015_0_0.png
processing: 5443604_21016_0_0.png
  SKIPPING IMAGE: tot amount of vasculature (3594.7467) < quality threshold 
processing: 5443604_21015_0_0.png
  SKIPPING IMAGE: tot amount of vasculature (2483.5495) < quality threshold 
processing: 5443587_21016_0_0.png
processing: 5443587_21015_0_0.png
  SKIPPING IMAGE: tot amount of vasculature (6943.7029) < quality threshold 
processing: 5443544_21016_0_0.png
processing: 5443544_21015_0_0.png
processing: 5443428_21016_0_0.png
processing: 5443428_21015_0_0.png
processing: 5443411_21016_0_0.png
processing: 5443411_21015_0_0.png
processing: 5443390_21016_1_0.png
processing: 5443390_21015_1_0.png
processing: 5443356_21016_0_0.png
processing: 5443356_21015_0_0.png
processing: 5443342_21016_0_0.png
processing: 5443342_21015_0_0.png
processing: 5443286_21016_0_0.png
processing: 5443286_21015_0_0.png
processing: 5443227_21016_0_0.png
processing: 5443227_21015_0_0.png
processing: 5443040_21016_0_0.png
processing: 5443040_21015_0_0.png
processing: 5442973_21016_0_0.png
  SKIPPING IMAGE: tot amount of vasculature (6785.1048) < quality threshold 
processing: 5442973_21015_0_0.png
processing: 5442949_21016_0_0.png
processing: 5442949_21015_0_0.png
processing: 5442912_21016_0_0.png
processing: 5442912_21015_0_0.png
processing: 5442905_21016_0_0.png
processing: 5442905_21015_0_0.png
processing: 5442863_21016_1_0.png
  SKIPPING IMAGE: tot amount of vasculature (4737.9393) < quality threshold 
processing: 5442863_21015_1_0.png
  SKIPPING IMAGE: tot amount of vasculature (9726.5496) < quality threshold 
processing: 5442807_21015_0_0.png
  SKIPPING IMAGE: tot amount of vasculature (7312.9426) < quality threshold 
processing: 5442703_21016_0_0.png
processing: 5442703_21015_0_0.png
processing: 5442667_21016_0_0.png
processing: 5442667_21015_0_0.png
processing: 5442636_21016_0_0.png
processing: 5442636_21015_0_0.png
  SKIPPING IMAGE: tot amount of vasculature (6838.2906) < quality threshold 
processing: 5442613_21016_0_0.png
processing: 5442613_21015_0_0.png
processing: 5442541_21016_0_0.png
  SKIPPING IMAGE: tot amount of vasculature (7421.9049) < quality threshold 
processing: 5442541_21015_0_0.png
  SKIPPING IMAGE: tot amount of vasculature (2305.9841) < quality threshold 
processing: 5442431_21016_0_0.png
processing: 5442431_21015_0_0.png
processing: 5442423_21016_0_0.png
  SKIPPING IMAGE: tot amount of vasculature (2560.8453) < quality threshold 
processing: 5442423_21015_0_0.png
  SKIPPING IMAGE: tot amount of vasculature (5865.1418) < quality threshold 
processing: 5442414_21016_0_0.png
processing: 5442414_21015_0_0.png
processing: 5442395_21016_0_0.png
  SKIPPING IMAGE: tot amount of vasculature (6882.1162) < quality threshold 
processing: 5442395_21015_0_0.png
  SKIPPING IMAGE: tot amount of vasculature (4905.7712) < quality threshold 
processing: 5442316_21016_0_0.png
processing: 5442316_21015_0_0.png
processing: 5442217_21016_0_0.png
processing: 5442217_21015_0_0.png
processing: 5442196_21016_0_0.png
processing: 5442196_21015_0_0.png
processing: 5442177_21016_1_0.png
  SKIPPING IMAGE: tot amount of vasculature (8923.2385) < quality threshold 
processing: 5442177_21015_1_0.png
  SKIPPING IMAGE: tot amount of vasculature (9183.8149) < quality threshold 
processing: 5442150_21016_0_0.png
processing: 5442150_21015_0_0.png
processing: 5442083_21016_0_0.png
processing: 5442083_21015_0_0.png
processing: 5442011_21016_0_0.png
processing: 5442011_21015_0_0.png
processing: 5441987_21016_0_0.png
processing: 5441987_21015_0_0.png
  SKIPPING IMAGE: tot amount of vasculature (8215.5154) < quality threshold 
processing: 5441814_21016_0_0.png
  SKIPPING IMAGE: tot amount of vasculature (2373.4688) < quality threshold 
processing: 5441814_21015_0_0.png
  SKIPPING IMAGE: tot amount of vasculature (4958.0015) < quality threshold 
processing: 5441637_21016_0_0.png
processing: 5441637_21015_0_0.png
processing: 5441608_21016_0_0.png
processing: 5441608_21015_0_0.png
processing: 5441572_21016_0_0.png
processing: 5441572_21015_0_0.png
  SKIPPING IMAGE: tot amount of vasculature (4264.6387) < quality threshold 
processing: 5441555_21016_0_0.png
processing: 5441555_21015_0_0.png
processing: 5441474_21016_0_0.png
processing: 5441474_21015_0_0.png
processing: 5441442_21016_0_0.png
processing: 5441442_21015_0_0.png
processing: 5441419_21016_1_0.png
processing: 5441419_21016_0_0.png
processing: 5441419_21015_1_0.png
processing: 5441419_21015_0_0.png
processing: 5441393_21016_1_0.png
  SKIPPING IMAGE: tot amount of vasculature (10492.4599) < quality threshold 
processing: 5441393_21015_1_0.png
processing: 5441361_21016_1_0.png
processing: 5441361_21015_1_0.png
processing: 5441317_21016_0_0.png
processing: 5441317_21015_0_0.png
processing: 5441233_21016_0_0.png
processing: 5441233_21015_0_0.png
processing: 5441134_21016_0_0.png
processing: 5441134_21015_0_0.png
processing: 5441111_21016_0_0.png
  SKIPPING IMAGE: tot amount of vasculature (3859.4174) < quality threshold 
processing: 5441111_21015_0_0.png
  SKIPPING IMAGE: tot amount of vasculature (7936.915) < quality threshold 
processing: 5441096_21016_0_0.png
processing: 5441096_21015_0_0.png
  SKIPPING IMAGE: tot amount of vasculature (4892.4424) < quality threshold 
processing: 5441018_21016_0_0.png
processing: 5441018_21015_0_0.png
processing: 5440990_21016_0_0.png
  SKIPPING IMAGE: No vessels found
processing: 5440990_21015_0_0.png
  SKIPPING IMAGE: tot amount of vasculature (874.3335) < quality threshold 
processing: 5440981_21016_1_0.png
  SKIPPING IMAGE: tot amount of vasculature (12.5498) < quality threshold 
processing: 5440981_21015_1_0.png
  SKIPPING IMAGE: tot amount of vasculature (36.4837) < quality threshold 
processing: 5440777_21016_1_0.png
processing: 5440777_21015_1_0.png
processing: 5440762_21016_0_0.png
processing: 5440762_21015_0_0.png
processing: 5440688_21016_1_0.png
processing: 5440688_21015_1_0.png
processing: 5440640_21016_0_0.png
processing: 5440640_21015_0_0.png
processing: 5440606_21016_1_0.png
  SKIPPING IMAGE: tot amount of vasculature (9509.6321) < quality threshold 
processing: 5440606_21015_1_0.png
processing: 5440499_21016_1_0.png
  SKIPPING IMAGE: tot amount of vasculature (4.3429) < quality threshold 
processing: 5440499_21015_1_0.png
  SKIPPING IMAGE: No vessels found
processing: 5440455_21016_1_0.png
processing: 5440455_21015_1_0.png
processing: 5440436_21016_0_0.png
processing: 5440436_21015_0_0.png
processing: 5440383_21016_1_0.png
processing: 5440383_21016_0_0.png
processing: 5440383_21015_1_0.png
processing: 5440383_21015_0_0.png
processing: 5440345_21016_0_0.png
processing: 5440266_21016_0_0.png
  SKIPPING IMAGE: tot amount of vasculature (9169.0845) < quality threshold 
processing: 5440266_21015_0_0.png
  SKIPPING IMAGE: tot amount of vasculature (8586.8593) < quality threshold 
processing: 5440237_21016_0_0.png
processing: 5440237_21015_0_0.png
processing: 5440229_21016_0_0.png
processing: 5440229_21015_0_0.png
processing: 5440103_21016_0_0.png
processing: 5440103_21015_0_0.png
  SKIPPING IMAGE: tot amount of vasculature (10102.8312) < quality threshold 
processing: 5440016_21016_0_0.png
processing: 5439979_21016_0_0.png
processing: 5439979_21015_0_0.png
processing: 5439965_21016_0_0.png
processing: 5439965_21015_0_0.png
processing: 5439931_21016_1_0.png
  SKIPPING IMAGE: tot amount of vasculature (8134.036) < quality threshold 
processing: 5439931_21016_0_0.png
  SKIPPING IMAGE: tot amount of vasculature (7165.2986) < quality threshold 
processing: 5439931_21015_1_0.png
  SKIPPING IMAGE: tot amount of vasculature (7024.8564) < quality threshold 
processing: 5439931_21015_0_0.png
  SKIPPING IMAGE: tot amount of vasculature (4861.0881) < quality threshold 
processing: 5439887_21016_0_0.png
processing: 5439887_21015_0_0.png
processing: 5439783_21016_0_0.png
processing: 5439783_21015_0_0.png
processing: 5439776_21016_0_0.png
processing: 5439776_21015_0_0.png
processing: 5439734_21016_1_0.png
processing: 5439734_21015_1_0.png
processing: 5439711_21016_0_0.png
processing: 5439711_21015_0_0.png
processing: 5439642_21016_0_0.png
processing: 5439642_21015_0_0.png
processing: 5439607_21016_0_0.png
processing: 5439607_21015_0_0.png
processing: 5439547_21016_0_0.png
  SKIPPING IMAGE: tot amount of vasculature (2301.6355) < quality threshold 
processing: 5439547_21015_0_0.png
  SKIPPING IMAGE: tot amount of vasculature (5051.4452) < quality threshold 
processing: 5439396_21016_0_0.png
processing: 5439396_21015_0_0.png
processing: 5439321_21016_0_0.png
processing: 5439321_21015_0_0.png
processing: 5439255_21016_0_0.png
  SKIPPING IMAGE: tot amount of vasculature (2721.3826) < quality threshold 
processing: 5439255_21015_0_0.png
  SKIPPING IMAGE: tot amount of vasculature (1377.0919) < quality threshold 
processing: 5439248_21016_0_0.png
  SKIPPING IMAGE: tot amount of vasculature (9184.3786) < quality threshold 
processing: 5439248_21015_0_0.png
processing: 5439186_21016_0_0.png
  SKIPPING IMAGE: tot amount of vasculature (8824.6782) < quality threshold 
processing: 5439186_21015_0_0.png
  SKIPPING IMAGE: tot amount of vasculature (7386.3771) < quality threshold 
processing: 5439164_21016_1_0.png
  SKIPPING IMAGE: tot amount of vasculature (9516.2554) < quality threshold 
processing: 5439164_21015_1_0.png
  SKIPPING IMAGE: tot amount of vasculature (6387.6986) < quality threshold 
processing: 5439149_21016_0_0.png
processing: 5439149_21015_0_0.png
processing: 5439112_21016_0_0.png
processing: 5439112_21015_0_0.png
processing: 5439089_21016_0_0.png
processing: 5439089_21015_0_0.png
processing: 5439061_21016_1_0.png
processing: 5439061_21015_1_0.png
processing: 5439046_21016_0_0.png
processing: 5439046_21015_0_0.png
processing: 5438936_21016_0_1.png
  SKIPPING IMAGE: tot amount of vasculature (5231.6319) < quality threshold 
processing: 5438936_21016_0_0.png
  SKIPPING IMAGE: tot amount of vasculature (6660.613) < quality threshold 
processing: 5438936_21015_0_1.png
  SKIPPING IMAGE: tot amount of vasculature (5378.2184) < quality threshold 
processing: 5438936_21015_0_0.png
processing: 5438839_21016_0_0.png
processing: 5438839_21015_0_0.png
processing: 5438784_21016_0_0.png
processing: 5438784_21015_0_0.png
processing: 5438720_21016_0_0.png
  SKIPPING IMAGE: tot amount of vasculature (1987.8539) < quality threshold 
processing: 5438720_21015_0_0.png
processing: 5438583_21016_0_0.png
processing: 5438583_21015_0_0.png
processing: 5438509_21016_0_0.png
processing: 5438509_21015_0_0.png
processing: 5438454_21016_0_0.png
processing: 5438454_21015_0_0.png
processing: 5438446_21016_0_0.png
processing: 5438446_21015_0_0.png
processing: 5438435_21016_0_0.png
  SKIPPING IMAGE: tot amount of vasculature (10301.7493) < quality threshold 
processing: 5438435_21015_0_0.png
processing: 5438400_21016_0_0.png
processing: 5438400_21015_0_0.png
processing: 5438358_21016_0_0.png
FINISHED: .mat files have been written to: /data/FAC/FBM/DBC/sbergman/retina/UKBiob/fundus/REVIEW//CLRIS/
execution time: 1600 sec
