------------------------------------------
Setting up environment variables
---
LD_LIBRARY_PATH is .:/software/Development/Languages/Matlab_Compiler_Runtime/96/runtime/glnxa64:/software/Development/Languages/Matlab_Compiler_Runtime/96/bin/glnxa64:/software/Development/Languages/Matlab_Compiler_Runtime/96/sys/os/glnxa64:/software/Development/Languages/Matlab_Compiler_Runtime/96/sys/opengl/lib/glnxa64
Running vessel measurements...
processing: 2021230_21016_1_0.png
processing: 2021230_21015_1_0.png
processing: 2021180_21016_0_0.png
processing: 2021180_21015_0_0.png
processing: 2021136_21016_0_0.png
processing: 2021136_21015_0_0.png
processing: 2021079_21016_0_0.png
  SKIPPING IMAGE: tot amount of vasculature (6174.9814) < quality threshold 
processing: 2021079_21015_0_0.png
  SKIPPING IMAGE: tot amount of vasculature (8349.1419) < quality threshold 
processing: 2021006_21016_0_0.png
processing: 2021006_21015_0_0.png
processing: 2020894_21016_0_0.png
processing: 2020894_21015_0_0.png
processing: 2020882_21016_0_0.png
processing: 2020882_21015_0_0.png
processing: 2020837_21016_1_0.png
  SKIPPING IMAGE: tot amount of vasculature (8749.7001) < quality threshold 
processing: 2020837_21015_1_0.png
  SKIPPING IMAGE: tot amount of vasculature (10270.1386) < quality threshold 
processing: 2020740_21016_0_0.png
processing: 2020740_21015_0_0.png
processing: 2020714_21016_0_0.png
processing: 2020714_21015_0_0.png
processing: 2020671_21016_0_0.png
processing: 2020671_21015_0_0.png
processing: 2020620_21016_0_0.png
processing: 2020620_21015_0_0.png
processing: 2020542_21015_0_0.png
processing: 2020538_21016_0_0.png
processing: 2020507_21016_0_0.png
processing: 2020507_21015_0_0.png
processing: 2020444_21016_0_0.png
processing: 2020444_21015_0_0.png
processing: 2020410_21016_0_0.png
processing: 2020410_21015_0_0.png
processing: 2020399_21016_0_0.png
processing: 2020399_21015_0_0.png
processing: 2020372_21016_1_0.png
  SKIPPING IMAGE: tot amount of vasculature (9857.9601) < quality threshold 
processing: 2020372_21015_1_0.png
  SKIPPING IMAGE: tot amount of vasculature (9546.0588) < quality threshold 
processing: 2020367_21016_0_0.png
processing: 2020367_21015_0_0.png
processing: 2020250_21016_0_0.png
  SKIPPING IMAGE: tot amount of vasculature (5929.1127) < quality threshold 
processing: 2020250_21015_0_0.png
  SKIPPING IMAGE: tot amount of vasculature (1731.5953) < quality threshold 
processing: 2020178_21016_0_0.png
processing: 2020178_21015_0_0.png
processing: 2020122_21016_0_0.png
processing: 2020122_21015_0_0.png
processing: 2020086_21016_0_0.png
processing: 2020086_21015_0_0.png
processing: 2020073_21016_0_0.png
processing: 2020073_21015_0_0.png
processing: 2020049_21016_1_0.png
processing: 2020049_21015_1_0.png
processing: 2019966_21016_0_0.png
processing: 2019966_21015_0_0.png
  SKIPPING IMAGE: tot amount of vasculature (6289.487) < quality threshold 
processing: 2019717_21016_1_0.png
processing: 2019717_21015_1_0.png
  SKIPPING IMAGE: tot amount of vasculature (7689.0471) < quality threshold 
processing: 2019669_21016_0_0.png
processing: 2019669_21015_0_0.png
processing: 2019585_21016_0_0.png
processing: 2019585_21015_0_0.png
processing: 2019562_21016_0_0.png
processing: 2019562_21015_0_0.png
processing: 2019402_21016_0_0.png
processing: 2019402_21015_0_0.png
processing: 2019351_21016_1_0.png
  SKIPPING IMAGE: tot amount of vasculature (10002.9553) < quality threshold 
processing: 2019351_21015_1_0.png
processing: 2019349_21016_0_0.png
  SKIPPING IMAGE: tot amount of vasculature (3208.5299) < quality threshold 
processing: 2019349_21015_0_0.png
processing: 2019312_21016_0_0.png
processing: 2019312_21015_0_0.png
processing: 2019305_21016_1_0.png
processing: 2019305_21015_1_0.png
processing: 2019242_21016_0_0.png
processing: 2019242_21015_0_0.png
processing: 2019165_21016_0_0.png
  SKIPPING IMAGE: tot amount of vasculature (9630.1689) < quality threshold 
processing: 2019165_21015_0_0.png
  SKIPPING IMAGE: tot amount of vasculature (6394.7497) < quality threshold 
processing: 2019055_21016_0_0.png
processing: 2019055_21015_0_0.png
processing: 2018990_21016_0_0.png
processing: 2018990_21015_0_0.png
  SKIPPING IMAGE: tot amount of vasculature (10880.3794) < quality threshold 
processing: 2018974_21016_1_0.png
processing: 2018974_21016_0_0.png
processing: 2018974_21015_1_0.png
processing: 2018974_21015_0_0.png
processing: 2018919_21016_0_0.png
processing: 2018919_21015_0_0.png
processing: 2018907_21016_0_0.png
processing: 2018907_21015_0_0.png
processing: 2018873_21016_1_0.png
processing: 2018873_21015_1_0.png
processing: 2018851_21016_0_0.png
  SKIPPING IMAGE: tot amount of vasculature (5518.0523) < quality threshold 
processing: 2018851_21015_0_0.png
processing: 2018830_21016_0_0.png
  SKIPPING IMAGE: tot amount of vasculature (6807.9072) < quality threshold 
processing: 2018830_21015_0_0.png
  SKIPPING IMAGE: tot amount of vasculature (4329.6845) < quality threshold 
processing: 2018827_21016_1_0.png
  SKIPPING IMAGE: tot amount of vasculature (6393.2738) < quality threshold 
processing: 2018827_21015_1_0.png
  SKIPPING IMAGE: tot amount of vasculature (9283.8913) < quality threshold 
processing: 2018762_21016_0_0.png
  SKIPPING IMAGE: tot amount of vasculature (2547.5914) < quality threshold 
processing: 2018762_21015_0_0.png
  SKIPPING IMAGE: tot amount of vasculature (8705.6685) < quality threshold 
processing: 2018704_21016_1_0.png
  SKIPPING IMAGE: tot amount of vasculature (6242.3382) < quality threshold 
processing: 2018704_21016_0_0.png
  SKIPPING IMAGE: tot amount of vasculature (9200.7896) < quality threshold 
processing: 2018704_21015_1_0.png
  SKIPPING IMAGE: tot amount of vasculature (9473.0883) < quality threshold 
processing: 2018704_21015_0_0.png
processing: 2018578_21016_0_0.png
processing: 2018578_21015_0_0.png
processing: 2018535_21016_0_0.png
  SKIPPING IMAGE: tot amount of vasculature (273.2078) < quality threshold 
processing: 2018535_21015_0_0.png
  SKIPPING IMAGE: tot amount of vasculature (5726.0895) < quality threshold 
processing: 2018309_21016_0_0.png
  SKIPPING IMAGE: tot amount of vasculature (7930.6316) < quality threshold 
processing: 2018309_21015_0_0.png
  SKIPPING IMAGE: tot amount of vasculature (2535.6337) < quality threshold 
processing: 2018270_21016_1_0.png
processing: 2018270_21015_1_0.png
processing: 2018237_21015_0_0.png
processing: 2018084_21016_0_0.png
processing: 2018084_21015_0_0.png
processing: 2018068_21016_0_0.png
  SKIPPING IMAGE: tot amount of vasculature (16.2625) < quality threshold 
processing: 2018068_21015_0_0.png
  SKIPPING IMAGE: tot amount of vasculature (7436.5801) < quality threshold 
processing: 2018033_21016_0_0.png
processing: 2018033_21015_0_0.png
processing: 2018002_21016_0_0.png
