------------------------------------------
Setting up environment variables
---
LD_LIBRARY_PATH is .:/software/Development/Languages/Matlab_Compiler_Runtime/96/runtime/glnxa64:/software/Development/Languages/Matlab_Compiler_Runtime/96/bin/glnxa64:/software/Development/Languages/Matlab_Compiler_Runtime/96/sys/os/glnxa64:/software/Development/Languages/Matlab_Compiler_Runtime/96/sys/opengl/lib/glnxa64
Running vessel measurements...
processing: 1715463_21015_1_0.png
processing: 1715389_21016_0_0.png
  SKIPPING IMAGE: tot amount of vasculature (10531.6283) < quality threshold 
processing: 1715389_21015_0_0.png
processing: 1715354_21016_1_0.png
processing: 1715354_21015_1_0.png
processing: 1715268_21016_1_0.png
processing: 1715268_21015_1_0.png
  SKIPPING IMAGE: tot amount of vasculature (10042.2907) < quality threshold 
processing: 1715233_21016_0_0.png
  SKIPPING IMAGE: tot amount of vasculature (6189.9048) < quality threshold 
processing: 1715233_21015_0_0.png
processing: 1715111_21016_0_0.png
processing: 1715111_21015_0_0.png
processing: 1715039_21016_0_0.png
processing: 1715039_21015_0_0.png
processing: 1714981_21016_1_0.png
processing: 1714981_21015_1_0.png
processing: 1714974_21016_0_0.png
processing: 1714974_21015_0_0.png
processing: 1714812_21016_0_0.png
processing: 1714812_21015_0_0.png
processing: 1714739_21016_0_0.png
processing: 1714739_21015_0_0.png
processing: 1714721_21016_0_0.png
processing: 1714721_21015_0_0.png
processing: 1714688_21016_0_0.png
processing: 1714688_21015_0_0.png
processing: 1714640_21016_0_0.png
processing: 1714640_21015_0_0.png
processing: 1714614_21016_1_0.png
  SKIPPING IMAGE: tot amount of vasculature (10993.2693) < quality threshold 
processing: 1714614_21016_0_0.png
processing: 1714614_21015_1_0.png
processing: 1714614_21015_0_0.png
processing: 1714500_21016_1_0.png
processing: 1714500_21015_1_0.png
processing: 1714413_21016_1_0.png
processing: 1714413_21015_1_0.png
processing: 1714328_21016_0_0.png
processing: 1714328_21015_0_0.png
processing: 1714229_21016_0_0.png
processing: 1714229_21015_0_0.png
processing: 1714215_21016_0_0.png
processing: 1714215_21015_0_0.png
processing: 1714187_21016_1_0.png
processing: 1714187_21016_0_0.png
processing: 1714187_21015_1_0.png
  SKIPPING IMAGE: tot amount of vasculature (10964.4869) < quality threshold 
processing: 1714187_21015_0_0.png
processing: 1713988_21016_0_0.png
  SKIPPING IMAGE: tot amount of vasculature (7723.801) < quality threshold 
processing: 1713988_21015_0_0.png
  SKIPPING IMAGE: tot amount of vasculature (9524.1169) < quality threshold 
processing: 1713965_21016_0_0.png
  SKIPPING IMAGE: tot amount of vasculature (8771.715) < quality threshold 
processing: 1713965_21015_0_0.png
  SKIPPING IMAGE: tot amount of vasculature (10820.4316) < quality threshold 
processing: 1713931_21016_0_0.png
processing: 1713931_21015_0_0.png
processing: 1713869_21016_1_0.png
processing: 1713869_21015_1_0.png
processing: 1713858_21016_1_0.png
  SKIPPING IMAGE: tot amount of vasculature (7979.0024) < quality threshold 
processing: 1713858_21015_1_0.png
processing: 1713797_21016_0_0.png
processing: 1713797_21015_0_0.png
processing: 1713728_21016_1_0.png
  SKIPPING IMAGE: tot amount of vasculature (1533.9449) < quality threshold 
processing: 1713728_21015_1_0.png
  SKIPPING IMAGE: tot amount of vasculature (3049.3987) < quality threshold 
processing: 1713709_21016_0_0.png
  SKIPPING IMAGE: tot amount of vasculature (4326.685) < quality threshold 
processing: 1713709_21015_0_0.png
  SKIPPING IMAGE: tot amount of vasculature (5426.6259) < quality threshold 
processing: 1713429_21016_0_0.png
processing: 1713429_21015_0_0.png
processing: 1713350_21016_0_0.png
processing: 1713350_21015_0_0.png
processing: 1713255_21016_0_0.png
processing: 1713255_21015_0_0.png
processing: 1713213_21016_0_0.png
  SKIPPING IMAGE: tot amount of vasculature (9023.9474) < quality threshold 
processing: 1713213_21015_0_0.png
  SKIPPING IMAGE: tot amount of vasculature (8338.1611) < quality threshold 
processing: 1713173_21016_0_0.png
  SKIPPING IMAGE: tot amount of vasculature (5993.8418) < quality threshold 
processing: 1713173_21015_0_0.png
  SKIPPING IMAGE: tot amount of vasculature (106.1717) < quality threshold 
processing: 1713151_21016_0_0.png
processing: 1713151_21015_0_0.png
processing: 1712972_21016_0_0.png
processing: 1712972_21015_0_0.png
processing: 1712936_21016_0_0.png
  SKIPPING IMAGE: tot amount of vasculature (4416.1178) < quality threshold 
processing: 1712901_21016_0_0.png
processing: 1712901_21015_0_0.png
processing: 1712759_21016_0_0.png
processing: 1712759_21015_0_0.png
processing: 1712720_21016_1_1.png
  SKIPPING IMAGE: tot amount of vasculature (8142.4355) < quality threshold 
processing: 1712720_21016_1_0.png
  SKIPPING IMAGE: tot amount of vasculature (7123.3886) < quality threshold 
processing: 1712720_21015_1_0.png
  SKIPPING IMAGE: tot amount of vasculature (6383.5059) < quality threshold 
processing: 1712698_21016_0_0.png
  SKIPPING IMAGE: tot amount of vasculature (9787.4542) < quality threshold 
processing: 1712698_21015_0_0.png
processing: 1712560_21016_0_0.png
processing: 1712560_21015_0_0.png
processing: 1712489_21015_1_0.png
  SKIPPING IMAGE: tot amount of vasculature (2950.4401) < quality threshold 
processing: 1712489_21015_0_0.png
  SKIPPING IMAGE: tot amount of vasculature (3183.6772) < quality threshold 
processing: 1712461_21016_1_0.png
processing: 1712461_21015_1_0.png
processing: 1712369_21016_0_0.png
processing: 1712369_21015_0_0.png
processing: 1712344_21016_0_0.png
processing: 1712344_21015_0_0.png
processing: 1712332_21016_0_0.png
processing: 1712332_21015_0_0.png
processing: 1712190_21016_0_0.png
processing: 1712190_21015_0_0.png
processing: 1712015_21016_1_0.png
processing: 1712015_21015_1_0.png
processing: 1711968_21016_0_0.png
  SKIPPING IMAGE: tot amount of vasculature (10465.4603) < quality threshold 
processing: 1711968_21015_0_0.png
processing: 1711916_21016_0_0.png
processing: 1711916_21015_0_0.png
processing: 1711889_21016_0_0.png
processing: 1711889_21015_0_0.png
processing: 1711878_21016_0_0.png
  SKIPPING IMAGE: tot amount of vasculature (2921.4697) < quality threshold 
processing: 1711878_21015_0_0.png
  SKIPPING IMAGE: tot amount of vasculature (6618.0051) < quality threshold 
processing: 1711736_21016_1_0.png
processing: 1711736_21015_1_0.png
processing: 1711645_21016_0_0.png
  SKIPPING IMAGE: tot amount of vasculature (433.188) < quality threshold 
processing: 1711645_21015_0_0.png
  SKIPPING IMAGE: tot amount of vasculature (4224.9039) < quality threshold 
processing: 1711573_21016_1_0.png
processing: 1711573_21015_1_0.png
processing: 1711527_21016_0_0.png
processing: 1711527_21015_0_0.png
processing: 1711477_21016_1_0.png
processing: 1711477_21016_0_0.png
  SKIPPING IMAGE: tot amount of vasculature (9793.712) < quality threshold 
processing: 1711477_21015_1_0.png
processing: 1711477_21015_0_0.png
processing: 1711404_21016_0_0.png
  SKIPPING IMAGE: tot amount of vasculature (9540.0102) < quality threshold 
processing: 1711404_21015_0_0.png
  SKIPPING IMAGE: tot amount of vasculature (1844.5658) < quality threshold 
processing: 1711232_21016_0_0.png
processing: 1711232_21015_0_0.png
processing: 1711210_21016_1_0.png
  SKIPPING IMAGE: tot amount of vasculature (5304.6345) < quality threshold 
processing: 1711210_21015_1_0.png
processing: 1711170_21016_1_0.png
  SKIPPING IMAGE: tot amount of vasculature (3769.9778) < quality threshold 
processing: 1711170_21015_1_0.png
processing: 1711137_21016_0_0.png
processing: 1711137_21015_0_0.png
processing: 1711074_21016_0_0.png
  SKIPPING IMAGE: tot amount of vasculature (9905.5942) < quality threshold 
processing: 1711074_21015_0_0.png
  SKIPPING IMAGE: tot amount of vasculature (10390.3351) < quality threshold 
processing: 1710985_21016_0_0.png
processing: 1710985_21015_0_0.png
processing: 1710962_21016_0_0.png
processing: 1710962_21015_0_0.png
processing: 1710943_21016_1_0.png
processing: 1710943_21016_0_0.png
processing: 1710943_21015_1_0.png
processing: 1710943_21015_0_0.png
processing: 1710918_21016_0_0.png
processing: 1710918_21015_0_0.png
processing: 1710899_21016_0_0.png
processing: 1710899_21015_0_0.png
processing: 1710867_21016_0_0.png
  SKIPPING IMAGE: tot amount of vasculature (8395.0654) < quality threshold 
processing: 1710867_21015_0_0.png
  SKIPPING IMAGE: tot amount of vasculature (7530.2416) < quality threshold 
processing: 1710813_21016_0_0.png
processing: 1710813_21015_0_0.png
processing: 1710790_21016_0_0.png
  SKIPPING IMAGE: tot amount of vasculature (3470.8039) < quality threshold 
processing: 1710790_21015_0_0.png
  SKIPPING IMAGE: tot amount of vasculature (3552.0316) < quality threshold 
processing: 1710774_21016_0_0.png
processing: 1710774_21015_0_0.png
  SKIPPING IMAGE: tot amount of vasculature (10439.7275) < quality threshold 
processing: 1710600_21016_1_0.png
processing: 1710600_21015_1_0.png
processing: 1710531_21016_0_0.png
  SKIPPING IMAGE: tot amount of vasculature (6319.3498) < quality threshold 
processing: 1710531_21015_0_0.png
  SKIPPING IMAGE: tot amount of vasculature (6820.0697) < quality threshold 
processing: 1710506_21016_1_0.png
processing: 1710506_21015_1_0.png
processing: 1710498_21016_1_0.png
processing: 1710498_21015_1_0.png
processing: 1710427_21016_0_0.png
  SKIPPING IMAGE: tot amount of vasculature (4206.5174) < quality threshold 
processing: 1710427_21015_0_0.png
  SKIPPING IMAGE: tot amount of vasculature (2347.5071) < quality threshold 
processing: 1710297_21016_1_0.png
  SKIPPING IMAGE: tot amount of vasculature (9482.4395) < quality threshold 
processing: 1710297_21015_1_0.png
  SKIPPING IMAGE: tot amount of vasculature (6914.7762) < quality threshold 
processing: 1710211_21016_0_0.png
processing: 1710211_21015_0_0.png
processing: 1710195_21016_1_0.png
processing: 1710195_21015_1_0.png
processing: 1710171_21016_0_0.png
processing: 1710171_21015_0_0.png
processing: 1710120_21016_0_0.png
processing: 1710120_21015_0_0.png
processing: 1710091_21016_0_0.png
processing: 1710091_21015_0_0.png
processing: 1710010_21016_1_0.png
  SKIPPING IMAGE: tot amount of vasculature (10.7795) < quality threshold 
processing: 1710010_21016_0_0.png
  SKIPPING IMAGE: tot amount of vasculature (8175.2469) < quality threshold 
processing: 1710010_21015_1_0.png
  SKIPPING IMAGE: No vessels found
processing: 1710010_21015_0_0.png
  SKIPPING IMAGE: tot amount of vasculature (3453.499) < quality threshold 
processing: 1709994_21016_0_0.png
  SKIPPING IMAGE: tot amount of vasculature (4015.8677) < quality threshold 
processing: 1709994_21015_0_0.png
  SKIPPING IMAGE: tot amount of vasculature (3369.1243) < quality threshold 
processing: 1709982_21016_1_0.png
processing: 1709982_21015_1_0.png
processing: 1709778_21016_0_0.png
  SKIPPING IMAGE: tot amount of vasculature (10006.8923) < quality threshold 
processing: 1709778_21015_0_0.png
  SKIPPING IMAGE: tot amount of vasculature (2885.9066) < quality threshold 
processing: 1709550_21016_0_0.png
processing: 1709550_21015_0_0.png
processing: 1709521_21016_0_0.png
processing: 1709521_21015_0_0.png
processing: 1709471_21016_0_0.png
  SKIPPING IMAGE: tot amount of vasculature (8878.8716) < quality threshold 
processing: 1709471_21015_0_0.png
  SKIPPING IMAGE: tot amount of vasculature (2455.7516) < quality threshold 
processing: 1709468_21016_0_0.png
processing: 1709468_21015_0_0.png
processing: 1709447_21016_0_0.png
processing: 1709447_21015_0_0.png
  SKIPPING IMAGE: tot amount of vasculature (10679.5582) < quality threshold 
processing: 1709398_21016_0_0.png
  SKIPPING IMAGE: tot amount of vasculature (10897.1615) < quality threshold 
processing: 1709398_21015_0_0.png
  SKIPPING IMAGE: tot amount of vasculature (6857.6819) < quality threshold 
processing: 1709312_21016_1_0.png
processing: 1709312_21015_1_0.png
processing: 1709274_21016_0_0.png
processing: 1709274_21015_0_0.png
processing: 1709256_21016_0_0.png
processing: 1709256_21015_0_0.png
processing: 1709238_21016_0_0.png
processing: 1709238_21015_0_0.png
  SKIPPING IMAGE: tot amount of vasculature (9418.0135) < quality threshold 
processing: 1709179_21016_0_0.png
processing: 1709179_21015_0_0.png
  SKIPPING IMAGE: tot amount of vasculature (5672.469) < quality threshold 
processing: 1708974_21016_0_0.png
processing: 1708974_21015_0_0.png
processing: 1708956_21016_1_0.png
processing: 1708956_21015_1_0.png
processing: 1708851_21016_0_0.png
processing: 1708851_21015_0_0.png
processing: 1708718_21016_0_0.png
  SKIPPING IMAGE: tot amount of vasculature (10473.7832) < quality threshold 
processing: 1708718_21015_0_0.png
processing: 1708692_21016_0_0.png
processing: 1708692_21015_0_0.png
processing: 1708688_21016_1_0.png
  SKIPPING IMAGE: tot amount of vasculature (9772.3041) < quality threshold 
processing: 1708688_21015_1_0.png
processing: 1708631_21016_1_0.png
  SKIPPING IMAGE: tot amount of vasculature (5075.8906) < quality threshold 
processing: 1708631_21015_1_0.png
  SKIPPING IMAGE: tot amount of vasculature (4550.0069) < quality threshold 
processing: 1708614_21016_0_0.png
processing: 1708614_21015_0_0.png
processing: 1708480_21016_0_0.png
processing: 1708480_21015_0_0.png
processing: 1708467_21016_0_0.png
processing: 1708467_21015_0_0.png
processing: 1708424_21016_1_0.png
processing: 1708424_21015_1_0.png
processing: 1708413_21016_0_0.png
processing: 1708413_21015_0_0.png
  SKIPPING IMAGE: tot amount of vasculature (10713.8645) < quality threshold 
processing: 1708360_21016_0_0.png
  SKIPPING IMAGE: tot amount of vasculature (3440.9575) < quality threshold 
processing: 1708360_21015_0_0.png
  SKIPPING IMAGE: tot amount of vasculature (3129.5516) < quality threshold 
processing: 1708352_21016_0_0.png
processing: 1708352_21015_0_0.png
processing: 1708266_21016_1_0.png
processing: 1708266_21016_0_0.png
processing: 1708266_21015_1_0.png
processing: 1708266_21015_0_0.png
processing: 1708191_21016_1_0.png
  SKIPPING IMAGE: tot amount of vasculature (553.0367) < quality threshold 
processing: 1708191_21015_1_0.png
  SKIPPING IMAGE: tot amount of vasculature (1334.5771) < quality threshold 
processing: 1708169_21016_0_0.png
processing: 1708169_21015_0_0.png
processing: 1708144_21016_0_0.png
processing: 1708144_21015_0_0.png
processing: 1707996_21016_1_0.png
processing: 1707996_21016_0_0.png
processing: 1707996_21015_1_0.png
processing: 1707996_21015_0_0.png
processing: 1707939_21016_0_0.png
  SKIPPING IMAGE: tot amount of vasculature (8985.6687) < quality threshold 
processing: 1707939_21015_0_0.png
  SKIPPING IMAGE: tot amount of vasculature (2883.1723) < quality threshold 
processing: 1707921_21016_1_0.png
processing: 1707921_21015_1_0.png
processing: 1707899_21016_1_0.png
processing: 1707899_21015_1_0.png
processing: 1707867_21016_0_0.png
  SKIPPING IMAGE: tot amount of vasculature (10944.6159) < quality threshold 
processing: 1707867_21015_0_0.png
  SKIPPING IMAGE: tot amount of vasculature (8028.7351) < quality threshold 
processing: 1707836_21016_1_0.png
processing: 1707836_21015_1_0.png
  SKIPPING IMAGE: tot amount of vasculature (9340.6741) < quality threshold 
processing: 1707824_21016_0_0.png
processing: 1707824_21015_0_0.png
processing: 1707790_21015_0_0.png
  SKIPPING IMAGE: tot amount of vasculature (6027.15) < quality threshold 
processing: 1707781_21016_1_0.png
  SKIPPING IMAGE: tot amount of vasculature (3090.0687) < quality threshold 
processing: 1707781_21015_1_0.png
  SKIPPING IMAGE: tot amount of vasculature (10934.4101) < quality threshold 
processing: 1707719_21016_0_0.png
processing: 1707719_21015_0_0.png
processing: 1707579_21016_1_0.png
  SKIPPING IMAGE: tot amount of vasculature (5488.3753) < quality threshold 
processing: 1707579_21015_1_0.png
  SKIPPING IMAGE: tot amount of vasculature (5529.8112) < quality threshold 
processing: 1707523_21016_0_0.png
  SKIPPING IMAGE: tot amount of vasculature (4135.681) < quality threshold 
processing: 1707523_21015_0_0.png
processing: 1707366_21016_0_0.png
processing: 1707366_21015_0_0.png
processing: 1707337_21016_0_0.png
processing: 1707337_21015_0_0.png
processing: 1707315_21016_0_0.png
  SKIPPING IMAGE: tot amount of vasculature (10482.9225) < quality threshold 
processing: 1707315_21015_0_0.png
  SKIPPING IMAGE: tot amount of vasculature (8624.0329) < quality threshold 
processing: 1707283_21016_1_0.png
processing: 1707283_21015_1_0.png
  SKIPPING IMAGE: tot amount of vasculature (10008.1452) < quality threshold 
processing: 1707234_21016_0_0.png
processing: 1707234_21015_0_0.png
processing: 1707058_21016_0_0.png
processing: 1707058_21015_0_0.png
processing: 1706955_21016_0_0.png
  SKIPPING IMAGE: tot amount of vasculature (8613.3126) < quality threshold 
processing: 1706955_21015_0_0.png
  SKIPPING IMAGE: tot amount of vasculature (10397.4206) < quality threshold 
processing: 1706913_21016_0_0.png
processing: 1706913_21015_0_0.png
processing: 1706850_21016_0_0.png
processing: 1706850_21015_0_0.png
processing: 1706821_21016_0_0.png
  SKIPPING IMAGE: tot amount of vasculature (8826.9594) < quality threshold 
processing: 1706821_21015_0_0.png
  SKIPPING IMAGE: tot amount of vasculature (3556.2476) < quality threshold 
processing: 1706768_21016_0_0.png
processing: 1706768_21015_0_0.png
processing: 1706576_21016_1_0.png
processing: 1706576_21015_1_0.png
processing: 1706534_21016_0_0.png
processing: 1706534_21015_0_0.png
processing: 1706478_21016_1_0.png
  SKIPPING IMAGE: tot amount of vasculature (10978.8959) < quality threshold 
processing: 1706478_21015_1_0.png
processing: 1706344_21016_0_0.png
processing: 1706344_21015_0_0.png
FINISHED: .mat files have been written to: /data/FAC/FBM/DBC/sbergman/retina/UKBiob/fundus/REVIEW//CLRIS/
execution time: 2197 sec
