------------------------------------------
Setting up environment variables
---
LD_LIBRARY_PATH is .:/software/Development/Languages/Matlab_Compiler_Runtime/96/runtime/glnxa64:/software/Development/Languages/Matlab_Compiler_Runtime/96/bin/glnxa64:/software/Development/Languages/Matlab_Compiler_Runtime/96/sys/os/glnxa64:/software/Development/Languages/Matlab_Compiler_Runtime/96/sys/opengl/lib/glnxa64
Running vessel measurements...
processing: 4532174_21015_0_0.png
processing: 4532125_21016_1_0.png
  SKIPPING IMAGE: tot amount of vasculature (5436.3088) < quality threshold 
processing: 4532125_21015_1_0.png
processing: 4532107_21016_0_0.png
processing: 4532107_21015_0_0.png
processing: 4532070_21016_0_0.png
processing: 4532070_21015_0_0.png
processing: 4532037_21016_0_0.png
processing: 4532037_21015_0_0.png
processing: 4531846_21016_0_0.png
processing: 4531846_21015_0_0.png
processing: 4531748_21016_0_0.png
  SKIPPING IMAGE: tot amount of vasculature (9619.9947) < quality threshold 
processing: 4531748_21015_0_1.png
  SKIPPING IMAGE: tot amount of vasculature (1459.2747) < quality threshold 
processing: 4531748_21015_0_0.png
  SKIPPING IMAGE: tot amount of vasculature (2755.9639) < quality threshold 
processing: 4531736_21016_0_0.png
processing: 4531736_21015_0_0.png
processing: 4531701_21016_0_0.png
processing: 4531701_21015_0_0.png
processing: 4531611_21016_0_0.png
processing: 4531611_21015_0_0.png
processing: 4531609_21016_0_0.png
processing: 4531609_21015_0_0.png
processing: 4531564_21016_0_0.png
processing: 4531564_21015_0_0.png
processing: 4531462_21016_0_0.png
  SKIPPING IMAGE: tot amount of vasculature (4535.6311) < quality threshold 
processing: 4531462_21015_0_0.png
processing: 4531450_21016_1_0.png
processing: 4531450_21016_0_0.png
processing: 4531450_21015_1_0.png
processing: 4531450_21015_0_0.png
processing: 4531379_21016_0_0.png
processing: 4531379_21015_0_0.png
processing: 4531340_21016_0_0.png
  SKIPPING IMAGE: tot amount of vasculature (9948.3832) < quality threshold 
processing: 4531340_21015_0_0.png
  SKIPPING IMAGE: tot amount of vasculature (9268.6212) < quality threshold 
processing: 4531269_21016_0_0.png
processing: 4531269_21015_0_0.png
processing: 4531170_21016_1_0.png
  SKIPPING IMAGE: tot amount of vasculature (5736.6069) < quality threshold 
processing: 4531170_21016_0_0.png
  SKIPPING IMAGE: tot amount of vasculature (2682.1429) < quality threshold 
processing: 4531170_21015_1_0.png
  SKIPPING IMAGE: tot amount of vasculature (4166.4734) < quality threshold 
processing: 4531170_21015_0_0.png
  SKIPPING IMAGE: tot amount of vasculature (1104.7112) < quality threshold 
processing: 4531115_21016_1_0.png
processing: 4531115_21016_0_0.png
processing: 4531115_21015_1_0.png
processing: 4531115_21015_0_0.png
processing: 4531074_21016_0_0.png
processing: 4531074_21015_0_0.png
  SKIPPING IMAGE: tot amount of vasculature (10712.7421) < quality threshold 
processing: 4530977_21016_0_1.png
  SKIPPING IMAGE: tot amount of vasculature (1348.532) < quality threshold 
processing: 4530977_21016_0_0.png
  SKIPPING IMAGE: tot amount of vasculature (57.1835) < quality threshold 
processing: 4530977_21015_0_0.png
  SKIPPING IMAGE: tot amount of vasculature (1753.0571) < quality threshold 
processing: 4530939_21016_0_0.png
processing: 4530939_21015_0_0.png
processing: 4530904_21016_0_0.png
processing: 4530904_21015_0_0.png
processing: 4530867_21016_0_0.png
processing: 4530867_21015_0_0.png
processing: 4530855_21016_0_1.png
  SKIPPING IMAGE: tot amount of vasculature (9705.4315) < quality threshold 
processing: 4530855_21016_0_0.png
  SKIPPING IMAGE: tot amount of vasculature (10365.8725) < quality threshold 
processing: 4530855_21015_0_0.png
processing: 4530781_21016_0_0.png
processing: 4530781_21015_0_0.png
processing: 4530763_21016_0_0.png
  SKIPPING IMAGE: tot amount of vasculature (8055.6767) < quality threshold 
processing: 4530763_21015_0_0.png
processing: 4530738_21016_0_0.png
  SKIPPING IMAGE: tot amount of vasculature (9534.708) < quality threshold 
processing: 4530738_21015_0_0.png
  SKIPPING IMAGE: tot amount of vasculature (3520.9684) < quality threshold 
processing: 4530719_21016_0_0.png
processing: 4530719_21015_0_0.png
processing: 4530707_21016_0_0.png
processing: 4530707_21015_0_0.png
processing: 4530617_21016_0_0.png
  SKIPPING IMAGE: tot amount of vasculature (10726.2979) < quality threshold 
processing: 4530617_21015_0_0.png
  SKIPPING IMAGE: tot amount of vasculature (8514.9467) < quality threshold 
processing: 4530565_21016_0_0.png
processing: 4530565_21015_0_0.png
processing: 4530540_21016_0_0.png
processing: 4530540_21015_0_0.png
processing: 4530514_21016_1_0.png
processing: 4530514_21016_0_0.png
processing: 4530514_21015_1_0.png
processing: 4530514_21015_0_0.png
processing: 4530506_21016_0_0.png
processing: 4530506_21015_0_0.png
processing: 4530464_21016_0_0.png
processing: 4530464_21015_0_0.png
processing: 4530412_21016_0_0.png
  SKIPPING IMAGE: tot amount of vasculature (6927.0409) < quality threshold 
processing: 4530412_21015_0_0.png
  SKIPPING IMAGE: tot amount of vasculature (6296.6549) < quality threshold 
processing: 4530394_21016_1_0.png
  SKIPPING IMAGE: tot amount of vasculature (5705.5608) < quality threshold 
processing: 4530394_21015_1_0.png
  SKIPPING IMAGE: tot amount of vasculature (9213.5776) < quality threshold 
processing: 4530329_21016_0_0.png
processing: 4530329_21015_0_0.png
processing: 4530228_21016_0_0.png
processing: 4530228_21015_0_0.png
  SKIPPING IMAGE: tot amount of vasculature (9990.7319) < quality threshold 
processing: 4530211_21016_0_0.png
processing: 4530211_21015_0_0.png
processing: 4530120_21016_1_0.png
processing: 4530120_21015_1_0.png
processing: 4530032_21016_0_0.png
processing: 4530032_21015_0_0.png
  SKIPPING IMAGE: tot amount of vasculature (10040.6132) < quality threshold 
processing: 4529984_21016_0_0.png
  SKIPPING IMAGE: tot amount of vasculature (8561.4996) < quality threshold 
processing: 4529984_21015_0_0.png
  SKIPPING IMAGE: tot amount of vasculature (7899.7856) < quality threshold 
processing: 4529947_21016_0_0.png
processing: 4529947_21015_0_0.png
processing: 4529835_21016_0_0.png
processing: 4529835_21015_0_0.png
processing: 4529800_21016_1_0.png
  SKIPPING IMAGE: tot amount of vasculature (327.0434) < quality threshold 
processing: 4529800_21015_1_0.png
  SKIPPING IMAGE: tot amount of vasculature (2677.0922) < quality threshold 
processing: 4529724_21016_0_1.png
  SKIPPING IMAGE: tot amount of vasculature (5854.7094) < quality threshold 
processing: 4529724_21016_0_0.png
  SKIPPING IMAGE: tot amount of vasculature (5991.9603) < quality threshold 
processing: 4529724_21015_0_0.png
processing: 4529683_21016_0_0.png
processing: 4529683_21015_0_0.png
processing: 4529598_21016_0_0.png
  SKIPPING IMAGE: tot amount of vasculature (5349.5306) < quality threshold 
processing: 4529598_21015_0_0.png
  SKIPPING IMAGE: tot amount of vasculature (4540.2444) < quality threshold 
processing: 4529573_21016_1_0.png
processing: 4529573_21015_1_0.png
processing: 4529551_21016_0_0.png
processing: 4529551_21015_0_0.png
processing: 4529512_21016_0_0.png
processing: 4529512_21015_0_0.png
processing: 4529505_21016_0_0.png
  SKIPPING IMAGE: tot amount of vasculature (2712.5367) < quality threshold 
processing: 4529505_21015_0_0.png
  SKIPPING IMAGE: tot amount of vasculature (4092.1384) < quality threshold 
processing: 4529462_21016_0_0.png
processing: 4529462_21015_0_0.png
processing: 4529418_21016_1_0.png
processing: 4529418_21015_1_0.png
processing: 4529392_21016_0_0.png
  SKIPPING IMAGE: tot amount of vasculature (10520.6746) < quality threshold 
processing: 4529392_21015_0_0.png
processing: 4529340_21016_0_0.png
processing: 4529340_21015_0_0.png
  SKIPPING IMAGE: tot amount of vasculature (8301.3631) < quality threshold 
processing: 4529258_21016_0_0.png
  SKIPPING IMAGE: tot amount of vasculature (9929.6041) < quality threshold 
processing: 4529258_21015_0_0.png
  SKIPPING IMAGE: tot amount of vasculature (10365.4585) < quality threshold 
processing: 4529056_21016_0_0.png
processing: 4529056_21015_0_0.png
processing: 4528888_21016_1_0.png
  SKIPPING IMAGE: tot amount of vasculature (3990.7234) < quality threshold 
processing: 4528888_21015_1_0.png
  SKIPPING IMAGE: tot amount of vasculature (10453.0192) < quality threshold 
processing: 4528764_21016_0_0.png
processing: 4528764_21015_0_0.png
processing: 4528751_21016_0_0.png
  SKIPPING IMAGE: tot amount of vasculature (10298.1915) < quality threshold 
processing: 4528751_21015_0_0.png
  SKIPPING IMAGE: tot amount of vasculature (8576.9116) < quality threshold 
processing: 4528730_21016_0_0.png
processing: 4528730_21015_0_0.png
processing: 4528682_21016_1_0.png
processing: 4528682_21015_1_0.png
processing: 4528666_21016_0_0.png
processing: 4528666_21015_0_0.png
processing: 4528629_21016_0_0.png
processing: 4528629_21015_0_0.png
processing: 4528615_21016_0_0.png
processing: 4528615_21015_0_0.png
  SKIPPING IMAGE: tot amount of vasculature (5616.9628) < quality threshold 
processing: 4528580_21016_0_0.png
  SKIPPING IMAGE: tot amount of vasculature (3050.4025) < quality threshold 
processing: 4528580_21015_0_0.png
  SKIPPING IMAGE: tot amount of vasculature (9310.4184) < quality threshold 
processing: 4528501_21016_0_0.png
processing: 4528501_21015_0_0.png
processing: 4528425_21016_0_0.png
processing: 4528425_21015_0_0.png
processing: 4528284_21016_1_0.png
processing: 4528284_21015_1_0.png
processing: 4528220_21016_0_0.png
processing: 4528220_21015_0_0.png
processing: 4528216_21015_0_0.png
  SKIPPING IMAGE: tot amount of vasculature (7137.7336) < quality threshold 
processing: 4528202_21016_1_0.png
processing: 4528202_21015_1_0.png
processing: 4527951_21016_0_0.png
processing: 4527951_21015_0_0.png
processing: 4527912_21016_0_0.png
processing: 4527912_21015_0_0.png
  SKIPPING IMAGE: tot amount of vasculature (10715.7656) < quality threshold 
processing: 4527905_21016_1_0.png
processing: 4527905_21015_1_0.png
processing: 4527856_21016_0_0.png
processing: 4527856_21015_0_0.png
processing: 4527791_21016_0_0.png
processing: 4527791_21015_0_0.png
processing: 4527508_21016_1_0.png
processing: 4527508_21015_1_0.png
processing: 4527414_21016_0_0.png
processing: 4527414_21015_0_0.png
processing: 4527333_21016_0_0.png
processing: 4527333_21015_0_0.png
processing: 4527293_21016_1_0.png
processing: 4527293_21015_1_0.png
processing: 4527217_21016_1_0.png
  SKIPPING IMAGE: tot amount of vasculature (9774.9222) < quality threshold 
processing: 4527217_21016_0_0.png
processing: 4527217_21015_1_0.png
processing: 4527217_21015_0_0.png
processing: 4527139_21016_0_0.png
processing: 4527139_21015_0_0.png
processing: 4527028_21016_0_0.png
processing: 4527028_21015_0_0.png
processing: 4526907_21016_0_0.png
processing: 4526907_21015_0_0.png
processing: 4526873_21016_0_0.png
  SKIPPING IMAGE: tot amount of vasculature (10655.4922) < quality threshold 
processing: 4526873_21015_0_0.png
  SKIPPING IMAGE: tot amount of vasculature (9586.1951) < quality threshold 
processing: 4526851_21016_0_1.png
  SKIPPING IMAGE: tot amount of vasculature (4074.6365) < quality threshold 
processing: 4526851_21016_0_0.png
  SKIPPING IMAGE: tot amount of vasculature (1680.302) < quality threshold 
processing: 4526851_21015_0_0.png
  SKIPPING IMAGE: tot amount of vasculature (8620.1783) < quality threshold 
processing: 4526777_21016_0_0.png
  SKIPPING IMAGE: tot amount of vasculature (9388.3173) < quality threshold 
processing: 4526777_21015_0_0.png
processing: 4526721_21016_0_0.png
processing: 4526721_21015_0_0.png
processing: 4526657_21016_0_0.png
processing: 4526657_21015_0_0.png
processing: 4526578_21016_0_0.png
processing: 4526578_21015_0_0.png
processing: 4526554_21016_0_0.png
processing: 4526554_21015_0_0.png
processing: 4526413_21016_0_0.png
processing: 4526413_21015_0_0.png
processing: 4526401_21016_0_0.png
  SKIPPING IMAGE: tot amount of vasculature (10578.4111) < quality threshold 
processing: 4526401_21015_0_0.png
  SKIPPING IMAGE: tot amount of vasculature (4824.0957) < quality threshold 
processing: 4526309_21016_0_0.png
processing: 4526266_21016_0_0.png
processing: 4526266_21015_0_0.png
processing: 4526208_21016_0_0.png
processing: 4526208_21015_0_0.png
processing: 4526071_21016_0_0.png
processing: 4526071_21015_0_0.png
processing: 4526059_21016_0_0.png
processing: 4526059_21015_0_0.png
processing: 4526002_21016_1_0.png
processing: 4526002_21015_1_0.png
  SKIPPING IMAGE: tot amount of vasculature (2780.8107) < quality threshold 
processing: 4525967_21016_1_0.png
  SKIPPING IMAGE: tot amount of vasculature (5647.5802) < quality threshold 
processing: 4525967_21015_1_0.png
processing: 4525948_21016_0_0.png
processing: 4525948_21015_0_0.png
processing: 4525913_21016_0_0.png
processing: 4525913_21015_0_0.png
processing: 4525850_21016_0_0.png
processing: 4525850_21015_0_0.png
processing: 4525843_21016_0_0.png
processing: 4525843_21015_0_0.png
processing: 4525795_21016_0_0.png
processing: 4525795_21015_0_0.png
processing: 4525768_21016_1_0.png
  SKIPPING IMAGE: tot amount of vasculature (9615.4421) < quality threshold 
processing: 4525768_21015_1_0.png
processing: 4525493_21016_0_0.png
processing: 4525493_21015_0_0.png
processing: 4525391_21016_0_0.png
processing: 4525391_21015_0_0.png
processing: 4525375_21016_1_0.png
processing: 4525375_21016_0_0.png
processing: 4525375_21015_1_0.png
processing: 4525375_21015_0_0.png
processing: 4525358_21016_0_1.png
  SKIPPING IMAGE: tot amount of vasculature (10826.2965) < quality threshold 
processing: 4525358_21016_0_0.png
  SKIPPING IMAGE: tot amount of vasculature (4895.1758) < quality threshold 
processing: 4525358_21015_0_0.png
processing: 4525344_21016_0_0.png
  SKIPPING IMAGE: tot amount of vasculature (7929.8208) < quality threshold 
processing: 4525344_21015_0_0.png
processing: 4525326_21016_0_0.png
  SKIPPING IMAGE: tot amount of vasculature (9530.6982) < quality threshold 
processing: 4525326_21015_0_0.png
processing: 4525303_21016_0_0.png
  SKIPPING IMAGE: tot amount of vasculature (1541.8335) < quality threshold 
processing: 4525303_21015_0_0.png
  SKIPPING IMAGE: tot amount of vasculature (5596.0825) < quality threshold 
processing: 4525231_21016_0_0.png
  SKIPPING IMAGE: tot amount of vasculature (2569.8857) < quality threshold 
processing: 4525231_21015_0_0.png
  SKIPPING IMAGE: tot amount of vasculature (10731.732) < quality threshold 
processing: 4525190_21016_0_0.png
processing: 4525190_21015_0_0.png
processing: 4525125_21016_0_0.png
  SKIPPING IMAGE: tot amount of vasculature (5787.7666) < quality threshold 
processing: 4525125_21015_0_0.png
  SKIPPING IMAGE: tot amount of vasculature (4667.7873) < quality threshold 
processing: 4525094_21016_0_0.png
  SKIPPING IMAGE: tot amount of vasculature (4864.8613) < quality threshold 
processing: 4525094_21015_0_0.png
  SKIPPING IMAGE: tot amount of vasculature (2641.5926) < quality threshold 
processing: 4525082_21016_0_0.png
processing: 4525082_21015_0_0.png
processing: 4525070_21016_0_0.png
  SKIPPING IMAGE: tot amount of vasculature (4839.619) < quality threshold 
processing: 4525070_21015_0_0.png
processing: 4525037_21016_1_0.png
processing: 4525037_21015_1_0.png
processing: 4524993_21016_0_0.png
processing: 4524993_21015_0_0.png
  SKIPPING IMAGE: tot amount of vasculature (8947.9383) < quality threshold 
processing: 4524961_21016_1_0.png
processing: 4524961_21015_1_0.png
processing: 4524954_21016_1_0.png
processing: 4524954_21015_1_0.png
processing: 4524900_21016_0_0.png
processing: 4524900_21015_0_0.png
processing: 4524766_21016_0_0.png
  SKIPPING IMAGE: tot amount of vasculature (9738.144) < quality threshold 
processing: 4524766_21015_0_0.png
  SKIPPING IMAGE: tot amount of vasculature (10838.1377) < quality threshold 
processing: 4524708_21016_0_0.png
  SKIPPING IMAGE: tot amount of vasculature (5097.6522) < quality threshold 
processing: 4524708_21015_0_0.png
processing: 4524677_21016_0_0.png
processing: 4524677_21015_0_0.png
processing: 4524575_21016_0_0.png
  SKIPPING IMAGE: tot amount of vasculature (10450.5648) < quality threshold 
processing: 4524575_21015_0_0.png
  SKIPPING IMAGE: tot amount of vasculature (3459.7396) < quality threshold 
processing: 4524497_21016_0_0.png
  SKIPPING IMAGE: tot amount of vasculature (2215.6729) < quality threshold 
processing: 4524497_21015_0_0.png
  SKIPPING IMAGE: tot amount of vasculature (3481.9187) < quality threshold 
processing: 4524476_21016_0_0.png
processing: 4524476_21015_0_0.png
processing: 4524460_21016_1_0.png
processing: 4524460_21015_1_0.png
processing: 4524434_21016_0_0.png
processing: 4524434_21015_0_0.png
processing: 4524409_21016_1_0.png
processing: 4524409_21015_1_0.png
processing: 4524374_21016_0_0.png
processing: 4524374_21015_0_0.png
processing: 4524298_21016_1_0.png
  SKIPPING IMAGE: tot amount of vasculature (6402.7017) < quality threshold 
processing: 4524298_21015_1_0.png
  SKIPPING IMAGE: tot amount of vasculature (7085.3005) < quality threshold 
processing: 4524212_21016_0_0.png
processing: 4524212_21015_0_0.png
processing: 4524205_21016_1_0.png
processing: 4524205_21015_1_0.png
  SKIPPING IMAGE: tot amount of vasculature (556.9755) < quality threshold 
processing: 4524172_21016_0_0.png
processing: 4524172_21015_0_0.png
processing: 4524167_21016_0_0.png
  SKIPPING IMAGE: tot amount of vasculature (4499.9007) < quality threshold 
FINISHED: .mat files have been written to: /data/FAC/FBM/DBC/sbergman/retina/UKBiob/fundus/REVIEW//CLRIS/
execution time: 2641 sec
