------------------------------------------
Setting up environment variables
---
LD_LIBRARY_PATH is .:/software/Development/Languages/Matlab_Compiler_Runtime/96/runtime/glnxa64:/software/Development/Languages/Matlab_Compiler_Runtime/96/bin/glnxa64:/software/Development/Languages/Matlab_Compiler_Runtime/96/sys/os/glnxa64:/software/Development/Languages/Matlab_Compiler_Runtime/96/sys/opengl/lib/glnxa64
Running vessel measurements...
processing: 2714888_21015_0_0.png
processing: 2714840_21016_0_0.png
  SKIPPING IMAGE: tot amount of vasculature (2874.9486) < quality threshold 
processing: 2714840_21015_0_0.png
  SKIPPING IMAGE: tot amount of vasculature (10425.6619) < quality threshold 
processing: 2714798_21016_0_0.png
  SKIPPING IMAGE: tot amount of vasculature (10007.9196) < quality threshold 
processing: 2714798_21015_0_0.png
  SKIPPING IMAGE: tot amount of vasculature (6081.9513) < quality threshold 
processing: 2714773_21016_0_0.png
processing: 2714773_21015_0_0.png
processing: 2714751_21016_0_0.png
processing: 2714751_21015_0_0.png
processing: 2714682_21016_0_0.png
processing: 2714682_21015_0_0.png
processing: 2714641_21016_0_0.png
processing: 2714641_21015_0_0.png
processing: 2714637_21016_0_0.png
processing: 2714637_21015_0_0.png
processing: 2714629_21016_0_0.png
processing: 2714629_21015_0_0.png
processing: 2714567_21016_1_0.png
processing: 2714567_21015_1_0.png
processing: 2714481_21016_0_0.png
processing: 2714481_21015_0_0.png
processing: 2714300_21016_0_0.png
processing: 2714300_21015_0_0.png
  SKIPPING IMAGE: tot amount of vasculature (9804.6419) < quality threshold 
processing: 2714220_21016_0_0.png
  SKIPPING IMAGE: tot amount of vasculature (15.8205) < quality threshold 
processing: 2714220_21015_0_0.png
  SKIPPING IMAGE: tot amount of vasculature (971.9578) < quality threshold 
processing: 2714197_21016_0_0.png
  SKIPPING IMAGE: tot amount of vasculature (9815.9984) < quality threshold 
processing: 2714197_21015_0_0.png
  SKIPPING IMAGE: tot amount of vasculature (3292.1458) < quality threshold 
processing: 2714160_21016_0_0.png
processing: 2714160_21015_0_0.png
processing: 2714134_21016_1_0.png
processing: 2714134_21015_1_0.png
processing: 2714109_21016_0_0.png
processing: 2714109_21015_0_0.png
processing: 2714085_21016_1_0.png
processing: 2714085_21015_1_0.png
processing: 2714050_21016_0_0.png
processing: 2714050_21015_0_0.png
processing: 2713941_21016_1_0.png
  SKIPPING IMAGE: tot amount of vasculature (5980.3719) < quality threshold 
processing: 2713941_21015_1_0.png
  SKIPPING IMAGE: tot amount of vasculature (8339.8913) < quality threshold 
processing: 2713860_21016_0_0.png
  SKIPPING IMAGE: tot amount of vasculature (6076.9956) < quality threshold 
processing: 2713860_21015_0_0.png
  SKIPPING IMAGE: tot amount of vasculature (5172.7293) < quality threshold 
processing: 2713828_21016_0_0.png
processing: 2713828_21015_0_0.png
processing: 2713691_21016_0_0.png
processing: 2713691_21015_0_0.png
processing: 2713687_21016_0_0.png
processing: 2713687_21015_0_0.png
processing: 2713658_21016_0_0.png
processing: 2713658_21015_0_0.png
processing: 2713644_21016_0_0.png
processing: 2713644_21015_0_0.png
processing: 2713596_21016_0_0.png
  SKIPPING IMAGE: tot amount of vasculature (10252.1041) < quality threshold 
processing: 2713596_21015_0_0.png
  SKIPPING IMAGE: tot amount of vasculature (6320.1789) < quality threshold 
processing: 2713562_21016_0_0.png
processing: 2713562_21015_0_0.png
processing: 2713238_21016_1_0.png
processing: 2713238_21015_1_0.png
processing: 2713157_21016_0_0.png
processing: 2713157_21015_0_0.png
processing: 2713080_21016_0_0.png
  SKIPPING IMAGE: tot amount of vasculature (9578.2852) < quality threshold 
processing: 2713080_21015_0_0.png
processing: 2713013_21016_0_0.png
processing: 2713013_21015_0_0.png
processing: 2712704_21016_0_0.png
processing: 2712704_21015_0_0.png
processing: 2712623_21016_0_0.png
  SKIPPING IMAGE: tot amount of vasculature (8694.5687) < quality threshold 
processing: 2712623_21015_0_0.png
  SKIPPING IMAGE: tot amount of vasculature (1501.3207) < quality threshold 
processing: 2712578_21016_0_0.png
processing: 2712578_21015_0_0.png
processing: 2712561_21016_1_0.png
processing: 2712561_21015_1_0.png
processing: 2712535_21016_0_0.png
processing: 2712535_21015_0_0.png
processing: 2712522_21016_0_0.png
  SKIPPING IMAGE: tot amount of vasculature (1532.7458) < quality threshold 
processing: 2712522_21015_0_0.png
  SKIPPING IMAGE: tot amount of vasculature (6047.95) < quality threshold 
processing: 2712467_21016_1_0.png
  SKIPPING IMAGE: tot amount of vasculature (6237.2487) < quality threshold 
processing: 2712467_21015_1_0.png
  SKIPPING IMAGE: tot amount of vasculature (7584.9473) < quality threshold 
processing: 2712345_21016_0_0.png
  SKIPPING IMAGE: tot amount of vasculature (7893.7896) < quality threshold 
processing: 2712345_21015_0_0.png
  SKIPPING IMAGE: tot amount of vasculature (8714.4331) < quality threshold 
processing: 2712294_21016_0_0.png
processing: 2712294_21015_0_0.png
processing: 2712282_21016_0_0.png
processing: 2712282_21015_0_0.png
processing: 2712266_21016_1_0.png
  SKIPPING IMAGE: tot amount of vasculature (5457.833) < quality threshold 
processing: 2712266_21015_1_0.png
  SKIPPING IMAGE: tot amount of vasculature (10870.3865) < quality threshold 
processing: 2712187_21016_0_0.png
processing: 2712187_21015_0_0.png
processing: 2712144_21016_0_0.png
processing: 2712144_21015_0_0.png
processing: 2712132_21016_0_0.png
processing: 2712132_21015_0_0.png
  SKIPPING IMAGE: tot amount of vasculature (8576.4151) < quality threshold 
processing: 2712068_21016_0_0.png
processing: 2712068_21015_0_0.png
  SKIPPING IMAGE: tot amount of vasculature (9962.2321) < quality threshold 
processing: 2711943_21016_0_0.png
processing: 2711943_21015_0_0.png
processing: 2711939_21016_0_0.png
  SKIPPING IMAGE: tot amount of vasculature (1478.3475) < quality threshold 
processing: 2711939_21015_0_0.png
  SKIPPING IMAGE: tot amount of vasculature (336.3706) < quality threshold 
processing: 2711872_21016_0_0.png
  SKIPPING IMAGE: tot amount of vasculature (9107.2238) < quality threshold 
processing: 2711872_21015_0_0.png
processing: 2711867_21016_0_0.png
processing: 2711867_21015_0_0.png
processing: 2711848_21016_0_0.png
processing: 2711848_21015_0_0.png
processing: 2711824_21016_0_0.png
processing: 2711824_21015_0_0.png
