------------------------------------------
Setting up environment variables
---
LD_LIBRARY_PATH is .:/software/Development/Languages/Matlab_Compiler_Runtime/96/runtime/glnxa64:/software/Development/Languages/Matlab_Compiler_Runtime/96/bin/glnxa64:/software/Development/Languages/Matlab_Compiler_Runtime/96/sys/os/glnxa64:/software/Development/Languages/Matlab_Compiler_Runtime/96/sys/opengl/lib/glnxa64
Running vessel measurements...
processing: 1093300_21015_1_0.png
  SKIPPING IMAGE: tot amount of vasculature (9472.1561) < quality threshold 
processing: 1093295_21016_0_0.png
processing: 1093295_21015_0_0.png
processing: 1093233_21016_0_0.png
processing: 1093233_21015_0_0.png
processing: 1093197_21016_1_0.png
  SKIPPING IMAGE: tot amount of vasculature (8459.0186) < quality threshold 
processing: 1093197_21015_1_0.png
  SKIPPING IMAGE: tot amount of vasculature (5899.226) < quality threshold 
processing: 1093152_21016_0_0.png
processing: 1093152_21015_0_0.png
processing: 1093134_21016_1_0.png
processing: 1093134_21015_1_0.png
  SKIPPING IMAGE: tot amount of vasculature (10184.1548) < quality threshold 
processing: 1093128_21016_0_0.png
processing: 1093128_21015_0_0.png
processing: 1093096_21016_0_0.png
processing: 1093096_21015_0_0.png
processing: 1092995_21016_0_0.png
processing: 1092995_21015_0_0.png
processing: 1092902_21016_0_0.png
processing: 1092902_21015_0_0.png
processing: 1092755_21016_0_0.png
processing: 1092755_21015_0_0.png
processing: 1092748_21016_0_0.png
processing: 1092748_21015_0_0.png
  SKIPPING IMAGE: tot amount of vasculature (10611.7537) < quality threshold 
processing: 1092713_21016_0_0.png
processing: 1092713_21015_0_0.png
processing: 1092683_21016_0_0.png
processing: 1092683_21015_0_0.png
processing: 1092634_21016_1_0.png
processing: 1092634_21015_1_0.png
processing: 1092505_21016_0_0.png
processing: 1092505_21015_0_0.png
processing: 1092443_21016_0_0.png
processing: 1092443_21015_0_0.png
  SKIPPING IMAGE: tot amount of vasculature (6547.1345) < quality threshold 
processing: 1092340_21016_0_0.png
processing: 1092340_21015_0_0.png
  SKIPPING IMAGE: tot amount of vasculature (3772.1293) < quality threshold 
processing: 1092331_21016_1_0.png
  SKIPPING IMAGE: tot amount of vasculature (10577.0674) < quality threshold 
processing: 1092331_21015_1_0.png
processing: 1092323_21016_1_0.png
  SKIPPING IMAGE: tot amount of vasculature (10547.7941) < quality threshold 
processing: 1092323_21015_1_0.png
processing: 1092275_21016_0_0.png
processing: 1092275_21015_0_0.png
processing: 1092244_21016_1_0.png
processing: 1092244_21015_1_0.png
  SKIPPING IMAGE: tot amount of vasculature (10213.9749) < quality threshold 
processing: 1092210_21016_0_0.png
processing: 1092210_21015_0_0.png
  SKIPPING IMAGE: tot amount of vasculature (7775.8276) < quality threshold 
processing: 1092115_21016_1_0.png
  SKIPPING IMAGE: tot amount of vasculature (101.9975) < quality threshold 
processing: 1092115_21015_1_0.png
  SKIPPING IMAGE: tot amount of vasculature (2282.1797) < quality threshold 
processing: 1092081_21016_0_0.png
processing: 1092081_21015_0_0.png
processing: 1092025_21015_0_0.png
processing: 1091955_21016_0_0.png
processing: 1091955_21015_0_0.png
processing: 1091896_21016_0_0.png
processing: 1091896_21015_0_0.png
  SKIPPING IMAGE: tot amount of vasculature (4856.3997) < quality threshold 
processing: 1091843_21016_0_0.png
processing: 1091843_21015_0_0.png
processing: 1091839_21016_0_0.png
processing: 1091839_21015_0_0.png
processing: 1091795_21016_1_0.png
  SKIPPING IMAGE: No vessels found
processing: 1091795_21015_1_0.png
  SKIPPING IMAGE: tot amount of vasculature (166.073) < quality threshold 
processing: 1091560_21016_0_0.png
processing: 1091560_21015_0_0.png
processing: 1091534_21016_0_0.png
processing: 1091534_21015_0_0.png
processing: 1091493_21016_0_0.png
processing: 1091493_21015_0_0.png
processing: 1091326_21016_0_1.png
processing: 1091326_21016_0_0.png
  SKIPPING IMAGE: tot amount of vasculature (10459.983) < quality threshold 
processing: 1091326_21015_0_0.png
  SKIPPING IMAGE: tot amount of vasculature (10892.2636) < quality threshold 
processing: 1091303_21016_1_0.png
  SKIPPING IMAGE: tot amount of vasculature (8593.9491) < quality threshold 
processing: 1091303_21015_1_0.png
  SKIPPING IMAGE: tot amount of vasculature (6420.0424) < quality threshold 
processing: 1091292_21016_0_0.png
processing: 1091292_21015_0_0.png
  SKIPPING IMAGE: tot amount of vasculature (3846.6574) < quality threshold 
processing: 1091223_21016_0_0.png
processing: 1091223_21015_0_0.png
processing: 1091206_21016_1_0.png
  SKIPPING IMAGE: tot amount of vasculature (7766.527) < quality threshold 
processing: 1091206_21015_1_0.png
  SKIPPING IMAGE: tot amount of vasculature (6889.7834) < quality threshold 
processing: 1091174_21016_0_0.png
  SKIPPING IMAGE: tot amount of vasculature (4590.1118) < quality threshold 
processing: 1091174_21015_0_0.png
  SKIPPING IMAGE: tot amount of vasculature (6404.2088) < quality threshold 
processing: 1091138_21016_0_0.png
  SKIPPING IMAGE: tot amount of vasculature (14.4749) < quality threshold 
processing: 1091138_21015_0_0.png
  SKIPPING IMAGE: tot amount of vasculature (2230.9435) < quality threshold 
processing: 1091119_21016_0_0.png
processing: 1091119_21015_0_0.png
processing: 1091094_21016_0_0.png
processing: 1091094_21015_0_0.png
processing: 1091070_21016_0_0.png
processing: 1091070_21015_0_0.png
processing: 1091053_21016_0_0.png
processing: 1091053_21015_0_0.png
processing: 1090935_21016_1_0.png
  SKIPPING IMAGE: tot amount of vasculature (8465.0483) < quality threshold 
processing: 1090935_21016_0_0.png
  SKIPPING IMAGE: tot amount of vasculature (10356.3201) < quality threshold 
processing: 1090935_21015_1_0.png
  SKIPPING IMAGE: tot amount of vasculature (10658.7284) < quality threshold 
processing: 1090935_21015_0_0.png
processing: 1090917_21016_1_0.png
processing: 1090917_21015_1_0.png
processing: 1090884_21016_1_0.png
  SKIPPING IMAGE: tot amount of vasculature (6526.4184) < quality threshold 
processing: 1090884_21016_0_0.png
  SKIPPING IMAGE: tot amount of vasculature (9996.9787) < quality threshold 
processing: 1090884_21015_1_0.png
  SKIPPING IMAGE: tot amount of vasculature (5742.4447) < quality threshold 
processing: 1090884_21015_0_0.png
  SKIPPING IMAGE: tot amount of vasculature (8553.8691) < quality threshold 
processing: 1090753_21016_1_0.png
processing: 1090753_21015_1_0.png
processing: 1090708_21016_0_0.png
  SKIPPING IMAGE: No vessels found
processing: 1090708_21015_0_0.png
  SKIPPING IMAGE: tot amount of vasculature (8.5143) < quality threshold 
processing: 1090650_21016_1_0.png
processing: 1090650_21015_1_0.png
processing: 1090591_21016_0_0.png
processing: 1090591_21015_0_0.png
processing: 1090363_21016_1_0.png
processing: 1090363_21015_1_0.png
processing: 1090286_21016_1_0.png
processing: 1090286_21015_1_0.png
processing: 1090273_21016_0_0.png
processing: 1090273_21015_0_0.png
processing: 1090205_21016_1_0.png
  SKIPPING IMAGE: tot amount of vasculature (8250.0068) < quality threshold 
processing: 1090205_21015_1_0.png
  SKIPPING IMAGE: tot amount of vasculature (9885.1446) < quality threshold 
processing: 1089980_21015_0_1.png
processing: 1089980_21015_0_0.png
processing: 1089924_21016_0_0.png
processing: 1089924_21015_0_0.png
processing: 1089896_21016_0_0.png
processing: 1089896_21015_0_0.png
  SKIPPING IMAGE: tot amount of vasculature (10098.5984) < quality threshold 
processing: 1089843_21016_0_0.png
processing: 1089843_21015_0_0.png
processing: 1089839_21016_0_0.png
processing: 1089839_21015_0_0.png
processing: 1089768_21016_0_0.png
processing: 1089768_21015_0_0.png
processing: 1089747_21016_0_0.png
processing: 1089747_21015_0_0.png
processing: 1089720_21016_1_0.png
  SKIPPING IMAGE: tot amount of vasculature (1682.6588) < quality threshold 
processing: 1089720_21016_0_0.png
processing: 1089720_21015_1_0.png
  SKIPPING IMAGE: tot amount of vasculature (8625.029) < quality threshold 
processing: 1089720_21015_0_0.png
processing: 1089605_21016_0_0.png
processing: 1089605_21015_0_0.png
processing: 1089597_21016_1_0.png
processing: 1089597_21015_1_0.png
processing: 1089454_21016_0_0.png
processing: 1089454_21015_0_0.png
processing: 1089446_21016_0_0.png
processing: 1089446_21015_0_0.png
processing: 1089387_21016_1_0.png
processing: 1089387_21015_1_0.png
processing: 1089375_21016_1_0.png
processing: 1089375_21015_1_0.png
processing: 1089344_21016_0_0.png
  SKIPPING IMAGE: tot amount of vasculature (4315.9789) < quality threshold 
processing: 1089344_21015_0_0.png
  SKIPPING IMAGE: tot amount of vasculature (10034.3658) < quality threshold 
processing: 1089279_21016_0_0.png
processing: 1089279_21015_0_0.png
processing: 1089265_21016_0_0.png
processing: 1089265_21015_0_0.png
processing: 1089257_21016_0_0.png
processing: 1089257_21015_0_0.png
processing: 1089240_21016_1_0.png
  SKIPPING IMAGE: tot amount of vasculature (2784.4875) < quality threshold 
processing: 1089240_21015_1_0.png
  SKIPPING IMAGE: tot amount of vasculature (6310.9897) < quality threshold 
processing: 1089231_21016_0_0.png
  SKIPPING IMAGE: tot amount of vasculature (10165.0923) < quality threshold 
processing: 1089231_21015_0_0.png
processing: 1089181_21016_0_0.png
  SKIPPING IMAGE: tot amount of vasculature (8505.4123) < quality threshold 
processing: 1089181_21015_0_0.png
  SKIPPING IMAGE: tot amount of vasculature (3742.6089) < quality threshold 
processing: 1089156_21016_1_0.png
processing: 1089156_21015_1_0.png
  SKIPPING IMAGE: tot amount of vasculature (5477.1496) < quality threshold 
processing: 1089119_21016_0_0.png
processing: 1089119_21015_0_0.png
  SKIPPING IMAGE: tot amount of vasculature (9070.1569) < quality threshold 
processing: 1089094_21016_0_1.png
  SKIPPING IMAGE: tot amount of vasculature (8367.5607) < quality threshold 
processing: 1089094_21016_0_0.png
processing: 1089094_21015_0_0.png
  SKIPPING IMAGE: tot amount of vasculature (8241.711) < quality threshold 
processing: 1088923_21016_0_0.png
  SKIPPING IMAGE: tot amount of vasculature (1609.7334) < quality threshold 
processing: 1088923_21015_0_0.png
  SKIPPING IMAGE: tot amount of vasculature (3847.667) < quality threshold 
processing: 1088906_21016_1_0.png
  SKIPPING IMAGE: tot amount of vasculature (10413.7495) < quality threshold 
processing: 1088906_21015_1_0.png
processing: 1088826_21016_0_0.png
processing: 1088826_21015_0_0.png
  SKIPPING IMAGE: tot amount of vasculature (9785.5334) < quality threshold 
processing: 1088776_21016_0_0.png
processing: 1088776_21015_0_0.png
  SKIPPING IMAGE: tot amount of vasculature (5.252) < quality threshold 
processing: 1088760_21016_0_0.png
processing: 1088760_21015_0_0.png
processing: 1088752_21016_0_0.png
processing: 1088752_21015_0_0.png
processing: 1088709_21016_0_0.png
processing: 1088709_21015_0_0.png
processing: 1088674_21016_1_0.png
  SKIPPING IMAGE: tot amount of vasculature (3030.9481) < quality threshold 
processing: 1088674_21015_1_0.png
  SKIPPING IMAGE: tot amount of vasculature (8648.0483) < quality threshold 
processing: 1088625_21016_0_0.png
processing: 1088625_21015_0_0.png
processing: 1088547_21016_0_0.png
Warning: No vessels found in 1088547_21016_0_0
> In Vessel_Data_IO.load_from_file (line 183)
  In REVIEW_evaluate_diameter_measurements (line 125)
  In ARIA_run_tests (line 209)
  SKIPPING IMAGE: No vessels found
processing: 1088547_21015_0_0.png
processing: 1088533_21016_0_0.png
processing: 1088533_21015_0_0.png
processing: 1088224_21016_0_0.png
  SKIPPING IMAGE: tot amount of vasculature (9271.8379) < quality threshold 
processing: 1088224_21015_0_0.png
  SKIPPING IMAGE: tot amount of vasculature (6160.9858) < quality threshold 
processing: 1088149_21016_0_1.png
  SKIPPING IMAGE: tot amount of vasculature (113.1254) < quality threshold 
processing: 1088149_21016_0_0.png
  SKIPPING IMAGE: tot amount of vasculature (10300.8452) < quality threshold 
processing: 1088149_21015_0_0.png
processing: 1088105_21016_0_0.png
processing: 1088105_21015_0_0.png
processing: 1088089_21016_0_0.png
processing: 1088089_21015_0_0.png
processing: 1088022_21016_0_0.png
processing: 1088022_21015_0_0.png
processing: 1088000_21016_0_0.png
  SKIPPING IMAGE: tot amount of vasculature (6757.574) < quality threshold 
processing: 1088000_21015_0_0.png
  SKIPPING IMAGE: tot amount of vasculature (6966.6356) < quality threshold 
processing: 1087894_21016_0_0.png
processing: 1087894_21015_0_0.png
processing: 1087870_21016_0_0.png
processing: 1087870_21015_0_0.png
processing: 1087866_21016_0_0.png
processing: 1087866_21015_0_0.png
processing: 1087714_21016_0_0.png
processing: 1087714_21015_0_0.png
processing: 1087695_21016_0_0.png
processing: 1087695_21015_0_0.png
processing: 1087574_21016_0_0.png
processing: 1087574_21015_0_0.png
processing: 1087525_21016_0_0.png
processing: 1087525_21015_0_0.png
  SKIPPING IMAGE: tot amount of vasculature (8508.2722) < quality threshold 
processing: 1087458_21016_0_0.png
  SKIPPING IMAGE: tot amount of vasculature (153.9065) < quality threshold 
processing: 1087458_21015_0_0.png
  SKIPPING IMAGE: tot amount of vasculature (8853.2163) < quality threshold 
processing: 1087444_21016_0_0.png
processing: 1087444_21015_0_0.png
processing: 1087336_21016_1_0.png
processing: 1087336_21015_1_0.png
processing: 1087324_21016_0_0.png
processing: 1087324_21015_0_0.png
processing: 1087250_21016_1_0.png
  SKIPPING IMAGE: tot amount of vasculature (9943.3391) < quality threshold 
processing: 1087250_21015_1_0.png
processing: 1087239_21016_0_0.png
  SKIPPING IMAGE: tot amount of vasculature (9138.324) < quality threshold 
processing: 1087239_21015_0_0.png
  SKIPPING IMAGE: tot amount of vasculature (1854.0042) < quality threshold 
processing: 1087221_21016_0_0.png
processing: 1087221_21015_0_0.png
processing: 1087135_21016_1_0.png
  SKIPPING IMAGE: tot amount of vasculature (9640.1623) < quality threshold 
processing: 1087135_21015_1_0.png
  SKIPPING IMAGE: tot amount of vasculature (10880.5313) < quality threshold 
processing: 1087098_21016_0_0.png
processing: 1087098_21015_0_0.png
processing: 1086966_21016_0_0.png
processing: 1086966_21015_0_0.png
  SKIPPING IMAGE: tot amount of vasculature (10132.1177) < quality threshold 
processing: 1086953_21016_1_0.png
processing: 1086953_21015_1_0.png
processing: 1086883_21016_0_0.png
processing: 1086883_21015_0_0.png
processing: 1086809_21016_0_0.png
processing: 1086809_21015_0_0.png
processing: 1086754_21016_0_0.png
processing: 1086754_21015_0_0.png
processing: 1086746_21016_0_0.png
  SKIPPING IMAGE: tot amount of vasculature (4058.6165) < quality threshold 
processing: 1086746_21015_0_0.png
  SKIPPING IMAGE: tot amount of vasculature (8701.3806) < quality threshold 
processing: 1086717_21016_1_0.png
processing: 1086717_21015_1_0.png
processing: 1086691_21016_0_0.png
processing: 1086691_21015_0_0.png
processing: 1086675_21016_0_0.png
processing: 1086675_21015_0_0.png
processing: 1086577_21016_1_0.png
processing: 1086577_21015_1_0.png
processing: 1086550_21016_0_0.png
  SKIPPING IMAGE: tot amount of vasculature (7037.8794) < quality threshold 
processing: 1086550_21015_0_0.png
  SKIPPING IMAGE: tot amount of vasculature (17.6735) < quality threshold 
processing: 1086543_21016_1_0.png
  SKIPPING IMAGE: No vessels found
processing: 1086543_21015_1_0.png
  SKIPPING IMAGE: tot amount of vasculature (4456.2866) < quality threshold 
processing: 1086521_21016_0_0.png
processing: 1086521_21015_0_0.png
processing: 1086447_21016_0_0.png
  SKIPPING IMAGE: tot amount of vasculature (9831.0953) < quality threshold 
processing: 1086447_21015_0_0.png
  SKIPPING IMAGE: tot amount of vasculature (10301.45) < quality threshold 
processing: 1086188_21016_0_0.png
  SKIPPING IMAGE: tot amount of vasculature (6584.7397) < quality threshold 
processing: 1086188_21015_0_0.png
  SKIPPING IMAGE: tot amount of vasculature (2616.8111) < quality threshold 
processing: 1086123_21016_0_0.png
processing: 1086123_21015_0_0.png
processing: 1086114_21016_0_0.png
processing: 1086080_21016_0_0.png
  SKIPPING IMAGE: tot amount of vasculature (8268.7343) < quality threshold 
processing: 1086080_21015_0_1.png
  SKIPPING IMAGE: tot amount of vasculature (9254.4487) < quality threshold 
processing: 1086080_21015_0_0.png
  SKIPPING IMAGE: tot amount of vasculature (6543.1736) < quality threshold 
processing: 1086048_21016_0_0.png
processing: 1086048_21015_0_0.png
  SKIPPING IMAGE: tot amount of vasculature (9877.3825) < quality threshold 
processing: 1085984_21016_0_0.png
processing: 1085984_21015_0_0.png
processing: 1085959_21016_0_0.png
processing: 1085959_21015_0_0.png
processing: 1085822_21016_0_0.png
processing: 1085822_21015_0_0.png
processing: 1085817_21016_0_0.png
processing: 1085817_21015_0_0.png
processing: 1085634_21016_1_0.png
processing: 1085634_21015_1_0.png
processing: 1085628_21016_1_0.png
processing: 1085628_21015_1_0.png
processing: 1085549_21016_0_0.png
  SKIPPING IMAGE: tot amount of vasculature (7208.3556) < quality threshold 
processing: 1085549_21015_0_0.png
  SKIPPING IMAGE: tot amount of vasculature (7506.4106) < quality threshold 
processing: 1085530_21016_1_0.png
processing: 1085530_21015_1_0.png
processing: 1085527_21016_0_0.png
processing: 1085527_21015_0_0.png
processing: 1085496_21016_0_0.png
processing: 1085496_21015_0_0.png
processing: 1085443_21016_0_0.png
processing: 1085443_21015_0_0.png
processing: 1085340_21016_0_0.png
processing: 1085340_21015_0_0.png
processing: 1085203_21016_0_0.png
processing: 1085203_21015_0_0.png
  SKIPPING IMAGE: tot amount of vasculature (10809.5899) < quality threshold 
processing: 1085141_21016_0_0.png
  SKIPPING IMAGE: tot amount of vasculature (7839.8006) < quality threshold 
processing: 1085141_21015_0_0.png
processing: 1085129_21016_1_0.png
FINISHED: .mat files have been written to: /data/FAC/FBM/DBC/sbergman/retina/UKBiob/fundus/REVIEW//CLRIS/
execution time: 2337 sec
