------------------------------------------
Setting up environment variables
---
LD_LIBRARY_PATH is .:/software/Development/Languages/Matlab_Compiler_Runtime/96/runtime/glnxa64:/software/Development/Languages/Matlab_Compiler_Runtime/96/bin/glnxa64:/software/Development/Languages/Matlab_Compiler_Runtime/96/sys/os/glnxa64:/software/Development/Languages/Matlab_Compiler_Runtime/96/sys/opengl/lib/glnxa64
Running vessel measurements...
processing: 5031648_21015_0_0.png
  SKIPPING IMAGE: tot amount of vasculature (9103.7648) < quality threshold 
processing: 5031541_21016_0_0.png
processing: 5031541_21015_0_0.png
processing: 5031508_21016_0_0.png
  SKIPPING IMAGE: tot amount of vasculature (355.6557) < quality threshold 
processing: 5031508_21015_0_0.png
  SKIPPING IMAGE: tot amount of vasculature (548.7468) < quality threshold 
processing: 5031492_21016_1_0.png
processing: 5031492_21016_0_0.png
processing: 5031492_21015_1_0.png
  SKIPPING IMAGE: tot amount of vasculature (10560.7149) < quality threshold 
processing: 5031492_21015_0_0.png
  SKIPPING IMAGE: tot amount of vasculature (8926.1545) < quality threshold 
processing: 5031359_21016_0_0.png
  SKIPPING IMAGE: tot amount of vasculature (2712.2476) < quality threshold 
processing: 5031359_21015_0_0.png
  SKIPPING IMAGE: tot amount of vasculature (7382.6052) < quality threshold 
processing: 5031316_21016_0_0.png
processing: 5031316_21015_0_0.png
processing: 5031302_21016_0_0.png
processing: 5031302_21015_0_0.png
  SKIPPING IMAGE: tot amount of vasculature (9836.2761) < quality threshold 
processing: 5031246_21016_0_0.png
processing: 5031246_21015_0_0.png
processing: 5031150_21016_0_0.png
  SKIPPING IMAGE: tot amount of vasculature (6154.0098) < quality threshold 
processing: 5031150_21015_0_0.png
  SKIPPING IMAGE: tot amount of vasculature (8199.1341) < quality threshold 
processing: 5031139_21016_1_0.png
processing: 5031139_21015_1_0.png
processing: 5031121_21016_1_0.png
  SKIPPING IMAGE: tot amount of vasculature (4993.0747) < quality threshold 
processing: 5031121_21016_0_0.png
  SKIPPING IMAGE: tot amount of vasculature (2888.7301) < quality threshold 
processing: 5031121_21015_1_0.png
processing: 5031121_21015_0_0.png
  SKIPPING IMAGE: tot amount of vasculature (7669.803) < quality threshold 
processing: 5031052_21016_0_0.png
  SKIPPING IMAGE: tot amount of vasculature (7223.0391) < quality threshold 
processing: 5031052_21015_0_0.png
  SKIPPING IMAGE: tot amount of vasculature (4138.2711) < quality threshold 
processing: 5031028_21016_0_0.png
processing: 5031028_21015_0_0.png
  SKIPPING IMAGE: tot amount of vasculature (7648.5234) < quality threshold 
processing: 5030992_21016_0_0.png
  SKIPPING IMAGE: tot amount of vasculature (10763.5971) < quality threshold 
processing: 5030992_21015_0_0.png
processing: 5030988_21016_0_0.png
processing: 5030988_21015_0_0.png
processing: 5030923_21016_0_0.png
processing: 5030923_21015_0_0.png
processing: 5030906_21016_0_0.png
  SKIPPING IMAGE: tot amount of vasculature (10726.6637) < quality threshold 
processing: 5030906_21015_0_0.png
  SKIPPING IMAGE: tot amount of vasculature (5557.0944) < quality threshold 
processing: 5030891_21016_0_0.png
  SKIPPING IMAGE: tot amount of vasculature (4971.2075) < quality threshold 
processing: 5030891_21015_0_0.png
  SKIPPING IMAGE: tot amount of vasculature (6729.221) < quality threshold 
processing: 5030826_21016_0_0.png
processing: 5030826_21015_0_0.png
processing: 5030803_21016_0_0.png
processing: 5030803_21015_0_0.png
  SKIPPING IMAGE: tot amount of vasculature (7405.8904) < quality threshold 
processing: 5030663_21016_0_0.png
  SKIPPING IMAGE: tot amount of vasculature (10736.7777) < quality threshold 
processing: 5030663_21015_0_0.png
processing: 5030638_21016_0_0.png
processing: 5030638_21015_0_0.png
processing: 5030607_21016_0_0.png
processing: 5030607_21015_0_0.png
processing: 5030533_21016_0_0.png
processing: 5030533_21015_0_0.png
  SKIPPING IMAGE: tot amount of vasculature (10870.5085) < quality threshold 
processing: 5030415_21016_0_0.png
processing: 5030415_21015_0_0.png
  SKIPPING IMAGE: tot amount of vasculature (5488.0392) < quality threshold 
processing: 5030362_21016_0_0.png
  SKIPPING IMAGE: tot amount of vasculature (9710.1246) < quality threshold 
processing: 5030362_21015_0_0.png
processing: 5030339_21016_0_0.png
processing: 5030339_21015_0_0.png
processing: 5030236_21016_0_0.png
processing: 5030236_21015_0_0.png
processing: 5030151_21016_0_0.png
processing: 5030151_21015_0_0.png
  SKIPPING IMAGE: tot amount of vasculature (9991.5047) < quality threshold 
processing: 5030017_21016_0_0.png
  SKIPPING IMAGE: tot amount of vasculature (7618.3892) < quality threshold 
processing: 5030017_21015_0_0.png
  SKIPPING IMAGE: tot amount of vasculature (6100.6323) < quality threshold 
processing: 5029930_21016_0_0.png
  SKIPPING IMAGE: tot amount of vasculature (6650.0693) < quality threshold 
processing: 5029930_21015_0_0.png
processing: 5029881_21016_0_0.png
processing: 5029881_21015_0_0.png
processing: 5029838_21016_0_0.png
  SKIPPING IMAGE: tot amount of vasculature (9136.826) < quality threshold 
processing: 5029838_21015_0_0.png
  SKIPPING IMAGE: tot amount of vasculature (7391.7698) < quality threshold 
processing: 5029758_21016_1_0.png
processing: 5029758_21015_1_0.png
processing: 5029582_21016_1_0.png
processing: 5029582_21015_1_0.png
processing: 5029553_21016_0_0.png
processing: 5029553_21015_0_0.png
processing: 5029508_21016_0_0.png
processing: 5029508_21015_0_0.png
processing: 5029492_21016_0_0.png
processing: 5029492_21015_0_0.png
  SKIPPING IMAGE: tot amount of vasculature (10074.9976) < quality threshold 
processing: 5029406_21016_0_0.png
processing: 5029406_21015_0_0.png
processing: 5029359_21016_0_0.png
processing: 5029359_21015_0_0.png
processing: 5029261_21016_0_0.png
processing: 5029261_21015_0_0.png
processing: 5029235_21016_0_0.png
processing: 5029235_21015_0_0.png
processing: 5029185_21016_1_0.png
processing: 5029185_21015_1_0.png
processing: 5028884_21016_1_0.png
processing: 5028884_21015_1_0.png
processing: 5028859_21016_0_0.png
processing: 5028859_21015_0_0.png
  SKIPPING IMAGE: tot amount of vasculature (10960.0949) < quality threshold 
processing: 5028737_21016_0_0.png
processing: 5028737_21015_0_0.png
processing: 5028715_21016_0_0.png
processing: 5028715_21015_0_0.png
processing: 5028650_21016_1_0.png
processing: 5028650_21015_1_0.png
processing: 5028587_21016_0_0.png
  SKIPPING IMAGE: tot amount of vasculature (8750.7185) < quality threshold 
processing: 5028587_21015_0_0.png
  SKIPPING IMAGE: tot amount of vasculature (5651.0305) < quality threshold 
processing: 5028569_21016_0_0.png
processing: 5028569_21015_0_0.png
processing: 5028558_21016_0_0.png
processing: 5028558_21015_0_0.png
processing: 5028460_21016_0_0.png
processing: 5028460_21015_0_0.png
processing: 5028452_21016_1_0.png
processing: 5028452_21016_0_0.png
processing: 5028452_21015_1_0.png
processing: 5028452_21015_0_0.png
processing: 5028428_21016_0_0.png
processing: 5028428_21015_0_0.png
processing: 5028381_21016_0_0.png
processing: 5028381_21015_0_0.png
processing: 5028356_21016_0_0.png
processing: 5028356_21015_0_0.png
  SKIPPING IMAGE: tot amount of vasculature (5598.2998) < quality threshold 
processing: 5028251_21016_0_0.png
  SKIPPING IMAGE: tot amount of vasculature (7728.0242) < quality threshold 
processing: 5028251_21015_0_0.png
  SKIPPING IMAGE: tot amount of vasculature (9447.3933) < quality threshold 
processing: 5028199_21016_1_0.png
processing: 5028199_21015_1_0.png
processing: 5028101_21016_1_0.png
processing: 5028101_21016_0_0.png
processing: 5028101_21015_1_0.png
processing: 5028101_21015_0_0.png
processing: 5028079_21016_0_0.png
  SKIPPING IMAGE: tot amount of vasculature (9335.3109) < quality threshold 
processing: 5028079_21015_0_0.png
processing: 5028065_21016_1_0.png
  SKIPPING IMAGE: tot amount of vasculature (6013.0095) < quality threshold 
processing: 5028065_21016_0_0.png
  SKIPPING IMAGE: tot amount of vasculature (9951.9636) < quality threshold 
processing: 5028065_21015_1_0.png
  SKIPPING IMAGE: tot amount of vasculature (7572.4151) < quality threshold 
processing: 5028065_21015_0_0.png
processing: 5027994_21016_0_0.png
processing: 5027994_21015_0_0.png
processing: 5027982_21016_1_0.png
  SKIPPING IMAGE: tot amount of vasculature (10775.2222) < quality threshold 
processing: 5027982_21015_1_0.png
processing: 5027761_21016_1_0.png
processing: 5027761_21016_0_0.png
processing: 5027761_21015_1_0.png
processing: 5027761_21015_0_0.png
processing: 5027746_21016_0_0.png
  SKIPPING IMAGE: tot amount of vasculature (9154.289) < quality threshold 
processing: 5027746_21015_0_0.png
processing: 5027722_21016_0_0.png
processing: 5027722_21015_0_0.png
processing: 5027669_21016_0_0.png
processing: 5027669_21015_0_0.png
processing: 5027603_21016_1_0.png
processing: 5027603_21015_1_0.png
processing: 5027596_21016_0_0.png
processing: 5027596_21015_0_0.png
processing: 5027562_21016_0_0.png
  SKIPPING IMAGE: tot amount of vasculature (10707.1707) < quality threshold 
processing: 5027562_21015_0_0.png
  SKIPPING IMAGE: tot amount of vasculature (10446.6447) < quality threshold 
processing: 5027543_21016_0_0.png
processing: 5027543_21015_0_0.png
processing: 5027484_21016_1_0.png
processing: 5027484_21015_1_0.png
processing: 5027459_21016_1_0.png
processing: 5027459_21016_0_0.png
processing: 5027459_21015_1_0.png
processing: 5027459_21015_0_0.png
processing: 5027447_21016_0_0.png
processing: 5027447_21015_0_0.png
processing: 5027123_21016_1_0.png
processing: 5027123_21015_1_0.png
processing: 5027099_21016_0_0.png
processing: 5027099_21015_0_0.png
processing: 5027036_21016_0_0.png
  SKIPPING IMAGE: tot amount of vasculature (3621.5671) < quality threshold 
processing: 5027036_21015_0_0.png
  SKIPPING IMAGE: tot amount of vasculature (1703.5533) < quality threshold 
processing: 5026945_21016_0_0.png
processing: 5026945_21015_0_0.png
processing: 5026911_21016_0_0.png
processing: 5026911_21015_0_0.png
  SKIPPING IMAGE: tot amount of vasculature (9974.5869) < quality threshold 
processing: 5026779_21016_1_0.png
  SKIPPING IMAGE: tot amount of vasculature (10085.663) < quality threshold 
processing: 5026779_21015_1_0.png
processing: 5026714_21016_1_0.png
processing: 5026714_21016_0_0.png
processing: 5026714_21015_1_0.png
processing: 5026714_21015_0_0.png
processing: 5026602_21016_1_0.png
  SKIPPING IMAGE: tot amount of vasculature (6313.4145) < quality threshold 
processing: 5026602_21015_1_0.png
  SKIPPING IMAGE: tot amount of vasculature (4924.1032) < quality threshold 
processing: 5026563_21016_0_0.png
processing: 5026563_21015_0_1.png
  SKIPPING IMAGE: tot amount of vasculature (3491.6427) < quality threshold 
processing: 5026563_21015_0_0.png
  SKIPPING IMAGE: tot amount of vasculature (7701.595) < quality threshold 
processing: 5026507_21016_1_0.png
  SKIPPING IMAGE: tot amount of vasculature (1933.7508) < quality threshold 
processing: 5026507_21015_1_0.png
  SKIPPING IMAGE: tot amount of vasculature (2561.7128) < quality threshold 
processing: 5026491_21016_0_0.png
processing: 5026491_21015_0_0.png
processing: 5026487_21016_0_0.png
processing: 5026487_21015_0_0.png
  SKIPPING IMAGE: tot amount of vasculature (7625.2454) < quality threshold 
processing: 5026426_21016_0_0.png
processing: 5026426_21015_0_0.png
processing: 5026324_21016_0_0.png
processing: 5026324_21015_0_0.png
processing: 5026285_21016_0_1.png
  SKIPPING IMAGE: tot amount of vasculature (7638.9536) < quality threshold 
processing: 5026285_21016_0_0.png
  SKIPPING IMAGE: tot amount of vasculature (8611.7771) < quality threshold 
processing: 5026285_21015_0_0.png
  SKIPPING IMAGE: tot amount of vasculature (8847.2121) < quality threshold 
processing: 5026262_21016_0_0.png
processing: 5026262_21015_0_0.png
processing: 5026122_21016_0_0.png
  SKIPPING IMAGE: tot amount of vasculature (8367.6793) < quality threshold 
processing: 5026122_21015_0_0.png
  SKIPPING IMAGE: tot amount of vasculature (4627.7679) < quality threshold 
processing: 5026030_21016_0_0.png
  SKIPPING IMAGE: tot amount of vasculature (6881.5283) < quality threshold 
processing: 5026030_21015_0_0.png
  SKIPPING IMAGE: tot amount of vasculature (8911.8443) < quality threshold 
processing: 5026012_21016_0_0.png
processing: 5026012_21015_0_0.png
  SKIPPING IMAGE: tot amount of vasculature (4739.7572) < quality threshold 
processing: 5025888_21016_1_0.png
  SKIPPING IMAGE: tot amount of vasculature (1606.8552) < quality threshold 
processing: 5025888_21015_1_0.png
  SKIPPING IMAGE: tot amount of vasculature (9385.7007) < quality threshold 
processing: 5025637_21016_0_0.png
processing: 5025637_21015_0_0.png
  SKIPPING IMAGE: tot amount of vasculature (10887.6348) < quality threshold 
processing: 5025524_21016_0_0.png
processing: 5025524_21015_0_0.png
processing: 5025425_21016_0_0.png
processing: 5025425_21015_0_0.png
processing: 5025378_21016_0_0.png
  SKIPPING IMAGE: tot amount of vasculature (7765.2109) < quality threshold 
processing: 5025378_21015_0_0.png
  SKIPPING IMAGE: tot amount of vasculature (9236.3389) < quality threshold 
processing: 5025300_21016_1_0.png
processing: 5025300_21015_1_0.png
processing: 5025202_21016_0_0.png
processing: 5025202_21015_0_0.png
processing: 5025197_21016_0_0.png
  SKIPPING IMAGE: tot amount of vasculature (5415.6237) < quality threshold 
processing: 5025197_21015_0_0.png
  SKIPPING IMAGE: tot amount of vasculature (1780.5171) < quality threshold 
processing: 5025152_21016_0_0.png
processing: 5025152_21015_0_0.png
processing: 5025111_21016_0_0.png
processing: 5025111_21015_0_0.png
processing: 5025077_21016_0_0.png
processing: 5025077_21015_0_0.png
processing: 5024956_21016_0_0.png
processing: 5024956_21015_0_0.png
  SKIPPING IMAGE: tot amount of vasculature (8323.4043) < quality threshold 
processing: 5024851_21016_1_0.png
  SKIPPING IMAGE: tot amount of vasculature (9880.8504) < quality threshold 
processing: 5024851_21015_1_0.png
processing: 5024812_21016_0_0.png
processing: 5024812_21015_0_0.png
processing: 5024688_21016_0_0.png
processing: 5024688_21015_0_0.png
processing: 5024665_21016_0_0.png
processing: 5024665_21015_0_0.png
processing: 5024623_21016_0_0.png
processing: 5024623_21015_0_0.png
processing: 5024614_21016_0_0.png
processing: 5024614_21015_0_0.png
processing: 5024517_21016_0_0.png
processing: 5024517_21015_0_0.png
processing: 5024397_21016_0_0.png
processing: 5024397_21015_0_0.png
processing: 5024376_21016_1_0.png
  SKIPPING IMAGE: tot amount of vasculature (6725.2978) < quality threshold 
processing: 5024376_21015_1_0.png
  SKIPPING IMAGE: tot amount of vasculature (9412.4859) < quality threshold 
processing: 5024241_21016_0_0.png
processing: 5024241_21015_0_0.png
processing: 5024229_21016_0_0.png
processing: 5024229_21015_0_0.png
processing: 5024175_21016_0_0.png
  SKIPPING IMAGE: tot amount of vasculature (6993.8176) < quality threshold 
processing: 5024175_21015_0_0.png
  SKIPPING IMAGE: tot amount of vasculature (2217.9664) < quality threshold 
processing: 5024169_21016_0_0.png
processing: 5024169_21015_0_0.png
processing: 5024084_21016_0_0.png
  SKIPPING IMAGE: tot amount of vasculature (5057.2241) < quality threshold 
processing: 5024084_21015_0_0.png
  SKIPPING IMAGE: tot amount of vasculature (10039.8577) < quality threshold 
processing: 5023965_21016_0_0.png
processing: 5023965_21015_0_0.png
processing: 5023957_21016_0_0.png
processing: 5023957_21015_0_0.png
processing: 5023914_21016_0_0.png
processing: 5023914_21015_0_0.png
processing: 5023887_21016_0_0.png
processing: 5023887_21015_0_0.png
processing: 5023832_21016_0_0.png
  SKIPPING IMAGE: tot amount of vasculature (2400.4941) < quality threshold 
processing: 5023832_21015_0_0.png
  SKIPPING IMAGE: tot amount of vasculature (7807.1879) < quality threshold 
processing: 5023826_21016_0_0.png
processing: 5023826_21015_0_0.png
  SKIPPING IMAGE: tot amount of vasculature (8519.4206) < quality threshold 
processing: 5023810_21016_0_0.png
processing: 5023810_21015_0_0.png
processing: 5023728_21016_0_0.png
processing: 5023728_21015_0_0.png
  SKIPPING IMAGE: tot amount of vasculature (8867.9406) < quality threshold 
processing: 5023638_21016_0_0.png
  SKIPPING IMAGE: tot amount of vasculature (3549.9464) < quality threshold 
processing: 5023638_21015_0_0.png
  SKIPPING IMAGE: tot amount of vasculature (10051.591) < quality threshold 
processing: 5023625_21016_0_0.png
processing: 5023625_21015_0_0.png
processing: 5023607_21016_0_0.png
  SKIPPING IMAGE: tot amount of vasculature (9334.627) < quality threshold 
processing: 5023607_21015_0_0.png
  SKIPPING IMAGE: tot amount of vasculature (5681.2887) < quality threshold 
processing: 5023520_21016_0_0.png
processing: 5023520_21015_0_0.png
processing: 5023470_21016_0_0.png
processing: 5023470_21015_0_0.png
processing: 5023441_21016_0_0.png
  SKIPPING IMAGE: tot amount of vasculature (6457.7298) < quality threshold 
processing: 5023441_21015_0_0.png
  SKIPPING IMAGE: tot amount of vasculature (6635.4363) < quality threshold 
processing: 5023396_21016_0_0.png
processing: 5023396_21015_0_0.png
  SKIPPING IMAGE: tot amount of vasculature (8354.9024) < quality threshold 
processing: 5023339_21016_1_1.png
  SKIPPING IMAGE: tot amount of vasculature (1626.0783) < quality threshold 
processing: 5023339_21016_1_0.png
  SKIPPING IMAGE: tot amount of vasculature (2095.3063) < quality threshold 
processing: 5023339_21015_1_0.png
  SKIPPING IMAGE: tot amount of vasculature (1521.4775) < quality threshold 
processing: 5023304_21016_0_0.png
processing: 5023304_21015_0_0.png
  SKIPPING IMAGE: tot amount of vasculature (5757.9994) < quality threshold 
processing: 5023280_21016_0_0.png
processing: 5023280_21015_0_0.png
processing: 5023164_21016_0_0.png
  SKIPPING IMAGE: tot amount of vasculature (6079.8675) < quality threshold 
processing: 5023164_21015_0_0.png
  SKIPPING IMAGE: tot amount of vasculature (3804.6623) < quality threshold 
processing: 5023061_21016_1_0.png
Warning: No vessels found in 5023061_21016_1_0
> In Vessel_Data_IO.load_from_file (line 183)
  In REVIEW_evaluate_diameter_measurements (line 125)
  In ARIA_run_tests (line 209)
  SKIPPING IMAGE: No vessels found
processing: 5023061_21015_1_0.png
  SKIPPING IMAGE: No vessels found
processing: 5022972_21016_1_0.png
processing: 5022972_21016_0_0.png
processing: 5022972_21015_1_0.png
processing: 5022972_21015_0_0.png
FINISHED: .mat files have been written to: /data/FAC/FBM/DBC/sbergman/retina/UKBiob/fundus/REVIEW//CLRIS/
execution time: 1924 sec
