------------------------------------------
Setting up environment variables
---
LD_LIBRARY_PATH is .:/software/Development/Languages/Matlab_Compiler_Runtime/96/runtime/glnxa64:/software/Development/Languages/Matlab_Compiler_Runtime/96/bin/glnxa64:/software/Development/Languages/Matlab_Compiler_Runtime/96/sys/os/glnxa64:/software/Development/Languages/Matlab_Compiler_Runtime/96/sys/opengl/lib/glnxa64
Running vessel measurements...
processing: 5787211_21015_0_0.png
  SKIPPING IMAGE: tot amount of vasculature (7433.9063) < quality threshold 
processing: 5787133_21015_1_0.png
  SKIPPING IMAGE: tot amount of vasculature (4598.2606) < quality threshold 
processing: 5786967_21016_0_0.png
  SKIPPING IMAGE: tot amount of vasculature (8013.7202) < quality threshold 
processing: 5786967_21015_0_0.png
  SKIPPING IMAGE: tot amount of vasculature (5833.1926) < quality threshold 
processing: 5786924_21016_0_0.png
processing: 5786924_21015_0_0.png
processing: 5786896_21016_0_0.png
processing: 5786896_21015_0_0.png
processing: 5786885_21016_0_0.png
processing: 5786885_21015_0_0.png
  SKIPPING IMAGE: tot amount of vasculature (9722.1236) < quality threshold 
processing: 5786768_21016_0_0.png
  SKIPPING IMAGE: tot amount of vasculature (4350.8281) < quality threshold 
processing: 5786768_21015_0_0.png
  SKIPPING IMAGE: tot amount of vasculature (1909.1537) < quality threshold 
processing: 5786702_21016_0_0.png
processing: 5786702_21015_0_0.png
processing: 5786686_21016_0_0.png
processing: 5786686_21015_0_0.png
processing: 5786664_21016_0_1.png
  SKIPPING IMAGE: tot amount of vasculature (4868.8881) < quality threshold 
processing: 5786664_21016_0_0.png
  SKIPPING IMAGE: tot amount of vasculature (2773.2692) < quality threshold 
processing: 5786664_21015_0_0.png
processing: 5786651_21016_0_0.png
processing: 5786651_21015_0_0.png
processing: 5786649_21016_0_0.png
  SKIPPING IMAGE: tot amount of vasculature (2949.6347) < quality threshold 
processing: 5786649_21015_0_0.png
processing: 5786597_21016_1_0.png
  SKIPPING IMAGE: tot amount of vasculature (7956.2151) < quality threshold 
processing: 5786597_21015_1_0.png
  SKIPPING IMAGE: tot amount of vasculature (4875.4087) < quality threshold 
processing: 5786509_21016_1_0.png
processing: 5786509_21015_1_0.png
processing: 5786493_21016_0_0.png
processing: 5786493_21015_0_0.png
processing: 5786422_21016_0_0.png
processing: 5786422_21015_0_0.png
processing: 5786375_21016_1_0.png
  SKIPPING IMAGE: tot amount of vasculature (8081.9529) < quality threshold 
processing: 5786375_21015_1_0.png
processing: 5786332_21016_0_0.png
processing: 5786332_21015_0_0.png
processing: 5786303_21016_0_0.png
  SKIPPING IMAGE: tot amount of vasculature (2279.7347) < quality threshold 
processing: 5786214_21016_1_0.png
processing: 5786214_21015_1_0.png
processing: 5786142_21016_0_0.png
  SKIPPING IMAGE: No vessels found
processing: 5786142_21015_0_0.png
  SKIPPING IMAGE: No vessels found
processing: 5786053_21016_0_0.png
  SKIPPING IMAGE: tot amount of vasculature (3204.7131) < quality threshold 
processing: 5786053_21015_0_0.png
  SKIPPING IMAGE: tot amount of vasculature (4858.2873) < quality threshold 
processing: 5786029_21016_0_0.png
processing: 5786029_21015_0_0.png
processing: 5785946_21016_1_0.png
processing: 5785946_21015_1_0.png
processing: 5785884_21016_0_0.png
processing: 5785884_21015_0_0.png
  SKIPPING IMAGE: tot amount of vasculature (10025.487) < quality threshold 
processing: 5785859_21016_0_0.png
processing: 5785859_21015_0_0.png
  SKIPPING IMAGE: tot amount of vasculature (9429.7189) < quality threshold 
processing: 5785816_21016_1_0.png
  SKIPPING IMAGE: tot amount of vasculature (5810.3559) < quality threshold 
processing: 5785816_21015_1_0.png
processing: 5785766_21016_0_0.png
processing: 5785766_21015_0_0.png
processing: 5785753_21016_0_0.png
processing: 5785753_21015_0_0.png
processing: 5785729_21016_0_0.png
processing: 5785729_21015_0_0.png
processing: 5785643_21016_1_0.png
processing: 5785643_21016_0_0.png
processing: 5785643_21015_1_0.png
  SKIPPING IMAGE: tot amount of vasculature (10838.8351) < quality threshold 
processing: 5785643_21015_0_0.png
processing: 5785569_21016_0_0.png
processing: 5785569_21015_0_0.png
processing: 5785434_21016_0_0.png
processing: 5785434_21015_0_0.png
processing: 5785428_21016_0_0.png
  SKIPPING IMAGE: tot amount of vasculature (10333.7385) < quality threshold 
processing: 5785428_21015_0_0.png
  SKIPPING IMAGE: tot amount of vasculature (6285.6713) < quality threshold 
processing: 5785363_21016_0_0.png
processing: 5785363_21015_0_0.png
processing: 5785356_21016_1_0.png
processing: 5785356_21015_1_0.png
processing: 5785338_21016_0_0.png
  SKIPPING IMAGE: tot amount of vasculature (9118.5841) < quality threshold 
processing: 5785338_21015_0_0.png
  SKIPPING IMAGE: tot amount of vasculature (6461.5993) < quality threshold 
processing: 5785325_21016_1_0.png
  SKIPPING IMAGE: tot amount of vasculature (6.7321) < quality threshold 
processing: 5785325_21015_1_0.png
  SKIPPING IMAGE: tot amount of vasculature (7469.6366) < quality threshold 
processing: 5785273_21016_1_0.png
processing: 5785273_21015_1_0.png
processing: 5785205_21016_0_0.png
processing: 5785205_21015_0_0.png
processing: 5785155_21016_0_0.png
processing: 5785155_21015_0_0.png
processing: 5785148_21016_0_0.png
processing: 5785148_21015_0_0.png
processing: 5785079_21016_0_0.png
processing: 5785079_21015_0_0.png
processing: 5785040_21016_0_0.png
  SKIPPING IMAGE: tot amount of vasculature (1850.3949) < quality threshold 
processing: 5785040_21015_0_0.png
  SKIPPING IMAGE: tot amount of vasculature (1102.1635) < quality threshold 
processing: 5785014_21016_0_0.png
processing: 5785014_21015_0_0.png
processing: 5784983_21016_0_0.png
  SKIPPING IMAGE: tot amount of vasculature (8144.1214) < quality threshold 
processing: 5784983_21015_0_0.png
  SKIPPING IMAGE: tot amount of vasculature (5552.5062) < quality threshold 
processing: 5784853_21016_0_0.png
processing: 5784853_21015_0_0.png
processing: 5784779_21016_1_0.png
  SKIPPING IMAGE: tot amount of vasculature (6599.4269) < quality threshold 
processing: 5784779_21015_1_0.png
  SKIPPING IMAGE: tot amount of vasculature (3078.5329) < quality threshold 
processing: 5784487_21016_1_0.png
processing: 5784487_21015_1_0.png
  SKIPPING IMAGE: tot amount of vasculature (9014.0777) < quality threshold 
processing: 5784277_21016_0_0.png
processing: 5784277_21015_0_0.png
  SKIPPING IMAGE: tot amount of vasculature (6846.7121) < quality threshold 
processing: 5784250_21016_0_0.png
processing: 5784250_21015_0_0.png
processing: 5784218_21016_0_0.png
processing: 5784218_21015_0_0.png
processing: 5784193_21016_0_0.png
processing: 5784193_21015_0_0.png
processing: 5784161_21016_1_0.png
processing: 5784161_21015_1_0.png
processing: 5783959_21016_0_0.png
processing: 5783959_21015_0_0.png
processing: 5783916_21016_1_0.png
  SKIPPING IMAGE: tot amount of vasculature (10139.8854) < quality threshold 
processing: 5783916_21015_1_0.png
  SKIPPING IMAGE: tot amount of vasculature (3307.4646) < quality threshold 
processing: 5783902_21016_0_0.png
processing: 5783902_21015_0_0.png
processing: 5783893_21016_0_0.png
processing: 5783893_21015_0_0.png
processing: 5783772_21016_0_0.png
processing: 5783772_21015_0_0.png
processing: 5783767_21016_0_0.png
processing: 5783767_21015_0_0.png
processing: 5783748_21016_1_0.png
processing: 5783748_21015_1_0.png
processing: 5783701_21016_0_0.png
processing: 5783701_21015_0_0.png
  SKIPPING IMAGE: tot amount of vasculature (10838.7481) < quality threshold 
processing: 5783645_21016_0_0.png
  SKIPPING IMAGE: No vessels found
processing: 5783645_21015_0_0.png
  SKIPPING IMAGE: tot amount of vasculature (4052.971) < quality threshold 
processing: 5783586_21016_1_0.png
processing: 5783586_21015_1_0.png
processing: 5783551_21016_0_0.png
processing: 5783551_21015_0_0.png
  SKIPPING IMAGE: tot amount of vasculature (9727.0794) < quality threshold 
processing: 5783527_21016_0_0.png
processing: 5783527_21015_0_0.png
processing: 5783505_21016_0_0.png
processing: 5783505_21015_0_0.png
processing: 5783443_21016_0_0.png
  SKIPPING IMAGE: tot amount of vasculature (6275.2071) < quality threshold 
processing: 5783443_21015_0_0.png
  SKIPPING IMAGE: tot amount of vasculature (4890.181) < quality threshold 
processing: 5783275_21016_0_0.png
processing: 5783275_21015_0_0.png
processing: 5783258_21016_1_0.png
processing: 5783258_21015_1_0.png
processing: 5783244_21016_0_0.png
processing: 5783244_21015_0_0.png
processing: 5783166_21016_0_0.png
processing: 5783166_21015_0_0.png
processing: 5783153_21016_0_0.png
processing: 5783153_21015_0_0.png
processing: 5783137_21016_1_0.png
  SKIPPING IMAGE: tot amount of vasculature (2263.1359) < quality threshold 
processing: 5783137_21016_0_0.png
processing: 5783137_21015_1_0.png
  SKIPPING IMAGE: tot amount of vasculature (2848.8249) < quality threshold 
processing: 5783137_21015_0_0.png
processing: 5783042_21016_0_0.png
  SKIPPING IMAGE: tot amount of vasculature (7302.5399) < quality threshold 
processing: 5783042_21015_0_0.png
processing: 5783025_21016_0_0.png
processing: 5783025_21015_0_0.png
processing: 5782910_21016_0_0.png
  SKIPPING IMAGE: tot amount of vasculature (6053.6809) < quality threshold 
processing: 5782910_21015_0_0.png
  SKIPPING IMAGE: tot amount of vasculature (3866.9244) < quality threshold 
processing: 5782879_21016_1_0.png
  SKIPPING IMAGE: tot amount of vasculature (769.8665) < quality threshold 
processing: 5782879_21016_0_0.png
  SKIPPING IMAGE: tot amount of vasculature (2903.9117) < quality threshold 
processing: 5782879_21015_1_0.png
  SKIPPING IMAGE: tot amount of vasculature (7256.8155) < quality threshold 
processing: 5782879_21015_0_0.png
  SKIPPING IMAGE: tot amount of vasculature (353.2554) < quality threshold 
processing: 5782857_21016_0_0.png
processing: 5782857_21015_0_0.png
  SKIPPING IMAGE: tot amount of vasculature (4113.1048) < quality threshold 
processing: 5782481_21016_0_0.png
processing: 5782481_21015_0_0.png
processing: 5782419_21016_1_0.png
  SKIPPING IMAGE: tot amount of vasculature (2891.3582) < quality threshold 
processing: 5782419_21015_1_0.png
  SKIPPING IMAGE: tot amount of vasculature (3417.896) < quality threshold 
processing: 5782043_21016_0_0.png
processing: 5782043_21015_0_0.png
processing: 5782039_21016_1_0.png
processing: 5782039_21015_1_0.png
processing: 5782018_21016_0_0.png
processing: 5782018_21015_0_0.png
processing: 5781986_21016_0_0.png
processing: 5781986_21015_0_0.png
processing: 5781964_21016_0_0.png
  SKIPPING IMAGE: tot amount of vasculature (10623.0717) < quality threshold 
processing: 5781964_21015_0_0.png
  SKIPPING IMAGE: tot amount of vasculature (10236.8551) < quality threshold 
processing: 5781842_21016_0_0.png
processing: 5781842_21015_0_0.png
  SKIPPING IMAGE: tot amount of vasculature (8252.19) < quality threshold 
processing: 5781769_21015_0_0.png
  SKIPPING IMAGE: tot amount of vasculature (7690.9371) < quality threshold 
processing: 5781758_21016_0_0.png
processing: 5781758_21015_0_0.png
processing: 5781703_21016_0_0.png
processing: 5781703_21015_0_0.png
  SKIPPING IMAGE: tot amount of vasculature (3222.6807) < quality threshold 
processing: 5781680_21016_0_0.png
processing: 5781680_21015_0_0.png
processing: 5781667_21016_0_0.png
processing: 5781667_21015_0_0.png
  SKIPPING IMAGE: tot amount of vasculature (10812.1299) < quality threshold 
processing: 5781648_21016_0_0.png
processing: 5781648_21015_0_0.png
processing: 5781594_21016_0_0.png
processing: 5781594_21015_0_0.png
processing: 5781553_21016_0_0.png
  SKIPPING IMAGE: tot amount of vasculature (2881.7424) < quality threshold 
processing: 5781553_21015_0_0.png
  SKIPPING IMAGE: tot amount of vasculature (8865.3611) < quality threshold 
processing: 5781537_21016_0_0.png
processing: 5781537_21015_0_0.png
processing: 5781479_21016_0_0.png
processing: 5781479_21015_0_0.png
processing: 5781431_21016_0_0.png
  SKIPPING IMAGE: tot amount of vasculature (9918.8617) < quality threshold 
processing: 5781431_21015_0_0.png
  SKIPPING IMAGE: tot amount of vasculature (6408.8876) < quality threshold 
processing: 5781395_21016_0_0.png
processing: 5781395_21015_0_0.png
processing: 5781320_21016_0_0.png
  SKIPPING IMAGE: tot amount of vasculature (10631.3926) < quality threshold 
processing: 5781320_21015_0_0.png
processing: 5781302_21016_0_0.png
  SKIPPING IMAGE: tot amount of vasculature (2691.7135) < quality threshold 
processing: 5781302_21015_0_0.png
  SKIPPING IMAGE: tot amount of vasculature (1660.2155) < quality threshold 
processing: 5781289_21016_0_0.png
  SKIPPING IMAGE: tot amount of vasculature (10191.3336) < quality threshold 
processing: 5781289_21015_0_0.png
processing: 5781246_21016_1_0.png
  SKIPPING IMAGE: tot amount of vasculature (7315.5355) < quality threshold 
processing: 5781246_21016_0_0.png
processing: 5781246_21015_1_0.png
  SKIPPING IMAGE: tot amount of vasculature (7844.0071) < quality threshold 
processing: 5781246_21015_0_0.png
  SKIPPING IMAGE: tot amount of vasculature (9778.5262) < quality threshold 
processing: 5781217_21016_1_0.png
processing: 5781217_21015_1_0.png
processing: 5781150_21016_0_0.png
  SKIPPING IMAGE: tot amount of vasculature (9054.7463) < quality threshold 
processing: 5781150_21015_0_0.png
processing: 5781143_21016_0_0.png
  SKIPPING IMAGE: tot amount of vasculature (9276.4821) < quality threshold 
processing: 5781143_21015_0_0.png
processing: 5781060_21016_0_0.png
  SKIPPING IMAGE: tot amount of vasculature (9745.6631) < quality threshold 
processing: 5781060_21015_0_0.png
  SKIPPING IMAGE: tot amount of vasculature (9810.406) < quality threshold 
processing: 5781028_21016_0_0.png
processing: 5781028_21015_0_0.png
processing: 5780875_21016_0_0.png
processing: 5780875_21015_0_0.png
processing: 5780776_21016_0_0.png
processing: 5780776_21015_0_0.png
processing: 5780760_21016_0_0.png
  SKIPPING IMAGE: No vessels found
processing: 5780760_21015_0_0.png
  SKIPPING IMAGE: No vessels found
processing: 5780752_21016_0_0.png
processing: 5780752_21015_0_0.png
processing: 5780709_21016_0_0.png
processing: 5780709_21015_0_0.png
processing: 5780674_21016_0_0.png
processing: 5780674_21015_0_0.png
processing: 5780663_21016_0_0.png
processing: 5780663_21015_0_0.png
processing: 5780656_21016_0_1.png
  SKIPPING IMAGE: tot amount of vasculature (2092.0864) < quality threshold 
processing: 5780656_21016_0_0.png
  SKIPPING IMAGE: tot amount of vasculature (1120.2498) < quality threshold 
processing: 5780656_21015_0_0.png
  SKIPPING IMAGE: tot amount of vasculature (2332.1121) < quality threshold 
processing: 5780607_21016_0_0.png
processing: 5780607_21015_0_0.png
processing: 5780494_21016_0_0.png
processing: 5780494_21015_0_0.png
  SKIPPING IMAGE: tot amount of vasculature (2331.4026) < quality threshold 
processing: 5780466_21016_1_0.png
processing: 5780466_21015_1_0.png
processing: 5780441_21016_0_0.png
processing: 5780441_21015_0_0.png
processing: 5780415_21016_1_0.png
processing: 5780415_21015_1_0.png
processing: 5780415_21015_0_0.png
processing: 5780299_21016_0_0.png
processing: 5780299_21015_0_0.png
processing: 5780201_21016_1_0.png
  SKIPPING IMAGE: tot amount of vasculature (10520.8555) < quality threshold 
processing: 5780201_21015_1_0.png
  SKIPPING IMAGE: tot amount of vasculature (4154.6047) < quality threshold 
processing: 5780198_21016_0_0.png
  SKIPPING IMAGE: tot amount of vasculature (9873.4815) < quality threshold 
processing: 5780198_21015_0_0.png
processing: 5780151_21016_0_0.png
  SKIPPING IMAGE: tot amount of vasculature (7879.9547) < quality threshold 
processing: 5780151_21015_0_0.png
  SKIPPING IMAGE: tot amount of vasculature (9556.0696) < quality threshold 
processing: 5780130_21016_0_0.png
processing: 5780130_21015_0_0.png
processing: 5780089_21016_1_0.png
  SKIPPING IMAGE: tot amount of vasculature (7970.0281) < quality threshold 
processing: 5780089_21015_1_0.png
processing: 5780046_21016_0_0.png
  SKIPPING IMAGE: tot amount of vasculature (1504.0996) < quality threshold 
processing: 5780046_21015_0_0.png
processing: 5779951_21016_0_0.png
processing: 5779951_21015_0_0.png
processing: 5779905_21016_0_0.png
processing: 5779905_21015_0_0.png
processing: 5779680_21016_1_0.png
  SKIPPING IMAGE: tot amount of vasculature (3075.3215) < quality threshold 
processing: 5779680_21015_1_0.png
  SKIPPING IMAGE: tot amount of vasculature (692.077) < quality threshold 
processing: 5779613_21016_0_0.png
  SKIPPING IMAGE: tot amount of vasculature (132.8232) < quality threshold 
processing: 5779613_21015_0_0.png
  SKIPPING IMAGE: tot amount of vasculature (2869.0074) < quality threshold 
processing: 5779601_21016_1_0.png
processing: 5779601_21015_1_0.png
processing: 5779570_21016_0_0.png
processing: 5779570_21015_0_0.png
processing: 5779508_21016_0_0.png
processing: 5779508_21015_0_0.png
processing: 5779440_21016_0_0.png
processing: 5779440_21015_0_0.png
processing: 5779384_21016_0_0.png
processing: 5779384_21015_0_0.png
processing: 5779359_21016_0_0.png
processing: 5779359_21015_0_0.png
processing: 5779333_21016_0_0.png
  SKIPPING IMAGE: tot amount of vasculature (3866.7907) < quality threshold 
processing: 5779333_21015_0_0.png
  SKIPPING IMAGE: tot amount of vasculature (5996.7296) < quality threshold 
processing: 5779289_21016_0_0.png
processing: 5779289_21015_0_0.png
  SKIPPING IMAGE: tot amount of vasculature (6439.7012) < quality threshold 
processing: 5779143_21016_0_0.png
  SKIPPING IMAGE: tot amount of vasculature (8980.4818) < quality threshold 
processing: 5779143_21015_0_0.png
  SKIPPING IMAGE: tot amount of vasculature (7711.1868) < quality threshold 
processing: 5779121_21016_0_0.png
processing: 5779121_21015_0_0.png
processing: 5779060_21016_0_0.png
  SKIPPING IMAGE: tot amount of vasculature (1049.1443) < quality threshold 
processing: 5779060_21015_0_0.png
  SKIPPING IMAGE: tot amount of vasculature (2245.4085) < quality threshold 
processing: 5779028_21016_1_0.png
processing: 5779028_21015_1_0.png
processing: 5778993_21016_0_0.png
processing: 5778993_21015_0_0.png
processing: 5778895_21016_0_0.png
processing: 5778895_21015_0_0.png
processing: 5778859_21016_0_0.png
FINISHED: .mat files have been written to: /data/FAC/FBM/DBC/sbergman/retina/UKBiob/fundus/REVIEW//CLRIS/
execution time: 1729 sec
