------------------------------------------
Setting up environment variables
---
LD_LIBRARY_PATH is .:/software/Development/Languages/Matlab_Compiler_Runtime/96/runtime/glnxa64:/software/Development/Languages/Matlab_Compiler_Runtime/96/bin/glnxa64:/software/Development/Languages/Matlab_Compiler_Runtime/96/sys/os/glnxa64:/software/Development/Languages/Matlab_Compiler_Runtime/96/sys/opengl/lib/glnxa64
Running vessel measurements...
processing: 5395439_21015_0_0.png
processing: 5395404_21016_0_0.png
  SKIPPING IMAGE: tot amount of vasculature (7345.27) < quality threshold 
processing: 5395404_21015_0_0.png
processing: 5395388_21016_0_0.png
  SKIPPING IMAGE: tot amount of vasculature (10793.0464) < quality threshold 
processing: 5395388_21015_0_0.png
  SKIPPING IMAGE: tot amount of vasculature (9290.4178) < quality threshold 
processing: 5395379_21016_1_0.png
processing: 5395379_21015_1_0.png
processing: 5395357_21016_0_0.png
processing: 5395357_21015_0_0.png
processing: 5395210_21016_0_0.png
processing: 5395210_21015_0_0.png
  SKIPPING IMAGE: tot amount of vasculature (8956.0919) < quality threshold 
processing: 5395153_21016_0_0.png
processing: 5395153_21015_0_0.png
processing: 5395108_21016_0_0.png
processing: 5395108_21015_0_0.png
processing: 5395074_21016_1_0.png
processing: 5395074_21015_1_0.png
processing: 5395042_21016_0_0.png
processing: 5395042_21015_0_0.png
processing: 5395038_21016_0_0.png
processing: 5395038_21015_0_0.png
processing: 5395019_21016_0_0.png
processing: 5395019_21015_0_0.png
processing: 5394962_21016_0_0.png
processing: 5394962_21015_0_0.png
processing: 5394950_21016_0_0.png
  SKIPPING IMAGE: tot amount of vasculature (9007.1997) < quality threshold 
processing: 5394950_21015_0_0.png
processing: 5394918_21016_0_0.png
  SKIPPING IMAGE: tot amount of vasculature (9310.2335) < quality threshold 
processing: 5394918_21015_0_0.png
  SKIPPING IMAGE: tot amount of vasculature (6884.3647) < quality threshold 
processing: 5394646_21016_0_0.png
processing: 5394646_21015_0_0.png
processing: 5394523_21016_1_0.png
  SKIPPING IMAGE: tot amount of vasculature (1206.229) < quality threshold 
processing: 5394523_21016_0_0.png
processing: 5394523_21015_1_0.png
  SKIPPING IMAGE: tot amount of vasculature (6751.9503) < quality threshold 
processing: 5394523_21015_0_0.png
processing: 5394366_21016_0_0.png
  SKIPPING IMAGE: tot amount of vasculature (9073.2882) < quality threshold 
processing: 5394366_21015_0_0.png
  SKIPPING IMAGE: tot amount of vasculature (6006.0924) < quality threshold 
processing: 5394329_21016_1_0.png
processing: 5394329_21015_1_0.png
processing: 5394171_21016_1_0.png
  SKIPPING IMAGE: tot amount of vasculature (6703.8272) < quality threshold 
processing: 5394171_21015_1_0.png
  SKIPPING IMAGE: tot amount of vasculature (6020.309) < quality threshold 
processing: 5393989_21016_1_0.png
processing: 5393989_21015_1_0.png
processing: 5393895_21016_0_0.png
processing: 5393895_21015_0_0.png
processing: 5393847_21016_1_0.png
processing: 5393847_21015_1_0.png
processing: 5393794_21016_0_0.png
processing: 5393794_21015_0_0.png
processing: 5393770_21016_0_0.png
processing: 5393770_21015_0_0.png
processing: 5393650_21016_1_0.png
processing: 5393650_21016_0_0.png
processing: 5393650_21015_1_0.png
processing: 5393650_21015_0_0.png
processing: 5393526_21016_0_0.png
processing: 5393526_21015_0_0.png
processing: 5393374_21016_0_0.png
  SKIPPING IMAGE: tot amount of vasculature (7169.9321) < quality threshold 
processing: 5393374_21015_0_0.png
  SKIPPING IMAGE: tot amount of vasculature (8840.5084) < quality threshold 
processing: 5393325_21016_0_0.png
processing: 5393325_21015_0_0.png
processing: 5393298_21016_0_0.png
processing: 5393298_21015_0_0.png
processing: 5392986_21016_0_0.png
processing: 5392986_21015_0_0.png
  SKIPPING IMAGE: tot amount of vasculature (10727.736) < quality threshold 
processing: 5392973_21016_1_0.png
  SKIPPING IMAGE: tot amount of vasculature (10877.2471) < quality threshold 
processing: 5392973_21015_1_0.png
processing: 5392890_21016_0_0.png
processing: 5392890_21015_0_0.png
processing: 5392744_21016_1_0.png
  SKIPPING IMAGE: tot amount of vasculature (10094.8478) < quality threshold 
processing: 5392744_21015_1_0.png
processing: 5392710_21016_1_0.png
processing: 5392710_21015_1_0.png
processing: 5392406_21016_0_0.png
  SKIPPING IMAGE: tot amount of vasculature (4.6796) < quality threshold 
processing: 5392406_21015_0_0.png
  SKIPPING IMAGE: tot amount of vasculature (2240.8375) < quality threshold 
processing: 5392320_21016_0_0.png
processing: 5392320_21015_0_0.png
processing: 5392302_21016_0_0.png
processing: 5392302_21015_0_0.png
processing: 5392261_21016_0_0.png
processing: 5392261_21015_0_0.png
processing: 5392200_21016_0_1.png
  SKIPPING IMAGE: tot amount of vasculature (118.3942) < quality threshold 
processing: 5392200_21016_0_0.png
  SKIPPING IMAGE: tot amount of vasculature (16.933) < quality threshold 
processing: 5392200_21015_0_0.png
  SKIPPING IMAGE: tot amount of vasculature (2720.9807) < quality threshold 
processing: 5392185_21016_0_0.png
  SKIPPING IMAGE: tot amount of vasculature (10505.8035) < quality threshold 
processing: 5392185_21015_0_0.png
  SKIPPING IMAGE: tot amount of vasculature (5567.8803) < quality threshold 
processing: 5392083_21016_0_0.png
processing: 5392083_21015_0_0.png
processing: 5392045_21016_0_0.png
  SKIPPING IMAGE: tot amount of vasculature (4224.203) < quality threshold 
processing: 5392045_21015_0_0.png
  SKIPPING IMAGE: tot amount of vasculature (10975.9859) < quality threshold 
processing: 5391991_21016_0_0.png
processing: 5391991_21015_0_0.png
processing: 5391840_21016_0_0.png
processing: 5391840_21015_0_0.png
processing: 5391705_21016_0_0.png
  SKIPPING IMAGE: tot amount of vasculature (7804.7406) < quality threshold 
processing: 5391705_21015_0_0.png
processing: 5391666_21016_0_0.png
  SKIPPING IMAGE: tot amount of vasculature (4108.8326) < quality threshold 
processing: 5391666_21015_0_0.png
  SKIPPING IMAGE: tot amount of vasculature (4191.5405) < quality threshold 
processing: 5391641_21016_0_0.png
processing: 5391641_21015_0_0.png
  SKIPPING IMAGE: tot amount of vasculature (10163.8145) < quality threshold 
processing: 5391501_21016_0_0.png
processing: 5391501_21015_0_0.png
processing: 5391481_21016_0_0.png
processing: 5391481_21015_0_0.png
processing: 5391389_21016_0_0.png
processing: 5391389_21015_0_0.png
processing: 5391354_21015_1_0.png
processing: 5391300_21016_0_0.png
processing: 5391300_21015_0_0.png
processing: 5391220_21016_0_0.png
processing: 5391220_21015_0_0.png
processing: 5391043_21016_0_0.png
processing: 5391043_21015_0_0.png
processing: 5391021_21016_1_0.png
  SKIPPING IMAGE: tot amount of vasculature (949.1703) < quality threshold 
processing: 5391021_21015_1_0.png
processing: 5391018_21016_0_0.png
processing: 5391018_21015_0_0.png
processing: 5390974_21016_0_0.png
processing: 5390974_21015_0_0.png
processing: 5390942_21016_1_0.png
processing: 5390942_21015_1_0.png
processing: 5390925_21016_0_0.png
processing: 5390925_21015_0_0.png
processing: 5390849_21016_0_0.png
processing: 5390849_21015_0_0.png
  SKIPPING IMAGE: tot amount of vasculature (10922.8489) < quality threshold 
processing: 5390805_21016_0_0.png
  SKIPPING IMAGE: tot amount of vasculature (4991.4719) < quality threshold 
processing: 5390805_21015_0_0.png
processing: 5390785_21016_1_0.png
  SKIPPING IMAGE: No vessels found
processing: 5390785_21015_1_0.png
  SKIPPING IMAGE: No vessels found
processing: 5390777_21016_0_0.png
processing: 5390777_21015_0_0.png
processing: 5390739_21016_0_0.png
  SKIPPING IMAGE: tot amount of vasculature (2956.9315) < quality threshold 
processing: 5390739_21015_0_0.png
  SKIPPING IMAGE: tot amount of vasculature (6974.7339) < quality threshold 
processing: 5390657_21016_0_0.png
  SKIPPING IMAGE: tot amount of vasculature (771.2969) < quality threshold 
processing: 5390657_21015_0_0.png
processing: 5390640_21016_1_0.png
  SKIPPING IMAGE: tot amount of vasculature (3821.5522) < quality threshold 
processing: 5390640_21015_1_0.png
  SKIPPING IMAGE: tot amount of vasculature (9132.7388) < quality threshold 
processing: 5390623_21016_1_0.png
  SKIPPING IMAGE: tot amount of vasculature (7908.4947) < quality threshold 
processing: 5390623_21015_1_0.png
  SKIPPING IMAGE: tot amount of vasculature (10845.5304) < quality threshold 
processing: 5390614_21016_0_0.png
processing: 5390614_21015_0_0.png
processing: 5390522_21016_0_0.png
processing: 5390522_21015_0_0.png
processing: 5390500_21016_0_0.png
processing: 5390500_21015_0_0.png
processing: 5390436_21016_1_0.png
  SKIPPING IMAGE: tot amount of vasculature (8840.2666) < quality threshold 
processing: 5390436_21015_1_0.png
  SKIPPING IMAGE: tot amount of vasculature (454.9975) < quality threshold 
processing: 5390424_21016_0_0.png
processing: 5390424_21015_0_0.png
processing: 5390352_21016_0_0.png
processing: 5390352_21015_0_0.png
  SKIPPING IMAGE: tot amount of vasculature (4755.8315) < quality threshold 
processing: 5390311_21016_0_0.png
  SKIPPING IMAGE: tot amount of vasculature (41.6301) < quality threshold 
processing: 5390311_21015_0_0.png
  SKIPPING IMAGE: tot amount of vasculature (4205.1896) < quality threshold 
processing: 5390309_21016_1_0.png
processing: 5390309_21015_1_0.png
processing: 5390270_21016_1_0.png
  SKIPPING IMAGE: tot amount of vasculature (5452.6765) < quality threshold 
processing: 5390270_21015_1_0.png
  SKIPPING IMAGE: tot amount of vasculature (2992.4724) < quality threshold 
processing: 5390266_21016_0_0.png
processing: 5390266_21015_0_0.png
processing: 5390191_21016_0_0.png
processing: 5390191_21015_0_0.png
processing: 5390059_21016_0_0.png
processing: 5390059_21015_0_0.png
processing: 5390033_21016_1_0.png
processing: 5390033_21015_1_0.png
processing: 5390020_21016_0_0.png
processing: 5390020_21015_0_0.png
processing: 5389987_21016_0_0.png
processing: 5389987_21015_0_0.png
processing: 5389944_21016_0_0.png
processing: 5389944_21015_0_0.png
processing: 5389932_21016_0_0.png
processing: 5389932_21015_0_0.png
processing: 5389694_21016_0_0.png
processing: 5389694_21015_0_0.png
processing: 5389670_21015_0_0.png
processing: 5389615_21016_1_0.png
processing: 5389615_21015_1_0.png
processing: 5389580_21016_1_0.png
  SKIPPING IMAGE: tot amount of vasculature (8418.438) < quality threshold 
processing: 5389580_21015_1_0.png
  SKIPPING IMAGE: tot amount of vasculature (7576.143) < quality threshold 
processing: 5389295_21016_1_0.png
  SKIPPING IMAGE: tot amount of vasculature (4827.5292) < quality threshold 
processing: 5389295_21015_1_0.png
  SKIPPING IMAGE: tot amount of vasculature (5138.4602) < quality threshold 
processing: 5389216_21016_1_0.png
processing: 5389216_21015_1_0.png
  SKIPPING IMAGE: tot amount of vasculature (10376.344) < quality threshold 
processing: 5389145_21016_0_0.png
processing: 5389145_21015_0_0.png
processing: 5389109_21016_0_0.png
  SKIPPING IMAGE: tot amount of vasculature (6804.539) < quality threshold 
processing: 5389109_21015_0_0.png
  SKIPPING IMAGE: tot amount of vasculature (8097.3499) < quality threshold 
processing: 5389062_21016_0_0.png
  SKIPPING IMAGE: tot amount of vasculature (10791.3584) < quality threshold 
processing: 5389062_21015_0_0.png
  SKIPPING IMAGE: tot amount of vasculature (8784.8055) < quality threshold 
processing: 5389043_21016_1_0.png
  SKIPPING IMAGE: tot amount of vasculature (4613.326) < quality threshold 
processing: 5389043_21015_1_0.png
processing: 5389039_21016_1_0.png
processing: 5389039_21015_1_0.png
processing: 5389018_21016_1_0.png
  SKIPPING IMAGE: tot amount of vasculature (2381.8238) < quality threshold 
processing: 5389018_21016_0_0.png
processing: 5389018_21015_1_0.png
  SKIPPING IMAGE: tot amount of vasculature (8297.4514) < quality threshold 
processing: 5389018_21015_0_0.png
processing: 5388920_21016_1_0.png
  SKIPPING IMAGE: No vessels found
processing: 5388920_21016_0_0.png
processing: 5388920_21015_1_0.png
processing: 5388920_21015_0_0.png
processing: 5388835_21016_0_0.png
processing: 5388835_21015_0_0.png
processing: 5388800_21016_0_0.png
  SKIPPING IMAGE: tot amount of vasculature (9825.3531) < quality threshold 
processing: 5388800_21015_0_0.png
processing: 5388767_21016_1_0.png
processing: 5388767_21015_1_0.png
processing: 5388549_21016_0_0.png
  SKIPPING IMAGE: tot amount of vasculature (9307.597) < quality threshold 
processing: 5388549_21015_0_0.png
  SKIPPING IMAGE: tot amount of vasculature (7711.0857) < quality threshold 
processing: 5388527_21016_0_0.png
processing: 5388527_21015_0_0.png
processing: 5388505_21016_1_0.png
processing: 5388505_21015_1_0.png
processing: 5388496_21016_0_0.png
  SKIPPING IMAGE: tot amount of vasculature (3995.1756) < quality threshold 
processing: 5388496_21015_0_0.png
  SKIPPING IMAGE: tot amount of vasculature (7929.4054) < quality threshold 
processing: 5388477_21016_0_0.png
  SKIPPING IMAGE: tot amount of vasculature (5793.4792) < quality threshold 
processing: 5388477_21015_0_0.png
  SKIPPING IMAGE: tot amount of vasculature (704.4257) < quality threshold 
processing: 5388450_21016_0_0.png
processing: 5388450_21015_0_0.png
processing: 5388443_21016_0_0.png
processing: 5388443_21015_0_0.png
processing: 5388421_21016_0_0.png
processing: 5388421_21015_0_0.png
processing: 5388379_21016_1_0.png
processing: 5388379_21015_1_0.png
  SKIPPING IMAGE: tot amount of vasculature (2894.1281) < quality threshold 
processing: 5388306_21016_0_0.png
  SKIPPING IMAGE: tot amount of vasculature (8547.353) < quality threshold 
processing: 5388306_21015_0_0.png
processing: 5388291_21016_1_0.png
processing: 5388291_21015_1_0.png
processing: 5388287_21016_0_0.png
processing: 5388287_21015_0_0.png
processing: 5388275_21016_0_0.png
processing: 5388275_21015_0_0.png
processing: 5388244_21016_0_0.png
processing: 5388244_21015_0_0.png
processing: 5388203_21016_1_0.png
processing: 5388203_21015_1_0.png
processing: 5388056_21016_1_0.png
  SKIPPING IMAGE: tot amount of vasculature (2346.3345) < quality threshold 
processing: 5388056_21016_0_0.png
  SKIPPING IMAGE: tot amount of vasculature (4730.8391) < quality threshold 
processing: 5388056_21015_1_0.png
  SKIPPING IMAGE: tot amount of vasculature (3322.7715) < quality threshold 
processing: 5388056_21015_0_0.png
  SKIPPING IMAGE: tot amount of vasculature (6508.06) < quality threshold 
processing: 5387924_21016_0_0.png
processing: 5387924_21015_0_0.png
processing: 5387839_21016_1_0.png
processing: 5387839_21015_1_0.png
processing: 5387720_21016_0_0.png
processing: 5387720_21015_0_0.png
processing: 5387716_21016_1_0.png
processing: 5387716_21015_1_0.png
processing: 5387673_21016_0_0.png
  SKIPPING IMAGE: tot amount of vasculature (3410.2753) < quality threshold 
processing: 5387673_21015_0_0.png
  SKIPPING IMAGE: tot amount of vasculature (6316.3323) < quality threshold 
processing: 5387630_21016_0_0.png
processing: 5387630_21015_0_0.png
processing: 5387627_21016_0_0.png
processing: 5387627_21015_0_0.png
processing: 5387612_21016_1_0.png
processing: 5387612_21015_1_0.png
processing: 5387493_21016_0_0.png
  SKIPPING IMAGE: tot amount of vasculature (6875.5887) < quality threshold 
processing: 5387493_21015_0_0.png
  SKIPPING IMAGE: tot amount of vasculature (6036.7764) < quality threshold 
processing: 5387489_21016_1_0.png
processing: 5387489_21015_1_0.png
processing: 5387417_21016_0_0.png
processing: 5387417_21015_0_0.png
processing: 5387344_21016_0_0.png
processing: 5387344_21015_0_0.png
processing: 5387310_21016_0_0.png
  SKIPPING IMAGE: tot amount of vasculature (3942.7004) < quality threshold 
processing: 5387310_21015_0_0.png
  SKIPPING IMAGE: tot amount of vasculature (10788.2217) < quality threshold 
processing: 5387279_21016_0_0.png
  SKIPPING IMAGE: tot amount of vasculature (10721.8797) < quality threshold 
processing: 5387279_21015_0_0.png
processing: 5387265_21016_0_0.png
processing: 5387265_21015_0_0.png
processing: 5387082_21016_0_0.png
processing: 5387082_21015_0_0.png
processing: 5387070_21016_0_0.png
processing: 5387070_21015_0_0.png
processing: 5387041_21015_1_0.png
  SKIPPING IMAGE: tot amount of vasculature (2147.7119) < quality threshold 
processing: 5386996_21015_0_0.png
  SKIPPING IMAGE: tot amount of vasculature (3135.894) < quality threshold 
processing: 5386977_21016_0_0.png
  SKIPPING IMAGE: tot amount of vasculature (5859.4589) < quality threshold 
processing: 5386977_21015_0_0.png
  SKIPPING IMAGE: tot amount of vasculature (6545.1694) < quality threshold 
processing: 5386950_21016_0_0.png
processing: 5386950_21015_0_0.png
processing: 5386707_21016_0_0.png
  SKIPPING IMAGE: tot amount of vasculature (2313.5335) < quality threshold 
processing: 5386707_21015_0_0.png
  SKIPPING IMAGE: tot amount of vasculature (38.2285) < quality threshold 
processing: 5386579_21016_1_0.png
processing: 5386579_21015_1_0.png
processing: 5386531_21016_0_0.png
processing: 5386531_21015_0_0.png
  SKIPPING IMAGE: tot amount of vasculature (9973.4429) < quality threshold 
processing: 5386486_21016_1_0.png
  SKIPPING IMAGE: tot amount of vasculature (7886.5855) < quality threshold 
processing: 5386486_21015_1_0.png
  SKIPPING IMAGE: tot amount of vasculature (6366.5525) < quality threshold 
processing: 5386449_21016_0_0.png
processing: 5386449_21015_0_0.png
processing: 5386430_21016_0_0.png
  SKIPPING IMAGE: tot amount of vasculature (9804.787) < quality threshold 
processing: 5386430_21015_0_0.png
processing: 5386382_21016_1_0.png
  SKIPPING IMAGE: tot amount of vasculature (3326.1763) < quality threshold 
processing: 5386382_21016_0_0.png
processing: 5386382_21015_1_0.png
  SKIPPING IMAGE: tot amount of vasculature (6231.4587) < quality threshold 
processing: 5386382_21015_0_0.png
processing: 5386341_21016_0_0.png
processing: 5386341_21015_0_0.png
FINISHED: .mat files have been written to: /data/FAC/FBM/DBC/sbergman/retina/UKBiob/fundus/REVIEW//CLRIS/
execution time: 1594 sec
