------------------------------------------
Setting up environment variables
---
LD_LIBRARY_PATH is .:/software/Development/Languages/Matlab_Compiler_Runtime/96/runtime/glnxa64:/software/Development/Languages/Matlab_Compiler_Runtime/96/bin/glnxa64:/software/Development/Languages/Matlab_Compiler_Runtime/96/sys/os/glnxa64:/software/Development/Languages/Matlab_Compiler_Runtime/96/sys/opengl/lib/glnxa64
Running vessel measurements...
processing: 5804740_21016_0_0.png
processing: 5804740_21015_0_0.png
processing: 5804695_21016_1_0.png
  SKIPPING IMAGE: tot amount of vasculature (675.5359) < quality threshold 
processing: 5804695_21015_1_0.png
  SKIPPING IMAGE: tot amount of vasculature (8281.7036) < quality threshold 
processing: 5804620_21016_0_0.png
  SKIPPING IMAGE: tot amount of vasculature (7358.9436) < quality threshold 
processing: 5804620_21015_0_0.png
  SKIPPING IMAGE: tot amount of vasculature (6499.018) < quality threshold 
processing: 5804590_21016_0_0.png
processing: 5804590_21015_0_1.png
  SKIPPING IMAGE: tot amount of vasculature (9768.4131) < quality threshold 
processing: 5804590_21015_0_0.png
  SKIPPING IMAGE: tot amount of vasculature (6906.3257) < quality threshold 
processing: 5804563_21016_0_0.png
processing: 5804563_21015_0_0.png
  SKIPPING IMAGE: tot amount of vasculature (9635.7966) < quality threshold 
processing: 5804487_21016_0_0.png
processing: 5804487_21015_0_0.png
processing: 5804336_21016_1_0.png
processing: 5804336_21015_1_0.png
processing: 5804239_21016_0_0.png
  SKIPPING IMAGE: tot amount of vasculature (9546.7945) < quality threshold 
processing: 5804239_21015_0_0.png
  SKIPPING IMAGE: tot amount of vasculature (9571.1376) < quality threshold 
processing: 5804161_21016_0_0.png
processing: 5804161_21015_0_0.png
processing: 5804135_21016_0_0.png
processing: 5804135_21015_0_0.png
processing: 5804064_21016_0_0.png
processing: 5804064_21015_0_0.png
processing: 5803995_21016_0_0.png
processing: 5803995_21015_0_0.png
processing: 5803984_21016_0_0.png
processing: 5803984_21015_0_0.png
processing: 5803889_21016_0_0.png
processing: 5803889_21015_0_0.png
processing: 5803817_21016_0_0.png
processing: 5803817_21015_0_0.png
processing: 5803697_21016_1_0.png
processing: 5803697_21015_1_0.png
processing: 5803660_21016_0_0.png
processing: 5803660_21015_0_0.png
  SKIPPING IMAGE: tot amount of vasculature (10044.2186) < quality threshold 
processing: 5803634_21016_0_0.png
  SKIPPING IMAGE: tot amount of vasculature (9741.1579) < quality threshold 
processing: 5803634_21015_0_0.png
  SKIPPING IMAGE: tot amount of vasculature (10475.4573) < quality threshold 
processing: 5803512_21016_1_0.png
  SKIPPING IMAGE: No vessels found
processing: 5803512_21015_1_0.png
  SKIPPING IMAGE: tot amount of vasculature (9587.9583) < quality threshold 
processing: 5803462_21016_0_0.png
processing: 5803462_21015_0_0.png
processing: 5803340_21016_0_0.png
processing: 5803340_21015_0_0.png
processing: 5803306_21016_0_0.png
processing: 5803306_21015_0_0.png
processing: 5803269_21016_0_0.png
  SKIPPING IMAGE: tot amount of vasculature (6409.547) < quality threshold 
processing: 5803269_21015_0_0.png
  SKIPPING IMAGE: tot amount of vasculature (4504.127) < quality threshold 
processing: 5803203_21016_1_0.png
processing: 5803203_21015_1_0.png
processing: 5803170_21016_0_0.png
processing: 5803170_21015_0_0.png
processing: 5803153_21016_0_0.png
  SKIPPING IMAGE: tot amount of vasculature (7236.4461) < quality threshold 
processing: 5803007_21016_1_0.png
processing: 5803007_21015_1_0.png
processing: 5802975_21016_1_0.png
processing: 5802975_21015_1_0.png
  SKIPPING IMAGE: tot amount of vasculature (10397.5765) < quality threshold 
processing: 5802814_21016_0_0.png
  SKIPPING IMAGE: tot amount of vasculature (9833.2416) < quality threshold 
processing: 5802814_21015_0_0.png
  SKIPPING IMAGE: tot amount of vasculature (10984.3692) < quality threshold 
processing: 5802806_21016_0_0.png
processing: 5802806_21015_0_0.png
processing: 5802786_21016_0_0.png
processing: 5802786_21015_0_0.png
processing: 5802751_21016_0_0.png
processing: 5802751_21015_0_0.png
processing: 5802694_21016_1_0.png
processing: 5802694_21015_1_0.png
processing: 5802666_21016_0_0.png
processing: 5802666_21015_0_0.png
processing: 5802637_21016_1_0.png
processing: 5802637_21015_1_0.png
processing: 5802580_21016_0_0.png
processing: 5802580_21015_0_0.png
processing: 5802555_21016_0_0.png
processing: 5802555_21015_0_0.png
processing: 5802490_21016_0_0.png
  SKIPPING IMAGE: tot amount of vasculature (1396.6244) < quality threshold 
processing: 5802490_21015_0_0.png
  SKIPPING IMAGE: tot amount of vasculature (2921.5138) < quality threshold 
processing: 5802456_21016_0_0.png
processing: 5802456_21015_0_0.png
processing: 5802438_21016_0_0.png
processing: 5802438_21015_0_0.png
processing: 5802425_21016_0_0.png
processing: 5802425_21015_0_0.png
  SKIPPING IMAGE: tot amount of vasculature (9274.5) < quality threshold 
processing: 5802407_21016_1_0.png
processing: 5802407_21015_1_0.png
processing: 5802393_21016_0_0.png
processing: 5802393_21015_0_0.png
processing: 5802378_21016_0_0.png
processing: 5802378_21015_0_0.png
processing: 5802335_21016_0_0.png
processing: 5802335_21015_0_0.png
processing: 5802322_21016_0_0.png
processing: 5802322_21015_0_0.png
processing: 5802134_21016_0_0.png
processing: 5802134_21015_0_0.png
processing: 5802062_21016_1_0.png
  SKIPPING IMAGE: tot amount of vasculature (2108.5883) < quality threshold 
processing: 5802062_21015_1_0.png
  SKIPPING IMAGE: tot amount of vasculature (5797.6504) < quality threshold 
processing: 5802004_21016_0_0.png
processing: 5802004_21015_0_0.png
processing: 5801881_21016_0_0.png
processing: 5801881_21015_0_0.png
processing: 5801874_21016_0_0.png
processing: 5801874_21015_0_0.png
processing: 5801863_21016_0_0.png
  SKIPPING IMAGE: tot amount of vasculature (10612.1836) < quality threshold 
processing: 5801863_21015_0_0.png
  SKIPPING IMAGE: tot amount of vasculature (7659.967) < quality threshold 
processing: 5801791_21016_0_0.png
processing: 5801791_21015_0_0.png
processing: 5801732_21016_1_0.png
  SKIPPING IMAGE: tot amount of vasculature (3839.753) < quality threshold 
processing: 5801732_21015_1_0.png
  SKIPPING IMAGE: tot amount of vasculature (8353.1527) < quality threshold 
processing: 5801680_21016_0_0.png
processing: 5801680_21015_0_0.png
processing: 5801672_21016_0_0.png
processing: 5801672_21015_0_0.png
processing: 5801636_21016_0_0.png
processing: 5801636_21015_0_0.png
processing: 5801492_21016_0_0.png
  SKIPPING IMAGE: tot amount of vasculature (6198.7652) < quality threshold 
processing: 5801492_21015_0_0.png
processing: 5801488_21016_0_0.png
processing: 5801488_21015_0_0.png
processing: 5801440_21016_0_0.png
processing: 5801440_21015_0_0.png
processing: 5801384_21016_0_0.png
  SKIPPING IMAGE: tot amount of vasculature (4139.8933) < quality threshold 
processing: 5801384_21015_0_0.png
  SKIPPING IMAGE: tot amount of vasculature (4034.8885) < quality threshold 
processing: 5801320_21016_0_0.png
  SKIPPING IMAGE: tot amount of vasculature (5334.6296) < quality threshold 
processing: 5801293_21016_0_0.png
processing: 5801293_21015_0_0.png
processing: 5801139_21016_1_0.png
processing: 5801139_21015_1_0.png
  SKIPPING IMAGE: tot amount of vasculature (8161.4349) < quality threshold 
processing: 5801121_21016_0_0.png
processing: 5801121_21015_0_0.png
processing: 5801052_21016_0_0.png
processing: 5801052_21015_0_0.png
processing: 5801011_21016_0_0.png
processing: 5801011_21015_0_0.png
processing: 5800931_21016_1_0.png
  SKIPPING IMAGE: tot amount of vasculature (9684.4421) < quality threshold 
processing: 5800931_21015_1_0.png
processing: 5800734_21016_0_0.png
  SKIPPING IMAGE: tot amount of vasculature (9281.602) < quality threshold 
processing: 5800734_21015_0_0.png
processing: 5800638_21016_0_0.png
processing: 5800638_21015_0_0.png
processing: 5800625_21015_0_0.png
  SKIPPING IMAGE: tot amount of vasculature (2296.6415) < quality threshold 
processing: 5800607_21016_1_0.png
processing: 5800607_21015_1_0.png
  SKIPPING IMAGE: tot amount of vasculature (9376.7619) < quality threshold 
processing: 5800520_21016_0_0.png
  SKIPPING IMAGE: tot amount of vasculature (164.6923) < quality threshold 
processing: 5800520_21015_0_0.png
  SKIPPING IMAGE: tot amount of vasculature (3690.7313) < quality threshold 
processing: 5800516_21016_0_0.png
  SKIPPING IMAGE: tot amount of vasculature (9448.4783) < quality threshold 
processing: 5800516_21015_0_0.png
  SKIPPING IMAGE: tot amount of vasculature (4879.461) < quality threshold 
processing: 5800482_21016_0_0.png
processing: 5800482_21015_0_0.png
processing: 5800318_21016_0_0.png
processing: 5800318_21015_0_0.png
processing: 5800198_21016_1_0.png
processing: 5800198_21015_1_0.png
processing: 5800054_21016_0_1.png
processing: 5800054_21016_0_0.png
processing: 5800054_21015_0_0.png
processing: 5800017_21016_1_0.png
  SKIPPING IMAGE: tot amount of vasculature (10720.1781) < quality threshold 
processing: 5800017_21015_1_0.png
  SKIPPING IMAGE: tot amount of vasculature (8318.2544) < quality threshold 
processing: 5799855_21016_0_0.png
  SKIPPING IMAGE: tot amount of vasculature (10913.1486) < quality threshold 
processing: 5799855_21015_0_0.png
  SKIPPING IMAGE: tot amount of vasculature (721.537) < quality threshold 
processing: 5799635_21016_0_0.png
processing: 5799635_21015_0_0.png
processing: 5799622_21016_0_0.png
processing: 5799622_21015_0_0.png
processing: 5799617_21016_0_0.png
processing: 5799617_21015_0_0.png
processing: 5799557_21016_0_0.png
processing: 5799557_21015_0_0.png
processing: 5799498_21016_0_0.png
processing: 5799498_21015_0_0.png
processing: 5799451_21016_0_0.png
processing: 5799451_21015_0_0.png
processing: 5799412_21016_0_0.png
  SKIPPING IMAGE: tot amount of vasculature (7827.2695) < quality threshold 
processing: 5799412_21015_0_0.png
  SKIPPING IMAGE: tot amount of vasculature (10800.8225) < quality threshold 
processing: 5799341_21016_0_0.png
processing: 5799341_21015_0_0.png
processing: 5799252_21016_0_0.png
processing: 5799252_21015_0_0.png
processing: 5799159_21016_0_0.png
processing: 5799159_21015_0_0.png
  SKIPPING IMAGE: tot amount of vasculature (8600.5205) < quality threshold 
processing: 5799133_21016_0_0.png
processing: 5799133_21015_0_0.png
processing: 5799102_21016_0_0.png
processing: 5799102_21015_0_0.png
processing: 5799075_21016_0_0.png
processing: 5799075_21015_0_0.png
processing: 5798945_21016_0_0.png
processing: 5798945_21015_0_0.png
  SKIPPING IMAGE: tot amount of vasculature (5739.34) < quality threshold 
processing: 5798792_21016_0_0.png
processing: 5798792_21015_0_0.png
processing: 5798590_21016_0_0.png
processing: 5798590_21015_0_0.png
processing: 5798556_21016_0_0.png
processing: 5798556_21015_0_0.png
processing: 5798475_21015_0_0.png
processing: 5798372_21016_0_0.png
processing: 5798372_21015_0_0.png
processing: 5798336_21016_0_0.png
processing: 5798336_21015_0_0.png
processing: 5798243_21016_0_0.png
processing: 5798243_21015_0_0.png
processing: 5798178_21016_0_0.png
processing: 5798178_21015_0_0.png
processing: 5798161_21016_0_0.png
processing: 5798161_21015_0_0.png
processing: 5798086_21016_1_0.png
  SKIPPING IMAGE: tot amount of vasculature (2275.5942) < quality threshold 
processing: 5798086_21015_1_0.png
  SKIPPING IMAGE: tot amount of vasculature (9157.3587) < quality threshold 
processing: 5798012_21016_0_0.png
  SKIPPING IMAGE: tot amount of vasculature (7477.4708) < quality threshold 
processing: 5798012_21015_0_0.png
  SKIPPING IMAGE: tot amount of vasculature (9699.4638) < quality threshold 
processing: 5797988_21016_1_0.png
processing: 5797988_21015_1_0.png
processing: 5797965_21016_0_0.png
processing: 5797965_21015_0_0.png
  SKIPPING IMAGE: tot amount of vasculature (10746.955) < quality threshold 
processing: 5797906_21016_0_0.png
  SKIPPING IMAGE: tot amount of vasculature (3352.104) < quality threshold 
processing: 5797906_21015_0_0.png
  SKIPPING IMAGE: tot amount of vasculature (9117.4363) < quality threshold 
processing: 5797875_21016_0_0.png
processing: 5797875_21015_0_0.png
processing: 5797745_21016_1_0.png
processing: 5797745_21016_0_0.png
processing: 5797745_21015_0_0.png
processing: 5797681_21016_0_0.png
processing: 5797681_21015_0_0.png
processing: 5797674_21016_0_0.png
  SKIPPING IMAGE: tot amount of vasculature (4596.7195) < quality threshold 
processing: 5797674_21015_0_1.png
  SKIPPING IMAGE: tot amount of vasculature (6408.4138) < quality threshold 
processing: 5797674_21015_0_0.png
processing: 5797663_21016_0_0.png
processing: 5797663_21015_0_0.png
processing: 5797396_21016_0_0.png
processing: 5797396_21015_0_0.png
processing: 5797149_21016_0_0.png
processing: 5797149_21015_0_0.png
processing: 5797054_21016_1_0.png
  SKIPPING IMAGE: tot amount of vasculature (5.2251) < quality threshold 
processing: 5797054_21015_1_0.png
  SKIPPING IMAGE: tot amount of vasculature (3457.8088) < quality threshold 
processing: 5797035_21016_0_0.png
processing: 5797035_21015_0_0.png
processing: 5796991_21016_0_0.png
processing: 5796991_21015_0_0.png
processing: 5796932_21016_0_0.png
processing: 5796932_21015_0_0.png
processing: 5796814_21016_0_0.png
processing: 5796814_21015_0_0.png
processing: 5796798_21016_0_0.png
  SKIPPING IMAGE: tot amount of vasculature (7521.1876) < quality threshold 
processing: 5796798_21015_0_0.png
processing: 5796751_21016_0_0.png
  SKIPPING IMAGE: tot amount of vasculature (2034.0537) < quality threshold 
processing: 5796751_21015_0_0.png
processing: 5796666_21016_0_0.png
processing: 5796666_21015_0_0.png
processing: 5796513_21016_0_0.png
processing: 5796513_21015_0_0.png
processing: 5796481_21016_1_0.png
  SKIPPING IMAGE: tot amount of vasculature (3089.1573) < quality threshold 
processing: 5796474_21016_1_0.png
  SKIPPING IMAGE: tot amount of vasculature (5342.8807) < quality threshold 
processing: 5796474_21016_0_0.png
  SKIPPING IMAGE: tot amount of vasculature (1735.3738) < quality threshold 
processing: 5796474_21015_1_0.png
  SKIPPING IMAGE: tot amount of vasculature (5184.5854) < quality threshold 
processing: 5796474_21015_0_0.png
processing: 5796407_21016_1_0.png
processing: 5796407_21015_1_0.png
processing: 5796361_21016_0_0.png
processing: 5796361_21015_0_0.png
processing: 5796354_21016_1_0.png
  SKIPPING IMAGE: tot amount of vasculature (3148.8185) < quality threshold 
processing: 5796354_21015_1_0.png
  SKIPPING IMAGE: tot amount of vasculature (10832.1846) < quality threshold 
processing: 5796259_21016_0_0.png
processing: 5796259_21015_0_0.png
processing: 5796247_21016_0_0.png
processing: 5796247_21015_0_0.png
processing: 5796220_21016_0_0.png
processing: 5796220_21015_0_0.png
processing: 5796145_21016_0_0.png
processing: 5796145_21015_0_0.png
processing: 5796134_21016_0_0.png
processing: 5796134_21015_0_0.png
processing: 5796111_21016_0_0.png
processing: 5796111_21015_0_0.png
  SKIPPING IMAGE: tot amount of vasculature (9561.6414) < quality threshold 
processing: 5796109_21016_0_0.png
  SKIPPING IMAGE: tot amount of vasculature (6786.2011) < quality threshold 
processing: 5796109_21015_0_0.png
  SKIPPING IMAGE: tot amount of vasculature (3684.8547) < quality threshold 
processing: 5796085_21016_0_0.png
processing: 5796085_21015_0_0.png
  SKIPPING IMAGE: tot amount of vasculature (8731.3911) < quality threshold 
processing: 5795963_21016_1_0.png
processing: 5795963_21015_1_0.png
processing: 5795956_21016_0_0.png
  SKIPPING IMAGE: tot amount of vasculature (469.9749) < quality threshold 
processing: 5795956_21015_0_0.png
  SKIPPING IMAGE: tot amount of vasculature (2289.2569) < quality threshold 
processing: 5795873_21016_0_0.png
  SKIPPING IMAGE: tot amount of vasculature (8464.1424) < quality threshold 
processing: 5795873_21015_0_0.png
processing: 5795849_21016_0_0.png
processing: 5795849_21015_0_0.png
processing: 5795830_21016_0_0.png
processing: 5795830_21015_0_0.png
processing: 5795812_21016_1_0.png
  SKIPPING IMAGE: tot amount of vasculature (3067.205) < quality threshold 
processing: 5795812_21015_1_0.png
  SKIPPING IMAGE: No vessels found
processing: 5795796_21016_0_0.png
  SKIPPING IMAGE: tot amount of vasculature (8854.2315) < quality threshold 
processing: 5795796_21015_0_0.png
  SKIPPING IMAGE: tot amount of vasculature (6291.466) < quality threshold 
processing: 5795739_21016_0_0.png
processing: 5795739_21015_0_0.png
processing: 5795704_21016_0_0.png
processing: 5795704_21015_0_0.png
processing: 5795679_21016_0_0.png
processing: 5795679_21015_0_0.png
processing: 5795631_21016_0_0.png
processing: 5795631_21015_0_0.png
processing: 5795606_21016_0_0.png
  SKIPPING IMAGE: tot amount of vasculature (6495.5441) < quality threshold 
processing: 5795606_21015_0_0.png
processing: 5795535_21016_0_0.png
  SKIPPING IMAGE: tot amount of vasculature (7442.2267) < quality threshold 
FINISHED: .mat files have been written to: /data/FAC/FBM/DBC/sbergman/retina/UKBiob/fundus/REVIEW//CLRIS/
execution time: 1737 sec
