------------------------------------------
Setting up environment variables
---
LD_LIBRARY_PATH is .:/software/Development/Languages/Matlab_Compiler_Runtime/96/runtime/glnxa64:/software/Development/Languages/Matlab_Compiler_Runtime/96/bin/glnxa64:/software/Development/Languages/Matlab_Compiler_Runtime/96/sys/os/glnxa64:/software/Development/Languages/Matlab_Compiler_Runtime/96/sys/opengl/lib/glnxa64
Running vessel measurements...
processing: 3443540_21016_1_0.png
processing: 3443540_21015_1_0.png
processing: 3443430_21016_0_0.png
processing: 3443430_21015_0_0.png
processing: 3443394_21016_1_0.png
processing: 3443394_21015_1_0.png
processing: 3443382_21016_1_0.png
  SKIPPING IMAGE: tot amount of vasculature (2313.7838) < quality threshold 
processing: 3443382_21015_1_0.png
  SKIPPING IMAGE: tot amount of vasculature (9658.4479) < quality threshold 
processing: 3443337_21016_1_0.png
  SKIPPING IMAGE: tot amount of vasculature (8536.4151) < quality threshold 
processing: 3443337_21015_1_0.png
  SKIPPING IMAGE: tot amount of vasculature (9411.842) < quality threshold 
processing: 3443315_21016_0_0.png
processing: 3443315_21015_0_0.png
  SKIPPING IMAGE: tot amount of vasculature (10615.8786) < quality threshold 
processing: 3443171_21016_0_0.png
  SKIPPING IMAGE: tot amount of vasculature (10628.9962) < quality threshold 
processing: 3443171_21015_0_0.png
  SKIPPING IMAGE: tot amount of vasculature (10853.405) < quality threshold 
processing: 3443159_21016_1_0.png
processing: 3443159_21016_0_0.png
  SKIPPING IMAGE: tot amount of vasculature (66.4648) < quality threshold 
processing: 3443159_21015_1_0.png
processing: 3443159_21015_0_0.png
  SKIPPING IMAGE: tot amount of vasculature (8110.3137) < quality threshold 
processing: 3443010_21016_1_0.png
  SKIPPING IMAGE: tot amount of vasculature (10889.7805) < quality threshold 
processing: 3443010_21015_1_0.png
  SKIPPING IMAGE: tot amount of vasculature (6418.1228) < quality threshold 
processing: 3442976_21016_0_0.png
processing: 3442976_21015_0_0.png
processing: 3442853_21016_0_0.png
processing: 3442853_21015_0_0.png
processing: 3442765_21016_1_0.png
  SKIPPING IMAGE: tot amount of vasculature (7902.011) < quality threshold 
processing: 3442765_21015_1_0.png
  SKIPPING IMAGE: tot amount of vasculature (8351.9415) < quality threshold 
processing: 3442723_21016_0_0.png
  SKIPPING IMAGE: tot amount of vasculature (10893.8261) < quality threshold 
processing: 3442723_21015_0_0.png
  SKIPPING IMAGE: tot amount of vasculature (132.5401) < quality threshold 
processing: 3442563_21016_0_0.png
processing: 3442563_21015_0_0.png
  SKIPPING IMAGE: tot amount of vasculature (10737.588) < quality threshold 
processing: 3442538_21016_0_0.png
processing: 3442475_21016_0_0.png
processing: 3442475_21015_0_0.png
processing: 3442372_21016_0_0.png
processing: 3442372_21015_0_0.png
  SKIPPING IMAGE: tot amount of vasculature (4160.8146) < quality threshold 
processing: 3442348_21016_0_0.png
processing: 3442348_21015_0_0.png
processing: 3442324_21016_0_0.png
  SKIPPING IMAGE: tot amount of vasculature (7690.5361) < quality threshold 
processing: 3442324_21015_0_0.png
  SKIPPING IMAGE: tot amount of vasculature (7642.0211) < quality threshold 
processing: 3442301_21016_0_0.png
processing: 3442301_21015_0_0.png
processing: 3442218_21016_0_0.png
  SKIPPING IMAGE: tot amount of vasculature (7121.344) < quality threshold 
processing: 3442218_21015_0_0.png
  SKIPPING IMAGE: tot amount of vasculature (4172.8995) < quality threshold 
processing: 3442189_21016_0_0.png
processing: 3442189_21015_0_0.png
processing: 3442161_21016_0_0.png
processing: 3442161_21015_0_0.png
processing: 3442146_21016_1_0.png
processing: 3442146_21015_1_0.png
processing: 3442122_21016_0_0.png
processing: 3442122_21015_0_0.png
processing: 3442117_21016_0_0.png
  SKIPPING IMAGE: tot amount of vasculature (5873.8194) < quality threshold 
processing: 3442117_21015_0_0.png
processing: 3442073_21016_1_0.png
processing: 3442073_21015_1_0.png
processing: 3441957_21016_1_0.png
processing: 3441957_21015_1_0.png
processing: 3441797_21016_0_0.png
processing: 3441797_21015_0_0.png
processing: 3441709_21016_1_0.png
  SKIPPING IMAGE: tot amount of vasculature (330.3376) < quality threshold 
processing: 3441709_21015_1_0.png
  SKIPPING IMAGE: tot amount of vasculature (8851.1621) < quality threshold 
processing: 3441690_21016_1_0.png
processing: 3441690_21015_1_0.png
processing: 3441625_21016_1_0.png
processing: 3441625_21015_1_0.png
processing: 3441568_21016_0_0.png
processing: 3441568_21015_0_0.png
processing: 3441547_21016_0_0.png
processing: 3441547_21015_0_0.png
processing: 3441533_21016_0_0.png
processing: 3441533_21015_0_0.png
  SKIPPING IMAGE: tot amount of vasculature (10613.7741) < quality threshold 
processing: 3441377_21016_0_0.png
processing: 3441377_21015_0_0.png
processing: 3441362_21016_0_0.png
processing: 3441362_21015_0_0.png
  SKIPPING IMAGE: tot amount of vasculature (10324.6169) < quality threshold 
processing: 3441224_21015_0_0.png
processing: 3441186_21016_0_0.png
processing: 3441186_21015_0_0.png
processing: 3441151_21016_0_0.png
processing: 3441151_21015_0_0.png
processing: 3441105_21016_0_0.png
processing: 3441105_21015_0_0.png
processing: 3441078_21016_0_0.png
processing: 3441078_21015_0_0.png
processing: 3441046_21016_0_0.png
processing: 3441046_21015_0_0.png
processing: 3441017_21016_0_0.png
processing: 3441017_21015_0_0.png
processing: 3440966_21016_0_0.png
processing: 3440966_21015_0_0.png
processing: 3440941_21016_0_0.png
  SKIPPING IMAGE: tot amount of vasculature (7759.2528) < quality threshold 
processing: 3440941_21015_0_0.png
processing: 3440937_21016_0_0.png
processing: 3440937_21015_0_0.png
processing: 3440908_21016_0_0.png
processing: 3440908_21015_0_0.png
processing: 3440897_21016_1_0.png
processing: 3440897_21015_1_0.png
  SKIPPING IMAGE: tot amount of vasculature (9455.6211) < quality threshold 
processing: 3440883_21016_1_0.png
  SKIPPING IMAGE: tot amount of vasculature (9768.982) < quality threshold 
processing: 3440883_21015_1_0.png
  SKIPPING IMAGE: tot amount of vasculature (9810.9835) < quality threshold 
processing: 3440876_21016_0_0.png
processing: 3440876_21015_0_0.png
processing: 3440852_21016_0_0.png
  SKIPPING IMAGE: tot amount of vasculature (6068.2163) < quality threshold 
processing: 3440852_21015_0_0.png
  SKIPPING IMAGE: tot amount of vasculature (8424.7485) < quality threshold 
processing: 3440761_21016_0_0.png
  SKIPPING IMAGE: tot amount of vasculature (6489.7295) < quality threshold 
processing: 3440761_21015_0_0.png
processing: 3440722_21016_0_0.png
  SKIPPING IMAGE: tot amount of vasculature (191.5488) < quality threshold 
processing: 3440722_21015_0_0.png
  SKIPPING IMAGE: tot amount of vasculature (4644.2782) < quality threshold 
processing: 3440543_21016_0_0.png
processing: 3440543_21015_0_0.png
  SKIPPING IMAGE: tot amount of vasculature (937.7886) < quality threshold 
processing: 3440459_21016_0_0.png
processing: 3440459_21015_0_0.png
processing: 3440386_21016_0_0.png
processing: 3440386_21015_0_0.png
processing: 3440312_21016_0_0.png
