------------------------------------------
Setting up environment variables
---
LD_LIBRARY_PATH is .:/software/Development/Languages/Matlab_Compiler_Runtime/96/runtime/glnxa64:/software/Development/Languages/Matlab_Compiler_Runtime/96/bin/glnxa64:/software/Development/Languages/Matlab_Compiler_Runtime/96/sys/os/glnxa64:/software/Development/Languages/Matlab_Compiler_Runtime/96/sys/opengl/lib/glnxa64
Running vessel measurements...
processing: 1507919_21016_0_0.png
  SKIPPING IMAGE: tot amount of vasculature (3252.7401) < quality threshold 
processing: 1507919_21015_0_0.png
  SKIPPING IMAGE: tot amount of vasculature (10222.5252) < quality threshold 
processing: 1507721_21016_0_0.png
processing: 1507721_21015_0_0.png
  SKIPPING IMAGE: tot amount of vasculature (9901.3371) < quality threshold 
processing: 1507718_21016_0_0.png
  SKIPPING IMAGE: tot amount of vasculature (5420.8229) < quality threshold 
processing: 1507718_21015_0_0.png
  SKIPPING IMAGE: tot amount of vasculature (5983.1335) < quality threshold 
processing: 1507665_21016_0_0.png
processing: 1507665_21015_0_0.png
processing: 1507623_21016_0_0.png
processing: 1507623_21015_0_0.png
  SKIPPING IMAGE: tot amount of vasculature (9216.3209) < quality threshold 
processing: 1507535_21016_1_0.png
processing: 1507535_21015_1_0.png
processing: 1507500_21016_0_0.png
processing: 1507500_21015_0_0.png
  SKIPPING IMAGE: tot amount of vasculature (8340.7751) < quality threshold 
processing: 1507436_21016_0_0.png
processing: 1507436_21015_0_0.png
processing: 1507424_21016_0_0.png
processing: 1507424_21015_0_0.png
processing: 1507397_21016_1_0.png
processing: 1507397_21015_1_0.png
processing: 1507294_21016_0_0.png
processing: 1507294_21015_0_0.png
  SKIPPING IMAGE: tot amount of vasculature (9685.7878) < quality threshold 
processing: 1507270_21016_0_0.png
  SKIPPING IMAGE: tot amount of vasculature (34.615) < quality threshold 
processing: 1507270_21015_0_0.png
  SKIPPING IMAGE: tot amount of vasculature (3723.9833) < quality threshold 
processing: 1507103_21016_0_0.png
processing: 1507103_21015_0_0.png
processing: 1507095_21016_0_0.png
processing: 1507095_21015_0_0.png
processing: 1507059_21016_0_0.png
processing: 1507059_21015_0_0.png
processing: 1507033_21016_0_0.png
processing: 1507033_21015_0_0.png
processing: 1507002_21016_0_0.png
processing: 1507002_21015_0_0.png
processing: 1506927_21016_1_0.png
processing: 1506927_21016_0_0.png
processing: 1506927_21015_1_0.png
processing: 1506927_21015_0_0.png
processing: 1506890_21016_0_0.png
processing: 1506890_21015_0_0.png
processing: 1506699_21016_0_0.png
processing: 1506699_21015_0_0.png
processing: 1506667_21016_0_0.png
processing: 1506667_21015_0_0.png
processing: 1506648_21016_0_0.png
processing: 1506648_21015_0_0.png
processing: 1506636_21016_0_0.png
processing: 1506636_21015_0_0.png
processing: 1506613_21016_0_0.png
processing: 1506613_21015_0_0.png
processing: 1506371_21016_0_0.png
processing: 1506371_21015_0_0.png
processing: 1506347_21016_0_0.png
processing: 1506347_21015_0_0.png
processing: 1506316_21016_0_0.png
  SKIPPING IMAGE: tot amount of vasculature (1494.6915) < quality threshold 
processing: 1506316_21015_0_0.png
  SKIPPING IMAGE: tot amount of vasculature (8762.6646) < quality threshold 
processing: 1506261_21016_0_0.png
processing: 1506097_21016_0_0.png
  SKIPPING IMAGE: tot amount of vasculature (6310.5051) < quality threshold 
processing: 1506097_21015_0_0.png
  SKIPPING IMAGE: tot amount of vasculature (2746.766) < quality threshold 
processing: 1506060_21016_0_1.png
processing: 1506060_21016_0_0.png
processing: 1506060_21015_0_0.png
processing: 1506045_21016_0_0.png
processing: 1506045_21015_0_0.png
processing: 1506011_21016_0_0.png
processing: 1506011_21015_0_0.png
processing: 1505914_21016_0_0.png
processing: 1505914_21015_0_0.png
processing: 1505875_21016_0_0.png
processing: 1505875_21015_0_0.png
processing: 1505844_21016_0_0.png
processing: 1505844_21015_0_0.png
processing: 1505797_21016_0_0.png
  SKIPPING IMAGE: tot amount of vasculature (9744.6294) < quality threshold 
processing: 1505797_21015_0_0.png
  SKIPPING IMAGE: tot amount of vasculature (4039.078) < quality threshold 
processing: 1505760_21016_1_0.png
processing: 1505760_21015_1_0.png
  SKIPPING IMAGE: tot amount of vasculature (3299.3043) < quality threshold 
processing: 1505734_21016_0_0.png
processing: 1505734_21015_0_0.png
  SKIPPING IMAGE: tot amount of vasculature (7910.6212) < quality threshold 
processing: 1505709_21016_0_0.png
processing: 1505709_21015_0_0.png
processing: 1505681_21016_0_0.png
processing: 1505681_21015_0_0.png
processing: 1505663_21016_0_0.png
processing: 1505663_21015_0_0.png
processing: 1505625_21016_0_0.png
processing: 1505625_21015_0_0.png
  SKIPPING IMAGE: tot amount of vasculature (8042.3714) < quality threshold 
processing: 1505482_21016_0_0.png
processing: 1505482_21015_0_1.png
  SKIPPING IMAGE: tot amount of vasculature (9849.9032) < quality threshold 
processing: 1505482_21015_0_0.png
processing: 1505343_21016_0_0.png
processing: 1505343_21015_0_0.png
processing: 1505318_21016_0_0.png
  SKIPPING IMAGE: No vessels found
processing: 1505318_21015_0_0.png
  SKIPPING IMAGE: tot amount of vasculature (6640.9142) < quality threshold 
processing: 1505272_21016_0_0.png
processing: 1505272_21015_0_0.png
processing: 1505046_21016_0_0.png
processing: 1505046_21015_0_0.png
processing: 1505017_21016_0_0.png
  SKIPPING IMAGE: tot amount of vasculature (9497.1103) < quality threshold 
processing: 1505017_21015_0_0.png
  SKIPPING IMAGE: tot amount of vasculature (7428.3906) < quality threshold 
processing: 1505000_21016_0_0.png
  SKIPPING IMAGE: tot amount of vasculature (10226.6511) < quality threshold 
processing: 1505000_21015_0_0.png
  SKIPPING IMAGE: tot amount of vasculature (8331.0246) < quality threshold 
processing: 1504915_21016_0_0.png
processing: 1504915_21015_0_0.png
processing: 1504860_21016_0_0.png
  SKIPPING IMAGE: tot amount of vasculature (898.273) < quality threshold 
processing: 1504860_21015_0_0.png
  SKIPPING IMAGE: tot amount of vasculature (2616.6817) < quality threshold 
processing: 1504828_21016_0_0.png
processing: 1504828_21015_0_0.png
processing: 1504675_21016_0_0.png
processing: 1504675_21015_0_0.png
processing: 1504626_21016_0_0.png
processing: 1504626_21015_0_0.png
  SKIPPING IMAGE: tot amount of vasculature (4397.9037) < quality threshold 
processing: 1504577_21016_1_0.png
  SKIPPING IMAGE: tot amount of vasculature (3487.3144) < quality threshold 
processing: 1504577_21015_1_0.png
processing: 1504433_21016_0_0.png
processing: 1504433_21015_0_0.png
processing: 1504416_21016_0_0.png
  SKIPPING IMAGE: tot amount of vasculature (7316.8358) < quality threshold 
processing: 1504416_21015_0_0.png
processing: 1504373_21016_0_0.png
processing: 1504373_21015_0_0.png
processing: 1504364_21016_0_0.png
processing: 1504364_21015_0_0.png
  SKIPPING IMAGE: tot amount of vasculature (9022.418) < quality threshold 
processing: 1504312_21016_0_0.png
  SKIPPING IMAGE: tot amount of vasculature (8598.9051) < quality threshold 
processing: 1504312_21015_0_0.png
  SKIPPING IMAGE: tot amount of vasculature (3208.0067) < quality threshold 
processing: 1504305_21016_1_0.png
  SKIPPING IMAGE: tot amount of vasculature (7245.2557) < quality threshold 
processing: 1504305_21015_1_0.png
  SKIPPING IMAGE: tot amount of vasculature (8360.5364) < quality threshold 
processing: 1504274_21016_1_0.png
processing: 1504274_21015_1_0.png
processing: 1504263_21016_1_0.png
  SKIPPING IMAGE: tot amount of vasculature (578.1033) < quality threshold 
processing: 1504263_21015_1_1.png
  SKIPPING IMAGE: tot amount of vasculature (2566.3359) < quality threshold 
processing: 1504263_21015_1_0.png
  SKIPPING IMAGE: tot amount of vasculature (5178.421) < quality threshold 
processing: 1504188_21016_0_0.png
processing: 1504188_21015_0_0.png
  SKIPPING IMAGE: tot amount of vasculature (9761.5471) < quality threshold 
processing: 1504157_21016_0_0.png
processing: 1504157_21015_0_0.png
processing: 1504131_21016_0_0.png
  SKIPPING IMAGE: tot amount of vasculature (7468.9834) < quality threshold 
processing: 1504131_21015_0_0.png
  SKIPPING IMAGE: tot amount of vasculature (10627.8335) < quality threshold 
processing: 1504067_21016_0_0.png
  SKIPPING IMAGE: tot amount of vasculature (6981.5438) < quality threshold 
processing: 1504067_21015_0_0.png
  SKIPPING IMAGE: tot amount of vasculature (5790.6096) < quality threshold 
processing: 1503944_21016_1_0.png
processing: 1503944_21015_1_0.png
processing: 1503892_21016_0_0.png
processing: 1503892_21015_0_0.png
processing: 1503773_21016_0_0.png
processing: 1503773_21015_0_0.png
processing: 1503694_21016_0_0.png
processing: 1503694_21015_0_0.png
processing: 1503599_21016_0_0.png
processing: 1503599_21015_0_0.png
processing: 1503463_21016_0_0.png
processing: 1503463_21015_0_0.png
processing: 1503407_21016_0_0.png
processing: 1503407_21015_0_0.png
processing: 1503378_21016_0_0.png
processing: 1503378_21015_0_0.png
processing: 1503335_21016_0_0.png
processing: 1503335_21015_0_0.png
processing: 1503284_21016_0_0.png
  SKIPPING IMAGE: tot amount of vasculature (4207.0925) < quality threshold 
processing: 1503284_21015_0_0.png
  SKIPPING IMAGE: tot amount of vasculature (4691.4326) < quality threshold 
processing: 1503268_21016_1_0.png
processing: 1503268_21015_1_0.png
processing: 1503134_21016_1_0.png
processing: 1503134_21015_1_0.png
processing: 1503128_21016_0_1.png
processing: 1503128_21016_0_0.png
processing: 1503128_21015_0_0.png
processing: 1502995_21016_0_0.png
processing: 1502995_21015_0_0.png
processing: 1502984_21016_0_0.png
  SKIPPING IMAGE: tot amount of vasculature (8481.7742) < quality threshold 
processing: 1502984_21015_0_0.png
  SKIPPING IMAGE: tot amount of vasculature (10446.1415) < quality threshold 
processing: 1502933_21016_0_0.png
  SKIPPING IMAGE: tot amount of vasculature (7558.5949) < quality threshold 
processing: 1502933_21015_0_0.png
  SKIPPING IMAGE: tot amount of vasculature (8832.4338) < quality threshold 
processing: 1502916_21016_1_0.png
  SKIPPING IMAGE: tot amount of vasculature (487.7607) < quality threshold 
processing: 1502916_21015_1_0.png
  SKIPPING IMAGE: tot amount of vasculature (484.7946) < quality threshold 
processing: 1502893_21016_0_0.png
processing: 1502893_21015_0_0.png
processing: 1502861_21016_1_0.png
  SKIPPING IMAGE: tot amount of vasculature (8605.4542) < quality threshold 
processing: 1502861_21015_1_0.png
  SKIPPING IMAGE: tot amount of vasculature (2413.395) < quality threshold 
processing: 1502854_21016_0_0.png
processing: 1502854_21015_0_0.png
  SKIPPING IMAGE: tot amount of vasculature (10281.9188) < quality threshold 
processing: 1502835_21016_1_0.png
processing: 1502835_21016_0_0.png
processing: 1502835_21015_1_0.png
processing: 1502835_21015_0_0.png
processing: 1502767_21016_1_0.png
  SKIPPING IMAGE: tot amount of vasculature (8799.2988) < quality threshold 
processing: 1502767_21015_1_0.png
  SKIPPING IMAGE: tot amount of vasculature (4673.8437) < quality threshold 
processing: 1502748_21016_0_0.png
processing: 1502748_21015_0_0.png
processing: 1502645_21016_0_0.png
processing: 1502645_21015_0_0.png
  SKIPPING IMAGE: tot amount of vasculature (48.5104) < quality threshold 
processing: 1502551_21016_0_0.png
processing: 1502551_21015_0_0.png
processing: 1502477_21016_0_0.png
processing: 1502477_21015_0_0.png
processing: 1502450_21016_0_0.png
processing: 1502450_21015_0_0.png
processing: 1502365_21016_0_0.png
processing: 1502365_21015_0_0.png
processing: 1502306_21016_0_0.png
  SKIPPING IMAGE: tot amount of vasculature (10844.9061) < quality threshold 
processing: 1502306_21015_0_0.png
  SKIPPING IMAGE: tot amount of vasculature (10715.8783) < quality threshold 
processing: 1502170_21016_1_1.png
processing: 1502170_21016_1_0.png
processing: 1502170_21015_1_0.png
  SKIPPING IMAGE: tot amount of vasculature (8139.174) < quality threshold 
processing: 1502042_21016_0_0.png
processing: 1502042_21015_0_0.png
processing: 1502007_21016_0_0.png
processing: 1502007_21015_0_0.png
processing: 1501980_21016_0_0.png
processing: 1501980_21015_0_0.png
processing: 1501877_21016_0_0.png
processing: 1501877_21015_0_0.png
processing: 1501716_21016_0_0.png
processing: 1501716_21015_0_0.png
processing: 1501664_21016_0_0.png
processing: 1501664_21015_0_0.png
processing: 1501627_21016_0_0.png
processing: 1501627_21015_0_0.png
processing: 1501545_21016_0_0.png
processing: 1501545_21015_0_0.png
processing: 1501528_21016_0_0.png
processing: 1501528_21015_0_0.png
processing: 1501489_21016_0_0.png
  SKIPPING IMAGE: tot amount of vasculature (7109.4787) < quality threshold 
processing: 1501489_21015_0_0.png
  SKIPPING IMAGE: tot amount of vasculature (3475.8427) < quality threshold 
processing: 1501358_21016_0_0.png
processing: 1501358_21015_0_0.png
processing: 1501279_21016_0_0.png
  SKIPPING IMAGE: tot amount of vasculature (10781.8909) < quality threshold 
processing: 1501279_21015_0_0.png
processing: 1501223_21016_0_0.png
processing: 1501223_21015_0_0.png
processing: 1501206_21016_0_0.png
processing: 1501206_21015_0_0.png
processing: 1501181_21016_0_0.png
  SKIPPING IMAGE: tot amount of vasculature (965.0555) < quality threshold 
processing: 1501181_21015_0_0.png
  SKIPPING IMAGE: tot amount of vasculature (5443.4453) < quality threshold 
processing: 1501138_21016_1_0.png
processing: 1501138_21015_1_0.png
  SKIPPING IMAGE: tot amount of vasculature (10116.8176) < quality threshold 
processing: 1501029_21016_0_0.png
processing: 1500954_21016_1_0.png
processing: 1500954_21015_1_0.png
processing: 1500946_21016_1_0.png
  SKIPPING IMAGE: tot amount of vasculature (9777.019) < quality threshold 
processing: 1500946_21015_1_0.png
processing: 1500900_21016_1_0.png
  SKIPPING IMAGE: tot amount of vasculature (8880.7833) < quality threshold 
processing: 1500900_21015_1_0.png
processing: 1500833_21016_1_0.png
  SKIPPING IMAGE: tot amount of vasculature (4212.414) < quality threshold 
processing: 1500833_21015_1_0.png
  SKIPPING IMAGE: tot amount of vasculature (5021.5727) < quality threshold 
processing: 1500753_21016_0_0.png
processing: 1500753_21015_0_0.png
processing: 1500737_21016_0_0.png
processing: 1500737_21015_0_0.png
processing: 1500575_21016_1_0.png
  SKIPPING IMAGE: tot amount of vasculature (7129.8552) < quality threshold 
processing: 1500575_21015_1_0.png
  SKIPPING IMAGE: tot amount of vasculature (5598.3521) < quality threshold 
processing: 1500251_21016_0_0.png
  SKIPPING IMAGE: tot amount of vasculature (8242.2902) < quality threshold 
processing: 1500251_21015_0_0.png
  SKIPPING IMAGE: tot amount of vasculature (1770.2069) < quality threshold 
processing: 1500199_21016_0_0.png
processing: 1500079_21016_0_0.png
  SKIPPING IMAGE: tot amount of vasculature (6055.6333) < quality threshold 
processing: 1500079_21015_0_0.png
  SKIPPING IMAGE: tot amount of vasculature (9796.7236) < quality threshold 
processing: 1499954_21016_0_0.png
processing: 1499954_21015_0_0.png
processing: 1499946_21016_1_0.png
  SKIPPING IMAGE: tot amount of vasculature (2604.181) < quality threshold 
processing: 1499946_21015_1_0.png
  SKIPPING IMAGE: tot amount of vasculature (4711.935) < quality threshold 
processing: 1499895_21016_0_0.png
processing: 1499895_21015_0_0.png
processing: 1499737_21016_0_0.png
  SKIPPING IMAGE: tot amount of vasculature (10942.9671) < quality threshold 
processing: 1499737_21015_0_0.png
processing: 1499643_21016_0_0.png
processing: 1499643_21015_0_0.png
processing: 1499639_21016_0_0.png
processing: 1499639_21015_0_0.png
processing: 1499575_21016_0_0.png
processing: 1499575_21015_0_0.png
processing: 1499532_21016_0_0.png
processing: 1499532_21015_0_0.png
processing: 1499363_21016_0_0.png
  SKIPPING IMAGE: tot amount of vasculature (8003.1817) < quality threshold 
processing: 1499363_21015_0_0.png
  SKIPPING IMAGE: tot amount of vasculature (1095.4268) < quality threshold 
processing: 1499298_21016_1_0.png
  SKIPPING IMAGE: tot amount of vasculature (4588.4446) < quality threshold 
processing: 1499298_21015_1_0.png
  SKIPPING IMAGE: tot amount of vasculature (7235.9426) < quality threshold 
processing: 1499088_21016_1_0.png
  SKIPPING IMAGE: tot amount of vasculature (7733.3164) < quality threshold 
processing: 1499088_21015_1_0.png
  SKIPPING IMAGE: tot amount of vasculature (2995.1991) < quality threshold 
processing: 1499079_21016_0_0.png
processing: 1499079_21015_0_0.png
processing: 1499031_21016_0_0.png
processing: 1499031_21015_0_0.png
processing: 1498912_21016_0_0.png
processing: 1498912_21015_0_0.png
processing: 1498775_21016_0_0.png
processing: 1498775_21015_0_0.png
processing: 1498769_21016_0_0.png
  SKIPPING IMAGE: tot amount of vasculature (5022.9416) < quality threshold 
processing: 1498769_21015_0_0.png
  SKIPPING IMAGE: tot amount of vasculature (4281.17) < quality threshold 
processing: 1498758_21016_0_0.png
processing: 1498758_21015_0_0.png
processing: 1498726_21016_0_0.png
processing: 1498726_21015_0_0.png
processing: 1498703_21016_0_0.png
processing: 1498703_21015_0_0.png
processing: 1498655_21016_0_0.png
  SKIPPING IMAGE: tot amount of vasculature (10010.8162) < quality threshold 
processing: 1498655_21015_0_0.png
processing: 1498624_21016_0_0.png
processing: 1498624_21015_0_0.png
processing: 1498529_21016_0_0.png
processing: 1498529_21015_0_0.png
  SKIPPING IMAGE: tot amount of vasculature (5717.3897) < quality threshold 
processing: 1498465_21016_1_0.png
processing: 1498465_21015_1_0.png
FINISHED: .mat files have been written to: /data/FAC/FBM/DBC/sbergman/retina/UKBiob/fundus/REVIEW//CLRIS/
execution time: 2676 sec
