------------------------------------------
Setting up environment variables
---
LD_LIBRARY_PATH is .:/software/Development/Languages/Matlab_Compiler_Runtime/96/runtime/glnxa64:/software/Development/Languages/Matlab_Compiler_Runtime/96/bin/glnxa64:/software/Development/Languages/Matlab_Compiler_Runtime/96/sys/os/glnxa64:/software/Development/Languages/Matlab_Compiler_Runtime/96/sys/opengl/lib/glnxa64
Running vessel measurements...
processing: 2165628_21015_0_0.png
processing: 2165551_21016_0_0.png
processing: 2165551_21015_0_0.png
processing: 2165549_21016_0_0.png
processing: 2165549_21015_0_0.png
processing: 2165512_21016_0_0.png
processing: 2165512_21015_0_0.png
processing: 2165365_21016_1_0.png
  SKIPPING IMAGE: tot amount of vasculature (10414.4008) < quality threshold 
processing: 2165365_21015_1_0.png
  SKIPPING IMAGE: tot amount of vasculature (10999.692) < quality threshold 
processing: 2165314_21016_0_0.png
  SKIPPING IMAGE: tot amount of vasculature (7827.9184) < quality threshold 
processing: 2165314_21015_0_0.png
  SKIPPING IMAGE: tot amount of vasculature (6954.9174) < quality threshold 
processing: 2165306_21016_1_0.png
  SKIPPING IMAGE: tot amount of vasculature (245.5317) < quality threshold 
processing: 2165306_21015_1_0.png
processing: 2165291_21016_1_0.png
processing: 2165291_21015_1_0.png
processing: 2165269_21016_1_0.png
  SKIPPING IMAGE: tot amount of vasculature (4510.6228) < quality threshold 
processing: 2165269_21015_1_0.png
  SKIPPING IMAGE: tot amount of vasculature (9184.1698) < quality threshold 
processing: 2165203_21016_1_0.png
  SKIPPING IMAGE: tot amount of vasculature (3007.9442) < quality threshold 
processing: 2165203_21015_1_0.png
processing: 2165141_21016_1_0.png
  SKIPPING IMAGE: tot amount of vasculature (10935.5219) < quality threshold 
processing: 2165141_21015_1_0.png
processing: 2165129_21016_0_0.png
processing: 2165129_21015_0_0.png
  SKIPPING IMAGE: tot amount of vasculature (7763.342) < quality threshold 
processing: 2165042_21016_1_0.png
  SKIPPING IMAGE: tot amount of vasculature (7712.5072) < quality threshold 
processing: 2165042_21015_1_0.png
  SKIPPING IMAGE: tot amount of vasculature (8748.3274) < quality threshold 
processing: 2164848_21016_0_0.png
  SKIPPING IMAGE: tot amount of vasculature (5520.5898) < quality threshold 
processing: 2164848_21015_0_0.png
  SKIPPING IMAGE: tot amount of vasculature (4660.5707) < quality threshold 
processing: 2164790_21016_0_0.png
processing: 2164790_21015_0_0.png
processing: 2164763_21016_0_0.png
processing: 2164763_21015_0_0.png
processing: 2164742_21016_1_0.png
processing: 2164742_21015_1_0.png
processing: 2164689_21016_0_0.png
  SKIPPING IMAGE: tot amount of vasculature (9384.6107) < quality threshold 
processing: 2164689_21015_0_0.png
  SKIPPING IMAGE: tot amount of vasculature (10445.8231) < quality threshold 
processing: 2164678_21016_0_0.png
processing: 2164678_21015_0_0.png
processing: 2164557_21016_0_0.png
processing: 2164557_21015_0_0.png
processing: 2164523_21016_0_0.png
processing: 2164523_21015_0_0.png
  SKIPPING IMAGE: tot amount of vasculature (8200.771) < quality threshold 
processing: 2164449_21016_0_0.png
processing: 2164449_21015_0_0.png
processing: 2164427_21016_1_0.png
processing: 2164427_21016_0_0.png
processing: 2164427_21015_1_0.png
processing: 2164427_21015_0_0.png
processing: 2164382_21016_0_0.png
processing: 2164382_21015_0_0.png
processing: 2164337_21016_0_0.png
processing: 2164337_21015_0_0.png
processing: 2164297_21016_0_0.png
processing: 2164297_21015_0_0.png
processing: 2164234_21016_1_0.png
processing: 2164234_21015_1_0.png
processing: 2164116_21016_0_0.png
  SKIPPING IMAGE: tot amount of vasculature (8610.6766) < quality threshold 
processing: 2164116_21015_0_0.png
  SKIPPING IMAGE: No vessels found
processing: 2164087_21016_1_0.png
processing: 2164087_21015_1_0.png
processing: 2164032_21016_0_0.png
  SKIPPING IMAGE: tot amount of vasculature (7649.9477) < quality threshold 
processing: 2164032_21015_0_0.png
  SKIPPING IMAGE: tot amount of vasculature (10844.3953) < quality threshold 
processing: 2164003_21016_1_0.png
processing: 2164003_21015_1_0.png
processing: 2163935_21016_1_0.png
processing: 2163935_21016_0_0.png
processing: 2163935_21015_1_0.png
processing: 2163935_21015_0_0.png
processing: 2163917_21016_0_0.png
processing: 2163917_21015_0_0.png
processing: 2163868_21016_0_0.png
  SKIPPING IMAGE: tot amount of vasculature (5354.5342) < quality threshold 
processing: 2163868_21015_0_0.png
  SKIPPING IMAGE: tot amount of vasculature (2209.7257) < quality threshold 
processing: 2163833_21016_1_0.png
  SKIPPING IMAGE: tot amount of vasculature (5707.8944) < quality threshold 
processing: 2163833_21015_1_0.png
  SKIPPING IMAGE: tot amount of vasculature (3098.7202) < quality threshold 
processing: 2163820_21016_1_0.png
processing: 2163820_21015_1_0.png
processing: 2163618_21016_1_0.png
processing: 2163618_21016_0_0.png
processing: 2163618_21015_1_0.png
processing: 2163618_21015_0_0.png
  SKIPPING IMAGE: tot amount of vasculature (874.3516) < quality threshold 
processing: 2163575_21016_0_0.png
processing: 2163575_21015_0_0.png
processing: 2163510_21016_1_0.png
  SKIPPING IMAGE: tot amount of vasculature (9454.6338) < quality threshold 
processing: 2163510_21015_1_0.png
  SKIPPING IMAGE: tot amount of vasculature (7869.6574) < quality threshold 
processing: 2163460_21016_0_0.png
  SKIPPING IMAGE: tot amount of vasculature (7686.6429) < quality threshold 
processing: 2163460_21015_0_0.png
  SKIPPING IMAGE: tot amount of vasculature (10598.2469) < quality threshold 
processing: 2163445_21016_1_0.png
processing: 2163445_21015_1_0.png
processing: 2163390_21016_0_0.png
processing: 2163390_21015_0_0.png
processing: 2163356_21016_0_0.png
processing: 2163356_21015_0_0.png
processing: 2163342_21016_1_0.png
processing: 2163342_21015_1_0.png
processing: 2163338_21016_0_0.png
processing: 2163338_21015_0_0.png
processing: 2163180_21016_0_0.png
  SKIPPING IMAGE: tot amount of vasculature (6508.8258) < quality threshold 
processing: 2163180_21015_0_0.png
  SKIPPING IMAGE: tot amount of vasculature (4784.5508) < quality threshold 
processing: 2163136_21016_0_0.png
  SKIPPING IMAGE: tot amount of vasculature (869.485) < quality threshold 
processing: 2163136_21015_0_0.png
  SKIPPING IMAGE: tot amount of vasculature (10634.727) < quality threshold 
processing: 2163124_21016_0_0.png
  SKIPPING IMAGE: tot amount of vasculature (240.5205) < quality threshold 
processing: 2163124_21015_0_0.png
  SKIPPING IMAGE: No vessels found
processing: 2163092_21016_0_0.png
processing: 2163092_21015_0_0.png
processing: 2163079_21016_0_0.png
processing: 2163079_21015_0_0.png
processing: 2163014_21016_0_0.png
  SKIPPING IMAGE: tot amount of vasculature (9185.7361) < quality threshold 
processing: 2163014_21015_0_0.png
  SKIPPING IMAGE: tot amount of vasculature (2396.2392) < quality threshold 
processing: 2162863_21016_0_0.png
processing: 2162863_21015_0_0.png
processing: 2162838_21016_0_0.png
processing: 2162838_21015_0_0.png
processing: 2162819_21016_1_0.png
processing: 2162819_21015_1_0.png
  SKIPPING IMAGE: tot amount of vasculature (10234.5287) < quality threshold 
processing: 2162787_21016_0_0.png
processing: 2162787_21015_0_0.png
processing: 2162655_21016_1_0.png
  SKIPPING IMAGE: tot amount of vasculature (4371.105) < quality threshold 
processing: 2162655_21015_1_0.png
  SKIPPING IMAGE: tot amount of vasculature (5344.0469) < quality threshold 
processing: 2162648_21016_1_0.png
processing: 2162648_21016_0_0.png
processing: 2162648_21015_1_0.png
processing: 2162648_21015_0_0.png
processing: 2162624_21016_1_0.png
  SKIPPING IMAGE: tot amount of vasculature (4823.3561) < quality threshold 
processing: 2162624_21015_1_0.png
  SKIPPING IMAGE: tot amount of vasculature (10507.5615) < quality threshold 
processing: 2162613_21016_0_0.png
