------------------------------------------
Setting up environment variables
---
LD_LIBRARY_PATH is .:/software/Development/Languages/Matlab_Compiler_Runtime/96/runtime/glnxa64:/software/Development/Languages/Matlab_Compiler_Runtime/96/bin/glnxa64:/software/Development/Languages/Matlab_Compiler_Runtime/96/sys/os/glnxa64:/software/Development/Languages/Matlab_Compiler_Runtime/96/sys/opengl/lib/glnxa64
Running vessel measurements...
processing: 5996519_21015_1_0.png
  SKIPPING IMAGE: tot amount of vasculature (6107.3423) < quality threshold 
processing: 5996444_21016_1_0.png
processing: 5996444_21015_1_0.png
processing: 5996426_21016_0_0.png
processing: 5996426_21015_0_0.png
processing: 5996372_21016_0_0.png
processing: 5996372_21015_0_0.png
processing: 5996367_21016_0_0.png
processing: 5996367_21015_0_0.png
processing: 5996336_21016_0_0.png
processing: 5996336_21015_0_0.png
processing: 5996313_21016_1_0.png
  SKIPPING IMAGE: tot amount of vasculature (3214.6412) < quality threshold 
processing: 5996313_21015_1_0.png
  SKIPPING IMAGE: tot amount of vasculature (4720.7477) < quality threshold 
processing: 5996301_21016_0_0.png
processing: 5996301_21015_0_0.png
processing: 5996239_21016_0_0.png
processing: 5996239_21015_0_0.png
processing: 5996218_21016_0_0.png
processing: 5996218_21015_0_0.png
processing: 5996073_21016_0_0.png
  SKIPPING IMAGE: tot amount of vasculature (8436.7836) < quality threshold 
processing: 5996073_21015_0_0.png
  SKIPPING IMAGE: tot amount of vasculature (3620.6469) < quality threshold 
processing: 5996005_21016_0_0.png
processing: 5996005_21015_0_0.png
processing: 5995975_21016_1_0.png
  SKIPPING IMAGE: tot amount of vasculature (2527.7613) < quality threshold 
processing: 5995975_21015_1_0.png
  SKIPPING IMAGE: tot amount of vasculature (4499.5658) < quality threshold 
processing: 5995958_21016_0_0.png
processing: 5995958_21015_0_0.png
processing: 5995903_21016_0_0.png
processing: 5995903_21015_0_0.png
processing: 5995786_21016_0_0.png
processing: 5995786_21015_0_0.png
processing: 5995730_21016_1_0.png
  SKIPPING IMAGE: tot amount of vasculature (2305.5153) < quality threshold 
processing: 5995730_21015_1_0.png
  SKIPPING IMAGE: tot amount of vasculature (7952.7578) < quality threshold 
processing: 5995666_21016_0_0.png
processing: 5995666_21015_0_0.png
processing: 5995615_21016_0_0.png
processing: 5995615_21015_0_0.png
processing: 5995555_21016_0_0.png
processing: 5995555_21015_0_0.png
processing: 5995481_21016_1_0.png
processing: 5995481_21015_1_0.png
processing: 5995322_21016_0_0.png
processing: 5995322_21015_0_0.png
processing: 5995317_21016_0_0.png
  SKIPPING IMAGE: tot amount of vasculature (8494.7573) < quality threshold 
processing: 5995317_21015_0_0.png
  SKIPPING IMAGE: tot amount of vasculature (6589.1723) < quality threshold 
processing: 5995300_21016_0_0.png
processing: 5995300_21015_0_0.png
processing: 5995247_21016_0_0.png
processing: 5995247_21015_0_0.png
processing: 5995216_21016_0_0.png
  SKIPPING IMAGE: tot amount of vasculature (2551.5116) < quality threshold 
processing: 5995216_21015_0_0.png
  SKIPPING IMAGE: tot amount of vasculature (550.5586) < quality threshold 
processing: 5995183_21016_0_0.png
processing: 5995183_21015_0_0.png
  SKIPPING IMAGE: tot amount of vasculature (3608.5876) < quality threshold 
processing: 5995152_21016_1_0.png
  SKIPPING IMAGE: tot amount of vasculature (5525.8472) < quality threshold 
processing: 5995152_21015_1_0.png
  SKIPPING IMAGE: tot amount of vasculature (5808.5184) < quality threshold 
processing: 5995085_21016_0_0.png
  SKIPPING IMAGE: tot amount of vasculature (9631.8444) < quality threshold 
processing: 5995085_21015_0_0.png
  SKIPPING IMAGE: tot amount of vasculature (6696.6977) < quality threshold 
processing: 5995018_21016_1_0.png
processing: 5995018_21015_1_0.png
processing: 5994990_21016_0_0.png
processing: 5994990_21015_0_0.png
processing: 5994974_21016_0_0.png
processing: 5994974_21015_0_0.png
processing: 5994942_21016_0_0.png
processing: 5994942_21015_0_0.png
  SKIPPING IMAGE: tot amount of vasculature (10977.1723) < quality threshold 
processing: 5994864_21016_0_0.png
processing: 5994864_21015_0_0.png
  SKIPPING IMAGE: tot amount of vasculature (8037.3194) < quality threshold 
processing: 5994743_21016_0_0.png
processing: 5994743_21015_0_0.png
processing: 5994688_21016_0_0.png
  SKIPPING IMAGE: tot amount of vasculature (6282.3349) < quality threshold 
processing: 5994688_21015_0_0.png
  SKIPPING IMAGE: tot amount of vasculature (5303.2504) < quality threshold 
processing: 5994679_21016_0_0.png
  SKIPPING IMAGE: tot amount of vasculature (10571.5317) < quality threshold 
processing: 5994679_21015_0_0.png
processing: 5994606_21016_1_0.png
processing: 5994606_21015_1_0.png
processing: 5994472_21016_0_0.png
processing: 5994472_21015_0_0.png
processing: 5994328_21016_0_0.png
processing: 5994328_21015_0_0.png
  SKIPPING IMAGE: tot amount of vasculature (10843.9198) < quality threshold 
processing: 5994215_21016_0_0.png
processing: 5994215_21015_0_0.png
processing: 5994033_21016_0_0.png
processing: 5994033_21015_0_0.png
processing: 5993957_21016_0_0.png
processing: 5993957_21015_0_0.png
processing: 5993728_21016_0_0.png
processing: 5993728_21015_0_0.png
processing: 5993533_21016_0_0.png
processing: 5993533_21015_0_0.png
processing: 5993516_21016_0_0.png
processing: 5993516_21015_0_0.png
processing: 5993466_21016_0_0.png
processing: 5993466_21015_0_0.png
processing: 5993385_21016_0_0.png
processing: 5993385_21015_0_0.png
processing: 5993280_21016_0_0.png
processing: 5993280_21015_0_0.png
processing: 5993112_21016_0_0.png
processing: 5993112_21015_0_0.png
processing: 5993093_21016_1_0.png
processing: 5993093_21015_1_0.png
processing: 5993078_21016_0_0.png
processing: 5993078_21015_0_0.png
processing: 5993061_21016_0_0.png
processing: 5993061_21015_0_0.png
  SKIPPING IMAGE: tot amount of vasculature (1409.4683) < quality threshold 
processing: 5992980_21016_0_0.png
  SKIPPING IMAGE: tot amount of vasculature (1527.1476) < quality threshold 
processing: 5992980_21015_0_0.png
  SKIPPING IMAGE: tot amount of vasculature (3469.8036) < quality threshold 
processing: 5992913_21016_1_0.png
  SKIPPING IMAGE: tot amount of vasculature (7254.6774) < quality threshold 
processing: 5992913_21015_1_0.png
  SKIPPING IMAGE: tot amount of vasculature (9671.1487) < quality threshold 
processing: 5992768_21016_0_0.png
processing: 5992768_21015_0_0.png
processing: 5992747_21016_0_0.png
processing: 5992747_21015_0_0.png
processing: 5992651_21016_0_0.png
  SKIPPING IMAGE: tot amount of vasculature (9476.7066) < quality threshold 
processing: 5992651_21015_0_0.png
processing: 5992630_21016_0_0.png
processing: 5992630_21015_0_0.png
processing: 5992612_21016_0_0.png
processing: 5992612_21015_0_0.png
processing: 5992560_21016_0_0.png
processing: 5992560_21015_0_0.png
processing: 5992545_21016_0_0.png
processing: 5992545_21015_0_0.png
processing: 5992534_21016_0_0.png
processing: 5992534_21015_0_0.png
  SKIPPING IMAGE: tot amount of vasculature (7523.995) < quality threshold 
processing: 5992528_21016_1_0.png
  SKIPPING IMAGE: tot amount of vasculature (2735.996) < quality threshold 
processing: 5992528_21015_1_0.png
  SKIPPING IMAGE: tot amount of vasculature (3435.8947) < quality threshold 
processing: 5992288_21016_0_0.png
processing: 5992288_21015_0_0.png
processing: 5992265_21016_0_0.png
  SKIPPING IMAGE: tot amount of vasculature (3895.0396) < quality threshold 
processing: 5992265_21015_0_0.png
  SKIPPING IMAGE: tot amount of vasculature (4290.6977) < quality threshold 
processing: 5992174_21016_0_0.png
  SKIPPING IMAGE: tot amount of vasculature (4360.112) < quality threshold 
processing: 5992174_21015_0_0.png
  SKIPPING IMAGE: tot amount of vasculature (2999.9019) < quality threshold 
processing: 5992125_21016_1_0.png
processing: 5992125_21015_1_0.png
processing: 5992119_21016_0_0.png
processing: 5992119_21015_0_0.png
processing: 5992053_21015_0_0.png
  SKIPPING IMAGE: tot amount of vasculature (7397.317) < quality threshold 
processing: 5992041_21016_0_0.png
processing: 5992041_21015_0_0.png
processing: 5991861_21016_0_0.png
processing: 5991861_21015_0_0.png
processing: 5991713_21016_0_0.png
processing: 5991713_21015_0_0.png
processing: 5991634_21016_0_0.png
processing: 5991634_21015_0_0.png
processing: 5991564_21016_1_0.png
  SKIPPING IMAGE: tot amount of vasculature (8144.707) < quality threshold 
processing: 5991564_21015_1_0.png
processing: 5991549_21016_0_0.png
processing: 5991549_21015_0_0.png
processing: 5991496_21016_0_0.png
processing: 5991496_21015_0_0.png
processing: 5991392_21016_1_0.png
processing: 5991392_21015_1_0.png
processing: 5991357_21016_0_0.png
  SKIPPING IMAGE: tot amount of vasculature (6840.556) < quality threshold 
processing: 5991357_21015_0_0.png
processing: 5991244_21016_0_0.png
processing: 5991244_21015_0_0.png
  SKIPPING IMAGE: tot amount of vasculature (8302.8215) < quality threshold 
processing: 5991232_21016_1_0.png
  SKIPPING IMAGE: tot amount of vasculature (48.8546) < quality threshold 
processing: 5991232_21015_1_0.png
  SKIPPING IMAGE: tot amount of vasculature (9309.5543) < quality threshold 
processing: 5991226_21016_1_0.png
  SKIPPING IMAGE: tot amount of vasculature (9661.3272) < quality threshold 
processing: 5991226_21015_1_0.png
  SKIPPING IMAGE: tot amount of vasculature (9860.1648) < quality threshold 
processing: 5991194_21016_0_0.png
processing: 5991194_21015_0_0.png
processing: 5990950_21016_0_0.png
processing: 5990950_21015_0_0.png
processing: 5990855_21016_0_0.png
processing: 5990855_21015_0_0.png
processing: 5990790_21016_0_0.png
processing: 5990790_21015_0_0.png
processing: 5990781_21016_0_0.png
processing: 5990781_21015_0_0.png
processing: 5990719_21016_1_0.png
processing: 5990719_21015_1_0.png
processing: 5990693_21016_0_0.png
processing: 5990600_21016_1_0.png
  SKIPPING IMAGE: tot amount of vasculature (1484.7169) < quality threshold 
processing: 5990600_21015_1_0.png
  SKIPPING IMAGE: tot amount of vasculature (909.8416) < quality threshold 
processing: 5990531_21016_0_0.png
processing: 5990531_21015_0_0.png
processing: 5990486_21016_0_0.png
  SKIPPING IMAGE: tot amount of vasculature (10753.4692) < quality threshold 
processing: 5990486_21015_0_0.png
processing: 5990451_21016_0_0.png
processing: 5990451_21015_0_0.png
processing: 5990382_21016_0_0.png
processing: 5990382_21015_0_0.png
  SKIPPING IMAGE: tot amount of vasculature (8207.4743) < quality threshold 
processing: 5990370_21016_1_0.png
  SKIPPING IMAGE: tot amount of vasculature (11.0892) < quality threshold 
processing: 5990370_21015_1_0.png
  SKIPPING IMAGE: No vessels found
processing: 5990366_21016_0_0.png
processing: 5990366_21015_0_0.png
processing: 5990315_21016_0_0.png
processing: 5990315_21015_0_0.png
processing: 5990283_21016_0_0.png
processing: 5990283_21015_0_0.png
processing: 5990252_21016_0_0.png
  SKIPPING IMAGE: tot amount of vasculature (7106.3794) < quality threshold 
processing: 5990252_21015_0_0.png
  SKIPPING IMAGE: tot amount of vasculature (8105.9547) < quality threshold 
processing: 5990211_21016_1_0.png
  SKIPPING IMAGE: tot amount of vasculature (2618.1576) < quality threshold 
processing: 5990211_21015_1_0.png
  SKIPPING IMAGE: tot amount of vasculature (3821.6864) < quality threshold 
processing: 5990184_21016_0_0.png
processing: 5990184_21015_0_0.png
processing: 5990168_21016_1_0.png
  SKIPPING IMAGE: tot amount of vasculature (10252.9423) < quality threshold 
processing: 5990168_21015_1_0.png
processing: 5990147_21016_0_0.png
processing: 5990147_21015_0_0.png
processing: 5990087_21016_0_0.png
processing: 5990087_21015_0_0.png
processing: 5990026_21016_0_0.png
processing: 5990026_21015_0_0.png
processing: 5989959_21016_1_0.png
processing: 5989959_21015_1_0.png
  SKIPPING IMAGE: tot amount of vasculature (9011.0257) < quality threshold 
processing: 5989933_21016_1_0.png
  SKIPPING IMAGE: tot amount of vasculature (4078.0991) < quality threshold 
processing: 5989933_21015_1_0.png
  SKIPPING IMAGE: tot amount of vasculature (80.7069) < quality threshold 
processing: 5989799_21016_0_0.png
processing: 5989799_21015_0_0.png
processing: 5989780_21016_0_0.png
processing: 5989780_21015_0_0.png
processing: 5989755_21016_0_0.png
  SKIPPING IMAGE: tot amount of vasculature (1499.8153) < quality threshold 
processing: 5989755_21015_0_0.png
  SKIPPING IMAGE: tot amount of vasculature (3316.7115) < quality threshold 
processing: 5989683_21016_0_0.png
processing: 5989683_21015_0_0.png
  SKIPPING IMAGE: tot amount of vasculature (9152.9196) < quality threshold 
processing: 5989652_21016_0_0.png
processing: 5989652_21015_0_0.png
processing: 5989586_21016_1_0.png
  SKIPPING IMAGE: tot amount of vasculature (6787.8731) < quality threshold 
processing: 5989586_21015_1_0.png
processing: 5989496_21016_0_0.png
processing: 5989496_21015_0_0.png
processing: 5989418_21016_0_0.png
  SKIPPING IMAGE: tot amount of vasculature (7795.9301) < quality threshold 
processing: 5989418_21015_0_0.png
  SKIPPING IMAGE: tot amount of vasculature (7339.0415) < quality threshold 
processing: 5989331_21016_0_0.png
processing: 5989331_21015_0_0.png
processing: 5989226_21016_0_0.png
processing: 5989226_21015_0_0.png
processing: 5989210_21016_1_0.png
processing: 5989210_21016_0_0.png
processing: 5989210_21015_1_0.png
processing: 5989210_21015_0_0.png
processing: 5989203_21016_0_0.png
processing: 5989203_21015_0_0.png
processing: 5989081_21016_0_0.png
processing: 5989081_21015_0_0.png
  SKIPPING IMAGE: tot amount of vasculature (3036.6045) < quality threshold 
processing: 5989025_21016_0_0.png
processing: 5989025_21015_0_0.png
processing: 5988975_21016_0_0.png
processing: 5988975_21015_0_0.png
processing: 5988944_21016_0_0.png
processing: 5988944_21015_0_0.png
processing: 5988857_21016_1_0.png
processing: 5988857_21015_1_0.png
processing: 5988798_21016_0_0.png
processing: 5988798_21015_0_0.png
  SKIPPING IMAGE: tot amount of vasculature (9456.5936) < quality threshold 
processing: 5988653_21016_0_0.png
processing: 5988653_21015_0_0.png
processing: 5988572_21016_0_0.png
  SKIPPING IMAGE: tot amount of vasculature (1790.6518) < quality threshold 
processing: 5988572_21015_0_0.png
  SKIPPING IMAGE: tot amount of vasculature (1397.0051) < quality threshold 
processing: 5988548_21016_0_0.png
  SKIPPING IMAGE: tot amount of vasculature (5645.2293) < quality threshold 
processing: 5988548_21015_0_0.png
  SKIPPING IMAGE: tot amount of vasculature (270.6854) < quality threshold 
processing: 5988536_21016_0_0.png
  SKIPPING IMAGE: tot amount of vasculature (5205.5524) < quality threshold 
processing: 5988463_21016_0_0.png
processing: 5988463_21015_0_0.png
  SKIPPING IMAGE: tot amount of vasculature (7480.5511) < quality threshold 
processing: 5988456_21016_0_0.png
processing: 5988456_21015_0_0.png
processing: 5988335_21016_0_0.png
processing: 5988335_21015_0_0.png
processing: 5988183_21016_0_0.png
processing: 5988183_21015_0_0.png
processing: 5988160_21016_0_0.png
  SKIPPING IMAGE: tot amount of vasculature (8698.9924) < quality threshold 
processing: 5988160_21015_0_0.png
  SKIPPING IMAGE: tot amount of vasculature (10961.5094) < quality threshold 
processing: 5988145_21016_1_0.png
  SKIPPING IMAGE: tot amount of vasculature (6742.1701) < quality threshold 
processing: 5988145_21015_1_0.png
  SKIPPING IMAGE: tot amount of vasculature (2897.7413) < quality threshold 
processing: 5988128_21016_0_0.png
processing: 5988128_21015_0_0.png
processing: 5988111_21016_0_0.png
processing: 5988111_21015_0_0.png
processing: 5988077_21016_0_0.png
processing: 5988077_21015_0_0.png
processing: 5988062_21016_0_0.png
processing: 5988062_21015_0_0.png
processing: 5988043_21016_0_0.png
processing: 5988043_21015_0_0.png
processing: 5987949_21016_0_0.png
  SKIPPING IMAGE: tot amount of vasculature (770.7343) < quality threshold 
processing: 5987949_21015_0_0.png
  SKIPPING IMAGE: tot amount of vasculature (1928.9797) < quality threshold 
processing: 5987890_21016_0_0.png
processing: 5987890_21015_0_0.png
processing: 5987787_21016_0_0.png
processing: 5987787_21015_0_0.png
  SKIPPING IMAGE: tot amount of vasculature (5890.8789) < quality threshold 
processing: 5987758_21016_0_0.png
  SKIPPING IMAGE: tot amount of vasculature (8497.9982) < quality threshold 
processing: 5987758_21015_0_0.png
  SKIPPING IMAGE: tot amount of vasculature (9476.7564) < quality threshold 
processing: 5987699_21016_0_0.png
processing: 5987699_21015_0_0.png
  SKIPPING IMAGE: tot amount of vasculature (9290.0989) < quality threshold 
processing: 5987655_21016_0_0.png
processing: 5987655_21015_0_0.png
  SKIPPING IMAGE: tot amount of vasculature (3054.1754) < quality threshold 
processing: 5987613_21015_1_0.png
processing: 5987594_21016_0_0.png
processing: 5987594_21015_0_0.png
  SKIPPING IMAGE: tot amount of vasculature (5985.1842) < quality threshold 
processing: 5987570_21016_1_0.png
processing: 5987570_21015_1_0.png
  SKIPPING IMAGE: tot amount of vasculature (8713.0857) < quality threshold 
processing: 5987553_21016_0_0.png
processing: 5987553_21015_0_0.png
processing: 5987479_21016_0_0.png
processing: 5987479_21015_0_0.png
processing: 5987440_21016_0_0.png
FINISHED: .mat files have been written to: /data/FAC/FBM/DBC/sbergman/retina/UKBiob/fundus/REVIEW//CLRIS/
execution time: 1508 sec
