------------------------------------------
Setting up environment variables
---
LD_LIBRARY_PATH is .:/software/Development/Languages/Matlab_Compiler_Runtime/96/runtime/glnxa64:/software/Development/Languages/Matlab_Compiler_Runtime/96/bin/glnxa64:/software/Development/Languages/Matlab_Compiler_Runtime/96/sys/os/glnxa64:/software/Development/Languages/Matlab_Compiler_Runtime/96/sys/opengl/lib/glnxa64
Running vessel measurements...
processing: 2195952_21015_1_0.png
processing: 2195853_21016_0_0.png
processing: 2195853_21015_0_0.png
processing: 2195684_21016_0_0.png
processing: 2195684_21015_0_0.png
processing: 2195633_21016_1_0.png
processing: 2195633_21015_1_0.png
processing: 2195556_21016_0_0.png
processing: 2195556_21015_0_0.png
processing: 2195491_21016_1_0.png
processing: 2195491_21015_1_0.png
processing: 2195487_21016_0_0.png
processing: 2195487_21015_0_0.png
processing: 2195469_21016_0_0.png
  SKIPPING IMAGE: tot amount of vasculature (7443.5298) < quality threshold 
processing: 2195458_21016_1_0.png
processing: 2195458_21015_1_0.png
processing: 2195336_21016_0_0.png
processing: 2195336_21015_0_0.png
processing: 2195204_21016_0_0.png
processing: 2195204_21015_0_0.png
processing: 2195178_21016_0_0.png
processing: 2195178_21015_0_0.png
processing: 2195161_21016_1_0.png
processing: 2195161_21015_1_0.png
processing: 2195146_21016_0_0.png
processing: 2195146_21015_0_1.png
processing: 2195146_21015_0_0.png
processing: 2195117_21016_0_0.png
  SKIPPING IMAGE: tot amount of vasculature (9403.9032) < quality threshold 
processing: 2195117_21015_0_0.png
  SKIPPING IMAGE: tot amount of vasculature (6982.4848) < quality threshold 
processing: 2195064_21016_1_0.png
  SKIPPING IMAGE: tot amount of vasculature (7212.2898) < quality threshold 
processing: 2195064_21015_1_0.png
processing: 2195005_21016_0_0.png
processing: 2195005_21015_0_0.png
processing: 2194991_21016_0_1.png
  SKIPPING IMAGE: tot amount of vasculature (2858.6184) < quality threshold 
processing: 2194991_21016_0_0.png
processing: 2194991_21015_0_0.png
processing: 2194969_21016_0_0.png
processing: 2194969_21015_0_0.png
processing: 2194944_21016_0_0.png
processing: 2194944_21015_0_0.png
processing: 2194926_21016_0_0.png
processing: 2194926_21015_0_0.png
processing: 2194865_21016_1_0.png
  SKIPPING IMAGE: tot amount of vasculature (67.383) < quality threshold 
processing: 2194865_21015_1_0.png
  SKIPPING IMAGE: tot amount of vasculature (7447.619) < quality threshold 
processing: 2194814_21016_0_0.png
processing: 2194814_21015_0_0.png
processing: 2194629_21016_0_0.png
processing: 2194629_21015_0_0.png
processing: 2194548_21016_0_0.png
  SKIPPING IMAGE: tot amount of vasculature (10253.5357) < quality threshold 
processing: 2194548_21015_0_0.png
  SKIPPING IMAGE: tot amount of vasculature (7600.2572) < quality threshold 
processing: 2194513_21016_0_0.png
  SKIPPING IMAGE: tot amount of vasculature (9070.9692) < quality threshold 
processing: 2194513_21015_0_0.png
  SKIPPING IMAGE: tot amount of vasculature (7221.8814) < quality threshold 
processing: 2194419_21016_0_0.png
  SKIPPING IMAGE: tot amount of vasculature (4990.2159) < quality threshold 
processing: 2194419_21015_0_0.png
processing: 2194354_21016_0_0.png
processing: 2194354_21015_0_0.png
processing: 2194322_21016_0_0.png
processing: 2194322_21015_0_0.png
processing: 2194317_21016_0_0.png
processing: 2194317_21015_0_0.png
processing: 2194216_21016_0_0.png
  SKIPPING IMAGE: tot amount of vasculature (28.4944) < quality threshold 
processing: 2194216_21015_0_0.png
  SKIPPING IMAGE: tot amount of vasculature (8719.8781) < quality threshold 
processing: 2194134_21016_1_0.png
processing: 2194134_21015_1_0.png
processing: 2194085_21016_0_0.png
processing: 2194085_21015_0_0.png
processing: 2194043_21016_0_0.png
processing: 2194043_21015_0_0.png
  SKIPPING IMAGE: tot amount of vasculature (8975.1942) < quality threshold 
processing: 2194039_21016_0_0.png
  SKIPPING IMAGE: tot amount of vasculature (10608.4742) < quality threshold 
processing: 2194039_21015_0_0.png
  SKIPPING IMAGE: tot amount of vasculature (646.2162) < quality threshold 
processing: 2194021_21016_0_0.png
  SKIPPING IMAGE: tot amount of vasculature (2630.1538) < quality threshold 
processing: 2194021_21015_0_0.png
  SKIPPING IMAGE: tot amount of vasculature (2297.0664) < quality threshold 
processing: 2194018_21016_0_0.png
  SKIPPING IMAGE: tot amount of vasculature (10692.2796) < quality threshold 
processing: 2194018_21015_0_0.png
  SKIPPING IMAGE: tot amount of vasculature (5083.7442) < quality threshold 
processing: 2193982_21016_1_0.png
  SKIPPING IMAGE: tot amount of vasculature (10518.1587) < quality threshold 
processing: 2193982_21015_1_0.png
  SKIPPING IMAGE: tot amount of vasculature (2825.9141) < quality threshold 
processing: 2193937_21016_0_0.png
processing: 2193937_21015_0_0.png
processing: 2193908_21016_0_0.png
processing: 2193908_21015_0_0.png
processing: 2193897_21016_0_0.png
processing: 2193897_21015_0_0.png
  SKIPPING IMAGE: tot amount of vasculature (6284.1095) < quality threshold 
processing: 2193789_21016_0_0.png
processing: 2193789_21015_0_0.png
processing: 2193754_21016_0_0.png
processing: 2193754_21015_0_0.png
processing: 2193735_21016_0_0.png
processing: 2193735_21015_0_0.png
processing: 2193722_21016_1_0.png
  SKIPPING IMAGE: tot amount of vasculature (5221.7012) < quality threshold 
processing: 2193722_21015_1_0.png
  SKIPPING IMAGE: tot amount of vasculature (10430.6224) < quality threshold 
processing: 2193717_21016_0_0.png
  SKIPPING IMAGE: tot amount of vasculature (6577.7159) < quality threshold 
processing: 2193717_21015_0_0.png
  SKIPPING IMAGE: tot amount of vasculature (7701.5718) < quality threshold 
processing: 2193675_21016_0_0.png
  SKIPPING IMAGE: tot amount of vasculature (198.3966) < quality threshold 
processing: 2193675_21015_0_0.png
  SKIPPING IMAGE: tot amount of vasculature (1859.0676) < quality threshold 
processing: 2193669_21016_0_0.png
  SKIPPING IMAGE: tot amount of vasculature (10438.7736) < quality threshold 
processing: 2193669_21015_0_0.png
  SKIPPING IMAGE: tot amount of vasculature (10439.778) < quality threshold 
processing: 2193632_21016_0_0.png
  SKIPPING IMAGE: tot amount of vasculature (6110.5014) < quality threshold 
processing: 2193632_21015_0_0.png
  SKIPPING IMAGE: tot amount of vasculature (8074.7333) < quality threshold 
processing: 2193610_21016_0_0.png
processing: 2193610_21015_0_0.png
processing: 2193518_21016_1_0.png
  SKIPPING IMAGE: tot amount of vasculature (1807.4722) < quality threshold 
processing: 2193518_21015_1_0.png
Warning: No vessels found in 2193518_21015_1_0
> In Vessel_Data_IO.load_from_file (line 183)
  In REVIEW_evaluate_diameter_measurements (line 125)
  In ARIA_run_tests (line 209)
  SKIPPING IMAGE: No vessels found
processing: 2193327_21016_0_0.png
processing: 2193327_21015_0_0.png
processing: 2193312_21016_0_0.png
processing: 2193312_21015_0_0.png
processing: 2193281_21016_0_0.png
processing: 2193281_21015_0_0.png
processing: 2193263_21016_0_0.png
processing: 2193263_21015_0_0.png
processing: 2193256_21016_0_0.png
processing: 2193256_21015_0_0.png
processing: 2193179_21016_0_0.png
processing: 2193179_21015_0_0.png
processing: 2193067_21016_1_0.png
processing: 2193067_21015_1_0.png
processing: 2193048_21016_1_0.png
  SKIPPING IMAGE: No vessels found
processing: 2193048_21015_1_0.png
  SKIPPING IMAGE: tot amount of vasculature (1623.5378) < quality threshold 
processing: 2192990_21016_0_0.png
processing: 2192990_21015_0_0.png
processing: 2192898_21016_0_0.png
processing: 2192898_21015_0_0.png
processing: 2192762_21016_0_0.png
processing: 2192762_21015_0_0.png
processing: 2192739_21016_0_0.png
processing: 2192739_21015_0_0.png
