------------------------------------------
Setting up environment variables
---
LD_LIBRARY_PATH is .:/software/Development/Languages/Matlab_Compiler_Runtime/96/runtime/glnxa64:/software/Development/Languages/Matlab_Compiler_Runtime/96/bin/glnxa64:/software/Development/Languages/Matlab_Compiler_Runtime/96/sys/os/glnxa64:/software/Development/Languages/Matlab_Compiler_Runtime/96/sys/opengl/lib/glnxa64
Running vessel measurements...
processing: 1549925_21016_0_0.png
  SKIPPING IMAGE: tot amount of vasculature (3509.7178) < quality threshold 
processing: 1549925_21015_0_0.png
processing: 1549886_21016_1_0.png
  SKIPPING IMAGE: tot amount of vasculature (5399.7456) < quality threshold 
processing: 1549886_21015_1_0.png
processing: 1549864_21016_1_0.png
  SKIPPING IMAGE: tot amount of vasculature (8250.045) < quality threshold 
processing: 1549864_21015_1_0.png
processing: 1549827_21016_0_0.png
  SKIPPING IMAGE: tot amount of vasculature (9163.5129) < quality threshold 
processing: 1549827_21015_0_0.png
  SKIPPING IMAGE: tot amount of vasculature (509.6908) < quality threshold 
processing: 1549796_21016_1_0.png
processing: 1549796_21015_1_0.png
processing: 1549785_21016_0_0.png
  SKIPPING IMAGE: tot amount of vasculature (1669.8252) < quality threshold 
processing: 1549785_21015_0_0.png
  SKIPPING IMAGE: tot amount of vasculature (9046.0478) < quality threshold 
processing: 1549718_21016_0_0.png
processing: 1549718_21015_0_0.png
processing: 1549704_21016_1_0.png
  SKIPPING IMAGE: tot amount of vasculature (312.6904) < quality threshold 
processing: 1549704_21015_1_0.png
  SKIPPING IMAGE: tot amount of vasculature (6155.1028) < quality threshold 
processing: 1549679_21016_1_0.png
processing: 1549679_21015_1_0.png
  SKIPPING IMAGE: tot amount of vasculature (8878.2278) < quality threshold 
processing: 1549657_21016_0_0.png
  SKIPPING IMAGE: tot amount of vasculature (10818.8858) < quality threshold 
processing: 1549657_21015_0_0.png
  SKIPPING IMAGE: tot amount of vasculature (5638.277) < quality threshold 
processing: 1549614_21016_0_0.png
processing: 1549614_21015_0_0.png
processing: 1549606_21016_1_0.png
processing: 1549606_21015_1_0.png
processing: 1549589_21016_0_0.png
processing: 1549589_21015_0_0.png
processing: 1549561_21016_1_0.png
processing: 1549561_21015_1_0.png
  SKIPPING IMAGE: tot amount of vasculature (8281.5858) < quality threshold 
processing: 1549535_21016_0_0.png
processing: 1549535_21015_0_0.png
processing: 1549480_21016_0_0.png
  SKIPPING IMAGE: tot amount of vasculature (10814.9262) < quality threshold 
processing: 1549480_21015_0_0.png
  SKIPPING IMAGE: tot amount of vasculature (10109.2448) < quality threshold 
processing: 1549360_21016_0_0.png
processing: 1549360_21015_0_0.png
processing: 1549282_21016_0_0.png
processing: 1549282_21015_0_0.png
processing: 1549241_21016_0_0.png
processing: 1549241_21015_0_0.png
processing: 1549229_21016_1_0.png
processing: 1549229_21016_0_0.png
processing: 1549229_21015_0_0.png
processing: 1549215_21016_0_0.png
processing: 1549215_21015_0_0.png
  SKIPPING IMAGE: tot amount of vasculature (9869.7077) < quality threshold 
processing: 1549103_21016_0_0.png
  SKIPPING IMAGE: tot amount of vasculature (2776.1598) < quality threshold 
processing: 1549103_21015_0_0.png
processing: 1549084_21016_0_0.png
processing: 1549084_21015_0_0.png
processing: 1549071_21016_0_0.png
  SKIPPING IMAGE: tot amount of vasculature (8283.1725) < quality threshold 
processing: 1549071_21015_0_0.png
  SKIPPING IMAGE: tot amount of vasculature (3472.204) < quality threshold 
processing: 1549059_21016_1_0.png
  SKIPPING IMAGE: tot amount of vasculature (3642.8218) < quality threshold 
processing: 1549059_21015_1_0.png
  SKIPPING IMAGE: tot amount of vasculature (9571.7236) < quality threshold 
processing: 1549047_21016_0_1.png
processing: 1549047_21016_0_0.png
processing: 1549047_21015_0_0.png
processing: 1548982_21016_0_0.png
processing: 1548982_21015_0_0.png
  SKIPPING IMAGE: tot amount of vasculature (5688.1946) < quality threshold 
processing: 1548970_21016_1_0.png
  SKIPPING IMAGE: tot amount of vasculature (55.7833) < quality threshold 
processing: 1548970_21015_1_0.png
  SKIPPING IMAGE: tot amount of vasculature (184.5213) < quality threshold 
processing: 1548953_21016_1_0.png
  SKIPPING IMAGE: tot amount of vasculature (7411.4714) < quality threshold 
processing: 1548953_21015_1_0.png
processing: 1548828_21016_1_0.png
processing: 1548828_21016_0_0.png
processing: 1548828_21015_1_0.png
processing: 1548828_21015_0_0.png
processing: 1548761_21016_0_0.png
processing: 1548761_21015_0_0.png
  SKIPPING IMAGE: tot amount of vasculature (8842.4483) < quality threshold 
processing: 1548577_21016_0_0.png
processing: 1548577_21015_0_0.png
processing: 1548562_21016_0_0.png
processing: 1548562_21015_0_0.png
processing: 1548543_21016_0_0.png
processing: 1548543_21015_0_0.png
processing: 1548518_21016_0_0.png
  SKIPPING IMAGE: tot amount of vasculature (10581.0582) < quality threshold 
processing: 1548518_21015_0_0.png
processing: 1548420_21016_0_0.png
  SKIPPING IMAGE: tot amount of vasculature (8528.2211) < quality threshold 
processing: 1548420_21015_0_0.png
processing: 1548327_21016_1_0.png
  SKIPPING IMAGE: tot amount of vasculature (2982.242) < quality threshold 
processing: 1548327_21016_0_0.png
  SKIPPING IMAGE: tot amount of vasculature (1807.835) < quality threshold 
processing: 1548327_21015_1_0.png
  SKIPPING IMAGE: tot amount of vasculature (4793.2357) < quality threshold 
processing: 1548327_21015_0_0.png
  SKIPPING IMAGE: tot amount of vasculature (2508.3194) < quality threshold 
processing: 1548312_21016_0_0.png
processing: 1548312_21015_0_0.png
processing: 1548290_21016_1_0.png
  SKIPPING IMAGE: tot amount of vasculature (9893.2705) < quality threshold 
processing: 1548290_21015_1_0.png
  SKIPPING IMAGE: tot amount of vasculature (3800.7912) < quality threshold 
processing: 1548238_21016_0_0.png
processing: 1548238_21015_0_0.png
processing: 1548219_21016_0_0.png
processing: 1548219_21015_0_0.png
processing: 1548140_21016_0_0.png
processing: 1548140_21015_0_0.png
processing: 1548099_21016_0_0.png
  SKIPPING IMAGE: tot amount of vasculature (3437.2421) < quality threshold 
processing: 1548099_21015_0_0.png
  SKIPPING IMAGE: tot amount of vasculature (2578.298) < quality threshold 
processing: 1548072_21016_0_0.png
processing: 1548072_21015_0_0.png
  SKIPPING IMAGE: tot amount of vasculature (10171.7653) < quality threshold 
processing: 1548013_21016_0_0.png
processing: 1548013_21015_0_0.png
processing: 1547954_21016_0_0.png
processing: 1547954_21015_0_0.png
processing: 1547729_21016_1_0.png
processing: 1547729_21015_1_0.png
processing: 1547685_21016_1_0.png
  SKIPPING IMAGE: tot amount of vasculature (3559.0397) < quality threshold 
processing: 1547685_21015_1_0.png
  SKIPPING IMAGE: tot amount of vasculature (6284.4624) < quality threshold 
processing: 1547381_21016_0_0.png
processing: 1547381_21015_0_0.png
processing: 1547264_21016_0_0.png
  SKIPPING IMAGE: tot amount of vasculature (408.6502) < quality threshold 
processing: 1547264_21015_0_0.png
  SKIPPING IMAGE: tot amount of vasculature (7032.8027) < quality threshold 
processing: 1547101_21016_0_0.png
processing: 1547101_21015_0_0.png
processing: 1547031_21016_0_0.png
  SKIPPING IMAGE: tot amount of vasculature (5417.8359) < quality threshold 
processing: 1547031_21015_0_0.png
processing: 1547014_21016_0_0.png
processing: 1547014_21015_0_0.png
processing: 1546959_21016_0_0.png
processing: 1546959_21015_0_0.png
processing: 1546933_21016_1_0.png
  SKIPPING IMAGE: tot amount of vasculature (4718.8592) < quality threshold 
processing: 1546933_21015_1_0.png
  SKIPPING IMAGE: tot amount of vasculature (8438.4241) < quality threshold 
processing: 1546920_21016_0_0.png
processing: 1546920_21015_0_0.png
processing: 1546800_21016_0_0.png
  SKIPPING IMAGE: tot amount of vasculature (9802.346) < quality threshold 
processing: 1546800_21015_0_0.png
processing: 1546799_21016_0_0.png
  SKIPPING IMAGE: tot amount of vasculature (3449.9743) < quality threshold 
processing: 1546799_21015_0_0.png
  SKIPPING IMAGE: tot amount of vasculature (8895.8339) < quality threshold 
processing: 1546755_21016_0_0.png
processing: 1546755_21015_0_0.png
processing: 1546683_21016_0_0.png
processing: 1546683_21015_0_0.png
processing: 1546628_21016_0_0.png
processing: 1546628_21015_0_0.png
processing: 1546586_21016_1_0.png
processing: 1546586_21015_1_0.png
processing: 1546551_21016_1_0.png
processing: 1546551_21015_1_0.png
processing: 1546530_21016_0_0.png
processing: 1546530_21015_0_0.png
processing: 1546340_21016_0_0.png
processing: 1546340_21015_0_0.png
processing: 1546314_21016_0_0.png
processing: 1546314_21015_0_0.png
processing: 1546210_21016_0_0.png
  SKIPPING IMAGE: tot amount of vasculature (10946.0033) < quality threshold 
processing: 1546210_21015_0_0.png
processing: 1546203_21016_1_0.png
processing: 1546203_21015_1_0.png
processing: 1546141_21016_0_0.png
processing: 1546141_21015_0_0.png
processing: 1546108_21016_0_0.png
processing: 1546108_21015_0_0.png
processing: 1546042_21016_0_0.png
processing: 1546042_21015_0_0.png
processing: 1546025_21016_0_0.png
processing: 1546025_21015_0_0.png
processing: 1546019_21016_0_0.png
processing: 1546019_21015_0_0.png
processing: 1545985_21016_0_0.png
processing: 1545985_21015_0_0.png
  SKIPPING IMAGE: tot amount of vasculature (4436.7687) < quality threshold 
processing: 1545962_21016_1_0.png
  SKIPPING IMAGE: tot amount of vasculature (9552.8446) < quality threshold 
processing: 1545962_21015_1_0.png
processing: 1545921_21016_0_0.png
processing: 1545921_21015_0_0.png
processing: 1545867_21016_0_0.png
processing: 1545867_21015_0_0.png
processing: 1545855_21016_0_0.png
processing: 1545855_21015_0_0.png
processing: 1545801_21016_1_0.png
processing: 1545801_21015_1_0.png
processing: 1545790_21016_0_0.png
processing: 1545790_21015_0_0.png
processing: 1545781_21016_1_0.png
  SKIPPING IMAGE: tot amount of vasculature (491.3337) < quality threshold 
processing: 1545781_21015_1_0.png
  SKIPPING IMAGE: tot amount of vasculature (4641.9109) < quality threshold 
processing: 1545635_21016_0_0.png
processing: 1545635_21015_0_0.png
processing: 1545430_21016_0_0.png
processing: 1545430_21015_0_0.png
processing: 1545370_21016_0_0.png
processing: 1545353_21016_0_0.png
processing: 1545353_21015_0_0.png
processing: 1545276_21016_1_0.png
processing: 1545276_21015_1_0.png
processing: 1545260_21016_0_0.png
processing: 1545260_21015_0_0.png
  SKIPPING IMAGE: tot amount of vasculature (8886.1536) < quality threshold 
processing: 1545168_21016_1_0.png
processing: 1545168_21015_1_0.png
processing: 1545116_21015_0_0.png
  SKIPPING IMAGE: tot amount of vasculature (10251.8471) < quality threshold 
processing: 1545091_21016_0_0.png
processing: 1545091_21015_0_0.png
processing: 1544842_21016_0_0.png
processing: 1544842_21015_0_0.png
processing: 1544758_21016_0_0.png
processing: 1544758_21015_0_0.png
processing: 1544636_21016_0_0.png
  SKIPPING IMAGE: tot amount of vasculature (1051.7701) < quality threshold 
processing: 1544636_21015_0_0.png
  SKIPPING IMAGE: No vessels found
processing: 1544613_21016_1_0.png
processing: 1544613_21015_1_0.png
processing: 1544601_21016_0_0.png
processing: 1544601_21015_0_0.png
processing: 1544566_21016_0_0.png
processing: 1544566_21015_0_0.png
processing: 1544515_21016_0_0.png
processing: 1544515_21015_0_0.png
  SKIPPING IMAGE: tot amount of vasculature (8142.7162) < quality threshold 
processing: 1544440_21016_0_0.png
  SKIPPING IMAGE: tot amount of vasculature (2945.0104) < quality threshold 
processing: 1544440_21015_0_0.png
  SKIPPING IMAGE: tot amount of vasculature (2986.889) < quality threshold 
processing: 1544423_21016_0_0.png
  SKIPPING IMAGE: tot amount of vasculature (3028.0851) < quality threshold 
processing: 1544423_21015_0_0.png
  SKIPPING IMAGE: tot amount of vasculature (1074.1436) < quality threshold 
processing: 1544368_21016_1_0.png
processing: 1544368_21016_0_0.png
processing: 1544368_21015_1_0.png
  SKIPPING IMAGE: tot amount of vasculature (9496.6253) < quality threshold 
processing: 1544368_21015_0_0.png
processing: 1544278_21016_0_0.png
processing: 1544278_21015_0_0.png
processing: 1544246_21016_0_1.png
  SKIPPING IMAGE: tot amount of vasculature (12.7135) < quality threshold 
processing: 1544246_21016_0_0.png
  SKIPPING IMAGE: tot amount of vasculature (3557.857) < quality threshold 
processing: 1544246_21015_0_0.png
  SKIPPING IMAGE: tot amount of vasculature (5395.6589) < quality threshold 
processing: 1544235_21016_0_0.png
processing: 1544235_21015_0_0.png
processing: 1544118_21016_0_0.png
processing: 1544118_21015_0_0.png
processing: 1544104_21016_0_0.png
  SKIPPING IMAGE: tot amount of vasculature (9260.7566) < quality threshold 
processing: 1544104_21015_0_0.png
  SKIPPING IMAGE: tot amount of vasculature (8751.1192) < quality threshold 
processing: 1544011_21016_0_1.png
  SKIPPING IMAGE: tot amount of vasculature (8092.1376) < quality threshold 
processing: 1544011_21016_0_0.png
  SKIPPING IMAGE: tot amount of vasculature (9921.9918) < quality threshold 
processing: 1544011_21015_0_0.png
  SKIPPING IMAGE: tot amount of vasculature (8500.1325) < quality threshold 
processing: 1543972_21016_0_0.png
processing: 1543972_21015_0_0.png
processing: 1543967_21016_0_0.png
processing: 1543967_21015_0_0.png
processing: 1543936_21016_0_0.png
  SKIPPING IMAGE: tot amount of vasculature (8453.0768) < quality threshold 
processing: 1543936_21015_0_0.png
processing: 1543850_21016_0_0.png
processing: 1543850_21015_0_0.png
processing: 1543839_21016_0_0.png
processing: 1543839_21015_0_0.png
processing: 1543612_21016_0_0.png
processing: 1543612_21015_0_0.png
processing: 1543597_21016_0_0.png
processing: 1543597_21015_0_0.png
processing: 1543583_21016_0_0.png
  SKIPPING IMAGE: tot amount of vasculature (47.0421) < quality threshold 
processing: 1543583_21015_0_0.png
  SKIPPING IMAGE: tot amount of vasculature (379.6228) < quality threshold 
processing: 1543560_21016_0_0.png
processing: 1543560_21015_0_0.png
  SKIPPING IMAGE: tot amount of vasculature (941.0281) < quality threshold 
processing: 1543511_21016_1_0.png
  SKIPPING IMAGE: tot amount of vasculature (59.4802) < quality threshold 
processing: 1543511_21015_1_0.png
  SKIPPING IMAGE: tot amount of vasculature (2289.9047) < quality threshold 
processing: 1543489_21016_1_0.png
  SKIPPING IMAGE: tot amount of vasculature (10083.1817) < quality threshold 
processing: 1543489_21015_1_0.png
  SKIPPING IMAGE: tot amount of vasculature (5157.6294) < quality threshold 
processing: 1543375_21016_0_0.png
processing: 1543375_21015_0_0.png
processing: 1543257_21016_0_0.png
processing: 1543257_21015_0_0.png
processing: 1543206_21016_0_0.png
  SKIPPING IMAGE: tot amount of vasculature (5737.3687) < quality threshold 
processing: 1543206_21015_0_0.png
  SKIPPING IMAGE: tot amount of vasculature (8379.6811) < quality threshold 
processing: 1543190_21016_0_0.png
processing: 1543190_21015_0_0.png
processing: 1543174_21016_0_0.png
processing: 1543174_21015_0_0.png
processing: 1543070_21016_0_0.png
processing: 1543070_21015_0_0.png
processing: 1542858_21016_0_0.png
processing: 1542858_21015_0_0.png
processing: 1542734_21016_0_0.png
processing: 1542734_21015_0_0.png
processing: 1542663_21016_0_0.png
processing: 1542663_21015_0_0.png
processing: 1542625_21016_1_0.png
  SKIPPING IMAGE: No vessels found
processing: 1542625_21015_1_0.png
  SKIPPING IMAGE: tot amount of vasculature (6.5251) < quality threshold 
processing: 1542571_21016_0_0.png
processing: 1542571_21015_0_0.png
processing: 1542502_21016_1_0.png
  SKIPPING IMAGE: tot amount of vasculature (19.8185) < quality threshold 
processing: 1542502_21015_1_0.png
Warning: No vessels found in 1542502_21015_1_0
> In Vessel_Data_IO.load_from_file (line 183)
  In REVIEW_evaluate_diameter_measurements (line 125)
  In ARIA_run_tests (line 209)
  SKIPPING IMAGE: No vessels found
processing: 1542482_21016_0_0.png
  SKIPPING IMAGE: tot amount of vasculature (9844.4514) < quality threshold 
processing: 1542482_21015_0_0.png
  SKIPPING IMAGE: tot amount of vasculature (5122.4643) < quality threshold 
processing: 1542415_21016_0_0.png
  SKIPPING IMAGE: tot amount of vasculature (5956.4768) < quality threshold 
processing: 1542415_21015_0_0.png
  SKIPPING IMAGE: tot amount of vasculature (902.1906) < quality threshold 
processing: 1542343_21016_0_0.png
processing: 1542343_21015_0_0.png
  SKIPPING IMAGE: tot amount of vasculature (8522.6618) < quality threshold 
processing: 1542201_21016_0_0.png
processing: 1542201_21015_0_0.png
processing: 1542078_21016_0_0.png
processing: 1542078_21015_0_0.png
processing: 1542054_21016_0_0.png
processing: 1542054_21015_0_0.png
processing: 1542046_21016_0_0.png
  SKIPPING IMAGE: tot amount of vasculature (9693.0912) < quality threshold 
processing: 1542046_21015_0_0.png
processing: 1542035_21016_0_0.png
  SKIPPING IMAGE: tot amount of vasculature (202.3328) < quality threshold 
processing: 1542035_21015_0_0.png
  SKIPPING IMAGE: tot amount of vasculature (2834.1177) < quality threshold 
processing: 1541960_21016_0_0.png
processing: 1541960_21015_0_0.png
  SKIPPING IMAGE: tot amount of vasculature (3669.2561) < quality threshold 
processing: 1541934_21016_0_0.png
processing: 1541934_21015_0_0.png
processing: 1541882_21016_1_0.png
processing: 1541882_21015_1_0.png
processing: 1541788_21016_0_0.png
processing: 1541788_21015_0_0.png
processing: 1541757_21016_0_0.png
processing: 1541757_21015_0_0.png
processing: 1541695_21016_1_0.png
processing: 1541695_21016_0_0.png
  SKIPPING IMAGE: tot amount of vasculature (10954.5779) < quality threshold 
processing: 1541695_21015_1_0.png
  SKIPPING IMAGE: tot amount of vasculature (8364.5814) < quality threshold 
processing: 1541695_21015_0_0.png
  SKIPPING IMAGE: tot amount of vasculature (5782.425) < quality threshold 
processing: 1541647_21016_0_0.png
  SKIPPING IMAGE: tot amount of vasculature (9580.7347) < quality threshold 
processing: 1541647_21015_0_0.png
processing: 1541602_21016_0_0.png
processing: 1541602_21015_0_0.png
FINISHED: .mat files have been written to: /data/FAC/FBM/DBC/sbergman/retina/UKBiob/fundus/REVIEW//CLRIS/
execution time: 2504 sec
