------------------------------------------
Setting up environment variables
---
LD_LIBRARY_PATH is .:/software/Development/Languages/Matlab_Compiler_Runtime/96/runtime/glnxa64:/software/Development/Languages/Matlab_Compiler_Runtime/96/bin/glnxa64:/software/Development/Languages/Matlab_Compiler_Runtime/96/sys/os/glnxa64:/software/Development/Languages/Matlab_Compiler_Runtime/96/sys/opengl/lib/glnxa64
Running vessel measurements...
processing: 2810458_21016_1_0.png
processing: 2810458_21015_1_0.png
processing: 2810399_21016_0_0.png
  SKIPPING IMAGE: tot amount of vasculature (9615.5357) < quality threshold 
processing: 2810399_21015_0_0.png
  SKIPPING IMAGE: tot amount of vasculature (10672.7464) < quality threshold 
processing: 2810355_21016_0_0.png
processing: 2810355_21015_0_0.png
processing: 2810296_21016_0_0.png
processing: 2810296_21015_0_0.png
  SKIPPING IMAGE: tot amount of vasculature (9668.2624) < quality threshold 
processing: 2810218_21016_0_0.png
processing: 2810218_21015_0_1.png
processing: 2810218_21015_0_0.png
processing: 2810086_21016_0_0.png
processing: 2810086_21015_0_0.png
  SKIPPING IMAGE: tot amount of vasculature (10147.4593) < quality threshold 
processing: 2810064_21016_1_0.png
processing: 2810064_21015_1_0.png
processing: 2810049_21016_0_0.png
processing: 2810049_21015_0_0.png
processing: 2809896_21016_0_0.png
processing: 2809896_21015_0_0.png
processing: 2809877_21016_1_0.png
processing: 2809877_21015_1_0.png
processing: 2809843_21016_0_0.png
  SKIPPING IMAGE: tot amount of vasculature (7563.484) < quality threshold 
processing: 2809843_21015_0_0.png
  SKIPPING IMAGE: tot amount of vasculature (6692.9252) < quality threshold 
processing: 2809818_21016_0_0.png
processing: 2809818_21015_0_0.png
processing: 2809720_21016_0_0.png
processing: 2809720_21015_0_0.png
processing: 2809698_21016_0_0.png
  SKIPPING IMAGE: tot amount of vasculature (9567.8282) < quality threshold 
processing: 2809698_21015_0_0.png
  SKIPPING IMAGE: tot amount of vasculature (9720.6133) < quality threshold 
processing: 2809664_21016_0_0.png
processing: 2809664_21015_0_0.png
processing: 2809630_21016_0_0.png
processing: 2809630_21015_0_0.png
  SKIPPING IMAGE: tot amount of vasculature (10485.1499) < quality threshold 
processing: 2809560_21016_0_0.png
processing: 2809560_21015_0_0.png
  SKIPPING IMAGE: tot amount of vasculature (10067.4661) < quality threshold 
processing: 2809478_21016_0_0.png
processing: 2809478_21015_0_0.png
processing: 2809303_21016_0_0.png
processing: 2809303_21015_0_0.png
processing: 2809288_21016_0_0.png
processing: 2809288_21015_0_0.png
processing: 2809041_21016_1_0.png
  SKIPPING IMAGE: tot amount of vasculature (2276.8813) < quality threshold 
processing: 2809041_21015_1_0.png
  SKIPPING IMAGE: tot amount of vasculature (5241.0644) < quality threshold 
processing: 2809008_21016_0_0.png
processing: 2809008_21015_0_0.png
  SKIPPING IMAGE: tot amount of vasculature (9588.2373) < quality threshold 
processing: 2808992_21016_0_0.png
processing: 2808992_21015_0_0.png
processing: 2808957_21016_0_0.png
processing: 2808957_21015_0_0.png
processing: 2808940_21016_0_0.png
processing: 2808940_21015_0_0.png
processing: 2808844_21016_0_0.png
processing: 2808844_21015_0_0.png
processing: 2808832_21016_1_0.png
processing: 2808832_21015_1_0.png
processing: 2808803_21016_1_0.png
processing: 2808803_21015_1_0.png
processing: 2808797_21016_0_0.png
processing: 2808797_21015_0_0.png
processing: 2808776_21016_0_0.png
  SKIPPING IMAGE: tot amount of vasculature (6210.7098) < quality threshold 
processing: 2808776_21015_0_0.png
  SKIPPING IMAGE: tot amount of vasculature (8830.9476) < quality threshold 
processing: 2808752_21016_0_0.png
processing: 2808752_21015_0_0.png
  SKIPPING IMAGE: tot amount of vasculature (6909.9552) < quality threshold 
processing: 2808734_21016_0_0.png
processing: 2808734_21015_0_0.png
processing: 2808559_21016_0_0.png
  SKIPPING IMAGE: tot amount of vasculature (7252.9992) < quality threshold 
processing: 2808559_21015_0_0.png
  SKIPPING IMAGE: tot amount of vasculature (5344.1447) < quality threshold 
processing: 2808502_21016_0_0.png
processing: 2808502_21015_0_0.png
processing: 2808441_21016_0_0.png
processing: 2808441_21015_0_0.png
processing: 2808408_21016_0_0.png
processing: 2808408_21015_0_0.png
processing: 2808339_21016_0_0.png
processing: 2808339_21015_0_0.png
processing: 2808318_21016_0_0.png
processing: 2808318_21015_0_0.png
processing: 2808267_21016_0_0.png
processing: 2808267_21015_0_0.png
processing: 2808151_21016_0_0.png
processing: 2808151_21015_0_0.png
processing: 2808127_21016_1_0.png
processing: 2808127_21016_0_0.png
processing: 2808127_21015_1_0.png
processing: 2808127_21015_0_0.png
processing: 2808061_21016_0_0.png
processing: 2808061_21015_0_0.png
processing: 2808054_21016_0_0.png
processing: 2808054_21015_0_0.png
processing: 2808022_21016_0_0.png
  SKIPPING IMAGE: tot amount of vasculature (5085.7741) < quality threshold 
processing: 2808022_21015_0_0.png
processing: 2808000_21016_0_0.png
  SKIPPING IMAGE: tot amount of vasculature (10857.4128) < quality threshold 
processing: 2808000_21015_0_0.png
  SKIPPING IMAGE: tot amount of vasculature (9913.4091) < quality threshold 
processing: 2807866_21016_1_0.png
  SKIPPING IMAGE: tot amount of vasculature (5440.1977) < quality threshold 
processing: 2807866_21015_1_0.png
processing: 2807714_21016_0_0.png
  SKIPPING IMAGE: tot amount of vasculature (6501.9859) < quality threshold 
processing: 2807714_21015_0_0.png
  SKIPPING IMAGE: tot amount of vasculature (6853.9322) < quality threshold 
processing: 2807659_21016_0_0.png
  SKIPPING IMAGE: tot amount of vasculature (10093.2171) < quality threshold 
processing: 2807659_21015_0_0.png
  SKIPPING IMAGE: tot amount of vasculature (61.8711) < quality threshold 
processing: 2807616_21016_0_0.png
processing: 2807616_21015_0_0.png
processing: 2807574_21016_0_0.png
processing: 2807574_21015_0_0.png
processing: 2807367_21016_0_0.png
  SKIPPING IMAGE: tot amount of vasculature (4365.8161) < quality threshold 
processing: 2807367_21015_0_0.png
  SKIPPING IMAGE: tot amount of vasculature (5078.9854) < quality threshold 
processing: 2807296_21016_0_0.png
  SKIPPING IMAGE: tot amount of vasculature (9721.206) < quality threshold 
processing: 2807296_21015_0_0.png
processing: 2807250_21016_0_1.png
processing: 2807250_21016_0_0.png
processing: 2807250_21015_0_0.png
  SKIPPING IMAGE: tot amount of vasculature (8013.9095) < quality threshold 
processing: 2807239_21016_0_0.png
processing: 2807239_21015_0_0.png
