------------------------------------------
Setting up environment variables
---
LD_LIBRARY_PATH is .:/software/Development/Languages/Matlab_Compiler_Runtime/96/runtime/glnxa64:/software/Development/Languages/Matlab_Compiler_Runtime/96/bin/glnxa64:/software/Development/Languages/Matlab_Compiler_Runtime/96/sys/os/glnxa64:/software/Development/Languages/Matlab_Compiler_Runtime/96/sys/opengl/lib/glnxa64
Running vessel measurements...
processing: 1067638_21015_0_0.png
processing: 1067595_21016_0_0.png
processing: 1067595_21015_0_0.png
processing: 1067568_21016_0_0.png
processing: 1067568_21015_0_0.png
processing: 1067559_21016_0_0.png
processing: 1067559_21015_0_0.png
processing: 1067520_21016_1_0.png
  SKIPPING IMAGE: tot amount of vasculature (9070.3915) < quality threshold 
processing: 1067520_21016_0_0.png
processing: 1067520_21015_1_0.png
  SKIPPING IMAGE: tot amount of vasculature (10471.8513) < quality threshold 
processing: 1067520_21015_0_0.png
processing: 1067415_21016_0_0.png
  SKIPPING IMAGE: tot amount of vasculature (6824.7062) < quality threshold 
processing: 1067415_21015_0_0.png
processing: 1067408_21016_1_0.png
  SKIPPING IMAGE: tot amount of vasculature (6102.2661) < quality threshold 
processing: 1067408_21015_1_0.png
  SKIPPING IMAGE: tot amount of vasculature (10138.2041) < quality threshold 
processing: 1067377_21016_0_0.png
  SKIPPING IMAGE: tot amount of vasculature (5822.4585) < quality threshold 
processing: 1067377_21015_0_0.png
processing: 1067280_21016_0_0.png
processing: 1067280_21015_0_0.png
processing: 1067224_21016_0_0.png
processing: 1067224_21015_0_0.png
processing: 1067173_21016_0_0.png
processing: 1067173_21015_0_0.png
processing: 1067151_21016_0_0.png
  SKIPPING IMAGE: tot amount of vasculature (10683.3395) < quality threshold 
processing: 1067151_21015_0_0.png
processing: 1067149_21016_0_1.png
  SKIPPING IMAGE: tot amount of vasculature (8311.8414) < quality threshold 
processing: 1067149_21016_0_0.png
  SKIPPING IMAGE: tot amount of vasculature (9762.4279) < quality threshold 
processing: 1067149_21015_0_0.png
  SKIPPING IMAGE: tot amount of vasculature (9600.0846) < quality threshold 
processing: 1067112_21016_1_0.png
  SKIPPING IMAGE: tot amount of vasculature (7780.363) < quality threshold 
processing: 1067112_21015_1_0.png
processing: 1067093_21016_1_0.png
processing: 1067093_21015_1_0.png
processing: 1067046_21016_1_0.png
  SKIPPING IMAGE: tot amount of vasculature (5990.7995) < quality threshold 
processing: 1067046_21015_1_0.png
  SKIPPING IMAGE: tot amount of vasculature (7880.0893) < quality threshold 
processing: 1066958_21016_0_0.png
processing: 1066958_21015_0_0.png
  SKIPPING IMAGE: tot amount of vasculature (9168.9327) < quality threshold 
processing: 1066823_21016_1_0.png
processing: 1066823_21015_1_0.png
processing: 1066786_21016_0_0.png
processing: 1066786_21015_0_0.png
processing: 1066764_21016_0_0.png
processing: 1066764_21015_0_0.png
processing: 1066749_21016_0_0.png
processing: 1066749_21015_0_0.png
processing: 1066463_21016_0_0.png
processing: 1066463_21015_0_0.png
processing: 1066271_21016_0_0.png
processing: 1066271_21015_0_0.png
processing: 1066268_21016_0_0.png
processing: 1066268_21015_0_0.png
processing: 1066197_21016_1_0.png
  SKIPPING IMAGE: tot amount of vasculature (10853.5696) < quality threshold 
processing: 1066176_21016_1_0.png
  SKIPPING IMAGE: tot amount of vasculature (56.4867) < quality threshold 
processing: 1066176_21015_1_0.png
  SKIPPING IMAGE: tot amount of vasculature (4821.1729) < quality threshold 
processing: 1066160_21016_1_0.png
processing: 1066160_21016_0_0.png
processing: 1066160_21015_1_0.png
processing: 1066160_21015_0_0.png
processing: 1066152_21016_0_0.png
processing: 1066152_21015_0_0.png
processing: 1066109_21016_0_0.png
  SKIPPING IMAGE: tot amount of vasculature (9957.3912) < quality threshold 
processing: 1066109_21015_0_0.png
  SKIPPING IMAGE: tot amount of vasculature (6631.9667) < quality threshold 
processing: 1066085_21016_1_0.png
  SKIPPING IMAGE: tot amount of vasculature (5147.3942) < quality threshold 
processing: 1066085_21015_1_0.png
processing: 1066050_21016_0_0.png
processing: 1066050_21015_0_0.png
processing: 1066018_21016_0_0.png
  SKIPPING IMAGE: tot amount of vasculature (7526.0898) < quality threshold 
processing: 1066018_21015_0_0.png
  SKIPPING IMAGE: tot amount of vasculature (9371.1525) < quality threshold 
processing: 1065851_21016_1_0.png
processing: 1065851_21015_1_0.png
processing: 1065827_21016_0_0.png
processing: 1065827_21015_0_0.png
processing: 1065805_21016_0_0.png
processing: 1065805_21015_0_0.png
processing: 1065679_21016_0_0.png
  SKIPPING IMAGE: tot amount of vasculature (7732.1781) < quality threshold 
processing: 1065679_21015_0_0.png
  SKIPPING IMAGE: tot amount of vasculature (4838.1686) < quality threshold 
processing: 1065631_21016_0_0.png
processing: 1065631_21015_0_0.png
processing: 1065522_21016_0_0.png
  SKIPPING IMAGE: tot amount of vasculature (4965.8957) < quality threshold 
processing: 1065522_21015_0_0.png
  SKIPPING IMAGE: tot amount of vasculature (9234.5428) < quality threshold 
processing: 1065480_21016_0_0.png
processing: 1065480_21015_0_0.png
processing: 1065334_21016_0_0.png
  SKIPPING IMAGE: tot amount of vasculature (3780.9671) < quality threshold 
processing: 1065334_21015_0_0.png
  SKIPPING IMAGE: tot amount of vasculature (2522.6652) < quality threshold 
processing: 1065328_21016_0_0.png
processing: 1065328_21015_0_0.png
processing: 1065215_21016_1_0.png
  SKIPPING IMAGE: tot amount of vasculature (6826.7162) < quality threshold 
processing: 1065215_21015_1_0.png
  SKIPPING IMAGE: tot amount of vasculature (6492.2505) < quality threshold 
processing: 1065158_21016_0_0.png
processing: 1065158_21015_0_0.png
processing: 1065132_21016_0_0.png
processing: 1065132_21015_0_0.png
processing: 1065110_21016_1_0.png
  SKIPPING IMAGE: tot amount of vasculature (10.3987) < quality threshold 
processing: 1065110_21015_1_0.png
processing: 1065103_21016_1_0.png
  SKIPPING IMAGE: tot amount of vasculature (4278.2257) < quality threshold 
processing: 1065103_21015_1_0.png
  SKIPPING IMAGE: tot amount of vasculature (7505.8132) < quality threshold 
processing: 1065084_21016_1_0.png
  SKIPPING IMAGE: tot amount of vasculature (9859.644) < quality threshold 
processing: 1065084_21015_1_0.png
processing: 1065033_21016_0_0.png
processing: 1065033_21015_0_0.png
processing: 1065020_21016_0_0.png
processing: 1065020_21015_0_0.png
processing: 1064999_21016_0_0.png
processing: 1064999_21015_0_0.png
processing: 1064839_21016_0_0.png
processing: 1064839_21015_0_0.png
processing: 1064759_21016_0_0.png
processing: 1064759_21015_0_0.png
processing: 1064686_21016_1_0.png
  SKIPPING IMAGE: tot amount of vasculature (7277.4555) < quality threshold 
processing: 1064686_21015_1_0.png
  SKIPPING IMAGE: tot amount of vasculature (10900.7574) < quality threshold 
processing: 1064673_21016_0_0.png
processing: 1064673_21015_0_0.png
processing: 1064597_21016_0_0.png
processing: 1064597_21015_0_0.png
processing: 1064534_21016_0_0.png
processing: 1064534_21015_0_0.png
processing: 1064375_21016_0_0.png
  SKIPPING IMAGE: tot amount of vasculature (224.5158) < quality threshold 
processing: 1064375_21015_0_0.png
  SKIPPING IMAGE: tot amount of vasculature (733.1549) < quality threshold 
processing: 1064369_21016_0_0.png
  SKIPPING IMAGE: tot amount of vasculature (5355.3737) < quality threshold 
processing: 1064369_21015_0_0.png
  SKIPPING IMAGE: tot amount of vasculature (10088.0064) < quality threshold 
processing: 1064190_21016_0_0.png
processing: 1064190_21015_0_0.png
processing: 1064174_21016_0_0.png
processing: 1064174_21015_0_0.png
processing: 1064008_21016_0_0.png
processing: 1064008_21015_0_0.png
processing: 1063986_21016_1_0.png
processing: 1063986_21015_1_0.png
processing: 1063973_21016_0_0.png
processing: 1063973_21015_0_0.png
processing: 1063927_21016_1_0.png
  SKIPPING IMAGE: tot amount of vasculature (7659.1989) < quality threshold 
processing: 1063927_21015_1_0.png
  SKIPPING IMAGE: tot amount of vasculature (30.7475) < quality threshold 
processing: 1063699_21016_0_0.png
processing: 1063699_21015_0_0.png
  SKIPPING IMAGE: tot amount of vasculature (8516.9726) < quality threshold 
processing: 1063648_21016_1_0.png
processing: 1063648_21015_1_0.png
processing: 1063529_21016_0_0.png
  SKIPPING IMAGE: tot amount of vasculature (1899.1048) < quality threshold 
processing: 1063529_21015_0_0.png
  SKIPPING IMAGE: tot amount of vasculature (10051.991) < quality threshold 
processing: 1063414_21016_0_0.png
processing: 1063414_21015_0_0.png
processing: 1063333_21016_0_0.png
processing: 1063333_21015_0_0.png
processing: 1063200_21016_1_0.png
processing: 1063200_21015_1_0.png
processing: 1063185_21016_0_0.png
processing: 1063185_21015_0_0.png
processing: 1063162_21016_1_0.png
  SKIPPING IMAGE: tot amount of vasculature (9760.1576) < quality threshold 
processing: 1063162_21015_1_0.png
  SKIPPING IMAGE: tot amount of vasculature (3744.1392) < quality threshold 
processing: 1063118_21016_0_0.png
  SKIPPING IMAGE: tot amount of vasculature (10797.7177) < quality threshold 
processing: 1063118_21015_0_0.png
  SKIPPING IMAGE: tot amount of vasculature (9167.0342) < quality threshold 
processing: 1063104_21016_1_0.png
  SKIPPING IMAGE: tot amount of vasculature (2747.5848) < quality threshold 
processing: 1063104_21015_1_0.png
  SKIPPING IMAGE: tot amount of vasculature (1383.5282) < quality threshold 
processing: 1063028_21016_0_0.png
processing: 1063028_21015_0_0.png
processing: 1062978_21016_0_0.png
processing: 1062978_21015_0_0.png
processing: 1062900_21016_0_0.png
processing: 1062900_21015_0_0.png
processing: 1062859_21016_0_0.png
processing: 1062859_21015_0_0.png
  SKIPPING IMAGE: tot amount of vasculature (9563.8924) < quality threshold 
processing: 1062820_21016_1_0.png
  SKIPPING IMAGE: tot amount of vasculature (4862.1047) < quality threshold 
processing: 1062820_21015_1_0.png
  SKIPPING IMAGE: tot amount of vasculature (3989.0839) < quality threshold 
processing: 1062816_21016_0_0.png
processing: 1062816_21015_0_0.png
processing: 1062753_21016_0_0.png
  SKIPPING IMAGE: tot amount of vasculature (10267.272) < quality threshold 
processing: 1062753_21015_0_0.png
  SKIPPING IMAGE: tot amount of vasculature (2715.1865) < quality threshold 
processing: 1062558_21016_1_0.png
processing: 1062558_21015_1_0.png
processing: 1062503_21016_1_0.png
processing: 1062503_21015_1_0.png
processing: 1062476_21016_1_0.png
processing: 1062476_21015_1_0.png
processing: 1062452_21016_0_0.png
processing: 1062452_21015_0_0.png
  SKIPPING IMAGE: tot amount of vasculature (9134.1281) < quality threshold 
processing: 1062428_21016_1_0.png
  SKIPPING IMAGE: tot amount of vasculature (2441.8375) < quality threshold 
processing: 1062428_21015_1_0.png
  SKIPPING IMAGE: tot amount of vasculature (2630.6929) < quality threshold 
processing: 1062390_21016_1_0.png
processing: 1062390_21015_1_0.png
processing: 1062342_21016_0_0.png
processing: 1062342_21015_0_0.png
  SKIPPING IMAGE: tot amount of vasculature (10457.5105) < quality threshold 
processing: 1062338_21016_1_0.png
processing: 1062338_21015_1_0.png
processing: 1062251_21016_1_0.png
processing: 1062251_21016_0_0.png
processing: 1062251_21015_1_0.png
processing: 1062251_21015_0_0.png
processing: 1062230_21016_0_0.png
processing: 1062230_21015_0_0.png
processing: 1062205_21016_1_0.png
processing: 1062205_21015_1_0.png
processing: 1062014_21016_1_0.png
  SKIPPING IMAGE: tot amount of vasculature (23.0128) < quality threshold 
processing: 1062014_21015_1_0.png
  SKIPPING IMAGE: tot amount of vasculature (9038.9126) < quality threshold 
processing: 1061908_21016_0_0.png
  SKIPPING IMAGE: tot amount of vasculature (839.3906) < quality threshold 
processing: 1061908_21015_0_0.png
  SKIPPING IMAGE: tot amount of vasculature (2800.662) < quality threshold 
processing: 1061883_21016_0_0.png
processing: 1061883_21015_0_0.png
processing: 1061778_21016_0_0.png
  SKIPPING IMAGE: tot amount of vasculature (2463.7965) < quality threshold 
processing: 1061778_21015_0_0.png
  SKIPPING IMAGE: tot amount of vasculature (3778.4407) < quality threshold 
processing: 1061610_21016_0_0.png
processing: 1061610_21015_0_0.png
processing: 1061596_21016_0_0.png
  SKIPPING IMAGE: tot amount of vasculature (10009.1762) < quality threshold 
processing: 1061596_21015_0_0.png
processing: 1061577_21016_1_0.png
processing: 1061577_21015_1_0.png
processing: 1061539_21016_0_0.png
processing: 1061539_21015_0_0.png
processing: 1061504_21016_0_0.png
  SKIPPING IMAGE: tot amount of vasculature (5030.1953) < quality threshold 
processing: 1061504_21015_0_0.png
  SKIPPING IMAGE: tot amount of vasculature (1242.4493) < quality threshold 
processing: 1061433_21016_0_0.png
processing: 1061433_21015_0_0.png
processing: 1061402_21016_0_0.png
  SKIPPING IMAGE: tot amount of vasculature (10915.2421) < quality threshold 
processing: 1061402_21015_0_0.png
  SKIPPING IMAGE: tot amount of vasculature (10233.3466) < quality threshold 
processing: 1061373_21016_0_0.png
  SKIPPING IMAGE: tot amount of vasculature (5002.9201) < quality threshold 
processing: 1061373_21015_0_0.png
  SKIPPING IMAGE: tot amount of vasculature (9390.2962) < quality threshold 
processing: 1061349_21016_0_0.png
processing: 1061349_21015_0_0.png
processing: 1061330_21016_0_0.png
processing: 1061330_21015_0_0.png
processing: 1061281_21016_0_0.png
processing: 1061281_21015_0_0.png
processing: 1061238_21016_0_0.png
processing: 1061238_21015_0_0.png
processing: 1061207_21016_0_0.png
  SKIPPING IMAGE: tot amount of vasculature (5654.5521) < quality threshold 
processing: 1061207_21015_0_0.png
  SKIPPING IMAGE: tot amount of vasculature (6473.3015) < quality threshold 
processing: 1061106_21016_0_0.png
  SKIPPING IMAGE: tot amount of vasculature (170.7464) < quality threshold 
processing: 1061106_21015_0_0.png
  SKIPPING IMAGE: tot amount of vasculature (1721.8042) < quality threshold 
processing: 1061024_21016_0_0.png
processing: 1061024_21015_0_0.png
processing: 1060971_21016_0_0.png
  SKIPPING IMAGE: tot amount of vasculature (3884.7676) < quality threshold 
processing: 1060971_21015_0_0.png
  SKIPPING IMAGE: tot amount of vasculature (7703.8773) < quality threshold 
processing: 1060959_21016_0_0.png
processing: 1060959_21015_0_0.png
processing: 1060947_21016_0_0.png
  SKIPPING IMAGE: tot amount of vasculature (10709.3595) < quality threshold 
processing: 1060947_21015_0_0.png
  SKIPPING IMAGE: tot amount of vasculature (5276.35) < quality threshold 
processing: 1060920_21016_0_0.png
  SKIPPING IMAGE: tot amount of vasculature (5978.7394) < quality threshold 
processing: 1060920_21015_0_0.png
  SKIPPING IMAGE: tot amount of vasculature (10729.0094) < quality threshold 
processing: 1060902_21016_0_0.png
processing: 1060902_21015_0_0.png
processing: 1060780_21016_0_0.png
processing: 1060780_21015_0_0.png
processing: 1060586_21016_1_0.png
  SKIPPING IMAGE: tot amount of vasculature (6572.6635) < quality threshold 
processing: 1060586_21015_1_0.png
  SKIPPING IMAGE: tot amount of vasculature (2676.841) < quality threshold 
processing: 1060505_21016_0_0.png
  SKIPPING IMAGE: tot amount of vasculature (10920.5192) < quality threshold 
processing: 1060505_21015_0_0.png
processing: 1060340_21016_0_0.png
processing: 1060340_21015_0_0.png
  SKIPPING IMAGE: tot amount of vasculature (10147.71) < quality threshold 
processing: 1060314_21016_0_0.png
processing: 1060314_21015_0_0.png
processing: 1060306_21016_0_0.png
  SKIPPING IMAGE: tot amount of vasculature (3928.8048) < quality threshold 
processing: 1060306_21015_0_0.png
  SKIPPING IMAGE: tot amount of vasculature (7088.8017) < quality threshold 
processing: 1060291_21016_0_0.png
processing: 1060291_21015_0_0.png
processing: 1060258_21016_1_0.png
processing: 1060258_21015_1_0.png
processing: 1060244_21016_0_0.png
processing: 1060244_21015_0_0.png
processing: 1060226_21016_1_0.png
  SKIPPING IMAGE: tot amount of vasculature (2438.7897) < quality threshold 
processing: 1060226_21015_1_0.png
  SKIPPING IMAGE: tot amount of vasculature (148.881) < quality threshold 
processing: 1060182_21016_0_0.png
processing: 1060182_21015_0_0.png
processing: 1060166_21016_1_0.png
  SKIPPING IMAGE: tot amount of vasculature (5511.3065) < quality threshold 
processing: 1060166_21015_1_0.png
  SKIPPING IMAGE: tot amount of vasculature (6853.0691) < quality threshold 
processing: 1060115_21016_1_0.png
  SKIPPING IMAGE: tot amount of vasculature (2085.663) < quality threshold 
processing: 1060115_21015_1_0.png
  SKIPPING IMAGE: tot amount of vasculature (2830.5187) < quality threshold 
processing: 1060056_21016_1_0.png
  SKIPPING IMAGE: tot amount of vasculature (4656.5376) < quality threshold 
processing: 1060056_21015_1_0.png
  SKIPPING IMAGE: tot amount of vasculature (8678.1398) < quality threshold 
processing: 1059941_21016_0_0.png
  SKIPPING IMAGE: tot amount of vasculature (8432.0947) < quality threshold 
processing: 1059941_21015_0_0.png
processing: 1059929_21016_1_0.png
processing: 1059929_21015_1_0.png
processing: 1059915_21016_0_0.png
processing: 1059915_21015_0_0.png
processing: 1059809_21016_0_0.png
processing: 1059809_21015_0_0.png
processing: 1059793_21016_0_0.png
processing: 1059778_21016_0_0.png
processing: 1059778_21015_0_0.png
processing: 1059632_21016_0_0.png
processing: 1059632_21015_0_0.png
processing: 1059603_21016_1_0.png
  SKIPPING IMAGE: tot amount of vasculature (3805.5219) < quality threshold 
processing: 1059603_21015_1_0.png
  SKIPPING IMAGE: tot amount of vasculature (8516.687) < quality threshold 
processing: 1059539_21016_1_0.png
processing: 1059539_21015_1_0.png
processing: 1059471_21016_0_0.png
processing: 1059471_21015_0_0.png
processing: 1059447_21016_0_0.png
processing: 1059447_21015_0_0.png
processing: 1059420_21016_0_0.png
  SKIPPING IMAGE: tot amount of vasculature (8246.2069) < quality threshold 
processing: 1059420_21015_0_0.png
processing: 1059398_21016_0_0.png
processing: 1059398_21015_0_0.png
processing: 1059305_21016_0_0.png
processing: 1059305_21015_0_0.png
processing: 1059219_21016_0_0.png
  SKIPPING IMAGE: tot amount of vasculature (9263.1244) < quality threshold 
processing: 1059219_21015_0_0.png
processing: 1059140_21016_0_0.png
processing: 1059140_21015_0_0.png
processing: 1059114_21016_1_0.png
processing: 1059114_21015_1_0.png
processing: 1059055_21016_1_0.png
  SKIPPING IMAGE: No vessels found
processing: 1059055_21015_1_0.png
  SKIPPING IMAGE: tot amount of vasculature (272.8998) < quality threshold 
FINISHED: .mat files have been written to: /data/FAC/FBM/DBC/sbergman/retina/UKBiob/fundus/REVIEW//CLRIS/
execution time: 2233 sec
