------------------------------------------
Setting up environment variables
---
LD_LIBRARY_PATH is .:/software/Development/Languages/Matlab_Compiler_Runtime/96/runtime/glnxa64:/software/Development/Languages/Matlab_Compiler_Runtime/96/bin/glnxa64:/software/Development/Languages/Matlab_Compiler_Runtime/96/sys/os/glnxa64:/software/Development/Languages/Matlab_Compiler_Runtime/96/sys/opengl/lib/glnxa64
Running vessel measurements...
processing: 2758360_21016_0_0.png
processing: 2758360_21015_0_0.png
processing: 2758294_21016_0_0.png
  SKIPPING IMAGE: tot amount of vasculature (221.9039) < quality threshold 
processing: 2758294_21015_0_0.png
  SKIPPING IMAGE: tot amount of vasculature (6536.173) < quality threshold 
processing: 2758237_21016_1_0.png
processing: 2758237_21015_1_0.png
processing: 2758169_21016_0_0.png
processing: 2758169_21015_0_0.png
  SKIPPING IMAGE: tot amount of vasculature (2667.5931) < quality threshold 
processing: 2758158_21016_1_0.png
processing: 2758158_21015_1_0.png
processing: 2758144_21016_1_0.png
  SKIPPING IMAGE: tot amount of vasculature (2879.6862) < quality threshold 
processing: 2758144_21015_1_0.png
  SKIPPING IMAGE: tot amount of vasculature (2041.253) < quality threshold 
processing: 2758132_21016_0_0.png
  SKIPPING IMAGE: tot amount of vasculature (10554.5178) < quality threshold 
processing: 2758132_21015_0_0.png
processing: 2758126_21016_0_0.png
  SKIPPING IMAGE: tot amount of vasculature (692.7647) < quality threshold 
processing: 2758126_21015_0_0.png
processing: 2757867_21016_0_0.png
processing: 2757867_21015_0_0.png
processing: 2757855_21016_0_0.png
  SKIPPING IMAGE: tot amount of vasculature (5349.6175) < quality threshold 
processing: 2757855_21015_0_0.png
  SKIPPING IMAGE: tot amount of vasculature (222.1748) < quality threshold 
processing: 2757813_21016_1_0.png
processing: 2757813_21015_1_0.png
processing: 2757801_21016_0_0.png
processing: 2757801_21015_0_0.png
processing: 2757742_21016_1_0.png
  SKIPPING IMAGE: tot amount of vasculature (8557.0354) < quality threshold 
processing: 2757742_21015_1_0.png
  SKIPPING IMAGE: tot amount of vasculature (9822.9007) < quality threshold 
processing: 2757600_21016_0_0.png
processing: 2757600_21015_0_0.png
processing: 2757588_21016_0_0.png
  SKIPPING IMAGE: tot amount of vasculature (181.2303) < quality threshold 
processing: 2757588_21015_0_0.png
  SKIPPING IMAGE: tot amount of vasculature (342.6971) < quality threshold 
processing: 2757540_21016_0_0.png
processing: 2757540_21015_0_0.png
processing: 2757276_21016_0_0.png
processing: 2757276_21015_0_0.png
processing: 2757252_21016_0_0.png
  SKIPPING IMAGE: tot amount of vasculature (7495.0313) < quality threshold 
processing: 2757252_21015_0_0.png
  SKIPPING IMAGE: tot amount of vasculature (9934.7842) < quality threshold 
processing: 2757245_21016_0_0.png
  SKIPPING IMAGE: tot amount of vasculature (8222.1691) < quality threshold 
processing: 2757245_21015_0_0.png
  SKIPPING IMAGE: tot amount of vasculature (1926.5014) < quality threshold 
processing: 2757209_21016_0_0.png
processing: 2757209_21015_0_0.png
processing: 2757195_21016_0_0.png
processing: 2757195_21015_0_0.png
processing: 2757168_21016_1_0.png
processing: 2757168_21015_1_0.png
processing: 2757102_21016_0_0.png
processing: 2757102_21015_0_0.png
processing: 2757069_21016_0_0.png
processing: 2757069_21015_0_0.png
processing: 2756980_21016_0_0.png
processing: 2756980_21015_0_0.png
processing: 2756936_21016_0_0.png
processing: 2756936_21015_0_0.png
processing: 2756850_21016_1_0.png
  SKIPPING IMAGE: tot amount of vasculature (19.0073) < quality threshold 
processing: 2756850_21015_1_0.png
  SKIPPING IMAGE: tot amount of vasculature (1931.4331) < quality threshold 
processing: 2756771_21016_0_0.png
processing: 2756771_21015_0_0.png
processing: 2756759_21016_1_0.png
processing: 2756759_21016_0_0.png
processing: 2756759_21015_1_0.png
processing: 2756759_21015_0_0.png
processing: 2756702_21016_0_0.png
processing: 2756702_21015_0_0.png
processing: 2756630_21016_1_0.png
  SKIPPING IMAGE: tot amount of vasculature (531.0032) < quality threshold 
processing: 2756630_21015_1_0.png
processing: 2756627_21016_0_0.png
processing: 2756627_21015_0_0.png
processing: 2756605_21016_0_0.png
processing: 2756605_21015_0_0.png
processing: 2756528_21016_0_0.png
  SKIPPING IMAGE: tot amount of vasculature (9.8502) < quality threshold 
processing: 2756528_21015_0_0.png
  SKIPPING IMAGE: tot amount of vasculature (36.7497) < quality threshold 
processing: 2756478_21016_1_0.png
  SKIPPING IMAGE: tot amount of vasculature (8684.2278) < quality threshold 
processing: 2756478_21015_1_0.png
processing: 2756417_21016_0_0.png
processing: 2756417_21015_0_0.png
processing: 2756387_21016_0_0.png
processing: 2756387_21015_0_0.png
processing: 2756369_21016_0_0.png
processing: 2756369_21015_0_0.png
processing: 2756279_21016_0_0.png
processing: 2756279_21015_0_0.png
processing: 2756257_21016_1_0.png
processing: 2756257_21015_1_0.png
processing: 2756156_21016_0_0.png
  SKIPPING IMAGE: tot amount of vasculature (9877.2232) < quality threshold 
processing: 2756156_21015_0_0.png
processing: 2756070_21016_0_0.png
processing: 2756070_21015_0_0.png
processing: 2756029_21016_0_0.png
processing: 2756029_21015_0_0.png
  SKIPPING IMAGE: tot amount of vasculature (9000.6123) < quality threshold 
processing: 2755935_21016_1_0.png
processing: 2755935_21015_1_0.png
processing: 2755782_21016_0_0.png
processing: 2755782_21015_0_0.png
  SKIPPING IMAGE: tot amount of vasculature (10754.9534) < quality threshold 
processing: 2755770_21015_1_0.png
processing: 2755737_21016_0_0.png
processing: 2755737_21015_0_0.png
processing: 2755677_21016_1_0.png
  SKIPPING IMAGE: tot amount of vasculature (3572.4394) < quality threshold 
processing: 2755677_21015_1_0.png
  SKIPPING IMAGE: tot amount of vasculature (5626.5862) < quality threshold 
processing: 2755662_21016_0_0.png
processing: 2755662_21015_0_1.png
  SKIPPING IMAGE: tot amount of vasculature (9202.412) < quality threshold 
processing: 2755662_21015_0_0.png
  SKIPPING IMAGE: tot amount of vasculature (4035.8914) < quality threshold 
processing: 2755526_21016_0_0.png
  SKIPPING IMAGE: tot amount of vasculature (7267.269) < quality threshold 
processing: 2755526_21015_0_0.png
processing: 2755497_21016_1_0.png
processing: 2755497_21016_0_0.png
processing: 2755497_21015_1_0.png
processing: 2755497_21015_0_0.png
processing: 2755476_21016_0_0.png
  SKIPPING IMAGE: tot amount of vasculature (4124.2803) < quality threshold 
processing: 2755476_21015_0_0.png
processing: 2755460_21016_0_0.png
  SKIPPING IMAGE: tot amount of vasculature (10751.3028) < quality threshold 
processing: 2755460_21015_0_0.png
  SKIPPING IMAGE: tot amount of vasculature (155.6969) < quality threshold 
processing: 2755363_21016_0_0.png
processing: 2755363_21015_0_0.png
  SKIPPING IMAGE: tot amount of vasculature (3046.4668) < quality threshold 
processing: 2755342_21016_0_0.png
  SKIPPING IMAGE: tot amount of vasculature (10270.5689) < quality threshold 
processing: 2755342_21015_0_0.png
processing: 2755325_21016_0_0.png
  SKIPPING IMAGE: tot amount of vasculature (8626.4217) < quality threshold 
processing: 2755325_21015_0_0.png
  SKIPPING IMAGE: tot amount of vasculature (8966.6847) < quality threshold 
processing: 2755298_21016_1_0.png
  SKIPPING IMAGE: tot amount of vasculature (8518.3236) < quality threshold 
processing: 2755298_21015_1_0.png
  SKIPPING IMAGE: tot amount of vasculature (6695.1172) < quality threshold 
processing: 2755212_21016_0_0.png
processing: 2755212_21015_0_0.png
processing: 2755136_21016_0_0.png
  SKIPPING IMAGE: tot amount of vasculature (5497.2048) < quality threshold 
processing: 2755136_21015_0_0.png
  SKIPPING IMAGE: tot amount of vasculature (10786.3254) < quality threshold 
processing: 2755088_21016_1_0.png
processing: 2755088_21015_1_0.png
