------------------------------------------
Setting up environment variables
---
LD_LIBRARY_PATH is .:/software/Development/Languages/Matlab_Compiler_Runtime/96/runtime/glnxa64:/software/Development/Languages/Matlab_Compiler_Runtime/96/bin/glnxa64:/software/Development/Languages/Matlab_Compiler_Runtime/96/sys/os/glnxa64:/software/Development/Languages/Matlab_Compiler_Runtime/96/sys/opengl/lib/glnxa64
Running vessel measurements...
processing: 2836152_21015_1_0.png
  SKIPPING IMAGE: tot amount of vasculature (9372.0894) < quality threshold 
processing: 2836152_21015_0_0.png
processing: 2836096_21016_0_0.png
  SKIPPING IMAGE: tot amount of vasculature (6566.6796) < quality threshold 
processing: 2836096_21015_0_0.png
processing: 2836004_21016_0_0.png
  SKIPPING IMAGE: tot amount of vasculature (6816.2664) < quality threshold 
processing: 2836004_21015_0_0.png
processing: 2835963_21016_0_0.png
processing: 2835963_21015_0_0.png
processing: 2835956_21016_0_0.png
processing: 2835956_21015_0_0.png
processing: 2835907_21016_0_0.png
processing: 2835907_21015_0_0.png
  SKIPPING IMAGE: tot amount of vasculature (9891.8334) < quality threshold 
processing: 2835812_21016_0_0.png
  SKIPPING IMAGE: tot amount of vasculature (7916.9552) < quality threshold 
processing: 2835812_21015_0_0.png
processing: 2835796_21016_0_0.png
processing: 2835796_21015_0_0.png
processing: 2835718_21016_0_0.png
  SKIPPING IMAGE: tot amount of vasculature (2384.9721) < quality threshold 
processing: 2835718_21015_0_0.png
  SKIPPING IMAGE: tot amount of vasculature (7273.0954) < quality threshold 
processing: 2835692_21016_0_0.png
processing: 2835692_21015_0_0.png
processing: 2835665_21016_0_0.png
processing: 2835665_21015_0_0.png
processing: 2835640_21016_0_0.png
processing: 2835640_21015_0_0.png
processing: 2835631_21016_0_0.png
  SKIPPING IMAGE: tot amount of vasculature (9083.374) < quality threshold 
processing: 2835631_21015_0_0.png
  SKIPPING IMAGE: tot amount of vasculature (4481.6416) < quality threshold 
processing: 2835554_21016_0_0.png
processing: 2835554_21015_0_0.png
processing: 2835500_21016_0_0.png
processing: 2835500_21015_0_0.png
processing: 2835448_21016_0_0.png
processing: 2835448_21015_0_0.png
processing: 2835360_21016_1_0.png
processing: 2835360_21015_1_0.png
processing: 2835266_21016_1_0.png
processing: 2835266_21016_0_0.png
processing: 2835266_21015_1_0.png
processing: 2835266_21015_0_0.png
processing: 2835191_21016_0_0.png
processing: 2835191_21015_0_0.png
processing: 2835144_21016_0_0.png
processing: 2835144_21015_0_0.png
processing: 2835132_21016_0_0.png
  SKIPPING IMAGE: tot amount of vasculature (3255.4136) < quality threshold 
processing: 2835132_21015_0_0.png
  SKIPPING IMAGE: tot amount of vasculature (3956.3989) < quality threshold 
processing: 2835071_21016_0_0.png
  SKIPPING IMAGE: tot amount of vasculature (9845.6533) < quality threshold 
processing: 2835071_21015_0_0.png
  SKIPPING IMAGE: tot amount of vasculature (10839.5995) < quality threshold 
processing: 2835059_21016_1_0.png
processing: 2835059_21016_0_0.png
  SKIPPING IMAGE: tot amount of vasculature (6623.9525) < quality threshold 
processing: 2835059_21015_1_0.png
  SKIPPING IMAGE: tot amount of vasculature (7915.4919) < quality threshold 
processing: 2835059_21015_0_0.png
  SKIPPING IMAGE: tot amount of vasculature (6585.0944) < quality threshold 
processing: 2835016_21016_0_0.png
processing: 2835016_21015_0_0.png
processing: 2834967_21016_0_0.png
processing: 2834967_21015_0_0.png
processing: 2834936_21016_0_0.png
processing: 2834936_21015_0_0.png
processing: 2834877_21016_0_0.png
  SKIPPING IMAGE: tot amount of vasculature (6663.7156) < quality threshold 
processing: 2834877_21015_0_0.png
processing: 2834768_21016_0_0.png
processing: 2834768_21015_0_0.png
processing: 2834597_21016_0_0.png
processing: 2834597_21015_0_0.png
processing: 2834509_21016_0_0.png
processing: 2834509_21015_0_0.png
processing: 2834461_21016_1_0.png
  SKIPPING IMAGE: tot amount of vasculature (4449.7256) < quality threshold 
processing: 2834461_21015_1_0.png
processing: 2834422_21016_0_0.png
  SKIPPING IMAGE: tot amount of vasculature (49.3339) < quality threshold 
processing: 2834422_21015_0_0.png
  SKIPPING IMAGE: tot amount of vasculature (18.2218) < quality threshold 
processing: 2834391_21016_0_0.png
processing: 2834391_21015_0_0.png
processing: 2834358_21016_0_0.png
processing: 2834358_21015_0_0.png
processing: 2834310_21016_0_0.png
processing: 2834310_21015_0_0.png
processing: 2834214_21016_0_0.png
processing: 2834214_21015_0_0.png
processing: 2834190_21016_0_0.png
processing: 2834190_21015_0_0.png
processing: 2834119_21016_0_0.png
processing: 2834119_21015_0_1.png
processing: 2834119_21015_0_0.png
processing: 2834107_21016_0_0.png
processing: 2834107_21015_0_0.png
processing: 2834053_21016_1_0.png
processing: 2834053_21015_1_0.png
  SKIPPING IMAGE: tot amount of vasculature (7972.1222) < quality threshold 
processing: 2834037_21016_0_0.png
processing: 2834037_21015_0_0.png
processing: 2834008_21016_0_0.png
processing: 2834008_21015_0_0.png
  SKIPPING IMAGE: tot amount of vasculature (5707.2795) < quality threshold 
processing: 2833998_21016_0_0.png
  SKIPPING IMAGE: tot amount of vasculature (9961.6227) < quality threshold 
processing: 2833998_21015_0_0.png
  SKIPPING IMAGE: tot amount of vasculature (9438.9671) < quality threshold 
processing: 2833964_21016_1_0.png
  SKIPPING IMAGE: tot amount of vasculature (4497.3559) < quality threshold 
processing: 2833964_21015_1_0.png
  SKIPPING IMAGE: tot amount of vasculature (7790.998) < quality threshold 
processing: 2833927_21016_0_0.png
  SKIPPING IMAGE: tot amount of vasculature (3312.6987) < quality threshold 
processing: 2833927_21015_0_0.png
  SKIPPING IMAGE: tot amount of vasculature (8896.7211) < quality threshold 
processing: 2833856_21016_0_0.png
  SKIPPING IMAGE: tot amount of vasculature (7359.1232) < quality threshold 
processing: 2833856_21015_0_0.png
  SKIPPING IMAGE: tot amount of vasculature (8425.6469) < quality threshold 
processing: 2833842_21016_1_0.png
processing: 2833842_21015_1_0.png
processing: 2833791_21016_0_0.png
processing: 2833791_21015_0_0.png
  SKIPPING IMAGE: tot amount of vasculature (9428.7465) < quality threshold 
processing: 2833758_21016_1_0.png
processing: 2833758_21015_1_0.png
  SKIPPING IMAGE: tot amount of vasculature (8545.2058) < quality threshold 
processing: 2833667_21016_1_0.png
processing: 2833667_21015_1_0.png
processing: 2833655_21016_0_0.png
processing: 2833655_21015_0_0.png
processing: 2833648_21016_1_0.png
  SKIPPING IMAGE: tot amount of vasculature (10837.1545) < quality threshold 
processing: 2833648_21015_1_0.png
  SKIPPING IMAGE: tot amount of vasculature (6821.5818) < quality threshold 
processing: 2833624_21016_0_0.png
  SKIPPING IMAGE: tot amount of vasculature (30.3269) < quality threshold 
processing: 2833624_21015_0_0.png
  SKIPPING IMAGE: tot amount of vasculature (579.4665) < quality threshold 
processing: 2833515_21016_0_0.png
  SKIPPING IMAGE: tot amount of vasculature (9088.2949) < quality threshold 
processing: 2833515_21015_0_0.png
processing: 2833479_21016_0_0.png
  SKIPPING IMAGE: tot amount of vasculature (3975.6571) < quality threshold 
processing: 2833479_21015_0_0.png
