------------------------------------------
Setting up environment variables
---
LD_LIBRARY_PATH is .:/software/Development/Languages/Matlab_Compiler_Runtime/96/runtime/glnxa64:/software/Development/Languages/Matlab_Compiler_Runtime/96/bin/glnxa64:/software/Development/Languages/Matlab_Compiler_Runtime/96/sys/os/glnxa64:/software/Development/Languages/Matlab_Compiler_Runtime/96/sys/opengl/lib/glnxa64
Running vessel measurements...
processing: 3286358_21015_0_0.png
processing: 3286174_21016_0_0.png
processing: 3286174_21015_0_0.png
processing: 3286070_21016_0_0.png
processing: 3286070_21015_0_0.png
  SKIPPING IMAGE: tot amount of vasculature (3181.1248) < quality threshold 
processing: 3285993_21016_0_0.png
processing: 3285993_21015_0_0.png
processing: 3285978_21016_0_0.png
processing: 3285978_21015_0_0.png
processing: 3285961_21016_0_0.png
  SKIPPING IMAGE: tot amount of vasculature (2106.9646) < quality threshold 
processing: 3285961_21015_0_0.png
  SKIPPING IMAGE: tot amount of vasculature (5682.0494) < quality threshold 
processing: 3285935_21016_1_0.png
  SKIPPING IMAGE: tot amount of vasculature (1623.0516) < quality threshold 
processing: 3285935_21015_1_0.png
  SKIPPING IMAGE: tot amount of vasculature (5523.111) < quality threshold 
processing: 3285871_21016_0_0.png
processing: 3285871_21015_0_0.png
processing: 3285820_21016_0_0.png
processing: 3285820_21015_0_0.png
  SKIPPING IMAGE: tot amount of vasculature (9493.7135) < quality threshold 
processing: 3285782_21016_0_0.png
processing: 3285782_21015_0_0.png
processing: 3285696_21016_1_0.png
processing: 3285696_21015_1_0.png
processing: 3285677_21016_0_0.png
processing: 3285677_21015_0_0.png
processing: 3285643_21016_1_0.png
processing: 3285643_21015_1_0.png
processing: 3285445_21016_0_0.png
processing: 3285445_21015_0_0.png
  SKIPPING IMAGE: tot amount of vasculature (9005.4351) < quality threshold 
processing: 3285434_21016_1_0.png
  SKIPPING IMAGE: tot amount of vasculature (10005.1143) < quality threshold 
processing: 3285434_21015_1_0.png
processing: 3285411_21016_0_0.png
processing: 3285411_21015_0_0.png
processing: 3285338_21016_0_0.png
processing: 3285338_21015_0_0.png
processing: 3285325_21016_0_0.png
processing: 3285325_21015_0_0.png
processing: 3285298_21016_0_0.png
processing: 3285298_21015_0_0.png
processing: 3285230_21016_0_0.png
processing: 3285230_21015_0_0.png
  SKIPPING IMAGE: tot amount of vasculature (6098.146) < quality threshold 
processing: 3285148_21016_0_0.png
processing: 3285148_21015_0_0.png
processing: 3285101_21016_1_0.png
processing: 3285101_21015_1_0.png
  SKIPPING IMAGE: tot amount of vasculature (10551.3318) < quality threshold 
processing: 3285079_21016_0_0.png
processing: 3285079_21015_0_0.png
processing: 3284983_21016_1_0.png
processing: 3284983_21016_0_1.png
processing: 3284983_21016_0_0.png
processing: 3284983_21015_1_0.png
processing: 3284983_21015_0_0.png
processing: 3284960_21016_0_0.png
processing: 3284960_21015_0_0.png
  SKIPPING IMAGE: tot amount of vasculature (10559.8339) < quality threshold 
processing: 3284945_21016_0_0.png
processing: 3284945_21015_0_0.png
processing: 3284837_21016_0_0.png
processing: 3284837_21015_0_0.png
processing: 3284779_21016_0_0.png
processing: 3284779_21015_0_0.png
processing: 3284731_21016_1_0.png
  SKIPPING IMAGE: tot amount of vasculature (10683.1933) < quality threshold 
processing: 3284731_21015_1_0.png
processing: 3284563_21016_0_0.png
processing: 3284563_21015_0_0.png
processing: 3284542_21016_0_0.png
processing: 3284542_21015_0_0.png
processing: 3284469_21016_0_0.png
processing: 3284469_21015_0_0.png
processing: 3284410_21016_0_0.png
processing: 3284410_21015_0_0.png
processing: 3284380_21016_0_0.png
  SKIPPING IMAGE: tot amount of vasculature (10679.96) < quality threshold 
processing: 3284380_21015_0_0.png
processing: 3284367_21016_0_0.png
processing: 3284367_21015_0_0.png
processing: 3284348_21016_1_0.png
  SKIPPING IMAGE: tot amount of vasculature (6537.376) < quality threshold 
processing: 3284348_21015_1_0.png
processing: 3284313_21016_0_0.png
  SKIPPING IMAGE: tot amount of vasculature (10930.9474) < quality threshold 
processing: 3284313_21015_0_0.png
  SKIPPING IMAGE: tot amount of vasculature (4778.5479) < quality threshold 
processing: 3284296_21016_0_0.png
processing: 3284296_21015_0_0.png
processing: 3284193_21016_0_0.png
processing: 3284193_21015_0_0.png
processing: 3284100_21016_0_0.png
processing: 3284100_21015_0_0.png
  SKIPPING IMAGE: tot amount of vasculature (5310.3561) < quality threshold 
processing: 3284098_21016_0_0.png
processing: 3284098_21015_0_0.png
  SKIPPING IMAGE: tot amount of vasculature (8510.1724) < quality threshold 
processing: 3284086_21016_0_0.png
processing: 3284086_21015_0_0.png
processing: 3284005_21015_0_0.png
processing: 3283767_21016_0_0.png
processing: 3283767_21015_0_0.png
processing: 3283755_21016_0_0.png
processing: 3283755_21015_0_0.png
processing: 3283551_21016_1_0.png
processing: 3283496_21016_0_0.png
processing: 3283496_21015_0_0.png
  SKIPPING IMAGE: tot amount of vasculature (7726.8748) < quality threshold 
processing: 3283418_21016_1_0.png
  SKIPPING IMAGE: tot amount of vasculature (643.06) < quality threshold 
processing: 3283418_21015_1_0.png
  SKIPPING IMAGE: tot amount of vasculature (2653.8071) < quality threshold 
processing: 3283340_21016_0_0.png
processing: 3283340_21015_0_0.png
processing: 3283141_21016_1_0.png
processing: 3283141_21015_1_0.png
  SKIPPING IMAGE: tot amount of vasculature (10773.6802) < quality threshold 
processing: 3283129_21016_0_0.png
  SKIPPING IMAGE: tot amount of vasculature (6766.4098) < quality threshold 
processing: 3283129_21015_0_0.png
  SKIPPING IMAGE: tot amount of vasculature (8902.3273) < quality threshold 
processing: 3283063_21016_0_0.png
processing: 3282857_21016_0_0.png
  SKIPPING IMAGE: tot amount of vasculature (9112.8076) < quality threshold 
processing: 3282857_21015_0_0.png
  SKIPPING IMAGE: tot amount of vasculature (8645.9462) < quality threshold 
processing: 3282806_21016_0_0.png
processing: 3282806_21015_0_0.png
processing: 3282764_21016_0_0.png
processing: 3282764_21015_0_0.png
processing: 3282749_21016_0_0.png
processing: 3282749_21015_0_0.png
processing: 3282712_21016_1_0.png
processing: 3282712_21015_1_0.png
processing: 3282481_21016_0_0.png
  SKIPPING IMAGE: tot amount of vasculature (8489.9402) < quality threshold 
processing: 3282481_21015_0_0.png
processing: 3282474_21016_1_0.png
  SKIPPING IMAGE: tot amount of vasculature (8261.3493) < quality threshold 
processing: 3282474_21016_0_0.png
  SKIPPING IMAGE: tot amount of vasculature (607.4328) < quality threshold 
processing: 3282474_21015_1_0.png
processing: 3282474_21015_0_0.png
processing: 3282463_21015_0_0.png
  SKIPPING IMAGE: tot amount of vasculature (2900.7832) < quality threshold 
processing: 3282407_21016_0_0.png
