------------------------------------------
Setting up environment variables
---
LD_LIBRARY_PATH is .:/software/Development/Languages/Matlab_Compiler_Runtime/96/runtime/glnxa64:/software/Development/Languages/Matlab_Compiler_Runtime/96/bin/glnxa64:/software/Development/Languages/Matlab_Compiler_Runtime/96/sys/os/glnxa64:/software/Development/Languages/Matlab_Compiler_Runtime/96/sys/opengl/lib/glnxa64
Running vessel measurements...
processing: 5265268_21015_0_0.png
  SKIPPING IMAGE: tot amount of vasculature (7801.8461) < quality threshold 
processing: 5265077_21016_1_0.png
  SKIPPING IMAGE: tot amount of vasculature (6488.2137) < quality threshold 
processing: 5265077_21015_1_0.png
processing: 5265004_21016_0_0.png
processing: 5265004_21015_0_0.png
processing: 5264981_21016_0_0.png
  SKIPPING IMAGE: tot amount of vasculature (8947.2767) < quality threshold 
processing: 5264981_21015_0_0.png
  SKIPPING IMAGE: tot amount of vasculature (9978.3509) < quality threshold 
processing: 5264938_21016_0_0.png
processing: 5264938_21015_0_0.png
processing: 5264919_21016_0_0.png
  SKIPPING IMAGE: tot amount of vasculature (7193.6938) < quality threshold 
processing: 5264919_21015_0_0.png
processing: 5264851_21016_0_0.png
  SKIPPING IMAGE: tot amount of vasculature (2537.1236) < quality threshold 
processing: 5264851_21015_0_0.png
  SKIPPING IMAGE: tot amount of vasculature (7309.6847) < quality threshold 
processing: 5264762_21016_0_0.png
  SKIPPING IMAGE: tot amount of vasculature (10464.5322) < quality threshold 
processing: 5264762_21015_0_0.png
processing: 5264721_21016_0_0.png
  SKIPPING IMAGE: tot amount of vasculature (8817.679) < quality threshold 
processing: 5264721_21015_0_0.png
  SKIPPING IMAGE: tot amount of vasculature (8424.2637) < quality threshold 
processing: 5264631_21016_0_0.png
processing: 5264631_21015_0_0.png
processing: 5264589_21016_0_0.png
  SKIPPING IMAGE: tot amount of vasculature (3908.3544) < quality threshold 
processing: 5264589_21015_0_0.png
  SKIPPING IMAGE: tot amount of vasculature (333.4539) < quality threshold 
processing: 5264535_21016_1_0.png
processing: 5264535_21015_1_0.png
processing: 5264500_21016_0_0.png
processing: 5264500_21015_0_0.png
  SKIPPING IMAGE: tot amount of vasculature (9004.6374) < quality threshold 
processing: 5264499_21016_0_0.png
processing: 5264499_21015_0_0.png
processing: 5264352_21016_0_0.png
processing: 5264334_21016_0_0.png
processing: 5264334_21015_0_0.png
processing: 5264282_21016_0_0.png
processing: 5264282_21015_0_0.png
processing: 5264266_21016_0_0.png
processing: 5264266_21015_0_0.png
processing: 5264237_21016_0_0.png
processing: 5264237_21015_0_0.png
processing: 5264191_21016_0_0.png
processing: 5264191_21015_0_0.png
processing: 5264033_21016_0_0.png
processing: 5264033_21015_0_0.png
processing: 5264002_21016_0_0.png
processing: 5264002_21015_0_0.png
processing: 5263923_21016_0_0.png
  SKIPPING IMAGE: tot amount of vasculature (8804.5163) < quality threshold 
processing: 5263923_21015_0_0.png
processing: 5263891_21016_0_0.png
processing: 5263891_21015_0_0.png
processing: 5263832_21016_0_0.png
processing: 5263832_21015_0_0.png
processing: 5263734_21016_0_0.png
processing: 5263734_21015_0_0.png
  SKIPPING IMAGE: tot amount of vasculature (9691.4053) < quality threshold 
processing: 5263711_21016_0_0.png
processing: 5263711_21015_0_0.png
  SKIPPING IMAGE: tot amount of vasculature (10121.1334) < quality threshold 
processing: 5263642_21016_0_0.png
processing: 5263642_21015_0_0.png
processing: 5263571_21016_0_0.png
processing: 5263571_21015_0_0.png
processing: 5263441_21016_0_0.png
  SKIPPING IMAGE: tot amount of vasculature (8787.4068) < quality threshold 
processing: 5263441_21015_0_0.png
  SKIPPING IMAGE: tot amount of vasculature (6862.4228) < quality threshold 
processing: 5263385_21016_0_1.png
processing: 5263385_21016_0_0.png
processing: 5263385_21015_0_0.png
processing: 5263299_21016_0_0.png
processing: 5263299_21015_0_0.png
processing: 5263224_21016_0_0.png
processing: 5263224_21015_0_0.png
processing: 5263213_21016_0_0.png
processing: 5263213_21015_0_0.png
  SKIPPING IMAGE: tot amount of vasculature (5292.1939) < quality threshold 
processing: 5263127_21016_0_0.png
  SKIPPING IMAGE: tot amount of vasculature (10192.0334) < quality threshold 
processing: 5263127_21015_0_0.png
processing: 5263078_21016_0_0.png
processing: 5263078_21015_0_0.png
processing: 5263022_21016_0_0.png
processing: 5263022_21015_0_0.png
processing: 5262924_21016_0_0.png
processing: 5262924_21015_0_0.png
  SKIPPING IMAGE: tot amount of vasculature (9070.7651) < quality threshold 
processing: 5262885_21016_0_0.png
  SKIPPING IMAGE: tot amount of vasculature (5907.6494) < quality threshold 
processing: 5262885_21015_0_0.png
  SKIPPING IMAGE: tot amount of vasculature (10127.9409) < quality threshold 
processing: 5262839_21016_1_0.png
processing: 5262839_21015_1_0.png
processing: 5262821_21016_0_0.png
  SKIPPING IMAGE: tot amount of vasculature (10247.1267) < quality threshold 
processing: 5262821_21015_0_0.png
  SKIPPING IMAGE: tot amount of vasculature (8230.8875) < quality threshold 
processing: 5262784_21016_1_0.png
  SKIPPING IMAGE: tot amount of vasculature (1367.7142) < quality threshold 
processing: 5262784_21015_1_0.png
  SKIPPING IMAGE: tot amount of vasculature (10308.6089) < quality threshold 
processing: 5262759_21016_0_0.png
processing: 5262759_21015_0_0.png
processing: 5262686_21016_1_0.png
  SKIPPING IMAGE: tot amount of vasculature (7243.4068) < quality threshold 
processing: 5262686_21015_1_0.png
  SKIPPING IMAGE: tot amount of vasculature (5865.0329) < quality threshold 
processing: 5262649_21016_0_0.png
processing: 5262649_21015_0_0.png
processing: 5262630_21016_0_1.png
processing: 5262630_21016_0_0.png
processing: 5262630_21015_0_0.png
processing: 5262292_21016_1_0.png
processing: 5262292_21015_1_0.png
processing: 5262223_21016_1_0.png
  SKIPPING IMAGE: tot amount of vasculature (6845.0616) < quality threshold 
processing: 5262223_21015_1_0.png
  SKIPPING IMAGE: tot amount of vasculature (7596.7041) < quality threshold 
processing: 5262174_21016_0_0.png
processing: 5262174_21015_0_0.png
processing: 5262119_21016_0_0.png
processing: 5262119_21015_0_0.png
processing: 5262066_21016_0_0.png
processing: 5262066_21015_0_0.png
  SKIPPING IMAGE: tot amount of vasculature (6416.5147) < quality threshold 
processing: 5262053_21016_1_0.png
processing: 5262053_21015_1_0.png
processing: 5262041_21016_0_0.png
processing: 5262041_21015_0_0.png
  SKIPPING IMAGE: tot amount of vasculature (8559.0107) < quality threshold 
processing: 5262029_21016_0_0.png
processing: 5262029_21015_0_0.png
  SKIPPING IMAGE: tot amount of vasculature (10281.5865) < quality threshold 
processing: 5262015_21016_0_0.png
processing: 5262015_21015_0_0.png
processing: 5262008_21016_0_0.png
processing: 5262008_21015_0_0.png
processing: 5261995_21016_0_0.png
processing: 5261995_21015_0_0.png
processing: 5261767_21016_0_0.png
processing: 5261767_21015_0_0.png
processing: 5261748_21016_0_0.png
processing: 5261748_21015_0_0.png
processing: 5261701_21016_1_0.png
processing: 5261701_21015_1_0.png
processing: 5261652_21016_0_0.png
  SKIPPING IMAGE: tot amount of vasculature (9274.7621) < quality threshold 
processing: 5261652_21015_0_0.png
  SKIPPING IMAGE: tot amount of vasculature (895.5562) < quality threshold 
processing: 5261586_21016_0_0.png
processing: 5261586_21015_0_0.png
processing: 5261450_21016_0_0.png
processing: 5261450_21015_0_0.png
processing: 5261153_21016_1_0.png
processing: 5261153_21015_1_0.png
processing: 5261141_21016_1_0.png
processing: 5261141_21015_1_0.png
processing: 5261137_21016_0_0.png
processing: 5261137_21015_0_0.png
processing: 5261108_21016_0_0.png
processing: 5261108_21015_0_0.png
processing: 5261081_21016_0_0.png
processing: 5261081_21015_0_0.png
processing: 5261063_21016_0_0.png
processing: 5261063_21015_0_0.png
processing: 5261019_21016_0_0.png
  SKIPPING IMAGE: tot amount of vasculature (8619.8219) < quality threshold 
processing: 5261019_21015_0_0.png
  SKIPPING IMAGE: tot amount of vasculature (10872.2442) < quality threshold 
processing: 5260962_21016_0_0.png
processing: 5260962_21015_0_0.png
processing: 5260880_21016_0_0.png
processing: 5260880_21015_0_0.png
processing: 5260763_21016_0_0.png
  SKIPPING IMAGE: tot amount of vasculature (9114.4834) < quality threshold 
processing: 5260763_21015_0_0.png
  SKIPPING IMAGE: tot amount of vasculature (8940.1405) < quality threshold 
processing: 5260742_21016_0_0.png
  SKIPPING IMAGE: tot amount of vasculature (5505.699) < quality threshold 
processing: 5260742_21015_0_0.png
  SKIPPING IMAGE: tot amount of vasculature (10183.113) < quality threshold 
processing: 5260719_21016_1_0.png
processing: 5260635_21016_1_0.png
  SKIPPING IMAGE: tot amount of vasculature (2864.3696) < quality threshold 
processing: 5260635_21016_0_0.png
  SKIPPING IMAGE: tot amount of vasculature (8713.4181) < quality threshold 
processing: 5260635_21015_1_0.png
  SKIPPING IMAGE: tot amount of vasculature (6642.1964) < quality threshold 
processing: 5260635_21015_0_0.png
  SKIPPING IMAGE: tot amount of vasculature (10247.445) < quality threshold 
processing: 5260540_21016_0_0.png
processing: 5260540_21015_0_0.png
processing: 5260506_21016_0_0.png
processing: 5260506_21015_0_0.png
  SKIPPING IMAGE: tot amount of vasculature (8459.6824) < quality threshold 
processing: 5260486_21016_0_0.png
processing: 5260486_21015_0_0.png
  SKIPPING IMAGE: tot amount of vasculature (10308.9035) < quality threshold 
processing: 5260464_21016_0_0.png
processing: 5260464_21015_0_0.png
processing: 5260405_21016_0_0.png
processing: 5260405_21015_0_0.png
processing: 5260211_21016_0_0.png
processing: 5260211_21015_0_0.png
processing: 5260075_21016_1_0.png
  SKIPPING IMAGE: tot amount of vasculature (8143.9617) < quality threshold 
processing: 5260075_21015_1_0.png
  SKIPPING IMAGE: tot amount of vasculature (9597.8174) < quality threshold 
processing: 5260026_21016_0_0.png
processing: 5260026_21015_0_0.png
  SKIPPING IMAGE: tot amount of vasculature (4828.4583) < quality threshold 
processing: 5260003_21016_0_0.png
processing: 5260003_21015_0_0.png
processing: 5259947_21016_0_0.png
processing: 5259947_21015_0_0.png
processing: 5259893_21016_0_0.png
  SKIPPING IMAGE: tot amount of vasculature (1079.4235) < quality threshold 
processing: 5259893_21015_0_0.png
  SKIPPING IMAGE: tot amount of vasculature (1006.6359) < quality threshold 
processing: 5259861_21016_0_0.png
processing: 5259861_21015_0_0.png
processing: 5259822_21016_0_0.png
processing: 5259822_21015_0_0.png
processing: 5259799_21016_0_0.png
processing: 5259799_21015_0_0.png
processing: 5259772_21016_1_0.png
processing: 5259772_21015_1_0.png
processing: 5259676_21016_0_0.png
processing: 5259676_21015_0_0.png
processing: 5259645_21016_0_0.png
processing: 5259645_21015_0_0.png
processing: 5259530_21016_0_0.png
processing: 5259530_21015_0_0.png
processing: 5259512_21016_1_0.png
processing: 5259512_21016_0_0.png
processing: 5259512_21015_1_0.png
processing: 5259512_21015_0_0.png
processing: 5259505_21016_0_0.png
processing: 5259505_21015_0_0.png
  SKIPPING IMAGE: tot amount of vasculature (10775.2203) < quality threshold 
processing: 5259485_21016_0_0.png
processing: 5259485_21015_0_0.png
processing: 5259421_21016_0_0.png
processing: 5259421_21015_0_0.png
processing: 5259388_21016_0_0.png
processing: 5259388_21015_0_0.png
processing: 5259365_21016_0_0.png
processing: 5259365_21015_0_0.png
processing: 5259357_21016_0_0.png
processing: 5259357_21015_0_0.png
processing: 5259306_21016_0_0.png
  SKIPPING IMAGE: tot amount of vasculature (10235.5063) < quality threshold 
processing: 5259306_21015_0_0.png
  SKIPPING IMAGE: tot amount of vasculature (7605.0265) < quality threshold 
processing: 5259291_21016_0_0.png
processing: 5259291_21015_0_0.png
processing: 5259287_21016_0_0.png
processing: 5259287_21015_0_0.png
processing: 5259210_21016_0_0.png
processing: 5259210_21015_0_0.png
processing: 5259153_21016_0_0.png
processing: 5259153_21015_0_0.png
processing: 5259056_21016_1_0.png
processing: 5259056_21015_1_0.png
processing: 5259007_21016_0_0.png
processing: 5258969_21016_1_0.png
processing: 5258969_21015_1_0.png
  SKIPPING IMAGE: tot amount of vasculature (9117.5186) < quality threshold 
processing: 5258958_21016_0_0.png
processing: 5258958_21015_0_0.png
processing: 5258892_21016_1_0.png
  SKIPPING IMAGE: tot amount of vasculature (8397.3416) < quality threshold 
processing: 5258892_21015_1_0.png
  SKIPPING IMAGE: tot amount of vasculature (6950.8927) < quality threshold 
processing: 5258823_21016_0_0.png
  SKIPPING IMAGE: tot amount of vasculature (10276.1408) < quality threshold 
processing: 5258823_21015_0_0.png
  SKIPPING IMAGE: tot amount of vasculature (9749.6978) < quality threshold 
processing: 5258730_21016_0_0.png
processing: 5258730_21015_0_0.png
processing: 5258653_21016_0_0.png
  SKIPPING IMAGE: tot amount of vasculature (8035.3105) < quality threshold 
processing: 5258653_21015_0_0.png
  SKIPPING IMAGE: tot amount of vasculature (9320.0409) < quality threshold 
processing: 5258641_21016_0_0.png
processing: 5258629_21016_0_0.png
  SKIPPING IMAGE: tot amount of vasculature (8153.7994) < quality threshold 
processing: 5258629_21015_0_0.png
  SKIPPING IMAGE: tot amount of vasculature (7537.3418) < quality threshold 
processing: 5258524_21016_0_0.png
processing: 5258419_21016_0_0.png
  SKIPPING IMAGE: tot amount of vasculature (2195.2522) < quality threshold 
processing: 5258419_21015_0_0.png
processing: 5258317_21015_0_0.png
  SKIPPING IMAGE: tot amount of vasculature (10612.1262) < quality threshold 
processing: 5258284_21016_0_0.png
processing: 5258284_21015_0_0.png
processing: 5258233_21016_1_0.png
  SKIPPING IMAGE: tot amount of vasculature (9828.1018) < quality threshold 
processing: 5258233_21015_1_0.png
processing: 5258202_21016_1_0.png
  SKIPPING IMAGE: No vessels found
processing: 5258202_21015_1_0.png
  SKIPPING IMAGE: tot amount of vasculature (1602.1875) < quality threshold 
processing: 5258183_21016_0_0.png
processing: 5258183_21015_0_0.png
processing: 5258128_21016_0_0.png
processing: 5258128_21015_0_0.png
processing: 5258109_21016_1_0.png
processing: 5258109_21015_1_0.png
processing: 5258077_21016_0_0.png
  SKIPPING IMAGE: tot amount of vasculature (10915.2604) < quality threshold 
processing: 5258077_21015_0_0.png
  SKIPPING IMAGE: tot amount of vasculature (9366.6335) < quality threshold 
processing: 5258062_21016_1_0.png
processing: 5258062_21015_1_0.png
processing: 5258050_21016_0_0.png
processing: 5258050_21015_0_0.png
processing: 5258004_21016_0_0.png
processing: 5258004_21015_0_0.png
processing: 5257905_21016_0_0.png
processing: 5257905_21015_0_0.png
processing: 5257732_21016_1_0.png
  SKIPPING IMAGE: tot amount of vasculature (8080.0827) < quality threshold 
processing: 5257732_21015_1_0.png
  SKIPPING IMAGE: tot amount of vasculature (5157.0582) < quality threshold 
processing: 5257680_21016_0_0.png
processing: 5257680_21015_0_0.png
processing: 5257667_21016_0_0.png
processing: 5257667_21015_0_0.png
processing: 5257624_21016_0_0.png
  SKIPPING IMAGE: tot amount of vasculature (1214.2521) < quality threshold 
processing: 5257624_21015_0_0.png
  SKIPPING IMAGE: tot amount of vasculature (8868.0876) < quality threshold 
processing: 5257529_21016_1_0.png
processing: 5257529_21015_1_0.png
  SKIPPING IMAGE: tot amount of vasculature (10394.1675) < quality threshold 
processing: 5257406_21016_0_0.png
  SKIPPING IMAGE: tot amount of vasculature (1126.6912) < quality threshold 
processing: 5257406_21015_0_0.png
  SKIPPING IMAGE: tot amount of vasculature (7659.1747) < quality threshold 
processing: 5257395_21016_0_0.png
  SKIPPING IMAGE: tot amount of vasculature (4015.697) < quality threshold 
processing: 5257395_21015_0_0.png
processing: 5257371_21016_0_0.png
processing: 5257371_21015_0_0.png
processing: 5257302_21016_0_0.png
processing: 5257302_21015_0_0.png
processing: 5257217_21016_0_0.png
processing: 5257217_21015_0_0.png
  SKIPPING IMAGE: tot amount of vasculature (8313.54) < quality threshold 
processing: 5257162_21016_0_0.png
processing: 5257162_21015_0_1.png
  SKIPPING IMAGE: tot amount of vasculature (8037.8619) < quality threshold 
processing: 5257162_21015_0_0.png
  SKIPPING IMAGE: tot amount of vasculature (8489.496) < quality threshold 
processing: 5257143_21016_0_0.png
processing: 5257143_21015_0_0.png
processing: 5257052_21016_1_0.png
processing: 5257052_21016_0_0.png
processing: 5257052_21015_1_0.png
processing: 5257052_21015_0_0.png
processing: 5257009_21016_1_0.png
processing: 5256938_21016_0_0.png
processing: 5256938_21015_0_0.png
processing: 5256907_21016_0_0.png
processing: 5256907_21015_0_0.png
processing: 5256805_21016_0_0.png
processing: 5256805_21015_0_0.png
processing: 5256561_21016_1_0.png
processing: 5256561_21015_1_0.png
processing: 5256546_21016_0_0.png
processing: 5256546_21015_0_0.png
  SKIPPING IMAGE: tot amount of vasculature (956.6109) < quality threshold 
processing: 5256522_21016_0_0.png
  SKIPPING IMAGE: tot amount of vasculature (3330.9709) < quality threshold 
FINISHED: .mat files have been written to: /data/FAC/FBM/DBC/sbergman/retina/UKBiob/fundus/REVIEW//CLRIS/
execution time: 1644 sec
