------------------------------------------
Setting up environment variables
---
LD_LIBRARY_PATH is .:/software/Development/Languages/Matlab_Compiler_Runtime/96/runtime/glnxa64:/software/Development/Languages/Matlab_Compiler_Runtime/96/bin/glnxa64:/software/Development/Languages/Matlab_Compiler_Runtime/96/sys/os/glnxa64:/software/Development/Languages/Matlab_Compiler_Runtime/96/sys/opengl/lib/glnxa64
Running vessel measurements...
processing: 5130723_21016_0_0.png
processing: 5130723_21015_0_0.png
processing: 5130714_21016_0_0.png
processing: 5130714_21015_0_0.png
processing: 5130706_21016_1_0.png
  SKIPPING IMAGE: tot amount of vasculature (10991.9968) < quality threshold 
processing: 5130706_21015_1_0.png
processing: 5130684_21016_0_0.png
processing: 5130684_21015_0_0.png
processing: 5130668_21016_0_0.png
  SKIPPING IMAGE: tot amount of vasculature (8454.0464) < quality threshold 
processing: 5130668_21015_0_0.png
processing: 5130602_21016_0_0.png
  SKIPPING IMAGE: tot amount of vasculature (373.9942) < quality threshold 
processing: 5130602_21015_0_0.png
  SKIPPING IMAGE: tot amount of vasculature (3292.5952) < quality threshold 
processing: 5130469_21016_1_0.png
  SKIPPING IMAGE: tot amount of vasculature (10305.1573) < quality threshold 
processing: 5130469_21015_1_0.png
processing: 5130367_21016_0_0.png
processing: 5130367_21015_0_0.png
  SKIPPING IMAGE: tot amount of vasculature (3489.1173) < quality threshold 
processing: 5130355_21016_1_0.png
processing: 5130355_21015_1_0.png
processing: 5130336_21016_1_0.png
  SKIPPING IMAGE: tot amount of vasculature (9617.4351) < quality threshold 
processing: 5130336_21016_0_0.png
processing: 5130336_21015_1_0.png
  SKIPPING IMAGE: tot amount of vasculature (7758.9914) < quality threshold 
processing: 5130336_21015_0_0.png
processing: 5130301_21016_0_0.png
processing: 5130301_21015_0_0.png
  SKIPPING IMAGE: tot amount of vasculature (9238.4201) < quality threshold 
processing: 5130221_21016_0_0.png
processing: 5130221_21015_0_0.png
  SKIPPING IMAGE: tot amount of vasculature (3460.1089) < quality threshold 
processing: 5130100_21015_0_0.png
processing: 5130086_21016_0_0.png
processing: 5130086_21015_0_0.png
processing: 5130051_21016_0_0.png
processing: 5130051_21015_0_0.png
  SKIPPING IMAGE: tot amount of vasculature (9543.9548) < quality threshold 
processing: 5129900_21016_1_0.png
  SKIPPING IMAGE: tot amount of vasculature (7801.2964) < quality threshold 
processing: 5129900_21015_1_0.png
  SKIPPING IMAGE: tot amount of vasculature (4305.0082) < quality threshold 
processing: 5129884_21016_1_0.png
  SKIPPING IMAGE: tot amount of vasculature (9591.1732) < quality threshold 
processing: 5129884_21015_1_0.png
processing: 5129753_21016_1_0.png
  SKIPPING IMAGE: tot amount of vasculature (7117.0833) < quality threshold 
processing: 5129753_21015_1_0.png
  SKIPPING IMAGE: tot amount of vasculature (6006.0821) < quality threshold 
processing: 5129604_21016_1_0.png
  SKIPPING IMAGE: tot amount of vasculature (9785.6277) < quality threshold 
processing: 5129604_21016_0_0.png
processing: 5129604_21015_1_0.png
  SKIPPING IMAGE: tot amount of vasculature (10508.7953) < quality threshold 
processing: 5129604_21015_0_0.png
processing: 5129591_21016_0_0.png
processing: 5129591_21015_0_0.png
processing: 5129575_21016_0_0.png
processing: 5129575_21015_0_0.png
processing: 5129569_21016_0_0.png
processing: 5129569_21015_0_0.png
processing: 5129558_21016_0_0.png
processing: 5129558_21015_0_0.png
processing: 5129205_21016_0_0.png
processing: 5129205_21015_0_0.png
processing: 5129199_21016_0_0.png
processing: 5129199_21015_0_0.png
  SKIPPING IMAGE: tot amount of vasculature (5450.3181) < quality threshold 
processing: 5129180_21016_0_0.png
processing: 5129180_21015_0_0.png
processing: 5129124_21016_0_0.png
processing: 5129124_21015_0_0.png
processing: 5129092_21016_0_0.png
processing: 5129092_21015_0_0.png
processing: 5128949_21016_0_0.png
processing: 5128949_21015_0_0.png
processing: 5128881_21016_0_0.png
processing: 5128881_21015_0_0.png
processing: 5128758_21016_0_0.png
processing: 5128758_21015_0_0.png
processing: 5128667_21016_0_0.png
processing: 5128667_21015_0_1.png
  SKIPPING IMAGE: tot amount of vasculature (9298.3416) < quality threshold 
processing: 5128667_21015_0_0.png
  SKIPPING IMAGE: tot amount of vasculature (5836.8268) < quality threshold 
processing: 5128655_21016_0_0.png
processing: 5128655_21015_0_0.png
processing: 5128636_21016_0_0.png
  SKIPPING IMAGE: tot amount of vasculature (10257.1362) < quality threshold 
processing: 5128636_21015_0_0.png
  SKIPPING IMAGE: tot amount of vasculature (8328.6466) < quality threshold 
processing: 5128508_21016_0_0.png
processing: 5128508_21015_0_0.png
processing: 5128440_21016_0_0.png
processing: 5128440_21015_0_0.png
processing: 5128384_21016_1_0.png
  SKIPPING IMAGE: tot amount of vasculature (3008.8449) < quality threshold 
processing: 5128384_21015_1_0.png
  SKIPPING IMAGE: tot amount of vasculature (10054.0218) < quality threshold 
processing: 5128359_21016_0_0.png
processing: 5128359_21015_0_0.png
processing: 5128293_21016_1_0.png
  SKIPPING IMAGE: tot amount of vasculature (4467.5696) < quality threshold 
processing: 5128293_21015_1_0.png
  SKIPPING IMAGE: tot amount of vasculature (1978.7675) < quality threshold 
processing: 5128261_21016_0_0.png
processing: 5128261_21015_0_0.png
processing: 5128246_21016_0_0.png
  SKIPPING IMAGE: tot amount of vasculature (7523.0617) < quality threshold 
processing: 5128246_21015_0_0.png
processing: 5128185_21016_0_0.png
  SKIPPING IMAGE: tot amount of vasculature (4811.2552) < quality threshold 
processing: 5128185_21015_0_0.png
  SKIPPING IMAGE: tot amount of vasculature (9488.5794) < quality threshold 
processing: 5128177_21016_1_0.png
processing: 5128177_21015_1_0.png
processing: 5128150_21016_1_0.png
processing: 5128150_21016_0_0.png
processing: 5128150_21015_1_0.png
processing: 5128150_21015_0_0.png
processing: 5128076_21016_0_0.png
processing: 5128076_21015_0_0.png
processing: 5128045_21016_0_0.png
processing: 5128045_21015_0_0.png
  SKIPPING IMAGE: tot amount of vasculature (2803.9413) < quality threshold 
processing: 5127987_21016_1_0.png
  SKIPPING IMAGE: tot amount of vasculature (10468.8213) < quality threshold 
processing: 5127987_21015_1_0.png
processing: 5127975_21016_0_0.png
processing: 5127975_21015_0_0.png
processing: 5127879_21016_0_0.png
processing: 5127879_21015_0_0.png
  SKIPPING IMAGE: tot amount of vasculature (9384.9014) < quality threshold 
processing: 5127857_21016_0_0.png
processing: 5127857_21015_0_0.png
  SKIPPING IMAGE: tot amount of vasculature (3968.5117) < quality threshold 
processing: 5127798_21016_0_0.png
processing: 5127798_21015_0_0.png
  SKIPPING IMAGE: tot amount of vasculature (9669.8476) < quality threshold 
processing: 5127629_21016_0_0.png
processing: 5127629_21015_0_0.png
processing: 5127580_21016_0_0.png
processing: 5127580_21015_0_0.png
processing: 5127555_21016_1_0.png
  SKIPPING IMAGE: tot amount of vasculature (7841.5492) < quality threshold 
processing: 5127555_21015_1_0.png
  SKIPPING IMAGE: tot amount of vasculature (2480.9953) < quality threshold 
processing: 5127524_21016_0_0.png
  SKIPPING IMAGE: tot amount of vasculature (10295.4899) < quality threshold 
processing: 5127524_21015_0_0.png
  SKIPPING IMAGE: tot amount of vasculature (3023.3368) < quality threshold 
processing: 5127513_21016_0_0.png
processing: 5127513_21015_0_0.png
processing: 5127438_21016_0_0.png
  SKIPPING IMAGE: tot amount of vasculature (7815.1773) < quality threshold 
processing: 5127438_21015_0_0.png
  SKIPPING IMAGE: tot amount of vasculature (9508.1403) < quality threshold 
processing: 5127354_21016_1_0.png
  SKIPPING IMAGE: tot amount of vasculature (9981.475) < quality threshold 
processing: 5127354_21015_1_0.png
  SKIPPING IMAGE: tot amount of vasculature (8176.3013) < quality threshold 
processing: 5127317_21016_1_0.png
processing: 5127317_21015_1_0.png
processing: 5127295_21016_1_0.png
processing: 5127295_21015_1_0.png
processing: 5127284_21016_0_0.png
  SKIPPING IMAGE: tot amount of vasculature (10545.1079) < quality threshold 
processing: 5127284_21015_0_0.png
processing: 5127268_21016_0_0.png
processing: 5127268_21015_0_0.png
processing: 5127247_21016_1_0.png
  SKIPPING IMAGE: tot amount of vasculature (1046.7859) < quality threshold 
processing: 5127247_21015_1_0.png
  SKIPPING IMAGE: tot amount of vasculature (9210.0518) < quality threshold 
processing: 5127216_21016_0_0.png
processing: 5127216_21015_0_0.png
  SKIPPING IMAGE: tot amount of vasculature (7768.5465) < quality threshold 
processing: 5127160_21016_0_0.png
processing: 5127160_21015_0_0.png
processing: 5127128_21016_0_0.png
  SKIPPING IMAGE: tot amount of vasculature (3366.3449) < quality threshold 
processing: 5127128_21015_0_0.png
  SKIPPING IMAGE: tot amount of vasculature (7404.0328) < quality threshold 
processing: 5127109_21016_1_0.png
processing: 5127109_21016_0_0.png
processing: 5127109_21015_1_0.png
processing: 5127109_21015_0_0.png
processing: 5127096_21016_0_0.png
processing: 5127096_21015_0_0.png
processing: 5127050_21016_0_0.png
processing: 5127050_21015_0_0.png
processing: 5127021_21016_1_0.png
processing: 5127021_21015_1_0.png
  SKIPPING IMAGE: tot amount of vasculature (4833.6291) < quality threshold 
processing: 5127018_21016_1_0.png
processing: 5127018_21015_1_0.png
processing: 5126931_21016_0_0.png
  SKIPPING IMAGE: tot amount of vasculature (5348.7324) < quality threshold 
processing: 5126931_21015_0_0.png
  SKIPPING IMAGE: tot amount of vasculature (7941.1998) < quality threshold 
processing: 5126906_21016_0_0.png
  SKIPPING IMAGE: tot amount of vasculature (743.7484) < quality threshold 
processing: 5126906_21015_0_0.png
  SKIPPING IMAGE: tot amount of vasculature (754.7456) < quality threshold 
processing: 5126891_21016_1_0.png
  SKIPPING IMAGE: tot amount of vasculature (7870.169) < quality threshold 
processing: 5126891_21016_0_0.png
  SKIPPING IMAGE: tot amount of vasculature (8061.219) < quality threshold 
processing: 5126891_21015_1_0.png
  SKIPPING IMAGE: tot amount of vasculature (8215.836) < quality threshold 
processing: 5126891_21015_0_0.png
  SKIPPING IMAGE: tot amount of vasculature (10009.0248) < quality threshold 
processing: 5126887_21016_1_0.png
processing: 5126887_21016_0_0.png
processing: 5126887_21015_1_0.png
processing: 5126887_21015_0_0.png
processing: 5126858_21016_0_0.png
processing: 5126858_21015_0_0.png
processing: 5126832_21016_1_0.png
processing: 5126832_21015_1_0.png
  SKIPPING IMAGE: tot amount of vasculature (2538.1679) < quality threshold 
processing: 5126776_21016_1_0.png
processing: 5126776_21016_0_0.png
processing: 5126776_21015_1_0.png
processing: 5126776_21015_0_0.png
processing: 5126734_21016_0_0.png
processing: 5126734_21015_0_0.png
processing: 5126728_21016_0_0.png
processing: 5126728_21015_0_0.png
  SKIPPING IMAGE: tot amount of vasculature (6848.4871) < quality threshold 
processing: 5126681_21016_0_0.png
processing: 5126681_21015_0_0.png
processing: 5126595_21016_0_1.png
  SKIPPING IMAGE: tot amount of vasculature (9064.4904) < quality threshold 
processing: 5126595_21016_0_0.png
  SKIPPING IMAGE: tot amount of vasculature (6833.6545) < quality threshold 
processing: 5126595_21015_0_0.png
  SKIPPING IMAGE: tot amount of vasculature (6456.073) < quality threshold 
processing: 5126482_21015_0_0.png
processing: 5126466_21016_0_0.png
processing: 5126466_21015_0_0.png
processing: 5126415_21016_0_0.png
processing: 5126415_21015_0_0.png
  SKIPPING IMAGE: tot amount of vasculature (8103.0889) < quality threshold 
processing: 5126377_21016_0_1.png
  SKIPPING IMAGE: tot amount of vasculature (7454.6157) < quality threshold 
processing: 5126377_21016_0_0.png
  SKIPPING IMAGE: tot amount of vasculature (517.1937) < quality threshold 
processing: 5126377_21015_0_0.png
  SKIPPING IMAGE: tot amount of vasculature (6246.718) < quality threshold 
processing: 5126255_21016_0_0.png
processing: 5126255_21015_0_0.png
processing: 5126248_21016_0_0.png
processing: 5126248_21015_0_0.png
processing: 5126213_21016_1_0.png
processing: 5126213_21015_1_0.png
processing: 5126173_21016_0_0.png
processing: 5126173_21015_0_0.png
  SKIPPING IMAGE: tot amount of vasculature (10407.6932) < quality threshold 
processing: 5126022_21016_0_0.png
processing: 5126022_21015_0_0.png
  SKIPPING IMAGE: tot amount of vasculature (8056.8901) < quality threshold 
processing: 5125994_21016_0_0.png
processing: 5125994_21015_0_0.png
processing: 5125982_21016_0_0.png
processing: 5125982_21015_0_0.png
processing: 5125970_21016_0_0.png
  SKIPPING IMAGE: tot amount of vasculature (2175.7944) < quality threshold 
processing: 5125970_21015_0_0.png
  SKIPPING IMAGE: No vessels found
processing: 5125953_21016_0_0.png
processing: 5125953_21015_0_0.png
processing: 5125937_21016_0_0.png
processing: 5125937_21015_0_0.png
processing: 5125908_21016_0_0.png
  SKIPPING IMAGE: tot amount of vasculature (25.0811) < quality threshold 
processing: 5125908_21015_0_0.png
  SKIPPING IMAGE: tot amount of vasculature (4088.2757) < quality threshold 
processing: 5125828_21016_0_0.png
processing: 5125828_21015_0_0.png
  SKIPPING IMAGE: tot amount of vasculature (8329.878) < quality threshold 
processing: 5125735_21016_0_0.png
  SKIPPING IMAGE: tot amount of vasculature (9330.7011) < quality threshold 
processing: 5125735_21015_0_0.png
  SKIPPING IMAGE: tot amount of vasculature (4281.6276) < quality threshold 
processing: 5125717_21016_0_0.png
processing: 5125717_21015_0_0.png
processing: 5125700_21016_1_0.png
processing: 5125700_21015_1_0.png
  SKIPPING IMAGE: tot amount of vasculature (6593.0463) < quality threshold 
processing: 5125610_21016_0_0.png
processing: 5125610_21015_0_0.png
processing: 5125543_21016_0_0.png
  SKIPPING IMAGE: tot amount of vasculature (268.79) < quality threshold 
processing: 5125543_21015_0_0.png
  SKIPPING IMAGE: tot amount of vasculature (6166.8173) < quality threshold 
processing: 5125518_21016_0_0.png
processing: 5125518_21015_0_0.png
processing: 5125484_21016_0_0.png
processing: 5125484_21015_0_0.png
processing: 5125398_21016_0_0.png
processing: 5125398_21015_0_0.png
  SKIPPING IMAGE: tot amount of vasculature (10197.2097) < quality threshold 
processing: 5125207_21016_0_0.png
processing: 5125207_21015_0_0.png
processing: 5125131_21016_0_0.png
processing: 5125131_21015_0_0.png
  SKIPPING IMAGE: tot amount of vasculature (8437.0721) < quality threshold 
processing: 5125067_21016_1_0.png
  SKIPPING IMAGE: tot amount of vasculature (4028.1043) < quality threshold 
processing: 5125067_21015_1_0.png
  SKIPPING IMAGE: tot amount of vasculature (261.9884) < quality threshold 
processing: 5124984_21016_0_0.png
  SKIPPING IMAGE: tot amount of vasculature (9645.6957) < quality threshold 
processing: 5124984_21015_0_0.png
processing: 5124878_21016_0_0.png
processing: 5124878_21015_0_0.png
processing: 5124780_21016_1_0.png
  SKIPPING IMAGE: tot amount of vasculature (9916.9472) < quality threshold 
processing: 5124780_21015_1_0.png
processing: 5124611_21016_0_0.png
processing: 5124611_21015_0_0.png
processing: 5124573_21016_1_0.png
  SKIPPING IMAGE: tot amount of vasculature (5571.2989) < quality threshold 
processing: 5124573_21015_1_0.png
  SKIPPING IMAGE: tot amount of vasculature (8933.0747) < quality threshold 
processing: 5124551_21016_0_0.png
processing: 5124551_21015_0_0.png
processing: 5124512_21016_0_0.png
processing: 5124512_21015_0_0.png
processing: 5124477_21016_0_0.png
  SKIPPING IMAGE: tot amount of vasculature (4510.6905) < quality threshold 
processing: 5124477_21015_0_0.png
  SKIPPING IMAGE: tot amount of vasculature (5579.5735) < quality threshold 
processing: 5124421_21016_0_0.png
  SKIPPING IMAGE: tot amount of vasculature (3329.4442) < quality threshold 
processing: 5124421_21015_0_0.png
  SKIPPING IMAGE: tot amount of vasculature (2262.4285) < quality threshold 
processing: 5124323_21016_0_0.png
processing: 5124323_21015_0_0.png
processing: 5124226_21016_0_0.png
processing: 5124226_21015_0_0.png
processing: 5124170_21016_1_0.png
  SKIPPING IMAGE: tot amount of vasculature (7154.1624) < quality threshold 
processing: 5124170_21015_1_0.png
  SKIPPING IMAGE: tot amount of vasculature (4563.598) < quality threshold 
processing: 5124038_21016_0_0.png
  SKIPPING IMAGE: tot amount of vasculature (1862.7938) < quality threshold 
processing: 5124038_21015_0_0.png
processing: 5123960_21016_0_0.png
processing: 5123960_21015_0_0.png
processing: 5123815_21016_0_0.png
processing: 5123815_21015_0_0.png
processing: 5123765_21016_0_0.png
processing: 5123765_21015_0_0.png
processing: 5123757_21016_0_0.png
processing: 5123757_21015_0_0.png
processing: 5123714_21016_0_1.png
  SKIPPING IMAGE: tot amount of vasculature (10917.4028) < quality threshold 
processing: 5123714_21016_0_0.png
  SKIPPING IMAGE: tot amount of vasculature (8685.9044) < quality threshold 
processing: 5123714_21015_0_0.png
  SKIPPING IMAGE: tot amount of vasculature (8979.3984) < quality threshold 
processing: 5123647_21016_0_0.png
  SKIPPING IMAGE: tot amount of vasculature (8100.1549) < quality threshold 
processing: 5123647_21015_0_0.png
  SKIPPING IMAGE: tot amount of vasculature (7288.3228) < quality threshold 
processing: 5123620_21016_0_0.png
processing: 5123620_21015_0_0.png
  SKIPPING IMAGE: tot amount of vasculature (9293.253) < quality threshold 
processing: 5123563_21016_1_0.png
  SKIPPING IMAGE: tot amount of vasculature (6689.7854) < quality threshold 
processing: 5123563_21015_1_0.png
  SKIPPING IMAGE: tot amount of vasculature (4940.1506) < quality threshold 
processing: 5123556_21016_0_0.png
processing: 5123556_21015_0_0.png
processing: 5123469_21016_0_0.png
processing: 5123469_21015_0_0.png
processing: 5123410_21016_0_0.png
processing: 5123410_21015_0_0.png
processing: 5123243_21016_0_0.png
processing: 5123243_21015_0_0.png
processing: 5123135_21016_0_0.png
processing: 5123135_21015_0_0.png
processing: 5123117_21016_0_0.png
processing: 5123117_21015_0_0.png
processing: 5123012_21016_0_0.png
processing: 5123012_21015_0_0.png
processing: 5122950_21016_0_0.png
  SKIPPING IMAGE: No vessels found
processing: 5122950_21015_0_0.png
  SKIPPING IMAGE: tot amount of vasculature (2733.758) < quality threshold 
processing: 5122918_21016_1_0.png
processing: 5122918_21015_1_0.png
processing: 5122836_21016_1_0.png
  SKIPPING IMAGE: tot amount of vasculature (2325.1234) < quality threshold 
processing: 5122836_21015_1_0.png
  SKIPPING IMAGE: tot amount of vasculature (252.9581) < quality threshold 
processing: 5122790_21016_0_0.png
processing: 5122790_21015_0_0.png
processing: 5122742_21016_1_0.png
processing: 5122742_21015_1_0.png
  SKIPPING IMAGE: tot amount of vasculature (8560.8958) < quality threshold 
FINISHED: .mat files have been written to: /data/FAC/FBM/DBC/sbergman/retina/UKBiob/fundus/REVIEW//CLRIS/
execution time: 1921 sec
