------------------------------------------
Setting up environment variables
---
LD_LIBRARY_PATH is .:/software/Development/Languages/Matlab_Compiler_Runtime/96/runtime/glnxa64:/software/Development/Languages/Matlab_Compiler_Runtime/96/bin/glnxa64:/software/Development/Languages/Matlab_Compiler_Runtime/96/sys/os/glnxa64:/software/Development/Languages/Matlab_Compiler_Runtime/96/sys/opengl/lib/glnxa64
Running vessel measurements...
processing: 4057281_21015_0_0.png
processing: 4057274_21016_0_0.png
  SKIPPING IMAGE: tot amount of vasculature (7278.4076) < quality threshold 
processing: 4057274_21015_0_0.png
  SKIPPING IMAGE: tot amount of vasculature (5380.8732) < quality threshold 
processing: 4057157_21016_0_0.png
processing: 4057157_21015_0_0.png
processing: 4057114_21016_0_0.png
processing: 4057114_21015_0_0.png
processing: 4056997_21016_0_0.png
processing: 4056997_21015_0_0.png
processing: 4056731_21016_0_0.png
processing: 4056731_21015_0_0.png
  SKIPPING IMAGE: tot amount of vasculature (9720.8246) < quality threshold 
processing: 4056695_21016_0_0.png
processing: 4056695_21015_0_0.png
processing: 4056684_21016_0_0.png
processing: 4056684_21015_0_0.png
processing: 4056581_21016_1_0.png
processing: 4056581_21015_1_0.png
  SKIPPING IMAGE: tot amount of vasculature (6836.2886) < quality threshold 
processing: 4056491_21016_0_0.png
processing: 4056491_21015_0_0.png
processing: 4056469_21016_0_0.png
  SKIPPING IMAGE: tot amount of vasculature (6673.0792) < quality threshold 
processing: 4056469_21015_0_0.png
  SKIPPING IMAGE: tot amount of vasculature (8320.2497) < quality threshold 
processing: 4056432_21016_0_0.png
processing: 4056432_21015_0_0.png
processing: 4056399_21016_0_0.png
processing: 4056399_21015_0_0.png
processing: 4056380_21016_0_0.png
processing: 4056380_21015_0_0.png
processing: 4056324_21016_1_0.png
  SKIPPING IMAGE: tot amount of vasculature (7200.9846) < quality threshold 
processing: 4056324_21015_1_0.png
processing: 4056313_21016_0_0.png
  SKIPPING IMAGE: tot amount of vasculature (8148.2368) < quality threshold 
processing: 4056313_21015_0_0.png
  SKIPPING IMAGE: tot amount of vasculature (6827.2856) < quality threshold 
processing: 4056296_21016_0_0.png
processing: 4056296_21015_0_0.png
processing: 4056277_21016_0_0.png
processing: 4056277_21015_0_0.png
processing: 4056262_21016_1_0.png
processing: 4056262_21015_1_0.png
  SKIPPING IMAGE: tot amount of vasculature (9874.1868) < quality threshold 
processing: 4056243_21016_1_0.png
  SKIPPING IMAGE: tot amount of vasculature (6973.8695) < quality threshold 
processing: 4056243_21015_1_0.png
  SKIPPING IMAGE: tot amount of vasculature (4482.2009) < quality threshold 
processing: 4056239_21016_0_0.png
  SKIPPING IMAGE: tot amount of vasculature (7674.9245) < quality threshold 
processing: 4056239_21015_0_0.png
  SKIPPING IMAGE: tot amount of vasculature (7143.7023) < quality threshold 
processing: 4056221_21016_0_0.png
processing: 4056221_21015_0_0.png
processing: 4056218_21016_0_0.png
  SKIPPING IMAGE: tot amount of vasculature (10811.2993) < quality threshold 
processing: 4056218_21015_0_0.png
processing: 4056135_21016_0_0.png
processing: 4056135_21015_0_0.png
processing: 4055969_21016_0_0.png
processing: 4055969_21015_0_0.png
processing: 4055879_21016_1_0.png
processing: 4055879_21015_1_0.png
processing: 4055749_21016_1_0.png
processing: 4055749_21015_1_0.png
processing: 4055727_21016_0_0.png
  SKIPPING IMAGE: tot amount of vasculature (10754.9738) < quality threshold 
processing: 4055727_21015_0_0.png
  SKIPPING IMAGE: tot amount of vasculature (9987.8289) < quality threshold 
processing: 4055712_21016_1_0.png
  SKIPPING IMAGE: tot amount of vasculature (8625.4995) < quality threshold 
processing: 4055712_21015_1_0.png
  SKIPPING IMAGE: tot amount of vasculature (3882.4113) < quality threshold 
processing: 4055666_21016_0_0.png
  SKIPPING IMAGE: tot amount of vasculature (8050.1274) < quality threshold 
processing: 4055615_21016_0_0.png
processing: 4055615_21015_0_0.png
processing: 4055555_21016_0_0.png
  SKIPPING IMAGE: tot amount of vasculature (7300.0083) < quality threshold 
processing: 4055555_21015_0_0.png
  SKIPPING IMAGE: tot amount of vasculature (4290.4535) < quality threshold 
processing: 4055536_21016_0_0.png
processing: 4055536_21015_0_0.png
processing: 4055490_21016_1_0.png
processing: 4055490_21015_1_0.png
processing: 4055295_21016_0_0.png
  SKIPPING IMAGE: tot amount of vasculature (8483.9076) < quality threshold 
processing: 4055233_21016_0_0.png
processing: 4055233_21015_0_0.png
processing: 4055197_21016_0_0.png
processing: 4055197_21015_0_0.png
processing: 4055176_21016_1_0.png
processing: 4055176_21015_1_0.png
  SKIPPING IMAGE: tot amount of vasculature (10956.1835) < quality threshold 
processing: 4055160_21016_0_0.png
processing: 4055160_21015_0_0.png
processing: 4055096_21016_0_0.png
processing: 4055096_21015_0_0.png
processing: 4055021_21016_0_0.png
processing: 4055021_21015_0_0.png
processing: 4054942_21016_0_0.png
processing: 4054942_21015_0_0.png
processing: 4054898_21016_0_0.png
  SKIPPING IMAGE: tot amount of vasculature (9109.4222) < quality threshold 
processing: 4054898_21015_0_0.png
  SKIPPING IMAGE: tot amount of vasculature (8883.1934) < quality threshold 
processing: 4054886_21016_1_0.png
  SKIPPING IMAGE: tot amount of vasculature (10426.7831) < quality threshold 
processing: 4054886_21015_1_0.png
  SKIPPING IMAGE: tot amount of vasculature (9589.553) < quality threshold 
processing: 4054796_21016_0_0.png
processing: 4054796_21015_0_0.png
processing: 4054777_21016_0_0.png
processing: 4054777_21015_0_0.png
processing: 4054762_21016_1_0.png
processing: 4054762_21015_1_0.png
processing: 4054679_21016_0_0.png
processing: 4054679_21015_0_0.png
processing: 4054657_21016_0_0.png
  SKIPPING IMAGE: tot amount of vasculature (10542.1331) < quality threshold 
processing: 4054657_21015_0_0.png
processing: 4054561_21016_0_0.png
  SKIPPING IMAGE: tot amount of vasculature (10150.146) < quality threshold 
processing: 4054561_21015_0_0.png
  SKIPPING IMAGE: tot amount of vasculature (6197.341) < quality threshold 
processing: 4054413_21016_0_0.png
processing: 4054413_21015_0_0.png
processing: 4054352_21016_1_0.png
  SKIPPING IMAGE: tot amount of vasculature (5592.2338) < quality threshold 
processing: 4054352_21015_1_0.png
  SKIPPING IMAGE: tot amount of vasculature (4521.8889) < quality threshold 
processing: 4054187_21016_0_0.png
processing: 4054187_21015_0_0.png
processing: 4054103_21016_0_0.png
processing: 4054103_21015_0_0.png
processing: 4054071_21016_0_0.png
processing: 4054071_21015_0_0.png
  SKIPPING IMAGE: tot amount of vasculature (10305.8256) < quality threshold 
processing: 4054059_21016_0_0.png
  SKIPPING IMAGE: tot amount of vasculature (6124.7297) < quality threshold 
processing: 4054059_21015_0_0.png
  SKIPPING IMAGE: tot amount of vasculature (7084.375) < quality threshold 
processing: 4054020_21016_1_0.png
  SKIPPING IMAGE: tot amount of vasculature (7072.7741) < quality threshold 
processing: 4054020_21015_1_0.png
  SKIPPING IMAGE: tot amount of vasculature (4857.8797) < quality threshold 
processing: 4053965_21016_1_0.png
  SKIPPING IMAGE: tot amount of vasculature (8926.4451) < quality threshold 
processing: 4053965_21015_1_0.png
  SKIPPING IMAGE: tot amount of vasculature (8153.7096) < quality threshold 
processing: 4053931_21016_0_0.png
