------------------------------------------
Setting up environment variables
---
LD_LIBRARY_PATH is .:/software/Development/Languages/Matlab_Compiler_Runtime/96/runtime/glnxa64:/software/Development/Languages/Matlab_Compiler_Runtime/96/bin/glnxa64:/software/Development/Languages/Matlab_Compiler_Runtime/96/sys/os/glnxa64:/software/Development/Languages/Matlab_Compiler_Runtime/96/sys/opengl/lib/glnxa64
Running vessel measurements...
processing: 2247503_21015_1_0.png
processing: 2247497_21016_0_0.png
  SKIPPING IMAGE: tot amount of vasculature (4311.6665) < quality threshold 
processing: 2247497_21015_0_0.png
  SKIPPING IMAGE: tot amount of vasculature (6396.6757) < quality threshold 
processing: 2247356_21016_1_0.png
processing: 2247356_21015_1_0.png
  SKIPPING IMAGE: tot amount of vasculature (9629.5896) < quality threshold 
processing: 2247298_21016_0_0.png
processing: 2247298_21015_0_0.png
processing: 2247172_21016_0_0.png
processing: 2247172_21015_0_0.png
processing: 2247136_21016_0_0.png
  SKIPPING IMAGE: tot amount of vasculature (8541.6136) < quality threshold 
processing: 2247136_21015_0_0.png
processing: 2247113_21016_1_0.png
  SKIPPING IMAGE: tot amount of vasculature (7923.0884) < quality threshold 
processing: 2247113_21015_1_0.png
  SKIPPING IMAGE: tot amount of vasculature (8725.0305) < quality threshold 
processing: 2247101_21016_0_0.png
processing: 2247101_21015_0_0.png
  SKIPPING IMAGE: tot amount of vasculature (9110.2815) < quality threshold 
processing: 2247092_21016_0_0.png
processing: 2247092_21015_0_0.png
processing: 2247006_21016_0_0.png
processing: 2247006_21015_0_0.png
processing: 2246968_21016_0_0.png
processing: 2246968_21015_0_0.png
processing: 2246889_21016_0_0.png
  SKIPPING IMAGE: tot amount of vasculature (6567.4955) < quality threshold 
processing: 2246889_21015_0_0.png
processing: 2246817_21016_0_0.png
processing: 2246817_21015_0_0.png
processing: 2246780_21016_1_0.png
processing: 2246780_21015_1_0.png
processing: 2246772_21016_0_0.png
processing: 2246772_21015_0_0.png
processing: 2246767_21016_0_0.png
processing: 2246767_21015_0_0.png
processing: 2246724_21016_0_0.png
processing: 2246724_21015_0_0.png
processing: 2246645_21016_0_0.png
  SKIPPING IMAGE: tot amount of vasculature (9745.1015) < quality threshold 
processing: 2246645_21015_0_0.png
  SKIPPING IMAGE: tot amount of vasculature (3890.0202) < quality threshold 
processing: 2246551_21016_0_0.png
  SKIPPING IMAGE: tot amount of vasculature (6520.0018) < quality threshold 
processing: 2246551_21015_0_0.png
  SKIPPING IMAGE: tot amount of vasculature (8379.7196) < quality threshold 
processing: 2246496_21016_0_0.png
processing: 2246496_21015_0_0.png
processing: 2246450_21016_0_0.png
  SKIPPING IMAGE: tot amount of vasculature (6336.6306) < quality threshold 
processing: 2246450_21015_0_0.png
  SKIPPING IMAGE: tot amount of vasculature (1862.3351) < quality threshold 
processing: 2246404_21016_0_0.png
processing: 2246404_21015_0_0.png
processing: 2246269_21016_0_0.png
processing: 2246269_21015_0_0.png
processing: 2246244_21016_0_0.png
processing: 2246244_21015_0_0.png
processing: 2246182_21016_0_0.png
  SKIPPING IMAGE: tot amount of vasculature (2607.4223) < quality threshold 
processing: 2246182_21015_0_0.png
processing: 2246090_21016_1_0.png
processing: 2246090_21015_1_0.png
  SKIPPING IMAGE: tot amount of vasculature (10180.0894) < quality threshold 
processing: 2246081_21016_1_0.png
processing: 2246081_21015_1_0.png
processing: 2246063_21016_0_0.png
  SKIPPING IMAGE: No vessels found
processing: 2246063_21015_0_0.png
  SKIPPING IMAGE: tot amount of vasculature (6122.62) < quality threshold 
processing: 2246042_21016_0_0.png
processing: 2246042_21015_0_0.png
processing: 2246025_21016_0_0.png
processing: 2246025_21015_0_0.png
  SKIPPING IMAGE: tot amount of vasculature (9785.5708) < quality threshold 
processing: 2245977_21016_0_0.png
processing: 2245977_21015_0_0.png
processing: 2245962_21016_0_0.png
  SKIPPING IMAGE: tot amount of vasculature (6543.0092) < quality threshold 
processing: 2245962_21015_0_0.png
  SKIPPING IMAGE: tot amount of vasculature (5203.9343) < quality threshold 
processing: 2245943_21016_0_0.png
processing: 2245943_21015_0_0.png
  SKIPPING IMAGE: tot amount of vasculature (9335.6353) < quality threshold 
processing: 2245774_21016_0_0.png
processing: 2245774_21015_0_0.png
processing: 2245693_21016_0_0.png
processing: 2245693_21015_0_0.png
processing: 2245588_21016_0_0.png
processing: 2245588_21015_0_0.png
processing: 2245486_21016_0_0.png
processing: 2245486_21015_0_0.png
processing: 2245449_21016_1_0.png
  SKIPPING IMAGE: tot amount of vasculature (2766.7292) < quality threshold 
processing: 2245449_21015_1_0.png
  SKIPPING IMAGE: tot amount of vasculature (2345.5911) < quality threshold 
processing: 2245412_21016_1_0.png
  SKIPPING IMAGE: tot amount of vasculature (1107.4225) < quality threshold 
processing: 2245412_21015_1_0.png
  SKIPPING IMAGE: tot amount of vasculature (660.9778) < quality threshold 
processing: 2245394_21016_0_0.png
processing: 2245394_21015_0_0.png
  SKIPPING IMAGE: tot amount of vasculature (6241.2276) < quality threshold 
processing: 2245341_21016_0_0.png
processing: 2245341_21015_0_0.png
processing: 2245315_21016_0_0.png
processing: 2245315_21015_0_0.png
processing: 2245308_21016_0_0.png
processing: 2245308_21015_0_0.png
processing: 2245252_21016_1_0.png
  SKIPPING IMAGE: tot amount of vasculature (10584.806) < quality threshold 
processing: 2245252_21015_1_0.png
  SKIPPING IMAGE: tot amount of vasculature (9878.4824) < quality threshold 
processing: 2245209_21016_1_0.png
processing: 2245209_21015_1_0.png
processing: 2245195_21016_0_0.png
processing: 2245195_21015_0_0.png
processing: 2245171_21016_0_1.png
  SKIPPING IMAGE: tot amount of vasculature (7812.9839) < quality threshold 
processing: 2245171_21016_0_0.png
  SKIPPING IMAGE: tot amount of vasculature (9138.7254) < quality threshold 
processing: 2245171_21015_0_0.png
  SKIPPING IMAGE: tot amount of vasculature (1920.466) < quality threshold 
processing: 2245133_21016_0_0.png
  SKIPPING IMAGE: tot amount of vasculature (312.1898) < quality threshold 
processing: 2245133_21015_0_0.png
  SKIPPING IMAGE: tot amount of vasculature (1899.6017) < quality threshold 
processing: 2245091_21016_0_0.png
processing: 2245091_21015_0_0.png
processing: 2245044_21016_0_0.png
processing: 2245044_21015_0_0.png
processing: 2245026_21016_1_0.png
  SKIPPING IMAGE: tot amount of vasculature (8865.6734) < quality threshold 
processing: 2245026_21015_1_0.png
  SKIPPING IMAGE: tot amount of vasculature (10751.855) < quality threshold 
processing: 2245010_21016_0_0.png
  SKIPPING IMAGE: tot amount of vasculature (2585.8473) < quality threshold 
processing: 2245010_21015_0_0.png
  SKIPPING IMAGE: tot amount of vasculature (2656.5061) < quality threshold 
processing: 2244874_21016_0_0.png
processing: 2244874_21015_0_0.png
  SKIPPING IMAGE: tot amount of vasculature (6820.6642) < quality threshold 
processing: 2244680_21016_0_0.png
  SKIPPING IMAGE: tot amount of vasculature (6252.2807) < quality threshold 
processing: 2244680_21015_0_0.png
  SKIPPING IMAGE: tot amount of vasculature (5000.209) < quality threshold 
processing: 2244648_21016_1_0.png
processing: 2244648_21016_0_0.png
processing: 2244648_21015_1_0.png
processing: 2244648_21015_0_0.png
processing: 2244601_21016_0_0.png
processing: 2244601_21015_0_0.png
  SKIPPING IMAGE: tot amount of vasculature (10888.006) < quality threshold 
processing: 2244594_21016_0_0.png
  SKIPPING IMAGE: tot amount of vasculature (3724.7243) < quality threshold 
processing: 2244594_21015_0_0.png
  SKIPPING IMAGE: tot amount of vasculature (201.3668) < quality threshold 
processing: 2244492_21016_0_0.png
processing: 2244492_21015_0_0.png
  SKIPPING IMAGE: tot amount of vasculature (3765.7342) < quality threshold 
processing: 2244479_21016_0_0.png
processing: 2244479_21015_0_0.png
processing: 2244423_21016_0_0.png
processing: 2244423_21015_0_0.png
  SKIPPING IMAGE: tot amount of vasculature (3102.0622) < quality threshold 
processing: 2244320_21016_0_0.png
processing: 2244320_21015_0_0.png
processing: 2244139_21016_0_0.png
processing: 2244139_21015_0_0.png
processing: 2244121_21016_1_0.png
  SKIPPING IMAGE: No vessels found
processing: 2244121_21015_1_0.png
