------------------------------------------
Setting up environment variables
---
LD_LIBRARY_PATH is .:/software/Development/Languages/Matlab_Compiler_Runtime/96/runtime/glnxa64:/software/Development/Languages/Matlab_Compiler_Runtime/96/bin/glnxa64:/software/Development/Languages/Matlab_Compiler_Runtime/96/sys/os/glnxa64:/software/Development/Languages/Matlab_Compiler_Runtime/96/sys/opengl/lib/glnxa64
Running vessel measurements...
processing: 3513578_21016_0_0.png
  SKIPPING IMAGE: tot amount of vasculature (3442.7901) < quality threshold 
processing: 3513578_21015_0_0.png
  SKIPPING IMAGE: tot amount of vasculature (9400.4085) < quality threshold 
processing: 3513480_21016_0_0.png
processing: 3513480_21015_0_0.png
processing: 3513448_21016_0_0.png
processing: 3513448_21015_0_0.png
  SKIPPING IMAGE: tot amount of vasculature (10854.8201) < quality threshold 
processing: 3513383_21016_0_0.png
  SKIPPING IMAGE: tot amount of vasculature (602.3966) < quality threshold 
processing: 3513383_21015_0_0.png
  SKIPPING IMAGE: tot amount of vasculature (9148.6611) < quality threshold 
processing: 3513376_21016_0_0.png
  SKIPPING IMAGE: tot amount of vasculature (6482.6152) < quality threshold 
processing: 3513376_21015_0_0.png
  SKIPPING IMAGE: tot amount of vasculature (8358.8901) < quality threshold 
processing: 3513334_21016_0_0.png
processing: 3513334_21015_0_0.png
processing: 3513311_21016_0_0.png
processing: 3513311_21015_0_0.png
  SKIPPING IMAGE: tot amount of vasculature (8473.435) < quality threshold 
processing: 3513294_21016_0_0.png
  SKIPPING IMAGE: tot amount of vasculature (9040.161) < quality threshold 
processing: 3513294_21015_0_0.png
  SKIPPING IMAGE: tot amount of vasculature (8608.192) < quality threshold 
processing: 3513215_21016_0_0.png
processing: 3513215_21015_0_0.png
processing: 3513084_21016_0_0.png
processing: 3513084_21015_0_0.png
  SKIPPING IMAGE: tot amount of vasculature (2905.8392) < quality threshold 
processing: 3513071_21016_0_0.png
processing: 3513071_21015_0_0.png
processing: 3513068_21016_0_0.png
  SKIPPING IMAGE: tot amount of vasculature (8091.5625) < quality threshold 
processing: 3513068_21015_0_0.png
processing: 3512908_21016_1_0.png
  SKIPPING IMAGE: tot amount of vasculature (10871.1664) < quality threshold 
processing: 3512908_21015_1_0.png
processing: 3512754_21016_0_0.png
processing: 3512754_21015_0_0.png
processing: 3512596_21016_1_0.png
processing: 3512596_21015_1_0.png
processing: 3512562_21016_1_0.png
  SKIPPING IMAGE: tot amount of vasculature (2692.573) < quality threshold 
processing: 3512562_21015_1_0.png
  SKIPPING IMAGE: tot amount of vasculature (5058.6015) < quality threshold 
processing: 3512550_21016_0_0.png
processing: 3512550_21015_0_0.png
processing: 3512518_21016_0_0.png
processing: 3512518_21015_0_0.png
processing: 3512330_21016_0_0.png
processing: 3512330_21015_0_0.png
processing: 3512225_21016_0_0.png
processing: 3512225_21015_0_0.png
processing: 3512165_21016_1_0.png
processing: 3512165_21015_1_0.png
processing: 3512114_21016_1_0.png
processing: 3512114_21015_1_0.png
processing: 3512067_21016_1_0.png
processing: 3512067_21015_1_0.png
processing: 3512048_21016_0_0.png
processing: 3512048_21015_0_0.png
processing: 3512024_21016_0_0.png
processing: 3512024_21015_0_0.png
processing: 3511935_21016_0_0.png
processing: 3511935_21015_0_0.png
processing: 3511922_21016_1_0.png
  SKIPPING IMAGE: tot amount of vasculature (95.7304) < quality threshold 
processing: 3511922_21015_1_0.png
  SKIPPING IMAGE: tot amount of vasculature (5766.3229) < quality threshold 
processing: 3511871_21016_0_0.png
processing: 3511871_21015_0_0.png
processing: 3511868_21016_0_0.png
processing: 3511868_21015_0_0.png
processing: 3511859_21016_0_0.png
processing: 3511859_21015_0_0.png
processing: 3511833_21016_0_0.png
processing: 3511833_21015_0_0.png
processing: 3511766_21016_1_0.png
  SKIPPING IMAGE: tot amount of vasculature (5436.2335) < quality threshold 
processing: 3511766_21015_1_0.png
  SKIPPING IMAGE: tot amount of vasculature (3024.6969) < quality threshold 
processing: 3511741_21016_0_0.png
processing: 3511741_21015_0_0.png
processing: 3511737_21016_0_0.png
processing: 3511737_21015_0_0.png
processing: 3511729_21016_0_0.png
processing: 3511729_21015_0_0.png
processing: 3511569_21016_1_0.png
processing: 3511569_21015_1_0.png
processing: 3511497_21016_0_0.png
  SKIPPING IMAGE: tot amount of vasculature (1715.4372) < quality threshold 
processing: 3511497_21015_0_0.png
processing: 3511411_21016_0_0.png
processing: 3511411_21015_0_0.png
processing: 3511409_21016_0_0.png
processing: 3511409_21015_0_0.png
processing: 3511390_21016_0_0.png
processing: 3511390_21015_0_0.png
processing: 3511325_21016_1_0.png
processing: 3511325_21015_1_0.png
processing: 3511307_21016_0_0.png
  SKIPPING IMAGE: tot amount of vasculature (4220.5276) < quality threshold 
processing: 3511307_21015_0_0.png
  SKIPPING IMAGE: tot amount of vasculature (2654.899) < quality threshold 
processing: 3511298_21016_0_0.png
  SKIPPING IMAGE: tot amount of vasculature (5909.8016) < quality threshold 
processing: 3511298_21015_0_0.png
  SKIPPING IMAGE: tot amount of vasculature (6287.9625) < quality threshold 
processing: 3511273_21016_0_0.png
  SKIPPING IMAGE: tot amount of vasculature (6488.9704) < quality threshold 
processing: 3511273_21015_0_0.png
  SKIPPING IMAGE: tot amount of vasculature (1794.6516) < quality threshold 
processing: 3511264_21016_0_0.png
processing: 3511264_21015_0_0.png
processing: 3511230_21016_0_0.png
processing: 3511230_21015_0_0.png
processing: 3511205_21016_0_0.png
  SKIPPING IMAGE: tot amount of vasculature (10125.7079) < quality threshold 
processing: 3511205_21015_0_0.png
processing: 3511136_21016_0_0.png
processing: 3511136_21015_0_0.png
processing: 3511057_21016_0_0.png
  SKIPPING IMAGE: tot amount of vasculature (2249.2193) < quality threshold 
processing: 3511057_21015_0_0.png
  SKIPPING IMAGE: tot amount of vasculature (5136.6185) < quality threshold 
processing: 3511040_21016_0_0.png
processing: 3511040_21015_0_0.png
processing: 3511006_21016_0_0.png
  SKIPPING IMAGE: tot amount of vasculature (2979.6019) < quality threshold 
processing: 3511006_21015_0_0.png
  SKIPPING IMAGE: tot amount of vasculature (5605.4056) < quality threshold 
processing: 3510945_21016_0_0.png
processing: 3510945_21015_0_0.png
  SKIPPING IMAGE: tot amount of vasculature (9363.5831) < quality threshold 
processing: 3510934_21016_0_0.png
processing: 3510934_21015_0_0.png
processing: 3510757_21016_0_0.png
processing: 3510757_21015_0_0.png
processing: 3510695_21016_1_0.png
  SKIPPING IMAGE: tot amount of vasculature (3521.616) < quality threshold 
processing: 3510695_21015_1_0.png
  SKIPPING IMAGE: tot amount of vasculature (4926.759) < quality threshold 
processing: 3510671_21016_1_0.png
  SKIPPING IMAGE: tot amount of vasculature (6685.3395) < quality threshold 
processing: 3510671_21015_1_0.png
  SKIPPING IMAGE: tot amount of vasculature (80.6784) < quality threshold 
processing: 3510475_21016_0_0.png
  SKIPPING IMAGE: tot amount of vasculature (2762.1381) < quality threshold 
processing: 3510475_21015_0_0.png
  SKIPPING IMAGE: tot amount of vasculature (8210.4107) < quality threshold 
processing: 3510444_21016_1_0.png
processing: 3510444_21015_1_0.png
processing: 3510432_21016_1_0.png
  SKIPPING IMAGE: tot amount of vasculature (4119.6566) < quality threshold 
processing: 3510432_21016_0_0.png
  SKIPPING IMAGE: tot amount of vasculature (8323.2492) < quality threshold 
processing: 3510432_21015_1_0.png
  SKIPPING IMAGE: tot amount of vasculature (6125.5885) < quality threshold 
processing: 3510432_21015_0_0.png
processing: 3510367_21016_0_0.png
processing: 3510367_21015_0_0.png
processing: 3510262_21016_0_0.png
processing: 3510262_21015_0_0.png
processing: 3510250_21016_1_0.png
  SKIPPING IMAGE: tot amount of vasculature (7591.2807) < quality threshold 
processing: 3510250_21016_0_0.png
  SKIPPING IMAGE: tot amount of vasculature (1442.3743) < quality threshold 
processing: 3510250_21015_1_0.png
  SKIPPING IMAGE: tot amount of vasculature (3401.9561) < quality threshold 
processing: 3510250_21015_0_0.png
  SKIPPING IMAGE: tot amount of vasculature (222.5362) < quality threshold 
processing: 3510161_21016_1_0.png
  SKIPPING IMAGE: tot amount of vasculature (10987.8917) < quality threshold 
processing: 3510161_21015_1_0.png
  SKIPPING IMAGE: tot amount of vasculature (5687.7046) < quality threshold 
processing: 3510122_21016_1_0.png
  SKIPPING IMAGE: tot amount of vasculature (10950.1547) < quality threshold 
processing: 3510122_21015_1_0.png
