------------------------------------------
Setting up environment variables
---
LD_LIBRARY_PATH is .:/software/Development/Languages/Matlab_Compiler_Runtime/96/runtime/glnxa64:/software/Development/Languages/Matlab_Compiler_Runtime/96/bin/glnxa64:/software/Development/Languages/Matlab_Compiler_Runtime/96/sys/os/glnxa64:/software/Development/Languages/Matlab_Compiler_Runtime/96/sys/opengl/lib/glnxa64
Running vessel measurements...
processing: 4156482_21015_1_0.png
  SKIPPING IMAGE: tot amount of vasculature (5937.0778) < quality threshold 
processing: 4156453_21016_0_0.png
processing: 4156453_21015_0_0.png
processing: 4156437_21016_0_0.png
processing: 4156437_21015_0_0.png
processing: 4156429_21016_1_0.png
  SKIPPING IMAGE: tot amount of vasculature (5384.2856) < quality threshold 
processing: 4156429_21015_1_0.png
  SKIPPING IMAGE: tot amount of vasculature (9418.6102) < quality threshold 
processing: 4156318_21016_0_0.png
  SKIPPING IMAGE: tot amount of vasculature (9481.6378) < quality threshold 
processing: 4156318_21015_0_0.png
  SKIPPING IMAGE: tot amount of vasculature (2043.5306) < quality threshold 
processing: 4156299_21016_1_0.png
processing: 4156299_21015_1_0.png
processing: 4156149_21016_1_0.png
  SKIPPING IMAGE: tot amount of vasculature (22.8021) < quality threshold 
processing: 4156149_21016_0_0.png
  SKIPPING IMAGE: tot amount of vasculature (2578.8721) < quality threshold 
processing: 4156149_21015_1_0.png
  SKIPPING IMAGE: tot amount of vasculature (1439.1414) < quality threshold 
processing: 4156149_21015_0_0.png
  SKIPPING IMAGE: tot amount of vasculature (8736.5268) < quality threshold 
processing: 4156130_21016_0_0.png
  SKIPPING IMAGE: tot amount of vasculature (3115.3482) < quality threshold 
processing: 4156130_21015_0_0.png
  SKIPPING IMAGE: tot amount of vasculature (3572.9035) < quality threshold 
processing: 4156035_21016_0_0.png
processing: 4156035_21015_0_0.png
processing: 4155915_21016_0_0.png
processing: 4155915_21015_0_0.png
processing: 4155908_21016_0_0.png
processing: 4155908_21015_0_0.png
processing: 4155834_21016_0_0.png
  SKIPPING IMAGE: tot amount of vasculature (1710.1229) < quality threshold 
processing: 4155834_21015_0_0.png
  SKIPPING IMAGE: tot amount of vasculature (583.2603) < quality threshold 
processing: 4155746_21016_0_0.png
  SKIPPING IMAGE: tot amount of vasculature (2410.5025) < quality threshold 
processing: 4155746_21015_0_0.png
processing: 4155735_21016_1_0.png
processing: 4155735_21015_1_0.png
  SKIPPING IMAGE: tot amount of vasculature (7582.1687) < quality threshold 
processing: 4155644_21016_0_0.png
processing: 4155644_21015_0_0.png
processing: 4155543_21016_0_0.png
processing: 4155543_21015_0_0.png
processing: 4155471_21016_0_0.png
processing: 4155471_21015_0_0.png
  SKIPPING IMAGE: tot amount of vasculature (2716.5518) < quality threshold 
processing: 4155468_21016_0_0.png
processing: 4155468_21015_0_0.png
processing: 4155433_21016_0_0.png
processing: 4155433_21015_0_0.png
processing: 4155398_21016_1_0.png
processing: 4155398_21015_1_0.png
  SKIPPING IMAGE: tot amount of vasculature (10025.1868) < quality threshold 
processing: 4155349_21016_0_0.png
processing: 4155349_21015_0_0.png
processing: 4155327_21016_0_0.png
processing: 4155327_21015_0_0.png
processing: 4155305_21016_1_0.png
processing: 4155305_21015_1_0.png
processing: 4155290_21016_0_0.png
processing: 4155281_21016_0_0.png
processing: 4155281_21015_0_0.png
processing: 4155219_21016_0_0.png
processing: 4155219_21015_0_0.png
processing: 4155207_21016_0_0.png
processing: 4155207_21015_0_0.png
processing: 4155114_21016_0_0.png
processing: 4155114_21015_0_0.png
processing: 4155106_21016_1_0.png
processing: 4155106_21015_1_0.png
processing: 4154984_21016_0_0.png
processing: 4154984_21015_0_0.png
processing: 4154959_21016_0_0.png
processing: 4154959_21015_0_0.png
processing: 4154920_21016_1_0.png
processing: 4154920_21016_0_0.png
processing: 4154920_21015_1_0.png
processing: 4154920_21015_0_0.png
processing: 4154889_21016_1_0.png
  SKIPPING IMAGE: tot amount of vasculature (2215.9019) < quality threshold 
processing: 4154889_21015_1_0.png
  SKIPPING IMAGE: tot amount of vasculature (8472.2205) < quality threshold 
processing: 4154822_21016_0_0.png
processing: 4154822_21015_0_0.png
  SKIPPING IMAGE: tot amount of vasculature (6086.8729) < quality threshold 
processing: 4154800_21016_0_0.png
processing: 4154800_21015_0_0.png
processing: 4154772_21016_0_0.png
  SKIPPING IMAGE: tot amount of vasculature (6359.2187) < quality threshold 
processing: 4154772_21015_0_0.png
  SKIPPING IMAGE: tot amount of vasculature (7867.5109) < quality threshold 
processing: 4154748_21016_0_0.png
  SKIPPING IMAGE: tot amount of vasculature (9306.4219) < quality threshold 
processing: 4154748_21015_0_0.png
  SKIPPING IMAGE: tot amount of vasculature (8448.8388) < quality threshold 
processing: 4154701_21016_0_0.png
processing: 4154701_21015_0_0.png
processing: 4154628_21016_0_0.png
  SKIPPING IMAGE: tot amount of vasculature (10336.2685) < quality threshold 
processing: 4154628_21015_0_0.png
  SKIPPING IMAGE: tot amount of vasculature (9693.6102) < quality threshold 
processing: 4154611_21016_0_0.png
  SKIPPING IMAGE: tot amount of vasculature (6617.3374) < quality threshold 
processing: 4154611_21015_0_0.png
  SKIPPING IMAGE: tot amount of vasculature (9480.4325) < quality threshold 
processing: 4154485_21016_1_0.png
  SKIPPING IMAGE: tot amount of vasculature (8681.6357) < quality threshold 
processing: 4154485_21016_0_0.png
  SKIPPING IMAGE: tot amount of vasculature (6902.4311) < quality threshold 
processing: 4154485_21015_1_0.png
  SKIPPING IMAGE: tot amount of vasculature (8205.9391) < quality threshold 
processing: 4154485_21015_0_0.png
  SKIPPING IMAGE: tot amount of vasculature (10407.4081) < quality threshold 
processing: 4154421_21016_1_0.png
  SKIPPING IMAGE: tot amount of vasculature (3517.859) < quality threshold 
processing: 4154421_21015_1_0.png
processing: 4154340_21016_0_0.png
processing: 4154340_21015_0_0.png
processing: 4154291_21016_0_0.png
  SKIPPING IMAGE: tot amount of vasculature (7649.3989) < quality threshold 
processing: 4154291_21015_0_0.png
  SKIPPING IMAGE: tot amount of vasculature (8847.1725) < quality threshold 
processing: 4154275_21016_0_0.png
processing: 4154275_21015_0_0.png
processing: 4154108_21016_1_0.png
  SKIPPING IMAGE: tot amount of vasculature (7009.9675) < quality threshold 
processing: 4154108_21015_1_0.png
  SKIPPING IMAGE: tot amount of vasculature (7506.2889) < quality threshold 
processing: 4154025_21016_0_0.png
processing: 4154025_21015_0_0.png
processing: 4153945_21016_1_0.png
processing: 4153945_21015_1_0.png
  SKIPPING IMAGE: tot amount of vasculature (10975.3594) < quality threshold 
processing: 4153909_21016_0_0.png
processing: 4153909_21015_0_0.png
processing: 4153853_21016_0_0.png
processing: 4153853_21015_0_0.png
processing: 4153740_21016_0_0.png
processing: 4153740_21015_0_0.png
processing: 4153647_21016_0_0.png
processing: 4153647_21015_0_0.png
processing: 4153633_21016_0_0.png
  SKIPPING IMAGE: tot amount of vasculature (10553.5347) < quality threshold 
processing: 4153633_21015_0_0.png
processing: 4153581_21016_0_0.png
  SKIPPING IMAGE: tot amount of vasculature (8463.8931) < quality threshold 
processing: 4153581_21015_0_0.png
  SKIPPING IMAGE: tot amount of vasculature (6339.6921) < quality threshold 
processing: 4153574_21016_1_0.png
processing: 4153574_21015_1_0.png
