------------------------------------------
Setting up environment variables
---
LD_LIBRARY_PATH is .:/software/Development/Languages/Matlab_Compiler_Runtime/96/runtime/glnxa64:/software/Development/Languages/Matlab_Compiler_Runtime/96/bin/glnxa64:/software/Development/Languages/Matlab_Compiler_Runtime/96/sys/os/glnxa64:/software/Development/Languages/Matlab_Compiler_Runtime/96/sys/opengl/lib/glnxa64
Running vessel measurements...
processing: 5625924_21015_0_0.png
processing: 5625896_21016_0_0.png
  SKIPPING IMAGE: tot amount of vasculature (6636.8593) < quality threshold 
processing: 5625896_21015_0_0.png
  SKIPPING IMAGE: tot amount of vasculature (6264.6916) < quality threshold 
processing: 5625804_21016_0_0.png
processing: 5625804_21015_0_0.png
processing: 5625784_21016_0_0.png
processing: 5625784_21015_0_0.png
processing: 5625747_21016_1_0.png
processing: 5625747_21015_1_0.png
processing: 5625702_21016_0_0.png
processing: 5625702_21015_0_0.png
processing: 5625576_21016_0_0.png
processing: 5625576_21015_0_0.png
processing: 5625528_21016_0_0.png
processing: 5625528_21015_0_0.png
processing: 5625511_21016_0_0.png
processing: 5625511_21015_0_0.png
processing: 5625509_21016_1_0.png
processing: 5625509_21015_1_0.png
  SKIPPING IMAGE: tot amount of vasculature (10790.2414) < quality threshold 
processing: 5625489_21016_0_0.png
processing: 5625489_21015_0_0.png
processing: 5625461_21016_0_0.png
processing: 5625461_21015_0_0.png
processing: 5625454_21016_0_0.png
processing: 5625454_21015_0_0.png
processing: 5625422_21016_0_0.png
processing: 5625422_21015_0_0.png
processing: 5625417_21016_1_0.png
processing: 5625417_21015_1_0.png
processing: 5625375_21016_0_0.png
processing: 5625375_21015_0_0.png
processing: 5625358_21016_0_0.png
processing: 5625358_21015_0_0.png
processing: 5625310_21016_0_0.png
processing: 5625310_21015_0_0.png
processing: 5625288_21016_1_0.png
  SKIPPING IMAGE: tot amount of vasculature (9629.7793) < quality threshold 
processing: 5625288_21015_1_0.png
  SKIPPING IMAGE: tot amount of vasculature (9930.1702) < quality threshold 
processing: 5624993_21016_0_0.png
processing: 5624993_21015_0_0.png
processing: 5624685_21016_0_0.png
processing: 5624685_21015_0_0.png
processing: 5624650_21016_0_0.png
  SKIPPING IMAGE: tot amount of vasculature (8463.5662) < quality threshold 
processing: 5624650_21015_0_0.png
  SKIPPING IMAGE: tot amount of vasculature (1944.2205) < quality threshold 
processing: 5624621_21016_0_0.png
processing: 5624621_21015_0_0.png
processing: 5624510_21016_1_0.png
processing: 5624510_21015_1_0.png
processing: 5624476_21016_1_0.png
processing: 5624476_21015_1_0.png
processing: 5624460_21016_0_0.png
processing: 5624460_21015_0_0.png
processing: 5624356_21016_0_0.png
  SKIPPING IMAGE: tot amount of vasculature (10182.1782) < quality threshold 
processing: 5624356_21015_0_0.png
processing: 5624338_21016_0_0.png
  SKIPPING IMAGE: No vessels found
processing: 5624338_21015_0_0.png
processing: 5624325_21016_1_0.png
  SKIPPING IMAGE: tot amount of vasculature (21.5347) < quality threshold 
processing: 5624325_21015_1_0.png
  SKIPPING IMAGE: tot amount of vasculature (3549.3307) < quality threshold 
processing: 5624227_21016_0_0.png
processing: 5624227_21015_0_0.png
processing: 5624199_21016_0_0.png
  SKIPPING IMAGE: tot amount of vasculature (10578.4308) < quality threshold 
processing: 5624199_21015_0_0.png
  SKIPPING IMAGE: tot amount of vasculature (371.7433) < quality threshold 
processing: 5624065_21016_0_0.png
processing: 5624065_21015_0_0.png
processing: 5623899_21016_0_0.png
processing: 5623899_21015_0_0.png
processing: 5623855_21016_0_1.png
  SKIPPING IMAGE: tot amount of vasculature (9062.7367) < quality threshold 
processing: 5623855_21016_0_0.png
processing: 5623855_21015_0_0.png
processing: 5623774_21016_1_0.png
processing: 5623774_21015_1_0.png
processing: 5623693_21016_1_0.png
  SKIPPING IMAGE: tot amount of vasculature (8917.0039) < quality threshold 
processing: 5623693_21015_1_0.png
  SKIPPING IMAGE: tot amount of vasculature (10058.0805) < quality threshold 
processing: 5623689_21016_0_0.png
processing: 5623689_21015_0_0.png
processing: 5623661_21016_1_0.png
  SKIPPING IMAGE: tot amount of vasculature (1835.5896) < quality threshold 
processing: 5623661_21016_0_0.png
processing: 5623661_21015_1_0.png
  SKIPPING IMAGE: tot amount of vasculature (465.2404) < quality threshold 
processing: 5623661_21015_0_0.png
processing: 5623370_21016_0_0.png
processing: 5623370_21015_0_0.png
processing: 5623366_21016_0_0.png
  SKIPPING IMAGE: tot amount of vasculature (8970.4837) < quality threshold 
processing: 5623353_21016_0_0.png
processing: 5623353_21015_0_0.png
  SKIPPING IMAGE: tot amount of vasculature (10034.0823) < quality threshold 
processing: 5623245_21016_1_0.png
processing: 5623245_21015_1_0.png
processing: 5623228_21016_0_0.png
processing: 5623228_21015_0_0.png
processing: 5623116_21016_0_0.png
processing: 5623116_21015_0_0.png
  SKIPPING IMAGE: tot amount of vasculature (3640.8257) < quality threshold 
processing: 5623102_21016_0_0.png
processing: 5623102_21015_0_0.png
processing: 5623091_21016_0_0.png
processing: 5623091_21015_0_0.png
processing: 5623026_21016_0_0.png
processing: 5623026_21015_0_0.png
  SKIPPING IMAGE: tot amount of vasculature (9805.7855) < quality threshold 
processing: 5622960_21016_1_0.png
  SKIPPING IMAGE: tot amount of vasculature (2307.9672) < quality threshold 
processing: 5622960_21015_1_0.png
  SKIPPING IMAGE: tot amount of vasculature (6033.7934) < quality threshold 
processing: 5622870_21016_0_0.png
  SKIPPING IMAGE: tot amount of vasculature (2649.3045) < quality threshold 
processing: 5622870_21015_0_0.png
  SKIPPING IMAGE: tot amount of vasculature (325.9537) < quality threshold 
processing: 5622866_21016_0_0.png
processing: 5622866_21015_0_0.png
processing: 5622829_21016_0_0.png
processing: 5622829_21015_0_0.png
  SKIPPING IMAGE: tot amount of vasculature (9713.1734) < quality threshold 
processing: 5622647_21016_0_0.png
processing: 5622647_21015_0_0.png
  SKIPPING IMAGE: tot amount of vasculature (6288.6309) < quality threshold 
processing: 5622590_21016_0_0.png
processing: 5622590_21015_0_0.png
processing: 5622574_21016_0_0.png
processing: 5622574_21015_0_0.png
  SKIPPING IMAGE: tot amount of vasculature (9812.7009) < quality threshold 
processing: 5622556_21016_0_0.png
  SKIPPING IMAGE: tot amount of vasculature (2.8008) < quality threshold 
processing: 5622556_21015_0_0.png
  SKIPPING IMAGE: tot amount of vasculature (1205.9845) < quality threshold 
processing: 5622507_21016_0_0.png
processing: 5622507_21015_0_0.png
processing: 5622432_21016_0_0.png
processing: 5622432_21015_0_0.png
processing: 5622296_21016_0_0.png
  SKIPPING IMAGE: tot amount of vasculature (4327.8546) < quality threshold 
processing: 5622296_21015_0_0.png
  SKIPPING IMAGE: tot amount of vasculature (4603.4159) < quality threshold 
processing: 5622277_21016_0_0.png
processing: 5622277_21015_0_0.png
processing: 5622204_21016_0_0.png
processing: 5622204_21015_0_0.png
processing: 5622135_21016_0_0.png
processing: 5622135_21015_0_0.png
processing: 5622051_21016_1_0.png
  SKIPPING IMAGE: tot amount of vasculature (10988.2489) < quality threshold 
processing: 5622051_21015_1_0.png
  SKIPPING IMAGE: tot amount of vasculature (9359.3285) < quality threshold 
processing: 5621923_21016_0_0.png
processing: 5621923_21015_0_0.png
processing: 5621914_21016_0_0.png
  SKIPPING IMAGE: tot amount of vasculature (8598.2067) < quality threshold 
processing: 5621914_21015_0_0.png
  SKIPPING IMAGE: tot amount of vasculature (4736.9833) < quality threshold 
processing: 5621906_21015_0_0.png
processing: 5621797_21016_0_0.png
processing: 5621797_21015_0_0.png
  SKIPPING IMAGE: tot amount of vasculature (10269.3134) < quality threshold 
processing: 5621783_21016_0_0.png
processing: 5621783_21015_0_0.png
processing: 5621734_21016_0_0.png
processing: 5621734_21015_0_0.png
processing: 5621663_21016_0_0.png
processing: 5621663_21015_0_0.png
processing: 5621656_21016_0_0.png
  SKIPPING IMAGE: tot amount of vasculature (2410.209) < quality threshold 
processing: 5621656_21015_0_0.png
  SKIPPING IMAGE: tot amount of vasculature (644.8663) < quality threshold 
processing: 5621638_21016_1_0.png
  SKIPPING IMAGE: tot amount of vasculature (10604.0864) < quality threshold 
processing: 5621638_21015_1_0.png
  SKIPPING IMAGE: tot amount of vasculature (6904.22) < quality threshold 
processing: 5621607_21016_0_0.png
  SKIPPING IMAGE: tot amount of vasculature (97.0385) < quality threshold 
processing: 5621607_21015_0_0.png
  SKIPPING IMAGE: tot amount of vasculature (8910.4291) < quality threshold 
processing: 5621595_21016_0_0.png
  SKIPPING IMAGE: tot amount of vasculature (32.0352) < quality threshold 
processing: 5621595_21015_0_0.png
  SKIPPING IMAGE: tot amount of vasculature (2270.1737) < quality threshold 
processing: 5621584_21016_0_0.png
processing: 5621584_21015_0_0.png
processing: 5621520_21016_0_0.png
  SKIPPING IMAGE: tot amount of vasculature (5609.4427) < quality threshold 
processing: 5621520_21015_0_0.png
  SKIPPING IMAGE: tot amount of vasculature (1733.7441) < quality threshold 
processing: 5621437_21016_0_1.png
  SKIPPING IMAGE: tot amount of vasculature (10723.7204) < quality threshold 
processing: 5621437_21016_0_0.png
processing: 5621437_21015_0_1.png
  SKIPPING IMAGE: tot amount of vasculature (9999.1838) < quality threshold 
processing: 5621437_21015_0_0.png
processing: 5621429_21016_1_0.png
processing: 5621429_21015_1_0.png
processing: 5621321_21016_1_0.png
  SKIPPING IMAGE: tot amount of vasculature (10991.5982) < quality threshold 
processing: 5621321_21015_1_0.png
  SKIPPING IMAGE: tot amount of vasculature (4545.5401) < quality threshold 
processing: 5621272_21016_0_0.png
processing: 5621272_21015_0_0.png
processing: 5621224_21016_1_0.png
processing: 5621164_21016_0_0.png
processing: 5621164_21015_0_0.png
processing: 5621105_21016_0_0.png
processing: 5621105_21015_0_0.png
processing: 5621054_21016_0_0.png
processing: 5621054_21015_0_0.png
processing: 5621046_21016_0_0.png
  SKIPPING IMAGE: tot amount of vasculature (2639.7164) < quality threshold 
processing: 5621046_21015_0_0.png
  SKIPPING IMAGE: tot amount of vasculature (8670.0295) < quality threshold 
processing: 5621035_21016_0_0.png
processing: 5621035_21015_0_0.png
processing: 5620966_21016_1_0.png
  SKIPPING IMAGE: tot amount of vasculature (10544.6971) < quality threshold 
processing: 5620966_21015_1_0.png
processing: 5620953_21016_1_0.png
  SKIPPING IMAGE: tot amount of vasculature (2.035) < quality threshold 
processing: 5620953_21015_1_0.png
  SKIPPING IMAGE: tot amount of vasculature (2609.1026) < quality threshold 
processing: 5620860_21016_0_0.png
processing: 5620860_21015_0_0.png
processing: 5620644_21016_0_0.png
processing: 5620644_21015_0_0.png
  SKIPPING IMAGE: tot amount of vasculature (9573.8843) < quality threshold 
processing: 5620585_21016_0_0.png
processing: 5620585_21015_0_0.png
processing: 5620539_21016_1_0.png
  SKIPPING IMAGE: tot amount of vasculature (5991.5629) < quality threshold 
processing: 5620539_21016_0_0.png
processing: 5620539_21015_1_0.png
  SKIPPING IMAGE: tot amount of vasculature (4976.957) < quality threshold 
processing: 5620539_21015_0_0.png
  SKIPPING IMAGE: tot amount of vasculature (10691.9497) < quality threshold 
processing: 5620518_21016_0_0.png
processing: 5620518_21015_0_0.png
processing: 5620402_21016_0_0.png
  SKIPPING IMAGE: tot amount of vasculature (6650.4406) < quality threshold 
processing: 5620402_21015_0_0.png
  SKIPPING IMAGE: tot amount of vasculature (2585.9211) < quality threshold 
processing: 5620386_21016_0_0.png
processing: 5620386_21015_0_0.png
processing: 5620238_21016_0_0.png
processing: 5620238_21015_0_0.png
processing: 5620080_21016_1_0.png
processing: 5620080_21015_1_0.png
  SKIPPING IMAGE: tot amount of vasculature (10950.8877) < quality threshold 
processing: 5620067_21016_0_0.png
processing: 5620067_21015_0_0.png
processing: 5619934_21016_0_0.png
processing: 5619934_21015_0_0.png
  SKIPPING IMAGE: tot amount of vasculature (8370.7709) < quality threshold 
processing: 5619853_21016_0_0.png
processing: 5619853_21015_0_0.png
processing: 5619757_21016_0_0.png
processing: 5619757_21015_0_0.png
processing: 5619659_21016_0_0.png
processing: 5619659_21015_0_0.png
processing: 5619602_21016_0_0.png
processing: 5619602_21015_0_0.png
processing: 5619574_21016_0_0.png
processing: 5619574_21015_0_0.png
processing: 5619507_21016_1_0.png
  SKIPPING IMAGE: tot amount of vasculature (4841.8351) < quality threshold 
processing: 5619507_21015_1_0.png
  SKIPPING IMAGE: tot amount of vasculature (10252.358) < quality threshold 
processing: 5619355_21016_1_0.png
  SKIPPING IMAGE: tot amount of vasculature (459.6207) < quality threshold 
processing: 5619355_21015_1_0.png
  SKIPPING IMAGE: tot amount of vasculature (5865.5625) < quality threshold 
processing: 5619336_21016_0_0.png
processing: 5619336_21015_0_0.png
  SKIPPING IMAGE: tot amount of vasculature (10305.841) < quality threshold 
processing: 5619193_21016_1_0.png
processing: 5619193_21015_1_0.png
processing: 5619189_21016_0_0.png
processing: 5619189_21015_0_0.png
processing: 5619154_21016_0_0.png
processing: 5619154_21015_0_0.png
processing: 5619146_21016_0_0.png
  SKIPPING IMAGE: tot amount of vasculature (3808.3321) < quality threshold 
processing: 5619146_21015_0_0.png
processing: 5619098_21016_0_0.png
processing: 5619098_21015_0_0.png
processing: 5619049_21016_1_0.png
  SKIPPING IMAGE: tot amount of vasculature (2761.3524) < quality threshold 
processing: 5619049_21015_1_0.png
  SKIPPING IMAGE: tot amount of vasculature (4288.3359) < quality threshold 
processing: 5618654_21016_0_0.png
processing: 5618654_21015_0_0.png
  SKIPPING IMAGE: tot amount of vasculature (9560.1367) < quality threshold 
processing: 5618635_21016_0_0.png
processing: 5618635_21015_0_0.png
processing: 5618622_21016_0_0.png
  SKIPPING IMAGE: tot amount of vasculature (2437.7442) < quality threshold 
processing: 5618622_21015_0_0.png
  SKIPPING IMAGE: tot amount of vasculature (1041.5889) < quality threshold 
processing: 5618617_21016_1_0.png
  SKIPPING IMAGE: tot amount of vasculature (1.0589) < quality threshold 
processing: 5618617_21015_1_0.png
  SKIPPING IMAGE: tot amount of vasculature (4456.4074) < quality threshold 
processing: 5618514_21015_0_0.png
processing: 5618486_21016_1_0.png
processing: 5618486_21015_1_0.png
processing: 5618486_21015_0_0.png
processing: 5618473_21016_0_0.png
processing: 5618473_21015_0_0.png
processing: 5618449_21016_1_0.png
  SKIPPING IMAGE: tot amount of vasculature (9279.2666) < quality threshold 
processing: 5618449_21015_1_0.png
  SKIPPING IMAGE: tot amount of vasculature (9323.3793) < quality threshold 
processing: 5618405_21016_0_0.png
  SKIPPING IMAGE: tot amount of vasculature (1597.6995) < quality threshold 
processing: 5618405_21015_0_0.png
  SKIPPING IMAGE: tot amount of vasculature (2142.319) < quality threshold 
processing: 5618366_21016_0_0.png
processing: 5618366_21015_0_0.png
processing: 5618195_21016_1_0.png
  SKIPPING IMAGE: tot amount of vasculature (6257.5022) < quality threshold 
processing: 5618195_21015_1_0.png
  SKIPPING IMAGE: tot amount of vasculature (10801.8042) < quality threshold 
processing: 5618171_21016_1_0.png
processing: 5618171_21015_1_0.png
  SKIPPING IMAGE: tot amount of vasculature (6016.6116) < quality threshold 
processing: 5618133_21016_1_0.png
  SKIPPING IMAGE: tot amount of vasculature (10298.2372) < quality threshold 
processing: 5618133_21015_1_0.png
  SKIPPING IMAGE: tot amount of vasculature (10062.0023) < quality threshold 
processing: 5618003_21016_0_0.png
processing: 5618003_21015_0_0.png
processing: 5617907_21016_0_0.png
processing: 5617907_21015_0_0.png
processing: 5617812_21016_0_0.png
processing: 5617812_21015_0_0.png
processing: 5617743_21016_1_0.png
processing: 5617743_21015_1_0.png
  SKIPPING IMAGE: tot amount of vasculature (6668.3376) < quality threshold 
processing: 5617692_21016_0_0.png
processing: 5617692_21015_0_0.png
processing: 5617614_21016_0_0.png
processing: 5617614_21015_0_0.png
processing: 5617472_21016_0_0.png
processing: 5617472_21015_0_0.png
processing: 5617208_21016_1_0.png
processing: 5617208_21015_1_0.png
processing: 5617169_21016_0_0.png
processing: 5617169_21015_0_0.png
processing: 5617132_21016_0_0.png
processing: 5617132_21015_0_0.png
processing: 5616964_21016_1_0.png
processing: 5616964_21015_1_0.png
  SKIPPING IMAGE: tot amount of vasculature (3081.7674) < quality threshold 
processing: 5616930_21016_0_0.png
processing: 5616930_21015_0_0.png
processing: 5616912_21016_0_0.png
processing: 5616912_21015_0_0.png
processing: 5616881_21016_0_0.png
  SKIPPING IMAGE: tot amount of vasculature (7229.418) < quality threshold 
processing: 5616881_21015_0_0.png
  SKIPPING IMAGE: tot amount of vasculature (297.5838) < quality threshold 
processing: 5616838_21016_0_0.png
  SKIPPING IMAGE: tot amount of vasculature (10226.9831) < quality threshold 
processing: 5616838_21015_0_0.png
  SKIPPING IMAGE: tot amount of vasculature (10360.1905) < quality threshold 
processing: 5616819_21016_1_0.png
  SKIPPING IMAGE: tot amount of vasculature (6213.3798) < quality threshold 
processing: 5616819_21015_1_0.png
  SKIPPING IMAGE: tot amount of vasculature (7182.4075) < quality threshold 
processing: 5616791_21016_1_0.png
  SKIPPING IMAGE: tot amount of vasculature (10939.611) < quality threshold 
processing: 5616791_21015_1_0.png
processing: 5616732_21016_0_0.png
processing: 5616732_21015_0_0.png
processing: 5616655_21016_0_0.png
  SKIPPING IMAGE: tot amount of vasculature (9577.6731) < quality threshold 
processing: 5616655_21015_0_0.png
  SKIPPING IMAGE: tot amount of vasculature (9289.3405) < quality threshold 
processing: 5616648_21016_0_0.png
processing: 5616648_21015_0_0.png
processing: 5616594_21016_0_0.png
processing: 5616594_21015_0_0.png
processing: 5616488_21016_0_0.png
  SKIPPING IMAGE: tot amount of vasculature (10446.9119) < quality threshold 
processing: 5616488_21015_0_0.png
processing: 5616406_21016_1_0.png
  SKIPPING IMAGE: tot amount of vasculature (2430.2429) < quality threshold 
processing: 5616406_21016_0_0.png
  SKIPPING IMAGE: tot amount of vasculature (2966.9403) < quality threshold 
processing: 5616406_21015_1_0.png
  SKIPPING IMAGE: tot amount of vasculature (10463.3106) < quality threshold 
FINISHED: .mat files have been written to: /data/FAC/FBM/DBC/sbergman/retina/UKBiob/fundus/REVIEW//CLRIS/
execution time: 1722 sec
