------------------------------------------
Setting up environment variables
---
LD_LIBRARY_PATH is .:/software/Development/Languages/Matlab_Compiler_Runtime/96/runtime/glnxa64:/software/Development/Languages/Matlab_Compiler_Runtime/96/bin/glnxa64:/software/Development/Languages/Matlab_Compiler_Runtime/96/sys/os/glnxa64:/software/Development/Languages/Matlab_Compiler_Runtime/96/sys/opengl/lib/glnxa64
Running vessel measurements...
processing: 5489964_21016_0_0.png
  SKIPPING IMAGE: tot amount of vasculature (400.9802) < quality threshold 
processing: 5489964_21015_0_0.png
  SKIPPING IMAGE: tot amount of vasculature (1993.6344) < quality threshold 
processing: 5489838_21016_0_0.png
processing: 5489838_21015_0_0.png
  SKIPPING IMAGE: tot amount of vasculature (2762.0076) < quality threshold 
processing: 5489825_21016_0_0.png
processing: 5489825_21015_0_0.png
processing: 5489758_21016_1_0.png
  SKIPPING IMAGE: tot amount of vasculature (6448.0661) < quality threshold 
processing: 5489758_21015_1_0.png
processing: 5489744_21016_1_0.png
  SKIPPING IMAGE: tot amount of vasculature (9069.6363) < quality threshold 
processing: 5489744_21015_1_0.png
  SKIPPING IMAGE: tot amount of vasculature (5988.3599) < quality threshold 
processing: 5489680_21016_0_0.png
processing: 5489680_21015_0_0.png
processing: 5489636_21016_1_0.png
  SKIPPING IMAGE: tot amount of vasculature (485.3381) < quality threshold 
processing: 5489636_21015_1_0.png
  SKIPPING IMAGE: tot amount of vasculature (2847.9312) < quality threshold 
processing: 5489624_21016_0_0.png
processing: 5489624_21015_0_0.png
  SKIPPING IMAGE: tot amount of vasculature (10775.5246) < quality threshold 
processing: 5489613_21016_0_0.png
processing: 5489613_21015_0_0.png
processing: 5489529_21016_1_0.png
processing: 5489529_21015_1_0.png
processing: 5489384_21016_1_1.png
  SKIPPING IMAGE: tot amount of vasculature (10176.5908) < quality threshold 
processing: 5489384_21016_1_0.png
  SKIPPING IMAGE: tot amount of vasculature (9036.3263) < quality threshold 
processing: 5489384_21015_1_0.png
  SKIPPING IMAGE: tot amount of vasculature (7869.9027) < quality threshold 
processing: 5489320_21016_1_0.png
processing: 5489320_21015_1_0.png
processing: 5489316_21016_0_0.png
processing: 5489316_21015_0_0.png
processing: 5489261_21016_1_0.png
  SKIPPING IMAGE: tot amount of vasculature (9569.9339) < quality threshold 
processing: 5489261_21015_1_0.png
  SKIPPING IMAGE: tot amount of vasculature (7906.8372) < quality threshold 
processing: 5489246_21016_1_0.png
  SKIPPING IMAGE: tot amount of vasculature (3669.4513) < quality threshold 
processing: 5489246_21015_1_0.png
  SKIPPING IMAGE: tot amount of vasculature (9772.7306) < quality threshold 
processing: 5489196_21016_0_0.png
processing: 5489196_21015_0_0.png
processing: 5489185_21016_0_0.png
  SKIPPING IMAGE: tot amount of vasculature (7.4086) < quality threshold 
processing: 5489185_21015_0_0.png
  SKIPPING IMAGE: tot amount of vasculature (9355.083) < quality threshold 
processing: 5489076_21016_1_0.png
processing: 5489076_21015_1_0.png
processing: 5489060_21016_0_0.png
processing: 5489060_21015_0_0.png
processing: 5489045_21016_0_0.png
  SKIPPING IMAGE: tot amount of vasculature (223.3473) < quality threshold 
processing: 5489045_21015_0_0.png
  SKIPPING IMAGE: tot amount of vasculature (72.1048) < quality threshold 
processing: 5488993_21016_1_0.png
  SKIPPING IMAGE: tot amount of vasculature (3293.6556) < quality threshold 
processing: 5488993_21015_1_0.png
processing: 5488978_21016_0_0.png
processing: 5488978_21015_0_0.png
processing: 5488884_21016_0_0.png
  SKIPPING IMAGE: tot amount of vasculature (7185.8862) < quality threshold 
processing: 5488884_21015_0_0.png
processing: 5488816_21016_0_0.png
processing: 5488816_21015_0_0.png
processing: 5488766_21016_0_0.png
processing: 5488766_21015_0_0.png
processing: 5488618_21016_1_0.png
  SKIPPING IMAGE: tot amount of vasculature (4288.3905) < quality threshold 
processing: 5488618_21015_1_0.png
  SKIPPING IMAGE: tot amount of vasculature (4385.4861) < quality threshold 
processing: 5488558_21016_1_0.png
  SKIPPING IMAGE: tot amount of vasculature (1982.8774) < quality threshold 
processing: 5488558_21015_1_0.png
  SKIPPING IMAGE: tot amount of vasculature (4356.7314) < quality threshold 
processing: 5488452_21016_0_0.png
processing: 5488452_21015_0_0.png
processing: 5488338_21016_0_0.png
processing: 5488338_21015_0_0.png
processing: 5488264_21016_0_0.png
processing: 5488264_21015_0_0.png
processing: 5488212_21016_0_0.png
  SKIPPING IMAGE: tot amount of vasculature (1033.6497) < quality threshold 
processing: 5488212_21015_0_0.png
  SKIPPING IMAGE: tot amount of vasculature (1385.0586) < quality threshold 
processing: 5488155_21016_0_0.png
processing: 5488155_21015_0_0.png
processing: 5488101_21016_1_0.png
processing: 5488101_21015_1_0.png
processing: 5488079_21016_0_0.png
processing: 5488079_21015_0_0.png
processing: 5488065_21016_1_0.png
processing: 5488065_21015_1_0.png
processing: 5488057_21016_0_0.png
processing: 5488057_21015_0_0.png
processing: 5487994_21016_0_0.png
processing: 5487994_21015_0_0.png
  SKIPPING IMAGE: tot amount of vasculature (3807.6281) < quality threshold 
processing: 5487929_21016_0_0.png
processing: 5487929_21015_0_0.png
  SKIPPING IMAGE: tot amount of vasculature (10690.6645) < quality threshold 
processing: 5487915_21016_0_0.png
  SKIPPING IMAGE: tot amount of vasculature (3861.6365) < quality threshold 
processing: 5487915_21015_0_0.png
  SKIPPING IMAGE: tot amount of vasculature (9005.8886) < quality threshold 
processing: 5487876_21016_1_0.png
processing: 5487876_21016_0_0.png
processing: 5487876_21015_0_0.png
processing: 5487761_21016_0_0.png
processing: 5487761_21015_0_0.png
processing: 5487746_21016_0_0.png
  SKIPPING IMAGE: tot amount of vasculature (3528.1732) < quality threshold 
processing: 5487746_21015_0_0.png
  SKIPPING IMAGE: tot amount of vasculature (5372.4496) < quality threshold 
processing: 5487700_21016_0_0.png
processing: 5487700_21015_0_0.png
processing: 5487675_21016_0_0.png
processing: 5487675_21015_0_0.png
processing: 5487543_21016_0_0.png
  SKIPPING IMAGE: tot amount of vasculature (4407.3713) < quality threshold 
processing: 5487543_21015_0_0.png
  SKIPPING IMAGE: tot amount of vasculature (5773.7099) < quality threshold 
processing: 5487539_21016_0_0.png
processing: 5487539_21015_0_0.png
processing: 5487433_21016_0_0.png
  SKIPPING IMAGE: tot amount of vasculature (6091.6882) < quality threshold 
processing: 5487433_21015_0_0.png
  SKIPPING IMAGE: tot amount of vasculature (7688.1989) < quality threshold 
processing: 5487290_21016_0_0.png
processing: 5487290_21015_0_0.png
processing: 5487242_21016_0_0.png
processing: 5487242_21015_0_0.png
processing: 5487179_21016_1_0.png
processing: 5487179_21016_0_0.png
processing: 5487179_21015_1_0.png
processing: 5487179_21015_0_0.png
processing: 5487157_21016_0_0.png
processing: 5487157_21015_0_0.png
  SKIPPING IMAGE: tot amount of vasculature (9289.0941) < quality threshold 
processing: 5487099_21016_0_0.png
processing: 5487099_21015_0_0.png
processing: 5487067_21016_0_0.png
processing: 5487067_21015_0_1.png
  SKIPPING IMAGE: tot amount of vasculature (8401.2912) < quality threshold 
processing: 5487067_21015_0_0.png
processing: 5487013_21016_0_0.png
processing: 5487013_21015_0_0.png
processing: 5487001_21016_1_0.png
  SKIPPING IMAGE: tot amount of vasculature (7586.1872) < quality threshold 
processing: 5487001_21015_1_0.png
  SKIPPING IMAGE: tot amount of vasculature (5977.8352) < quality threshold 
processing: 5486934_21016_0_0.png
  SKIPPING IMAGE: tot amount of vasculature (10059.2285) < quality threshold 
processing: 5486934_21015_0_0.png
  SKIPPING IMAGE: tot amount of vasculature (8613.937) < quality threshold 
processing: 5486829_21016_0_0.png
processing: 5486829_21015_0_0.png
processing: 5486792_21016_0_0.png
processing: 5486792_21015_0_0.png
processing: 5486616_21016_1_0.png
processing: 5486616_21015_1_0.png
processing: 5486574_21016_0_0.png
processing: 5486574_21015_0_0.png
processing: 5486556_21016_0_0.png
processing: 5486556_21015_0_0.png
processing: 5486277_21016_0_0.png
processing: 5486277_21015_0_0.png
  SKIPPING IMAGE: tot amount of vasculature (1991.3939) < quality threshold 
processing: 5486146_21016_1_0.png
processing: 5486146_21015_1_0.png
  SKIPPING IMAGE: tot amount of vasculature (10934.7038) < quality threshold 
processing: 5486117_21016_0_0.png
processing: 5486117_21015_0_0.png
processing: 5486051_21016_0_0.png
  SKIPPING IMAGE: tot amount of vasculature (6497.3282) < quality threshold 
processing: 5486051_21015_0_0.png
  SKIPPING IMAGE: tot amount of vasculature (5534.3612) < quality threshold 
processing: 5485786_21016_0_0.png
processing: 5485786_21015_0_0.png
  SKIPPING IMAGE: tot amount of vasculature (4820.8527) < quality threshold 
processing: 5485694_21015_0_0.png
processing: 5485670_21016_0_0.png
processing: 5485670_21015_0_0.png
processing: 5485666_21016_0_0.png
processing: 5485666_21015_0_0.png
processing: 5485599_21016_0_0.png
  SKIPPING IMAGE: tot amount of vasculature (8414.6083) < quality threshold 
processing: 5485599_21015_0_0.png
  SKIPPING IMAGE: tot amount of vasculature (6981.0552) < quality threshold 
processing: 5485580_21016_0_0.png
processing: 5485580_21015_0_0.png
processing: 5485567_21016_0_0.png
  SKIPPING IMAGE: tot amount of vasculature (7236.3687) < quality threshold 
processing: 5485567_21015_0_0.png
  SKIPPING IMAGE: tot amount of vasculature (9784.3729) < quality threshold 
processing: 5485513_21016_0_0.png
processing: 5485513_21015_0_0.png
  SKIPPING IMAGE: tot amount of vasculature (8904.2759) < quality threshold 
processing: 5485490_21016_0_0.png
processing: 5485490_21015_0_0.png
processing: 5485456_21016_0_0.png
processing: 5485456_21015_0_0.png
  SKIPPING IMAGE: tot amount of vasculature (10998.3896) < quality threshold 
processing: 5485247_21016_0_0.png
processing: 5485247_21015_0_0.png
  SKIPPING IMAGE: tot amount of vasculature (9345.3932) < quality threshold 
processing: 5485197_21016_0_0.png
processing: 5485197_21015_0_0.png
  SKIPPING IMAGE: tot amount of vasculature (8190.0519) < quality threshold 
processing: 5485152_21016_0_0.png
  SKIPPING IMAGE: tot amount of vasculature (275.0289) < quality threshold 
processing: 5485152_21015_0_0.png
  SKIPPING IMAGE: tot amount of vasculature (6249.6579) < quality threshold 
processing: 5485096_21016_0_0.png
processing: 5485096_21015_0_0.png
  SKIPPING IMAGE: tot amount of vasculature (6437.5251) < quality threshold 
processing: 5485021_21016_1_0.png
processing: 5485021_21015_1_0.png
processing: 5484830_21016_0_0.png
processing: 5484830_21015_0_0.png
processing: 5484805_21016_0_0.png
processing: 5484805_21015_0_0.png
processing: 5484750_21016_0_0.png
processing: 5484750_21015_0_0.png
processing: 5484606_21016_0_0.png
processing: 5484606_21015_0_0.png
processing: 5484535_21016_0_0.png
processing: 5484535_21015_0_0.png
processing: 5484472_21016_0_0.png
processing: 5484472_21015_0_0.png
processing: 5484436_21016_0_0.png
processing: 5484436_21015_0_0.png
processing: 5484397_21016_0_0.png
processing: 5484397_21015_0_0.png
processing: 5484253_21016_0_0.png
processing: 5484253_21015_0_0.png
processing: 5484237_21016_0_0.png
processing: 5484237_21015_0_0.png
processing: 5484144_21016_1_0.png
processing: 5484144_21015_1_0.png
processing: 5484033_21016_0_0.png
  SKIPPING IMAGE: tot amount of vasculature (9092.1314) < quality threshold 
processing: 5484033_21015_0_0.png
  SKIPPING IMAGE: tot amount of vasculature (10611.3195) < quality threshold 
processing: 5483940_21016_0_0.png
processing: 5483940_21015_0_0.png
processing: 5483923_21016_0_0.png
processing: 5483923_21015_0_0.png
processing: 5483914_21016_1_0.png
processing: 5483914_21015_1_0.png
processing: 5483906_21016_0_0.png
processing: 5483906_21015_0_0.png
processing: 5483891_21016_0_0.png
processing: 5483891_21015_0_0.png
processing: 5483745_21016_0_0.png
  SKIPPING IMAGE: tot amount of vasculature (7391.6123) < quality threshold 
processing: 5483745_21015_0_0.png
  SKIPPING IMAGE: tot amount of vasculature (1781.8968) < quality threshold 
processing: 5483674_21016_0_0.png
processing: 5483674_21015_0_0.png
processing: 5483568_21016_0_0.png
  SKIPPING IMAGE: tot amount of vasculature (9627.5121) < quality threshold 
processing: 5483568_21015_0_0.png
  SKIPPING IMAGE: tot amount of vasculature (10980.7517) < quality threshold 
processing: 5483559_21016_0_0.png
  SKIPPING IMAGE: tot amount of vasculature (7147.4157) < quality threshold 
processing: 5483559_21015_0_0.png
  SKIPPING IMAGE: tot amount of vasculature (10883.8806) < quality threshold 
processing: 5483453_21016_0_0.png
processing: 5483453_21015_0_0.png
processing: 5483441_21016_1_0.png
processing: 5483429_21016_1_0.png
  SKIPPING IMAGE: tot amount of vasculature (3381.3861) < quality threshold 
processing: 5483408_21016_1_0.png
  SKIPPING IMAGE: tot amount of vasculature (7390.9999) < quality threshold 
processing: 5483408_21015_1_0.png
processing: 5483236_21016_1_0.png
processing: 5483236_21015_1_0.png
  SKIPPING IMAGE: tot amount of vasculature (8105.0425) < quality threshold 
processing: 5483173_21016_0_0.png
processing: 5483173_21015_0_0.png
processing: 5483112_21016_0_0.png
processing: 5483112_21015_0_0.png
processing: 5483061_21016_1_0.png
processing: 5483061_21015_1_0.png
  SKIPPING IMAGE: tot amount of vasculature (10706.0382) < quality threshold 
processing: 5483046_21016_1_0.png
  SKIPPING IMAGE: tot amount of vasculature (9739.6108) < quality threshold 
processing: 5483046_21015_1_0.png
processing: 5483017_21016_1_0.png
processing: 5483017_21016_0_0.png
processing: 5483017_21015_1_0.png
processing: 5483017_21015_0_0.png
processing: 5483000_21016_0_0.png
processing: 5483000_21015_0_0.png
  SKIPPING IMAGE: tot amount of vasculature (2672.73) < quality threshold 
processing: 5482896_21016_1_0.png
processing: 5482896_21015_1_0.png
processing: 5482784_21016_0_0.png
  SKIPPING IMAGE: tot amount of vasculature (10572.7428) < quality threshold 
processing: 5482784_21015_0_0.png
processing: 5482771_21016_1_0.png
  SKIPPING IMAGE: tot amount of vasculature (10449.8388) < quality threshold 
processing: 5482771_21015_1_0.png
processing: 5482651_21016_0_0.png
processing: 5482651_21015_0_0.png
processing: 5482627_21016_0_0.png
processing: 5482627_21015_0_0.png
  SKIPPING IMAGE: tot amount of vasculature (3494.7084) < quality threshold 
processing: 5482511_21016_0_0.png
processing: 5482511_21015_0_0.png
processing: 5482461_21016_1_0.png
  SKIPPING IMAGE: tot amount of vasculature (1118.6385) < quality threshold 
processing: 5482461_21015_1_0.png
  SKIPPING IMAGE: tot amount of vasculature (9648.0765) < quality threshold 
processing: 5482435_21016_1_0.png
  SKIPPING IMAGE: tot amount of vasculature (38.8972) < quality threshold 
processing: 5482435_21015_1_0.png
  SKIPPING IMAGE: tot amount of vasculature (2111.6493) < quality threshold 
processing: 5482417_21016_0_0.png
processing: 5482417_21015_0_0.png
processing: 5482369_21016_1_0.png
processing: 5482369_21015_1_0.png
processing: 5482344_21016_0_0.png
processing: 5482344_21015_0_0.png
processing: 5482292_21016_0_0.png
processing: 5482292_21015_0_0.png
processing: 5482257_21016_0_0.png
processing: 5482257_21015_0_0.png
processing: 5482138_21016_0_0.png
processing: 5482138_21015_0_0.png
processing: 5482125_21016_0_0.png
processing: 5482125_21015_0_0.png
processing: 5481971_21016_0_0.png
processing: 5481971_21015_0_0.png
processing: 5481959_21016_0_0.png
processing: 5481959_21015_0_0.png
processing: 5481920_21016_0_0.png
processing: 5481920_21015_0_0.png
processing: 5481893_21016_1_0.png
processing: 5481893_21015_1_0.png
processing: 5481854_21016_0_0.png
processing: 5481854_21015_0_0.png
processing: 5481780_21016_0_0.png
  SKIPPING IMAGE: tot amount of vasculature (5482.6801) < quality threshold 
processing: 5481780_21015_0_0.png
  SKIPPING IMAGE: tot amount of vasculature (2397.4626) < quality threshold 
processing: 5481755_21016_0_0.png
processing: 5481755_21015_0_0.png
processing: 5481736_21016_1_0.png
  SKIPPING IMAGE: tot amount of vasculature (5.7522) < quality threshold 
processing: 5481736_21015_1_0.png
  SKIPPING IMAGE: tot amount of vasculature (4778.777) < quality threshold 
processing: 5481652_21016_0_0.png
  SKIPPING IMAGE: tot amount of vasculature (8485.6016) < quality threshold 
processing: 5481652_21015_0_0.png
  SKIPPING IMAGE: tot amount of vasculature (3534.8982) < quality threshold 
processing: 5481609_21016_1_0.png
processing: 5481609_21015_1_0.png
  SKIPPING IMAGE: tot amount of vasculature (8639.9214) < quality threshold 
processing: 5481549_21016_0_0.png
processing: 5481549_21015_0_0.png
processing: 5481530_21016_0_0.png
processing: 5481530_21015_0_0.png
processing: 5481388_21016_0_0.png
processing: 5481388_21015_0_0.png
processing: 5481108_21016_0_0.png
processing: 5481108_21015_0_0.png
processing: 5481056_21016_0_0.png
processing: 5481056_21015_0_0.png
processing: 5480939_21016_0_0.png
processing: 5480939_21015_0_0.png
processing: 5480921_21016_1_0.png
processing: 5480921_21015_1_0.png
  SKIPPING IMAGE: tot amount of vasculature (1208.2422) < quality threshold 
processing: 5480617_21016_0_0.png
processing: 5480617_21015_0_0.png
processing: 5480565_21016_0_0.png
processing: 5480565_21015_0_0.png
processing: 5480506_21016_0_0.png
processing: 5480506_21015_0_0.png
processing: 5480473_21016_0_0.png
processing: 5480473_21015_0_0.png
FINISHED: .mat files have been written to: /data/FAC/FBM/DBC/sbergman/retina/UKBiob/fundus/REVIEW//CLRIS/
execution time: 1652 sec
