------------------------------------------
Setting up environment variables
---
LD_LIBRARY_PATH is .:/software/Development/Languages/Matlab_Compiler_Runtime/96/runtime/glnxa64:/software/Development/Languages/Matlab_Compiler_Runtime/96/bin/glnxa64:/software/Development/Languages/Matlab_Compiler_Runtime/96/sys/os/glnxa64:/software/Development/Languages/Matlab_Compiler_Runtime/96/sys/opengl/lib/glnxa64
Running vessel measurements...
processing: 1557969_21015_1_0.png
processing: 1557944_21016_0_0.png
processing: 1557944_21015_0_0.png
processing: 1557857_21016_1_0.png
processing: 1557857_21015_1_0.png
processing: 1557840_21016_0_0.png
  SKIPPING IMAGE: tot amount of vasculature (4562.3641) < quality threshold 
processing: 1557840_21015_0_0.png
processing: 1557730_21016_0_0.png
processing: 1557730_21015_0_0.png
processing: 1557442_21016_0_0.png
processing: 1557442_21015_0_0.png
processing: 1557438_21016_0_0.png
processing: 1557438_21015_0_0.png
processing: 1557425_21016_0_0.png
processing: 1557425_21015_0_0.png
processing: 1557317_21016_0_0.png
processing: 1557317_21015_0_0.png
processing: 1557300_21016_0_0.png
  SKIPPING IMAGE: No vessels found
processing: 1557300_21015_0_0.png
  SKIPPING IMAGE: tot amount of vasculature (405.4528) < quality threshold 
processing: 1557176_21016_0_0.png
processing: 1557176_21015_0_0.png
processing: 1557021_21016_1_0.png
processing: 1557021_21015_1_0.png
processing: 1556914_21016_0_0.png
  SKIPPING IMAGE: tot amount of vasculature (2272.0287) < quality threshold 
processing: 1556914_21015_0_0.png
  SKIPPING IMAGE: tot amount of vasculature (6376.0778) < quality threshold 
processing: 1556803_21016_1_0.png
processing: 1556803_21015_1_0.png
processing: 1556783_21016_1_0.png
processing: 1556783_21015_1_0.png
processing: 1556638_21016_0_0.png
processing: 1556638_21015_0_0.png
processing: 1556482_21016_0_0.png
  SKIPPING IMAGE: tot amount of vasculature (5614.7886) < quality threshold 
processing: 1556482_21015_0_0.png
  SKIPPING IMAGE: tot amount of vasculature (5810.1754) < quality threshold 
processing: 1556466_21016_0_0.png
processing: 1556466_21015_0_0.png
processing: 1556453_21016_0_0.png
processing: 1556453_21015_0_0.png
processing: 1556415_21016_0_0.png
processing: 1556415_21015_0_0.png
processing: 1556339_21016_1_0.png
processing: 1556339_21015_1_0.png
processing: 1556164_21016_0_0.png
processing: 1556164_21015_0_0.png
processing: 1556078_21016_1_0.png
  SKIPPING IMAGE: tot amount of vasculature (509.2352) < quality threshold 
processing: 1556078_21015_1_0.png
  SKIPPING IMAGE: tot amount of vasculature (1271.521) < quality threshold 
processing: 1556054_21016_0_0.png
processing: 1556054_21015_0_0.png
processing: 1555852_21016_0_0.png
processing: 1555852_21015_0_0.png
processing: 1555793_21016_0_0.png
processing: 1555793_21015_0_0.png
processing: 1555722_21016_1_0.png
  SKIPPING IMAGE: tot amount of vasculature (7754.2632) < quality threshold 
processing: 1555722_21015_1_0.png
processing: 1555700_21016_0_0.png
processing: 1555700_21015_0_0.png
processing: 1555675_21016_1_0.png
processing: 1555675_21016_0_0.png
processing: 1555675_21015_1_0.png
processing: 1555675_21015_0_0.png
processing: 1555669_21016_0_0.png
processing: 1555669_21015_0_0.png
processing: 1555658_21016_0_0.png
  SKIPPING IMAGE: tot amount of vasculature (10534.8865) < quality threshold 
processing: 1555658_21015_0_0.png
processing: 1555626_21016_0_0.png
processing: 1555626_21015_0_0.png
processing: 1555521_21016_0_0.png
processing: 1555521_21015_0_0.png
processing: 1555504_21016_0_0.png
processing: 1555504_21015_0_0.png
processing: 1555471_21016_0_0.png
processing: 1555471_21015_0_0.png
processing: 1555416_21016_1_0.png
  SKIPPING IMAGE: tot amount of vasculature (7610.6807) < quality threshold 
processing: 1555416_21015_1_0.png
processing: 1555386_21016_0_0.png
processing: 1555386_21015_0_0.png
processing: 1555373_21016_1_0.png
processing: 1555373_21015_1_0.png
processing: 1555364_21016_1_0.png
  SKIPPING IMAGE: tot amount of vasculature (5008.4599) < quality threshold 
processing: 1555364_21015_1_0.png
processing: 1555330_21016_0_0.png
processing: 1555330_21015_0_0.png
processing: 1555263_21016_1_0.png
processing: 1555263_21015_1_0.png
processing: 1555179_21016_0_0.png
processing: 1555179_21015_0_0.png
processing: 1555165_21016_0_0.png
processing: 1555165_21015_0_0.png
processing: 1555055_21016_0_0.png
processing: 1555055_21015_0_0.png
processing: 1555001_21016_0_0.png
processing: 1555001_21015_0_0.png
processing: 1554968_21016_0_0.png
processing: 1554968_21015_0_0.png
processing: 1554893_21016_0_0.png
processing: 1554893_21015_0_0.png
processing: 1554846_21016_0_0.png
processing: 1554846_21015_0_0.png
processing: 1554822_21016_0_0.png
processing: 1554822_21015_0_0.png
processing: 1554800_21016_0_0.png
processing: 1554800_21015_0_0.png
processing: 1554799_21016_0_0.png
processing: 1554799_21015_0_1.png
  SKIPPING IMAGE: tot amount of vasculature (5603.1341) < quality threshold 
processing: 1554799_21015_0_0.png
  SKIPPING IMAGE: tot amount of vasculature (6286.3146) < quality threshold 
processing: 1554736_21016_0_0.png
processing: 1554736_21015_0_0.png
  SKIPPING IMAGE: tot amount of vasculature (8909.5395) < quality threshold 
processing: 1554676_21016_0_0.png
processing: 1554676_21015_0_0.png
processing: 1554660_21016_1_0.png
  SKIPPING IMAGE: tot amount of vasculature (10349.9954) < quality threshold 
processing: 1554660_21015_1_0.png
  SKIPPING IMAGE: tot amount of vasculature (8798.0826) < quality threshold 
processing: 1554527_21016_1_0.png
processing: 1554527_21015_1_0.png
processing: 1554512_21016_0_0.png
processing: 1554512_21015_0_0.png
processing: 1554496_21016_0_0.png
processing: 1554496_21015_0_0.png
processing: 1554477_21016_0_0.png
processing: 1554477_21015_0_0.png
processing: 1554404_21016_0_0.png
processing: 1554404_21015_0_0.png
processing: 1554388_21016_0_0.png
processing: 1554388_21015_0_0.png
processing: 1554287_21016_0_0.png
processing: 1554287_21015_0_0.png
processing: 1554275_21016_0_0.png
  SKIPPING IMAGE: tot amount of vasculature (1160.2207) < quality threshold 
processing: 1554275_21015_0_0.png
  SKIPPING IMAGE: tot amount of vasculature (6082.7154) < quality threshold 
processing: 1554244_21016_1_0.png
processing: 1554244_21015_1_0.png
processing: 1554137_21016_0_0.png
processing: 1554137_21015_0_0.png
processing: 1554019_21016_0_0.png
processing: 1554019_21015_0_0.png
  SKIPPING IMAGE: tot amount of vasculature (2572.4704) < quality threshold 
processing: 1553976_21016_0_0.png
  SKIPPING IMAGE: tot amount of vasculature (4858.7085) < quality threshold 
processing: 1553976_21015_0_0.png
  SKIPPING IMAGE: tot amount of vasculature (9477.5445) < quality threshold 
processing: 1553960_21016_0_0.png
processing: 1553960_21015_0_0.png
processing: 1553928_21016_0_0.png
processing: 1553928_21015_0_0.png
processing: 1553909_21016_1_0.png
  SKIPPING IMAGE: tot amount of vasculature (3623.1935) < quality threshold 
processing: 1553909_21016_0_0.png
processing: 1553909_21015_1_0.png
  SKIPPING IMAGE: tot amount of vasculature (108.9624) < quality threshold 
processing: 1553909_21015_0_0.png
processing: 1553894_21016_0_0.png
processing: 1553894_21015_0_0.png
processing: 1553853_21016_0_0.png
processing: 1553853_21015_0_0.png
processing: 1553841_21016_0_0.png
  SKIPPING IMAGE: tot amount of vasculature (3427.9328) < quality threshold 
processing: 1553841_21015_0_0.png
  SKIPPING IMAGE: tot amount of vasculature (5575.8682) < quality threshold 
processing: 1553671_21016_0_0.png
processing: 1553671_21015_0_0.png
processing: 1553659_21016_0_0.png
processing: 1553659_21015_0_0.png
  SKIPPING IMAGE: tot amount of vasculature (10910.3516) < quality threshold 
processing: 1553616_21016_0_0.png
processing: 1553616_21015_0_0.png
  SKIPPING IMAGE: tot amount of vasculature (9051.0439) < quality threshold 
processing: 1553574_21016_1_0.png
  SKIPPING IMAGE: tot amount of vasculature (3357.4261) < quality threshold 
processing: 1553574_21015_1_0.png
  SKIPPING IMAGE: tot amount of vasculature (10623.0658) < quality threshold 
processing: 1553563_21016_1_0.png
processing: 1553563_21015_1_0.png
processing: 1553444_21016_1_0.png
processing: 1553444_21015_1_0.png
processing: 1553426_21016_0_0.png
  SKIPPING IMAGE: tot amount of vasculature (8143.789) < quality threshold 
processing: 1553426_21015_0_0.png
processing: 1553399_21016_0_0.png
  SKIPPING IMAGE: tot amount of vasculature (7804.5125) < quality threshold 
processing: 1553399_21015_0_0.png
  SKIPPING IMAGE: tot amount of vasculature (7104.4317) < quality threshold 
processing: 1553348_21016_1_0.png
  SKIPPING IMAGE: tot amount of vasculature (3604.2725) < quality threshold 
processing: 1553348_21015_1_0.png
  SKIPPING IMAGE: tot amount of vasculature (6995.9553) < quality threshold 
processing: 1553301_21016_0_0.png
  SKIPPING IMAGE: tot amount of vasculature (8155.4223) < quality threshold 
processing: 1553301_21015_0_0.png
processing: 1553277_21016_0_0.png
processing: 1553277_21015_0_0.png
processing: 1553178_21016_0_0.png
processing: 1553178_21015_0_0.png
processing: 1553154_21016_0_0.png
processing: 1553154_21015_0_0.png
processing: 1553146_21016_0_0.png
processing: 1553146_21015_0_0.png
processing: 1553135_21016_0_0.png
  SKIPPING IMAGE: tot amount of vasculature (4355.2036) < quality threshold 
processing: 1553135_21015_0_0.png
  SKIPPING IMAGE: tot amount of vasculature (10092.557) < quality threshold 
processing: 1553100_21016_0_0.png
processing: 1553100_21015_0_0.png
processing: 1552899_21016_1_0.png
processing: 1552899_21015_1_0.png
processing: 1552836_21016_0_0.png
processing: 1552836_21015_0_0.png
  SKIPPING IMAGE: tot amount of vasculature (10196.1783) < quality threshold 
processing: 1552763_21016_0_0.png
processing: 1552763_21015_0_0.png
processing: 1552756_21016_1_0.png
processing: 1552756_21015_1_0.png
processing: 1552738_21016_0_0.png
  SKIPPING IMAGE: tot amount of vasculature (7462.9747) < quality threshold 
processing: 1552738_21015_0_0.png
  SKIPPING IMAGE: tot amount of vasculature (8788.4411) < quality threshold 
processing: 1552725_21016_0_0.png
processing: 1552725_21015_0_0.png
processing: 1552678_21016_0_0.png
  SKIPPING IMAGE: tot amount of vasculature (3278.3713) < quality threshold 
processing: 1552678_21015_0_0.png
processing: 1552654_21016_0_0.png
  SKIPPING IMAGE: tot amount of vasculature (5216.0121) < quality threshold 
processing: 1552654_21015_0_0.png
  SKIPPING IMAGE: tot amount of vasculature (10959.685) < quality threshold 
processing: 1552622_21016_0_0.png
processing: 1552622_21015_0_0.png
processing: 1552565_21016_0_0.png
  SKIPPING IMAGE: tot amount of vasculature (8182.8528) < quality threshold 
processing: 1552565_21015_0_0.png
  SKIPPING IMAGE: tot amount of vasculature (10024.2298) < quality threshold 
processing: 1552514_21016_0_0.png
processing: 1552514_21015_0_0.png
processing: 1552449_21016_0_0.png
  SKIPPING IMAGE: tot amount of vasculature (10448.2584) < quality threshold 
processing: 1552449_21015_0_0.png
processing: 1552370_21016_1_0.png
processing: 1552370_21016_0_0.png
processing: 1552370_21015_1_0.png
processing: 1552370_21015_0_0.png
processing: 1552337_21016_0_0.png
  SKIPPING IMAGE: tot amount of vasculature (8463.0023) < quality threshold 
processing: 1552337_21015_0_0.png
  SKIPPING IMAGE: tot amount of vasculature (8990.4657) < quality threshold 
processing: 1552315_21016_0_0.png
processing: 1552315_21015_0_0.png
processing: 1552091_21016_0_0.png
processing: 1552091_21015_0_0.png
processing: 1552003_21016_0_0.png
  SKIPPING IMAGE: tot amount of vasculature (7372.3184) < quality threshold 
processing: 1552003_21015_0_0.png
  SKIPPING IMAGE: tot amount of vasculature (8074.0365) < quality threshold 
processing: 1551956_21016_1_0.png
processing: 1551956_21015_1_0.png
  SKIPPING IMAGE: tot amount of vasculature (10783.9207) < quality threshold 
processing: 1551925_21016_0_0.png
processing: 1551925_21015_0_0.png
processing: 1551805_21016_0_0.png
processing: 1551805_21015_0_0.png
processing: 1551796_21016_0_0.png
  SKIPPING IMAGE: tot amount of vasculature (9261.3692) < quality threshold 
processing: 1551796_21015_0_0.png
  SKIPPING IMAGE: tot amount of vasculature (4936.7317) < quality threshold 
processing: 1551785_21016_0_0.png
processing: 1551785_21015_0_0.png
processing: 1551762_21016_0_0.png
processing: 1551762_21015_0_0.png
  SKIPPING IMAGE: tot amount of vasculature (7788.7105) < quality threshold 
processing: 1551704_21016_0_0.png
processing: 1551704_21015_0_0.png
processing: 1551657_21016_0_0.png
  SKIPPING IMAGE: tot amount of vasculature (10939.7134) < quality threshold 
processing: 1551657_21015_0_0.png
processing: 1551631_21016_0_0.png
processing: 1551631_21015_0_0.png
processing: 1551614_21016_0_0.png
processing: 1551614_21015_0_0.png
processing: 1551593_21016_0_0.png
processing: 1551593_21015_0_0.png
processing: 1551546_21016_0_0.png
  SKIPPING IMAGE: tot amount of vasculature (5873.3838) < quality threshold 
processing: 1551546_21015_0_0.png
  SKIPPING IMAGE: tot amount of vasculature (9656.5494) < quality threshold 
processing: 1551535_21016_0_1.png
  SKIPPING IMAGE: tot amount of vasculature (9795.3608) < quality threshold 
processing: 1551535_21016_0_0.png
  SKIPPING IMAGE: tot amount of vasculature (5216.8197) < quality threshold 
processing: 1551535_21015_0_0.png
  SKIPPING IMAGE: tot amount of vasculature (6992.6909) < quality threshold 
processing: 1551522_21016_0_0.png
processing: 1551522_21015_0_0.png
processing: 1551413_21016_0_0.png
processing: 1551413_21015_0_0.png
  SKIPPING IMAGE: tot amount of vasculature (6796.3786) < quality threshold 
processing: 1551352_21016_0_0.png
processing: 1551352_21015_0_0.png
processing: 1551282_21016_0_0.png
processing: 1551282_21015_0_0.png
processing: 1551270_21016_0_0.png
processing: 1551270_21015_0_0.png
processing: 1551169_21016_0_0.png
processing: 1551169_21015_0_0.png
processing: 1551144_21016_0_0.png
processing: 1551144_21015_0_0.png
processing: 1550885_21016_0_0.png
processing: 1550885_21015_0_0.png
processing: 1550877_21016_0_0.png
processing: 1550877_21015_0_0.png
processing: 1550818_21016_0_0.png
processing: 1550818_21015_0_0.png
processing: 1550795_21016_1_0.png
  SKIPPING IMAGE: tot amount of vasculature (9638.2889) < quality threshold 
processing: 1550795_21015_1_0.png
processing: 1550720_21016_0_0.png
  SKIPPING IMAGE: tot amount of vasculature (7611.7727) < quality threshold 
processing: 1550720_21015_0_0.png
  SKIPPING IMAGE: tot amount of vasculature (8597.8037) < quality threshold 
processing: 1550686_21016_0_0.png
processing: 1550686_21015_0_0.png
processing: 1550649_21016_0_0.png
processing: 1550649_21015_0_0.png
processing: 1550612_21016_1_0.png
processing: 1550612_21015_1_0.png
  SKIPPING IMAGE: tot amount of vasculature (7979.2713) < quality threshold 
processing: 1550511_21016_0_0.png
  SKIPPING IMAGE: tot amount of vasculature (5724.5609) < quality threshold 
processing: 1550511_21015_0_0.png
  SKIPPING IMAGE: tot amount of vasculature (447.3819) < quality threshold 
processing: 1550478_21016_1_0.png
processing: 1550478_21015_1_0.png
processing: 1550454_21016_0_0.png
  SKIPPING IMAGE: tot amount of vasculature (9738.2866) < quality threshold 
processing: 1550454_21015_0_0.png
  SKIPPING IMAGE: tot amount of vasculature (9652.4552) < quality threshold 
processing: 1550422_21016_1_0.png
  SKIPPING IMAGE: tot amount of vasculature (10805.0964) < quality threshold 
processing: 1550422_21015_1_0.png
processing: 1550292_21016_0_0.png
  SKIPPING IMAGE: tot amount of vasculature (3674.711) < quality threshold 
processing: 1550292_21015_0_0.png
  SKIPPING IMAGE: tot amount of vasculature (4385.0702) < quality threshold 
processing: 1550279_21016_0_0.png
processing: 1550279_21015_0_0.png
processing: 1550174_21016_0_0.png
  SKIPPING IMAGE: tot amount of vasculature (7216.4589) < quality threshold 
processing: 1550174_21015_0_0.png
  SKIPPING IMAGE: tot amount of vasculature (64.4293) < quality threshold 
processing: 1550125_21015_1_0.png
  SKIPPING IMAGE: tot amount of vasculature (2671.4133) < quality threshold 
processing: 1550107_21016_0_0.png
processing: 1550107_21015_0_0.png
processing: 1550082_21016_0_0.png
processing: 1550082_21015_0_0.png
processing: 1550066_21016_0_0.png
processing: 1550066_21015_0_0.png
processing: 1550015_21016_0_0.png
  SKIPPING IMAGE: tot amount of vasculature (6529.7758) < quality threshold 
processing: 1550015_21015_0_0.png
processing: 1549981_21016_0_0.png
processing: 1549981_21015_0_0.png
processing: 1549938_21016_0_0.png
processing: 1549938_21015_0_0.png
FINISHED: .mat files have been written to: /data/FAC/FBM/DBC/sbergman/retina/UKBiob/fundus/REVIEW//CLRIS/
execution time: 2813 sec
