------------------------------------------
Setting up environment variables
---
LD_LIBRARY_PATH is .:/software/Development/Languages/Matlab_Compiler_Runtime/96/runtime/glnxa64:/software/Development/Languages/Matlab_Compiler_Runtime/96/bin/glnxa64:/software/Development/Languages/Matlab_Compiler_Runtime/96/sys/os/glnxa64:/software/Development/Languages/Matlab_Compiler_Runtime/96/sys/opengl/lib/glnxa64
Running vessel measurements...
processing: 3216549_21016_0_0.png
  SKIPPING IMAGE: tot amount of vasculature (8496.528) < quality threshold 
processing: 3216549_21015_0_0.png
processing: 3216530_21016_0_0.png
processing: 3216530_21015_0_0.png
processing: 3216527_21016_0_0.png
processing: 3216527_21015_0_0.png
processing: 3216512_21016_0_0.png
  SKIPPING IMAGE: tot amount of vasculature (3093.1527) < quality threshold 
processing: 3216512_21015_0_0.png
  SKIPPING IMAGE: tot amount of vasculature (5125.4204) < quality threshold 
processing: 3216496_21016_1_0.png
  SKIPPING IMAGE: tot amount of vasculature (6984.2573) < quality threshold 
processing: 3216496_21016_0_0.png
processing: 3216496_21015_1_0.png
  SKIPPING IMAGE: tot amount of vasculature (6215.2792) < quality threshold 
processing: 3216496_21015_0_0.png
  SKIPPING IMAGE: tot amount of vasculature (3831.6304) < quality threshold 
processing: 3216450_21016_0_0.png
  SKIPPING IMAGE: tot amount of vasculature (7316.7546) < quality threshold 
processing: 3216450_21015_0_0.png
processing: 3216421_21016_1_0.png
  SKIPPING IMAGE: tot amount of vasculature (5962.9195) < quality threshold 
processing: 3216421_21015_1_0.png
processing: 3216418_21016_1_0.png
processing: 3216418_21015_1_0.png
processing: 3216392_21016_1_0.png
processing: 3216392_21015_1_0.png
processing: 3216291_21016_0_0.png
processing: 3216291_21015_0_0.png
  SKIPPING IMAGE: tot amount of vasculature (7788.5627) < quality threshold 
processing: 3216287_21016_0_0.png
processing: 3216287_21015_0_0.png
processing: 3216244_21016_0_0.png
processing: 3216244_21015_0_0.png
processing: 3216203_21016_0_0.png
processing: 3216203_21015_0_0.png
processing: 3216081_21016_0_0.png
processing: 3216081_21015_0_0.png
processing: 3216042_21016_0_0.png
  SKIPPING IMAGE: tot amount of vasculature (5476.8598) < quality threshold 
processing: 3216042_21015_0_0.png
processing: 3215962_21016_0_0.png
processing: 3215962_21015_0_0.png
processing: 3215939_21016_1_0.png
  SKIPPING IMAGE: tot amount of vasculature (5397.1434) < quality threshold 
processing: 3215939_21015_1_0.png
  SKIPPING IMAGE: tot amount of vasculature (27.5162) < quality threshold 
processing: 3215872_21016_0_0.png
processing: 3215872_21015_0_0.png
processing: 3215848_21016_0_0.png
processing: 3215848_21015_0_0.png
processing: 3215742_21016_0_0.png
processing: 3215742_21015_0_0.png
processing: 3215654_21016_0_0.png
processing: 3215654_21015_0_0.png
processing: 3215617_21016_0_1.png
  SKIPPING IMAGE: tot amount of vasculature (2098.0461) < quality threshold 
processing: 3215617_21016_0_0.png
  SKIPPING IMAGE: tot amount of vasculature (493.689) < quality threshold 
processing: 3215617_21015_0_1.png
  SKIPPING IMAGE: No vessels found
processing: 3215617_21015_0_0.png
  SKIPPING IMAGE: tot amount of vasculature (447.9492) < quality threshold 
processing: 3215600_21016_1_0.png
  SKIPPING IMAGE: tot amount of vasculature (5595.7409) < quality threshold 
processing: 3215600_21015_1_0.png
processing: 3215498_21016_0_0.png
  SKIPPING IMAGE: tot amount of vasculature (9486.4106) < quality threshold 
processing: 3215498_21015_0_0.png
processing: 3215283_21016_0_0.png
processing: 3215283_21015_0_0.png
processing: 3215211_21016_0_0.png
processing: 3215211_21015_0_0.png
processing: 3215209_21016_1_0.png
processing: 3215209_21015_1_0.png
processing: 3215195_21016_0_0.png
  SKIPPING IMAGE: tot amount of vasculature (8307.9741) < quality threshold 
processing: 3215195_21015_0_0.png
  SKIPPING IMAGE: tot amount of vasculature (6379.0523) < quality threshold 
processing: 3215120_21016_1_0.png
processing: 3215120_21015_1_0.png
processing: 3215102_21016_1_0.png
  SKIPPING IMAGE: tot amount of vasculature (3607.7864) < quality threshold 
processing: 3215102_21015_1_0.png
processing: 3215091_21016_0_0.png
processing: 3215091_21015_0_0.png
processing: 3215044_21016_0_0.png
processing: 3215044_21015_0_0.png
processing: 3214964_21016_0_0.png
processing: 3214964_21015_0_0.png
processing: 3214881_21016_0_0.png
processing: 3214881_21015_0_0.png
processing: 3214842_21016_0_0.png
processing: 3214842_21015_0_0.png
processing: 3214819_21016_0_0.png
processing: 3214819_21015_0_0.png
processing: 3214667_21016_1_0.png
processing: 3214667_21015_1_0.png
processing: 3214648_21016_0_0.png
processing: 3214648_21015_0_0.png
processing: 3214636_21016_0_0.png
processing: 3214636_21015_0_0.png
processing: 3214613_21016_0_0.png
processing: 3214613_21015_0_0.png
processing: 3214570_21016_0_0.png
  SKIPPING IMAGE: tot amount of vasculature (7645.5317) < quality threshold 
processing: 3214570_21015_0_0.png
  SKIPPING IMAGE: tot amount of vasculature (10064.6768) < quality threshold 
processing: 3214488_21016_1_0.png
processing: 3214488_21015_1_0.png
processing: 3214479_21016_0_0.png
processing: 3214479_21015_0_0.png
processing: 3214359_21016_0_0.png
processing: 3214359_21015_0_0.png
processing: 3214347_21016_0_0.png
  SKIPPING IMAGE: No vessels found
processing: 3214347_21015_0_0.png
  SKIPPING IMAGE: tot amount of vasculature (3336.8829) < quality threshold 
processing: 3214333_21016_1_0.png
processing: 3214333_21015_1_0.png
processing: 3214289_21016_0_0.png
processing: 3214289_21015_0_0.png
processing: 3214278_21016_0_0.png
processing: 3214278_21015_0_0.png
processing: 3214261_21016_0_0.png
processing: 3214261_21015_0_0.png
processing: 3214118_21016_0_0.png
processing: 3214118_21015_0_0.png
processing: 3214097_21016_0_0.png
processing: 3214097_21015_0_0.png
processing: 3214076_21016_0_0.png
processing: 3214076_21015_0_0.png
processing: 3214045_21016_1_0.png
  SKIPPING IMAGE: tot amount of vasculature (10597.4754) < quality threshold 
processing: 3214045_21015_1_0.png
processing: 3213896_21016_1_0.png
processing: 3213896_21015_1_0.png
processing: 3213784_21016_0_0.png
  SKIPPING IMAGE: tot amount of vasculature (10061.1015) < quality threshold 
processing: 3213784_21015_0_0.png
processing: 3213702_21016_0_0.png
  SKIPPING IMAGE: tot amount of vasculature (482.7543) < quality threshold 
processing: 3213702_21015_0_0.png
  SKIPPING IMAGE: tot amount of vasculature (425.2238) < quality threshold 
processing: 3213664_21016_0_0.png
processing: 3213664_21015_0_0.png
processing: 3213651_21016_0_0.png
processing: 3213651_21015_0_0.png
processing: 3213560_21016_1_0.png
  SKIPPING IMAGE: tot amount of vasculature (918.5855) < quality threshold 
processing: 3213560_21015_1_0.png
  SKIPPING IMAGE: tot amount of vasculature (4485.6164) < quality threshold 
processing: 3213478_21016_1_0.png
processing: 3213478_21015_1_0.png
processing: 3213422_21016_0_0.png
processing: 3213422_21015_0_0.png
processing: 3213358_21016_0_0.png
  SKIPPING IMAGE: tot amount of vasculature (5863.9552) < quality threshold 
processing: 3213358_21015_0_0.png
  SKIPPING IMAGE: tot amount of vasculature (3147.455) < quality threshold 
processing: 3213344_21016_0_0.png
processing: 3213344_21015_0_0.png
processing: 3213332_21016_0_0.png
processing: 3213332_21015_0_0.png
  SKIPPING IMAGE: tot amount of vasculature (9053.3538) < quality threshold 
processing: 3213310_21016_0_0.png
