------------------------------------------
Setting up environment variables
---
LD_LIBRARY_PATH is .:/software/Development/Languages/Matlab_Compiler_Runtime/96/runtime/glnxa64:/software/Development/Languages/Matlab_Compiler_Runtime/96/bin/glnxa64:/software/Development/Languages/Matlab_Compiler_Runtime/96/sys/os/glnxa64:/software/Development/Languages/Matlab_Compiler_Runtime/96/sys/opengl/lib/glnxa64
Running vessel measurements...
processing: 5565631_21015_0_0.png
  SKIPPING IMAGE: tot amount of vasculature (6882.6208) < quality threshold 
processing: 5565455_21016_0_0.png
  SKIPPING IMAGE: tot amount of vasculature (4589.4443) < quality threshold 
processing: 5565455_21015_0_0.png
  SKIPPING IMAGE: tot amount of vasculature (9323.2005) < quality threshold 
processing: 5565448_21016_1_0.png
processing: 5565448_21015_1_0.png
  SKIPPING IMAGE: tot amount of vasculature (6538.8068) < quality threshold 
processing: 5565413_21016_1_0.png
processing: 5565413_21015_1_0.png
processing: 5565345_21016_0_0.png
processing: 5565345_21015_0_0.png
  SKIPPING IMAGE: tot amount of vasculature (10007.686) < quality threshold 
processing: 5565282_21016_0_0.png
processing: 5565282_21015_0_0.png
processing: 5565175_21016_1_0.png
  SKIPPING IMAGE: tot amount of vasculature (4907.3566) < quality threshold 
processing: 5565175_21016_0_0.png
processing: 5565175_21015_1_0.png
  SKIPPING IMAGE: tot amount of vasculature (3214.7428) < quality threshold 
processing: 5565175_21015_0_0.png
processing: 5565068_21016_0_0.png
processing: 5565068_21015_0_0.png
processing: 5565033_21016_0_0.png
processing: 5565033_21015_0_0.png
  SKIPPING IMAGE: tot amount of vasculature (5100.7514) < quality threshold 
processing: 5565016_21016_0_0.png
processing: 5565016_21015_0_0.png
processing: 5565002_21016_0_0.png
processing: 5565002_21015_0_0.png
processing: 5564955_21016_0_0.png
processing: 5564955_21015_0_0.png
processing: 5564795_21016_0_0.png
processing: 5564795_21015_0_0.png
processing: 5564768_21016_0_0.png
processing: 5564768_21015_0_0.png
  SKIPPING IMAGE: tot amount of vasculature (9822.8886) < quality threshold 
processing: 5564733_21016_0_0.png
processing: 5564733_21015_0_0.png
processing: 5564698_21016_0_0.png
  SKIPPING IMAGE: tot amount of vasculature (8199.0117) < quality threshold 
processing: 5564698_21015_0_0.png
  SKIPPING IMAGE: tot amount of vasculature (6957.9974) < quality threshold 
processing: 5564686_21016_1_0.png
processing: 5564686_21015_1_0.png
processing: 5564478_21016_0_0.png
  SKIPPING IMAGE: tot amount of vasculature (6484.062) < quality threshold 
processing: 5564478_21015_0_0.png
processing: 5564435_21016_0_0.png
processing: 5564435_21015_0_0.png
processing: 5564391_21016_0_0.png
processing: 5564391_21015_0_0.png
processing: 5564344_21016_0_0.png
processing: 5564344_21015_0_0.png
processing: 5564332_21016_0_0.png
processing: 5564332_21015_0_0.png
processing: 5564326_21016_0_0.png
processing: 5564326_21015_0_0.png
processing: 5564292_21016_0_0.png
processing: 5564292_21015_0_0.png
processing: 5564265_21016_0_0.png
processing: 5564265_21015_0_0.png
processing: 5564107_21016_0_0.png
processing: 5564107_21015_0_0.png
processing: 5564094_21016_0_0.png
processing: 5564094_21015_0_0.png
processing: 5564070_21016_1_0.png
processing: 5564070_21015_1_0.png
processing: 5564053_21016_0_0.png
processing: 5564053_21015_0_0.png
processing: 5563951_21016_0_0.png
processing: 5563951_21015_0_0.png
processing: 5563930_21016_0_0.png
  SKIPPING IMAGE: tot amount of vasculature (7549.4586) < quality threshold 
processing: 5563930_21015_0_0.png
processing: 5563856_21016_0_0.png
processing: 5563856_21015_0_0.png
processing: 5563807_21016_1_0.png
processing: 5563807_21015_1_0.png
  SKIPPING IMAGE: tot amount of vasculature (7701.3103) < quality threshold 
processing: 5563648_21016_0_0.png
processing: 5563648_21015_0_0.png
processing: 5563624_21016_1_0.png
processing: 5563624_21015_1_0.png
processing: 5563570_21016_0_0.png
processing: 5563570_21015_0_0.png
processing: 5563515_21016_0_0.png
processing: 5563515_21015_0_0.png
processing: 5563465_21016_0_0.png
  SKIPPING IMAGE: tot amount of vasculature (7534.8299) < quality threshold 
processing: 5563465_21015_0_0.png
processing: 5563440_21016_0_0.png
  SKIPPING IMAGE: tot amount of vasculature (9079.866) < quality threshold 
processing: 5563440_21015_0_0.png
  SKIPPING IMAGE: tot amount of vasculature (2535.2069) < quality threshold 
processing: 5563423_21016_0_0.png
processing: 5563423_21015_0_0.png
processing: 5563162_21016_0_0.png
  SKIPPING IMAGE: tot amount of vasculature (6124.078) < quality threshold 
processing: 5563162_21015_0_0.png
processing: 5563060_21016_0_0.png
processing: 5563060_21015_0_0.png
processing: 5562993_21016_0_0.png
  SKIPPING IMAGE: tot amount of vasculature (9181.6754) < quality threshold 
processing: 5562993_21015_0_0.png
  SKIPPING IMAGE: tot amount of vasculature (3582.5775) < quality threshold 
processing: 5562961_21016_0_0.png
processing: 5562961_21015_0_0.png
processing: 5562859_21016_0_0.png
processing: 5562859_21015_0_0.png
  SKIPPING IMAGE: tot amount of vasculature (10166.671) < quality threshold 
processing: 5562621_21016_1_0.png
processing: 5562621_21015_1_0.png
processing: 5562575_21016_0_0.png
processing: 5562575_21015_0_0.png
processing: 5562532_21016_0_0.png
processing: 5562532_21015_0_0.png
processing: 5562503_21016_0_0.png
  SKIPPING IMAGE: tot amount of vasculature (7542.9949) < quality threshold 
processing: 5562503_21015_0_0.png
  SKIPPING IMAGE: tot amount of vasculature (5612.5118) < quality threshold 
processing: 5562428_21016_1_0.png
  SKIPPING IMAGE: tot amount of vasculature (3735.0377) < quality threshold 
processing: 5562428_21016_0_0.png
  SKIPPING IMAGE: tot amount of vasculature (10716.1653) < quality threshold 
processing: 5562428_21015_1_0.png
processing: 5562428_21015_0_0.png
processing: 5562325_21016_0_0.png
processing: 5562325_21015_0_0.png
processing: 5562286_21016_0_0.png
processing: 5562286_21015_0_0.png
  SKIPPING IMAGE: tot amount of vasculature (9861.6222) < quality threshold 
processing: 5562249_21016_0_0.png
processing: 5562249_21015_0_0.png
processing: 5562205_21016_1_0.png
processing: 5562205_21015_1_0.png
processing: 5561982_21016_1_0.png
processing: 5561982_21015_1_0.png
processing: 5561883_21016_0_0.png
processing: 5561883_21015_0_0.png
processing: 5561852_21016_0_0.png
processing: 5561852_21015_0_0.png
  SKIPPING IMAGE: tot amount of vasculature (5018.9814) < quality threshold 
processing: 5561811_21016_0_0.png
processing: 5561811_21015_0_0.png
processing: 5561809_21016_0_0.png
processing: 5561809_21015_0_0.png
processing: 5561746_21016_0_0.png
  SKIPPING IMAGE: tot amount of vasculature (10503.6361) < quality threshold 
processing: 5561746_21015_0_0.png
  SKIPPING IMAGE: tot amount of vasculature (10491.0596) < quality threshold 
processing: 5561722_21016_1_0.png
  SKIPPING IMAGE: tot amount of vasculature (4691.9862) < quality threshold 
processing: 5561722_21016_0_0.png
processing: 5561722_21015_1_0.png
  SKIPPING IMAGE: tot amount of vasculature (6471.5438) < quality threshold 
processing: 5561722_21015_0_0.png
processing: 5561700_21016_0_0.png
processing: 5561700_21015_0_0.png
processing: 5561675_21016_1_0.png
  SKIPPING IMAGE: tot amount of vasculature (8460.7253) < quality threshold 
processing: 5561675_21015_1_0.png
processing: 5561610_21016_0_0.png
processing: 5561610_21015_0_0.png
processing: 5561596_21016_0_0.png
processing: 5561596_21015_0_0.png
processing: 5561521_21016_0_0.png
processing: 5561521_21015_0_0.png
processing: 5561433_21016_0_0.png
  SKIPPING IMAGE: tot amount of vasculature (10801.9051) < quality threshold 
processing: 5561433_21015_0_0.png
  SKIPPING IMAGE: tot amount of vasculature (6533.7238) < quality threshold 
processing: 5561364_21016_0_0.png
processing: 5561364_21015_0_0.png
processing: 5561330_21016_0_0.png
processing: 5561330_21015_0_0.png
processing: 5561274_21016_0_0.png
processing: 5561274_21015_0_0.png
  SKIPPING IMAGE: tot amount of vasculature (10725.6355) < quality threshold 
processing: 5561242_21016_1_0.png
processing: 5561242_21015_1_0.png
processing: 5561238_21016_1_0.png
processing: 5561238_21015_1_0.png
  SKIPPING IMAGE: tot amount of vasculature (3242.5007) < quality threshold 
processing: 5561207_21016_0_0.png
processing: 5561207_21015_0_0.png
processing: 5561114_21016_0_0.png
processing: 5561114_21015_0_0.png
processing: 5561099_21016_0_0.png
  SKIPPING IMAGE: tot amount of vasculature (5669.5638) < quality threshold 
processing: 5561099_21015_0_0.png
  SKIPPING IMAGE: tot amount of vasculature (3173.6761) < quality threshold 
processing: 5561067_21016_0_0.png
processing: 5561067_21015_0_0.png
processing: 5560995_21016_0_0.png
  SKIPPING IMAGE: tot amount of vasculature (82.3651) < quality threshold 
processing: 5560995_21015_0_0.png
  SKIPPING IMAGE: tot amount of vasculature (3397.1678) < quality threshold 
processing: 5560971_21016_0_0.png
processing: 5560971_21015_0_0.png
processing: 5560799_21016_0_0.png
processing: 5560799_21015_0_0.png
  SKIPPING IMAGE: tot amount of vasculature (9906.8453) < quality threshold 
processing: 5560755_21016_1_0.png
  SKIPPING IMAGE: tot amount of vasculature (7759.7754) < quality threshold 
processing: 5560755_21015_1_0.png
  SKIPPING IMAGE: tot amount of vasculature (8615.29) < quality threshold 
processing: 5560683_21016_0_0.png
  SKIPPING IMAGE: tot amount of vasculature (9514.1204) < quality threshold 
processing: 5560683_21015_0_0.png
  SKIPPING IMAGE: tot amount of vasculature (5096.9518) < quality threshold 
processing: 5560652_21016_0_0.png
processing: 5560652_21015_0_0.png
processing: 5560573_21016_1_0.png
processing: 5560573_21015_1_0.png
processing: 5560512_21016_1_0.png
processing: 5560512_21015_1_0.png
processing: 5560485_21016_1_0.png
processing: 5560485_21015_1_0.png
processing: 5560462_21016_0_0.png
  SKIPPING IMAGE: tot amount of vasculature (6297.4547) < quality threshold 
processing: 5560462_21015_0_0.png
  SKIPPING IMAGE: tot amount of vasculature (835.3852) < quality threshold 
processing: 5560443_21016_0_0.png
processing: 5560443_21015_0_0.png
processing: 5560392_21016_1_0.png
processing: 5560392_21015_1_0.png
processing: 5560194_21016_0_0.png
  SKIPPING IMAGE: tot amount of vasculature (9300.7399) < quality threshold 
processing: 5560194_21015_0_0.png
  SKIPPING IMAGE: tot amount of vasculature (7467.4179) < quality threshold 
processing: 5560182_21016_0_0.png
processing: 5560182_21015_0_0.png
processing: 5560170_21016_0_0.png
  SKIPPING IMAGE: tot amount of vasculature (6420.1317) < quality threshold 
processing: 5560170_21015_0_0.png
  SKIPPING IMAGE: tot amount of vasculature (614.546) < quality threshold 
processing: 5560166_21016_0_0.png
processing: 5560166_21015_0_0.png
  SKIPPING IMAGE: tot amount of vasculature (9685.8329) < quality threshold 
processing: 5560129_21016_0_0.png
processing: 5560129_21015_0_0.png
processing: 5560115_21016_0_0.png
processing: 5560115_21015_0_0.png
processing: 5560063_21016_0_0.png
  SKIPPING IMAGE: tot amount of vasculature (3701.9082) < quality threshold 
processing: 5560063_21015_0_0.png
  SKIPPING IMAGE: tot amount of vasculature (8124.7637) < quality threshold 
processing: 5560038_21016_1_0.png
  SKIPPING IMAGE: tot amount of vasculature (6960.6224) < quality threshold 
processing: 5560038_21015_1_0.png
processing: 5559937_21016_0_0.png
  SKIPPING IMAGE: tot amount of vasculature (5923.5316) < quality threshold 
processing: 5559937_21015_0_0.png
  SKIPPING IMAGE: tot amount of vasculature (2231.2147) < quality threshold 
processing: 5559897_21016_0_0.png
processing: 5559897_21015_0_0.png
processing: 5559883_21016_0_0.png
  SKIPPING IMAGE: tot amount of vasculature (8161.0046) < quality threshold 
processing: 5559883_21015_0_0.png
processing: 5559845_21016_0_0.png
processing: 5559845_21015_0_0.png
processing: 5559735_21016_0_0.png
processing: 5559735_21015_0_0.png
processing: 5559687_21016_1_0.png
processing: 5559687_21015_1_0.png
processing: 5559521_21016_0_0.png
  SKIPPING IMAGE: tot amount of vasculature (7507.4437) < quality threshold 
processing: 5559521_21015_0_0.png
processing: 5559504_21016_0_0.png
processing: 5559504_21015_0_0.png
processing: 5559312_21016_0_0.png
processing: 5559312_21015_0_0.png
processing: 5559305_21016_0_0.png
processing: 5559305_21015_0_0.png
processing: 5559290_21016_0_0.png
processing: 5559290_21015_0_0.png
processing: 5559157_21016_0_0.png
processing: 5559157_21015_0_0.png
processing: 5559036_21016_0_0.png
processing: 5559036_21015_0_0.png
processing: 5558974_21016_1_0.png
processing: 5558974_21015_1_0.png
processing: 5558785_21016_0_0.png
processing: 5558785_21015_0_0.png
processing: 5558614_21016_0_0.png
processing: 5558614_21015_0_0.png
processing: 5558480_21016_0_0.png
  SKIPPING IMAGE: tot amount of vasculature (46.6691) < quality threshold 
processing: 5558480_21015_0_0.png
  SKIPPING IMAGE: tot amount of vasculature (9499.848) < quality threshold 
processing: 5558436_21016_0_0.png
processing: 5558436_21015_0_0.png
processing: 5558413_21016_1_0.png
processing: 5558413_21015_1_0.png
  SKIPPING IMAGE: tot amount of vasculature (9704.7003) < quality threshold 
processing: 5558282_21016_0_0.png
processing: 5558282_21015_0_0.png
processing: 5558110_21016_0_0.png
processing: 5558110_21015_0_0.png
processing: 5558071_21016_0_0.png
processing: 5558071_21015_0_0.png
processing: 5558059_21016_0_0.png
processing: 5558059_21015_0_0.png
processing: 5558033_21016_1_0.png
  SKIPPING IMAGE: tot amount of vasculature (133.9288) < quality threshold 
processing: 5558033_21015_1_0.png
processing: 5557977_21016_0_0.png
processing: 5557977_21015_0_0.png
processing: 5557962_21016_0_0.png
processing: 5557962_21015_0_0.png
processing: 5557950_21016_0_0.png
  SKIPPING IMAGE: tot amount of vasculature (17.8553) < quality threshold 
processing: 5557950_21015_0_0.png
  SKIPPING IMAGE: No vessels found
processing: 5557880_21016_0_0.png
  SKIPPING IMAGE: tot amount of vasculature (9066.9376) < quality threshold 
processing: 5557880_21015_0_0.png
  SKIPPING IMAGE: tot amount of vasculature (8436.4338) < quality threshold 
processing: 5557756_21016_0_0.png
processing: 5557693_21016_0_0.png
processing: 5557693_21015_0_0.png
processing: 5557689_21016_0_0.png
  SKIPPING IMAGE: tot amount of vasculature (4794.3185) < quality threshold 
processing: 5557689_21015_0_0.png
  SKIPPING IMAGE: tot amount of vasculature (4649.7302) < quality threshold 
processing: 5557661_21016_1_0.png
processing: 5557661_21016_0_0.png
processing: 5557661_21015_1_0.png
processing: 5557661_21015_0_0.png
processing: 5557617_21015_1_0.png
processing: 5557600_21016_0_0.png
processing: 5557600_21015_0_0.png
processing: 5557592_21016_0_0.png
processing: 5557592_21015_0_0.png
processing: 5557523_21016_1_0.png
  SKIPPING IMAGE: tot amount of vasculature (99.4185) < quality threshold 
processing: 5557523_21015_1_0.png
  SKIPPING IMAGE: tot amount of vasculature (2314.2896) < quality threshold 
processing: 5557451_21016_0_0.png
processing: 5557451_21015_0_0.png
  SKIPPING IMAGE: tot amount of vasculature (9581.8306) < quality threshold 
processing: 5557430_21016_1_0.png
  SKIPPING IMAGE: tot amount of vasculature (3220.7992) < quality threshold 
processing: 5557430_21015_1_0.png
  SKIPPING IMAGE: tot amount of vasculature (3956.9165) < quality threshold 
processing: 5557032_21016_0_0.png
processing: 5557032_21015_0_0.png
processing: 5556999_21016_0_0.png
processing: 5556999_21015_0_0.png
processing: 5556877_21016_0_0.png
  SKIPPING IMAGE: tot amount of vasculature (7909.0228) < quality threshold 
processing: 5556877_21015_0_0.png
  SKIPPING IMAGE: tot amount of vasculature (7686.6344) < quality threshold 
processing: 5556862_21016_0_0.png
  SKIPPING IMAGE: tot amount of vasculature (2685.0399) < quality threshold 
processing: 5556862_21015_0_0.png
  SKIPPING IMAGE: tot amount of vasculature (2955.497) < quality threshold 
processing: 5556747_21016_1_0.png
processing: 5556747_21016_0_0.png
processing: 5556747_21015_1_0.png
processing: 5556747_21015_0_0.png
processing: 5556664_21016_0_0.png
processing: 5556664_21015_0_0.png
processing: 5556649_21016_0_0.png
processing: 5556649_21015_0_0.png
processing: 5556630_21016_0_0.png
processing: 5556630_21015_0_0.png
processing: 5556552_21016_0_0.png
processing: 5556552_21015_0_0.png
processing: 5556369_21016_1_0.png
processing: 5556369_21015_1_0.png
processing: 5556279_21016_0_0.png
processing: 5556279_21015_0_0.png
processing: 5556240_21016_0_0.png
processing: 5556240_21015_0_0.png
processing: 5556223_21016_0_0.png
  SKIPPING IMAGE: tot amount of vasculature (10086.9274) < quality threshold 
FINISHED: .mat files have been written to: /data/FAC/FBM/DBC/sbergman/retina/UKBiob/fundus/REVIEW//CLRIS/
execution time: 1726 sec
