------------------------------------------
Setting up environment variables
---
LD_LIBRARY_PATH is .:/software/Development/Languages/Matlab_Compiler_Runtime/96/runtime/glnxa64:/software/Development/Languages/Matlab_Compiler_Runtime/96/bin/glnxa64:/software/Development/Languages/Matlab_Compiler_Runtime/96/sys/os/glnxa64:/software/Development/Languages/Matlab_Compiler_Runtime/96/sys/opengl/lib/glnxa64
Running vessel measurements...
processing: 5908826_21015_0_0.png
processing: 5908803_21016_0_0.png
  SKIPPING IMAGE: tot amount of vasculature (10604.6013) < quality threshold 
processing: 5908803_21015_0_0.png
processing: 5908711_21016_0_0.png
  SKIPPING IMAGE: tot amount of vasculature (8026.4732) < quality threshold 
processing: 5908711_21015_0_0.png
  SKIPPING IMAGE: tot amount of vasculature (8186.9774) < quality threshold 
processing: 5908674_21016_1_0.png
processing: 5908674_21015_1_0.png
processing: 5908656_21016_1_0.png
  SKIPPING IMAGE: tot amount of vasculature (5174.0423) < quality threshold 
processing: 5908656_21015_1_0.png
  SKIPPING IMAGE: tot amount of vasculature (3389.3825) < quality threshold 
processing: 5908638_21016_1_0.png
processing: 5908638_21016_0_0.png
processing: 5908638_21015_1_0.png
processing: 5908638_21015_0_0.png
processing: 5908619_21016_0_0.png
processing: 5908619_21015_0_0.png
processing: 5908571_21016_0_0.png
processing: 5908571_21015_0_0.png
processing: 5908470_21016_0_0.png
processing: 5908470_21015_0_0.png
  SKIPPING IMAGE: tot amount of vasculature (8460.1741) < quality threshold 
processing: 5908408_21016_0_0.png
processing: 5908408_21015_0_0.png
processing: 5908385_21016_0_0.png
  SKIPPING IMAGE: tot amount of vasculature (5774.9542) < quality threshold 
processing: 5908385_21015_0_0.png
  SKIPPING IMAGE: tot amount of vasculature (3177.9542) < quality threshold 
processing: 5908377_21016_1_0.png
processing: 5908377_21015_1_0.png
processing: 5908321_21016_0_0.png
processing: 5908321_21015_0_0.png
processing: 5908304_21016_0_0.png
  SKIPPING IMAGE: tot amount of vasculature (3394.3001) < quality threshold 
processing: 5908304_21015_0_0.png
  SKIPPING IMAGE: tot amount of vasculature (9686.6052) < quality threshold 
processing: 5908089_21016_0_0.png
processing: 5908089_21015_0_0.png
processing: 5908078_21016_0_0.png
  SKIPPING IMAGE: tot amount of vasculature (9628.9591) < quality threshold 
processing: 5908078_21015_0_0.png
  SKIPPING IMAGE: tot amount of vasculature (4403.1752) < quality threshold 
processing: 5908022_21016_0_0.png
  SKIPPING IMAGE: tot amount of vasculature (9222.1385) < quality threshold 
processing: 5908022_21015_0_0.png
processing: 5907960_21016_0_0.png
processing: 5907960_21015_0_0.png
  SKIPPING IMAGE: tot amount of vasculature (6049.8035) < quality threshold 
processing: 5907894_21016_0_0.png
processing: 5907894_21015_0_0.png
  SKIPPING IMAGE: tot amount of vasculature (9478.9671) < quality threshold 
processing: 5907870_21016_0_0.png
  SKIPPING IMAGE: tot amount of vasculature (118.9931) < quality threshold 
processing: 5907870_21015_0_0.png
  SKIPPING IMAGE: tot amount of vasculature (10351.5987) < quality threshold 
processing: 5907765_21016_0_0.png
processing: 5907765_21015_0_0.png
processing: 5907684_21016_0_0.png
processing: 5907684_21015_0_0.png
processing: 5907647_21016_0_0.png
processing: 5907647_21015_0_0.png
processing: 5907574_21016_0_0.png
processing: 5907574_21015_0_0.png
processing: 5907556_21016_0_0.png
processing: 5907556_21015_0_0.png
processing: 5907542_21016_1_0.png
  SKIPPING IMAGE: tot amount of vasculature (8111.5194) < quality threshold 
processing: 5907542_21015_1_0.png
processing: 5907519_21016_0_0.png
processing: 5907519_21015_0_0.png
processing: 5907507_21016_0_0.png
processing: 5907507_21015_0_0.png
processing: 5907313_21016_1_0.png
  SKIPPING IMAGE: tot amount of vasculature (5521.1447) < quality threshold 
processing: 5907313_21015_1_0.png
  SKIPPING IMAGE: tot amount of vasculature (6598.5341) < quality threshold 
processing: 5907178_21016_0_0.png
processing: 5907178_21015_0_0.png
processing: 5907135_21016_1_0.png
processing: 5907135_21016_0_0.png
processing: 5907135_21015_1_0.png
processing: 5907135_21015_0_0.png
processing: 5907100_21016_0_0.png
  SKIPPING IMAGE: tot amount of vasculature (8721.1067) < quality threshold 
processing: 5907100_21015_0_0.png
  SKIPPING IMAGE: tot amount of vasculature (6362.7592) < quality threshold 
processing: 5907064_21016_0_0.png
processing: 5907064_21015_0_0.png
processing: 5906966_21016_0_0.png
processing: 5906966_21015_0_0.png
processing: 5906941_21016_0_0.png
processing: 5906941_21015_0_0.png
processing: 5906834_21016_1_0.png
  SKIPPING IMAGE: tot amount of vasculature (7957.5634) < quality threshold 
processing: 5906834_21015_1_0.png
  SKIPPING IMAGE: tot amount of vasculature (9955.5996) < quality threshold 
processing: 5906778_21016_0_0.png
  SKIPPING IMAGE: tot amount of vasculature (9114.8497) < quality threshold 
processing: 5906778_21015_0_0.png
  SKIPPING IMAGE: tot amount of vasculature (8163.0975) < quality threshold 
processing: 5906722_21016_0_0.png
processing: 5906722_21015_0_0.png
processing: 5906691_21016_0_0.png
  SKIPPING IMAGE: tot amount of vasculature (5400.7668) < quality threshold 
processing: 5906691_21015_0_0.png
  SKIPPING IMAGE: tot amount of vasculature (4411.1066) < quality threshold 
processing: 5906644_21016_0_0.png
processing: 5906644_21015_0_0.png
processing: 5906626_21016_0_0.png
processing: 5906626_21015_0_0.png
processing: 5906562_21016_0_0.png
processing: 5906562_21015_0_0.png
processing: 5906543_21016_0_0.png
processing: 5906543_21015_0_0.png
processing: 5906484_21016_0_0.png
processing: 5906484_21015_0_0.png
  SKIPPING IMAGE: tot amount of vasculature (10440.8281) < quality threshold 
processing: 5906471_21015_1_0.png
  SKIPPING IMAGE: tot amount of vasculature (1762.9993) < quality threshold 
processing: 5906459_21016_0_0.png
  SKIPPING IMAGE: tot amount of vasculature (9351.825) < quality threshold 
processing: 5906459_21015_0_0.png
  SKIPPING IMAGE: tot amount of vasculature (5473.1993) < quality threshold 
processing: 5906416_21016_1_0.png
  SKIPPING IMAGE: tot amount of vasculature (9106.9276) < quality threshold 
processing: 5906416_21015_1_0.png
  SKIPPING IMAGE: tot amount of vasculature (9133.4112) < quality threshold 
processing: 5906349_21016_0_0.png
  SKIPPING IMAGE: tot amount of vasculature (9900.3404) < quality threshold 
processing: 5906349_21015_0_0.png
  SKIPPING IMAGE: tot amount of vasculature (7136.6497) < quality threshold 
processing: 5906327_21016_0_0.png
  SKIPPING IMAGE: tot amount of vasculature (5596.6182) < quality threshold 
processing: 5906305_21016_0_0.png
processing: 5906305_21015_0_0.png
  SKIPPING IMAGE: tot amount of vasculature (10024.23) < quality threshold 
processing: 5906281_21016_1_0.png
processing: 5906281_21015_1_0.png
processing: 5906263_21016_0_0.png
processing: 5906263_21015_0_0.png
processing: 5906072_21016_0_0.png
processing: 5906072_21015_0_0.png
processing: 5905947_21016_1_0.png
  SKIPPING IMAGE: tot amount of vasculature (7466.3982) < quality threshold 
processing: 5905947_21015_1_0.png
processing: 5905736_21016_1_0.png
  SKIPPING IMAGE: tot amount of vasculature (4470.3575) < quality threshold 
processing: 5905736_21015_1_0.png
  SKIPPING IMAGE: tot amount of vasculature (1144.1488) < quality threshold 
processing: 5905697_21016_1_0.png
processing: 5905697_21015_1_0.png
processing: 5905611_21016_1_0.png
processing: 5905611_21015_1_0.png
processing: 5905549_21016_0_0.png
processing: 5905549_21015_0_0.png
processing: 5905450_21016_0_0.png
processing: 5905450_21015_0_0.png
processing: 5905379_21016_0_0.png
processing: 5905379_21015_0_0.png
processing: 5905331_21016_0_0.png
processing: 5905331_21015_0_0.png
processing: 5905291_21016_0_0.png
processing: 5905291_21015_0_0.png
processing: 5905232_21016_0_0.png
processing: 5905232_21015_0_0.png
  SKIPPING IMAGE: tot amount of vasculature (5206.3124) < quality threshold 
processing: 5905182_21016_0_0.png
processing: 5905182_21015_0_0.png
processing: 5905056_21016_1_0.png
processing: 5905056_21015_1_0.png
  SKIPPING IMAGE: tot amount of vasculature (2475.6428) < quality threshold 
processing: 5904921_21016_0_0.png
processing: 5904921_21015_0_0.png
processing: 5904918_21016_0_0.png
processing: 5904918_21015_0_0.png
processing: 5904880_21016_0_0.png
processing: 5904880_21015_0_0.png
processing: 5904848_21016_0_0.png
  SKIPPING IMAGE: tot amount of vasculature (6253.8461) < quality threshold 
processing: 5904848_21015_0_0.png
  SKIPPING IMAGE: tot amount of vasculature (6641.9474) < quality threshold 
processing: 5904824_21016_1_0.png
processing: 5904824_21016_0_0.png
processing: 5904824_21015_1_0.png
processing: 5904824_21015_0_0.png
processing: 5904781_21016_0_0.png
processing: 5904781_21015_0_0.png
processing: 5904678_21016_0_0.png
processing: 5904678_21015_0_0.png
processing: 5904661_21016_0_0.png
processing: 5904661_21015_0_0.png
processing: 5904523_21016_0_0.png
processing: 5904523_21015_0_0.png
  SKIPPING IMAGE: tot amount of vasculature (3740.6794) < quality threshold 
processing: 5904506_21016_0_0.png
processing: 5904506_21015_0_0.png
processing: 5904486_21016_1_0.png
  SKIPPING IMAGE: tot amount of vasculature (0.82201) < quality threshold 
processing: 5904486_21016_0_0.png
  SKIPPING IMAGE: tot amount of vasculature (7151.6601) < quality threshold 
processing: 5904486_21015_1_0.png
  SKIPPING IMAGE: tot amount of vasculature (2156.0567) < quality threshold 
processing: 5904486_21015_0_0.png
  SKIPPING IMAGE: tot amount of vasculature (2338.2799) < quality threshold 
processing: 5904382_21016_0_0.png
processing: 5904382_21015_0_0.png
processing: 5904329_21016_0_0.png
  SKIPPING IMAGE: tot amount of vasculature (1987.1742) < quality threshold 
processing: 5904329_21015_0_0.png
  SKIPPING IMAGE: tot amount of vasculature (3177.695) < quality threshold 
processing: 5904276_21016_1_0.png
processing: 5904276_21015_1_0.png
processing: 5904171_21016_1_0.png
  SKIPPING IMAGE: tot amount of vasculature (10286.1122) < quality threshold 
processing: 5904171_21015_1_0.png
  SKIPPING IMAGE: tot amount of vasculature (9777.1783) < quality threshold 
processing: 5904010_21016_1_0.png
processing: 5904010_21015_1_0.png
processing: 5903917_21016_1_0.png
processing: 5903917_21015_1_0.png
processing: 5903558_21016_1_0.png
  SKIPPING IMAGE: tot amount of vasculature (8182.5937) < quality threshold 
processing: 5903558_21015_1_0.png
processing: 5903526_21016_1_0.png
  SKIPPING IMAGE: tot amount of vasculature (7336.5628) < quality threshold 
processing: 5903526_21015_1_0.png
  SKIPPING IMAGE: tot amount of vasculature (3397.5082) < quality threshold 
processing: 5903497_21016_0_0.png
processing: 5903497_21015_0_0.png
processing: 5903445_21016_0_0.png
processing: 5903445_21015_0_0.png
processing: 5903390_21016_1_0.png
processing: 5903390_21016_0_0.png
processing: 5903390_21015_1_0.png
processing: 5903390_21015_0_0.png
processing: 5903381_21016_0_0.png
processing: 5903381_21015_0_0.png
  SKIPPING IMAGE: tot amount of vasculature (10666.9875) < quality threshold 
processing: 5903325_21016_0_0.png
processing: 5903325_21015_0_0.png
processing: 5903319_21016_0_0.png
  SKIPPING IMAGE: tot amount of vasculature (1713.0283) < quality threshold 
processing: 5903172_21016_0_0.png
processing: 5903172_21015_0_0.png
processing: 5903155_21016_0_0.png
  SKIPPING IMAGE: tot amount of vasculature (5269.2874) < quality threshold 
processing: 5903155_21015_0_0.png
processing: 5903148_21016_0_0.png
  SKIPPING IMAGE: tot amount of vasculature (6941.6576) < quality threshold 
processing: 5903148_21015_0_0.png
  SKIPPING IMAGE: tot amount of vasculature (8503.5384) < quality threshold 
processing: 5903101_21016_1_0.png
  SKIPPING IMAGE: tot amount of vasculature (1850.9377) < quality threshold 
processing: 5903101_21015_1_0.png
processing: 5903065_21016_0_0.png
processing: 5903065_21015_0_0.png
processing: 5903031_21016_0_0.png
processing: 5903031_21015_0_0.png
processing: 5903006_21016_0_0.png
processing: 5903006_21015_0_0.png
processing: 5902998_21016_1_0.png
processing: 5902905_21016_0_0.png
processing: 5902905_21015_0_0.png
processing: 5902890_21016_0_0.png
processing: 5902890_21015_0_0.png
processing: 5902874_21016_0_0.png
processing: 5902874_21015_0_0.png
processing: 5902863_21016_1_0.png
processing: 5902863_21015_1_0.png
processing: 5902807_21016_0_0.png
processing: 5902807_21015_0_0.png
processing: 5902787_21016_0_0.png
processing: 5902787_21015_0_0.png
processing: 5902775_21016_0_0.png
processing: 5902775_21015_0_0.png
processing: 5902769_21016_0_0.png
processing: 5902769_21015_0_0.png
processing: 5902703_21016_0_0.png
processing: 5902703_21015_0_0.png
processing: 5902601_21016_0_0.png
processing: 5902601_21015_0_0.png
processing: 5902594_21016_0_0.png
processing: 5902594_21015_0_0.png
processing: 5902582_21016_0_0.png
  SKIPPING IMAGE: tot amount of vasculature (7032.2677) < quality threshold 
processing: 5902582_21015_0_0.png
  SKIPPING IMAGE: tot amount of vasculature (1771.3287) < quality threshold 
processing: 5902529_21016_0_0.png
  SKIPPING IMAGE: tot amount of vasculature (7299.4803) < quality threshold 
processing: 5902529_21015_0_0.png
  SKIPPING IMAGE: tot amount of vasculature (7235.7097) < quality threshold 
processing: 5902465_21016_0_0.png
processing: 5902465_21015_0_0.png
processing: 5902457_21016_0_0.png
processing: 5902457_21015_0_0.png
processing: 5902177_21016_1_0.png
  SKIPPING IMAGE: tot amount of vasculature (9617.1024) < quality threshold 
processing: 5902177_21015_1_0.png
processing: 5902118_21016_0_0.png
processing: 5902118_21015_0_0.png
processing: 5902060_21016_1_0.png
  SKIPPING IMAGE: tot amount of vasculature (8656.1745) < quality threshold 
processing: 5902060_21015_1_0.png
  SKIPPING IMAGE: tot amount of vasculature (3949.5617) < quality threshold 
processing: 5902011_21016_0_0.png
processing: 5902011_21015_0_0.png
  SKIPPING IMAGE: tot amount of vasculature (6657.7492) < quality threshold 
processing: 5901958_21016_0_0.png
processing: 5901958_21015_0_0.png
processing: 5901903_21016_0_0.png
processing: 5901903_21015_0_0.png
processing: 5901857_21016_1_0.png
  SKIPPING IMAGE: tot amount of vasculature (3067.1865) < quality threshold 
processing: 5901857_21015_1_0.png
  SKIPPING IMAGE: tot amount of vasculature (10736.2216) < quality threshold 
processing: 5901712_21016_0_0.png
processing: 5901712_21015_0_0.png
processing: 5901608_21016_0_0.png
  SKIPPING IMAGE: tot amount of vasculature (6480.5215) < quality threshold 
processing: 5901608_21015_0_0.png
processing: 5901580_21016_0_0.png
processing: 5901580_21015_0_0.png
processing: 5901501_21016_1_0.png
processing: 5901501_21016_0_0.png
processing: 5901501_21015_1_0.png
processing: 5901501_21015_0_0.png
processing: 5901456_21016_0_0.png
processing: 5901456_21015_0_0.png
  SKIPPING IMAGE: tot amount of vasculature (9287.6979) < quality threshold 
processing: 5901407_21016_1_0.png
processing: 5901407_21015_1_0.png
processing: 5901378_21016_0_0.png
processing: 5901378_21015_0_0.png
processing: 5901317_21016_0_0.png
  SKIPPING IMAGE: tot amount of vasculature (5588.2376) < quality threshold 
processing: 5901317_21015_0_0.png
  SKIPPING IMAGE: tot amount of vasculature (9373.0831) < quality threshold 
processing: 5901300_21016_0_0.png
processing: 5901300_21015_0_0.png
processing: 5901247_21016_0_0.png
  SKIPPING IMAGE: tot amount of vasculature (8422.701) < quality threshold 
processing: 5901247_21015_0_0.png
processing: 5901216_21016_0_0.png
  SKIPPING IMAGE: tot amount of vasculature (24.3618) < quality threshold 
processing: 5901216_21015_0_0.png
  SKIPPING IMAGE: tot amount of vasculature (66.9338) < quality threshold 
processing: 5900990_21016_0_0.png
processing: 5900990_21015_0_0.png
processing: 5900981_21016_0_0.png
processing: 5900981_21015_0_0.png
processing: 5900963_21016_0_0.png
  SKIPPING IMAGE: tot amount of vasculature (9038.9898) < quality threshold 
processing: 5900963_21015_0_0.png
  SKIPPING IMAGE: tot amount of vasculature (9967.7806) < quality threshold 
processing: 5900919_21016_0_0.png
processing: 5900919_21015_0_0.png
processing: 5900827_21016_1_0.png
processing: 5900827_21015_1_0.png
processing: 5900739_21016_0_0.png
processing: 5900739_21015_0_0.png
processing: 5900718_21016_0_0.png
  SKIPPING IMAGE: tot amount of vasculature (4773.7948) < quality threshold 
processing: 5900718_21015_0_0.png
processing: 5900688_21016_0_0.png
  SKIPPING IMAGE: tot amount of vasculature (4527.3623) < quality threshold 
processing: 5900688_21015_0_0.png
  SKIPPING IMAGE: tot amount of vasculature (10307.4561) < quality threshold 
processing: 5900593_21016_0_0.png
processing: 5900593_21015_0_0.png
processing: 5900517_21016_0_0.png
processing: 5900517_21015_0_0.png
processing: 5900472_21016_1_0.png
  SKIPPING IMAGE: tot amount of vasculature (6257.8496) < quality threshold 
processing: 5900472_21015_1_0.png
processing: 5900401_21016_0_0.png
processing: 5900401_21015_0_0.png
processing: 5900397_21016_0_0.png
processing: 5900397_21015_0_0.png
processing: 5900334_21016_0_0.png
processing: 5900334_21015_0_0.png
processing: 5900282_21016_0_0.png
processing: 5900282_21015_0_0.png
  SKIPPING IMAGE: tot amount of vasculature (7431.1104) < quality threshold 
processing: 5900266_21016_0_0.png
FINISHED: .mat files have been written to: /data/FAC/FBM/DBC/sbergman/retina/UKBiob/fundus/REVIEW//CLRIS/
execution time: 1723 sec
