------------------------------------------
Setting up environment variables
---
LD_LIBRARY_PATH is .:/software/Development/Languages/Matlab_Compiler_Runtime/96/runtime/glnxa64:/software/Development/Languages/Matlab_Compiler_Runtime/96/bin/glnxa64:/software/Development/Languages/Matlab_Compiler_Runtime/96/sys/os/glnxa64:/software/Development/Languages/Matlab_Compiler_Runtime/96/sys/opengl/lib/glnxa64
Running vessel measurements...
processing: 1248494_21015_0_0.png
processing: 1248470_21016_1_0.png
processing: 1248470_21015_1_0.png
processing: 1248377_21016_0_0.png
  SKIPPING IMAGE: tot amount of vasculature (2874.3164) < quality threshold 
processing: 1248377_21015_0_0.png
  SKIPPING IMAGE: tot amount of vasculature (7132.6841) < quality threshold 
processing: 1248304_21016_0_0.png
processing: 1248304_21015_0_0.png
processing: 1248267_21016_0_0.png
  SKIPPING IMAGE: tot amount of vasculature (2593.1809) < quality threshold 
processing: 1248267_21015_0_0.png
  SKIPPING IMAGE: tot amount of vasculature (10862.0906) < quality threshold 
processing: 1248255_21016_0_0.png
  SKIPPING IMAGE: tot amount of vasculature (3890.2698) < quality threshold 
processing: 1248255_21015_0_0.png
  SKIPPING IMAGE: tot amount of vasculature (6135.0578) < quality threshold 
processing: 1248173_21016_0_0.png
processing: 1248173_21015_0_0.png
  SKIPPING IMAGE: tot amount of vasculature (10312.7506) < quality threshold 
processing: 1248149_21016_0_0.png
processing: 1248149_21015_0_0.png
processing: 1247997_21016_0_0.png
processing: 1247997_21015_0_0.png
processing: 1247983_21016_0_0.png
processing: 1247983_21015_0_0.png
processing: 1247960_21016_1_0.png
  SKIPPING IMAGE: tot amount of vasculature (9766.1513) < quality threshold 
processing: 1247960_21015_1_0.png
processing: 1247928_21016_0_0.png
processing: 1247928_21015_0_0.png
processing: 1247911_21016_0_0.png
processing: 1247911_21015_0_0.png
  SKIPPING IMAGE: tot amount of vasculature (8033.4249) < quality threshold 
processing: 1247837_21016_0_0.png
  SKIPPING IMAGE: tot amount of vasculature (3308.6095) < quality threshold 
processing: 1247837_21015_0_0.png
  SKIPPING IMAGE: tot amount of vasculature (6753.6345) < quality threshold 
processing: 1247792_21016_1_0.png
processing: 1247792_21015_1_0.png
processing: 1247765_21016_1_0.png
  SKIPPING IMAGE: tot amount of vasculature (5178.7512) < quality threshold 
processing: 1247765_21016_0_0.png
  SKIPPING IMAGE: tot amount of vasculature (9652.9368) < quality threshold 
processing: 1247765_21015_1_0.png
  SKIPPING IMAGE: tot amount of vasculature (6985.7608) < quality threshold 
processing: 1247765_21015_0_0.png
  SKIPPING IMAGE: tot amount of vasculature (7748.6137) < quality threshold 
processing: 1247695_21016_0_0.png
processing: 1247695_21015_0_0.png
processing: 1247581_21016_1_0.png
  SKIPPING IMAGE: tot amount of vasculature (8912.4735) < quality threshold 
processing: 1247581_21015_1_0.png
  SKIPPING IMAGE: tot amount of vasculature (10189.3893) < quality threshold 
processing: 1247563_21016_0_0.png
  SKIPPING IMAGE: tot amount of vasculature (1686.0588) < quality threshold 
processing: 1247563_21015_0_0.png
  SKIPPING IMAGE: tot amount of vasculature (2778.2279) < quality threshold 
processing: 1247469_21016_0_0.png
processing: 1247469_21015_0_0.png
processing: 1247262_21016_0_0.png
processing: 1247262_21015_0_0.png
processing: 1247243_21016_1_0.png
processing: 1247243_21015_1_0.png
processing: 1247204_21016_1_0.png
processing: 1247204_21015_1_0.png
  SKIPPING IMAGE: tot amount of vasculature (7911.9394) < quality threshold 
processing: 1247154_21016_0_0.png
processing: 1247154_21015_0_0.png
  SKIPPING IMAGE: tot amount of vasculature (6314.4382) < quality threshold 
processing: 1247146_21016_0_0.png
processing: 1247146_21015_0_0.png
  SKIPPING IMAGE: tot amount of vasculature (10666.4849) < quality threshold 
processing: 1247100_21016_0_0.png
processing: 1247100_21015_0_0.png
processing: 1247098_21016_0_0.png
processing: 1247098_21015_0_0.png
processing: 1246845_21016_1_0.png
processing: 1246845_21016_0_0.png
processing: 1246845_21015_1_0.png
  SKIPPING IMAGE: tot amount of vasculature (8286.4903) < quality threshold 
processing: 1246845_21015_0_0.png
processing: 1246828_21016_0_0.png
processing: 1246828_21015_0_0.png
processing: 1246793_21016_0_0.png
  SKIPPING IMAGE: tot amount of vasculature (10519.2135) < quality threshold 
processing: 1246793_21015_0_0.png
  SKIPPING IMAGE: tot amount of vasculature (2794.029) < quality threshold 
processing: 1246789_21016_0_0.png
processing: 1246789_21015_0_0.png
processing: 1246722_21016_0_0.png
processing: 1246722_21015_0_0.png
processing: 1246632_21016_1_0.png
  SKIPPING IMAGE: tot amount of vasculature (5428.8334) < quality threshold 
processing: 1246632_21015_1_0.png
  SKIPPING IMAGE: tot amount of vasculature (764.3028) < quality threshold 
processing: 1246610_21016_0_0.png
processing: 1246610_21015_0_0.png
processing: 1246550_21016_1_0.png
processing: 1246550_21015_1_0.png
  SKIPPING IMAGE: tot amount of vasculature (5397.9799) < quality threshold 
processing: 1246471_21016_0_0.png
  SKIPPING IMAGE: tot amount of vasculature (495.9617) < quality threshold 
processing: 1246471_21015_0_0.png
  SKIPPING IMAGE: tot amount of vasculature (8394.9846) < quality threshold 
processing: 1246468_21016_0_0.png
processing: 1246468_21015_0_0.png
processing: 1246447_21016_0_0.png
processing: 1246447_21015_0_0.png
processing: 1246364_21016_0_0.png
processing: 1246364_21015_0_0.png
processing: 1246351_21016_0_0.png
  SKIPPING IMAGE: tot amount of vasculature (4024.0221) < quality threshold 
processing: 1246351_21015_0_0.png
processing: 1246242_21016_1_0.png
processing: 1246242_21016_0_0.png
processing: 1246242_21015_1_0.png
  SKIPPING IMAGE: tot amount of vasculature (7973.1661) < quality threshold 
processing: 1246242_21015_0_0.png
processing: 1246192_21016_1_0.png
processing: 1246192_21015_1_0.png
processing: 1246165_21016_1_0.png
  SKIPPING IMAGE: tot amount of vasculature (1170.0762) < quality threshold 
processing: 1246165_21015_1_0.png
  SKIPPING IMAGE: tot amount of vasculature (9261.121) < quality threshold 
processing: 1246123_21016_0_0.png
processing: 1246123_21015_0_0.png
processing: 1245984_21016_0_0.png
processing: 1245984_21015_0_0.png
processing: 1245959_21016_1_0.png
processing: 1245959_21015_1_0.png
processing: 1245947_21016_0_0.png
processing: 1245947_21015_0_0.png
processing: 1245889_21016_0_0.png
  SKIPPING IMAGE: tot amount of vasculature (4801.4868) < quality threshold 
processing: 1245889_21015_0_0.png
  SKIPPING IMAGE: tot amount of vasculature (2651.5475) < quality threshold 
processing: 1245878_21016_0_0.png
processing: 1245878_21015_0_0.png
processing: 1245512_21016_0_0.png
processing: 1245512_21015_0_0.png
processing: 1245450_21016_0_0.png
processing: 1245450_21015_0_0.png
processing: 1245421_21016_0_0.png
processing: 1245421_21015_0_0.png
processing: 1245331_21016_1_0.png
processing: 1245331_21015_1_0.png
processing: 1245153_21016_0_0.png
processing: 1245153_21015_0_0.png
processing: 1245141_21016_0_0.png
  SKIPPING IMAGE: tot amount of vasculature (9097.2061) < quality threshold 
processing: 1245141_21015_0_0.png
processing: 1245042_21016_0_0.png
processing: 1245042_21015_0_0.png
processing: 1245019_21016_1_0.png
processing: 1245019_21015_1_0.png
processing: 1244867_21016_0_0.png
processing: 1244867_21015_0_0.png
  SKIPPING IMAGE: tot amount of vasculature (9833.2698) < quality threshold 
processing: 1244719_21016_0_0.png
processing: 1244719_21015_0_0.png
  SKIPPING IMAGE: tot amount of vasculature (6364.6553) < quality threshold 
processing: 1244600_21016_0_0.png
processing: 1244600_21015_0_0.png
processing: 1244473_21016_0_0.png
processing: 1244473_21015_0_0.png
processing: 1244353_21016_0_0.png
processing: 1244353_21015_0_0.png
processing: 1244337_21016_0_0.png
processing: 1244337_21015_0_0.png
processing: 1244234_21016_0_0.png
processing: 1244234_21015_0_0.png
processing: 1244184_21016_0_0.png
processing: 1244116_21016_0_0.png
processing: 1244116_21015_0_0.png
processing: 1244102_21016_0_0.png
processing: 1244102_21015_0_0.png
processing: 1244075_21016_0_0.png
processing: 1244075_21015_0_0.png
processing: 1244044_21016_0_0.png
processing: 1244044_21015_0_0.png
processing: 1244003_21016_0_0.png
processing: 1244003_21015_0_0.png
processing: 1243954_21016_0_0.png
processing: 1243954_21015_0_0.png
processing: 1243766_21016_0_0.png
processing: 1243766_21015_0_0.png
processing: 1243715_21016_1_0.png
  SKIPPING IMAGE: tot amount of vasculature (4649.6343) < quality threshold 
processing: 1243715_21015_1_0.png
  SKIPPING IMAGE: tot amount of vasculature (9195.289) < quality threshold 
processing: 1243677_21016_1_0.png
processing: 1243677_21016_0_0.png
  SKIPPING IMAGE: tot amount of vasculature (6121.2179) < quality threshold 
processing: 1243677_21015_1_0.png
  SKIPPING IMAGE: tot amount of vasculature (5973.596) < quality threshold 
processing: 1243677_21015_0_0.png
processing: 1243643_21016_0_0.png
  SKIPPING IMAGE: tot amount of vasculature (10622.2952) < quality threshold 
processing: 1243643_21015_0_0.png
  SKIPPING IMAGE: tot amount of vasculature (3814.6177) < quality threshold 
processing: 1243575_21016_0_0.png
  SKIPPING IMAGE: tot amount of vasculature (1846.1486) < quality threshold 
processing: 1243575_21015_0_0.png
  SKIPPING IMAGE: tot amount of vasculature (2134.1263) < quality threshold 
processing: 1243544_21016_0_0.png
processing: 1243544_21015_0_0.png
  SKIPPING IMAGE: tot amount of vasculature (8505.3596) < quality threshold 
processing: 1243483_21016_0_0.png
processing: 1243483_21015_0_0.png
processing: 1243460_21016_0_0.png
processing: 1243460_21015_0_0.png
  SKIPPING IMAGE: tot amount of vasculature (7251.4828) < quality threshold 
processing: 1243381_21016_0_0.png
  SKIPPING IMAGE: tot amount of vasculature (7327.0135) < quality threshold 
processing: 1243381_21015_0_0.png
  SKIPPING IMAGE: tot amount of vasculature (5104.2968) < quality threshold 
processing: 1243342_21016_0_0.png
processing: 1243342_21015_0_0.png
processing: 1243319_21016_0_0.png
processing: 1243319_21015_0_0.png
processing: 1243298_21016_1_0.png
processing: 1243298_21015_1_0.png
processing: 1243212_21016_0_0.png
processing: 1243212_21015_0_0.png
processing: 1243136_21016_0_0.png
  SKIPPING IMAGE: tot amount of vasculature (3347.0403) < quality threshold 
processing: 1243136_21015_0_0.png
processing: 1243088_21016_0_0.png
processing: 1243088_21015_0_0.png
processing: 1242726_21016_0_0.png
processing: 1242726_21015_0_0.png
processing: 1242699_21016_0_0.png
processing: 1242699_21015_0_0.png
processing: 1242672_21016_0_0.png
processing: 1242672_21015_0_0.png
processing: 1242636_21016_0_0.png
processing: 1242636_21015_0_0.png
  SKIPPING IMAGE: tot amount of vasculature (10031.5247) < quality threshold 
processing: 1242624_21016_0_0.png
processing: 1242624_21015_0_0.png
processing: 1242570_21016_0_0.png
processing: 1242570_21015_0_0.png
processing: 1242541_21016_0_0.png
processing: 1242541_21015_0_0.png
  SKIPPING IMAGE: tot amount of vasculature (10960.5789) < quality threshold 
processing: 1242537_21016_0_0.png
  SKIPPING IMAGE: tot amount of vasculature (9815.7909) < quality threshold 
processing: 1242537_21015_0_0.png
  SKIPPING IMAGE: tot amount of vasculature (10553.4) < quality threshold 
processing: 1242488_21016_0_0.png
processing: 1242488_21015_0_0.png
processing: 1242423_21016_0_0.png
  SKIPPING IMAGE: tot amount of vasculature (4850.3374) < quality threshold 
processing: 1242423_21015_0_0.png
  SKIPPING IMAGE: tot amount of vasculature (4034.6242) < quality threshold 
processing: 1242302_21016_0_0.png
processing: 1242302_21015_0_0.png
processing: 1242293_21016_1_0.png
  SKIPPING IMAGE: tot amount of vasculature (2777.9369) < quality threshold 
processing: 1242162_21016_0_0.png
processing: 1242162_21015_0_0.png
processing: 1242121_21016_0_0.png
processing: 1242121_21015_0_0.png
  SKIPPING IMAGE: tot amount of vasculature (9176.1917) < quality threshold 
processing: 1241969_21016_0_0.png
  SKIPPING IMAGE: tot amount of vasculature (10757.4143) < quality threshold 
processing: 1241969_21015_0_0.png
processing: 1241798_21016_1_0.png
  SKIPPING IMAGE: tot amount of vasculature (3290.9464) < quality threshold 
processing: 1241798_21016_0_0.png
processing: 1241798_21015_1_0.png
  SKIPPING IMAGE: tot amount of vasculature (965.7253) < quality threshold 
processing: 1241798_21015_0_0.png
processing: 1241749_21016_1_0.png
  SKIPPING IMAGE: tot amount of vasculature (7232.6632) < quality threshold 
processing: 1241749_21015_1_0.png
  SKIPPING IMAGE: tot amount of vasculature (5321.5504) < quality threshold 
processing: 1241682_21016_0_0.png
  SKIPPING IMAGE: tot amount of vasculature (2089.7028) < quality threshold 
processing: 1241682_21015_0_0.png
  SKIPPING IMAGE: tot amount of vasculature (9345.4351) < quality threshold 
processing: 1241629_21016_0_0.png
processing: 1241629_21015_0_0.png
processing: 1241615_21016_0_0.png
processing: 1241615_21015_0_0.png
processing: 1241501_21016_0_0.png
processing: 1241501_21015_0_0.png
processing: 1241474_21016_0_0.png
processing: 1241474_21015_0_0.png
processing: 1241393_21016_0_0.png
  SKIPPING IMAGE: tot amount of vasculature (2760.2552) < quality threshold 
processing: 1241393_21015_0_0.png
  SKIPPING IMAGE: tot amount of vasculature (3249.7115) < quality threshold 
processing: 1241295_21016_0_0.png
processing: 1241295_21015_0_0.png
  SKIPPING IMAGE: tot amount of vasculature (9404.4681) < quality threshold 
processing: 1241160_21016_0_0.png
  SKIPPING IMAGE: tot amount of vasculature (6062.3606) < quality threshold 
processing: 1241134_21016_0_0.png
processing: 1241134_21015_0_0.png
processing: 1241077_21016_0_0.png
processing: 1241077_21015_0_0.png
  SKIPPING IMAGE: tot amount of vasculature (10648.2408) < quality threshold 
processing: 1241062_21016_0_0.png
processing: 1241062_21015_0_0.png
processing: 1241004_21016_0_0.png
  SKIPPING IMAGE: tot amount of vasculature (6330.4232) < quality threshold 
processing: 1241004_21015_0_0.png
processing: 1240974_21016_0_0.png
  SKIPPING IMAGE: tot amount of vasculature (10169.831) < quality threshold 
processing: 1240974_21015_0_0.png
  SKIPPING IMAGE: tot amount of vasculature (5066.3261) < quality threshold 
processing: 1240963_21016_0_0.png
processing: 1240963_21015_0_0.png
processing: 1240956_21016_0_0.png
processing: 1240956_21015_0_0.png
processing: 1240777_21016_0_0.png
processing: 1240777_21015_0_0.png
processing: 1240499_21016_0_0.png
  SKIPPING IMAGE: tot amount of vasculature (353.415) < quality threshold 
processing: 1240499_21015_0_0.png
processing: 1240472_21016_1_0.png
  SKIPPING IMAGE: tot amount of vasculature (638.7802) < quality threshold 
processing: 1240472_21015_1_0.png
  SKIPPING IMAGE: tot amount of vasculature (2216.2377) < quality threshold 
processing: 1240229_21016_0_0.png
processing: 1240229_21015_0_0.png
processing: 1240020_21016_0_0.png
  SKIPPING IMAGE: tot amount of vasculature (8478.4556) < quality threshold 
processing: 1240020_21015_0_0.png
  SKIPPING IMAGE: tot amount of vasculature (3736.0149) < quality threshold 
processing: 1239988_21016_0_0.png
processing: 1239988_21015_0_0.png
processing: 1239965_21016_1_0.png
processing: 1239965_21015_1_0.png
processing: 1239923_21016_1_0.png
processing: 1239923_21015_1_0.png
processing: 1239891_21016_0_0.png
processing: 1239891_21015_0_0.png
processing: 1239875_21016_1_0.png
processing: 1239875_21015_1_0.png
processing: 1239752_21016_0_0.png
processing: 1239752_21015_0_0.png
processing: 1239728_21016_0_0.png
processing: 1239728_21015_0_0.png
processing: 1239619_21016_1_0.png
processing: 1239619_21016_0_0.png
processing: 1239619_21015_1_0.png
  SKIPPING IMAGE: tot amount of vasculature (4249.7792) < quality threshold 
processing: 1239619_21015_0_0.png
processing: 1239595_21016_0_0.png
  SKIPPING IMAGE: tot amount of vasculature (288.3443) < quality threshold 
processing: 1239595_21015_0_0.png
processing: 1239584_21016_0_0.png
processing: 1239584_21015_0_0.png
processing: 1239571_21016_0_0.png
processing: 1239571_21015_0_0.png
processing: 1239533_21016_0_0.png
processing: 1239533_21015_0_0.png
processing: 1239441_21016_0_0.png
processing: 1239441_21015_0_0.png
processing: 1239299_21016_0_0.png
processing: 1239299_21015_0_0.png
processing: 1239280_21016_1_0.png
  SKIPPING IMAGE: tot amount of vasculature (7721.613) < quality threshold 
processing: 1239280_21015_1_0.png
  SKIPPING IMAGE: tot amount of vasculature (7529.0205) < quality threshold 
processing: 1239201_21016_1_0.png
processing: 1239201_21015_1_0.png
processing: 1239173_21016_0_0.png
processing: 1239173_21015_0_0.png
processing: 1239078_21016_0_0.png
processing: 1239078_21015_0_0.png
processing: 1239046_21016_0_0.png
processing: 1239046_21015_0_0.png
processing: 1238896_21016_0_0.png
  SKIPPING IMAGE: tot amount of vasculature (1934.9369) < quality threshold 
processing: 1238896_21015_0_0.png
processing: 1238821_21016_1_0.png
processing: 1238821_21015_1_0.png
processing: 1238795_21016_0_1.png
  SKIPPING IMAGE: tot amount of vasculature (3922.6055) < quality threshold 
processing: 1238795_21016_0_0.png
  SKIPPING IMAGE: tot amount of vasculature (9223.107) < quality threshold 
processing: 1238795_21015_0_0.png
  SKIPPING IMAGE: tot amount of vasculature (3407.5935) < quality threshold 
processing: 1238716_21016_0_0.png
FINISHED: .mat files have been written to: /data/FAC/FBM/DBC/sbergman/retina/UKBiob/fundus/REVIEW//CLRIS/
execution time: 2126 sec
