------------------------------------------
Setting up environment variables
---
LD_LIBRARY_PATH is .:/software/Development/Languages/Matlab_Compiler_Runtime/96/runtime/glnxa64:/software/Development/Languages/Matlab_Compiler_Runtime/96/bin/glnxa64:/software/Development/Languages/Matlab_Compiler_Runtime/96/sys/os/glnxa64:/software/Development/Languages/Matlab_Compiler_Runtime/96/sys/opengl/lib/glnxa64
Running vessel measurements...
processing: 3241922_21016_0_0.png
processing: 3241922_21015_0_0.png
processing: 3241820_21016_0_0.png
  SKIPPING IMAGE: tot amount of vasculature (10708.5254) < quality threshold 
processing: 3241820_21015_0_0.png
processing: 3241770_21016_0_0.png
  SKIPPING IMAGE: tot amount of vasculature (9306.3198) < quality threshold 
processing: 3241770_21015_0_0.png
processing: 3241685_21016_1_0.png
processing: 3241685_21015_1_0.png
processing: 3241677_21016_0_0.png
  SKIPPING IMAGE: tot amount of vasculature (8667.6086) < quality threshold 
processing: 3241677_21015_0_0.png
processing: 3241650_21016_0_0.png
processing: 3241650_21015_0_0.png
processing: 3241532_21016_0_0.png
processing: 3241532_21015_0_0.png
processing: 3241460_21016_1_0.png
processing: 3241460_21015_1_0.png
processing: 3241381_21016_1_0.png
  SKIPPING IMAGE: tot amount of vasculature (682.6176) < quality threshold 
processing: 3241381_21015_1_0.png
  SKIPPING IMAGE: tot amount of vasculature (2030.3282) < quality threshold 
processing: 3241230_21016_1_0.png
processing: 3241230_21015_1_0.png
processing: 3241180_21016_0_0.png
processing: 3241180_21015_0_0.png
processing: 3241079_21016_1_0.png
processing: 3241079_21015_1_0.png
processing: 3241040_21016_0_0.png
processing: 3241040_21015_0_0.png
processing: 3240976_21016_1_0.png
processing: 3240976_21015_1_0.png
processing: 3240960_21016_1_0.png
  SKIPPING IMAGE: tot amount of vasculature (6646.8421) < quality threshold 
processing: 3240960_21015_1_0.png
  SKIPPING IMAGE: tot amount of vasculature (9887.6788) < quality threshold 
processing: 3240928_21016_1_0.png
  SKIPPING IMAGE: tot amount of vasculature (10513.9647) < quality threshold 
processing: 3240928_21015_1_0.png
processing: 3240792_21016_0_0.png
processing: 3240792_21015_0_0.png
processing: 3240731_21016_0_0.png
processing: 3240731_21015_0_0.png
  SKIPPING IMAGE: tot amount of vasculature (10361.8484) < quality threshold 
processing: 3240590_21016_0_0.png
processing: 3240590_21015_0_0.png
processing: 3240542_21016_0_0.png
  SKIPPING IMAGE: tot amount of vasculature (10017.4175) < quality threshold 
processing: 3240542_21015_0_0.png
processing: 3240538_21016_0_0.png
processing: 3240538_21015_0_0.png
processing: 3240519_21016_0_0.png
processing: 3240519_21015_0_0.png
  SKIPPING IMAGE: tot amount of vasculature (10869.0093) < quality threshold 
processing: 3240301_21016_0_0.png
processing: 3240301_21015_0_0.png
processing: 3240285_21016_0_0.png
processing: 3240285_21015_0_0.png
processing: 3240221_21016_0_0.png
processing: 3240221_21015_0_0.png
  SKIPPING IMAGE: tot amount of vasculature (5215.3863) < quality threshold 
processing: 3240193_21016_0_0.png
processing: 3240193_21015_0_0.png
processing: 3240189_21016_0_0.png
processing: 3240189_21015_0_0.png
processing: 3240154_21016_0_0.png
  SKIPPING IMAGE: tot amount of vasculature (1860.4235) < quality threshold 
processing: 3240154_21015_0_0.png
  SKIPPING IMAGE: No vessels found
processing: 3240146_21016_0_0.png
  SKIPPING IMAGE: tot amount of vasculature (3601.9655) < quality threshold 
processing: 3240146_21015_0_0.png
  SKIPPING IMAGE: tot amount of vasculature (15.8361) < quality threshold 
processing: 3240122_21016_1_0.png
  SKIPPING IMAGE: tot amount of vasculature (4357.1849) < quality threshold 
processing: 3240122_21015_1_0.png
  SKIPPING IMAGE: tot amount of vasculature (2757.8269) < quality threshold 
processing: 3240086_21016_0_0.png
processing: 3240086_21015_0_0.png
processing: 3240073_21016_0_0.png
processing: 3240073_21015_0_0.png
processing: 3239959_21016_0_0.png
processing: 3239959_21015_0_0.png
processing: 3239846_21016_0_0.png
  SKIPPING IMAGE: tot amount of vasculature (31.044) < quality threshold 
processing: 3239846_21015_0_0.png
processing: 3239835_21016_0_0.png
processing: 3239835_21015_0_0.png
processing: 3239817_21016_0_0.png
processing: 3239817_21015_0_0.png
processing: 3239799_21016_0_0.png
processing: 3239799_21015_0_0.png
  SKIPPING IMAGE: tot amount of vasculature (9980.1979) < quality threshold 
processing: 3239660_21016_0_0.png
  SKIPPING IMAGE: tot amount of vasculature (9065.4417) < quality threshold 
processing: 3239660_21015_0_0.png
  SKIPPING IMAGE: tot amount of vasculature (1913.5439) < quality threshold 
processing: 3239573_21016_0_0.png
processing: 3239573_21015_0_0.png
processing: 3239530_21016_0_0.png
processing: 3239530_21015_0_0.png
processing: 3239496_21016_0_0.png
processing: 3239496_21015_0_0.png
processing: 3239477_21016_0_0.png
processing: 3239477_21015_0_0.png
processing: 3239443_21016_0_0.png
  SKIPPING IMAGE: tot amount of vasculature (2828.9153) < quality threshold 
processing: 3239443_21015_0_0.png
  SKIPPING IMAGE: tot amount of vasculature (4730.5771) < quality threshold 
processing: 3239421_21016_0_0.png
processing: 3239421_21015_0_0.png
processing: 3239388_21016_0_1.png
  SKIPPING IMAGE: tot amount of vasculature (8796.6583) < quality threshold 
processing: 3239388_21016_0_0.png
  SKIPPING IMAGE: tot amount of vasculature (1480.7401) < quality threshold 
processing: 3239388_21015_0_1.png
  SKIPPING IMAGE: tot amount of vasculature (5115.1062) < quality threshold 
processing: 3239388_21015_0_0.png
  SKIPPING IMAGE: tot amount of vasculature (5199.6137) < quality threshold 
processing: 3239340_21016_0_0.png
processing: 3239340_21015_0_0.png
processing: 3239331_21016_0_0.png
  SKIPPING IMAGE: tot amount of vasculature (6309.3332) < quality threshold 
processing: 3239331_21015_0_0.png
processing: 3239323_21016_0_0.png
processing: 3239323_21015_0_0.png
processing: 3239275_21016_0_0.png
  SKIPPING IMAGE: tot amount of vasculature (5460.8261) < quality threshold 
processing: 3239275_21015_0_0.png
processing: 3239232_21016_0_0.png
processing: 3239232_21015_0_0.png
processing: 3239141_21016_1_0.png
  SKIPPING IMAGE: tot amount of vasculature (7809.2506) < quality threshold 
processing: 3239141_21015_1_0.png
processing: 3238910_21016_1_0.png
processing: 3238910_21015_1_0.png
processing: 3238840_21016_0_0.png
processing: 3238840_21015_0_0.png
processing: 3238730_21016_1_0.png
  SKIPPING IMAGE: tot amount of vasculature (1854.3814) < quality threshold 
processing: 3238730_21015_1_0.png
  SKIPPING IMAGE: tot amount of vasculature (7783.5485) < quality threshold 
processing: 3238727_21016_0_0.png
processing: 3238727_21015_0_0.png
processing: 3238712_21016_0_0.png
  SKIPPING IMAGE: tot amount of vasculature (3047.6302) < quality threshold 
processing: 3238712_21015_0_0.png
  SKIPPING IMAGE: tot amount of vasculature (6622.5516) < quality threshold 
processing: 3238705_21016_0_0.png
processing: 3238705_21015_0_0.png
processing: 3238608_21016_1_0.png
  SKIPPING IMAGE: tot amount of vasculature (3882.7987) < quality threshold 
processing: 3238608_21015_1_0.png
  SKIPPING IMAGE: tot amount of vasculature (6773.8397) < quality threshold 
processing: 3238501_21016_0_0.png
  SKIPPING IMAGE: tot amount of vasculature (9338.2483) < quality threshold 
processing: 3238501_21015_0_0.png
  SKIPPING IMAGE: tot amount of vasculature (5662.8455) < quality threshold 
processing: 3238393_21016_0_0.png
  SKIPPING IMAGE: tot amount of vasculature (1854.5065) < quality threshold 
processing: 3238393_21015_0_0.png
processing: 3238389_21016_0_0.png
  SKIPPING IMAGE: tot amount of vasculature (10318.9143) < quality threshold 
processing: 3238389_21015_0_0.png
  SKIPPING IMAGE: tot amount of vasculature (6514.4304) < quality threshold 
processing: 3238354_21016_0_0.png
processing: 3238354_21015_0_0.png
processing: 3238216_21016_0_0.png
processing: 3238216_21015_0_0.png
  SKIPPING IMAGE: tot amount of vasculature (10067.7549) < quality threshold 
processing: 3238134_21016_1_0.png
  SKIPPING IMAGE: tot amount of vasculature (8019.5607) < quality threshold 
processing: 3238134_21015_1_0.png
