------------------------------------------
Setting up environment variables
---
LD_LIBRARY_PATH is .:/software/Development/Languages/Matlab_Compiler_Runtime/96/runtime/glnxa64:/software/Development/Languages/Matlab_Compiler_Runtime/96/bin/glnxa64:/software/Development/Languages/Matlab_Compiler_Runtime/96/sys/os/glnxa64:/software/Development/Languages/Matlab_Compiler_Runtime/96/sys/opengl/lib/glnxa64
Running vessel measurements...
processing: 5191487_21015_1_0.png
processing: 5191475_21016_0_0.png
processing: 5191475_21015_0_0.png
processing: 5191399_21016_0_0.png
processing: 5191399_21015_0_0.png
processing: 5191367_21016_0_0.png
processing: 5191367_21015_0_0.png
processing: 5191313_21016_0_0.png
processing: 5191313_21015_0_0.png
processing: 5191243_21016_0_0.png
  SKIPPING IMAGE: tot amount of vasculature (2367.5633) < quality threshold 
processing: 5191243_21015_0_0.png
  SKIPPING IMAGE: No vessels found
processing: 5191193_21016_0_0.png
processing: 5191193_21015_0_0.png
processing: 5191178_21016_0_0.png
processing: 5191178_21015_0_0.png
processing: 5191100_21016_0_0.png
  SKIPPING IMAGE: tot amount of vasculature (6805.2491) < quality threshold 
processing: 5191100_21015_0_0.png
processing: 5190932_21016_0_1.png
processing: 5190932_21016_0_0.png
processing: 5190932_21015_0_0.png
processing: 5190857_21016_0_0.png
processing: 5190857_21015_0_0.png
  SKIPPING IMAGE: tot amount of vasculature (8560.5009) < quality threshold 
processing: 5190840_21016_1_0.png
processing: 5190840_21015_1_0.png
  SKIPPING IMAGE: tot amount of vasculature (2215.1522) < quality threshold 
processing: 5190806_21016_0_0.png
processing: 5190806_21015_0_0.png
processing: 5190751_21016_0_0.png
processing: 5190751_21015_0_0.png
processing: 5190730_21016_0_0.png
processing: 5190730_21015_0_0.png
processing: 5190712_21016_1_0.png
processing: 5190712_21015_1_0.png
processing: 5190682_21016_0_0.png
  SKIPPING IMAGE: tot amount of vasculature (2083.9048) < quality threshold 
processing: 5190682_21015_0_0.png
  SKIPPING IMAGE: tot amount of vasculature (387.6798) < quality threshold 
processing: 5190641_21016_0_0.png
processing: 5190641_21015_0_0.png
processing: 5190629_21016_0_0.png
  SKIPPING IMAGE: tot amount of vasculature (10145.3344) < quality threshold 
processing: 5190524_21016_1_0.png
  SKIPPING IMAGE: tot amount of vasculature (10990.7131) < quality threshold 
processing: 5190524_21015_1_0.png
  SKIPPING IMAGE: tot amount of vasculature (10996.8983) < quality threshold 
processing: 5190513_21016_0_0.png
processing: 5190513_21015_0_0.png
processing: 5190442_21016_0_0.png
  SKIPPING IMAGE: tot amount of vasculature (3404.1622) < quality threshold 
processing: 5190442_21015_0_0.png
  SKIPPING IMAGE: tot amount of vasculature (5523.1141) < quality threshold 
processing: 5190216_21016_0_0.png
processing: 5190216_21015_0_0.png
processing: 5190202_21016_0_0.png
  SKIPPING IMAGE: tot amount of vasculature (9855.1878) < quality threshold 
processing: 5190202_21015_0_0.png
  SKIPPING IMAGE: tot amount of vasculature (7580.8675) < quality threshold 
processing: 5190109_21015_0_0.png
processing: 5190062_21016_0_0.png
processing: 5190062_21015_0_0.png
processing: 5190039_21016_0_0.png
processing: 5190039_21015_0_0.png
processing: 5189997_21016_0_0.png
  SKIPPING IMAGE: tot amount of vasculature (7840.2405) < quality threshold 
processing: 5189997_21015_0_0.png
processing: 5189983_21016_0_0.png
processing: 5189983_21015_0_0.png
processing: 5189976_21016_0_0.png
  SKIPPING IMAGE: tot amount of vasculature (3369.339) < quality threshold 
processing: 5189976_21015_0_0.png
  SKIPPING IMAGE: tot amount of vasculature (1648.1885) < quality threshold 
processing: 5189934_21016_0_0.png
processing: 5189934_21015_0_0.png
processing: 5189911_21016_0_0.png
processing: 5189911_21015_0_0.png
  SKIPPING IMAGE: tot amount of vasculature (1950.1314) < quality threshold 
processing: 5189882_21016_1_0.png
processing: 5189882_21016_0_0.png
processing: 5189882_21015_1_0.png
processing: 5189882_21015_0_0.png
processing: 5189808_21016_1_0.png
processing: 5189808_21015_1_0.png
processing: 5189731_21016_0_0.png
processing: 5189731_21015_0_0.png
processing: 5189723_21016_1_0.png
processing: 5189723_21015_1_0.png
processing: 5189671_21016_0_0.png
processing: 5189671_21015_0_0.png
processing: 5189633_21016_0_0.png
  SKIPPING IMAGE: tot amount of vasculature (9552.4609) < quality threshold 
processing: 5189633_21015_0_0.png
processing: 5189542_21016_0_0.png
  SKIPPING IMAGE: tot amount of vasculature (2230.9897) < quality threshold 
processing: 5189542_21015_0_0.png
  SKIPPING IMAGE: tot amount of vasculature (7479.2994) < quality threshold 
processing: 5189410_21016_0_0.png
processing: 5189410_21015_0_0.png
processing: 5189262_21016_0_0.png
processing: 5189262_21015_0_0.png
processing: 5189243_21016_1_0.png
processing: 5189243_21015_1_0.png
  SKIPPING IMAGE: tot amount of vasculature (3126.3847) < quality threshold 
processing: 5189135_21016_0_0.png
processing: 5189135_21015_0_0.png
processing: 5189064_21016_0_0.png
processing: 5189064_21015_0_0.png
processing: 5188939_21016_0_0.png
processing: 5188939_21015_0_0.png
processing: 5188880_21016_0_0.png
processing: 5188880_21015_0_0.png
  SKIPPING IMAGE: tot amount of vasculature (9357.9266) < quality threshold 
processing: 5188872_21016_1_0.png
  SKIPPING IMAGE: tot amount of vasculature (4331.9777) < quality threshold 
processing: 5188872_21015_1_0.png
  SKIPPING IMAGE: tot amount of vasculature (4651.776) < quality threshold 
processing: 5188781_21016_0_0.png
processing: 5188781_21015_0_0.png
processing: 5188774_21016_0_0.png
  SKIPPING IMAGE: tot amount of vasculature (8847.2136) < quality threshold 
processing: 5188774_21015_0_0.png
processing: 5188654_21016_0_0.png
  SKIPPING IMAGE: tot amount of vasculature (10072.2798) < quality threshold 
processing: 5188654_21015_0_0.png
processing: 5188635_21016_0_0.png
processing: 5188635_21015_0_0.png
  SKIPPING IMAGE: tot amount of vasculature (5268.4859) < quality threshold 
processing: 5188565_21016_1_0.png
processing: 5188565_21015_1_0.png
processing: 5188557_21016_0_0.png
processing: 5188557_21015_0_0.png
processing: 5188506_21016_0_0.png
processing: 5188506_21015_0_0.png
processing: 5188486_21016_0_0.png
processing: 5188486_21015_0_0.png
processing: 5188473_21016_0_0.png
processing: 5188473_21015_0_0.png
  SKIPPING IMAGE: tot amount of vasculature (10214.3636) < quality threshold 
processing: 5188427_21016_0_0.png
processing: 5188427_21015_0_0.png
processing: 5188412_21016_0_0.png
processing: 5188412_21015_0_0.png
  SKIPPING IMAGE: tot amount of vasculature (6723.77) < quality threshold 
processing: 5188382_21016_0_0.png
processing: 5188382_21015_0_0.png
processing: 5188341_21016_0_0.png
processing: 5188341_21015_0_0.png
processing: 5188171_21016_0_0.png
processing: 5188171_21015_0_0.png
processing: 5188147_21016_0_0.png
processing: 5188147_21015_0_0.png
processing: 5188133_21016_1_0.png
processing: 5188133_21015_1_0.png
processing: 5188120_21016_0_0.png
  SKIPPING IMAGE: tot amount of vasculature (3113.1909) < quality threshold 
processing: 5188120_21015_0_0.png
  SKIPPING IMAGE: tot amount of vasculature (9218.1337) < quality threshold 
processing: 5188091_21016_1_0.png
processing: 5188091_21015_1_0.png
processing: 5188032_21016_1_0.png
processing: 5188032_21015_1_0.png
processing: 5187981_21016_0_0.png
  SKIPPING IMAGE: tot amount of vasculature (7683.965) < quality threshold 
processing: 5187981_21015_0_0.png
  SKIPPING IMAGE: tot amount of vasculature (9891.8053) < quality threshold 
processing: 5187963_21016_0_0.png
  SKIPPING IMAGE: tot amount of vasculature (8231.5149) < quality threshold 
processing: 5187963_21015_0_0.png
  SKIPPING IMAGE: tot amount of vasculature (6715.9191) < quality threshold 
processing: 5187851_21016_0_0.png
processing: 5187851_21015_0_0.png
processing: 5187796_21016_0_0.png
processing: 5187796_21015_0_0.png
  SKIPPING IMAGE: tot amount of vasculature (9225.5359) < quality threshold 
processing: 5187785_21016_0_0.png
  SKIPPING IMAGE: tot amount of vasculature (4870.49) < quality threshold 
processing: 5187785_21015_0_0.png
processing: 5187777_21016_0_0.png
processing: 5187777_21015_0_0.png
processing: 5187692_21016_0_0.png
processing: 5187692_21015_0_1.png
processing: 5187692_21015_0_0.png
processing: 5187679_21016_0_0.png
processing: 5187679_21015_0_0.png
processing: 5187665_21016_0_0.png
processing: 5187665_21015_0_0.png
processing: 5187614_21016_0_0.png
processing: 5187614_21015_0_0.png
  SKIPPING IMAGE: tot amount of vasculature (7958.4014) < quality threshold 
processing: 5187517_21016_0_0.png
  SKIPPING IMAGE: tot amount of vasculature (9269.7911) < quality threshold 
processing: 5187517_21015_0_0.png
  SKIPPING IMAGE: tot amount of vasculature (3208.7289) < quality threshold 
processing: 5187436_21016_0_0.png
processing: 5187436_21015_0_0.png
processing: 5187424_21016_0_0.png
  SKIPPING IMAGE: tot amount of vasculature (76.7184) < quality threshold 
processing: 5187424_21015_0_0.png
  SKIPPING IMAGE: tot amount of vasculature (2441.4037) < quality threshold 
processing: 5187383_21016_1_0.png
processing: 5187383_21016_0_0.png
processing: 5187383_21015_1_0.png
processing: 5187383_21015_0_0.png
processing: 5187345_21016_0_0.png
processing: 5187345_21015_0_0.png
processing: 5187334_21016_0_0.png
  SKIPPING IMAGE: tot amount of vasculature (8186.0682) < quality threshold 
processing: 5187334_21015_0_0.png
  SKIPPING IMAGE: tot amount of vasculature (4473.2167) < quality threshold 
processing: 5187328_21016_0_0.png
processing: 5187328_21015_0_0.png
processing: 5187270_21016_0_0.png
processing: 5187270_21015_0_0.png
processing: 5187208_21016_0_0.png
processing: 5187208_21015_0_0.png
  SKIPPING IMAGE: tot amount of vasculature (544.6719) < quality threshold 
processing: 5187191_21016_0_0.png
processing: 5187191_21015_0_0.png
  SKIPPING IMAGE: tot amount of vasculature (10651.5586) < quality threshold 
processing: 5187126_21016_0_0.png
  SKIPPING IMAGE: tot amount of vasculature (7682.8019) < quality threshold 
processing: 5187126_21015_0_0.png
  SKIPPING IMAGE: tot amount of vasculature (7391.2536) < quality threshold 
processing: 5187103_21016_1_0.png
processing: 5187103_21016_0_0.png
processing: 5187103_21015_1_0.png
  SKIPPING IMAGE: tot amount of vasculature (10417.8832) < quality threshold 
processing: 5187103_21015_0_0.png
  SKIPPING IMAGE: tot amount of vasculature (6620.8805) < quality threshold 
processing: 5187084_21016_0_0.png
processing: 5187084_21015_0_0.png
processing: 5187059_21016_0_0.png
processing: 5187059_21015_0_0.png
processing: 5187002_21016_0_0.png
processing: 5187002_21015_0_0.png
processing: 5186949_21016_0_0.png
processing: 5186949_21015_0_0.png
processing: 5186912_21016_0_0.png
processing: 5186912_21015_0_0.png
processing: 5186874_21016_0_0.png
processing: 5186874_21015_0_0.png
processing: 5186856_21016_0_0.png
  SKIPPING IMAGE: tot amount of vasculature (5471.8159) < quality threshold 
processing: 5186856_21015_0_0.png
  SKIPPING IMAGE: tot amount of vasculature (200.5551) < quality threshold 
processing: 5186838_21016_0_0.png
  SKIPPING IMAGE: tot amount of vasculature (2059.485) < quality threshold 
processing: 5186838_21015_0_1.png
  SKIPPING IMAGE: No vessels found
processing: 5186838_21015_0_0.png
Warning: No vessels found in 5186838_21015_0_0
> In Vessel_Data_IO.load_from_file (line 183)
  In REVIEW_evaluate_diameter_measurements (line 125)
  In ARIA_run_tests (line 209)
  SKIPPING IMAGE: No vessels found
processing: 5186787_21016_0_0.png
  SKIPPING IMAGE: tot amount of vasculature (9936.7073) < quality threshold 
processing: 5186787_21015_0_0.png
  SKIPPING IMAGE: tot amount of vasculature (4278.6529) < quality threshold 
processing: 5186680_21016_0_0.png
  SKIPPING IMAGE: tot amount of vasculature (8847.1834) < quality threshold 
processing: 5186680_21015_0_0.png
processing: 5186613_21016_0_0.png
processing: 5186613_21015_0_0.png
processing: 5186479_21016_1_0.png
  SKIPPING IMAGE: tot amount of vasculature (7690.662) < quality threshold 
processing: 5186479_21015_1_0.png
processing: 5186316_21016_0_0.png
processing: 5186316_21015_0_0.png
processing: 5186289_21016_0_0.png
processing: 5186289_21015_0_0.png
processing: 5186278_21016_0_0.png
  SKIPPING IMAGE: tot amount of vasculature (10454.0133) < quality threshold 
processing: 5186278_21015_0_0.png
  SKIPPING IMAGE: tot amount of vasculature (10202.2801) < quality threshold 
processing: 5186200_21016_0_0.png
processing: 5186200_21015_0_0.png
processing: 5186150_21016_1_0.png
processing: 5186150_21015_1_0.png
processing: 5186045_21016_0_0.png
processing: 5186045_21015_0_0.png
processing: 5186009_21016_0_0.png
processing: 5186009_21015_0_0.png
processing: 5185826_21016_1_0.png
processing: 5185826_21015_1_0.png
processing: 5185810_21016_1_0.png
processing: 5185810_21015_1_0.png
  SKIPPING IMAGE: tot amount of vasculature (6780.4576) < quality threshold 
processing: 5185690_21016_0_0.png
  SKIPPING IMAGE: tot amount of vasculature (7179.9985) < quality threshold 
processing: 5185690_21015_0_0.png
processing: 5185681_21016_0_0.png
  SKIPPING IMAGE: tot amount of vasculature (2588.9275) < quality threshold 
processing: 5185681_21015_0_0.png
  SKIPPING IMAGE: tot amount of vasculature (1888.804) < quality threshold 
processing: 5185674_21016_0_0.png
processing: 5185674_21015_0_0.png
processing: 5185470_21016_0_0.png
  SKIPPING IMAGE: tot amount of vasculature (4080.2535) < quality threshold 
processing: 5185470_21015_0_0.png
  SKIPPING IMAGE: tot amount of vasculature (4513.5711) < quality threshold 
processing: 5185377_21016_0_1.png
  SKIPPING IMAGE: tot amount of vasculature (2902.3392) < quality threshold 
processing: 5185377_21016_0_0.png
  SKIPPING IMAGE: No vessels found
processing: 5185377_21015_0_0.png
  SKIPPING IMAGE: tot amount of vasculature (2922.074) < quality threshold 
processing: 5185362_21016_0_0.png
processing: 5185362_21015_0_0.png
processing: 5185318_21016_0_0.png
processing: 5185318_21015_0_0.png
processing: 5185304_21016_0_0.png
processing: 5185304_21015_0_0.png
processing: 5185224_21016_1_0.png
processing: 5185224_21015_1_0.png
  SKIPPING IMAGE: tot amount of vasculature (2250.4902) < quality threshold 
processing: 5185173_21016_0_0.png
processing: 5185173_21015_0_0.png
  SKIPPING IMAGE: tot amount of vasculature (10688.4455) < quality threshold 
processing: 5185112_21016_0_0.png
processing: 5185112_21015_0_0.png
processing: 5185022_21016_0_0.png
processing: 5185022_21015_0_0.png
processing: 5184966_21016_0_0.png
  SKIPPING IMAGE: tot amount of vasculature (8917.652) < quality threshold 
processing: 5184966_21015_0_0.png
processing: 5184941_21016_1_0.png
processing: 5184941_21015_1_0.png
processing: 5184937_21016_0_0.png
  SKIPPING IMAGE: tot amount of vasculature (9374.6283) < quality threshold 
processing: 5184937_21015_0_0.png
  SKIPPING IMAGE: tot amount of vasculature (4891.1684) < quality threshold 
processing: 5184852_21016_1_0.png
processing: 5184852_21015_1_0.png
processing: 5184789_21016_1_0.png
processing: 5184789_21015_1_0.png
processing: 5184778_21016_1_0.png
  SKIPPING IMAGE: tot amount of vasculature (6602.1773) < quality threshold 
processing: 5184778_21015_1_0.png
  SKIPPING IMAGE: tot amount of vasculature (8317.4434) < quality threshold 
processing: 5184735_21016_1_0.png
  SKIPPING IMAGE: tot amount of vasculature (7164.1424) < quality threshold 
processing: 5184735_21015_1_0.png
  SKIPPING IMAGE: tot amount of vasculature (6256.4332) < quality threshold 
processing: 5184610_21016_1_0.png
processing: 5184610_21015_1_0.png
processing: 5184562_21016_0_0.png
processing: 5184562_21015_0_0.png
processing: 5184504_21016_0_0.png
processing: 5184504_21015_0_0.png
processing: 5184471_21016_0_0.png
processing: 5184471_21015_0_0.png
processing: 5184398_21016_1_0.png
  SKIPPING IMAGE: tot amount of vasculature (10083.0213) < quality threshold 
processing: 5184398_21015_1_0.png
processing: 5184349_21016_0_0.png
processing: 5184349_21015_0_0.png
  SKIPPING IMAGE: tot amount of vasculature (7624.6075) < quality threshold 
processing: 5184305_21016_0_0.png
processing: 5184305_21015_0_0.png
processing: 5184225_21016_0_0.png
processing: 5184225_21015_0_0.png
processing: 5184219_21016_0_0.png
processing: 5184219_21015_0_0.png
processing: 5184123_21016_0_0.png
  SKIPPING IMAGE: tot amount of vasculature (300.5245) < quality threshold 
processing: 5184123_21015_0_0.png
  SKIPPING IMAGE: tot amount of vasculature (3927.3357) < quality threshold 
processing: 5184072_21016_0_0.png
  SKIPPING IMAGE: tot amount of vasculature (1710.1648) < quality threshold 
processing: 5184072_21015_0_1.png
  SKIPPING IMAGE: tot amount of vasculature (9964.9466) < quality threshold 
processing: 5184072_21015_0_0.png
  SKIPPING IMAGE: tot amount of vasculature (10573.0432) < quality threshold 
processing: 5184013_21016_1_0.png
processing: 5184013_21015_1_0.png
processing: 5183926_21016_0_0.png
processing: 5183926_21015_0_0.png
processing: 5183798_21016_0_0.png
  SKIPPING IMAGE: tot amount of vasculature (9260.863) < quality threshold 
processing: 5183798_21015_0_0.png
  SKIPPING IMAGE: tot amount of vasculature (9635.5287) < quality threshold 
processing: 5183666_21016_0_0.png
  SKIPPING IMAGE: tot amount of vasculature (10881.4611) < quality threshold 
processing: 5183666_21015_0_0.png
  SKIPPING IMAGE: tot amount of vasculature (6722.7144) < quality threshold 
processing: 5183599_21016_0_0.png
processing: 5183580_21016_0_0.png
processing: 5183580_21015_0_0.png
  SKIPPING IMAGE: tot amount of vasculature (8275.4019) < quality threshold 
processing: 5183536_21016_0_0.png
processing: 5183536_21015_0_0.png
processing: 5183389_21016_0_0.png
FINISHED: .mat files have been written to: /data/FAC/FBM/DBC/sbergman/retina/UKBiob/fundus/REVIEW//CLRIS/
execution time: 1878 sec
