------------------------------------------
Setting up environment variables
---
LD_LIBRARY_PATH is .:/software/Development/Languages/Matlab_Compiler_Runtime/96/runtime/glnxa64:/software/Development/Languages/Matlab_Compiler_Runtime/96/bin/glnxa64:/software/Development/Languages/Matlab_Compiler_Runtime/96/sys/os/glnxa64:/software/Development/Languages/Matlab_Compiler_Runtime/96/sys/opengl/lib/glnxa64
Running vessel measurements...
processing: 4138424_21016_0_0.png
processing: 4138424_21015_0_0.png
processing: 4138282_21016_0_0.png
processing: 4138282_21015_0_0.png
processing: 4138215_21016_0_0.png
  SKIPPING IMAGE: tot amount of vasculature (10026.5423) < quality threshold 
processing: 4138215_21015_0_0.png
  SKIPPING IMAGE: tot amount of vasculature (10077.4239) < quality threshold 
processing: 4138016_21016_0_0.png
processing: 4138016_21015_0_0.png
processing: 4137996_21016_0_0.png
  SKIPPING IMAGE: tot amount of vasculature (5387.6563) < quality threshold 
processing: 4137996_21015_0_0.png
  SKIPPING IMAGE: tot amount of vasculature (8727.937) < quality threshold 
processing: 4137939_21016_1_0.png
processing: 4137939_21015_1_0.png
processing: 4137848_21016_0_0.png
processing: 4137848_21015_0_0.png
  SKIPPING IMAGE: tot amount of vasculature (10722.3559) < quality threshold 
processing: 4137824_21016_0_0.png
processing: 4137824_21015_0_0.png
processing: 4137801_21016_1_0.png
processing: 4137801_21015_1_0.png
processing: 4137719_21016_0_0.png
processing: 4137719_21015_0_0.png
processing: 4137654_21016_0_0.png
processing: 4137654_21015_0_0.png
processing: 4137622_21016_1_0.png
  SKIPPING IMAGE: tot amount of vasculature (9364.8799) < quality threshold 
processing: 4137622_21015_1_0.png
processing: 4137540_21016_0_0.png
processing: 4137540_21015_0_0.png
  SKIPPING IMAGE: tot amount of vasculature (10528.8168) < quality threshold 
processing: 4137427_21016_1_0.png
  SKIPPING IMAGE: tot amount of vasculature (5307.6824) < quality threshold 
processing: 4137427_21015_1_0.png
  SKIPPING IMAGE: tot amount of vasculature (6154.7362) < quality threshold 
processing: 4137405_21016_1_0.png
processing: 4137405_21015_1_0.png
processing: 4137366_21016_0_0.png
processing: 4137366_21015_0_0.png
  SKIPPING IMAGE: tot amount of vasculature (9718.8764) < quality threshold 
processing: 4137341_21016_1_0.png
processing: 4137341_21015_1_0.png
processing: 4137337_21016_0_0.png
processing: 4137337_21015_0_0.png
processing: 4137329_21016_0_0.png
processing: 4137329_21015_0_0.png
processing: 4137245_21016_1_0.png
  SKIPPING IMAGE: tot amount of vasculature (7124.1461) < quality threshold 
processing: 4137245_21016_0_0.png
  SKIPPING IMAGE: tot amount of vasculature (9947.023) < quality threshold 
processing: 4137245_21015_1_0.png
processing: 4137245_21015_0_0.png
processing: 4137209_21016_0_0.png
processing: 4137209_21015_0_0.png
processing: 4137171_21016_0_0.png
processing: 4137171_21015_0_0.png
processing: 4137091_21016_0_0.png
  SKIPPING IMAGE: tot amount of vasculature (9356.5307) < quality threshold 
processing: 4137091_21015_0_0.png
processing: 4136972_21016_0_0.png
processing: 4136972_21015_0_0.png
processing: 4136936_21016_0_0.png
  SKIPPING IMAGE: tot amount of vasculature (10655.0599) < quality threshold 
processing: 4136936_21015_0_0.png
  SKIPPING IMAGE: tot amount of vasculature (10290.5933) < quality threshold 
processing: 4136913_21016_1_0.png
processing: 4136913_21015_1_0.png
processing: 4136885_21016_0_0.png
processing: 4136885_21015_0_0.png
processing: 4136877_21016_0_0.png
processing: 4136877_21015_0_0.png
processing: 4136733_21016_1_0.png
processing: 4136733_21015_1_0.png
processing: 4136720_21016_1_0.png
processing: 4136720_21016_0_0.png
processing: 4136720_21015_1_0.png
processing: 4136720_21015_0_0.png
processing: 4136702_21016_0_0.png
processing: 4136702_21015_0_0.png
processing: 4136630_21016_0_0.png
processing: 4136630_21015_0_0.png
processing: 4136552_21016_0_0.png
processing: 4136552_21015_0_0.png
processing: 4136528_21016_0_0.png
  SKIPPING IMAGE: tot amount of vasculature (10466.3486) < quality threshold 
processing: 4136528_21015_0_0.png
  SKIPPING IMAGE: tot amount of vasculature (782.2816) < quality threshold 
processing: 4136478_21016_0_0.png
processing: 4136478_21015_0_0.png
  SKIPPING IMAGE: tot amount of vasculature (10016.1745) < quality threshold 
processing: 4136454_21016_0_0.png
processing: 4136454_21015_0_0.png
processing: 4136446_21016_0_0.png
processing: 4136446_21015_0_0.png
processing: 4136400_21016_0_0.png
processing: 4136400_21015_0_0.png
processing: 4136358_21016_0_0.png
processing: 4136358_21015_0_0.png
processing: 4136240_21016_0_0.png
processing: 4136240_21015_0_0.png
processing: 4136082_21016_0_0.png
processing: 4136082_21015_0_0.png
processing: 4135993_21016_0_0.png
  SKIPPING IMAGE: tot amount of vasculature (1098.1673) < quality threshold 
processing: 4135993_21015_0_0.png
  SKIPPING IMAGE: tot amount of vasculature (120.4332) < quality threshold 
processing: 4135989_21016_0_0.png
  SKIPPING IMAGE: tot amount of vasculature (6741.2961) < quality threshold 
processing: 4135989_21015_0_0.png
  SKIPPING IMAGE: tot amount of vasculature (944.3185) < quality threshold 
processing: 4135917_21016_0_0.png
processing: 4135917_21015_0_0.png
processing: 4135816_21016_1_0.png
processing: 4135816_21015_1_0.png
  SKIPPING IMAGE: tot amount of vasculature (9033.3196) < quality threshold 
processing: 4135802_21016_0_0.png
processing: 4135802_21015_0_0.png
processing: 4135729_21016_0_0.png
processing: 4135729_21015_0_0.png
processing: 4135708_21016_0_0.png
  SKIPPING IMAGE: tot amount of vasculature (2591.1649) < quality threshold 
processing: 4135708_21015_0_0.png
  SKIPPING IMAGE: tot amount of vasculature (7280.925) < quality threshold 
processing: 4135696_21016_0_0.png
processing: 4135696_21015_0_0.png
processing: 4135639_21016_0_0.png
processing: 4135639_21015_0_0.png
processing: 4135544_21016_1_0.png
processing: 4135544_21015_1_0.png
processing: 4135476_21016_0_0.png
  SKIPPING IMAGE: tot amount of vasculature (7666.5593) < quality threshold 
processing: 4135476_21015_0_0.png
