------------------------------------------
Setting up environment variables
---
LD_LIBRARY_PATH is .:/software/Development/Languages/Matlab_Compiler_Runtime/96/runtime/glnxa64:/software/Development/Languages/Matlab_Compiler_Runtime/96/bin/glnxa64:/software/Development/Languages/Matlab_Compiler_Runtime/96/sys/os/glnxa64:/software/Development/Languages/Matlab_Compiler_Runtime/96/sys/opengl/lib/glnxa64
Running vessel measurements...
processing: 1344129_21016_1_0.png
processing: 1344129_21015_1_0.png
  SKIPPING IMAGE: tot amount of vasculature (9659.5403) < quality threshold 
processing: 1344074_21016_1_0.png
processing: 1344074_21015_1_0.png
processing: 1344063_21016_0_0.png
  SKIPPING IMAGE: tot amount of vasculature (4692.712) < quality threshold 
processing: 1344063_21015_0_0.png
  SKIPPING IMAGE: tot amount of vasculature (5199.0811) < quality threshold 
processing: 1344019_21016_0_0.png
processing: 1344019_21015_0_0.png
  SKIPPING IMAGE: tot amount of vasculature (8270.2301) < quality threshold 
processing: 1343997_21016_0_0.png
  SKIPPING IMAGE: tot amount of vasculature (6129.0819) < quality threshold 
processing: 1343997_21015_0_0.png
  SKIPPING IMAGE: tot amount of vasculature (3736.2442) < quality threshold 
processing: 1343909_21016_0_0.png
processing: 1343909_21015_0_0.png
processing: 1343792_21016_0_0.png
processing: 1343792_21015_0_0.png
processing: 1343788_21016_1_0.png
processing: 1343788_21015_1_0.png
processing: 1343647_21016_0_0.png
processing: 1343647_21015_0_0.png
processing: 1343616_21016_1_0.png
  SKIPPING IMAGE: tot amount of vasculature (5138.0471) < quality threshold 
processing: 1343616_21015_1_0.png
  SKIPPING IMAGE: No vessels found
processing: 1343525_21016_0_0.png
processing: 1343525_21015_0_0.png
processing: 1343444_21016_1_0.png
  SKIPPING IMAGE: tot amount of vasculature (9498.8006) < quality threshold 
processing: 1343444_21015_1_0.png
  SKIPPING IMAGE: tot amount of vasculature (7535.005) < quality threshold 
processing: 1343313_21016_1_0.png
  SKIPPING IMAGE: tot amount of vasculature (8550.6277) < quality threshold 
processing: 1343313_21015_1_0.png
processing: 1343262_21016_0_0.png
processing: 1343262_21015_0_0.png
processing: 1343250_21016_1_0.png
processing: 1343250_21015_1_0.png
processing: 1343221_21016_0_0.png
  SKIPPING IMAGE: tot amount of vasculature (9283.6344) < quality threshold 
processing: 1343221_21015_0_0.png
  SKIPPING IMAGE: tot amount of vasculature (3361.4988) < quality threshold 
processing: 1343154_21016_0_0.png
  SKIPPING IMAGE: tot amount of vasculature (1933.1547) < quality threshold 
processing: 1343154_21015_0_0.png
  SKIPPING IMAGE: tot amount of vasculature (6541.8367) < quality threshold 
processing: 1343146_21016_1_0.png
  SKIPPING IMAGE: tot amount of vasculature (7952.3879) < quality threshold 
processing: 1343146_21015_1_0.png
  SKIPPING IMAGE: tot amount of vasculature (7000.172) < quality threshold 
processing: 1343086_21016_0_0.png
processing: 1343086_21015_0_0.png
processing: 1343073_21016_0_0.png
processing: 1343073_21015_0_0.png
processing: 1343005_21016_0_0.png
  SKIPPING IMAGE: tot amount of vasculature (9844.4059) < quality threshold 
processing: 1343005_21015_0_0.png
processing: 1342962_21016_0_0.png
processing: 1342962_21015_0_0.png
processing: 1342801_21016_0_0.png
processing: 1342801_21015_0_0.png
processing: 1342781_21016_0_0.png
processing: 1342781_21015_0_0.png
processing: 1342763_21016_0_0.png
  SKIPPING IMAGE: tot amount of vasculature (9852.6437) < quality threshold 
processing: 1342763_21015_0_0.png
  SKIPPING IMAGE: tot amount of vasculature (10910.7611) < quality threshold 
processing: 1342756_21016_0_0.png
processing: 1342756_21015_0_0.png
processing: 1342678_21016_0_0.png
processing: 1342678_21015_0_0.png
processing: 1342661_21016_0_0.png
processing: 1342661_21015_0_0.png
processing: 1342600_21016_0_0.png
processing: 1342600_21015_0_0.png
processing: 1342464_21016_0_0.png
processing: 1342464_21015_0_0.png
processing: 1342449_21016_0_0.png
  SKIPPING IMAGE: tot amount of vasculature (7922.7597) < quality threshold 
processing: 1342449_21015_0_0.png
  SKIPPING IMAGE: tot amount of vasculature (6155.4917) < quality threshold 
processing: 1342430_21016_0_0.png
  SKIPPING IMAGE: tot amount of vasculature (3788.5773) < quality threshold 
processing: 1342430_21015_0_0.png
processing: 1342337_21016_0_0.png
processing: 1342337_21015_0_0.png
  SKIPPING IMAGE: tot amount of vasculature (6596.4698) < quality threshold 
processing: 1342308_21016_0_0.png
processing: 1342308_21015_0_0.png
processing: 1342168_21016_1_0.png
  SKIPPING IMAGE: tot amount of vasculature (7313.6891) < quality threshold 
processing: 1342168_21015_1_0.png
processing: 1342075_21016_0_0.png
processing: 1342075_21015_0_0.png
processing: 1341990_21016_0_0.png
processing: 1341990_21015_0_0.png
processing: 1341974_21016_0_0.png
processing: 1341974_21015_0_0.png
  SKIPPING IMAGE: tot amount of vasculature (2684.8039) < quality threshold 
processing: 1341907_21016_0_0.png
  SKIPPING IMAGE: tot amount of vasculature (8031.9557) < quality threshold 
processing: 1341907_21015_0_0.png
  SKIPPING IMAGE: tot amount of vasculature (10028.4263) < quality threshold 
processing: 1341777_21016_0_0.png
  SKIPPING IMAGE: tot amount of vasculature (6673.6049) < quality threshold 
processing: 1341750_21016_0_0.png
processing: 1341750_21015_0_0.png
processing: 1341721_21016_0_0.png
processing: 1341688_21016_0_0.png
processing: 1341688_21015_0_0.png
processing: 1341640_21016_0_0.png
processing: 1341640_21015_0_0.png
  SKIPPING IMAGE: tot amount of vasculature (5230.2034) < quality threshold 
processing: 1341401_21016_1_0.png
  SKIPPING IMAGE: tot amount of vasculature (6138.5324) < quality threshold 
processing: 1341401_21015_1_0.png
processing: 1341360_21016_0_0.png
processing: 1341360_21015_0_0.png
  SKIPPING IMAGE: tot amount of vasculature (8191.8449) < quality threshold 
processing: 1341352_21016_1_0.png
  SKIPPING IMAGE: tot amount of vasculature (9665.2522) < quality threshold 
processing: 1341352_21016_0_0.png
processing: 1341352_21015_1_0.png
  SKIPPING IMAGE: tot amount of vasculature (7179.9106) < quality threshold 
processing: 1341352_21015_0_0.png
processing: 1341311_21016_0_0.png
processing: 1341311_21015_0_0.png
processing: 1341294_21016_0_0.png
  SKIPPING IMAGE: tot amount of vasculature (6625.4224) < quality threshold 
processing: 1341294_21015_0_0.png
processing: 1341110_21016_0_0.png
  SKIPPING IMAGE: tot amount of vasculature (9489.2084) < quality threshold 
processing: 1341110_21015_0_0.png
processing: 1340999_21016_0_0.png
processing: 1340999_21015_0_0.png
processing: 1340948_21016_1_0.png
processing: 1340948_21015_1_0.png
processing: 1340924_21016_0_0.png
processing: 1340924_21015_0_0.png
  SKIPPING IMAGE: tot amount of vasculature (5056.0558) < quality threshold 
processing: 1340771_21016_0_0.png
  SKIPPING IMAGE: tot amount of vasculature (6978.0259) < quality threshold 
processing: 1340771_21015_0_0.png
  SKIPPING IMAGE: tot amount of vasculature (10840.4548) < quality threshold 
processing: 1340759_21016_0_0.png
  SKIPPING IMAGE: tot amount of vasculature (3246.9982) < quality threshold 
processing: 1340759_21015_0_0.png
processing: 1340747_21016_0_0.png
processing: 1340747_21015_0_0.png
  SKIPPING IMAGE: tot amount of vasculature (5646.176) < quality threshold 
processing: 1340720_21016_0_0.png
processing: 1340720_21015_0_0.png
processing: 1340716_21016_0_0.png
  SKIPPING IMAGE: tot amount of vasculature (1644.482) < quality threshold 
processing: 1340716_21015_0_0.png
  SKIPPING IMAGE: tot amount of vasculature (7257.2519) < quality threshold 
processing: 1340698_21016_0_0.png
processing: 1340698_21015_0_0.png
processing: 1340651_21016_1_0.png
processing: 1340651_21015_1_0.png
processing: 1340576_21016_0_0.png
processing: 1340576_21015_0_0.png
processing: 1340478_21016_0_0.png
processing: 1340478_21015_0_0.png
processing: 1340375_21016_0_0.png
  SKIPPING IMAGE: tot amount of vasculature (8611.9103) < quality threshold 
processing: 1340375_21015_0_0.png
processing: 1340190_21016_0_0.png
processing: 1340190_21015_0_0.png
  SKIPPING IMAGE: tot amount of vasculature (4671.5493) < quality threshold 
processing: 1340156_21016_0_0.png
processing: 1340156_21015_0_0.png
processing: 1340138_21016_1_0.png
  SKIPPING IMAGE: tot amount of vasculature (4370.216) < quality threshold 
processing: 1340138_21016_0_0.png
processing: 1340138_21015_1_0.png
  SKIPPING IMAGE: tot amount of vasculature (10299.1045) < quality threshold 
processing: 1340138_21015_0_0.png
processing: 1339973_21016_0_0.png
  SKIPPING IMAGE: tot amount of vasculature (8910.6372) < quality threshold 
processing: 1339973_21015_0_0.png
processing: 1339964_21016_0_0.png
processing: 1339964_21015_0_0.png
processing: 1339863_21016_0_0.png
processing: 1339863_21015_0_0.png
processing: 1339842_21016_0_0.png
processing: 1339842_21015_0_0.png
processing: 1339758_21016_1_0.png
processing: 1339758_21015_1_0.png
  SKIPPING IMAGE: tot amount of vasculature (10593.0327) < quality threshold 
processing: 1339680_21016_1_0.png
processing: 1339680_21015_1_0.png
processing: 1339594_21016_0_0.png
processing: 1339594_21015_0_0.png
processing: 1339570_21016_1_0.png
  SKIPPING IMAGE: tot amount of vasculature (7342.3695) < quality threshold 
processing: 1339570_21015_1_0.png
  SKIPPING IMAGE: tot amount of vasculature (9328.04) < quality threshold 
processing: 1339553_21016_0_0.png
processing: 1339515_21016_0_0.png
processing: 1339515_21015_0_0.png
  SKIPPING IMAGE: tot amount of vasculature (10974.43) < quality threshold 
processing: 1339333_21016_1_0.png
processing: 1339333_21015_1_0.png
processing: 1339222_21016_0_0.png
processing: 1339222_21015_0_0.png
processing: 1339196_21016_1_0.png
  SKIPPING IMAGE: tot amount of vasculature (5468.442) < quality threshold 
processing: 1339196_21015_1_0.png
  SKIPPING IMAGE: tot amount of vasculature (1429.4777) < quality threshold 
processing: 1339139_21016_1_0.png
processing: 1339139_21015_1_0.png
processing: 1339097_21016_0_0.png
  SKIPPING IMAGE: No vessels found
processing: 1339097_21015_0_0.png
  SKIPPING IMAGE: tot amount of vasculature (1499.5483) < quality threshold 
processing: 1339060_21016_0_0.png
processing: 1339060_21015_0_0.png
processing: 1338859_21016_0_0.png
processing: 1338859_21015_0_0.png
processing: 1338847_21016_0_0.png
processing: 1338847_21015_0_0.png
processing: 1338820_21016_0_0.png
processing: 1338820_21015_0_0.png
processing: 1338816_21016_0_0.png
processing: 1338816_21015_0_0.png
processing: 1338794_21016_0_0.png
  SKIPPING IMAGE: tot amount of vasculature (4734.2799) < quality threshold 
processing: 1338794_21015_0_0.png
  SKIPPING IMAGE: tot amount of vasculature (10829.3544) < quality threshold 
processing: 1338770_21016_0_0.png
processing: 1338770_21015_0_0.png
processing: 1338753_21016_0_1.png
  SKIPPING IMAGE: tot amount of vasculature (642.4786) < quality threshold 
processing: 1338753_21016_0_0.png
  SKIPPING IMAGE: tot amount of vasculature (4566.2341) < quality threshold 
processing: 1338753_21015_0_0.png
  SKIPPING IMAGE: No vessels found
processing: 1338558_21016_0_0.png
processing: 1338558_21015_0_0.png
processing: 1338273_21016_0_0.png
processing: 1338273_21015_0_0.png
  SKIPPING IMAGE: tot amount of vasculature (45.7777) < quality threshold 
processing: 1338227_21016_0_0.png
processing: 1338227_21015_0_0.png
processing: 1338212_21016_0_0.png
  SKIPPING IMAGE: tot amount of vasculature (7773.9583) < quality threshold 
processing: 1338212_21015_0_0.png
  SKIPPING IMAGE: tot amount of vasculature (7299.6675) < quality threshold 
processing: 1338172_21016_0_0.png
processing: 1338172_21015_0_0.png
  SKIPPING IMAGE: tot amount of vasculature (5750.9027) < quality threshold 
processing: 1338113_21016_0_0.png
processing: 1338113_21015_0_0.png
processing: 1338079_21016_0_0.png
  SKIPPING IMAGE: tot amount of vasculature (17.0696) < quality threshold 
processing: 1338079_21015_0_0.png
  SKIPPING IMAGE: tot amount of vasculature (20.4004) < quality threshold 
processing: 1338031_21016_0_0.png
processing: 1338031_21015_0_0.png
processing: 1338006_21016_0_0.png
processing: 1338006_21015_0_0.png
processing: 1337994_21016_1_0.png
processing: 1337994_21016_0_0.png
processing: 1337994_21015_1_0.png
processing: 1337994_21015_0_0.png
processing: 1337982_21016_0_0.png
processing: 1337982_21015_0_0.png
processing: 1337852_21016_0_0.png
processing: 1337852_21015_0_0.png
processing: 1337834_21016_1_0.png
processing: 1337834_21015_1_0.png
processing: 1337761_21016_0_0.png
processing: 1337761_21015_0_0.png
processing: 1337754_21016_1_0.png
  SKIPPING IMAGE: tot amount of vasculature (9732.6266) < quality threshold 
processing: 1337754_21015_1_0.png
processing: 1337691_21016_1_0.png
processing: 1337691_21015_1_0.png
  SKIPPING IMAGE: tot amount of vasculature (4429.3031) < quality threshold 
processing: 1337632_21016_0_0.png
processing: 1337632_21015_0_0.png
processing: 1337610_21016_0_0.png
processing: 1337610_21015_0_0.png
  SKIPPING IMAGE: tot amount of vasculature (9039.1403) < quality threshold 
processing: 1337484_21016_0_0.png
processing: 1337484_21015_0_0.png
processing: 1337447_21016_0_0.png
processing: 1337447_21015_0_0.png
processing: 1337165_21016_1_0.png
  SKIPPING IMAGE: tot amount of vasculature (4188.3982) < quality threshold 
processing: 1337165_21015_1_0.png
  SKIPPING IMAGE: tot amount of vasculature (6612.7553) < quality threshold 
processing: 1337131_21016_0_0.png
processing: 1337131_21015_0_0.png
processing: 1337024_21016_0_0.png
processing: 1337024_21015_0_0.png
processing: 1336945_21016_1_0.png
  SKIPPING IMAGE: tot amount of vasculature (3819.9922) < quality threshold 
processing: 1336945_21015_1_0.png
  SKIPPING IMAGE: tot amount of vasculature (6984.7315) < quality threshold 
processing: 1336882_21016_0_0.png
processing: 1336882_21015_0_0.png
processing: 1336853_21016_0_0.png
  SKIPPING IMAGE: tot amount of vasculature (4706.8371) < quality threshold 
processing: 1336853_21015_0_0.png
  SKIPPING IMAGE: tot amount of vasculature (6496.7584) < quality threshold 
processing: 1336714_21016_0_0.png
processing: 1336714_21015_0_0.png
processing: 1336684_21016_0_0.png
processing: 1336684_21015_0_1.png
processing: 1336684_21015_0_0.png
processing: 1336647_21016_0_0.png
processing: 1336647_21015_0_0.png
processing: 1336590_21016_1_0.png
processing: 1336590_21015_1_0.png
processing: 1336581_21016_0_0.png
processing: 1336581_21015_0_0.png
  SKIPPING IMAGE: tot amount of vasculature (9833.1346) < quality threshold 
processing: 1336538_21016_1_0.png
processing: 1336538_21015_1_0.png
processing: 1336475_21016_0_0.png
processing: 1336475_21015_0_0.png
  SKIPPING IMAGE: tot amount of vasculature (9897.2416) < quality threshold 
processing: 1336372_21016_0_0.png
processing: 1336372_21015_0_0.png
  SKIPPING IMAGE: tot amount of vasculature (7832.0805) < quality threshold 
processing: 1336239_21016_0_0.png
  SKIPPING IMAGE: tot amount of vasculature (10309.9065) < quality threshold 
processing: 1336239_21015_0_0.png
  SKIPPING IMAGE: tot amount of vasculature (9322.8272) < quality threshold 
processing: 1336218_21016_0_0.png
processing: 1336218_21015_0_0.png
processing: 1336064_21016_0_0.png
processing: 1336064_21015_0_0.png
processing: 1335987_21016_0_0.png
  SKIPPING IMAGE: tot amount of vasculature (3449.6743) < quality threshold 
processing: 1335987_21015_0_0.png
processing: 1335892_21016_0_0.png
processing: 1335892_21015_0_0.png
  SKIPPING IMAGE: tot amount of vasculature (1216.4136) < quality threshold 
processing: 1335888_21016_0_0.png
processing: 1335888_21015_0_0.png
  SKIPPING IMAGE: tot amount of vasculature (6680.3831) < quality threshold 
processing: 1335773_21016_1_0.png
  SKIPPING IMAGE: tot amount of vasculature (10297.0604) < quality threshold 
processing: 1335773_21015_1_0.png
  SKIPPING IMAGE: tot amount of vasculature (10623.5913) < quality threshold 
processing: 1335730_21016_0_0.png
processing: 1335730_21015_0_0.png
processing: 1335641_21016_1_0.png
processing: 1335641_21015_1_0.png
  SKIPPING IMAGE: tot amount of vasculature (9703.2652) < quality threshold 
processing: 1335608_21016_0_0.png
processing: 1335608_21015_0_0.png
  SKIPPING IMAGE: tot amount of vasculature (7231.3611) < quality threshold 
processing: 1335599_21016_0_0.png
processing: 1335599_21015_0_0.png
processing: 1335572_21016_0_0.png
processing: 1335572_21015_0_0.png
processing: 1335555_21016_1_0.png
processing: 1335555_21015_1_0.png
processing: 1335442_21016_0_0.png
  SKIPPING IMAGE: tot amount of vasculature (6911.5887) < quality threshold 
processing: 1335442_21015_0_0.png
processing: 1335317_21016_0_0.png
processing: 1335317_21015_0_0.png
processing: 1335152_21016_0_0.png
processing: 1335152_21015_0_0.png
processing: 1335128_21016_0_0.png
  SKIPPING IMAGE: tot amount of vasculature (3138.9491) < quality threshold 
processing: 1335128_21015_0_0.png
  SKIPPING IMAGE: tot amount of vasculature (2182.0925) < quality threshold 
processing: 1335096_21016_0_0.png
processing: 1335096_21015_0_0.png
  SKIPPING IMAGE: tot amount of vasculature (10813.1249) < quality threshold 
processing: 1335043_21016_0_0.png
processing: 1335043_21015_0_0.png
processing: 1334990_21016_0_0.png
processing: 1334990_21015_0_0.png
processing: 1334851_21016_0_0.png
processing: 1334851_21015_0_0.png
processing: 1334830_21016_1_0.png
processing: 1334830_21015_1_0.png
processing: 1334777_21016_0_0.png
processing: 1334777_21015_0_0.png
processing: 1334750_21016_0_0.png
processing: 1334750_21015_0_0.png
processing: 1334623_21016_1_0.png
  SKIPPING IMAGE: tot amount of vasculature (9535.9283) < quality threshold 
FINISHED: .mat files have been written to: /data/FAC/FBM/DBC/sbergman/retina/UKBiob/fundus/REVIEW//CLRIS/
execution time: 2625 sec
