------------------------------------------
Setting up environment variables
---
LD_LIBRARY_PATH is .:/software/Development/Languages/Matlab_Compiler_Runtime/96/runtime/glnxa64:/software/Development/Languages/Matlab_Compiler_Runtime/96/bin/glnxa64:/software/Development/Languages/Matlab_Compiler_Runtime/96/sys/os/glnxa64:/software/Development/Languages/Matlab_Compiler_Runtime/96/sys/opengl/lib/glnxa64
Running vessel measurements...
processing: 2793176_21015_0_0.png
processing: 2793152_21016_1_0.png
processing: 2793152_21015_1_0.png
processing: 2793145_21016_0_0.png
  SKIPPING IMAGE: tot amount of vasculature (6796.0727) < quality threshold 
processing: 2793145_21015_0_0.png
processing: 2792889_21016_1_0.png
processing: 2792889_21015_1_0.png
processing: 2792854_21016_0_0.png
processing: 2792854_21015_0_0.png
processing: 2792683_21016_0_0.png
  SKIPPING IMAGE: tot amount of vasculature (9583.3402) < quality threshold 
processing: 2792683_21015_0_0.png
processing: 2792634_21016_0_0.png
processing: 2792634_21015_0_0.png
processing: 2792611_21016_0_0.png
processing: 2792611_21015_0_0.png
processing: 2792609_21016_0_0.png
processing: 2792609_21015_0_0.png
processing: 2792586_21016_0_0.png
  SKIPPING IMAGE: tot amount of vasculature (8755.4628) < quality threshold 
processing: 2792586_21015_0_0.png
  SKIPPING IMAGE: tot amount of vasculature (3363.2173) < quality threshold 
processing: 2792505_21016_0_0.png
processing: 2792505_21015_0_0.png
processing: 2792306_21016_0_0.png
  SKIPPING IMAGE: tot amount of vasculature (8983.4864) < quality threshold 
processing: 2792306_21015_0_0.png
  SKIPPING IMAGE: tot amount of vasculature (3642.7954) < quality threshold 
processing: 2792194_21016_1_0.png
  SKIPPING IMAGE: tot amount of vasculature (3288.3799) < quality threshold 
processing: 2792194_21015_1_0.png
  SKIPPING IMAGE: tot amount of vasculature (7190.1935) < quality threshold 
processing: 2792090_21016_0_0.png
processing: 2792090_21015_0_0.png
processing: 2792019_21016_1_0.png
processing: 2792019_21016_0_0.png
processing: 2792019_21015_1_0.png
processing: 2792019_21015_0_0.png
processing: 2791980_21016_0_0.png
processing: 2791980_21015_0_0.png
processing: 2791839_21016_1_0.png
  SKIPPING IMAGE: tot amount of vasculature (9010.5) < quality threshold 
processing: 2791839_21015_1_0.png
processing: 2791795_21016_1_0.png
  SKIPPING IMAGE: tot amount of vasculature (10100.0151) < quality threshold 
processing: 2791795_21015_1_0.png
  SKIPPING IMAGE: tot amount of vasculature (7876.6545) < quality threshold 
processing: 2791720_21016_0_0.png
processing: 2791720_21015_0_0.png
processing: 2791686_21016_0_0.png
processing: 2791686_21015_0_0.png
processing: 2791664_21016_0_0.png
processing: 2791664_21015_0_0.png
processing: 2791651_21016_1_0.png
processing: 2791651_21015_1_0.png
  SKIPPING IMAGE: tot amount of vasculature (10875.6) < quality threshold 
processing: 2791369_21016_0_0.png
processing: 2791369_21015_0_0.png
processing: 2791326_21016_1_0.png
processing: 2791326_21015_1_0.png
  SKIPPING IMAGE: tot amount of vasculature (5238.5565) < quality threshold 
processing: 2791231_21016_0_0.png
  SKIPPING IMAGE: tot amount of vasculature (59.9688) < quality threshold 
processing: 2791231_21015_0_0.png
  SKIPPING IMAGE: tot amount of vasculature (6539.7944) < quality threshold 
processing: 2791142_21016_0_0.png
  SKIPPING IMAGE: tot amount of vasculature (10976.099) < quality threshold 
processing: 2791142_21015_0_0.png
processing: 2791119_21016_0_0.png
  SKIPPING IMAGE: tot amount of vasculature (7845.5012) < quality threshold 
processing: 2791119_21015_0_0.png
processing: 2791094_21016_0_0.png
processing: 2791094_21015_0_0.png
processing: 2791008_21016_1_0.png
processing: 2791008_21015_1_0.png
processing: 2790989_21016_0_0.png
processing: 2790989_21015_0_0.png
processing: 2790917_21016_0_0.png
processing: 2790917_21015_0_0.png
processing: 2790895_21016_0_0.png
processing: 2790895_21015_0_0.png
processing: 2790859_21016_0_0.png
processing: 2790859_21015_0_0.png
processing: 2790847_21016_0_0.png
processing: 2790847_21015_0_0.png
processing: 2790802_21016_0_0.png
processing: 2790802_21015_0_0.png
processing: 2790770_21016_0_0.png
processing: 2790770_21015_0_0.png
processing: 2790737_21016_0_0.png
processing: 2790737_21015_0_0.png
processing: 2790708_21016_0_0.png
processing: 2790708_21015_0_0.png
processing: 2790591_21016_0_0.png
processing: 2790591_21015_0_0.png
processing: 2790558_21016_0_0.png
processing: 2790558_21015_0_0.png
processing: 2790544_21016_0_0.png
  SKIPPING IMAGE: tot amount of vasculature (7790.3456) < quality threshold 
processing: 2790544_21015_0_0.png
processing: 2790319_21016_0_0.png
  SKIPPING IMAGE: tot amount of vasculature (5697.0643) < quality threshold 
processing: 2790319_21015_0_0.png
  SKIPPING IMAGE: tot amount of vasculature (6433.1562) < quality threshold 
processing: 2790307_21016_0_0.png
processing: 2790307_21015_0_0.png
processing: 2790212_21016_0_0.png
processing: 2790212_21015_0_0.png
  SKIPPING IMAGE: tot amount of vasculature (5258.609) < quality threshold 
processing: 2790092_21016_0_0.png
processing: 2790092_21015_0_0.png
processing: 2790065_21016_0_0.png
processing: 2790065_21015_0_0.png
processing: 2790006_21016_1_0.png
processing: 2790006_21015_1_0.png
processing: 2789924_21016_0_0.png
processing: 2789924_21015_0_0.png
  SKIPPING IMAGE: tot amount of vasculature (3454.7053) < quality threshold 
processing: 2789850_21016_0_0.png
processing: 2789850_21015_0_0.png
processing: 2789843_21016_0_0.png
processing: 2789843_21015_0_0.png
processing: 2789630_21016_0_0.png
  SKIPPING IMAGE: tot amount of vasculature (3264.3384) < quality threshold 
processing: 2789630_21015_0_0.png
  SKIPPING IMAGE: tot amount of vasculature (1970.0014) < quality threshold 
processing: 2789627_21016_0_0.png
processing: 2789627_21015_0_0.png
processing: 2789605_21016_0_0.png
processing: 2789605_21015_0_0.png
processing: 2789597_21016_0_0.png
  SKIPPING IMAGE: tot amount of vasculature (1894.6924) < quality threshold 
processing: 2789597_21015_0_0.png
  SKIPPING IMAGE: tot amount of vasculature (2106.5921) < quality threshold 
processing: 2789493_21016_0_0.png
  SKIPPING IMAGE: tot amount of vasculature (10329.7862) < quality threshold 
processing: 2789478_21016_0_0.png
  SKIPPING IMAGE: tot amount of vasculature (2238.8018) < quality threshold 
processing: 2789478_21015_0_0.png
  SKIPPING IMAGE: tot amount of vasculature (941.2799) < quality threshold 
processing: 2789400_21016_0_0.png
processing: 2789400_21015_0_0.png
processing: 2789375_21016_0_0.png
  SKIPPING IMAGE: tot amount of vasculature (8384.46) < quality threshold 
processing: 2789375_21015_0_0.png
processing: 2789344_21016_0_0.png
processing: 2789344_21015_0_0.png
processing: 2789292_21016_0_0.png
processing: 2789292_21015_0_0.png
processing: 2789174_21016_1_0.png
