------------------------------------------
Setting up environment variables
---
LD_LIBRARY_PATH is .:/software/Development/Languages/Matlab_Compiler_Runtime/96/runtime/glnxa64:/software/Development/Languages/Matlab_Compiler_Runtime/96/bin/glnxa64:/software/Development/Languages/Matlab_Compiler_Runtime/96/sys/os/glnxa64:/software/Development/Languages/Matlab_Compiler_Runtime/96/sys/opengl/lib/glnxa64
Running vessel measurements...
processing: 4749834_21016_0_0.png
processing: 4749834_21015_0_0.png
  SKIPPING IMAGE: tot amount of vasculature (10917.3207) < quality threshold 
processing: 4749778_21016_0_0.png
processing: 4749778_21015_0_0.png
processing: 4749754_21016_0_0.png
  SKIPPING IMAGE: tot amount of vasculature (4575.1938) < quality threshold 
processing: 4749754_21015_0_0.png
  SKIPPING IMAGE: tot amount of vasculature (2761.1342) < quality threshold 
processing: 4749735_21016_0_0.png
processing: 4749735_21015_0_0.png
processing: 4749658_21016_0_0.png
processing: 4749658_21015_0_0.png
processing: 4749504_21016_0_0.png
processing: 4749504_21015_0_0.png
processing: 4749495_21016_0_0.png
processing: 4749495_21015_0_0.png
  SKIPPING IMAGE: tot amount of vasculature (10949.0699) < quality threshold 
processing: 4749416_21016_0_0.png
processing: 4749416_21015_0_0.png
  SKIPPING IMAGE: tot amount of vasculature (9345.776) < quality threshold 
processing: 4749351_21016_0_0.png
processing: 4749351_21015_0_0.png
processing: 4749312_21016_0_0.png
  SKIPPING IMAGE: tot amount of vasculature (8486.386) < quality threshold 
processing: 4749312_21015_0_0.png
processing: 4749242_21016_0_0.png
processing: 4749242_21015_0_0.png
processing: 4749207_21016_0_0.png
processing: 4749207_21015_0_0.png
processing: 4749192_21016_0_0.png
processing: 4749192_21015_0_0.png
processing: 4749140_21015_0_0.png
processing: 4749131_21016_1_0.png
  SKIPPING IMAGE: tot amount of vasculature (118.4627) < quality threshold 
processing: 4749131_21015_1_0.png
  SKIPPING IMAGE: tot amount of vasculature (6320.5074) < quality threshold 
processing: 4749114_21016_0_0.png
processing: 4749114_21015_0_0.png
processing: 4749001_21016_0_0.png
processing: 4749001_21015_0_0.png
  SKIPPING IMAGE: tot amount of vasculature (10711.0735) < quality threshold 
processing: 4748873_21016_0_0.png
processing: 4748873_21015_0_0.png
processing: 4748864_21016_0_0.png
processing: 4748864_21015_0_0.png
processing: 4748796_21016_0_0.png
processing: 4748796_21015_0_0.png
processing: 4748718_21016_0_0.png
processing: 4748718_21015_0_0.png
processing: 4748692_21016_0_0.png
  SKIPPING IMAGE: tot amount of vasculature (3511.679) < quality threshold 
processing: 4748692_21015_0_0.png
  SKIPPING IMAGE: tot amount of vasculature (9983.4024) < quality threshold 
processing: 4748640_21016_0_0.png
processing: 4748640_21015_0_0.png
processing: 4748500_21016_1_0.png
  SKIPPING IMAGE: tot amount of vasculature (2762.6782) < quality threshold 
processing: 4748500_21015_1_0.png
  SKIPPING IMAGE: tot amount of vasculature (3248.2741) < quality threshold 
processing: 4748480_21016_0_0.png
  SKIPPING IMAGE: tot amount of vasculature (9203.2854) < quality threshold 
processing: 4748480_21015_0_0.png
processing: 4748472_21016_1_0.png
processing: 4748472_21015_1_0.png
processing: 4748448_21016_0_0.png
processing: 4748448_21015_0_0.png
processing: 4748424_21016_0_0.png
  SKIPPING IMAGE: tot amount of vasculature (10377.8098) < quality threshold 
processing: 4748424_21015_0_0.png
processing: 4748345_21016_0_0.png
processing: 4748345_21015_0_0.png
processing: 4748309_21016_0_0.png
  SKIPPING IMAGE: tot amount of vasculature (8026.6781) < quality threshold 
processing: 4748309_21015_0_0.png
processing: 4748215_21016_1_0.png
processing: 4748215_21015_1_0.png
processing: 4747985_21016_0_0.png
processing: 4747985_21015_0_0.png
  SKIPPING IMAGE: tot amount of vasculature (9426.0964) < quality threshold 
processing: 4747962_21016_0_0.png
processing: 4747962_21015_0_0.png
processing: 4747943_21016_1_0.png
processing: 4747943_21015_1_0.png
processing: 4747939_21016_1_0.png
  SKIPPING IMAGE: tot amount of vasculature (9307.832) < quality threshold 
processing: 4747939_21015_1_0.png
processing: 4747921_21016_0_0.png
  SKIPPING IMAGE: tot amount of vasculature (68.891) < quality threshold 
processing: 4747921_21015_0_0.png
  SKIPPING IMAGE: tot amount of vasculature (2085.7131) < quality threshold 
processing: 4747867_21016_1_0.png
processing: 4747867_21015_1_0.png
  SKIPPING IMAGE: tot amount of vasculature (7360.502) < quality threshold 
processing: 4747824_21016_0_0.png
processing: 4747824_21015_0_0.png
processing: 4747790_21016_0_0.png
processing: 4747790_21015_0_0.png
processing: 4747781_21016_0_0.png
  SKIPPING IMAGE: tot amount of vasculature (251.4759) < quality threshold 
processing: 4747781_21015_0_0.png
  SKIPPING IMAGE: tot amount of vasculature (55.0086) < quality threshold 
processing: 4747707_21016_1_0.png
processing: 4747707_21015_1_0.png
processing: 4747588_21016_0_0.png
  SKIPPING IMAGE: tot amount of vasculature (10503.7457) < quality threshold 
processing: 4747588_21015_0_0.png
  SKIPPING IMAGE: tot amount of vasculature (3284.0091) < quality threshold 
processing: 4747506_21016_1_0.png
processing: 4747506_21015_1_0.png
  SKIPPING IMAGE: tot amount of vasculature (9651.2784) < quality threshold 
processing: 4747449_21016_1_0.png
  SKIPPING IMAGE: tot amount of vasculature (101.4911) < quality threshold 
processing: 4747449_21015_1_0.png
  SKIPPING IMAGE: tot amount of vasculature (696.2076) < quality threshold 
processing: 4747430_21016_0_0.png
processing: 4747430_21015_0_0.png
processing: 4747382_21016_0_0.png
processing: 4747382_21015_0_0.png
processing: 4747341_21016_1_0.png
processing: 4747341_21016_0_0.png
processing: 4747341_21015_1_0.png
processing: 4747341_21015_0_0.png
processing: 4747283_21016_0_0.png
processing: 4747283_21015_0_0.png
  SKIPPING IMAGE: tot amount of vasculature (5179.2575) < quality threshold 
processing: 4747260_21016_0_0.png
processing: 4747260_21015_0_0.png
processing: 4747195_21016_0_0.png
processing: 4747195_21015_0_0.png
processing: 4747010_21016_1_0.png
  SKIPPING IMAGE: tot amount of vasculature (2020.4035) < quality threshold 
processing: 4747010_21015_1_0.png
  SKIPPING IMAGE: tot amount of vasculature (4654.6565) < quality threshold 
processing: 4746999_21016_0_0.png
  SKIPPING IMAGE: tot amount of vasculature (2296.348) < quality threshold 
processing: 4746999_21015_0_0.png
  SKIPPING IMAGE: tot amount of vasculature (1072.9817) < quality threshold 
processing: 4746936_21016_0_0.png
processing: 4746936_21015_0_0.png
processing: 4746896_21016_0_0.png
processing: 4746896_21015_0_1.png
  SKIPPING IMAGE: tot amount of vasculature (8332.4286) < quality threshold 
processing: 4746896_21015_0_0.png
  SKIPPING IMAGE: tot amount of vasculature (10755.2704) < quality threshold 
processing: 4746768_21016_0_0.png
processing: 4746768_21015_0_0.png
processing: 4746759_21016_0_0.png
processing: 4746759_21015_0_0.png
processing: 4746733_21016_1_0.png
processing: 4746733_21015_1_0.png
processing: 4746664_21016_0_0.png
processing: 4746664_21015_0_0.png
processing: 4746630_21016_0_0.png
processing: 4746630_21015_0_0.png
processing: 4746612_21016_0_0.png
processing: 4746612_21015_0_0.png
processing: 4746545_21016_0_0.png
  SKIPPING IMAGE: tot amount of vasculature (9138.8083) < quality threshold 
processing: 4746545_21015_0_0.png
processing: 4746511_21016_1_0.png
  SKIPPING IMAGE: tot amount of vasculature (42.6913) < quality threshold 
processing: 4746511_21015_1_0.png
  SKIPPING IMAGE: tot amount of vasculature (1825.6388) < quality threshold 
processing: 4746435_21016_0_0.png
processing: 4746435_21015_0_0.png
processing: 4746417_21016_0_0.png
processing: 4746417_21015_0_0.png
processing: 4746391_21016_0_0.png
processing: 4746391_21015_0_0.png
  SKIPPING IMAGE: tot amount of vasculature (9976.4588) < quality threshold 
processing: 4746375_21016_1_0.png
  SKIPPING IMAGE: tot amount of vasculature (10337.548) < quality threshold 
processing: 4746375_21015_1_0.png
  SKIPPING IMAGE: tot amount of vasculature (3594.8457) < quality threshold 
processing: 4746279_21016_0_0.png
processing: 4746279_21015_0_0.png
processing: 4746265_21016_1_0.png
  SKIPPING IMAGE: tot amount of vasculature (10476.7706) < quality threshold 
processing: 4746265_21015_1_0.png
  SKIPPING IMAGE: tot amount of vasculature (8313.8689) < quality threshold 
processing: 4746223_21016_0_0.png
processing: 4746223_21015_0_0.png
processing: 4746138_21016_0_0.png
processing: 4746138_21015_0_0.png
processing: 4746125_21016_0_0.png
processing: 4746125_21015_0_0.png
processing: 4746094_21016_0_0.png
  SKIPPING IMAGE: tot amount of vasculature (4882.1633) < quality threshold 
processing: 4746094_21015_0_0.png
  SKIPPING IMAGE: tot amount of vasculature (4108.3029) < quality threshold 
processing: 4746037_21016_0_0.png
processing: 4746037_21015_0_0.png
processing: 4746029_21016_0_0.png
processing: 4746029_21015_0_0.png
processing: 4745978_21016_0_0.png
processing: 4745978_21015_0_0.png
processing: 4745961_21016_0_0.png
  SKIPPING IMAGE: tot amount of vasculature (6959.2547) < quality threshold 
processing: 4745961_21015_0_0.png
  SKIPPING IMAGE: tot amount of vasculature (10223.681) < quality threshold 
processing: 4745946_21016_0_0.png
  SKIPPING IMAGE: tot amount of vasculature (7324.6934) < quality threshold 
processing: 4745946_21015_0_0.png
  SKIPPING IMAGE: tot amount of vasculature (5824.7915) < quality threshold 
processing: 4745922_21016_1_0.png
processing: 4745922_21015_1_0.png
processing: 4745871_21016_0_0.png
processing: 4745871_21015_0_0.png
processing: 4745816_21016_0_0.png
processing: 4745816_21015_0_0.png
processing: 4745770_21016_0_0.png
processing: 4745770_21015_0_0.png
  SKIPPING IMAGE: tot amount of vasculature (10914.4941) < quality threshold 
processing: 4745753_21016_1_0.png
processing: 4745753_21015_1_0.png
processing: 4745741_21016_0_0.png
processing: 4745741_21015_0_0.png
processing: 4745685_21016_1_0.png
  SKIPPING IMAGE: tot amount of vasculature (6953.1346) < quality threshold 
processing: 4745685_21015_1_0.png
  SKIPPING IMAGE: tot amount of vasculature (5727.2436) < quality threshold 
processing: 4745604_21016_0_0.png
processing: 4745604_21015_0_0.png
processing: 4745558_21016_0_0.png
  SKIPPING IMAGE: tot amount of vasculature (5777.2678) < quality threshold 
processing: 4745558_21015_0_0.png
  SKIPPING IMAGE: tot amount of vasculature (7500.8928) < quality threshold 
processing: 4745381_21016_0_0.png
  SKIPPING IMAGE: tot amount of vasculature (10607.2782) < quality threshold 
processing: 4745381_21015_0_0.png
  SKIPPING IMAGE: tot amount of vasculature (8334.8711) < quality threshold 
processing: 4745342_21016_1_0.png
  SKIPPING IMAGE: tot amount of vasculature (1925.6649) < quality threshold 
processing: 4745342_21015_1_0.png
  SKIPPING IMAGE: tot amount of vasculature (7754.1344) < quality threshold 
processing: 4745249_21016_0_0.png
  SKIPPING IMAGE: tot amount of vasculature (10686.3092) < quality threshold 
processing: 4745249_21015_0_0.png
  SKIPPING IMAGE: tot amount of vasculature (10153.5692) < quality threshold 
processing: 4745172_21016_0_0.png
  SKIPPING IMAGE: tot amount of vasculature (9901.3359) < quality threshold 
processing: 4745172_21015_0_0.png
  SKIPPING IMAGE: tot amount of vasculature (10694.6003) < quality threshold 
processing: 4745101_21016_0_0.png
processing: 4745101_21015_0_0.png
processing: 4744928_21016_0_0.png
  SKIPPING IMAGE: tot amount of vasculature (718.5924) < quality threshold 
processing: 4744928_21015_0_0.png
  SKIPPING IMAGE: tot amount of vasculature (67.5009) < quality threshold 
processing: 4744882_21016_0_0.png
processing: 4744882_21015_0_0.png
  SKIPPING IMAGE: tot amount of vasculature (3352.7283) < quality threshold 
processing: 4744841_21016_0_0.png
processing: 4744841_21015_0_0.png
processing: 4744837_21016_1_0.png
processing: 4744837_21015_1_0.png
processing: 4744757_21016_1_0.png
processing: 4744757_21015_1_0.png
processing: 4744668_21016_1_0.png
processing: 4744668_21015_1_0.png
processing: 4744616_21016_0_0.png
processing: 4744616_21015_0_0.png
processing: 4744602_21016_0_0.png
processing: 4744602_21015_0_0.png
processing: 4744581_21016_1_0.png
processing: 4744581_21015_1_0.png
processing: 4744475_21016_1_0.png
  SKIPPING IMAGE: tot amount of vasculature (6163.2193) < quality threshold 
processing: 4744475_21015_1_0.png
  SKIPPING IMAGE: tot amount of vasculature (5340.8052) < quality threshold 
processing: 4744444_21016_0_0.png
processing: 4744444_21015_0_0.png
processing: 4744403_21016_0_0.png
processing: 4744403_21015_0_0.png
processing: 4744399_21016_1_0.png
  SKIPPING IMAGE: tot amount of vasculature (10221.4718) < quality threshold 
processing: 4744399_21015_1_0.png
  SKIPPING IMAGE: tot amount of vasculature (9382.052) < quality threshold 
processing: 4744380_21016_1_0.png
  SKIPPING IMAGE: tot amount of vasculature (18.7988) < quality threshold 
processing: 4744380_21015_1_0.png
  SKIPPING IMAGE: tot amount of vasculature (2582.9747) < quality threshold 
processing: 4744243_21016_0_0.png
processing: 4744243_21015_0_0.png
processing: 4744193_21016_0_0.png
  SKIPPING IMAGE: tot amount of vasculature (11.2718) < quality threshold 
processing: 4744193_21015_0_0.png
  SKIPPING IMAGE: tot amount of vasculature (10539.3995) < quality threshold 
processing: 4744135_21016_0_0.png
processing: 4744135_21015_0_0.png
processing: 4744073_21016_0_0.png
processing: 4744073_21015_0_0.png
processing: 4744051_21016_0_0.png
  SKIPPING IMAGE: tot amount of vasculature (245.2275) < quality threshold 
processing: 4744051_21015_0_0.png
  SKIPPING IMAGE: tot amount of vasculature (223.8652) < quality threshold 
processing: 4744012_21016_0_0.png
processing: 4744012_21015_0_0.png
processing: 4743861_21016_1_0.png
  SKIPPING IMAGE: tot amount of vasculature (8732.0017) < quality threshold 
processing: 4743861_21015_1_0.png
processing: 4743846_21016_0_0.png
processing: 4743846_21015_0_0.png
  SKIPPING IMAGE: tot amount of vasculature (8149.8783) < quality threshold 
processing: 4743822_21016_0_0.png
processing: 4743822_21015_0_0.png
processing: 4743755_21016_0_0.png
processing: 4743755_21015_0_0.png
processing: 4743634_21016_0_0.png
processing: 4743634_21015_0_0.png
processing: 4743628_21016_1_0.png
processing: 4743628_21015_1_0.png
processing: 4743564_21016_0_0.png
processing: 4743564_21015_0_0.png
processing: 4743551_21016_0_0.png
processing: 4743551_21015_0_0.png
processing: 4743512_21016_1_0.png
processing: 4743512_21015_1_0.png
processing: 4743450_21016_0_0.png
  SKIPPING IMAGE: tot amount of vasculature (5611.5776) < quality threshold 
processing: 4743450_21015_0_0.png
  SKIPPING IMAGE: tot amount of vasculature (9020.062) < quality threshold 
processing: 4743443_21016_0_0.png
processing: 4743443_21015_0_0.png
processing: 4743418_21016_1_0.png
  SKIPPING IMAGE: tot amount of vasculature (8917.294) < quality threshold 
processing: 4743418_21015_1_0.png
  SKIPPING IMAGE: tot amount of vasculature (6654.9373) < quality threshold 
processing: 4743323_21016_0_0.png
processing: 4743323_21015_0_0.png
processing: 4743226_21016_0_0.png
  SKIPPING IMAGE: tot amount of vasculature (4604.6506) < quality threshold 
processing: 4743226_21015_0_0.png
  SKIPPING IMAGE: tot amount of vasculature (9133.938) < quality threshold 
processing: 4743194_21016_0_0.png
  SKIPPING IMAGE: tot amount of vasculature (4906.4659) < quality threshold 
processing: 4743194_21015_0_0.png
  SKIPPING IMAGE: tot amount of vasculature (5662.2394) < quality threshold 
processing: 4743153_21016_0_0.png
  SKIPPING IMAGE: tot amount of vasculature (7682.0484) < quality threshold 
processing: 4743153_21015_0_0.png
  SKIPPING IMAGE: tot amount of vasculature (4702.4665) < quality threshold 
processing: 4743115_21016_0_0.png
  SKIPPING IMAGE: tot amount of vasculature (6001.6026) < quality threshold 
processing: 4743115_21015_0_0.png
  SKIPPING IMAGE: tot amount of vasculature (7718.0846) < quality threshold 
processing: 4743074_21016_0_0.png
processing: 4743074_21015_0_0.png
processing: 4743063_21016_0_0.png
processing: 4743063_21015_0_0.png
processing: 4743038_21016_0_0.png
processing: 4743038_21015_0_0.png
processing: 4742932_21016_1_0.png
processing: 4742932_21015_1_0.png
processing: 4742903_21016_0_0.png
processing: 4742903_21015_0_0.png
processing: 4742857_21016_0_0.png
processing: 4742857_21015_0_0.png
  SKIPPING IMAGE: tot amount of vasculature (5798.2385) < quality threshold 
processing: 4742840_21016_1_0.png
processing: 4742840_21015_1_0.png
processing: 4742831_21016_1_0.png
  SKIPPING IMAGE: tot amount of vasculature (2752.8462) < quality threshold 
processing: 4742831_21015_1_0.png
processing: 4742786_21016_1_0.png
processing: 4742786_21015_1_0.png
processing: 4742773_21016_1_0.png
  SKIPPING IMAGE: tot amount of vasculature (4007.7127) < quality threshold 
processing: 4742773_21015_1_0.png
  SKIPPING IMAGE: tot amount of vasculature (2203.3026) < quality threshold 
processing: 4742730_21016_0_0.png
processing: 4742730_21015_0_0.png
processing: 4742705_21016_1_0.png
processing: 4742705_21015_1_0.png
processing: 4742694_21016_0_0.png
processing: 4742694_21015_0_0.png
  SKIPPING IMAGE: tot amount of vasculature (6224.0996) < quality threshold 
processing: 4742608_21016_1_0.png
processing: 4742608_21015_1_0.png
  SKIPPING IMAGE: tot amount of vasculature (9352.5045) < quality threshold 
processing: 4742572_21016_0_0.png
  SKIPPING IMAGE: tot amount of vasculature (6595.1777) < quality threshold 
processing: 4742572_21015_0_0.png
Warning: No vessels found in 4742572_21015_0_0
> In Vessel_Data_IO.load_from_file (line 183)
  In REVIEW_evaluate_diameter_measurements (line 125)
  In ARIA_run_tests (line 209)
  SKIPPING IMAGE: No vessels found
processing: 4742567_21016_0_0.png
processing: 4742567_21015_0_0.png
processing: 4742555_21016_1_0.png
  SKIPPING IMAGE: tot amount of vasculature (3794.5288) < quality threshold 
processing: 4742555_21015_1_0.png
  SKIPPING IMAGE: tot amount of vasculature (5781.2227) < quality threshold 
processing: 4742513_21016_0_0.png
processing: 4742513_21015_0_0.png
processing: 4742346_21016_0_0.png
processing: 4742346_21015_0_0.png
processing: 4742271_21016_0_0.png
  SKIPPING IMAGE: tot amount of vasculature (2350.8055) < quality threshold 
processing: 4742271_21015_0_0.png
  SKIPPING IMAGE: tot amount of vasculature (996.705) < quality threshold 
processing: 4742268_21015_1_0.png
  SKIPPING IMAGE: tot amount of vasculature (1466.5973) < quality threshold 
processing: 4742259_21016_0_0.png
FINISHED: .mat files have been written to: /data/FAC/FBM/DBC/sbergman/retina/UKBiob/fundus/REVIEW//CLRIS/
execution time: 2070 sec
