------------------------------------------
Setting up environment variables
---
LD_LIBRARY_PATH is .:/software/Development/Languages/Matlab_Compiler_Runtime/96/runtime/glnxa64:/software/Development/Languages/Matlab_Compiler_Runtime/96/bin/glnxa64:/software/Development/Languages/Matlab_Compiler_Runtime/96/sys/os/glnxa64:/software/Development/Languages/Matlab_Compiler_Runtime/96/sys/opengl/lib/glnxa64
Running vessel measurements...
processing: 1678973_21016_0_0.png
  SKIPPING IMAGE: tot amount of vasculature (10006.8347) < quality threshold 
processing: 1678973_21015_0_0.png
  SKIPPING IMAGE: tot amount of vasculature (7203.3569) < quality threshold 
processing: 1678951_21016_0_0.png
processing: 1678951_21015_0_0.png
  SKIPPING IMAGE: tot amount of vasculature (6942.7432) < quality threshold 
processing: 1678905_21016_0_0.png
processing: 1678905_21015_0_0.png
processing: 1678787_21016_0_0.png
  SKIPPING IMAGE: tot amount of vasculature (9805.8835) < quality threshold 
processing: 1678787_21015_0_0.png
  SKIPPING IMAGE: tot amount of vasculature (7739.9569) < quality threshold 
processing: 1678710_21016_0_0.png
  SKIPPING IMAGE: tot amount of vasculature (10988.0036) < quality threshold 
processing: 1678710_21015_0_0.png
  SKIPPING IMAGE: tot amount of vasculature (2967.7128) < quality threshold 
processing: 1678594_21016_0_1.png
processing: 1678594_21016_0_0.png
processing: 1678594_21015_0_0.png
processing: 1678570_21016_1_0.png
processing: 1678570_21015_1_0.png
processing: 1678492_21016_0_0.png
processing: 1678492_21015_0_0.png
processing: 1678488_21016_1_0.png
  SKIPPING IMAGE: tot amount of vasculature (3967.1105) < quality threshold 
processing: 1678488_21015_1_0.png
  SKIPPING IMAGE: tot amount of vasculature (262.2532) < quality threshold 
processing: 1678406_21016_0_0.png
  SKIPPING IMAGE: tot amount of vasculature (8522.9434) < quality threshold 
processing: 1678406_21015_0_0.png
  SKIPPING IMAGE: tot amount of vasculature (7735.8793) < quality threshold 
processing: 1678384_21016_0_0.png
processing: 1678384_21015_0_0.png
processing: 1678368_21016_0_0.png
processing: 1678368_21015_0_0.png
processing: 1678347_21016_1_0.png
processing: 1678347_21015_1_0.png
processing: 1678293_21016_1_0.png
  SKIPPING IMAGE: tot amount of vasculature (560.0143) < quality threshold 
processing: 1678293_21016_0_0.png
  SKIPPING IMAGE: tot amount of vasculature (6807.6978) < quality threshold 
processing: 1678293_21015_1_0.png
  SKIPPING IMAGE: tot amount of vasculature (6318.7329) < quality threshold 
processing: 1678293_21015_0_0.png
  SKIPPING IMAGE: tot amount of vasculature (5265.0023) < quality threshold 
processing: 1678162_21016_0_0.png
processing: 1678162_21015_0_0.png
processing: 1678150_21016_0_0.png
processing: 1678150_21015_0_0.png
processing: 1678083_21016_0_0.png
processing: 1678083_21015_0_0.png
  SKIPPING IMAGE: tot amount of vasculature (10758.6929) < quality threshold 
processing: 1678034_21016_0_0.png
  SKIPPING IMAGE: No vessels found
processing: 1678034_21015_0_0.png
  SKIPPING IMAGE: tot amount of vasculature (2012.5783) < quality threshold 
processing: 1678011_21016_0_0.png
  SKIPPING IMAGE: tot amount of vasculature (90.1087) < quality threshold 
processing: 1678011_21015_0_0.png
  SKIPPING IMAGE: tot amount of vasculature (1724.6994) < quality threshold 
processing: 1677910_21016_0_0.png
processing: 1677910_21015_0_0.png
processing: 1677888_21016_0_0.png
processing: 1677888_21015_0_0.png
processing: 1677857_21016_0_0.png
processing: 1677857_21015_0_0.png
processing: 1677840_21016_0_0.png
processing: 1677840_21015_0_0.png
processing: 1677806_21016_0_0.png
  SKIPPING IMAGE: tot amount of vasculature (6305.6281) < quality threshold 
processing: 1677806_21015_0_0.png
  SKIPPING IMAGE: tot amount of vasculature (10929.5903) < quality threshold 
processing: 1677786_21016_0_0.png
processing: 1677786_21015_0_0.png
processing: 1677637_21016_0_0.png
processing: 1677637_21015_0_0.png
processing: 1677572_21016_0_0.png
processing: 1677572_21015_0_0.png
processing: 1677555_21016_0_0.png
processing: 1677555_21015_0_0.png
processing: 1677501_21016_0_0.png
processing: 1677501_21015_0_0.png
processing: 1677419_21016_0_0.png
  SKIPPING IMAGE: tot amount of vasculature (322.7774) < quality threshold 
processing: 1677419_21015_0_0.png
processing: 1677295_21016_0_0.png
processing: 1677295_21015_0_0.png
processing: 1677271_21016_0_0.png
  SKIPPING IMAGE: tot amount of vasculature (6675.7864) < quality threshold 
processing: 1677183_21016_0_0.png
processing: 1677183_21015_0_0.png
processing: 1677128_21016_0_0.png
processing: 1677128_21015_0_0.png
  SKIPPING IMAGE: tot amount of vasculature (9201.5371) < quality threshold 
processing: 1677111_21016_0_0.png
processing: 1677111_21015_0_0.png
processing: 1677109_21016_0_0.png
processing: 1677109_21015_0_0.png
processing: 1677077_21016_0_0.png
processing: 1677077_21015_0_0.png
processing: 1677043_21016_1_0.png
processing: 1677043_21015_1_0.png
  SKIPPING IMAGE: tot amount of vasculature (4528.3945) < quality threshold 
processing: 1677004_21016_1_0.png
  SKIPPING IMAGE: tot amount of vasculature (2933.4438) < quality threshold 
processing: 1677004_21015_1_0.png
  SKIPPING IMAGE: tot amount of vasculature (6749.3249) < quality threshold 
processing: 1676906_21016_0_0.png
processing: 1676906_21015_0_0.png
processing: 1676891_21016_0_0.png
  SKIPPING IMAGE: tot amount of vasculature (10875.4254) < quality threshold 
processing: 1676891_21015_0_0.png
processing: 1676887_21016_0_0.png
processing: 1676887_21015_0_0.png
processing: 1676760_21016_0_0.png
processing: 1676760_21015_0_0.png
processing: 1676690_21016_0_0.png
  SKIPPING IMAGE: tot amount of vasculature (8611.2171) < quality threshold 
processing: 1676690_21015_0_0.png
  SKIPPING IMAGE: tot amount of vasculature (8986.8709) < quality threshold 
processing: 1676642_21016_0_0.png
processing: 1676642_21015_0_0.png
processing: 1676520_21016_0_0.png
  SKIPPING IMAGE: tot amount of vasculature (9681.8997) < quality threshold 
processing: 1676520_21015_0_0.png
  SKIPPING IMAGE: tot amount of vasculature (8735.5466) < quality threshold 
processing: 1676466_21016_1_0.png
  SKIPPING IMAGE: tot amount of vasculature (8585.0382) < quality threshold 
processing: 1676466_21015_1_0.png
processing: 1676415_21016_1_0.png
  SKIPPING IMAGE: tot amount of vasculature (10874.1769) < quality threshold 
processing: 1676415_21015_1_0.png
processing: 1676255_21016_0_0.png
processing: 1676255_21015_0_0.png
processing: 1676236_21016_1_0.png
  SKIPPING IMAGE: tot amount of vasculature (10947.4363) < quality threshold 
processing: 1676236_21015_1_0.png
  SKIPPING IMAGE: tot amount of vasculature (10441.0392) < quality threshold 
processing: 1676224_21016_0_0.png
processing: 1676224_21015_0_0.png
processing: 1676201_21016_0_0.png
processing: 1676201_21015_0_0.png
processing: 1676112_21016_0_0.png
processing: 1676112_21015_0_0.png
processing: 1676093_21016_0_0.png
processing: 1676093_21015_0_0.png
processing: 1675953_21016_0_0.png
  SKIPPING IMAGE: tot amount of vasculature (5594.985) < quality threshold 
processing: 1675953_21015_0_0.png
processing: 1675828_21016_1_0.png
processing: 1675828_21015_1_0.png
processing: 1675811_21016_0_0.png
processing: 1675811_21015_0_0.png
processing: 1675717_21016_1_0.png
processing: 1675717_21015_1_0.png
processing: 1675644_21016_0_0.png
processing: 1675644_21015_0_0.png
processing: 1675539_21016_0_0.png
processing: 1675539_21015_0_0.png
processing: 1675373_21016_1_0.png
processing: 1675373_21015_1_0.png
processing: 1675256_21016_0_0.png
processing: 1675256_21015_0_0.png
processing: 1675131_21016_1_0.png
  SKIPPING IMAGE: tot amount of vasculature (4087.3211) < quality threshold 
processing: 1675131_21015_1_0.png
  SKIPPING IMAGE: tot amount of vasculature (2509.1005) < quality threshold 
processing: 1675080_21016_0_0.png
processing: 1675080_21015_0_0.png
processing: 1675036_21016_0_0.png
processing: 1675036_21015_0_0.png
processing: 1675024_21016_1_0.png
  SKIPPING IMAGE: tot amount of vasculature (5201.2259) < quality threshold 
processing: 1675024_21015_1_0.png
  SKIPPING IMAGE: tot amount of vasculature (9871.4354) < quality threshold 
processing: 1674968_21016_0_0.png
processing: 1674968_21015_0_0.png
processing: 1674947_21016_0_0.png
processing: 1674947_21015_0_0.png
processing: 1674878_21016_0_0.png
processing: 1674878_21015_0_0.png
processing: 1674800_21016_0_0.png
processing: 1674800_21015_0_0.png
processing: 1674799_21016_0_0.png
  SKIPPING IMAGE: tot amount of vasculature (10021.3725) < quality threshold 
processing: 1674799_21015_0_0.png
processing: 1674780_21016_1_0.png
processing: 1674780_21016_0_0.png
processing: 1674780_21015_1_0.png
processing: 1674780_21015_0_0.png
processing: 1674767_21016_1_0.png
processing: 1674767_21015_1_0.png
processing: 1674755_21016_0_0.png
processing: 1674755_21015_0_0.png
  SKIPPING IMAGE: tot amount of vasculature (8235.1222) < quality threshold 
processing: 1674683_21016_0_0.png
  SKIPPING IMAGE: tot amount of vasculature (8688.5336) < quality threshold 
processing: 1674683_21015_0_0.png
  SKIPPING IMAGE: tot amount of vasculature (6316.4026) < quality threshold 
processing: 1674598_21016_0_0.png
  SKIPPING IMAGE: tot amount of vasculature (7102.2036) < quality threshold 
processing: 1674129_21016_1_0.png
  SKIPPING IMAGE: tot amount of vasculature (2057.8772) < quality threshold 
processing: 1673519_21015_0_0.png
processing: 1672943_21016_0_0.png
processing: 1667598_21016_0_0.png
processing: 1667439_21015_0_0.png
processing: 1667090_21016_0_0.png
processing: 1666148_21015_0_0.png
processing: 1665563_21016_0_0.png
  SKIPPING IMAGE: tot amount of vasculature (9731.3951) < quality threshold 
processing: 1661315_21015_0_0.png
processing: 1660320_21015_0_0.png
  SKIPPING IMAGE: tot amount of vasculature (791.8849) < quality threshold 
processing: 1658695_21015_0_0.png
processing: 1657494_21016_0_0.png
processing: 1657494_21015_0_0.png
processing: 1657453_21016_0_0.png
processing: 1657453_21015_0_0.png
processing: 1657437_21016_0_0.png
processing: 1657437_21015_0_0.png
processing: 1657321_21016_1_0.png
processing: 1657321_21015_1_0.png
  SKIPPING IMAGE: tot amount of vasculature (3094.5254) < quality threshold 
processing: 1657213_21016_0_0.png
  SKIPPING IMAGE: tot amount of vasculature (10378.9596) < quality threshold 
processing: 1657213_21015_0_0.png
processing: 1657151_21016_0_0.png
processing: 1657151_21015_0_0.png
processing: 1657000_21016_0_0.png
processing: 1657000_21015_0_0.png
processing: 1656969_21016_0_0.png
processing: 1656969_21015_0_0.png
processing: 1656932_21016_1_0.png
processing: 1656932_21015_1_0.png
processing: 1656831_21016_0_0.png
  SKIPPING IMAGE: tot amount of vasculature (9398.8926) < quality threshold 
processing: 1656831_21015_0_0.png
  SKIPPING IMAGE: tot amount of vasculature (5658.15) < quality threshold 
processing: 1656764_21016_0_0.png
processing: 1656764_21015_0_0.png
processing: 1656670_21016_0_0.png
  SKIPPING IMAGE: tot amount of vasculature (4123.5411) < quality threshold 
processing: 1656670_21015_0_0.png
  SKIPPING IMAGE: tot amount of vasculature (4896.8081) < quality threshold 
processing: 1656637_21016_0_0.png
processing: 1656637_21015_0_0.png
processing: 1656361_21016_0_0.png
processing: 1656361_21015_0_0.png
  SKIPPING IMAGE: tot amount of vasculature (9045.5697) < quality threshold 
processing: 1656317_21016_0_0.png
  SKIPPING IMAGE: tot amount of vasculature (8554.6829) < quality threshold 
processing: 1656317_21015_0_0.png
  SKIPPING IMAGE: tot amount of vasculature (6199.7313) < quality threshold 
processing: 1656176_21016_0_0.png
processing: 1656176_21015_0_0.png
processing: 1656109_21016_0_0.png
  SKIPPING IMAGE: tot amount of vasculature (2209.2928) < quality threshold 
processing: 1656109_21015_0_0.png
  SKIPPING IMAGE: tot amount of vasculature (2217.1796) < quality threshold 
processing: 1655981_21016_0_0.png
processing: 1655981_21015_0_0.png
processing: 1655830_21016_0_0.png
  SKIPPING IMAGE: tot amount of vasculature (1378.0307) < quality threshold 
processing: 1655830_21015_0_0.png
  SKIPPING IMAGE: tot amount of vasculature (2433.6461) < quality threshold 
processing: 1655692_21016_1_0.png
Warning: No vessels found in 1655692_21016_1_0
> In Vessel_Data_IO.load_from_file (line 183)
  In REVIEW_evaluate_diameter_measurements (line 125)
  In ARIA_run_tests (line 209)
  SKIPPING IMAGE: No vessels found
processing: 1655692_21015_1_0.png
  SKIPPING IMAGE: tot amount of vasculature (7371.3336) < quality threshold 
processing: 1655623_21016_1_0.png
processing: 1655623_21015_1_0.png
processing: 1655578_21016_0_0.png
processing: 1655578_21015_0_0.png
processing: 1655554_21016_1_0.png
  SKIPPING IMAGE: tot amount of vasculature (4626.552) < quality threshold 
processing: 1655554_21015_1_0.png
processing: 1655535_21016_1_0.png
processing: 1655535_21016_0_0.png
processing: 1655535_21015_1_0.png
processing: 1655535_21015_0_0.png
processing: 1655522_21016_1_0.png
processing: 1655522_21015_1_0.png
processing: 1655455_21016_0_0.png
  SKIPPING IMAGE: tot amount of vasculature (8646.8496) < quality threshold 
processing: 1655455_21015_0_0.png
processing: 1655436_21016_0_0.png
processing: 1655436_21015_0_0.png
processing: 1655328_21016_1_0.png
processing: 1655328_21015_1_0.png
processing: 1655309_21016_0_0.png
  SKIPPING IMAGE: tot amount of vasculature (21.2664) < quality threshold 
processing: 1655309_21015_0_0.png
  SKIPPING IMAGE: tot amount of vasculature (3247.6457) < quality threshold 
processing: 1655270_21016_0_0.png
  SKIPPING IMAGE: tot amount of vasculature (10269.8679) < quality threshold 
processing: 1655270_21015_0_0.png
processing: 1655169_21016_0_0.png
processing: 1655169_21015_0_0.png
processing: 1655158_21016_1_0.png
  SKIPPING IMAGE: tot amount of vasculature (5986.3078) < quality threshold 
processing: 1655158_21015_1_0.png
  SKIPPING IMAGE: tot amount of vasculature (10799.2612) < quality threshold 
processing: 1655126_21016_1_0.png
  SKIPPING IMAGE: tot amount of vasculature (10616.8889) < quality threshold 
processing: 1655126_21015_1_0.png
  SKIPPING IMAGE: tot amount of vasculature (2314.98) < quality threshold 
processing: 1655103_21016_0_0.png
  SKIPPING IMAGE: tot amount of vasculature (5201.6801) < quality threshold 
processing: 1655103_21015_0_0.png
  SKIPPING IMAGE: tot amount of vasculature (4497.17) < quality threshold 
processing: 1655059_21016_0_0.png
processing: 1655059_21015_0_0.png
processing: 1655016_21016_0_0.png
processing: 1655016_21015_0_0.png
  SKIPPING IMAGE: tot amount of vasculature (10986.2607) < quality threshold 
processing: 1655002_21016_0_0.png
processing: 1655002_21015_0_0.png
processing: 1654967_21016_0_0.png
processing: 1654967_21015_0_0.png
processing: 1654936_21016_1_0.png
processing: 1654936_21015_1_0.png
processing: 1654839_21015_0_0.png
processing: 1654784_21016_0_0.png
processing: 1654784_21015_0_0.png
processing: 1654489_21016_0_0.png
processing: 1654489_21015_0_0.png
processing: 1654478_21016_0_0.png
processing: 1654478_21015_0_0.png
  SKIPPING IMAGE: tot amount of vasculature (7538.9201) < quality threshold 
processing: 1654461_21016_1_0.png
processing: 1654461_21015_1_0.png
  SKIPPING IMAGE: tot amount of vasculature (4734.0527) < quality threshold 
processing: 1654446_21016_1_0.png
  SKIPPING IMAGE: tot amount of vasculature (8306.9085) < quality threshold 
processing: 1654446_21015_1_0.png
  SKIPPING IMAGE: tot amount of vasculature (990.8524) < quality threshold 
processing: 1654417_21016_0_0.png
processing: 1654417_21015_0_0.png
processing: 1654400_21016_1_0.png
processing: 1654400_21015_1_0.png
  SKIPPING IMAGE: tot amount of vasculature (4954.2361) < quality threshold 
processing: 1654369_21016_0_0.png
processing: 1654369_21015_0_0.png
  SKIPPING IMAGE: tot amount of vasculature (7665.8519) < quality threshold 
processing: 1654344_21016_1_0.png
  SKIPPING IMAGE: tot amount of vasculature (2633.1468) < quality threshold 
processing: 1654344_21015_1_0.png
processing: 1654310_21016_1_0.png
  SKIPPING IMAGE: tot amount of vasculature (861.7085) < quality threshold 
processing: 1654310_21015_1_0.png
  SKIPPING IMAGE: tot amount of vasculature (2766.8739) < quality threshold 
processing: 1654257_21016_0_0.png
processing: 1654257_21015_0_0.png
processing: 1654163_21016_0_0.png
processing: 1654163_21015_0_0.png
processing: 1654107_21016_0_0.png
processing: 1654107_21015_0_0.png
processing: 1654066_21016_0_0.png
processing: 1654066_21015_0_0.png
processing: 1654041_21016_0_0.png
processing: 1654041_21015_0_0.png
processing: 1654015_21016_0_0.png
processing: 1654015_21015_0_0.png
  SKIPPING IMAGE: tot amount of vasculature (7576.9977) < quality threshold 
processing: 1653949_21016_1_0.png
processing: 1653949_21015_1_0.png
processing: 1653927_21016_1_0.png
processing: 1653927_21015_1_0.png
processing: 1653863_21016_1_0.png
  SKIPPING IMAGE: tot amount of vasculature (6593.7162) < quality threshold 
processing: 1653863_21015_1_0.png
processing: 1653838_21016_0_0.png
processing: 1653838_21015_0_0.png
processing: 1653672_21016_0_0.png
processing: 1653648_21016_0_0.png
processing: 1653648_21015_0_0.png
processing: 1653541_21016_0_0.png
processing: 1653541_21015_0_0.png
  SKIPPING IMAGE: tot amount of vasculature (9847.9162) < quality threshold 
processing: 1653440_21016_0_0.png
processing: 1653440_21015_0_0.png
processing: 1653423_21016_0_0.png
processing: 1653423_21015_0_0.png
  SKIPPING IMAGE: tot amount of vasculature (8410.4783) < quality threshold 
processing: 1653395_21016_0_0.png
processing: 1653395_21015_0_0.png
  SKIPPING IMAGE: tot amount of vasculature (5758.6695) < quality threshold 
processing: 1653316_21016_0_0.png
  SKIPPING IMAGE: tot amount of vasculature (4833.0751) < quality threshold 
processing: 1653316_21015_0_0.png
  SKIPPING IMAGE: tot amount of vasculature (8949.5924) < quality threshold 
FINISHED: .mat files have been written to: /data/FAC/FBM/DBC/sbergman/retina/UKBiob/fundus/REVIEW//CLRIS/
execution time: 2588 sec
