------------------------------------------
Setting up environment variables
---
LD_LIBRARY_PATH is .:/software/Development/Languages/Matlab_Compiler_Runtime/96/runtime/glnxa64:/software/Development/Languages/Matlab_Compiler_Runtime/96/bin/glnxa64:/software/Development/Languages/Matlab_Compiler_Runtime/96/sys/os/glnxa64:/software/Development/Languages/Matlab_Compiler_Runtime/96/sys/opengl/lib/glnxa64
Running vessel measurements...
processing: 3199433_21016_1_0.png
  SKIPPING IMAGE: tot amount of vasculature (2151.8195) < quality threshold 
processing: 3199433_21015_1_0.png
  SKIPPING IMAGE: tot amount of vasculature (4991.7577) < quality threshold 
processing: 3199386_21016_0_0.png
processing: 3199386_21015_0_0.png
processing: 3199373_21016_0_0.png
  SKIPPING IMAGE: tot amount of vasculature (5070.1181) < quality threshold 
processing: 3199373_21015_0_0.png
  SKIPPING IMAGE: tot amount of vasculature (5461.7499) < quality threshold 
processing: 3199238_21016_0_0.png
  SKIPPING IMAGE: tot amount of vasculature (616.7231) < quality threshold 
processing: 3199238_21015_0_0.png
  SKIPPING IMAGE: tot amount of vasculature (2446.1659) < quality threshold 
processing: 3199225_21016_0_0.png
  SKIPPING IMAGE: tot amount of vasculature (10779.7786) < quality threshold 
processing: 3199225_21015_0_0.png
processing: 3199188_21016_0_0.png
  SKIPPING IMAGE: tot amount of vasculature (6736.8386) < quality threshold 
processing: 3199188_21015_0_0.png
  SKIPPING IMAGE: tot amount of vasculature (5183.1227) < quality threshold 
processing: 3199131_21016_0_0.png
processing: 3199131_21015_0_0.png
processing: 3198925_21016_0_0.png
  SKIPPING IMAGE: No vessels found
processing: 3198925_21015_0_0.png
  SKIPPING IMAGE: tot amount of vasculature (9744.2398) < quality threshold 
processing: 3198805_21016_0_0.png
processing: 3198805_21015_0_0.png
  SKIPPING IMAGE: tot amount of vasculature (3285.8344) < quality threshold 
processing: 3198718_21016_0_0.png
processing: 3198718_21015_0_0.png
processing: 3198593_21016_1_0.png
  SKIPPING IMAGE: tot amount of vasculature (9278.2599) < quality threshold 
processing: 3198593_21015_1_0.png
  SKIPPING IMAGE: tot amount of vasculature (9215.8027) < quality threshold 
processing: 3198589_21016_0_0.png
processing: 3198589_21015_0_0.png
processing: 3198480_21016_0_0.png
  SKIPPING IMAGE: tot amount of vasculature (6981.2747) < quality threshold 
processing: 3198480_21015_0_0.png
  SKIPPING IMAGE: tot amount of vasculature (5325.6574) < quality threshold 
processing: 3198448_21016_0_0.png
processing: 3198448_21015_0_0.png
processing: 3198413_21016_1_0.png
  SKIPPING IMAGE: tot amount of vasculature (9408.1548) < quality threshold 
processing: 3198413_21015_1_0.png
  SKIPPING IMAGE: tot amount of vasculature (2302.6501) < quality threshold 
processing: 3198401_21016_1_0.png
  SKIPPING IMAGE: tot amount of vasculature (9234.1829) < quality threshold 
processing: 3198401_21015_1_0.png
  SKIPPING IMAGE: tot amount of vasculature (10715.362) < quality threshold 
processing: 3198376_21016_0_0.png
processing: 3198376_21015_0_0.png
processing: 3198352_21016_1_0.png
  SKIPPING IMAGE: tot amount of vasculature (6546.2201) < quality threshold 
processing: 3198352_21016_0_0.png
processing: 3198352_21015_1_0.png
processing: 3198352_21015_0_0.png
processing: 3198345_21016_1_0.png
  SKIPPING IMAGE: tot amount of vasculature (5696.0785) < quality threshold 
processing: 3198345_21015_1_0.png
processing: 3198241_21016_0_0.png
processing: 3198241_21015_0_0.png
processing: 3198187_21016_0_0.png
processing: 3198187_21015_0_0.png
processing: 3198169_21016_0_0.png
processing: 3198169_21015_0_0.png
processing: 3198126_21016_0_0.png
processing: 3198126_21015_0_0.png
processing: 3198103_21016_1_0.png
processing: 3198103_21016_0_0.png
processing: 3198103_21015_1_0.png
processing: 3198103_21015_0_0.png
processing: 3198059_21016_0_0.png
processing: 3198059_21015_0_0.png
processing: 3198016_21016_1_0.png
  SKIPPING IMAGE: tot amount of vasculature (10178.3917) < quality threshold 
processing: 3198016_21015_1_0.png
processing: 3197921_21016_0_0.png
processing: 3197921_21015_0_0.png
  SKIPPING IMAGE: tot amount of vasculature (10853.3512) < quality threshold 
processing: 3197918_21016_0_0.png
processing: 3197918_21015_0_0.png
processing: 3197855_21016_0_0.png
processing: 3197855_21015_0_0.png
processing: 3197824_21016_0_0.png
processing: 3197824_21015_0_0.png
processing: 3197813_21016_0_0.png
  SKIPPING IMAGE: tot amount of vasculature (7826.1146) < quality threshold 
processing: 3197813_21015_0_0.png
  SKIPPING IMAGE: tot amount of vasculature (10793.4404) < quality threshold 
processing: 3197790_21016_0_0.png
processing: 3197790_21015_0_0.png
processing: 3197781_21016_0_0.png
processing: 3197781_21015_0_0.png
processing: 3197719_21016_0_0.png
processing: 3197719_21015_0_0.png
processing: 3197693_21016_0_0.png
processing: 3197693_21015_0_0.png
processing: 3197635_21016_0_0.png
processing: 3197635_21015_0_0.png
processing: 3197592_21016_0_0.png
processing: 3197592_21015_0_0.png
processing: 3197565_21016_0_0.png
processing: 3197565_21015_0_0.png
processing: 3197514_21016_0_0.png
  SKIPPING IMAGE: tot amount of vasculature (1532.4952) < quality threshold 
processing: 3197514_21015_0_0.png
  SKIPPING IMAGE: tot amount of vasculature (5855.4475) < quality threshold 
processing: 3197329_21016_1_0.png
processing: 3197329_21016_0_0.png
processing: 3197329_21015_1_0.png
processing: 3197329_21015_0_0.png
processing: 3197315_21016_0_0.png
  SKIPPING IMAGE: tot amount of vasculature (6246.3319) < quality threshold 
processing: 3197315_21015_0_0.png
  SKIPPING IMAGE: tot amount of vasculature (9896.8286) < quality threshold 
processing: 3197276_21016_1_0.png
processing: 3197276_21015_1_0.png
processing: 3197171_21016_0_0.png
processing: 3197171_21015_0_0.png
processing: 3197133_21016_1_0.png
processing: 3197133_21015_1_0.png
processing: 3197058_21016_0_0.png
processing: 3197058_21015_0_0.png
processing: 3197032_21016_1_0.png
  SKIPPING IMAGE: tot amount of vasculature (10020.0147) < quality threshold 
processing: 3197032_21015_1_0.png
  SKIPPING IMAGE: tot amount of vasculature (10892.532) < quality threshold 
processing: 3196850_21016_1_0.png
  SKIPPING IMAGE: tot amount of vasculature (67.8276) < quality threshold 
processing: 3196850_21015_1_0.png
  SKIPPING IMAGE: tot amount of vasculature (8553.7009) < quality threshold 
processing: 3196843_21016_0_0.png
processing: 3196843_21015_0_0.png
processing: 3196818_21016_1_0.png
processing: 3196818_21015_1_0.png
processing: 3196818_21015_0_0.png
processing: 3196795_21016_0_0.png
processing: 3196795_21015_0_0.png
  SKIPPING IMAGE: tot amount of vasculature (6927.3354) < quality threshold 
processing: 3196768_21016_0_0.png
processing: 3196768_21015_0_0.png
processing: 3196747_21016_0_0.png
processing: 3196747_21015_0_0.png
processing: 3196612_21016_0_0.png
  SKIPPING IMAGE: tot amount of vasculature (8942.6953) < quality threshold 
processing: 3196612_21015_0_0.png
processing: 3196576_21016_0_0.png
processing: 3196576_21015_0_0.png
processing: 3196560_21016_0_0.png
processing: 3196560_21015_0_0.png
processing: 3196511_21016_0_0.png
