------------------------------------------
Setting up environment variables
---
LD_LIBRARY_PATH is .:/software/Development/Languages/Matlab_Compiler_Runtime/96/runtime/glnxa64:/software/Development/Languages/Matlab_Compiler_Runtime/96/bin/glnxa64:/software/Development/Languages/Matlab_Compiler_Runtime/96/sys/os/glnxa64:/software/Development/Languages/Matlab_Compiler_Runtime/96/sys/opengl/lib/glnxa64
Running vessel measurements...
processing: 5224224_21016_0_0.png
  SKIPPING IMAGE: tot amount of vasculature (4744.6738) < quality threshold 
processing: 5224224_21015_0_0.png
processing: 5224046_21016_0_0.png
processing: 5224046_21015_0_0.png
processing: 5223942_21016_0_0.png
  SKIPPING IMAGE: tot amount of vasculature (1987.8555) < quality threshold 
processing: 5223942_21015_0_0.png
  SKIPPING IMAGE: tot amount of vasculature (5802.2889) < quality threshold 
processing: 5223851_21016_1_0.png
  SKIPPING IMAGE: tot amount of vasculature (6030.0735) < quality threshold 
processing: 5223851_21015_1_0.png
  SKIPPING IMAGE: tot amount of vasculature (5211.7271) < quality threshold 
processing: 5223812_21016_0_0.png
processing: 5223812_21015_0_0.png
processing: 5223762_21016_1_0.png
processing: 5223762_21015_1_0.png
processing: 5223688_21016_0_0.png
processing: 5223688_21015_0_0.png
processing: 5223640_21016_0_0.png
  SKIPPING IMAGE: tot amount of vasculature (10939.2003) < quality threshold 
processing: 5223640_21015_0_0.png
processing: 5223623_21016_0_0.png
processing: 5223623_21015_0_0.png
processing: 5223309_21016_0_0.png
processing: 5223309_21015_0_0.png
processing: 5223266_21016_0_0.png
processing: 5223266_21015_0_0.png
processing: 5223158_21016_0_0.png
processing: 5223158_21015_0_0.png
processing: 5223110_21016_0_0.png
  SKIPPING IMAGE: tot amount of vasculature (10850.677) < quality threshold 
processing: 5223110_21015_0_0.png
  SKIPPING IMAGE: tot amount of vasculature (9762.5876) < quality threshold 
processing: 5223103_21016_1_0.png
  SKIPPING IMAGE: tot amount of vasculature (1238.8725) < quality threshold 
processing: 5223103_21015_1_0.png
  SKIPPING IMAGE: tot amount of vasculature (3343.1447) < quality threshold 
processing: 5223084_21016_1_0.png
processing: 5223084_21015_1_0.png
  SKIPPING IMAGE: tot amount of vasculature (7975.4296) < quality threshold 
processing: 5223059_21016_0_0.png
  SKIPPING IMAGE: tot amount of vasculature (8803.8229) < quality threshold 
processing: 5223059_21015_0_0.png
  SKIPPING IMAGE: tot amount of vasculature (2382.3049) < quality threshold 
processing: 5223016_21016_1_0.png
  SKIPPING IMAGE: tot amount of vasculature (6163.803) < quality threshold 
processing: 5223016_21015_1_0.png
  SKIPPING IMAGE: tot amount of vasculature (7216.3883) < quality threshold 
processing: 5222970_21016_0_0.png
processing: 5222970_21015_0_0.png
processing: 5222966_21016_0_0.png
  SKIPPING IMAGE: tot amount of vasculature (3275.4174) < quality threshold 
processing: 5222966_21015_0_0.png
  SKIPPING IMAGE: No vessels found
processing: 5222953_21016_0_0.png
processing: 5222953_21015_0_0.png
processing: 5222809_21016_1_0.png
processing: 5222809_21015_1_0.png
  SKIPPING IMAGE: tot amount of vasculature (10239.1158) < quality threshold 
processing: 5222691_21016_0_0.png
  SKIPPING IMAGE: tot amount of vasculature (4602.9644) < quality threshold 
processing: 5222691_21015_0_0.png
  SKIPPING IMAGE: tot amount of vasculature (8431.3806) < quality threshold 
processing: 5222669_21016_0_0.png
  SKIPPING IMAGE: tot amount of vasculature (6521.8325) < quality threshold 
processing: 5222669_21015_0_0.png
  SKIPPING IMAGE: tot amount of vasculature (6231.4994) < quality threshold 
processing: 5222644_21016_0_0.png
processing: 5222644_21015_0_0.png
processing: 5222518_21016_1_0.png
processing: 5222518_21015_1_0.png
processing: 5222433_21016_0_0.png
processing: 5222433_21015_0_0.png
processing: 5222402_21016_0_0.png
processing: 5222402_21015_0_0.png
processing: 5222373_21016_1_0.png
processing: 5222373_21015_1_0.png
processing: 5222305_21016_1_0.png
processing: 5222305_21015_1_0.png
  SKIPPING IMAGE: tot amount of vasculature (4744.1083) < quality threshold 
processing: 5222192_21016_0_0.png
  SKIPPING IMAGE: tot amount of vasculature (6070.8341) < quality threshold 
processing: 5222192_21015_0_0.png
  SKIPPING IMAGE: tot amount of vasculature (6303.7214) < quality threshold 
processing: 5222165_21016_0_0.png
processing: 5222165_21015_0_0.png
processing: 5222114_21016_1_0.png
  SKIPPING IMAGE: tot amount of vasculature (10959.787) < quality threshold 
processing: 5222114_21015_1_0.png
processing: 5222024_21016_0_0.png
  SKIPPING IMAGE: tot amount of vasculature (10436.9622) < quality threshold 
processing: 5222024_21015_0_0.png
processing: 5222013_21016_1_0.png
processing: 5222013_21015_1_0.png
processing: 5221833_21016_0_0.png
  SKIPPING IMAGE: tot amount of vasculature (9045.5878) < quality threshold 
processing: 5221833_21015_0_0.png
  SKIPPING IMAGE: tot amount of vasculature (7265.7342) < quality threshold 
processing: 5221794_21016_0_0.png
processing: 5221794_21015_0_0.png
  SKIPPING IMAGE: tot amount of vasculature (10758.3726) < quality threshold 
processing: 5221715_21016_1_0.png
processing: 5221715_21015_1_0.png
processing: 5221643_21016_0_0.png
  SKIPPING IMAGE: tot amount of vasculature (8209.2125) < quality threshold 
processing: 5221643_21015_0_0.png
  SKIPPING IMAGE: tot amount of vasculature (10585.0507) < quality threshold 
processing: 5221544_21016_0_0.png
processing: 5221544_21015_0_0.png
processing: 5221411_21016_0_0.png
processing: 5221411_21015_0_0.png
processing: 5221101_21016_0_0.png
  SKIPPING IMAGE: tot amount of vasculature (4893.1106) < quality threshold 
processing: 5221101_21015_0_0.png
  SKIPPING IMAGE: tot amount of vasculature (396.757) < quality threshold 
processing: 5221088_21016_0_0.png
processing: 5221088_21015_0_0.png
processing: 5221014_21016_0_0.png
processing: 5221014_21015_0_0.png
processing: 5220934_21016_0_0.png
processing: 5220934_21015_0_0.png
processing: 5220928_21016_0_0.png
  SKIPPING IMAGE: tot amount of vasculature (6.6596) < quality threshold 
processing: 5220928_21015_0_0.png
  SKIPPING IMAGE: tot amount of vasculature (6176.0563) < quality threshold 
processing: 5220894_21016_0_0.png
processing: 5220894_21015_0_0.png
processing: 5220808_21016_0_0.png
processing: 5220808_21015_0_0.png
processing: 5220740_21016_1_0.png
processing: 5220740_21016_0_0.png
processing: 5220740_21015_1_0.png
processing: 5220740_21015_0_0.png
processing: 5220706_21016_0_0.png
processing: 5220706_21015_0_0.png
processing: 5220695_21016_0_0.png
  SKIPPING IMAGE: tot amount of vasculature (123.2597) < quality threshold 
processing: 5220695_21015_0_0.png
  SKIPPING IMAGE: tot amount of vasculature (18.8309) < quality threshold 
processing: 5220590_21016_0_0.png
processing: 5220590_21015_0_0.png
processing: 5220581_21016_0_0.png
Warning: No vessels found in 5220581_21016_0_0
> In Vessel_Data_IO.load_from_file (line 183)
  In REVIEW_evaluate_diameter_measurements (line 125)
  In ARIA_run_tests (line 209)
  SKIPPING IMAGE: No vessels found
processing: 5220581_21015_0_0.png
  SKIPPING IMAGE: tot amount of vasculature (508.388) < quality threshold 
processing: 5220563_21016_0_0.png
  SKIPPING IMAGE: tot amount of vasculature (2130.6688) < quality threshold 
processing: 5220563_21015_0_1.png
  SKIPPING IMAGE: tot amount of vasculature (2661.0838) < quality threshold 
processing: 5220563_21015_0_0.png
  SKIPPING IMAGE: tot amount of vasculature (3280.8581) < quality threshold 
processing: 5220487_21016_0_0.png
  SKIPPING IMAGE: tot amount of vasculature (6036.266) < quality threshold 
processing: 5220487_21015_0_0.png
  SKIPPING IMAGE: tot amount of vasculature (3468.3306) < quality threshold 
processing: 5220469_21016_0_0.png
  SKIPPING IMAGE: tot amount of vasculature (5114.867) < quality threshold 
processing: 5220469_21015_0_0.png
  SKIPPING IMAGE: tot amount of vasculature (9136.5248) < quality threshold 
processing: 5220367_21016_0_0.png
processing: 5220367_21015_0_0.png
processing: 5220313_21016_0_0.png
  SKIPPING IMAGE: tot amount of vasculature (9073.9396) < quality threshold 
processing: 5220313_21015_0_0.png
processing: 5220154_21016_1_0.png
  SKIPPING IMAGE: tot amount of vasculature (4984.3658) < quality threshold 
processing: 5220154_21015_1_0.png
  SKIPPING IMAGE: tot amount of vasculature (9805.3533) < quality threshold 
processing: 5220122_21016_0_0.png
  SKIPPING IMAGE: tot amount of vasculature (8078.9206) < quality threshold 
processing: 5220122_21015_0_0.png
processing: 5220064_21016_1_0.png
  SKIPPING IMAGE: tot amount of vasculature (212.895) < quality threshold 
processing: 5220064_21015_1_0.png
  SKIPPING IMAGE: tot amount of vasculature (1858.3545) < quality threshold 
processing: 5220051_21016_0_0.png
  SKIPPING IMAGE: tot amount of vasculature (1315.4239) < quality threshold 
processing: 5220051_21015_0_0.png
  SKIPPING IMAGE: tot amount of vasculature (59.7902) < quality threshold 
processing: 5220049_21016_0_0.png
processing: 5220049_21015_0_0.png
  SKIPPING IMAGE: tot amount of vasculature (10470.9568) < quality threshold 
processing: 5219953_21016_1_0.png
processing: 5219953_21015_1_0.png
processing: 5219915_21016_0_0.png
processing: 5219915_21015_0_0.png
processing: 5219897_21016_0_0.png
  SKIPPING IMAGE: tot amount of vasculature (6323.5355) < quality threshold 
processing: 5219897_21015_0_1.png
  SKIPPING IMAGE: tot amount of vasculature (3264.2352) < quality threshold 
processing: 5219897_21015_0_0.png
  SKIPPING IMAGE: tot amount of vasculature (4278.9346) < quality threshold 
processing: 5219700_21016_0_0.png
processing: 5219700_21015_0_0.png
processing: 5219433_21016_0_0.png
  SKIPPING IMAGE: tot amount of vasculature (4455.879) < quality threshold 
processing: 5219433_21015_0_0.png
  SKIPPING IMAGE: tot amount of vasculature (10518.1297) < quality threshold 
processing: 5219398_21016_0_0.png
  SKIPPING IMAGE: tot amount of vasculature (7260.855) < quality threshold 
processing: 5219398_21015_0_0.png
  SKIPPING IMAGE: tot amount of vasculature (9490.127) < quality threshold 
processing: 5219351_21016_0_0.png
  SKIPPING IMAGE: tot amount of vasculature (10272.8036) < quality threshold 
processing: 5219351_21015_0_0.png
processing: 5219327_21016_0_0.png
processing: 5219327_21015_0_0.png
processing: 5219188_21016_0_0.png
  SKIPPING IMAGE: tot amount of vasculature (4241.587) < quality threshold 
processing: 5219188_21015_0_0.png
  SKIPPING IMAGE: tot amount of vasculature (2592.3946) < quality threshold 
processing: 5219179_21016_0_0.png
processing: 5219179_21015_0_0.png
processing: 5219131_21016_1_0.png
processing: 5219131_21016_0_0.png
processing: 5219131_21015_1_0.png
  SKIPPING IMAGE: tot amount of vasculature (1509.4317) < quality threshold 
processing: 5219131_21015_0_0.png
processing: 5219080_21016_0_0.png
processing: 5219080_21015_0_0.png
  SKIPPING IMAGE: tot amount of vasculature (7771.516) < quality threshold 
processing: 5219067_21016_0_0.png
processing: 5219067_21015_0_0.png
processing: 5219055_21016_1_0.png
  SKIPPING IMAGE: tot amount of vasculature (2423.7366) < quality threshold 
processing: 5219055_21016_0_0.png
  SKIPPING IMAGE: tot amount of vasculature (8253.3242) < quality threshold 
processing: 5219055_21015_1_0.png
  SKIPPING IMAGE: tot amount of vasculature (4951.8812) < quality threshold 
processing: 5219055_21015_0_0.png
  SKIPPING IMAGE: tot amount of vasculature (6763.7488) < quality threshold 
processing: 5219048_21016_0_0.png
processing: 5219048_21015_0_0.png
  SKIPPING IMAGE: tot amount of vasculature (8467.8365) < quality threshold 
processing: 5218830_21016_1_0.png
processing: 5218830_21015_1_0.png
processing: 5218777_21016_0_0.png
processing: 5218777_21015_0_0.png
processing: 5218692_21016_0_0.png
  SKIPPING IMAGE: tot amount of vasculature (6841.9472) < quality threshold 
processing: 5218692_21015_0_0.png
processing: 5218593_21016_1_0.png
  SKIPPING IMAGE: tot amount of vasculature (3910.0923) < quality threshold 
processing: 5218593_21015_1_0.png
processing: 5218589_21016_0_0.png
processing: 5218589_21015_0_0.png
processing: 5218480_21016_0_0.png
  SKIPPING IMAGE: tot amount of vasculature (3210.7129) < quality threshold 
processing: 5218480_21015_0_0.png
  SKIPPING IMAGE: tot amount of vasculature (3718.3448) < quality threshold 
processing: 5218436_21016_0_0.png
processing: 5218436_21015_0_0.png
processing: 5218376_21016_0_0.png
processing: 5218376_21015_0_0.png
processing: 5218334_21016_0_0.png
processing: 5218334_21015_0_0.png
processing: 5218187_21016_1_0.png
  SKIPPING IMAGE: tot amount of vasculature (5223.2957) < quality threshold 
processing: 5218187_21015_1_0.png
processing: 5218110_21016_1_0.png
processing: 5218110_21015_1_0.png
processing: 5218068_21016_0_0.png
  SKIPPING IMAGE: tot amount of vasculature (9177.8952) < quality threshold 
processing: 5218068_21015_0_0.png
processing: 5217985_21016_0_0.png
  SKIPPING IMAGE: tot amount of vasculature (9391.5042) < quality threshold 
processing: 5217985_21015_0_0.png
  SKIPPING IMAGE: tot amount of vasculature (3522.6027) < quality threshold 
processing: 5217848_21016_0_0.png
processing: 5217848_21015_0_0.png
processing: 5217836_21016_0_0.png
processing: 5217836_21015_0_0.png
processing: 5217781_21016_0_0.png
processing: 5217781_21015_0_0.png
processing: 5217756_21016_1_0.png
processing: 5217756_21015_1_0.png
processing: 5217707_21016_1_0.png
processing: 5217707_21015_1_0.png
processing: 5217693_21016_0_0.png
  SKIPPING IMAGE: tot amount of vasculature (9628.4815) < quality threshold 
processing: 5217693_21015_0_0.png
processing: 5217617_21016_0_0.png
processing: 5217617_21015_0_0.png
processing: 5217588_21016_0_0.png
processing: 5217588_21015_0_0.png
processing: 5217540_21016_0_0.png
processing: 5217540_21015_0_0.png
processing: 5217523_21016_0_0.png
processing: 5217523_21015_0_0.png
processing: 5217473_21016_0_0.png
processing: 5217473_21015_0_0.png
processing: 5217412_21016_0_0.png
processing: 5217412_21015_0_0.png
processing: 5217366_21016_0_0.png
processing: 5217366_21015_0_0.png
processing: 5217315_21016_0_0.png
processing: 5217315_21015_0_0.png
processing: 5217245_21016_0_0.png
processing: 5217245_21015_0_0.png
processing: 5217228_21016_0_0.png
processing: 5217228_21015_0_0.png
processing: 5217133_21016_0_0.png
  SKIPPING IMAGE: tot amount of vasculature (7326.6579) < quality threshold 
processing: 5217133_21015_0_0.png
  SKIPPING IMAGE: tot amount of vasculature (8812.8796) < quality threshold 
processing: 5217120_21016_0_0.png
processing: 5217120_21015_0_0.png
processing: 5217116_21016_1_0.png
  SKIPPING IMAGE: tot amount of vasculature (9918.1551) < quality threshold 
processing: 5217116_21016_0_0.png
processing: 5217116_21015_1_0.png
processing: 5217116_21015_0_0.png
processing: 5217044_21016_1_0.png
processing: 5217044_21015_1_0.png
processing: 5217032_21016_0_0.png
processing: 5217032_21015_0_0.png
processing: 5216980_21016_1_0.png
processing: 5216980_21015_1_0.png
  SKIPPING IMAGE: tot amount of vasculature (5688.0401) < quality threshold 
processing: 5216913_21016_0_0.png
processing: 5216913_21015_0_0.png
processing: 5216901_21016_0_0.png
processing: 5216901_21015_0_0.png
processing: 5216768_21016_0_0.png
  SKIPPING IMAGE: tot amount of vasculature (10821.7618) < quality threshold 
processing: 5216768_21015_0_0.png
  SKIPPING IMAGE: tot amount of vasculature (10084.2478) < quality threshold 
processing: 5216664_21016_0_0.png
processing: 5216664_21015_0_0.png
processing: 5216576_21016_0_0.png
processing: 5216576_21015_0_0.png
processing: 5216454_21016_0_0.png
processing: 5216454_21015_0_0.png
processing: 5216344_21016_1_0.png
  SKIPPING IMAGE: tot amount of vasculature (5240.485) < quality threshold 
processing: 5216344_21016_0_0.png
  SKIPPING IMAGE: tot amount of vasculature (10586.2583) < quality threshold 
processing: 5216344_21015_1_0.png
processing: 5216344_21015_0_0.png
  SKIPPING IMAGE: tot amount of vasculature (10419.7971) < quality threshold 
processing: 5216332_21016_1_0.png
processing: 5216332_21015_1_0.png
processing: 5216326_21016_0_0.png
processing: 5216326_21015_0_0.png
processing: 5216206_21016_0_0.png
  SKIPPING IMAGE: tot amount of vasculature (2084.4259) < quality threshold 
processing: 5216206_21015_0_0.png
  SKIPPING IMAGE: tot amount of vasculature (5327.4869) < quality threshold 
processing: 5216174_21016_1_0.png
processing: 5216174_21015_1_0.png
processing: 5216119_21016_0_0.png
processing: 5216119_21015_0_0.png
processing: 5216070_21016_1_0.png
  SKIPPING IMAGE: tot amount of vasculature (6864.3805) < quality threshold 
processing: 5216070_21015_1_0.png
  SKIPPING IMAGE: tot amount of vasculature (415.8758) < quality threshold 
processing: 5216053_21016_0_0.png
processing: 5216053_21015_0_0.png
processing: 5216037_21016_0_0.png
processing: 5216037_21015_0_0.png
  SKIPPING IMAGE: tot amount of vasculature (9648.6089) < quality threshold 
processing: 5215954_21016_0_0.png
  SKIPPING IMAGE: tot amount of vasculature (9171.5652) < quality threshold 
processing: 5215954_21015_0_0.png
  SKIPPING IMAGE: tot amount of vasculature (178.2073) < quality threshold 
processing: 5215895_21016_1_0.png
processing: 5215895_21015_1_0.png
processing: 5215871_21016_1_0.png
processing: 5215871_21015_1_0.png
processing: 5215868_21016_0_0.png
processing: 5215868_21015_0_0.png
processing: 5215753_21016_0_0.png
  SKIPPING IMAGE: tot amount of vasculature (4344.5226) < quality threshold 
processing: 5215753_21015_0_0.png
  SKIPPING IMAGE: tot amount of vasculature (3399.1971) < quality threshold 
processing: 5215715_21016_0_0.png
processing: 5215715_21015_0_0.png
processing: 5215591_21016_0_0.png
processing: 5215591_21015_0_0.png
processing: 5215483_21016_0_0.png
processing: 5215483_21015_0_0.png
processing: 5215460_21016_0_0.png
processing: 5215460_21015_0_0.png
processing: 5215428_21016_1_0.png
processing: 5215428_21015_1_0.png
  SKIPPING IMAGE: tot amount of vasculature (6608.6545) < quality threshold 
processing: 5215230_21016_0_0.png
processing: 5215230_21015_0_0.png
processing: 5215199_21016_0_0.png
processing: 5215199_21015_0_0.png
processing: 5214997_21016_0_0.png
processing: 5214997_21015_0_0.png
processing: 5214894_21016_1_0.png
processing: 5214894_21015_1_0.png
processing: 5214788_21016_0_0.png
  SKIPPING IMAGE: tot amount of vasculature (3205.7513) < quality threshold 
processing: 5214788_21015_0_0.png
  SKIPPING IMAGE: tot amount of vasculature (1918.125) < quality threshold 
processing: 5214723_21016_0_0.png
processing: 5214723_21015_0_0.png
processing: 5214684_21016_0_0.png
processing: 5214684_21015_0_0.png
FINISHED: .mat files have been written to: /data/FAC/FBM/DBC/sbergman/retina/UKBiob/fundus/REVIEW//CLRIS/
execution time: 1878 sec
