------------------------------------------
Setting up environment variables
---
LD_LIBRARY_PATH is .:/software/Development/Languages/Matlab_Compiler_Runtime/96/runtime/glnxa64:/software/Development/Languages/Matlab_Compiler_Runtime/96/bin/glnxa64:/software/Development/Languages/Matlab_Compiler_Runtime/96/sys/os/glnxa64:/software/Development/Languages/Matlab_Compiler_Runtime/96/sys/opengl/lib/glnxa64
Running vessel measurements...
processing: 4379465_21016_0_0.png
  SKIPPING IMAGE: tot amount of vasculature (3479.9883) < quality threshold 
processing: 4379465_21015_0_0.png
  SKIPPING IMAGE: tot amount of vasculature (7495.8742) < quality threshold 
processing: 4379076_21016_0_0.png
processing: 4379076_21015_0_0.png
processing: 4379009_21016_0_0.png
processing: 4379009_21015_0_0.png
processing: 4378900_21016_0_0.png
processing: 4378900_21015_0_0.png
processing: 4378884_21016_1_0.png
  SKIPPING IMAGE: tot amount of vasculature (7722.9922) < quality threshold 
processing: 4378884_21015_1_0.png
  SKIPPING IMAGE: tot amount of vasculature (3081.9095) < quality threshold 
processing: 4378871_21016_1_0.png
processing: 4378871_21016_0_0.png
processing: 4378871_21015_1_0.png
processing: 4378871_21015_0_0.png
processing: 4378794_21016_0_0.png
processing: 4378794_21015_0_0.png
processing: 4378782_21016_0_0.png
processing: 4378782_21015_0_0.png
processing: 4378662_21016_0_0.png
  SKIPPING IMAGE: tot amount of vasculature (7785.4367) < quality threshold 
processing: 4378662_21015_0_0.png
processing: 4378575_21016_1_0.png
  SKIPPING IMAGE: tot amount of vasculature (2772.5964) < quality threshold 
processing: 4378575_21015_1_0.png
  SKIPPING IMAGE: tot amount of vasculature (3025.1185) < quality threshold 
processing: 4378569_21016_0_0.png
  SKIPPING IMAGE: tot amount of vasculature (10016.6213) < quality threshold 
processing: 4378569_21015_0_0.png
  SKIPPING IMAGE: tot amount of vasculature (9154.914) < quality threshold 
processing: 4378532_21016_1_0.png
  SKIPPING IMAGE: tot amount of vasculature (10929.9959) < quality threshold 
processing: 4378532_21015_1_0.png
processing: 4378510_21016_1_0.png
processing: 4378510_21015_1_0.png
processing: 4378460_21016_0_0.png
processing: 4378460_21015_0_0.png
processing: 4378428_21016_0_0.png
  SKIPPING IMAGE: tot amount of vasculature (10411.6308) < quality threshold 
processing: 4378428_21015_0_0.png
  SKIPPING IMAGE: tot amount of vasculature (6916.2762) < quality threshold 
processing: 4378390_21016_1_0.png
processing: 4378390_21015_1_0.png
processing: 4378342_21016_0_0.png
processing: 4378342_21015_0_0.png
processing: 4378286_21016_0_0.png
processing: 4378286_21015_0_0.png
processing: 4378264_21016_0_0.png
processing: 4378264_21015_0_0.png
processing: 4378249_21016_0_0.png
processing: 4378249_21015_0_0.png
processing: 4378155_21016_0_0.png
processing: 4378155_21015_0_0.png
processing: 4378079_21016_0_0.png
processing: 4378079_21015_0_0.png
processing: 4378031_21016_1_0.png
processing: 4378031_21015_1_0.png
processing: 4377970_21016_0_0.png
processing: 4377970_21015_0_0.png
processing: 4377929_21016_1_0.png
  SKIPPING IMAGE: tot amount of vasculature (6585.5872) < quality threshold 
processing: 4377929_21015_1_0.png
  SKIPPING IMAGE: tot amount of vasculature (5948.0836) < quality threshold 
processing: 4377845_21016_0_0.png
processing: 4377845_21015_0_0.png
processing: 4377834_21016_0_0.png
processing: 4377834_21015_0_0.png
processing: 4377735_21016_0_0.png
processing: 4377735_21015_0_0.png
processing: 4377644_21016_0_0.png
processing: 4377644_21015_0_0.png
  SKIPPING IMAGE: tot amount of vasculature (7627.5475) < quality threshold 
processing: 4377471_21016_0_0.png
processing: 4377471_21015_0_0.png
processing: 4377468_21016_0_0.png
processing: 4377468_21015_0_0.png
processing: 4377447_21016_0_0.png
  SKIPPING IMAGE: tot amount of vasculature (9672.0688) < quality threshold 
processing: 4377447_21015_0_0.png
  SKIPPING IMAGE: tot amount of vasculature (10312.0018) < quality threshold 
processing: 4377373_21016_1_0.png
  SKIPPING IMAGE: tot amount of vasculature (10870.4462) < quality threshold 
processing: 4377373_21015_1_0.png
processing: 4377364_21016_0_0.png
processing: 4377364_21015_0_0.png
processing: 4377274_21016_1_0.png
processing: 4377274_21015_1_0.png
processing: 4377263_21016_0_0.png
processing: 4377263_21015_0_0.png
processing: 4377099_21016_0_0.png
processing: 4377099_21015_0_0.png
processing: 4377036_21016_0_0.png
processing: 4377036_21015_0_0.png
  SKIPPING IMAGE: tot amount of vasculature (2696.0644) < quality threshold 
processing: 4376983_21016_0_0.png
processing: 4376983_21015_0_0.png
processing: 4376960_21016_1_0.png
processing: 4376960_21016_0_0.png
processing: 4376960_21015_1_0.png
processing: 4376960_21015_0_0.png
processing: 4376894_21016_1_0.png
processing: 4376894_21015_1_0.png
processing: 4376841_21016_0_0.png
processing: 4376841_21015_0_0.png
  SKIPPING IMAGE: tot amount of vasculature (9672.8728) < quality threshold 
processing: 4376792_21016_0_0.png
processing: 4376792_21015_0_0.png
processing: 4376757_21016_0_0.png
processing: 4376757_21015_0_0.png
processing: 4376633_21016_0_0.png
  SKIPPING IMAGE: tot amount of vasculature (8079.4661) < quality threshold 
processing: 4376633_21015_0_0.png
  SKIPPING IMAGE: tot amount of vasculature (4441.5674) < quality threshold 
processing: 4376538_21016_1_0.png
  SKIPPING IMAGE: tot amount of vasculature (3871.8122) < quality threshold 
processing: 4376538_21015_1_0.png
  SKIPPING IMAGE: tot amount of vasculature (5719.9218) < quality threshold 
processing: 4376525_21016_1_0.png
  SKIPPING IMAGE: tot amount of vasculature (5571.0267) < quality threshold 
processing: 4376525_21015_1_0.png
processing: 4376444_21016_0_0.png
processing: 4376444_21015_0_0.png
  SKIPPING IMAGE: tot amount of vasculature (10918.0495) < quality threshold 
processing: 4376403_21016_0_0.png
processing: 4376403_21015_0_0.png
processing: 4376399_21016_1_0.png
  SKIPPING IMAGE: tot amount of vasculature (8123.5168) < quality threshold 
processing: 4376399_21015_1_0.png
  SKIPPING IMAGE: tot amount of vasculature (9650.7856) < quality threshold 
processing: 4376336_21016_0_0.png
processing: 4376336_21015_0_0.png
  SKIPPING IMAGE: tot amount of vasculature (9298.4527) < quality threshold 
processing: 4376277_21016_0_0.png
processing: 4376277_21015_0_0.png
processing: 4376193_21016_0_0.png
  SKIPPING IMAGE: tot amount of vasculature (7147.6696) < quality threshold 
processing: 4376193_21015_0_0.png
processing: 4376146_21016_0_0.png
processing: 4376146_21015_0_0.png
processing: 4376117_21016_0_0.png
processing: 4376117_21015_0_0.png
  SKIPPING IMAGE: tot amount of vasculature (10818.2791) < quality threshold 
processing: 4376100_21016_0_0.png
processing: 4376100_21015_0_0.png
