------------------------------------------
Setting up environment variables
---
LD_LIBRARY_PATH is .:/software/Development/Languages/Matlab_Compiler_Runtime/96/runtime/glnxa64:/software/Development/Languages/Matlab_Compiler_Runtime/96/bin/glnxa64:/software/Development/Languages/Matlab_Compiler_Runtime/96/sys/os/glnxa64:/software/Development/Languages/Matlab_Compiler_Runtime/96/sys/opengl/lib/glnxa64
Running vessel measurements...
processing: 1431944_21016_0_0.png
processing: 1431944_21015_0_0.png
processing: 1431903_21016_1_0.png
processing: 1431903_21015_1_0.png
processing: 1431773_21016_1_0.png
processing: 1431773_21015_1_0.png
processing: 1431705_21016_0_0.png
  SKIPPING IMAGE: tot amount of vasculature (8386.148) < quality threshold 
processing: 1431705_21015_0_0.png
processing: 1431572_21016_0_0.png
  SKIPPING IMAGE: tot amount of vasculature (7767.4201) < quality threshold 
processing: 1431572_21015_0_0.png
  SKIPPING IMAGE: tot amount of vasculature (10630.8243) < quality threshold 
processing: 1431536_21016_0_0.png
processing: 1431536_21015_0_0.png
processing: 1431490_21016_1_0.png
processing: 1431490_21015_1_0.png
processing: 1431438_21016_1_0.png
  SKIPPING IMAGE: tot amount of vasculature (5179.7601) < quality threshold 
processing: 1431438_21015_1_0.png
  SKIPPING IMAGE: tot amount of vasculature (2008.4479) < quality threshold 
processing: 1431407_21016_1_0.png
processing: 1431407_21015_1_0.png
processing: 1431317_21016_0_0.png
  SKIPPING IMAGE: tot amount of vasculature (6323.734) < quality threshold 
processing: 1431317_21015_0_0.png
processing: 1431160_21016_0_0.png
  SKIPPING IMAGE: tot amount of vasculature (843.4185) < quality threshold 
processing: 1431160_21015_0_0.png
  SKIPPING IMAGE: tot amount of vasculature (2404.7498) < quality threshold 
processing: 1431096_21016_1_0.png
  SKIPPING IMAGE: tot amount of vasculature (10163.7304) < quality threshold 
processing: 1431096_21015_1_0.png
processing: 1430898_21016_0_0.png
processing: 1430898_21015_0_0.png
processing: 1430851_21016_1_0.png
  SKIPPING IMAGE: tot amount of vasculature (10562.8959) < quality threshold 
processing: 1430851_21015_1_0.png
processing: 1430805_21016_0_0.png
processing: 1430805_21015_0_0.png
processing: 1430762_21016_0_0.png
processing: 1430762_21015_0_0.png
  SKIPPING IMAGE: tot amount of vasculature (8628.5907) < quality threshold 
processing: 1430657_21016_0_0.png
processing: 1430657_21015_0_0.png
processing: 1430606_21016_0_0.png
processing: 1430606_21015_0_0.png
processing: 1430535_21016_0_0.png
processing: 1430535_21015_0_0.png
processing: 1430424_21016_0_0.png
processing: 1430424_21015_0_0.png
processing: 1430397_21016_1_0.png
  SKIPPING IMAGE: tot amount of vasculature (10809.9998) < quality threshold 
processing: 1430397_21015_1_0.png
processing: 1430266_21016_0_0.png
processing: 1430266_21015_0_0.png
processing: 1430208_21016_0_0.png
  SKIPPING IMAGE: tot amount of vasculature (7320.6926) < quality threshold 
processing: 1430208_21015_0_0.png
processing: 1430126_21016_0_0.png
processing: 1430126_21015_0_0.png
processing: 1430095_21016_0_0.png
processing: 1430095_21015_0_0.png
  SKIPPING IMAGE: tot amount of vasculature (7704.7829) < quality threshold 
processing: 1430071_21016_0_0.png
processing: 1430071_21015_0_0.png
processing: 1430047_21016_1_0.png
processing: 1430047_21015_1_0.png
processing: 1429991_21016_0_0.png
  SKIPPING IMAGE: tot amount of vasculature (7155.7138) < quality threshold 
processing: 1429991_21015_0_0.png
  SKIPPING IMAGE: tot amount of vasculature (4910.4192) < quality threshold 
processing: 1429975_21016_0_0.png
processing: 1429975_21015_0_0.png
processing: 1429857_21016_0_0.png
processing: 1429857_21015_0_0.png
processing: 1429831_21016_0_0.png
  SKIPPING IMAGE: tot amount of vasculature (10962.0646) < quality threshold 
processing: 1429831_21015_0_0.png
processing: 1429599_21016_1_0.png
  SKIPPING IMAGE: tot amount of vasculature (2357.3899) < quality threshold 
processing: 1429599_21015_1_0.png
processing: 1429536_21016_0_0.png
processing: 1429536_21015_0_0.png
processing: 1429474_21016_0_0.png
processing: 1429474_21015_0_0.png
processing: 1429322_21016_0_0.png
processing: 1429322_21015_0_0.png
processing: 1429202_21016_0_0.png
  SKIPPING IMAGE: tot amount of vasculature (2563.3726) < quality threshold 
processing: 1429202_21015_0_0.png
  SKIPPING IMAGE: tot amount of vasculature (1243.9308) < quality threshold 
processing: 1429183_21016_0_0.png
  SKIPPING IMAGE: tot amount of vasculature (8356.0853) < quality threshold 
processing: 1429183_21015_0_0.png
processing: 1429152_21016_0_0.png
  SKIPPING IMAGE: tot amount of vasculature (3723.7519) < quality threshold 
processing: 1429152_21015_0_0.png
  SKIPPING IMAGE: tot amount of vasculature (9143.2309) < quality threshold 
processing: 1429145_21016_0_0.png
processing: 1429145_21015_0_0.png
processing: 1429077_21016_0_0.png
processing: 1429077_21015_0_0.png
processing: 1429043_21016_0_0.png
  SKIPPING IMAGE: tot amount of vasculature (5594.9222) < quality threshold 
processing: 1429043_21015_0_0.png
  SKIPPING IMAGE: tot amount of vasculature (5118.2755) < quality threshold 
processing: 1428947_21016_1_0.png
  SKIPPING IMAGE: tot amount of vasculature (8681.4627) < quality threshold 
processing: 1428947_21015_1_0.png
  SKIPPING IMAGE: tot amount of vasculature (8725.6294) < quality threshold 
processing: 1428893_21016_0_0.png
processing: 1428893_21015_0_0.png
  SKIPPING IMAGE: tot amount of vasculature (5456.7872) < quality threshold 
processing: 1428800_21016_1_0.png
  SKIPPING IMAGE: tot amount of vasculature (10419.9146) < quality threshold 
processing: 1428800_21016_0_1.png
  SKIPPING IMAGE: tot amount of vasculature (1889.514) < quality threshold 
processing: 1428800_21016_0_0.png
  SKIPPING IMAGE: tot amount of vasculature (2169.7592) < quality threshold 
processing: 1428800_21015_1_0.png
  SKIPPING IMAGE: tot amount of vasculature (9975.8809) < quality threshold 
processing: 1428800_21015_0_0.png
processing: 1428748_21016_0_0.png
  SKIPPING IMAGE: tot amount of vasculature (7369.7306) < quality threshold 
processing: 1428748_21015_0_0.png
  SKIPPING IMAGE: tot amount of vasculature (7237.9576) < quality threshold 
processing: 1428724_21016_1_0.png
processing: 1428724_21015_1_0.png
  SKIPPING IMAGE: tot amount of vasculature (6403.8267) < quality threshold 
processing: 1428713_21016_1_0.png
  SKIPPING IMAGE: tot amount of vasculature (1115.3347) < quality threshold 
processing: 1428713_21015_1_0.png
  SKIPPING IMAGE: tot amount of vasculature (4664.5822) < quality threshold 
processing: 1428701_21016_0_0.png
processing: 1428701_21015_0_0.png
processing: 1428652_21016_0_0.png
processing: 1428652_21015_0_0.png
  SKIPPING IMAGE: tot amount of vasculature (10996.2292) < quality threshold 
processing: 1428645_21016_0_0.png
processing: 1428645_21015_0_0.png
processing: 1428628_21016_0_0.png
  SKIPPING IMAGE: tot amount of vasculature (10155.0987) < quality threshold 
processing: 1428628_21015_0_0.png
  SKIPPING IMAGE: tot amount of vasculature (6830.1939) < quality threshold 
processing: 1428496_21016_0_0.png
processing: 1428496_21015_0_0.png
processing: 1428388_21016_0_0.png
  SKIPPING IMAGE: tot amount of vasculature (3258.1576) < quality threshold 
processing: 1428388_21015_0_0.png
  SKIPPING IMAGE: tot amount of vasculature (2858.9849) < quality threshold 
processing: 1428258_21016_0_0.png
processing: 1428258_21015_0_0.png
processing: 1428244_21016_0_0.png
processing: 1428244_21015_0_0.png
processing: 1428194_21016_0_0.png
processing: 1428194_21015_0_0.png
processing: 1428182_21016_0_0.png
  SKIPPING IMAGE: tot amount of vasculature (10714.4968) < quality threshold 
processing: 1428182_21015_0_0.png
  SKIPPING IMAGE: tot amount of vasculature (8400.6792) < quality threshold 
processing: 1428170_21016_1_0.png
processing: 1428170_21015_1_0.png
processing: 1428166_21016_0_0.png
  SKIPPING IMAGE: tot amount of vasculature (10628.817) < quality threshold 
processing: 1428166_21015_0_0.png
processing: 1428153_21016_1_0.png
processing: 1428153_21015_1_0.png
processing: 1428007_21016_1_0.png
processing: 1428007_21015_1_0.png
processing: 1427913_21016_0_0.png
  SKIPPING IMAGE: tot amount of vasculature (10727.058) < quality threshold 
processing: 1427913_21015_0_0.png
  SKIPPING IMAGE: tot amount of vasculature (3289.4237) < quality threshold 
processing: 1427839_21016_0_0.png
  SKIPPING IMAGE: tot amount of vasculature (9745.0866) < quality threshold 
processing: 1427839_21015_0_0.png
  SKIPPING IMAGE: tot amount of vasculature (8119.8537) < quality threshold 
processing: 1427804_21016_0_0.png
processing: 1427804_21015_0_0.png
processing: 1427784_21016_0_0.png
  SKIPPING IMAGE: tot amount of vasculature (9073.5299) < quality threshold 
processing: 1427784_21015_0_0.png
processing: 1427771_21016_0_0.png
  SKIPPING IMAGE: tot amount of vasculature (6069.9397) < quality threshold 
processing: 1427771_21015_0_0.png
  SKIPPING IMAGE: tot amount of vasculature (7241.8091) < quality threshold 
processing: 1427768_21016_0_0.png
processing: 1427768_21015_0_0.png
processing: 1427747_21016_0_0.png
processing: 1427747_21015_0_0.png
processing: 1427576_21016_0_0.png
processing: 1427576_21015_0_0.png
processing: 1427461_21016_0_0.png
processing: 1427461_21015_0_0.png
processing: 1427422_21016_0_0.png
  SKIPPING IMAGE: tot amount of vasculature (7623.5384) < quality threshold 
processing: 1427422_21015_0_0.png
processing: 1427326_21016_1_0.png
processing: 1427326_21015_1_0.png
processing: 1427292_21016_0_0.png
  SKIPPING IMAGE: tot amount of vasculature (1816.4245) < quality threshold 
processing: 1427292_21015_0_0.png
  SKIPPING IMAGE: tot amount of vasculature (3033.8114) < quality threshold 
processing: 1427174_21016_0_0.png
  SKIPPING IMAGE: tot amount of vasculature (3136.7007) < quality threshold 
processing: 1427174_21015_0_0.png
  SKIPPING IMAGE: tot amount of vasculature (4249.2488) < quality threshold 
processing: 1427138_21016_0_0.png
processing: 1427138_21015_0_0.png
processing: 1427082_21016_0_0.png
  SKIPPING IMAGE: tot amount of vasculature (3430.3701) < quality threshold 
processing: 1427082_21015_0_0.png
  SKIPPING IMAGE: tot amount of vasculature (8240.0428) < quality threshold 
processing: 1426996_21016_0_0.png
processing: 1426996_21015_0_0.png
processing: 1426962_21016_0_0.png
processing: 1426962_21015_0_0.png
processing: 1426918_21016_0_0.png
processing: 1426918_21015_0_0.png
processing: 1426848_21016_0_0.png
processing: 1426848_21015_0_0.png
processing: 1426774_21016_1_0.png
  SKIPPING IMAGE: tot amount of vasculature (5627.0269) < quality threshold 
processing: 1426774_21015_1_0.png
  SKIPPING IMAGE: tot amount of vasculature (5869.3855) < quality threshold 
processing: 1426742_21016_1_0.png
processing: 1426742_21015_1_0.png
processing: 1426693_21016_0_0.png
processing: 1426693_21015_0_0.png
processing: 1426689_21016_0_0.png
processing: 1426689_21015_0_0.png
processing: 1426588_21016_0_0.png
processing: 1426588_21015_0_0.png
processing: 1426565_21016_1_0.png
  SKIPPING IMAGE: tot amount of vasculature (3185.1969) < quality threshold 
processing: 1426565_21015_1_0.png
  SKIPPING IMAGE: tot amount of vasculature (10574.4202) < quality threshold 
processing: 1426523_21016_0_0.png
processing: 1426523_21015_0_0.png
processing: 1426473_21016_0_0.png
  SKIPPING IMAGE: tot amount of vasculature (3232.809) < quality threshold 
processing: 1426473_21015_0_0.png
  SKIPPING IMAGE: tot amount of vasculature (5766.4628) < quality threshold 
processing: 1426451_21016_0_0.png
processing: 1426451_21015_0_0.png
processing: 1426430_21016_0_0.png
processing: 1426430_21015_0_0.png
processing: 1426382_21016_0_0.png
  SKIPPING IMAGE: tot amount of vasculature (10734.4285) < quality threshold 
processing: 1426382_21015_0_0.png
processing: 1426168_21016_1_0.png
  SKIPPING IMAGE: tot amount of vasculature (6472.0007) < quality threshold 
processing: 1426168_21015_1_0.png
  SKIPPING IMAGE: tot amount of vasculature (7480.7116) < quality threshold 
processing: 1426120_21016_1_0.png
processing: 1426120_21015_1_0.png
processing: 1426069_21016_0_0.png
  SKIPPING IMAGE: tot amount of vasculature (7113.0213) < quality threshold 
processing: 1426069_21015_0_0.png
  SKIPPING IMAGE: tot amount of vasculature (8435.8886) < quality threshold 
processing: 1426010_21016_1_0.png
processing: 1426010_21015_1_0.png
processing: 1425964_21016_0_0.png
processing: 1425964_21015_0_0.png
processing: 1425863_21016_0_0.png
processing: 1425863_21015_0_0.png
processing: 1425819_21016_0_0.png
  SKIPPING IMAGE: tot amount of vasculature (8698.0138) < quality threshold 
processing: 1425819_21015_0_0.png
  SKIPPING IMAGE: tot amount of vasculature (10147.9148) < quality threshold 
processing: 1425807_21016_0_0.png
processing: 1425807_21015_0_0.png
processing: 1425699_21016_1_0.png
processing: 1425699_21015_1_0.png
processing: 1425624_21016_0_0.png
  SKIPPING IMAGE: tot amount of vasculature (10812.0589) < quality threshold 
processing: 1425624_21015_0_0.png
processing: 1425601_21016_0_0.png
processing: 1425601_21015_0_0.png
processing: 1425594_21016_0_0.png
processing: 1425594_21015_0_0.png
processing: 1425582_21016_0_0.png
processing: 1425582_21015_0_0.png
  SKIPPING IMAGE: tot amount of vasculature (10337.3506) < quality threshold 
processing: 1425553_21016_1_0.png
  SKIPPING IMAGE: tot amount of vasculature (7873.7113) < quality threshold 
processing: 1425553_21015_1_0.png
  SKIPPING IMAGE: tot amount of vasculature (7866.0324) < quality threshold 
processing: 1425508_21016_1_0.png
processing: 1425508_21015_1_0.png
processing: 1425371_21016_0_0.png
processing: 1425371_21015_0_0.png
processing: 1425333_21016_0_0.png
processing: 1425333_21015_0_0.png
processing: 1425316_21016_0_0.png
processing: 1425316_21015_0_0.png
processing: 1425289_21016_0_0.png
processing: 1425289_21015_0_0.png
processing: 1425254_21016_0_0.png
processing: 1425254_21015_0_0.png
processing: 1425246_21016_0_0.png
processing: 1425246_21015_0_0.png
processing: 1425200_21016_1_0.png
  SKIPPING IMAGE: tot amount of vasculature (2824.9456) < quality threshold 
processing: 1425200_21015_1_0.png
  SKIPPING IMAGE: tot amount of vasculature (1138.2743) < quality threshold 
processing: 1425162_21016_0_0.png
processing: 1425162_21015_0_0.png
processing: 1425143_21016_0_0.png
processing: 1425143_21015_0_0.png
processing: 1425060_21016_0_0.png
processing: 1425060_21015_0_0.png
processing: 1424988_21016_0_0.png
  SKIPPING IMAGE: tot amount of vasculature (8685.7931) < quality threshold 
processing: 1424988_21015_0_0.png
processing: 1424760_21016_0_0.png
processing: 1424760_21015_0_0.png
  SKIPPING IMAGE: tot amount of vasculature (9447.3831) < quality threshold 
processing: 1424752_21016_1_0.png
  SKIPPING IMAGE: tot amount of vasculature (5138.5186) < quality threshold 
processing: 1424752_21015_1_0.png
processing: 1424745_21016_0_0.png
processing: 1424745_21015_0_0.png
processing: 1424584_21016_0_0.png
processing: 1424584_21015_0_0.png
processing: 1424437_21016_0_0.png
processing: 1424437_21015_0_0.png
processing: 1424415_21016_0_0.png
processing: 1424415_21015_0_0.png
processing: 1424385_21016_0_0.png
  SKIPPING IMAGE: tot amount of vasculature (10326.9996) < quality threshold 
processing: 1424385_21015_0_0.png
processing: 1424280_21016_1_0.png
  SKIPPING IMAGE: tot amount of vasculature (3190.0855) < quality threshold 
processing: 1424280_21015_1_0.png
  SKIPPING IMAGE: tot amount of vasculature (1638.047) < quality threshold 
processing: 1424198_21016_0_0.png
  SKIPPING IMAGE: tot amount of vasculature (3659.7308) < quality threshold 
processing: 1424198_21015_0_0.png
  SKIPPING IMAGE: tot amount of vasculature (2149.4827) < quality threshold 
processing: 1424112_21016_0_0.png
  SKIPPING IMAGE: tot amount of vasculature (5063.7208) < quality threshold 
processing: 1424112_21015_0_0.png
processing: 1424089_21016_0_0.png
  SKIPPING IMAGE: tot amount of vasculature (9550.9794) < quality threshold 
processing: 1424089_21015_0_0.png
processing: 1424000_21016_0_0.png
processing: 1424000_21015_0_0.png
processing: 1423990_21016_0_0.png
processing: 1423990_21015_0_0.png
processing: 1423963_21016_0_0.png
  SKIPPING IMAGE: tot amount of vasculature (7583.4276) < quality threshold 
processing: 1423963_21015_0_0.png
processing: 1423956_21016_0_0.png
processing: 1423956_21015_0_0.png
processing: 1423938_21016_0_0.png
  SKIPPING IMAGE: tot amount of vasculature (2094.3244) < quality threshold 
processing: 1423938_21015_0_0.png
processing: 1423886_21016_0_0.png
processing: 1423886_21015_0_0.png
  SKIPPING IMAGE: tot amount of vasculature (6595.4229) < quality threshold 
processing: 1423849_21016_1_0.png
  SKIPPING IMAGE: tot amount of vasculature (10774.5791) < quality threshold 
processing: 1423849_21015_1_0.png
processing: 1423777_21016_1_0.png
processing: 1423777_21015_1_0.png
  SKIPPING IMAGE: tot amount of vasculature (10012.1743) < quality threshold 
processing: 1423743_21016_0_0.png
processing: 1423743_21015_0_0.png
processing: 1423739_21016_1_0.png
  SKIPPING IMAGE: tot amount of vasculature (2417.7445) < quality threshold 
processing: 1423739_21015_1_0.png
  SKIPPING IMAGE: tot amount of vasculature (1089.513) < quality threshold 
processing: 1423679_21016_0_0.png
processing: 1423665_21016_0_0.png
processing: 1423665_21015_0_0.png
  SKIPPING IMAGE: tot amount of vasculature (9630.1057) < quality threshold 
processing: 1423631_21016_1_0.png
processing: 1423631_21015_1_0.png
processing: 1423623_21016_0_0.png
  SKIPPING IMAGE: tot amount of vasculature (6588.9874) < quality threshold 
processing: 1423623_21015_0_0.png
processing: 1423593_21016_0_0.png
processing: 1423593_21015_0_0.png
processing: 1423578_21016_0_0.png
processing: 1423578_21015_0_0.png
processing: 1423499_21016_0_0.png
processing: 1423499_21015_0_0.png
processing: 1423448_21016_0_0.png
  SKIPPING IMAGE: tot amount of vasculature (10501.1864) < quality threshold 
processing: 1423448_21015_0_0.png
processing: 1423334_21016_1_0.png
  SKIPPING IMAGE: tot amount of vasculature (3545.1453) < quality threshold 
processing: 1423334_21015_1_0.png
  SKIPPING IMAGE: tot amount of vasculature (9778.1848) < quality threshold 
processing: 1423084_21016_0_0.png
processing: 1423084_21015_0_0.png
processing: 1423059_21016_0_1.png
  SKIPPING IMAGE: tot amount of vasculature (9554.581) < quality threshold 
processing: 1423059_21016_0_0.png
  SKIPPING IMAGE: tot amount of vasculature (7157.0874) < quality threshold 
FINISHED: .mat files have been written to: /data/FAC/FBM/DBC/sbergman/retina/UKBiob/fundus/REVIEW//CLRIS/
execution time: 2649 sec
