------------------------------------------
Setting up environment variables
---
LD_LIBRARY_PATH is .:/software/Development/Languages/Matlab_Compiler_Runtime/96/runtime/glnxa64:/software/Development/Languages/Matlab_Compiler_Runtime/96/bin/glnxa64:/software/Development/Languages/Matlab_Compiler_Runtime/96/sys/os/glnxa64:/software/Development/Languages/Matlab_Compiler_Runtime/96/sys/opengl/lib/glnxa64
Running vessel measurements...
processing: 4836917_21016_0_0.png
processing: 4836917_21015_0_0.png
processing: 4836833_21016_1_0.png
processing: 4836833_21015_1_0.png
  SKIPPING IMAGE: tot amount of vasculature (9286.8105) < quality threshold 
processing: 4836794_21016_0_0.png
  SKIPPING IMAGE: tot amount of vasculature (594.3797) < quality threshold 
processing: 4836794_21015_0_0.png
  SKIPPING IMAGE: tot amount of vasculature (367.6679) < quality threshold 
processing: 4836715_21016_1_0.png
  SKIPPING IMAGE: tot amount of vasculature (4806.3568) < quality threshold 
processing: 4836715_21015_1_0.png
  SKIPPING IMAGE: tot amount of vasculature (6236.0006) < quality threshold 
processing: 4836621_21016_0_0.png
processing: 4836621_21015_0_0.png
processing: 4836575_21016_0_0.png
  SKIPPING IMAGE: tot amount of vasculature (9154.6581) < quality threshold 
processing: 4836575_21015_0_0.png
  SKIPPING IMAGE: tot amount of vasculature (6077.3977) < quality threshold 
processing: 4836532_21016_0_0.png
  SKIPPING IMAGE: tot amount of vasculature (10761.6067) < quality threshold 
processing: 4836532_21015_0_0.png
  SKIPPING IMAGE: tot amount of vasculature (7888.5183) < quality threshold 
processing: 4836526_21016_0_0.png
  SKIPPING IMAGE: tot amount of vasculature (10122.1082) < quality threshold 
processing: 4836526_21015_0_0.png
  SKIPPING IMAGE: tot amount of vasculature (2308.7801) < quality threshold 
processing: 4836428_21016_0_0.png
  SKIPPING IMAGE: tot amount of vasculature (2932.2321) < quality threshold 
processing: 4836428_21015_0_0.png
  SKIPPING IMAGE: tot amount of vasculature (5683.4144) < quality threshold 
processing: 4836342_21016_1_0.png
processing: 4836342_21015_1_0.png
processing: 4836273_21016_0_0.png
processing: 4836273_21015_0_0.png
processing: 4836212_21016_0_0.png
processing: 4836212_21015_0_0.png
processing: 4836199_21016_0_1.png
processing: 4836199_21016_0_0.png
processing: 4836199_21015_0_1.png
processing: 4836199_21015_0_0.png
processing: 4836124_21016_1_0.png
processing: 4836124_21015_1_0.png
processing: 4836088_21016_0_0.png
processing: 4836088_21015_0_0.png
  SKIPPING IMAGE: tot amount of vasculature (1394.6956) < quality threshold 
processing: 4836065_21016_0_0.png
  SKIPPING IMAGE: tot amount of vasculature (9232.8254) < quality threshold 
processing: 4836065_21015_0_0.png
  SKIPPING IMAGE: tot amount of vasculature (7030.9647) < quality threshold 
processing: 4836023_21016_0_0.png
processing: 4836023_21015_0_0.png
processing: 4835983_21016_0_0.png
processing: 4835983_21015_0_0.png
processing: 4835976_21016_0_0.png
processing: 4835976_21015_0_0.png
processing: 4835952_21016_1_0.png
  SKIPPING IMAGE: tot amount of vasculature (7155.0373) < quality threshold 
processing: 4835952_21015_1_0.png
  SKIPPING IMAGE: tot amount of vasculature (10866.0624) < quality threshold 
processing: 4835934_21016_0_0.png
  SKIPPING IMAGE: tot amount of vasculature (1749.9656) < quality threshold 
processing: 4835934_21015_0_0.png
  SKIPPING IMAGE: tot amount of vasculature (2836.1478) < quality threshold 
processing: 4835909_21016_0_0.png
processing: 4835909_21015_0_0.png
  SKIPPING IMAGE: tot amount of vasculature (10178.4723) < quality threshold 
processing: 4835882_21016_1_0.png
processing: 4835882_21015_1_0.png
  SKIPPING IMAGE: tot amount of vasculature (9571.6089) < quality threshold 
processing: 4835870_21016_0_0.png
processing: 4835870_21015_0_0.png
  SKIPPING IMAGE: tot amount of vasculature (4139.64) < quality threshold 
processing: 4835779_21016_0_0.png
processing: 4835779_21015_0_0.png
processing: 4835647_21016_0_0.png
processing: 4835647_21015_0_0.png
processing: 4835590_21016_0_0.png
processing: 4835590_21015_0_0.png
processing: 4835542_21016_0_0.png
processing: 4835542_21015_0_0.png
processing: 4835525_21016_1_0.png
processing: 4835525_21015_1_0.png
processing: 4835475_21016_1_0.png
processing: 4835475_21016_0_0.png
processing: 4835475_21015_1_0.png
  SKIPPING IMAGE: tot amount of vasculature (9922.2989) < quality threshold 
processing: 4835475_21015_0_0.png
processing: 4835426_21016_0_0.png
processing: 4835426_21015_0_0.png
processing: 4835410_21016_0_0.png
processing: 4835410_21015_0_0.png
processing: 4835399_21016_0_0.png
processing: 4835399_21015_0_0.png
processing: 4835262_21016_0_0.png
  SKIPPING IMAGE: tot amount of vasculature (193.8939) < quality threshold 
processing: 4835262_21015_0_0.png
  SKIPPING IMAGE: tot amount of vasculature (3741.216) < quality threshold 
processing: 4835049_21016_0_0.png
processing: 4835049_21015_0_0.png
processing: 4835030_21016_0_0.png
processing: 4835030_21015_0_0.png
processing: 4835012_21016_0_0.png
  SKIPPING IMAGE: tot amount of vasculature (2995.3737) < quality threshold 
processing: 4835012_21015_0_0.png
  SKIPPING IMAGE: tot amount of vasculature (7063.8146) < quality threshold 
processing: 4834991_21016_0_0.png
processing: 4834991_21015_0_0.png
processing: 4834975_21016_0_0.png
processing: 4834975_21015_0_0.png
processing: 4834969_21016_0_0.png
processing: 4834969_21015_0_0.png
processing: 4834932_21016_0_0.png
processing: 4834932_21015_0_0.png
  SKIPPING IMAGE: tot amount of vasculature (9125.8726) < quality threshold 
processing: 4834926_21016_1_0.png
  SKIPPING IMAGE: tot amount of vasculature (7961.4201) < quality threshold 
processing: 4834926_21015_1_0.png
  SKIPPING IMAGE: tot amount of vasculature (6534.1615) < quality threshold 
processing: 4834727_21016_0_0.png
processing: 4834727_21015_0_0.png
processing: 4834705_21016_0_0.png
processing: 4834705_21015_0_0.png
processing: 4834490_21016_0_0.png
  SKIPPING IMAGE: tot amount of vasculature (2002.194) < quality threshold 
processing: 4834490_21015_0_0.png
  SKIPPING IMAGE: tot amount of vasculature (6861.6248) < quality threshold 
processing: 4834463_21016_0_0.png
processing: 4834463_21015_0_0.png
processing: 4834456_21016_1_0.png
processing: 4834456_21015_1_0.png
processing: 4834407_21016_0_0.png
processing: 4834407_21015_0_0.png
processing: 4834271_21016_0_0.png
  SKIPPING IMAGE: tot amount of vasculature (3177.4286) < quality threshold 
processing: 4834271_21015_0_0.png
  SKIPPING IMAGE: tot amount of vasculature (6710.7226) < quality threshold 
processing: 4834268_21016_1_0.png
  SKIPPING IMAGE: tot amount of vasculature (8439.047) < quality threshold 
processing: 4834268_21015_1_0.png
  SKIPPING IMAGE: tot amount of vasculature (10063.5395) < quality threshold 
processing: 4834233_21016_0_0.png
processing: 4834233_21015_0_0.png
processing: 4834220_21016_0_0.png
  SKIPPING IMAGE: tot amount of vasculature (10239.7206) < quality threshold 
processing: 4834220_21015_0_0.png
processing: 4834176_21016_0_0.png
  SKIPPING IMAGE: tot amount of vasculature (7290.6861) < quality threshold 
processing: 4834176_21015_0_0.png
  SKIPPING IMAGE: tot amount of vasculature (8424.6506) < quality threshold 
processing: 4834152_21016_1_0.png
processing: 4834152_21016_0_0.png
processing: 4834152_21015_1_0.png
processing: 4834152_21015_0_0.png
processing: 4834134_21016_0_0.png
  SKIPPING IMAGE: tot amount of vasculature (2228.8098) < quality threshold 
processing: 4834134_21015_0_0.png
  SKIPPING IMAGE: tot amount of vasculature (1317.0775) < quality threshold 
processing: 4834077_21016_1_0.png
processing: 4834077_21015_1_0.png
  SKIPPING IMAGE: tot amount of vasculature (1196.2043) < quality threshold 
processing: 4834004_21016_0_0.png
processing: 4834004_21015_0_0.png
processing: 4833941_21016_0_0.png
  SKIPPING IMAGE: tot amount of vasculature (2568.4163) < quality threshold 
processing: 4833941_21015_0_0.png
processing: 4833845_21016_0_0.png
processing: 4833845_21015_0_0.png
processing: 4833687_21016_1_0.png
  SKIPPING IMAGE: tot amount of vasculature (2454.4795) < quality threshold 
processing: 4833687_21015_1_0.png
  SKIPPING IMAGE: tot amount of vasculature (6383.7932) < quality threshold 
processing: 4833658_21016_0_0.png
  SKIPPING IMAGE: tot amount of vasculature (4434.1758) < quality threshold 
processing: 4833658_21015_0_0.png
  SKIPPING IMAGE: tot amount of vasculature (1185.7651) < quality threshold 
processing: 4833603_21016_1_0.png
processing: 4833603_21015_1_0.png
processing: 4833398_21016_0_0.png
  SKIPPING IMAGE: tot amount of vasculature (6611.87) < quality threshold 
processing: 4833398_21015_0_0.png
  SKIPPING IMAGE: tot amount of vasculature (6871.8499) < quality threshold 
processing: 4833349_21016_0_0.png
processing: 4833349_21015_0_0.png
processing: 4833327_21016_0_0.png
  SKIPPING IMAGE: tot amount of vasculature (1620.6668) < quality threshold 
processing: 4833327_21015_0_0.png
  SKIPPING IMAGE: tot amount of vasculature (4534.9817) < quality threshold 
processing: 4833305_21016_0_0.png
processing: 4833305_21015_0_0.png
processing: 4833274_21016_1_0.png
processing: 4833274_21015_1_0.png
processing: 4833219_21016_1_0.png
  SKIPPING IMAGE: tot amount of vasculature (10141.6039) < quality threshold 
processing: 4833219_21015_1_0.png
  SKIPPING IMAGE: tot amount of vasculature (9006.7975) < quality threshold 
processing: 4833131_21016_0_0.png
processing: 4833131_21015_0_0.png
processing: 4833106_21016_0_0.png
processing: 4833106_21015_0_0.png
processing: 4833099_21016_0_0.png
  SKIPPING IMAGE: tot amount of vasculature (6765.0197) < quality threshold 
processing: 4833099_21015_0_0.png
  SKIPPING IMAGE: tot amount of vasculature (5667.9153) < quality threshold 
processing: 4832974_21016_0_0.png
processing: 4832974_21015_0_0.png
processing: 4832938_21016_0_0.png
processing: 4832938_21015_0_0.png
processing: 4832898_21016_0_0.png
  SKIPPING IMAGE: tot amount of vasculature (8814.8536) < quality threshold 
processing: 4832898_21015_0_0.png
  SKIPPING IMAGE: tot amount of vasculature (10270.1199) < quality threshold 
processing: 4832849_21016_1_0.png
processing: 4832849_21015_1_0.png
processing: 4832805_21016_0_0.png
processing: 4832805_21015_0_0.png
processing: 4832743_21016_0_0.png
processing: 4832743_21015_0_0.png
processing: 4832718_21016_0_0.png
processing: 4832718_21015_0_0.png
processing: 4832704_21016_0_0.png
processing: 4832704_21015_0_0.png
processing: 4832692_21016_1_0.png
processing: 4832692_21015_1_0.png
processing: 4832623_21016_1_0.png
processing: 4832623_21015_1_0.png
processing: 4832593_21016_0_0.png
processing: 4832593_21015_0_0.png
processing: 4832436_21016_0_0.png
processing: 4832436_21015_0_0.png
processing: 4832352_21016_1_0.png
processing: 4832352_21015_1_0.png
processing: 4832328_21016_0_0.png
  SKIPPING IMAGE: tot amount of vasculature (3777.0653) < quality threshold 
processing: 4832328_21015_0_0.png
processing: 4832266_21016_0_0.png
processing: 4832266_21015_0_0.png
  SKIPPING IMAGE: tot amount of vasculature (10909.6731) < quality threshold 
processing: 4832241_21016_1_0.png
  SKIPPING IMAGE: tot amount of vasculature (4300.7513) < quality threshold 
processing: 4832241_21015_1_0.png
  SKIPPING IMAGE: tot amount of vasculature (10805.4123) < quality threshold 
processing: 4832158_21016_0_0.png
  SKIPPING IMAGE: tot amount of vasculature (8505.5366) < quality threshold 
processing: 4832158_21015_0_0.png
  SKIPPING IMAGE: tot amount of vasculature (8955.4937) < quality threshold 
processing: 4832132_21016_0_0.png
processing: 4832132_21015_0_0.png
processing: 4832110_21016_0_0.png
processing: 4832110_21015_0_0.png
processing: 4831985_21016_0_0.png
processing: 4831985_21015_0_0.png
processing: 4831867_21016_0_0.png
processing: 4831867_21015_0_0.png
processing: 4831790_21016_0_0.png
processing: 4831790_21015_0_0.png
processing: 4831774_21016_0_0.png
processing: 4831774_21015_0_0.png
processing: 4831742_21016_1_0.png
  SKIPPING IMAGE: tot amount of vasculature (7103.965) < quality threshold 
processing: 4831742_21015_1_0.png
  SKIPPING IMAGE: tot amount of vasculature (1345.2628) < quality threshold 
processing: 4831661_21016_0_0.png
processing: 4831661_21015_0_0.png
processing: 4831654_21016_0_0.png
processing: 4831654_21015_0_0.png
processing: 4831600_21016_0_0.png
processing: 4831600_21015_0_0.png
processing: 4831579_21016_1_0.png
processing: 4831579_21015_1_0.png
processing: 4831486_21016_0_0.png
  SKIPPING IMAGE: tot amount of vasculature (10096.1077) < quality threshold 
processing: 4831486_21015_0_0.png
  SKIPPING IMAGE: tot amount of vasculature (8162.5111) < quality threshold 
processing: 4831366_21016_0_0.png
  SKIPPING IMAGE: tot amount of vasculature (7303.6296) < quality threshold 
processing: 4831366_21015_0_0.png
processing: 4831297_21016_0_0.png
processing: 4831297_21015_0_0.png
processing: 4831252_21016_1_0.png
  SKIPPING IMAGE: tot amount of vasculature (4070.3588) < quality threshold 
processing: 4831252_21015_1_0.png
  SKIPPING IMAGE: tot amount of vasculature (6816.6866) < quality threshold 
processing: 4831195_21016_0_0.png
processing: 4831195_21015_0_0.png
processing: 4831159_21016_0_0.png
  SKIPPING IMAGE: tot amount of vasculature (5652.3965) < quality threshold 
processing: 4831159_21015_0_0.png
processing: 4831147_21016_0_0.png
processing: 4831147_21015_0_0.png
processing: 4831102_21016_0_0.png
processing: 4831102_21015_0_0.png
processing: 4831087_21016_0_0.png
processing: 4831087_21015_0_0.png
  SKIPPING IMAGE: tot amount of vasculature (302.1266) < quality threshold 
processing: 4831069_21016_0_0.png
processing: 4831069_21015_0_0.png
processing: 4830998_21016_1_0.png
processing: 4830998_21015_1_0.png
processing: 4830927_21016_1_0.png
  SKIPPING IMAGE: tot amount of vasculature (828.8187) < quality threshold 
processing: 4830927_21015_1_0.png
  SKIPPING IMAGE: tot amount of vasculature (30.3907) < quality threshold 
processing: 4830825_21016_0_0.png
processing: 4830825_21015_0_0.png
processing: 4830758_21016_0_0.png
processing: 4830758_21015_0_0.png
processing: 4830566_21016_1_0.png
  SKIPPING IMAGE: tot amount of vasculature (5133.0797) < quality threshold 
processing: 4830566_21015_1_0.png
  SKIPPING IMAGE: tot amount of vasculature (3953.9584) < quality threshold 
processing: 4830515_21016_0_0.png
processing: 4830515_21015_0_0.png
processing: 4830384_21016_1_0.png
processing: 4830384_21015_1_0.png
  SKIPPING IMAGE: tot amount of vasculature (9066.5164) < quality threshold 
processing: 4830293_21016_0_0.png
processing: 4830293_21015_0_0.png
processing: 4830289_21016_1_0.png
processing: 4830289_21015_1_0.png
processing: 4830246_21016_0_0.png
processing: 4830246_21015_0_0.png
processing: 4830139_21016_0_0.png
processing: 4830139_21015_0_0.png
processing: 4830104_21016_1_0.png
  SKIPPING IMAGE: tot amount of vasculature (6242.1242) < quality threshold 
processing: 4830104_21015_1_0.png
  SKIPPING IMAGE: tot amount of vasculature (10040.1801) < quality threshold 
processing: 4830028_21016_1_0.png
  SKIPPING IMAGE: tot amount of vasculature (3121.9793) < quality threshold 
processing: 4830028_21015_1_0.png
  SKIPPING IMAGE: tot amount of vasculature (5085.4726) < quality threshold 
processing: 4830011_21016_0_0.png
  SKIPPING IMAGE: tot amount of vasculature (8557.5215) < quality threshold 
processing: 4830011_21015_0_0.png
processing: 4829939_21016_0_0.png
processing: 4829939_21015_0_0.png
processing: 4829872_21016_0_0.png
  SKIPPING IMAGE: tot amount of vasculature (10271.4977) < quality threshold 
processing: 4829872_21015_0_0.png
processing: 4829824_21016_1_0.png
processing: 4829824_21015_1_0.png
processing: 4829725_21016_0_0.png
  SKIPPING IMAGE: tot amount of vasculature (2717.651) < quality threshold 
processing: 4829725_21015_0_0.png
  SKIPPING IMAGE: tot amount of vasculature (2788.5599) < quality threshold 
processing: 4829661_21016_1_0.png
processing: 4829661_21016_0_0.png
processing: 4829661_21015_1_0.png
  SKIPPING IMAGE: tot amount of vasculature (1480.9962) < quality threshold 
processing: 4829661_21015_0_0.png
processing: 4829557_21016_1_0.png
  SKIPPING IMAGE: tot amount of vasculature (443.7433) < quality threshold 
processing: 4829557_21015_1_0.png
  SKIPPING IMAGE: tot amount of vasculature (8986.0809) < quality threshold 
processing: 4829451_21016_0_0.png
processing: 4829451_21015_0_0.png
processing: 4829405_21016_0_0.png
processing: 4829405_21015_0_0.png
processing: 4829382_21016_1_0.png
processing: 4829382_21015_1_0.png
processing: 4829366_21016_0_0.png
processing: 4829366_21015_0_0.png
processing: 4829308_21016_1_0.png
processing: 4829308_21015_1_0.png
processing: 4829297_21016_0_0.png
processing: 4829297_21015_0_0.png
processing: 4829234_21016_0_0.png
processing: 4829234_21015_0_0.png
processing: 4829058_21016_0_0.png
processing: 4829058_21015_0_0.png
processing: 4828911_21016_0_0.png
processing: 4828911_21015_0_0.png
processing: 4828909_21016_0_0.png
  SKIPPING IMAGE: tot amount of vasculature (8624.4039) < quality threshold 
processing: 4828909_21015_0_0.png
  SKIPPING IMAGE: tot amount of vasculature (4498.7926) < quality threshold 
processing: 4828882_21016_0_0.png
processing: 4828882_21015_0_0.png
processing: 4828837_21016_0_0.png
processing: 4828837_21015_0_0.png
processing: 4828829_21016_0_0.png
processing: 4828829_21015_0_0.png
processing: 4828815_21016_1_0.png
  SKIPPING IMAGE: tot amount of vasculature (1880.4772) < quality threshold 
processing: 4828815_21016_0_1.png
  SKIPPING IMAGE: tot amount of vasculature (6085.0572) < quality threshold 
processing: 4828815_21016_0_0.png
  SKIPPING IMAGE: tot amount of vasculature (5402.2793) < quality threshold 
processing: 4828815_21015_1_0.png
  SKIPPING IMAGE: tot amount of vasculature (1062.5608) < quality threshold 
processing: 4828815_21015_0_0.png
  SKIPPING IMAGE: tot amount of vasculature (2555.4321) < quality threshold 
processing: 4828723_21016_0_0.png
processing: 4828723_21015_0_0.png
processing: 4828706_21016_1_0.png
FINISHED: .mat files have been written to: /data/FAC/FBM/DBC/sbergman/retina/UKBiob/fundus/REVIEW//CLRIS/
execution time: 2049 sec
