------------------------------------------
Setting up environment variables
---
LD_LIBRARY_PATH is .:/software/Development/Languages/Matlab_Compiler_Runtime/96/runtime/glnxa64:/software/Development/Languages/Matlab_Compiler_Runtime/96/bin/glnxa64:/software/Development/Languages/Matlab_Compiler_Runtime/96/sys/os/glnxa64:/software/Development/Languages/Matlab_Compiler_Runtime/96/sys/opengl/lib/glnxa64
Running vessel measurements...
processing: 2458525_21016_0_0.png
processing: 2458525_21015_0_0.png
processing: 2458519_21016_0_0.png
  SKIPPING IMAGE: tot amount of vasculature (138.8106) < quality threshold 
processing: 2458519_21015_0_0.png
  SKIPPING IMAGE: tot amount of vasculature (948.6479) < quality threshold 
processing: 2458507_21016_0_0.png
processing: 2458507_21015_0_0.png
processing: 2458487_21016_0_0.png
processing: 2458487_21015_0_0.png
  SKIPPING IMAGE: tot amount of vasculature (8147.4922) < quality threshold 
processing: 2458336_21016_0_0.png
processing: 2458336_21015_0_0.png
processing: 2458285_21016_1_0.png
  SKIPPING IMAGE: No vessels found
processing: 2458285_21015_1_0.png
  SKIPPING IMAGE: tot amount of vasculature (24.9001) < quality threshold 
processing: 2458277_21016_0_0.png
  SKIPPING IMAGE: tot amount of vasculature (7338.6193) < quality threshold 
processing: 2458277_21015_0_0.png
  SKIPPING IMAGE: tot amount of vasculature (4942.3518) < quality threshold 
processing: 2458239_21016_1_0.png
processing: 2458239_21015_1_0.png
  SKIPPING IMAGE: tot amount of vasculature (10872.124) < quality threshold 
processing: 2458161_21016_1_0.png
processing: 2458161_21016_0_0.png
processing: 2458161_21015_1_0.png
  SKIPPING IMAGE: tot amount of vasculature (6444.1305) < quality threshold 
processing: 2458161_21015_0_0.png
processing: 2457965_21016_0_0.png
processing: 2457965_21015_0_0.png
processing: 2457931_21016_0_0.png
processing: 2457931_21015_0_0.png
processing: 2457923_21016_0_0.png
processing: 2457923_21015_0_0.png
processing: 2457875_21016_0_0.png
  SKIPPING IMAGE: tot amount of vasculature (10950.6291) < quality threshold 
processing: 2457875_21015_0_0.png
processing: 2457869_21016_1_0.png
processing: 2457869_21015_1_0.png
processing: 2457844_21016_1_0.png
  SKIPPING IMAGE: tot amount of vasculature (10094.4473) < quality threshold 
processing: 2457844_21015_1_0.png
  SKIPPING IMAGE: tot amount of vasculature (5218.5944) < quality threshold 
processing: 2457783_21016_1_0.png
processing: 2457783_21015_1_0.png
  SKIPPING IMAGE: tot amount of vasculature (9772.6834) < quality threshold 
processing: 2457681_21016_0_0.png
processing: 2457681_21015_0_0.png
processing: 2457625_21016_1_0.png
processing: 2457625_21015_1_0.png
  SKIPPING IMAGE: tot amount of vasculature (10552.5135) < quality threshold 
processing: 2457619_21016_1_0.png
processing: 2457619_21015_1_0.png
processing: 2457607_21016_0_1.png
  SKIPPING IMAGE: tot amount of vasculature (4418.0916) < quality threshold 
processing: 2457607_21016_0_0.png
  SKIPPING IMAGE: tot amount of vasculature (4832.8247) < quality threshold 
processing: 2457607_21015_0_0.png
  SKIPPING IMAGE: tot amount of vasculature (8719.8325) < quality threshold 
processing: 2457595_21016_0_0.png
processing: 2457595_21015_0_0.png
processing: 2457502_21016_0_0.png
processing: 2457502_21015_0_0.png
processing: 2457470_21016_0_0.png
  SKIPPING IMAGE: tot amount of vasculature (4142.4734) < quality threshold 
processing: 2457470_21015_0_0.png
processing: 2457429_21016_1_0.png
  SKIPPING IMAGE: tot amount of vasculature (10271.249) < quality threshold 
processing: 2457429_21015_1_0.png
  SKIPPING IMAGE: tot amount of vasculature (10975.4807) < quality threshold 
processing: 2457255_21016_1_0.png
processing: 2457255_21016_0_0.png
processing: 2457255_21015_1_0.png
processing: 2457255_21015_0_0.png
processing: 2457201_21016_0_0.png
processing: 2457201_21015_0_0.png
processing: 2457173_21016_0_0.png
processing: 2457173_21015_0_0.png
processing: 2457130_21016_0_0.png
processing: 2457130_21015_0_0.png
processing: 2457105_21016_0_0.png
  SKIPPING IMAGE: tot amount of vasculature (2.1231) < quality threshold 
processing: 2457105_21015_0_0.png
processing: 2456991_21016_0_0.png
processing: 2456991_21015_0_0.png
processing: 2456958_21016_0_0.png
processing: 2456958_21015_0_0.png
processing: 2456932_21016_0_0.png
processing: 2456932_21015_0_0.png
  SKIPPING IMAGE: tot amount of vasculature (9630.5813) < quality threshold 
processing: 2456865_21016_0_0.png
processing: 2456865_21015_0_0.png
processing: 2456786_21016_0_0.png
processing: 2456786_21015_0_0.png
processing: 2456682_21016_0_0.png
processing: 2456682_21015_0_0.png
processing: 2456666_21016_0_1.png
  SKIPPING IMAGE: tot amount of vasculature (563.5601) < quality threshold 
processing: 2456666_21016_0_0.png
  SKIPPING IMAGE: tot amount of vasculature (3869.4152) < quality threshold 
processing: 2456666_21015_0_0.png
  SKIPPING IMAGE: tot amount of vasculature (523.8497) < quality threshold 
processing: 2456653_21016_1_0.png
  SKIPPING IMAGE: tot amount of vasculature (6104.3817) < quality threshold 
processing: 2456653_21015_1_0.png
  SKIPPING IMAGE: tot amount of vasculature (7668.0535) < quality threshold 
processing: 2456580_21016_0_0.png
  SKIPPING IMAGE: tot amount of vasculature (8753.0267) < quality threshold 
processing: 2456580_21015_0_0.png
  SKIPPING IMAGE: tot amount of vasculature (2478.5466) < quality threshold 
processing: 2456474_21016_0_0.png
processing: 2456474_21015_0_0.png
processing: 2456463_21016_0_0.png
processing: 2456463_21015_0_0.png
processing: 2456378_21016_0_0.png
processing: 2456378_21015_0_0.png
processing: 2456259_21016_0_0.png
  SKIPPING IMAGE: tot amount of vasculature (2323.2585) < quality threshold 
processing: 2456259_21015_0_0.png
processing: 2456233_21016_0_0.png
processing: 2456233_21015_0_0.png
  SKIPPING IMAGE: tot amount of vasculature (6114.4382) < quality threshold 
processing: 2456220_21016_0_0.png
  SKIPPING IMAGE: tot amount of vasculature (2569.6973) < quality threshold 
processing: 2456220_21015_0_0.png
  SKIPPING IMAGE: tot amount of vasculature (9944.2431) < quality threshold 
processing: 2456197_21016_0_0.png
  SKIPPING IMAGE: tot amount of vasculature (9587.4656) < quality threshold 
processing: 2456197_21015_0_0.png
  SKIPPING IMAGE: tot amount of vasculature (3120.0797) < quality threshold 
processing: 2456077_21016_0_0.png
processing: 2456077_21015_0_0.png
processing: 2455886_21016_0_0.png
processing: 2455886_21015_0_0.png
processing: 2455812_21016_1_0.png
  SKIPPING IMAGE: tot amount of vasculature (6129.1336) < quality threshold 
processing: 2455812_21015_1_0.png
  SKIPPING IMAGE: tot amount of vasculature (8033.7732) < quality threshold 
processing: 2455692_21016_0_0.png
  SKIPPING IMAGE: tot amount of vasculature (8143.9041) < quality threshold 
processing: 2455692_21015_0_0.png
  SKIPPING IMAGE: tot amount of vasculature (5989.0905) < quality threshold 
processing: 2455679_21016_0_0.png
processing: 2455679_21015_0_0.png
processing: 2455665_21016_0_0.png
processing: 2455665_21015_0_0.png
processing: 2455593_21016_0_0.png
processing: 2455593_21015_0_0.png
processing: 2455522_21016_0_0.png
  SKIPPING IMAGE: tot amount of vasculature (9137.6278) < quality threshold 
processing: 2455522_21015_0_0.png
processing: 2455517_21016_0_0.png
  SKIPPING IMAGE: tot amount of vasculature (10855.7335) < quality threshold 
processing: 2455517_21015_0_0.png
  SKIPPING IMAGE: tot amount of vasculature (9875.3748) < quality threshold 
processing: 2455455_21016_0_0.png
processing: 2455455_21015_0_0.png
processing: 2455376_21016_0_0.png
processing: 2455376_21015_0_0.png
processing: 2455345_21016_0_0.png
  SKIPPING IMAGE: tot amount of vasculature (9999.8063) < quality threshold 
processing: 2455345_21015_0_0.png
processing: 2455328_21016_0_0.png
  SKIPPING IMAGE: No vessels found
processing: 2455328_21015_0_0.png
  SKIPPING IMAGE: tot amount of vasculature (6513.3663) < quality threshold 
processing: 2455208_21016_0_0.png
processing: 2455208_21015_0_0.png
processing: 2455191_21016_0_0.png
processing: 2455191_21015_0_0.png
